<?xml version="1.0" encoding="UTF-8"?>
<testsuite xmlns:xsi="http://www.w3.org/2001/XMLSchema-instance" xsi:noNamespaceSchemaLocation="https://maven.apache.org/surefire/maven-surefire-plugin/xsd/surefire-test-report-3.0.xsd" version="3.0" name="edu.yu.dbimpl.FirstStageTests" time="3.574" tests="19" errors="0" skipped="0" failures="0">
  <properties>
    <property name="java.specification.version" value="19"/>
    <property name="sun.jnu.encoding" value="UTF-8"/>
    <property name="java.class.path" value="/Users/asherkirshtein/Desktop/Kirshtein_Asher_800610242/DatabaseImplementation/assignments/PetiteDB/target/test-classes:/Users/asherkirshtein/Desktop/Kirshtein_Asher_800610242/DatabaseImplementation/assignments/PetiteDB/target/classes:/Users/asherkirshtein/.m2/repository/org/apache/logging/log4j/log4j-api/2.20.0/log4j-api-2.20.0.jar:/Users/asherkirshtein/.m2/repository/org/apache/logging/log4j/log4j-core/2.20.0/log4j-core-2.20.0.jar:/Users/asherkirshtein/.m2/repository/org/mockito/mockito-all/1.8.4/mockito-all-1.8.4.jar:/Users/asherkirshtein/.m2/repository/junit/junit/4.13.2/junit-4.13.2.jar:/Users/asherkirshtein/.m2/repository/org/hamcrest/hamcrest-core/1.3/hamcrest-core-1.3.jar:"/>
    <property name="java.vm.vendor" value="Oracle Corporation"/>
    <property name="sun.arch.data.model" value="64"/>
    <property name="java.vendor.url" value="https://java.oracle.com/"/>
    <property name="user.timezone" value="America/New_York"/>
    <property name="os.name" value="Mac OS X"/>
    <property name="java.vm.specification.version" value="19"/>
    <property name="sun.java.launcher" value="SUN_STANDARD"/>
    <property name="user.country" value="US"/>
    <property name="sun.boot.library.path" value="/Library/Java/JavaVirtualMachines/jdk-19.jdk/Contents/Home/lib"/>
    <property name="sun.java.command" value="/Users/asherkirshtein/Desktop/Kirshtein_Asher_800610242/DatabaseImplementation/assignments/PetiteDB/target/surefire/surefirebooter-20230926162011945_3.jar /Users/asherkirshtein/Desktop/Kirshtein_Asher_800610242/DatabaseImplementation/assignments/PetiteDB/target/surefire 2023-09-26T16-20-11_859-jvmRun1 surefire-20230926162011945_1tmp surefire_0-20230926162011945_2tmp"/>
    <property name="http.nonProxyHosts" value="local|*.local|169.254/16|*.169.254/16"/>
    <property name="jdk.debug" value="release"/>
    <property name="surefire.test.class.path" value="/Users/asherkirshtein/Desktop/Kirshtein_Asher_800610242/DatabaseImplementation/assignments/PetiteDB/target/test-classes:/Users/asherkirshtein/Desktop/Kirshtein_Asher_800610242/DatabaseImplementation/assignments/PetiteDB/target/classes:/Users/asherkirshtein/.m2/repository/org/apache/logging/log4j/log4j-api/2.20.0/log4j-api-2.20.0.jar:/Users/asherkirshtein/.m2/repository/org/apache/logging/log4j/log4j-core/2.20.0/log4j-core-2.20.0.jar:/Users/asherkirshtein/.m2/repository/org/mockito/mockito-all/1.8.4/mockito-all-1.8.4.jar:/Users/asherkirshtein/.m2/repository/junit/junit/4.13.2/junit-4.13.2.jar:/Users/asherkirshtein/.m2/repository/org/hamcrest/hamcrest-core/1.3/hamcrest-core-1.3.jar:"/>
    <property name="sun.cpu.endian" value="little"/>
    <property name="user.home" value="/Users/asherkirshtein"/>
    <property name="user.language" value="en"/>
    <property name="java.specification.vendor" value="Oracle Corporation"/>
    <property name="java.version.date" value="2023-01-17"/>
    <property name="java.home" value="/Library/Java/JavaVirtualMachines/jdk-19.jdk/Contents/Home"/>
    <property name="file.separator" value="/"/>
    <property name="basedir" value="/Users/asherkirshtein/Desktop/Kirshtein_Asher_800610242/DatabaseImplementation/assignments/PetiteDB"/>
    <property name="java.vm.compressedOopsMode" value="Zero based"/>
    <property name="line.separator" value="&#10;"/>
    <property name="java.vm.specification.vendor" value="Oracle Corporation"/>
    <property name="java.specification.name" value="Java Platform API Specification"/>
    <property name="apple.awt.application.name" value="ForkedBooter"/>
    <property name="surefire.real.class.path" value="/Users/asherkirshtein/Desktop/Kirshtein_Asher_800610242/DatabaseImplementation/assignments/PetiteDB/target/surefire/surefirebooter-20230926162011945_3.jar"/>
    <property name="sun.management.compiler" value="HotSpot 64-Bit Tiered Compilers"/>
    <property name="ftp.nonProxyHosts" value="local|*.local|169.254/16|*.169.254/16"/>
    <property name="java.runtime.version" value="19.0.2+7-44"/>
    <property name="user.name" value="asherkirshtein"/>
    <property name="stdout.encoding" value="UTF-8"/>
    <property name="path.separator" value=":"/>
    <property name="os.version" value="12.6.7"/>
    <property name="java.runtime.name" value="Java(TM) SE Runtime Environment"/>
    <property name="file.encoding" value="UTF-8"/>
    <property name="java.vm.name" value="Java HotSpot(TM) 64-Bit Server VM"/>
    <property name="localRepository" value="/Users/asherkirshtein/.m2/repository"/>
    <property name="java.vendor.url.bug" value="https://bugreport.java.com/bugreport/"/>
    <property name="java.io.tmpdir" value="/var/folders/0t/p20j789d4dxcs54ktlk3trlc0000gn/T/"/>
    <property name="java.version" value="19.0.2"/>
    <property name="user.dir" value="/Users/asherkirshtein/Desktop/Kirshtein_Asher_800610242/DatabaseImplementation/assignments/PetiteDB"/>
    <property name="os.arch" value="x86_64"/>
    <property name="java.vm.specification.name" value="Java Virtual Machine Specification"/>
    <property name="native.encoding" value="UTF-8"/>
    <property name="java.library.path" value="/Users/asherkirshtein/Library/Java/Extensions:/Library/Java/Extensions:/Network/Library/Java/Extensions:/System/Library/Java/Extensions:/usr/lib/java:."/>
    <property name="java.vm.info" value="mixed mode, sharing"/>
    <property name="stderr.encoding" value="UTF-8"/>
    <property name="java.vendor" value="Oracle Corporation"/>
    <property name="java.vm.version" value="19.0.2+7-44"/>
    <property name="sun.io.unicode.encoding" value="UnicodeBig"/>
    <property name="socksNonProxyHosts" value="local|*.local|169.254/16|*.169.254/16"/>
    <property name="java.class.version" value="63.0"/>
  </properties>
  <testcase name="testSetAndGetString" classname="edu.yu.dbimpl.FirstStageTests" time="0.002">
    <system-err><![CDATA[Sep 26, 2023 4:20:20 PM edu.yu.dbimpl.file.Page <init>
INFO: Page created with blocksize 100
Sep 26, 2023 4:20:20 PM edu.yu.dbimpl.file.Page setString
INFO: setString called with offset: 10 and String: Hello, World!
]]></system-err>
  </testcase>
  <testcase name="fileManagerSimple" classname="edu.yu.dbimpl.FirstStageTests" time="0.002">
    <system-err><![CDATA[Sep 26, 2023 4:20:20 PM edu.yu.dbimpl.file.FileMgr <init>
INFO: FileMgr created
Sep 26, 2023 4:20:20 PM edu.yu.dbimpl.file.FileMgr <init>
INFO: dbDirectory: src/test/java/edu/yu/dbimpl/testingDirectory/test2
Sep 26, 2023 4:20:20 PM edu.yu.dbimpl.file.FileMgr <init>
INFO: blocksize: 4096
Sep 26, 2023 4:20:20 PM edu.yu.dbimpl.file.FileMgr <init>
INFO: isNew: false
Sep 26, 2023 4:20:20 PM edu.yu.dbimpl.file.FileMgr <init>
INFO: dbDirectory exists: true
Sep 26, 2023 4:20:20 PM edu.yu.dbimpl.file.FileMgr <init>
INFO: dbDirectory is deleting temp files at super sonic speed
Sep 26, 2023 4:20:20 PM edu.yu.dbimpl.file.FileMgr append
INFO: append called with filename: test2
Sep 26, 2023 4:20:20 PM edu.yu.dbimpl.file.FileMgr append
INFO: Writing to file: src/test/java/edu/yu/dbimpl/testingDirectory/test2/test2
Sep 26, 2023 4:20:20 PM edu.yu.dbimpl.file.Page <init>
INFO: Page created with blocksize 10000
Sep 26, 2023 4:20:20 PM edu.yu.dbimpl.file.Page setInt
INFO: setInt called with offset: 0 and int: 69
Sep 26, 2023 4:20:20 PM edu.yu.dbimpl.file.Page setInt
INFO: setInt called with offset: 4 and int: 78
Sep 26, 2023 4:20:20 PM edu.yu.dbimpl.file.Page setInt
INFO: setInt called with offset: 8 and int: 64
Sep 26, 2023 4:20:20 PM edu.yu.dbimpl.file.Page setInt
INFO: setInt called with offset: 12 and int: 69
Sep 26, 2023 4:20:20 PM edu.yu.dbimpl.file.FileMgr write
INFO: write called with BlockIdBase: edu.yu.dbimpl.file.BlockId@24244ea and PageBase: edu.yu.dbimpl.file.Page@69c7fb94
Sep 26, 2023 4:20:20 PM edu.yu.dbimpl.file.FileMgr write
INFO: Getting type to write: null
Sep 26, 2023 4:20:20 PM edu.yu.dbimpl.file.FileMgr write
INFO: Type is null returning because nothing to write
Sep 26, 2023 4:20:20 PM edu.yu.dbimpl.file.FileMgr read
INFO: read called with BlockIdBase: edu.yu.dbimpl.file.BlockId@24244ea and PageBase: edu.yu.dbimpl.file.Page@69c7fb94
Sep 26, 2023 4:20:20 PM edu.yu.dbimpl.file.Page getBytes
INFO: getBytes called with offset: 0
Sep 26, 2023 4:20:20 PM edu.yu.dbimpl.file.FileMgr read
INFO: Getting type to read: null
Sep 26, 2023 4:20:20 PM edu.yu.dbimpl.file.FileMgr read
INFO: Type is null returning because nothing to read
Sep 26, 2023 4:20:20 PM edu.yu.dbimpl.file.Page getInt
INFO: getInt called with offset: 0
Sep 26, 2023 4:20:20 PM edu.yu.dbimpl.file.Page getInt
INFO: getInt called with offset: 4
Sep 26, 2023 4:20:20 PM edu.yu.dbimpl.file.Page getInt
INFO: getInt called with offset: 8
Sep 26, 2023 4:20:20 PM edu.yu.dbimpl.file.Page getInt
INFO: getInt called with offset: 12
]]></system-err>
  </testcase>
  <testcase name="shouldAnswerWithTrue" classname="edu.yu.dbimpl.FirstStageTests" time="0"/>
  <testcase name="harderFileManagerTest" classname="edu.yu.dbimpl.FirstStageTests" time="0.001">
    <system-err><![CDATA[Sep 26, 2023 4:20:20 PM edu.yu.dbimpl.file.FileMgr <init>
INFO: FileMgr created
Sep 26, 2023 4:20:20 PM edu.yu.dbimpl.file.FileMgr <init>
INFO: dbDirectory: src/test/java/edu/yu/dbimpl/testingDirectory/test1
Sep 26, 2023 4:20:20 PM edu.yu.dbimpl.file.FileMgr <init>
INFO: blocksize: 4096
Sep 26, 2023 4:20:20 PM edu.yu.dbimpl.file.FileMgr <init>
INFO: isNew: false
Sep 26, 2023 4:20:20 PM edu.yu.dbimpl.file.FileMgr <init>
INFO: dbDirectory exists: true
Sep 26, 2023 4:20:20 PM edu.yu.dbimpl.file.FileMgr <init>
INFO: dbDirectory is deleting temp files at super sonic speed
Sep 26, 2023 4:20:20 PM edu.yu.dbimpl.file.FileMgr append
INFO: append called with filename: test1
Sep 26, 2023 4:20:20 PM edu.yu.dbimpl.file.FileMgr append
INFO: Writing to file: src/test/java/edu/yu/dbimpl/testingDirectory/test1/test1
Sep 26, 2023 4:20:20 PM edu.yu.dbimpl.file.Page <init>
INFO: Page created with blocksize 10000
Sep 26, 2023 4:20:20 PM edu.yu.dbimpl.file.Page setInt
INFO: setInt called with offset: 0 and int: 69
Sep 26, 2023 4:20:20 PM edu.yu.dbimpl.file.FileMgr write
INFO: write called with BlockIdBase: edu.yu.dbimpl.file.BlockId@3d72abea and PageBase: edu.yu.dbimpl.file.Page@6a495d88
Sep 26, 2023 4:20:20 PM edu.yu.dbimpl.file.FileMgr write
INFO: Getting type to write: null
Sep 26, 2023 4:20:20 PM edu.yu.dbimpl.file.FileMgr write
INFO: Type is null returning because nothing to write
Sep 26, 2023 4:20:20 PM edu.yu.dbimpl.file.FileMgr read
INFO: read called with BlockIdBase: edu.yu.dbimpl.file.BlockId@3d72abea and PageBase: edu.yu.dbimpl.file.Page@6a495d88
Sep 26, 2023 4:20:20 PM edu.yu.dbimpl.file.Page getBytes
INFO: getBytes called with offset: 0
Sep 26, 2023 4:20:20 PM edu.yu.dbimpl.file.FileMgr read
INFO: Getting type to read: null
Sep 26, 2023 4:20:20 PM edu.yu.dbimpl.file.FileMgr read
INFO: Type is null returning because nothing to read
Sep 26, 2023 4:20:20 PM edu.yu.dbimpl.file.Page getInt
INFO: getInt called with offset: 0
]]></system-err>
  </testcase>
  <testcase name="testSetAndGetBytes" classname="edu.yu.dbimpl.FirstStageTests" time="0.001">
    <system-err><![CDATA[Sep 26, 2023 4:20:20 PM edu.yu.dbimpl.file.Page <init>
INFO: Page created with blocksize 100
Sep 26, 2023 4:20:20 PM edu.yu.dbimpl.file.Page setBytes
INFO: setBytes called with offset: 10 and byte[]
Sep 26, 2023 4:20:20 PM edu.yu.dbimpl.file.Page getBytes
INFO: getBytes called with offset: 10
]]></system-err>
  </testcase>
  <testcase name="anotherTest" classname="edu.yu.dbimpl.FirstStageTests" time="1.171">
    <system-err><![CDATA[Sep 26, 2023 4:20:20 PM edu.yu.dbimpl.file.FileMgr <init>
INFO: FileMgr created
Sep 26, 2023 4:20:20 PM edu.yu.dbimpl.file.FileMgr <init>
INFO: dbDirectory: src/test/java/edu/yu/dbimpl/testingDirectory
Sep 26, 2023 4:20:20 PM edu.yu.dbimpl.file.FileMgr <init>
INFO: blocksize: 4096
Sep 26, 2023 4:20:20 PM edu.yu.dbimpl.file.FileMgr <init>
INFO: isNew: false
Sep 26, 2023 4:20:20 PM edu.yu.dbimpl.file.FileMgr <init>
INFO: dbDirectory exists: true
Sep 26, 2023 4:20:20 PM edu.yu.dbimpl.file.FileMgr <init>
INFO: dbDirectory is deleting temp files at super sonic speed
Sep 26, 2023 4:20:20 PM edu.yu.dbimpl.file.FileMgr append
INFO: append called with filename: testFileModulePerformance0
Sep 26, 2023 4:20:20 PM edu.yu.dbimpl.file.FileMgr append
INFO: Writing to file: src/test/java/edu/yu/dbimpl/testingDirectory/testFileModulePerformance0
Sep 26, 2023 4:20:20 PM edu.yu.dbimpl.file.Page <init>
INFO: Page created with blocksize 50000
Sep 26, 2023 4:20:20 PM edu.yu.dbimpl.file.Page setString
INFO: setString called with offset: 0 and String: Hello, World!0
Sep 26, 2023 4:20:20 PM edu.yu.dbimpl.file.FileMgr append
INFO: append called with filename: testFileModulePerformance1
Sep 26, 2023 4:20:20 PM edu.yu.dbimpl.file.FileMgr append
INFO: Writing to file: src/test/java/edu/yu/dbimpl/testingDirectory/testFileModulePerformance1
Sep 26, 2023 4:20:20 PM edu.yu.dbimpl.file.Page <init>
INFO: Page created with blocksize 50000
Sep 26, 2023 4:20:20 PM edu.yu.dbimpl.file.Page setString
INFO: setString called with offset: 0 and String: Hello, World!1
Sep 26, 2023 4:20:20 PM edu.yu.dbimpl.file.FileMgr append
INFO: append called with filename: testFileModulePerformance2
Sep 26, 2023 4:20:20 PM edu.yu.dbimpl.file.FileMgr append
INFO: Writing to file: src/test/java/edu/yu/dbimpl/testingDirectory/testFileModulePerformance2
Sep 26, 2023 4:20:20 PM edu.yu.dbimpl.file.Page <init>
INFO: Page created with blocksize 50000
Sep 26, 2023 4:20:20 PM edu.yu.dbimpl.file.Page setString
INFO: setString called with offset: 0 and String: Hello, World!2
Sep 26, 2023 4:20:20 PM edu.yu.dbimpl.file.FileMgr append
INFO: append called with filename: testFileModulePerformance3
Sep 26, 2023 4:20:20 PM edu.yu.dbimpl.file.FileMgr append
INFO: Writing to file: src/test/java/edu/yu/dbimpl/testingDirectory/testFileModulePerformance3
Sep 26, 2023 4:20:20 PM edu.yu.dbimpl.file.Page <init>
INFO: Page created with blocksize 50000
Sep 26, 2023 4:20:20 PM edu.yu.dbimpl.file.Page setString
INFO: setString called with offset: 0 and String: Hello, World!3
Sep 26, 2023 4:20:20 PM edu.yu.dbimpl.file.FileMgr append
INFO: append called with filename: testFileModulePerformance4
Sep 26, 2023 4:20:20 PM edu.yu.dbimpl.file.FileMgr append
INFO: Writing to file: src/test/java/edu/yu/dbimpl/testingDirectory/testFileModulePerformance4
Sep 26, 2023 4:20:20 PM edu.yu.dbimpl.file.Page <init>
INFO: Page created with blocksize 50000
Sep 26, 2023 4:20:20 PM edu.yu.dbimpl.file.Page setString
INFO: setString called with offset: 0 and String: Hello, World!4
Sep 26, 2023 4:20:20 PM edu.yu.dbimpl.file.FileMgr append
INFO: append called with filename: testFileModulePerformance5
Sep 26, 2023 4:20:20 PM edu.yu.dbimpl.file.FileMgr append
INFO: Writing to file: src/test/java/edu/yu/dbimpl/testingDirectory/testFileModulePerformance5
Sep 26, 2023 4:20:20 PM edu.yu.dbimpl.file.Page <init>
INFO: Page created with blocksize 50000
Sep 26, 2023 4:20:20 PM edu.yu.dbimpl.file.Page setString
INFO: setString called with offset: 0 and String: Hello, World!5
Sep 26, 2023 4:20:20 PM edu.yu.dbimpl.file.FileMgr append
INFO: append called with filename: testFileModulePerformance6
Sep 26, 2023 4:20:20 PM edu.yu.dbimpl.file.FileMgr append
INFO: Writing to file: src/test/java/edu/yu/dbimpl/testingDirectory/testFileModulePerformance6
Sep 26, 2023 4:20:20 PM edu.yu.dbimpl.file.Page <init>
INFO: Page created with blocksize 50000
Sep 26, 2023 4:20:20 PM edu.yu.dbimpl.file.Page setString
INFO: setString called with offset: 0 and String: Hello, World!6
Sep 26, 2023 4:20:20 PM edu.yu.dbimpl.file.FileMgr append
INFO: append called with filename: testFileModulePerformance7
Sep 26, 2023 4:20:20 PM edu.yu.dbimpl.file.FileMgr append
INFO: Writing to file: src/test/java/edu/yu/dbimpl/testingDirectory/testFileModulePerformance7
Sep 26, 2023 4:20:20 PM edu.yu.dbimpl.file.Page <init>
INFO: Page created with blocksize 50000
Sep 26, 2023 4:20:20 PM edu.yu.dbimpl.file.Page setString
INFO: setString called with offset: 0 and String: Hello, World!7
Sep 26, 2023 4:20:20 PM edu.yu.dbimpl.file.FileMgr append
INFO: append called with filename: testFileModulePerformance8
Sep 26, 2023 4:20:20 PM edu.yu.dbimpl.file.FileMgr append
INFO: Writing to file: src/test/java/edu/yu/dbimpl/testingDirectory/testFileModulePerformance8
Sep 26, 2023 4:20:20 PM edu.yu.dbimpl.file.Page <init>
INFO: Page created with blocksize 50000
Sep 26, 2023 4:20:20 PM edu.yu.dbimpl.file.Page setString
INFO: setString called with offset: 0 and String: Hello, World!8
Sep 26, 2023 4:20:20 PM edu.yu.dbimpl.file.FileMgr append
INFO: append called with filename: testFileModulePerformance9
Sep 26, 2023 4:20:20 PM edu.yu.dbimpl.file.FileMgr append
INFO: Writing to file: src/test/java/edu/yu/dbimpl/testingDirectory/testFileModulePerformance9
Sep 26, 2023 4:20:20 PM edu.yu.dbimpl.file.Page <init>
INFO: Page created with blocksize 50000
Sep 26, 2023 4:20:20 PM edu.yu.dbimpl.file.Page setString
INFO: setString called with offset: 0 and String: Hello, World!9
Sep 26, 2023 4:20:20 PM edu.yu.dbimpl.file.FileMgr append
INFO: append called with filename: testFileModulePerformance10
Sep 26, 2023 4:20:20 PM edu.yu.dbimpl.file.FileMgr append
INFO: Writing to file: src/test/java/edu/yu/dbimpl/testingDirectory/testFileModulePerformance10
Sep 26, 2023 4:20:20 PM edu.yu.dbimpl.file.Page <init>
INFO: Page created with blocksize 50000
Sep 26, 2023 4:20:20 PM edu.yu.dbimpl.file.Page setString
INFO: setString called with offset: 0 and String: Hello, World!10
Sep 26, 2023 4:20:20 PM edu.yu.dbimpl.file.FileMgr append
INFO: append called with filename: testFileModulePerformance11
Sep 26, 2023 4:20:20 PM edu.yu.dbimpl.file.FileMgr append
INFO: Writing to file: src/test/java/edu/yu/dbimpl/testingDirectory/testFileModulePerformance11
Sep 26, 2023 4:20:20 PM edu.yu.dbimpl.file.Page <init>
INFO: Page created with blocksize 50000
Sep 26, 2023 4:20:20 PM edu.yu.dbimpl.file.Page setString
INFO: setString called with offset: 0 and String: Hello, World!11
Sep 26, 2023 4:20:20 PM edu.yu.dbimpl.file.FileMgr append
INFO: append called with filename: testFileModulePerformance12
Sep 26, 2023 4:20:20 PM edu.yu.dbimpl.file.FileMgr append
INFO: Writing to file: src/test/java/edu/yu/dbimpl/testingDirectory/testFileModulePerformance12
Sep 26, 2023 4:20:20 PM edu.yu.dbimpl.file.Page <init>
INFO: Page created with blocksize 50000
Sep 26, 2023 4:20:20 PM edu.yu.dbimpl.file.Page setString
INFO: setString called with offset: 0 and String: Hello, World!12
Sep 26, 2023 4:20:20 PM edu.yu.dbimpl.file.FileMgr append
INFO: append called with filename: testFileModulePerformance13
Sep 26, 2023 4:20:20 PM edu.yu.dbimpl.file.FileMgr append
INFO: Writing to file: src/test/java/edu/yu/dbimpl/testingDirectory/testFileModulePerformance13
Sep 26, 2023 4:20:20 PM edu.yu.dbimpl.file.Page <init>
INFO: Page created with blocksize 50000
Sep 26, 2023 4:20:20 PM edu.yu.dbimpl.file.Page setString
INFO: setString called with offset: 0 and String: Hello, World!13
Sep 26, 2023 4:20:20 PM edu.yu.dbimpl.file.FileMgr append
INFO: append called with filename: testFileModulePerformance14
Sep 26, 2023 4:20:20 PM edu.yu.dbimpl.file.FileMgr append
INFO: Writing to file: src/test/java/edu/yu/dbimpl/testingDirectory/testFileModulePerformance14
Sep 26, 2023 4:20:20 PM edu.yu.dbimpl.file.Page <init>
INFO: Page created with blocksize 50000
Sep 26, 2023 4:20:20 PM edu.yu.dbimpl.file.Page setString
INFO: setString called with offset: 0 and String: Hello, World!14
Sep 26, 2023 4:20:20 PM edu.yu.dbimpl.file.FileMgr append
INFO: append called with filename: testFileModulePerformance15
Sep 26, 2023 4:20:20 PM edu.yu.dbimpl.file.FileMgr append
INFO: Writing to file: src/test/java/edu/yu/dbimpl/testingDirectory/testFileModulePerformance15
Sep 26, 2023 4:20:20 PM edu.yu.dbimpl.file.Page <init>
INFO: Page created with blocksize 50000
Sep 26, 2023 4:20:20 PM edu.yu.dbimpl.file.Page setString
INFO: setString called with offset: 0 and String: Hello, World!15
Sep 26, 2023 4:20:20 PM edu.yu.dbimpl.file.FileMgr append
INFO: append called with filename: testFileModulePerformance16
Sep 26, 2023 4:20:20 PM edu.yu.dbimpl.file.FileMgr append
INFO: Writing to file: src/test/java/edu/yu/dbimpl/testingDirectory/testFileModulePerformance16
Sep 26, 2023 4:20:20 PM edu.yu.dbimpl.file.Page <init>
INFO: Page created with blocksize 50000
Sep 26, 2023 4:20:20 PM edu.yu.dbimpl.file.Page setString
INFO: setString called with offset: 0 and String: Hello, World!16
Sep 26, 2023 4:20:20 PM edu.yu.dbimpl.file.FileMgr append
INFO: append called with filename: testFileModulePerformance17
Sep 26, 2023 4:20:20 PM edu.yu.dbimpl.file.FileMgr append
INFO: Writing to file: src/test/java/edu/yu/dbimpl/testingDirectory/testFileModulePerformance17
Sep 26, 2023 4:20:20 PM edu.yu.dbimpl.file.Page <init>
INFO: Page created with blocksize 50000
Sep 26, 2023 4:20:20 PM edu.yu.dbimpl.file.Page setString
INFO: setString called with offset: 0 and String: Hello, World!17
Sep 26, 2023 4:20:20 PM edu.yu.dbimpl.file.FileMgr append
INFO: append called with filename: testFileModulePerformance18
Sep 26, 2023 4:20:20 PM edu.yu.dbimpl.file.FileMgr append
INFO: Writing to file: src/test/java/edu/yu/dbimpl/testingDirectory/testFileModulePerformance18
Sep 26, 2023 4:20:20 PM edu.yu.dbimpl.file.Page <init>
INFO: Page created with blocksize 50000
Sep 26, 2023 4:20:20 PM edu.yu.dbimpl.file.Page setString
INFO: setString called with offset: 0 and String: Hello, World!18
Sep 26, 2023 4:20:20 PM edu.yu.dbimpl.file.FileMgr append
INFO: append called with filename: testFileModulePerformance19
Sep 26, 2023 4:20:20 PM edu.yu.dbimpl.file.FileMgr append
INFO: Writing to file: src/test/java/edu/yu/dbimpl/testingDirectory/testFileModulePerformance19
Sep 26, 2023 4:20:20 PM edu.yu.dbimpl.file.Page <init>
INFO: Page created with blocksize 50000
Sep 26, 2023 4:20:20 PM edu.yu.dbimpl.file.Page setString
INFO: setString called with offset: 0 and String: Hello, World!19
Sep 26, 2023 4:20:20 PM edu.yu.dbimpl.file.FileMgr append
INFO: append called with filename: testFileModulePerformance20
Sep 26, 2023 4:20:20 PM edu.yu.dbimpl.file.FileMgr append
INFO: Writing to file: src/test/java/edu/yu/dbimpl/testingDirectory/testFileModulePerformance20
Sep 26, 2023 4:20:20 PM edu.yu.dbimpl.file.Page <init>
INFO: Page created with blocksize 50000
Sep 26, 2023 4:20:20 PM edu.yu.dbimpl.file.Page setString
INFO: setString called with offset: 0 and String: Hello, World!20
Sep 26, 2023 4:20:20 PM edu.yu.dbimpl.file.FileMgr append
INFO: append called with filename: testFileModulePerformance21
Sep 26, 2023 4:20:20 PM edu.yu.dbimpl.file.FileMgr append
INFO: Writing to file: src/test/java/edu/yu/dbimpl/testingDirectory/testFileModulePerformance21
Sep 26, 2023 4:20:20 PM edu.yu.dbimpl.file.Page <init>
INFO: Page created with blocksize 50000
Sep 26, 2023 4:20:20 PM edu.yu.dbimpl.file.Page setString
INFO: setString called with offset: 0 and String: Hello, World!21
Sep 26, 2023 4:20:20 PM edu.yu.dbimpl.file.FileMgr append
INFO: append called with filename: testFileModulePerformance22
Sep 26, 2023 4:20:20 PM edu.yu.dbimpl.file.FileMgr append
INFO: Writing to file: src/test/java/edu/yu/dbimpl/testingDirectory/testFileModulePerformance22
Sep 26, 2023 4:20:20 PM edu.yu.dbimpl.file.Page <init>
INFO: Page created with blocksize 50000
Sep 26, 2023 4:20:20 PM edu.yu.dbimpl.file.Page setString
INFO: setString called with offset: 0 and String: Hello, World!22
Sep 26, 2023 4:20:20 PM edu.yu.dbimpl.file.FileMgr append
INFO: append called with filename: testFileModulePerformance23
Sep 26, 2023 4:20:20 PM edu.yu.dbimpl.file.FileMgr append
INFO: Writing to file: src/test/java/edu/yu/dbimpl/testingDirectory/testFileModulePerformance23
Sep 26, 2023 4:20:20 PM edu.yu.dbimpl.file.Page <init>
INFO: Page created with blocksize 50000
Sep 26, 2023 4:20:20 PM edu.yu.dbimpl.file.Page setString
INFO: setString called with offset: 0 and String: Hello, World!23
Sep 26, 2023 4:20:20 PM edu.yu.dbimpl.file.FileMgr append
INFO: append called with filename: testFileModulePerformance24
Sep 26, 2023 4:20:20 PM edu.yu.dbimpl.file.FileMgr append
INFO: Writing to file: src/test/java/edu/yu/dbimpl/testingDirectory/testFileModulePerformance24
Sep 26, 2023 4:20:20 PM edu.yu.dbimpl.file.Page <init>
INFO: Page created with blocksize 50000
Sep 26, 2023 4:20:20 PM edu.yu.dbimpl.file.Page setString
INFO: setString called with offset: 0 and String: Hello, World!24
Sep 26, 2023 4:20:20 PM edu.yu.dbimpl.file.FileMgr append
INFO: append called with filename: testFileModulePerformance25
Sep 26, 2023 4:20:20 PM edu.yu.dbimpl.file.FileMgr append
INFO: Writing to file: src/test/java/edu/yu/dbimpl/testingDirectory/testFileModulePerformance25
Sep 26, 2023 4:20:20 PM edu.yu.dbimpl.file.Page <init>
INFO: Page created with blocksize 50000
Sep 26, 2023 4:20:20 PM edu.yu.dbimpl.file.Page setString
INFO: setString called with offset: 0 and String: Hello, World!25
Sep 26, 2023 4:20:20 PM edu.yu.dbimpl.file.FileMgr append
INFO: append called with filename: testFileModulePerformance26
Sep 26, 2023 4:20:20 PM edu.yu.dbimpl.file.FileMgr append
INFO: Writing to file: src/test/java/edu/yu/dbimpl/testingDirectory/testFileModulePerformance26
Sep 26, 2023 4:20:20 PM edu.yu.dbimpl.file.Page <init>
INFO: Page created with blocksize 50000
Sep 26, 2023 4:20:20 PM edu.yu.dbimpl.file.Page setString
INFO: setString called with offset: 0 and String: Hello, World!26
Sep 26, 2023 4:20:20 PM edu.yu.dbimpl.file.FileMgr append
INFO: append called with filename: testFileModulePerformance27
Sep 26, 2023 4:20:20 PM edu.yu.dbimpl.file.FileMgr append
INFO: Writing to file: src/test/java/edu/yu/dbimpl/testingDirectory/testFileModulePerformance27
Sep 26, 2023 4:20:20 PM edu.yu.dbimpl.file.Page <init>
INFO: Page created with blocksize 50000
Sep 26, 2023 4:20:20 PM edu.yu.dbimpl.file.Page setString
INFO: setString called with offset: 0 and String: Hello, World!27
Sep 26, 2023 4:20:20 PM edu.yu.dbimpl.file.FileMgr append
INFO: append called with filename: testFileModulePerformance28
Sep 26, 2023 4:20:20 PM edu.yu.dbimpl.file.FileMgr append
INFO: Writing to file: src/test/java/edu/yu/dbimpl/testingDirectory/testFileModulePerformance28
Sep 26, 2023 4:20:20 PM edu.yu.dbimpl.file.Page <init>
INFO: Page created with blocksize 50000
Sep 26, 2023 4:20:20 PM edu.yu.dbimpl.file.Page setString
INFO: setString called with offset: 0 and String: Hello, World!28
Sep 26, 2023 4:20:20 PM edu.yu.dbimpl.file.FileMgr append
INFO: append called with filename: testFileModulePerformance29
Sep 26, 2023 4:20:20 PM edu.yu.dbimpl.file.FileMgr append
INFO: Writing to file: src/test/java/edu/yu/dbimpl/testingDirectory/testFileModulePerformance29
Sep 26, 2023 4:20:20 PM edu.yu.dbimpl.file.Page <init>
INFO: Page created with blocksize 50000
Sep 26, 2023 4:20:20 PM edu.yu.dbimpl.file.Page setString
INFO: setString called with offset: 0 and String: Hello, World!29
Sep 26, 2023 4:20:20 PM edu.yu.dbimpl.file.FileMgr append
INFO: append called with filename: testFileModulePerformance30
Sep 26, 2023 4:20:20 PM edu.yu.dbimpl.file.FileMgr append
INFO: Writing to file: src/test/java/edu/yu/dbimpl/testingDirectory/testFileModulePerformance30
Sep 26, 2023 4:20:20 PM edu.yu.dbimpl.file.Page <init>
INFO: Page created with blocksize 50000
Sep 26, 2023 4:20:20 PM edu.yu.dbimpl.file.Page setString
INFO: setString called with offset: 0 and String: Hello, World!30
Sep 26, 2023 4:20:20 PM edu.yu.dbimpl.file.FileMgr append
INFO: append called with filename: testFileModulePerformance31
Sep 26, 2023 4:20:20 PM edu.yu.dbimpl.file.FileMgr append
INFO: Writing to file: src/test/java/edu/yu/dbimpl/testingDirectory/testFileModulePerformance31
Sep 26, 2023 4:20:20 PM edu.yu.dbimpl.file.Page <init>
INFO: Page created with blocksize 50000
Sep 26, 2023 4:20:20 PM edu.yu.dbimpl.file.Page setString
INFO: setString called with offset: 0 and String: Hello, World!31
Sep 26, 2023 4:20:20 PM edu.yu.dbimpl.file.FileMgr append
INFO: append called with filename: testFileModulePerformance32
Sep 26, 2023 4:20:20 PM edu.yu.dbimpl.file.FileMgr append
INFO: Writing to file: src/test/java/edu/yu/dbimpl/testingDirectory/testFileModulePerformance32
Sep 26, 2023 4:20:20 PM edu.yu.dbimpl.file.Page <init>
INFO: Page created with blocksize 50000
Sep 26, 2023 4:20:20 PM edu.yu.dbimpl.file.Page setString
INFO: setString called with offset: 0 and String: Hello, World!32
Sep 26, 2023 4:20:20 PM edu.yu.dbimpl.file.FileMgr append
INFO: append called with filename: testFileModulePerformance33
Sep 26, 2023 4:20:20 PM edu.yu.dbimpl.file.FileMgr append
INFO: Writing to file: src/test/java/edu/yu/dbimpl/testingDirectory/testFileModulePerformance33
Sep 26, 2023 4:20:20 PM edu.yu.dbimpl.file.Page <init>
INFO: Page created with blocksize 50000
Sep 26, 2023 4:20:20 PM edu.yu.dbimpl.file.Page setString
INFO: setString called with offset: 0 and String: Hello, World!33
Sep 26, 2023 4:20:20 PM edu.yu.dbimpl.file.FileMgr append
INFO: append called with filename: testFileModulePerformance34
Sep 26, 2023 4:20:20 PM edu.yu.dbimpl.file.FileMgr append
INFO: Writing to file: src/test/java/edu/yu/dbimpl/testingDirectory/testFileModulePerformance34
Sep 26, 2023 4:20:20 PM edu.yu.dbimpl.file.Page <init>
INFO: Page created with blocksize 50000
Sep 26, 2023 4:20:20 PM edu.yu.dbimpl.file.Page setString
INFO: setString called with offset: 0 and String: Hello, World!34
Sep 26, 2023 4:20:20 PM edu.yu.dbimpl.file.FileMgr append
INFO: append called with filename: testFileModulePerformance35
Sep 26, 2023 4:20:20 PM edu.yu.dbimpl.file.FileMgr append
INFO: Writing to file: src/test/java/edu/yu/dbimpl/testingDirectory/testFileModulePerformance35
Sep 26, 2023 4:20:20 PM edu.yu.dbimpl.file.Page <init>
INFO: Page created with blocksize 50000
Sep 26, 2023 4:20:20 PM edu.yu.dbimpl.file.Page setString
INFO: setString called with offset: 0 and String: Hello, World!35
Sep 26, 2023 4:20:20 PM edu.yu.dbimpl.file.FileMgr append
INFO: append called with filename: testFileModulePerformance36
Sep 26, 2023 4:20:20 PM edu.yu.dbimpl.file.FileMgr append
INFO: Writing to file: src/test/java/edu/yu/dbimpl/testingDirectory/testFileModulePerformance36
Sep 26, 2023 4:20:20 PM edu.yu.dbimpl.file.Page <init>
INFO: Page created with blocksize 50000
Sep 26, 2023 4:20:20 PM edu.yu.dbimpl.file.Page setString
INFO: setString called with offset: 0 and String: Hello, World!36
Sep 26, 2023 4:20:20 PM edu.yu.dbimpl.file.FileMgr append
INFO: append called with filename: testFileModulePerformance37
Sep 26, 2023 4:20:20 PM edu.yu.dbimpl.file.FileMgr append
INFO: Writing to file: src/test/java/edu/yu/dbimpl/testingDirectory/testFileModulePerformance37
Sep 26, 2023 4:20:20 PM edu.yu.dbimpl.file.Page <init>
INFO: Page created with blocksize 50000
Sep 26, 2023 4:20:20 PM edu.yu.dbimpl.file.Page setString
INFO: setString called with offset: 0 and String: Hello, World!37
Sep 26, 2023 4:20:20 PM edu.yu.dbimpl.file.FileMgr append
INFO: append called with filename: testFileModulePerformance38
Sep 26, 2023 4:20:20 PM edu.yu.dbimpl.file.FileMgr append
INFO: Writing to file: src/test/java/edu/yu/dbimpl/testingDirectory/testFileModulePerformance38
Sep 26, 2023 4:20:20 PM edu.yu.dbimpl.file.Page <init>
INFO: Page created with blocksize 50000
Sep 26, 2023 4:20:20 PM edu.yu.dbimpl.file.Page setString
INFO: setString called with offset: 0 and String: Hello, World!38
Sep 26, 2023 4:20:20 PM edu.yu.dbimpl.file.FileMgr append
INFO: append called with filename: testFileModulePerformance39
Sep 26, 2023 4:20:20 PM edu.yu.dbimpl.file.FileMgr append
INFO: Writing to file: src/test/java/edu/yu/dbimpl/testingDirectory/testFileModulePerformance39
Sep 26, 2023 4:20:20 PM edu.yu.dbimpl.file.Page <init>
INFO: Page created with blocksize 50000
Sep 26, 2023 4:20:20 PM edu.yu.dbimpl.file.Page setString
INFO: setString called with offset: 0 and String: Hello, World!39
Sep 26, 2023 4:20:20 PM edu.yu.dbimpl.file.FileMgr append
INFO: append called with filename: testFileModulePerformance40
Sep 26, 2023 4:20:20 PM edu.yu.dbimpl.file.FileMgr append
INFO: Writing to file: src/test/java/edu/yu/dbimpl/testingDirectory/testFileModulePerformance40
Sep 26, 2023 4:20:20 PM edu.yu.dbimpl.file.Page <init>
INFO: Page created with blocksize 50000
Sep 26, 2023 4:20:20 PM edu.yu.dbimpl.file.Page setString
INFO: setString called with offset: 0 and String: Hello, World!40
Sep 26, 2023 4:20:20 PM edu.yu.dbimpl.file.FileMgr append
INFO: append called with filename: testFileModulePerformance41
Sep 26, 2023 4:20:20 PM edu.yu.dbimpl.file.FileMgr append
INFO: Writing to file: src/test/java/edu/yu/dbimpl/testingDirectory/testFileModulePerformance41
Sep 26, 2023 4:20:20 PM edu.yu.dbimpl.file.Page <init>
INFO: Page created with blocksize 50000
Sep 26, 2023 4:20:20 PM edu.yu.dbimpl.file.Page setString
INFO: setString called with offset: 0 and String: Hello, World!41
Sep 26, 2023 4:20:20 PM edu.yu.dbimpl.file.FileMgr append
INFO: append called with filename: testFileModulePerformance42
Sep 26, 2023 4:20:20 PM edu.yu.dbimpl.file.FileMgr append
INFO: Writing to file: src/test/java/edu/yu/dbimpl/testingDirectory/testFileModulePerformance42
Sep 26, 2023 4:20:20 PM edu.yu.dbimpl.file.Page <init>
INFO: Page created with blocksize 50000
Sep 26, 2023 4:20:20 PM edu.yu.dbimpl.file.Page setString
INFO: setString called with offset: 0 and String: Hello, World!42
Sep 26, 2023 4:20:20 PM edu.yu.dbimpl.file.FileMgr append
INFO: append called with filename: testFileModulePerformance43
Sep 26, 2023 4:20:20 PM edu.yu.dbimpl.file.FileMgr append
INFO: Writing to file: src/test/java/edu/yu/dbimpl/testingDirectory/testFileModulePerformance43
Sep 26, 2023 4:20:20 PM edu.yu.dbimpl.file.Page <init>
INFO: Page created with blocksize 50000
Sep 26, 2023 4:20:20 PM edu.yu.dbimpl.file.Page setString
INFO: setString called with offset: 0 and String: Hello, World!43
Sep 26, 2023 4:20:20 PM edu.yu.dbimpl.file.FileMgr append
INFO: append called with filename: testFileModulePerformance44
Sep 26, 2023 4:20:20 PM edu.yu.dbimpl.file.FileMgr append
INFO: Writing to file: src/test/java/edu/yu/dbimpl/testingDirectory/testFileModulePerformance44
Sep 26, 2023 4:20:20 PM edu.yu.dbimpl.file.Page <init>
INFO: Page created with blocksize 50000
Sep 26, 2023 4:20:20 PM edu.yu.dbimpl.file.Page setString
INFO: setString called with offset: 0 and String: Hello, World!44
Sep 26, 2023 4:20:20 PM edu.yu.dbimpl.file.FileMgr append
INFO: append called with filename: testFileModulePerformance45
Sep 26, 2023 4:20:20 PM edu.yu.dbimpl.file.FileMgr append
INFO: Writing to file: src/test/java/edu/yu/dbimpl/testingDirectory/testFileModulePerformance45
Sep 26, 2023 4:20:20 PM edu.yu.dbimpl.file.Page <init>
INFO: Page created with blocksize 50000
Sep 26, 2023 4:20:20 PM edu.yu.dbimpl.file.Page setString
INFO: setString called with offset: 0 and String: Hello, World!45
Sep 26, 2023 4:20:20 PM edu.yu.dbimpl.file.FileMgr append
INFO: append called with filename: testFileModulePerformance46
Sep 26, 2023 4:20:20 PM edu.yu.dbimpl.file.FileMgr append
INFO: Writing to file: src/test/java/edu/yu/dbimpl/testingDirectory/testFileModulePerformance46
Sep 26, 2023 4:20:20 PM edu.yu.dbimpl.file.Page <init>
INFO: Page created with blocksize 50000
Sep 26, 2023 4:20:20 PM edu.yu.dbimpl.file.Page setString
INFO: setString called with offset: 0 and String: Hello, World!46
Sep 26, 2023 4:20:20 PM edu.yu.dbimpl.file.FileMgr append
INFO: append called with filename: testFileModulePerformance47
Sep 26, 2023 4:20:20 PM edu.yu.dbimpl.file.FileMgr append
INFO: Writing to file: src/test/java/edu/yu/dbimpl/testingDirectory/testFileModulePerformance47
Sep 26, 2023 4:20:20 PM edu.yu.dbimpl.file.Page <init>
INFO: Page created with blocksize 50000
Sep 26, 2023 4:20:20 PM edu.yu.dbimpl.file.Page setString
INFO: setString called with offset: 0 and String: Hello, World!47
Sep 26, 2023 4:20:20 PM edu.yu.dbimpl.file.FileMgr append
INFO: append called with filename: testFileModulePerformance48
Sep 26, 2023 4:20:20 PM edu.yu.dbimpl.file.FileMgr append
INFO: Writing to file: src/test/java/edu/yu/dbimpl/testingDirectory/testFileModulePerformance48
Sep 26, 2023 4:20:20 PM edu.yu.dbimpl.file.Page <init>
INFO: Page created with blocksize 50000
Sep 26, 2023 4:20:20 PM edu.yu.dbimpl.file.Page setString
INFO: setString called with offset: 0 and String: Hello, World!48
Sep 26, 2023 4:20:20 PM edu.yu.dbimpl.file.FileMgr append
INFO: append called with filename: testFileModulePerformance49
Sep 26, 2023 4:20:20 PM edu.yu.dbimpl.file.FileMgr append
INFO: Writing to file: src/test/java/edu/yu/dbimpl/testingDirectory/testFileModulePerformance49
Sep 26, 2023 4:20:20 PM edu.yu.dbimpl.file.Page <init>
INFO: Page created with blocksize 50000
Sep 26, 2023 4:20:20 PM edu.yu.dbimpl.file.Page setString
INFO: setString called with offset: 0 and String: Hello, World!49
Sep 26, 2023 4:20:20 PM edu.yu.dbimpl.file.FileMgr append
INFO: append called with filename: testFileModulePerformance50
Sep 26, 2023 4:20:20 PM edu.yu.dbimpl.file.FileMgr append
INFO: Writing to file: src/test/java/edu/yu/dbimpl/testingDirectory/testFileModulePerformance50
Sep 26, 2023 4:20:20 PM edu.yu.dbimpl.file.Page <init>
INFO: Page created with blocksize 50000
Sep 26, 2023 4:20:20 PM edu.yu.dbimpl.file.Page setString
INFO: setString called with offset: 0 and String: Hello, World!50
Sep 26, 2023 4:20:20 PM edu.yu.dbimpl.file.FileMgr append
INFO: append called with filename: testFileModulePerformance51
Sep 26, 2023 4:20:20 PM edu.yu.dbimpl.file.FileMgr append
INFO: Writing to file: src/test/java/edu/yu/dbimpl/testingDirectory/testFileModulePerformance51
Sep 26, 2023 4:20:20 PM edu.yu.dbimpl.file.Page <init>
INFO: Page created with blocksize 50000
Sep 26, 2023 4:20:20 PM edu.yu.dbimpl.file.Page setString
INFO: setString called with offset: 0 and String: Hello, World!51
Sep 26, 2023 4:20:20 PM edu.yu.dbimpl.file.FileMgr append
INFO: append called with filename: testFileModulePerformance52
Sep 26, 2023 4:20:20 PM edu.yu.dbimpl.file.FileMgr append
INFO: Writing to file: src/test/java/edu/yu/dbimpl/testingDirectory/testFileModulePerformance52
Sep 26, 2023 4:20:20 PM edu.yu.dbimpl.file.Page <init>
INFO: Page created with blocksize 50000
Sep 26, 2023 4:20:20 PM edu.yu.dbimpl.file.Page setString
INFO: setString called with offset: 0 and String: Hello, World!52
Sep 26, 2023 4:20:20 PM edu.yu.dbimpl.file.FileMgr append
INFO: append called with filename: testFileModulePerformance53
Sep 26, 2023 4:20:20 PM edu.yu.dbimpl.file.FileMgr append
INFO: Writing to file: src/test/java/edu/yu/dbimpl/testingDirectory/testFileModulePerformance53
Sep 26, 2023 4:20:20 PM edu.yu.dbimpl.file.Page <init>
INFO: Page created with blocksize 50000
Sep 26, 2023 4:20:20 PM edu.yu.dbimpl.file.Page setString
INFO: setString called with offset: 0 and String: Hello, World!53
Sep 26, 2023 4:20:20 PM edu.yu.dbimpl.file.FileMgr append
INFO: append called with filename: testFileModulePerformance54
Sep 26, 2023 4:20:20 PM edu.yu.dbimpl.file.FileMgr append
INFO: Writing to file: src/test/java/edu/yu/dbimpl/testingDirectory/testFileModulePerformance54
Sep 26, 2023 4:20:20 PM edu.yu.dbimpl.file.Page <init>
INFO: Page created with blocksize 50000
Sep 26, 2023 4:20:20 PM edu.yu.dbimpl.file.Page setString
INFO: setString called with offset: 0 and String: Hello, World!54
Sep 26, 2023 4:20:20 PM edu.yu.dbimpl.file.FileMgr append
INFO: append called with filename: testFileModulePerformance55
Sep 26, 2023 4:20:20 PM edu.yu.dbimpl.file.FileMgr append
INFO: Writing to file: src/test/java/edu/yu/dbimpl/testingDirectory/testFileModulePerformance55
Sep 26, 2023 4:20:20 PM edu.yu.dbimpl.file.Page <init>
INFO: Page created with blocksize 50000
Sep 26, 2023 4:20:20 PM edu.yu.dbimpl.file.Page setString
INFO: setString called with offset: 0 and String: Hello, World!55
Sep 26, 2023 4:20:20 PM edu.yu.dbimpl.file.FileMgr append
INFO: append called with filename: testFileModulePerformance56
Sep 26, 2023 4:20:20 PM edu.yu.dbimpl.file.FileMgr append
INFO: Writing to file: src/test/java/edu/yu/dbimpl/testingDirectory/testFileModulePerformance56
Sep 26, 2023 4:20:20 PM edu.yu.dbimpl.file.Page <init>
INFO: Page created with blocksize 50000
Sep 26, 2023 4:20:20 PM edu.yu.dbimpl.file.Page setString
INFO: setString called with offset: 0 and String: Hello, World!56
Sep 26, 2023 4:20:20 PM edu.yu.dbimpl.file.FileMgr append
INFO: append called with filename: testFileModulePerformance57
Sep 26, 2023 4:20:20 PM edu.yu.dbimpl.file.FileMgr append
INFO: Writing to file: src/test/java/edu/yu/dbimpl/testingDirectory/testFileModulePerformance57
Sep 26, 2023 4:20:20 PM edu.yu.dbimpl.file.Page <init>
INFO: Page created with blocksize 50000
Sep 26, 2023 4:20:20 PM edu.yu.dbimpl.file.Page setString
INFO: setString called with offset: 0 and String: Hello, World!57
Sep 26, 2023 4:20:20 PM edu.yu.dbimpl.file.FileMgr append
INFO: append called with filename: testFileModulePerformance58
Sep 26, 2023 4:20:20 PM edu.yu.dbimpl.file.FileMgr append
INFO: Writing to file: src/test/java/edu/yu/dbimpl/testingDirectory/testFileModulePerformance58
Sep 26, 2023 4:20:20 PM edu.yu.dbimpl.file.Page <init>
INFO: Page created with blocksize 50000
Sep 26, 2023 4:20:20 PM edu.yu.dbimpl.file.Page setString
INFO: setString called with offset: 0 and String: Hello, World!58
Sep 26, 2023 4:20:20 PM edu.yu.dbimpl.file.FileMgr append
INFO: append called with filename: testFileModulePerformance59
Sep 26, 2023 4:20:20 PM edu.yu.dbimpl.file.FileMgr append
INFO: Writing to file: src/test/java/edu/yu/dbimpl/testingDirectory/testFileModulePerformance59
Sep 26, 2023 4:20:20 PM edu.yu.dbimpl.file.Page <init>
INFO: Page created with blocksize 50000
Sep 26, 2023 4:20:20 PM edu.yu.dbimpl.file.Page setString
INFO: setString called with offset: 0 and String: Hello, World!59
Sep 26, 2023 4:20:20 PM edu.yu.dbimpl.file.FileMgr append
INFO: append called with filename: testFileModulePerformance60
Sep 26, 2023 4:20:20 PM edu.yu.dbimpl.file.FileMgr append
INFO: Writing to file: src/test/java/edu/yu/dbimpl/testingDirectory/testFileModulePerformance60
Sep 26, 2023 4:20:20 PM edu.yu.dbimpl.file.Page <init>
INFO: Page created with blocksize 50000
Sep 26, 2023 4:20:20 PM edu.yu.dbimpl.file.Page setString
INFO: setString called with offset: 0 and String: Hello, World!60
Sep 26, 2023 4:20:20 PM edu.yu.dbimpl.file.FileMgr append
INFO: append called with filename: testFileModulePerformance61
Sep 26, 2023 4:20:20 PM edu.yu.dbimpl.file.FileMgr append
INFO: Writing to file: src/test/java/edu/yu/dbimpl/testingDirectory/testFileModulePerformance61
Sep 26, 2023 4:20:20 PM edu.yu.dbimpl.file.Page <init>
INFO: Page created with blocksize 50000
Sep 26, 2023 4:20:20 PM edu.yu.dbimpl.file.Page setString
INFO: setString called with offset: 0 and String: Hello, World!61
Sep 26, 2023 4:20:20 PM edu.yu.dbimpl.file.FileMgr append
INFO: append called with filename: testFileModulePerformance62
Sep 26, 2023 4:20:20 PM edu.yu.dbimpl.file.FileMgr append
INFO: Writing to file: src/test/java/edu/yu/dbimpl/testingDirectory/testFileModulePerformance62
Sep 26, 2023 4:20:20 PM edu.yu.dbimpl.file.Page <init>
INFO: Page created with blocksize 50000
Sep 26, 2023 4:20:20 PM edu.yu.dbimpl.file.Page setString
INFO: setString called with offset: 0 and String: Hello, World!62
Sep 26, 2023 4:20:20 PM edu.yu.dbimpl.file.FileMgr append
INFO: append called with filename: testFileModulePerformance63
Sep 26, 2023 4:20:20 PM edu.yu.dbimpl.file.FileMgr append
INFO: Writing to file: src/test/java/edu/yu/dbimpl/testingDirectory/testFileModulePerformance63
Sep 26, 2023 4:20:20 PM edu.yu.dbimpl.file.Page <init>
INFO: Page created with blocksize 50000
Sep 26, 2023 4:20:20 PM edu.yu.dbimpl.file.Page setString
INFO: setString called with offset: 0 and String: Hello, World!63
Sep 26, 2023 4:20:20 PM edu.yu.dbimpl.file.FileMgr append
INFO: append called with filename: testFileModulePerformance64
Sep 26, 2023 4:20:20 PM edu.yu.dbimpl.file.FileMgr append
INFO: Writing to file: src/test/java/edu/yu/dbimpl/testingDirectory/testFileModulePerformance64
Sep 26, 2023 4:20:20 PM edu.yu.dbimpl.file.Page <init>
INFO: Page created with blocksize 50000
Sep 26, 2023 4:20:20 PM edu.yu.dbimpl.file.Page setString
INFO: setString called with offset: 0 and String: Hello, World!64
Sep 26, 2023 4:20:20 PM edu.yu.dbimpl.file.FileMgr append
INFO: append called with filename: testFileModulePerformance65
Sep 26, 2023 4:20:20 PM edu.yu.dbimpl.file.FileMgr append
INFO: Writing to file: src/test/java/edu/yu/dbimpl/testingDirectory/testFileModulePerformance65
Sep 26, 2023 4:20:20 PM edu.yu.dbimpl.file.Page <init>
INFO: Page created with blocksize 50000
Sep 26, 2023 4:20:20 PM edu.yu.dbimpl.file.Page setString
INFO: setString called with offset: 0 and String: Hello, World!65
Sep 26, 2023 4:20:20 PM edu.yu.dbimpl.file.FileMgr append
INFO: append called with filename: testFileModulePerformance66
Sep 26, 2023 4:20:20 PM edu.yu.dbimpl.file.FileMgr append
INFO: Writing to file: src/test/java/edu/yu/dbimpl/testingDirectory/testFileModulePerformance66
Sep 26, 2023 4:20:20 PM edu.yu.dbimpl.file.Page <init>
INFO: Page created with blocksize 50000
Sep 26, 2023 4:20:20 PM edu.yu.dbimpl.file.Page setString
INFO: setString called with offset: 0 and String: Hello, World!66
Sep 26, 2023 4:20:20 PM edu.yu.dbimpl.file.FileMgr append
INFO: append called with filename: testFileModulePerformance67
Sep 26, 2023 4:20:20 PM edu.yu.dbimpl.file.FileMgr append
INFO: Writing to file: src/test/java/edu/yu/dbimpl/testingDirectory/testFileModulePerformance67
Sep 26, 2023 4:20:20 PM edu.yu.dbimpl.file.Page <init>
INFO: Page created with blocksize 50000
Sep 26, 2023 4:20:20 PM edu.yu.dbimpl.file.Page setString
INFO: setString called with offset: 0 and String: Hello, World!67
Sep 26, 2023 4:20:20 PM edu.yu.dbimpl.file.FileMgr append
INFO: append called with filename: testFileModulePerformance68
Sep 26, 2023 4:20:20 PM edu.yu.dbimpl.file.FileMgr append
INFO: Writing to file: src/test/java/edu/yu/dbimpl/testingDirectory/testFileModulePerformance68
Sep 26, 2023 4:20:20 PM edu.yu.dbimpl.file.Page <init>
INFO: Page created with blocksize 50000
Sep 26, 2023 4:20:20 PM edu.yu.dbimpl.file.Page setString
INFO: setString called with offset: 0 and String: Hello, World!68
Sep 26, 2023 4:20:20 PM edu.yu.dbimpl.file.FileMgr append
INFO: append called with filename: testFileModulePerformance69
Sep 26, 2023 4:20:20 PM edu.yu.dbimpl.file.FileMgr append
INFO: Writing to file: src/test/java/edu/yu/dbimpl/testingDirectory/testFileModulePerformance69
Sep 26, 2023 4:20:20 PM edu.yu.dbimpl.file.Page <init>
INFO: Page created with blocksize 50000
Sep 26, 2023 4:20:20 PM edu.yu.dbimpl.file.Page setString
INFO: setString called with offset: 0 and String: Hello, World!69
Sep 26, 2023 4:20:20 PM edu.yu.dbimpl.file.FileMgr append
INFO: append called with filename: testFileModulePerformance70
Sep 26, 2023 4:20:20 PM edu.yu.dbimpl.file.FileMgr append
INFO: Writing to file: src/test/java/edu/yu/dbimpl/testingDirectory/testFileModulePerformance70
Sep 26, 2023 4:20:20 PM edu.yu.dbimpl.file.Page <init>
INFO: Page created with blocksize 50000
Sep 26, 2023 4:20:20 PM edu.yu.dbimpl.file.Page setString
INFO: setString called with offset: 0 and String: Hello, World!70
Sep 26, 2023 4:20:20 PM edu.yu.dbimpl.file.FileMgr append
INFO: append called with filename: testFileModulePerformance71
Sep 26, 2023 4:20:20 PM edu.yu.dbimpl.file.FileMgr append
INFO: Writing to file: src/test/java/edu/yu/dbimpl/testingDirectory/testFileModulePerformance71
Sep 26, 2023 4:20:20 PM edu.yu.dbimpl.file.Page <init>
INFO: Page created with blocksize 50000
Sep 26, 2023 4:20:20 PM edu.yu.dbimpl.file.Page setString
INFO: setString called with offset: 0 and String: Hello, World!71
Sep 26, 2023 4:20:20 PM edu.yu.dbimpl.file.FileMgr append
INFO: append called with filename: testFileModulePerformance72
Sep 26, 2023 4:20:20 PM edu.yu.dbimpl.file.FileMgr append
INFO: Writing to file: src/test/java/edu/yu/dbimpl/testingDirectory/testFileModulePerformance72
Sep 26, 2023 4:20:20 PM edu.yu.dbimpl.file.Page <init>
INFO: Page created with blocksize 50000
Sep 26, 2023 4:20:20 PM edu.yu.dbimpl.file.Page setString
INFO: setString called with offset: 0 and String: Hello, World!72
Sep 26, 2023 4:20:20 PM edu.yu.dbimpl.file.FileMgr append
INFO: append called with filename: testFileModulePerformance73
Sep 26, 2023 4:20:20 PM edu.yu.dbimpl.file.FileMgr append
INFO: Writing to file: src/test/java/edu/yu/dbimpl/testingDirectory/testFileModulePerformance73
Sep 26, 2023 4:20:20 PM edu.yu.dbimpl.file.Page <init>
INFO: Page created with blocksize 50000
Sep 26, 2023 4:20:20 PM edu.yu.dbimpl.file.Page setString
INFO: setString called with offset: 0 and String: Hello, World!73
Sep 26, 2023 4:20:20 PM edu.yu.dbimpl.file.FileMgr append
INFO: append called with filename: testFileModulePerformance74
Sep 26, 2023 4:20:20 PM edu.yu.dbimpl.file.FileMgr append
INFO: Writing to file: src/test/java/edu/yu/dbimpl/testingDirectory/testFileModulePerformance74
Sep 26, 2023 4:20:20 PM edu.yu.dbimpl.file.Page <init>
INFO: Page created with blocksize 50000
Sep 26, 2023 4:20:20 PM edu.yu.dbimpl.file.Page setString
INFO: setString called with offset: 0 and String: Hello, World!74
Sep 26, 2023 4:20:20 PM edu.yu.dbimpl.file.FileMgr append
INFO: append called with filename: testFileModulePerformance75
Sep 26, 2023 4:20:20 PM edu.yu.dbimpl.file.FileMgr append
INFO: Writing to file: src/test/java/edu/yu/dbimpl/testingDirectory/testFileModulePerformance75
Sep 26, 2023 4:20:20 PM edu.yu.dbimpl.file.Page <init>
INFO: Page created with blocksize 50000
Sep 26, 2023 4:20:20 PM edu.yu.dbimpl.file.Page setString
INFO: setString called with offset: 0 and String: Hello, World!75
Sep 26, 2023 4:20:20 PM edu.yu.dbimpl.file.FileMgr append
INFO: append called with filename: testFileModulePerformance76
Sep 26, 2023 4:20:20 PM edu.yu.dbimpl.file.FileMgr append
INFO: Writing to file: src/test/java/edu/yu/dbimpl/testingDirectory/testFileModulePerformance76
Sep 26, 2023 4:20:20 PM edu.yu.dbimpl.file.Page <init>
INFO: Page created with blocksize 50000
Sep 26, 2023 4:20:20 PM edu.yu.dbimpl.file.Page setString
INFO: setString called with offset: 0 and String: Hello, World!76
Sep 26, 2023 4:20:20 PM edu.yu.dbimpl.file.FileMgr append
INFO: append called with filename: testFileModulePerformance77
Sep 26, 2023 4:20:20 PM edu.yu.dbimpl.file.FileMgr append
INFO: Writing to file: src/test/java/edu/yu/dbimpl/testingDirectory/testFileModulePerformance77
Sep 26, 2023 4:20:20 PM edu.yu.dbimpl.file.Page <init>
INFO: Page created with blocksize 50000
Sep 26, 2023 4:20:20 PM edu.yu.dbimpl.file.Page setString
INFO: setString called with offset: 0 and String: Hello, World!77
Sep 26, 2023 4:20:20 PM edu.yu.dbimpl.file.FileMgr append
INFO: append called with filename: testFileModulePerformance78
Sep 26, 2023 4:20:20 PM edu.yu.dbimpl.file.FileMgr append
INFO: Writing to file: src/test/java/edu/yu/dbimpl/testingDirectory/testFileModulePerformance78
Sep 26, 2023 4:20:20 PM edu.yu.dbimpl.file.Page <init>
INFO: Page created with blocksize 50000
Sep 26, 2023 4:20:20 PM edu.yu.dbimpl.file.Page setString
INFO: setString called with offset: 0 and String: Hello, World!78
Sep 26, 2023 4:20:20 PM edu.yu.dbimpl.file.FileMgr append
INFO: append called with filename: testFileModulePerformance79
Sep 26, 2023 4:20:20 PM edu.yu.dbimpl.file.FileMgr append
INFO: Writing to file: src/test/java/edu/yu/dbimpl/testingDirectory/testFileModulePerformance79
Sep 26, 2023 4:20:20 PM edu.yu.dbimpl.file.Page <init>
INFO: Page created with blocksize 50000
Sep 26, 2023 4:20:20 PM edu.yu.dbimpl.file.Page setString
INFO: setString called with offset: 0 and String: Hello, World!79
Sep 26, 2023 4:20:20 PM edu.yu.dbimpl.file.FileMgr append
INFO: append called with filename: testFileModulePerformance80
Sep 26, 2023 4:20:20 PM edu.yu.dbimpl.file.FileMgr append
INFO: Writing to file: src/test/java/edu/yu/dbimpl/testingDirectory/testFileModulePerformance80
Sep 26, 2023 4:20:20 PM edu.yu.dbimpl.file.Page <init>
INFO: Page created with blocksize 50000
Sep 26, 2023 4:20:20 PM edu.yu.dbimpl.file.Page setString
INFO: setString called with offset: 0 and String: Hello, World!80
Sep 26, 2023 4:20:20 PM edu.yu.dbimpl.file.FileMgr append
INFO: append called with filename: testFileModulePerformance81
Sep 26, 2023 4:20:20 PM edu.yu.dbimpl.file.FileMgr append
INFO: Writing to file: src/test/java/edu/yu/dbimpl/testingDirectory/testFileModulePerformance81
Sep 26, 2023 4:20:20 PM edu.yu.dbimpl.file.Page <init>
INFO: Page created with blocksize 50000
Sep 26, 2023 4:20:20 PM edu.yu.dbimpl.file.Page setString
INFO: setString called with offset: 0 and String: Hello, World!81
Sep 26, 2023 4:20:20 PM edu.yu.dbimpl.file.FileMgr append
INFO: append called with filename: testFileModulePerformance82
Sep 26, 2023 4:20:20 PM edu.yu.dbimpl.file.FileMgr append
INFO: Writing to file: src/test/java/edu/yu/dbimpl/testingDirectory/testFileModulePerformance82
Sep 26, 2023 4:20:20 PM edu.yu.dbimpl.file.Page <init>
INFO: Page created with blocksize 50000
Sep 26, 2023 4:20:20 PM edu.yu.dbimpl.file.Page setString
INFO: setString called with offset: 0 and String: Hello, World!82
Sep 26, 2023 4:20:20 PM edu.yu.dbimpl.file.FileMgr append
INFO: append called with filename: testFileModulePerformance83
Sep 26, 2023 4:20:20 PM edu.yu.dbimpl.file.FileMgr append
INFO: Writing to file: src/test/java/edu/yu/dbimpl/testingDirectory/testFileModulePerformance83
Sep 26, 2023 4:20:20 PM edu.yu.dbimpl.file.Page <init>
INFO: Page created with blocksize 50000
Sep 26, 2023 4:20:20 PM edu.yu.dbimpl.file.Page setString
INFO: setString called with offset: 0 and String: Hello, World!83
Sep 26, 2023 4:20:20 PM edu.yu.dbimpl.file.FileMgr append
INFO: append called with filename: testFileModulePerformance84
Sep 26, 2023 4:20:20 PM edu.yu.dbimpl.file.FileMgr append
INFO: Writing to file: src/test/java/edu/yu/dbimpl/testingDirectory/testFileModulePerformance84
Sep 26, 2023 4:20:20 PM edu.yu.dbimpl.file.Page <init>
INFO: Page created with blocksize 50000
Sep 26, 2023 4:20:20 PM edu.yu.dbimpl.file.Page setString
INFO: setString called with offset: 0 and String: Hello, World!84
Sep 26, 2023 4:20:20 PM edu.yu.dbimpl.file.FileMgr append
INFO: append called with filename: testFileModulePerformance85
Sep 26, 2023 4:20:20 PM edu.yu.dbimpl.file.FileMgr append
INFO: Writing to file: src/test/java/edu/yu/dbimpl/testingDirectory/testFileModulePerformance85
Sep 26, 2023 4:20:20 PM edu.yu.dbimpl.file.Page <init>
INFO: Page created with blocksize 50000
Sep 26, 2023 4:20:20 PM edu.yu.dbimpl.file.Page setString
INFO: setString called with offset: 0 and String: Hello, World!85
Sep 26, 2023 4:20:20 PM edu.yu.dbimpl.file.FileMgr append
INFO: append called with filename: testFileModulePerformance86
Sep 26, 2023 4:20:20 PM edu.yu.dbimpl.file.FileMgr append
INFO: Writing to file: src/test/java/edu/yu/dbimpl/testingDirectory/testFileModulePerformance86
Sep 26, 2023 4:20:20 PM edu.yu.dbimpl.file.Page <init>
INFO: Page created with blocksize 50000
Sep 26, 2023 4:20:20 PM edu.yu.dbimpl.file.Page setString
INFO: setString called with offset: 0 and String: Hello, World!86
Sep 26, 2023 4:20:20 PM edu.yu.dbimpl.file.FileMgr append
INFO: append called with filename: testFileModulePerformance87
Sep 26, 2023 4:20:20 PM edu.yu.dbimpl.file.FileMgr append
INFO: Writing to file: src/test/java/edu/yu/dbimpl/testingDirectory/testFileModulePerformance87
Sep 26, 2023 4:20:20 PM edu.yu.dbimpl.file.Page <init>
INFO: Page created with blocksize 50000
Sep 26, 2023 4:20:20 PM edu.yu.dbimpl.file.Page setString
INFO: setString called with offset: 0 and String: Hello, World!87
Sep 26, 2023 4:20:20 PM edu.yu.dbimpl.file.FileMgr append
INFO: append called with filename: testFileModulePerformance88
Sep 26, 2023 4:20:20 PM edu.yu.dbimpl.file.FileMgr append
INFO: Writing to file: src/test/java/edu/yu/dbimpl/testingDirectory/testFileModulePerformance88
Sep 26, 2023 4:20:20 PM edu.yu.dbimpl.file.Page <init>
INFO: Page created with blocksize 50000
Sep 26, 2023 4:20:20 PM edu.yu.dbimpl.file.Page setString
INFO: setString called with offset: 0 and String: Hello, World!88
Sep 26, 2023 4:20:20 PM edu.yu.dbimpl.file.FileMgr append
INFO: append called with filename: testFileModulePerformance89
Sep 26, 2023 4:20:20 PM edu.yu.dbimpl.file.FileMgr append
INFO: Writing to file: src/test/java/edu/yu/dbimpl/testingDirectory/testFileModulePerformance89
Sep 26, 2023 4:20:20 PM edu.yu.dbimpl.file.Page <init>
INFO: Page created with blocksize 50000
Sep 26, 2023 4:20:20 PM edu.yu.dbimpl.file.Page setString
INFO: setString called with offset: 0 and String: Hello, World!89
Sep 26, 2023 4:20:20 PM edu.yu.dbimpl.file.FileMgr append
INFO: append called with filename: testFileModulePerformance90
Sep 26, 2023 4:20:20 PM edu.yu.dbimpl.file.FileMgr append
INFO: Writing to file: src/test/java/edu/yu/dbimpl/testingDirectory/testFileModulePerformance90
Sep 26, 2023 4:20:20 PM edu.yu.dbimpl.file.Page <init>
INFO: Page created with blocksize 50000
Sep 26, 2023 4:20:20 PM edu.yu.dbimpl.file.Page setString
INFO: setString called with offset: 0 and String: Hello, World!90
Sep 26, 2023 4:20:20 PM edu.yu.dbimpl.file.FileMgr append
INFO: append called with filename: testFileModulePerformance91
Sep 26, 2023 4:20:20 PM edu.yu.dbimpl.file.FileMgr append
INFO: Writing to file: src/test/java/edu/yu/dbimpl/testingDirectory/testFileModulePerformance91
Sep 26, 2023 4:20:20 PM edu.yu.dbimpl.file.Page <init>
INFO: Page created with blocksize 50000
Sep 26, 2023 4:20:20 PM edu.yu.dbimpl.file.Page setString
INFO: setString called with offset: 0 and String: Hello, World!91
Sep 26, 2023 4:20:20 PM edu.yu.dbimpl.file.FileMgr append
INFO: append called with filename: testFileModulePerformance92
Sep 26, 2023 4:20:20 PM edu.yu.dbimpl.file.FileMgr append
INFO: Writing to file: src/test/java/edu/yu/dbimpl/testingDirectory/testFileModulePerformance92
Sep 26, 2023 4:20:20 PM edu.yu.dbimpl.file.Page <init>
INFO: Page created with blocksize 50000
Sep 26, 2023 4:20:20 PM edu.yu.dbimpl.file.Page setString
INFO: setString called with offset: 0 and String: Hello, World!92
Sep 26, 2023 4:20:20 PM edu.yu.dbimpl.file.FileMgr append
INFO: append called with filename: testFileModulePerformance93
Sep 26, 2023 4:20:20 PM edu.yu.dbimpl.file.FileMgr append
INFO: Writing to file: src/test/java/edu/yu/dbimpl/testingDirectory/testFileModulePerformance93
Sep 26, 2023 4:20:20 PM edu.yu.dbimpl.file.Page <init>
INFO: Page created with blocksize 50000
Sep 26, 2023 4:20:20 PM edu.yu.dbimpl.file.Page setString
INFO: setString called with offset: 0 and String: Hello, World!93
Sep 26, 2023 4:20:20 PM edu.yu.dbimpl.file.FileMgr append
INFO: append called with filename: testFileModulePerformance94
Sep 26, 2023 4:20:20 PM edu.yu.dbimpl.file.FileMgr append
INFO: Writing to file: src/test/java/edu/yu/dbimpl/testingDirectory/testFileModulePerformance94
Sep 26, 2023 4:20:20 PM edu.yu.dbimpl.file.Page <init>
INFO: Page created with blocksize 50000
Sep 26, 2023 4:20:20 PM edu.yu.dbimpl.file.Page setString
INFO: setString called with offset: 0 and String: Hello, World!94
Sep 26, 2023 4:20:20 PM edu.yu.dbimpl.file.FileMgr append
INFO: append called with filename: testFileModulePerformance95
Sep 26, 2023 4:20:20 PM edu.yu.dbimpl.file.FileMgr append
INFO: Writing to file: src/test/java/edu/yu/dbimpl/testingDirectory/testFileModulePerformance95
Sep 26, 2023 4:20:20 PM edu.yu.dbimpl.file.Page <init>
INFO: Page created with blocksize 50000
Sep 26, 2023 4:20:20 PM edu.yu.dbimpl.file.Page setString
INFO: setString called with offset: 0 and String: Hello, World!95
Sep 26, 2023 4:20:20 PM edu.yu.dbimpl.file.FileMgr append
INFO: append called with filename: testFileModulePerformance96
Sep 26, 2023 4:20:20 PM edu.yu.dbimpl.file.FileMgr append
INFO: Writing to file: src/test/java/edu/yu/dbimpl/testingDirectory/testFileModulePerformance96
Sep 26, 2023 4:20:20 PM edu.yu.dbimpl.file.Page <init>
INFO: Page created with blocksize 50000
Sep 26, 2023 4:20:20 PM edu.yu.dbimpl.file.Page setString
INFO: setString called with offset: 0 and String: Hello, World!96
Sep 26, 2023 4:20:20 PM edu.yu.dbimpl.file.FileMgr append
INFO: append called with filename: testFileModulePerformance97
Sep 26, 2023 4:20:20 PM edu.yu.dbimpl.file.FileMgr append
INFO: Writing to file: src/test/java/edu/yu/dbimpl/testingDirectory/testFileModulePerformance97
Sep 26, 2023 4:20:20 PM edu.yu.dbimpl.file.Page <init>
INFO: Page created with blocksize 50000
Sep 26, 2023 4:20:20 PM edu.yu.dbimpl.file.Page setString
INFO: setString called with offset: 0 and String: Hello, World!97
Sep 26, 2023 4:20:20 PM edu.yu.dbimpl.file.FileMgr append
INFO: append called with filename: testFileModulePerformance98
Sep 26, 2023 4:20:20 PM edu.yu.dbimpl.file.FileMgr append
INFO: Writing to file: src/test/java/edu/yu/dbimpl/testingDirectory/testFileModulePerformance98
Sep 26, 2023 4:20:20 PM edu.yu.dbimpl.file.Page <init>
INFO: Page created with blocksize 50000
Sep 26, 2023 4:20:20 PM edu.yu.dbimpl.file.Page setString
INFO: setString called with offset: 0 and String: Hello, World!98
Sep 26, 2023 4:20:20 PM edu.yu.dbimpl.file.FileMgr append
INFO: append called with filename: testFileModulePerformance99
Sep 26, 2023 4:20:20 PM edu.yu.dbimpl.file.FileMgr append
INFO: Writing to file: src/test/java/edu/yu/dbimpl/testingDirectory/testFileModulePerformance99
Sep 26, 2023 4:20:20 PM edu.yu.dbimpl.file.Page <init>
INFO: Page created with blocksize 50000
Sep 26, 2023 4:20:20 PM edu.yu.dbimpl.file.Page setString
INFO: setString called with offset: 0 and String: Hello, World!99
Sep 26, 2023 4:20:20 PM edu.yu.dbimpl.file.FileMgr append
INFO: append called with filename: testFileModulePerformance100
Sep 26, 2023 4:20:20 PM edu.yu.dbimpl.file.FileMgr append
INFO: Writing to file: src/test/java/edu/yu/dbimpl/testingDirectory/testFileModulePerformance100
Sep 26, 2023 4:20:20 PM edu.yu.dbimpl.file.Page <init>
INFO: Page created with blocksize 50000
Sep 26, 2023 4:20:20 PM edu.yu.dbimpl.file.Page setString
INFO: setString called with offset: 0 and String: Hello, World!100
Sep 26, 2023 4:20:20 PM edu.yu.dbimpl.file.FileMgr append
INFO: append called with filename: testFileModulePerformance101
Sep 26, 2023 4:20:20 PM edu.yu.dbimpl.file.FileMgr append
INFO: Writing to file: src/test/java/edu/yu/dbimpl/testingDirectory/testFileModulePerformance101
Sep 26, 2023 4:20:20 PM edu.yu.dbimpl.file.Page <init>
INFO: Page created with blocksize 50000
Sep 26, 2023 4:20:20 PM edu.yu.dbimpl.file.Page setString
INFO: setString called with offset: 0 and String: Hello, World!101
Sep 26, 2023 4:20:20 PM edu.yu.dbimpl.file.FileMgr append
INFO: append called with filename: testFileModulePerformance102
Sep 26, 2023 4:20:20 PM edu.yu.dbimpl.file.FileMgr append
INFO: Writing to file: src/test/java/edu/yu/dbimpl/testingDirectory/testFileModulePerformance102
Sep 26, 2023 4:20:20 PM edu.yu.dbimpl.file.Page <init>
INFO: Page created with blocksize 50000
Sep 26, 2023 4:20:20 PM edu.yu.dbimpl.file.Page setString
INFO: setString called with offset: 0 and String: Hello, World!102
Sep 26, 2023 4:20:20 PM edu.yu.dbimpl.file.FileMgr append
INFO: append called with filename: testFileModulePerformance103
Sep 26, 2023 4:20:20 PM edu.yu.dbimpl.file.FileMgr append
INFO: Writing to file: src/test/java/edu/yu/dbimpl/testingDirectory/testFileModulePerformance103
Sep 26, 2023 4:20:20 PM edu.yu.dbimpl.file.Page <init>
INFO: Page created with blocksize 50000
Sep 26, 2023 4:20:20 PM edu.yu.dbimpl.file.Page setString
INFO: setString called with offset: 0 and String: Hello, World!103
Sep 26, 2023 4:20:20 PM edu.yu.dbimpl.file.FileMgr append
INFO: append called with filename: testFileModulePerformance104
Sep 26, 2023 4:20:20 PM edu.yu.dbimpl.file.FileMgr append
INFO: Writing to file: src/test/java/edu/yu/dbimpl/testingDirectory/testFileModulePerformance104
Sep 26, 2023 4:20:20 PM edu.yu.dbimpl.file.Page <init>
INFO: Page created with blocksize 50000
Sep 26, 2023 4:20:20 PM edu.yu.dbimpl.file.Page setString
INFO: setString called with offset: 0 and String: Hello, World!104
Sep 26, 2023 4:20:20 PM edu.yu.dbimpl.file.FileMgr append
INFO: append called with filename: testFileModulePerformance105
Sep 26, 2023 4:20:20 PM edu.yu.dbimpl.file.FileMgr append
INFO: Writing to file: src/test/java/edu/yu/dbimpl/testingDirectory/testFileModulePerformance105
Sep 26, 2023 4:20:20 PM edu.yu.dbimpl.file.Page <init>
INFO: Page created with blocksize 50000
Sep 26, 2023 4:20:20 PM edu.yu.dbimpl.file.Page setString
INFO: setString called with offset: 0 and String: Hello, World!105
Sep 26, 2023 4:20:20 PM edu.yu.dbimpl.file.FileMgr append
INFO: append called with filename: testFileModulePerformance106
Sep 26, 2023 4:20:20 PM edu.yu.dbimpl.file.FileMgr append
INFO: Writing to file: src/test/java/edu/yu/dbimpl/testingDirectory/testFileModulePerformance106
Sep 26, 2023 4:20:20 PM edu.yu.dbimpl.file.Page <init>
INFO: Page created with blocksize 50000
Sep 26, 2023 4:20:20 PM edu.yu.dbimpl.file.Page setString
INFO: setString called with offset: 0 and String: Hello, World!106
Sep 26, 2023 4:20:20 PM edu.yu.dbimpl.file.FileMgr append
INFO: append called with filename: testFileModulePerformance107
Sep 26, 2023 4:20:20 PM edu.yu.dbimpl.file.FileMgr append
INFO: Writing to file: src/test/java/edu/yu/dbimpl/testingDirectory/testFileModulePerformance107
Sep 26, 2023 4:20:20 PM edu.yu.dbimpl.file.Page <init>
INFO: Page created with blocksize 50000
Sep 26, 2023 4:20:20 PM edu.yu.dbimpl.file.Page setString
INFO: setString called with offset: 0 and String: Hello, World!107
Sep 26, 2023 4:20:20 PM edu.yu.dbimpl.file.FileMgr append
INFO: append called with filename: testFileModulePerformance108
Sep 26, 2023 4:20:20 PM edu.yu.dbimpl.file.FileMgr append
INFO: Writing to file: src/test/java/edu/yu/dbimpl/testingDirectory/testFileModulePerformance108
Sep 26, 2023 4:20:20 PM edu.yu.dbimpl.file.Page <init>
INFO: Page created with blocksize 50000
Sep 26, 2023 4:20:20 PM edu.yu.dbimpl.file.Page setString
INFO: setString called with offset: 0 and String: Hello, World!108
Sep 26, 2023 4:20:20 PM edu.yu.dbimpl.file.FileMgr append
INFO: append called with filename: testFileModulePerformance109
Sep 26, 2023 4:20:20 PM edu.yu.dbimpl.file.FileMgr append
INFO: Writing to file: src/test/java/edu/yu/dbimpl/testingDirectory/testFileModulePerformance109
Sep 26, 2023 4:20:20 PM edu.yu.dbimpl.file.Page <init>
INFO: Page created with blocksize 50000
Sep 26, 2023 4:20:20 PM edu.yu.dbimpl.file.Page setString
INFO: setString called with offset: 0 and String: Hello, World!109
Sep 26, 2023 4:20:20 PM edu.yu.dbimpl.file.FileMgr append
INFO: append called with filename: testFileModulePerformance110
Sep 26, 2023 4:20:20 PM edu.yu.dbimpl.file.FileMgr append
INFO: Writing to file: src/test/java/edu/yu/dbimpl/testingDirectory/testFileModulePerformance110
Sep 26, 2023 4:20:20 PM edu.yu.dbimpl.file.Page <init>
INFO: Page created with blocksize 50000
Sep 26, 2023 4:20:20 PM edu.yu.dbimpl.file.Page setString
INFO: setString called with offset: 0 and String: Hello, World!110
Sep 26, 2023 4:20:20 PM edu.yu.dbimpl.file.FileMgr append
INFO: append called with filename: testFileModulePerformance111
Sep 26, 2023 4:20:20 PM edu.yu.dbimpl.file.FileMgr append
INFO: Writing to file: src/test/java/edu/yu/dbimpl/testingDirectory/testFileModulePerformance111
Sep 26, 2023 4:20:20 PM edu.yu.dbimpl.file.Page <init>
INFO: Page created with blocksize 50000
Sep 26, 2023 4:20:20 PM edu.yu.dbimpl.file.Page setString
INFO: setString called with offset: 0 and String: Hello, World!111
Sep 26, 2023 4:20:20 PM edu.yu.dbimpl.file.FileMgr append
INFO: append called with filename: testFileModulePerformance112
Sep 26, 2023 4:20:20 PM edu.yu.dbimpl.file.FileMgr append
INFO: Writing to file: src/test/java/edu/yu/dbimpl/testingDirectory/testFileModulePerformance112
Sep 26, 2023 4:20:20 PM edu.yu.dbimpl.file.Page <init>
INFO: Page created with blocksize 50000
Sep 26, 2023 4:20:20 PM edu.yu.dbimpl.file.Page setString
INFO: setString called with offset: 0 and String: Hello, World!112
Sep 26, 2023 4:20:20 PM edu.yu.dbimpl.file.FileMgr append
INFO: append called with filename: testFileModulePerformance113
Sep 26, 2023 4:20:20 PM edu.yu.dbimpl.file.FileMgr append
INFO: Writing to file: src/test/java/edu/yu/dbimpl/testingDirectory/testFileModulePerformance113
Sep 26, 2023 4:20:20 PM edu.yu.dbimpl.file.Page <init>
INFO: Page created with blocksize 50000
Sep 26, 2023 4:20:20 PM edu.yu.dbimpl.file.Page setString
INFO: setString called with offset: 0 and String: Hello, World!113
Sep 26, 2023 4:20:20 PM edu.yu.dbimpl.file.FileMgr append
INFO: append called with filename: testFileModulePerformance114
Sep 26, 2023 4:20:20 PM edu.yu.dbimpl.file.FileMgr append
INFO: Writing to file: src/test/java/edu/yu/dbimpl/testingDirectory/testFileModulePerformance114
Sep 26, 2023 4:20:20 PM edu.yu.dbimpl.file.Page <init>
INFO: Page created with blocksize 50000
Sep 26, 2023 4:20:20 PM edu.yu.dbimpl.file.Page setString
INFO: setString called with offset: 0 and String: Hello, World!114
Sep 26, 2023 4:20:20 PM edu.yu.dbimpl.file.FileMgr append
INFO: append called with filename: testFileModulePerformance115
Sep 26, 2023 4:20:20 PM edu.yu.dbimpl.file.FileMgr append
INFO: Writing to file: src/test/java/edu/yu/dbimpl/testingDirectory/testFileModulePerformance115
Sep 26, 2023 4:20:20 PM edu.yu.dbimpl.file.Page <init>
INFO: Page created with blocksize 50000
Sep 26, 2023 4:20:20 PM edu.yu.dbimpl.file.Page setString
INFO: setString called with offset: 0 and String: Hello, World!115
Sep 26, 2023 4:20:20 PM edu.yu.dbimpl.file.FileMgr append
INFO: append called with filename: testFileModulePerformance116
Sep 26, 2023 4:20:20 PM edu.yu.dbimpl.file.FileMgr append
INFO: Writing to file: src/test/java/edu/yu/dbimpl/testingDirectory/testFileModulePerformance116
Sep 26, 2023 4:20:20 PM edu.yu.dbimpl.file.Page <init>
INFO: Page created with blocksize 50000
Sep 26, 2023 4:20:20 PM edu.yu.dbimpl.file.Page setString
INFO: setString called with offset: 0 and String: Hello, World!116
Sep 26, 2023 4:20:20 PM edu.yu.dbimpl.file.FileMgr append
INFO: append called with filename: testFileModulePerformance117
Sep 26, 2023 4:20:20 PM edu.yu.dbimpl.file.FileMgr append
INFO: Writing to file: src/test/java/edu/yu/dbimpl/testingDirectory/testFileModulePerformance117
Sep 26, 2023 4:20:20 PM edu.yu.dbimpl.file.Page <init>
INFO: Page created with blocksize 50000
Sep 26, 2023 4:20:20 PM edu.yu.dbimpl.file.Page setString
INFO: setString called with offset: 0 and String: Hello, World!117
Sep 26, 2023 4:20:20 PM edu.yu.dbimpl.file.FileMgr append
INFO: append called with filename: testFileModulePerformance118
Sep 26, 2023 4:20:20 PM edu.yu.dbimpl.file.FileMgr append
INFO: Writing to file: src/test/java/edu/yu/dbimpl/testingDirectory/testFileModulePerformance118
Sep 26, 2023 4:20:20 PM edu.yu.dbimpl.file.Page <init>
INFO: Page created with blocksize 50000
Sep 26, 2023 4:20:20 PM edu.yu.dbimpl.file.Page setString
INFO: setString called with offset: 0 and String: Hello, World!118
Sep 26, 2023 4:20:20 PM edu.yu.dbimpl.file.FileMgr append
INFO: append called with filename: testFileModulePerformance119
Sep 26, 2023 4:20:20 PM edu.yu.dbimpl.file.FileMgr append
INFO: Writing to file: src/test/java/edu/yu/dbimpl/testingDirectory/testFileModulePerformance119
Sep 26, 2023 4:20:20 PM edu.yu.dbimpl.file.Page <init>
INFO: Page created with blocksize 50000
Sep 26, 2023 4:20:20 PM edu.yu.dbimpl.file.Page setString
INFO: setString called with offset: 0 and String: Hello, World!119
Sep 26, 2023 4:20:20 PM edu.yu.dbimpl.file.FileMgr append
INFO: append called with filename: testFileModulePerformance120
Sep 26, 2023 4:20:20 PM edu.yu.dbimpl.file.FileMgr append
INFO: Writing to file: src/test/java/edu/yu/dbimpl/testingDirectory/testFileModulePerformance120
Sep 26, 2023 4:20:20 PM edu.yu.dbimpl.file.Page <init>
INFO: Page created with blocksize 50000
Sep 26, 2023 4:20:20 PM edu.yu.dbimpl.file.Page setString
INFO: setString called with offset: 0 and String: Hello, World!120
Sep 26, 2023 4:20:20 PM edu.yu.dbimpl.file.FileMgr append
INFO: append called with filename: testFileModulePerformance121
Sep 26, 2023 4:20:20 PM edu.yu.dbimpl.file.FileMgr append
INFO: Writing to file: src/test/java/edu/yu/dbimpl/testingDirectory/testFileModulePerformance121
Sep 26, 2023 4:20:20 PM edu.yu.dbimpl.file.Page <init>
INFO: Page created with blocksize 50000
Sep 26, 2023 4:20:20 PM edu.yu.dbimpl.file.Page setString
INFO: setString called with offset: 0 and String: Hello, World!121
Sep 26, 2023 4:20:20 PM edu.yu.dbimpl.file.FileMgr append
INFO: append called with filename: testFileModulePerformance122
Sep 26, 2023 4:20:20 PM edu.yu.dbimpl.file.FileMgr append
INFO: Writing to file: src/test/java/edu/yu/dbimpl/testingDirectory/testFileModulePerformance122
Sep 26, 2023 4:20:20 PM edu.yu.dbimpl.file.Page <init>
INFO: Page created with blocksize 50000
Sep 26, 2023 4:20:20 PM edu.yu.dbimpl.file.Page setString
INFO: setString called with offset: 0 and String: Hello, World!122
Sep 26, 2023 4:20:20 PM edu.yu.dbimpl.file.FileMgr append
INFO: append called with filename: testFileModulePerformance123
Sep 26, 2023 4:20:20 PM edu.yu.dbimpl.file.FileMgr append
INFO: Writing to file: src/test/java/edu/yu/dbimpl/testingDirectory/testFileModulePerformance123
Sep 26, 2023 4:20:20 PM edu.yu.dbimpl.file.Page <init>
INFO: Page created with blocksize 50000
Sep 26, 2023 4:20:20 PM edu.yu.dbimpl.file.Page setString
INFO: setString called with offset: 0 and String: Hello, World!123
Sep 26, 2023 4:20:20 PM edu.yu.dbimpl.file.FileMgr append
INFO: append called with filename: testFileModulePerformance124
Sep 26, 2023 4:20:20 PM edu.yu.dbimpl.file.FileMgr append
INFO: Writing to file: src/test/java/edu/yu/dbimpl/testingDirectory/testFileModulePerformance124
Sep 26, 2023 4:20:20 PM edu.yu.dbimpl.file.Page <init>
INFO: Page created with blocksize 50000
Sep 26, 2023 4:20:20 PM edu.yu.dbimpl.file.Page setString
INFO: setString called with offset: 0 and String: Hello, World!124
Sep 26, 2023 4:20:20 PM edu.yu.dbimpl.file.FileMgr append
INFO: append called with filename: testFileModulePerformance125
Sep 26, 2023 4:20:20 PM edu.yu.dbimpl.file.FileMgr append
INFO: Writing to file: src/test/java/edu/yu/dbimpl/testingDirectory/testFileModulePerformance125
Sep 26, 2023 4:20:20 PM edu.yu.dbimpl.file.Page <init>
INFO: Page created with blocksize 50000
Sep 26, 2023 4:20:20 PM edu.yu.dbimpl.file.Page setString
INFO: setString called with offset: 0 and String: Hello, World!125
Sep 26, 2023 4:20:20 PM edu.yu.dbimpl.file.FileMgr append
INFO: append called with filename: testFileModulePerformance126
Sep 26, 2023 4:20:20 PM edu.yu.dbimpl.file.FileMgr append
INFO: Writing to file: src/test/java/edu/yu/dbimpl/testingDirectory/testFileModulePerformance126
Sep 26, 2023 4:20:20 PM edu.yu.dbimpl.file.Page <init>
INFO: Page created with blocksize 50000
Sep 26, 2023 4:20:20 PM edu.yu.dbimpl.file.Page setString
INFO: setString called with offset: 0 and String: Hello, World!126
Sep 26, 2023 4:20:20 PM edu.yu.dbimpl.file.FileMgr append
INFO: append called with filename: testFileModulePerformance127
Sep 26, 2023 4:20:20 PM edu.yu.dbimpl.file.FileMgr append
INFO: Writing to file: src/test/java/edu/yu/dbimpl/testingDirectory/testFileModulePerformance127
Sep 26, 2023 4:20:20 PM edu.yu.dbimpl.file.Page <init>
INFO: Page created with blocksize 50000
Sep 26, 2023 4:20:20 PM edu.yu.dbimpl.file.Page setString
INFO: setString called with offset: 0 and String: Hello, World!127
Sep 26, 2023 4:20:20 PM edu.yu.dbimpl.file.FileMgr append
INFO: append called with filename: testFileModulePerformance128
Sep 26, 2023 4:20:20 PM edu.yu.dbimpl.file.FileMgr append
INFO: Writing to file: src/test/java/edu/yu/dbimpl/testingDirectory/testFileModulePerformance128
Sep 26, 2023 4:20:20 PM edu.yu.dbimpl.file.Page <init>
INFO: Page created with blocksize 50000
Sep 26, 2023 4:20:20 PM edu.yu.dbimpl.file.Page setString
INFO: setString called with offset: 0 and String: Hello, World!128
Sep 26, 2023 4:20:20 PM edu.yu.dbimpl.file.FileMgr append
INFO: append called with filename: testFileModulePerformance129
Sep 26, 2023 4:20:20 PM edu.yu.dbimpl.file.FileMgr append
INFO: Writing to file: src/test/java/edu/yu/dbimpl/testingDirectory/testFileModulePerformance129
Sep 26, 2023 4:20:20 PM edu.yu.dbimpl.file.Page <init>
INFO: Page created with blocksize 50000
Sep 26, 2023 4:20:20 PM edu.yu.dbimpl.file.Page setString
INFO: setString called with offset: 0 and String: Hello, World!129
Sep 26, 2023 4:20:20 PM edu.yu.dbimpl.file.FileMgr append
INFO: append called with filename: testFileModulePerformance130
Sep 26, 2023 4:20:20 PM edu.yu.dbimpl.file.FileMgr append
INFO: Writing to file: src/test/java/edu/yu/dbimpl/testingDirectory/testFileModulePerformance130
Sep 26, 2023 4:20:20 PM edu.yu.dbimpl.file.Page <init>
INFO: Page created with blocksize 50000
Sep 26, 2023 4:20:20 PM edu.yu.dbimpl.file.Page setString
INFO: setString called with offset: 0 and String: Hello, World!130
Sep 26, 2023 4:20:20 PM edu.yu.dbimpl.file.FileMgr append
INFO: append called with filename: testFileModulePerformance131
Sep 26, 2023 4:20:20 PM edu.yu.dbimpl.file.FileMgr append
INFO: Writing to file: src/test/java/edu/yu/dbimpl/testingDirectory/testFileModulePerformance131
Sep 26, 2023 4:20:20 PM edu.yu.dbimpl.file.Page <init>
INFO: Page created with blocksize 50000
Sep 26, 2023 4:20:20 PM edu.yu.dbimpl.file.Page setString
INFO: setString called with offset: 0 and String: Hello, World!131
Sep 26, 2023 4:20:20 PM edu.yu.dbimpl.file.FileMgr append
INFO: append called with filename: testFileModulePerformance132
Sep 26, 2023 4:20:20 PM edu.yu.dbimpl.file.FileMgr append
INFO: Writing to file: src/test/java/edu/yu/dbimpl/testingDirectory/testFileModulePerformance132
Sep 26, 2023 4:20:20 PM edu.yu.dbimpl.file.Page <init>
INFO: Page created with blocksize 50000
Sep 26, 2023 4:20:20 PM edu.yu.dbimpl.file.Page setString
INFO: setString called with offset: 0 and String: Hello, World!132
Sep 26, 2023 4:20:20 PM edu.yu.dbimpl.file.FileMgr append
INFO: append called with filename: testFileModulePerformance133
Sep 26, 2023 4:20:20 PM edu.yu.dbimpl.file.FileMgr append
INFO: Writing to file: src/test/java/edu/yu/dbimpl/testingDirectory/testFileModulePerformance133
Sep 26, 2023 4:20:20 PM edu.yu.dbimpl.file.Page <init>
INFO: Page created with blocksize 50000
Sep 26, 2023 4:20:20 PM edu.yu.dbimpl.file.Page setString
INFO: setString called with offset: 0 and String: Hello, World!133
Sep 26, 2023 4:20:20 PM edu.yu.dbimpl.file.FileMgr append
INFO: append called with filename: testFileModulePerformance134
Sep 26, 2023 4:20:20 PM edu.yu.dbimpl.file.FileMgr append
INFO: Writing to file: src/test/java/edu/yu/dbimpl/testingDirectory/testFileModulePerformance134
Sep 26, 2023 4:20:20 PM edu.yu.dbimpl.file.Page <init>
INFO: Page created with blocksize 50000
Sep 26, 2023 4:20:20 PM edu.yu.dbimpl.file.Page setString
INFO: setString called with offset: 0 and String: Hello, World!134
Sep 26, 2023 4:20:20 PM edu.yu.dbimpl.file.FileMgr append
INFO: append called with filename: testFileModulePerformance135
Sep 26, 2023 4:20:20 PM edu.yu.dbimpl.file.FileMgr append
INFO: Writing to file: src/test/java/edu/yu/dbimpl/testingDirectory/testFileModulePerformance135
Sep 26, 2023 4:20:20 PM edu.yu.dbimpl.file.Page <init>
INFO: Page created with blocksize 50000
Sep 26, 2023 4:20:20 PM edu.yu.dbimpl.file.Page setString
INFO: setString called with offset: 0 and String: Hello, World!135
Sep 26, 2023 4:20:20 PM edu.yu.dbimpl.file.FileMgr append
INFO: append called with filename: testFileModulePerformance136
Sep 26, 2023 4:20:20 PM edu.yu.dbimpl.file.FileMgr append
INFO: Writing to file: src/test/java/edu/yu/dbimpl/testingDirectory/testFileModulePerformance136
Sep 26, 2023 4:20:20 PM edu.yu.dbimpl.file.Page <init>
INFO: Page created with blocksize 50000
Sep 26, 2023 4:20:20 PM edu.yu.dbimpl.file.Page setString
INFO: setString called with offset: 0 and String: Hello, World!136
Sep 26, 2023 4:20:20 PM edu.yu.dbimpl.file.FileMgr append
INFO: append called with filename: testFileModulePerformance137
Sep 26, 2023 4:20:20 PM edu.yu.dbimpl.file.FileMgr append
INFO: Writing to file: src/test/java/edu/yu/dbimpl/testingDirectory/testFileModulePerformance137
Sep 26, 2023 4:20:20 PM edu.yu.dbimpl.file.Page <init>
INFO: Page created with blocksize 50000
Sep 26, 2023 4:20:20 PM edu.yu.dbimpl.file.Page setString
INFO: setString called with offset: 0 and String: Hello, World!137
Sep 26, 2023 4:20:20 PM edu.yu.dbimpl.file.FileMgr append
INFO: append called with filename: testFileModulePerformance138
Sep 26, 2023 4:20:20 PM edu.yu.dbimpl.file.FileMgr append
INFO: Writing to file: src/test/java/edu/yu/dbimpl/testingDirectory/testFileModulePerformance138
Sep 26, 2023 4:20:20 PM edu.yu.dbimpl.file.Page <init>
INFO: Page created with blocksize 50000
Sep 26, 2023 4:20:20 PM edu.yu.dbimpl.file.Page setString
INFO: setString called with offset: 0 and String: Hello, World!138
Sep 26, 2023 4:20:20 PM edu.yu.dbimpl.file.FileMgr append
INFO: append called with filename: testFileModulePerformance139
Sep 26, 2023 4:20:20 PM edu.yu.dbimpl.file.FileMgr append
INFO: Writing to file: src/test/java/edu/yu/dbimpl/testingDirectory/testFileModulePerformance139
Sep 26, 2023 4:20:20 PM edu.yu.dbimpl.file.Page <init>
INFO: Page created with blocksize 50000
Sep 26, 2023 4:20:20 PM edu.yu.dbimpl.file.Page setString
INFO: setString called with offset: 0 and String: Hello, World!139
Sep 26, 2023 4:20:20 PM edu.yu.dbimpl.file.FileMgr append
INFO: append called with filename: testFileModulePerformance140
Sep 26, 2023 4:20:20 PM edu.yu.dbimpl.file.FileMgr append
INFO: Writing to file: src/test/java/edu/yu/dbimpl/testingDirectory/testFileModulePerformance140
Sep 26, 2023 4:20:20 PM edu.yu.dbimpl.file.Page <init>
INFO: Page created with blocksize 50000
Sep 26, 2023 4:20:20 PM edu.yu.dbimpl.file.Page setString
INFO: setString called with offset: 0 and String: Hello, World!140
Sep 26, 2023 4:20:20 PM edu.yu.dbimpl.file.FileMgr append
INFO: append called with filename: testFileModulePerformance141
Sep 26, 2023 4:20:20 PM edu.yu.dbimpl.file.FileMgr append
INFO: Writing to file: src/test/java/edu/yu/dbimpl/testingDirectory/testFileModulePerformance141
Sep 26, 2023 4:20:20 PM edu.yu.dbimpl.file.Page <init>
INFO: Page created with blocksize 50000
Sep 26, 2023 4:20:20 PM edu.yu.dbimpl.file.Page setString
INFO: setString called with offset: 0 and String: Hello, World!141
Sep 26, 2023 4:20:20 PM edu.yu.dbimpl.file.FileMgr append
INFO: append called with filename: testFileModulePerformance142
Sep 26, 2023 4:20:20 PM edu.yu.dbimpl.file.FileMgr append
INFO: Writing to file: src/test/java/edu/yu/dbimpl/testingDirectory/testFileModulePerformance142
Sep 26, 2023 4:20:20 PM edu.yu.dbimpl.file.Page <init>
INFO: Page created with blocksize 50000
Sep 26, 2023 4:20:20 PM edu.yu.dbimpl.file.Page setString
INFO: setString called with offset: 0 and String: Hello, World!142
Sep 26, 2023 4:20:20 PM edu.yu.dbimpl.file.FileMgr append
INFO: append called with filename: testFileModulePerformance143
Sep 26, 2023 4:20:20 PM edu.yu.dbimpl.file.FileMgr append
INFO: Writing to file: src/test/java/edu/yu/dbimpl/testingDirectory/testFileModulePerformance143
Sep 26, 2023 4:20:20 PM edu.yu.dbimpl.file.Page <init>
INFO: Page created with blocksize 50000
Sep 26, 2023 4:20:20 PM edu.yu.dbimpl.file.Page setString
INFO: setString called with offset: 0 and String: Hello, World!143
Sep 26, 2023 4:20:20 PM edu.yu.dbimpl.file.FileMgr append
INFO: append called with filename: testFileModulePerformance144
Sep 26, 2023 4:20:20 PM edu.yu.dbimpl.file.FileMgr append
INFO: Writing to file: src/test/java/edu/yu/dbimpl/testingDirectory/testFileModulePerformance144
Sep 26, 2023 4:20:20 PM edu.yu.dbimpl.file.Page <init>
INFO: Page created with blocksize 50000
Sep 26, 2023 4:20:20 PM edu.yu.dbimpl.file.Page setString
INFO: setString called with offset: 0 and String: Hello, World!144
Sep 26, 2023 4:20:20 PM edu.yu.dbimpl.file.FileMgr append
INFO: append called with filename: testFileModulePerformance145
Sep 26, 2023 4:20:20 PM edu.yu.dbimpl.file.FileMgr append
INFO: Writing to file: src/test/java/edu/yu/dbimpl/testingDirectory/testFileModulePerformance145
Sep 26, 2023 4:20:20 PM edu.yu.dbimpl.file.Page <init>
INFO: Page created with blocksize 50000
Sep 26, 2023 4:20:20 PM edu.yu.dbimpl.file.Page setString
INFO: setString called with offset: 0 and String: Hello, World!145
Sep 26, 2023 4:20:20 PM edu.yu.dbimpl.file.FileMgr append
INFO: append called with filename: testFileModulePerformance146
Sep 26, 2023 4:20:20 PM edu.yu.dbimpl.file.FileMgr append
INFO: Writing to file: src/test/java/edu/yu/dbimpl/testingDirectory/testFileModulePerformance146
Sep 26, 2023 4:20:20 PM edu.yu.dbimpl.file.Page <init>
INFO: Page created with blocksize 50000
Sep 26, 2023 4:20:20 PM edu.yu.dbimpl.file.Page setString
INFO: setString called with offset: 0 and String: Hello, World!146
Sep 26, 2023 4:20:20 PM edu.yu.dbimpl.file.FileMgr append
INFO: append called with filename: testFileModulePerformance147
Sep 26, 2023 4:20:20 PM edu.yu.dbimpl.file.FileMgr append
INFO: Writing to file: src/test/java/edu/yu/dbimpl/testingDirectory/testFileModulePerformance147
Sep 26, 2023 4:20:20 PM edu.yu.dbimpl.file.Page <init>
INFO: Page created with blocksize 50000
Sep 26, 2023 4:20:20 PM edu.yu.dbimpl.file.Page setString
INFO: setString called with offset: 0 and String: Hello, World!147
Sep 26, 2023 4:20:20 PM edu.yu.dbimpl.file.FileMgr append
INFO: append called with filename: testFileModulePerformance148
Sep 26, 2023 4:20:20 PM edu.yu.dbimpl.file.FileMgr append
INFO: Writing to file: src/test/java/edu/yu/dbimpl/testingDirectory/testFileModulePerformance148
Sep 26, 2023 4:20:20 PM edu.yu.dbimpl.file.Page <init>
INFO: Page created with blocksize 50000
Sep 26, 2023 4:20:20 PM edu.yu.dbimpl.file.Page setString
INFO: setString called with offset: 0 and String: Hello, World!148
Sep 26, 2023 4:20:20 PM edu.yu.dbimpl.file.FileMgr append
INFO: append called with filename: testFileModulePerformance149
Sep 26, 2023 4:20:20 PM edu.yu.dbimpl.file.FileMgr append
INFO: Writing to file: src/test/java/edu/yu/dbimpl/testingDirectory/testFileModulePerformance149
Sep 26, 2023 4:20:20 PM edu.yu.dbimpl.file.Page <init>
INFO: Page created with blocksize 50000
Sep 26, 2023 4:20:20 PM edu.yu.dbimpl.file.Page setString
INFO: setString called with offset: 0 and String: Hello, World!149
Sep 26, 2023 4:20:20 PM edu.yu.dbimpl.file.FileMgr append
INFO: append called with filename: testFileModulePerformance150
Sep 26, 2023 4:20:20 PM edu.yu.dbimpl.file.FileMgr append
INFO: Writing to file: src/test/java/edu/yu/dbimpl/testingDirectory/testFileModulePerformance150
Sep 26, 2023 4:20:20 PM edu.yu.dbimpl.file.Page <init>
INFO: Page created with blocksize 50000
Sep 26, 2023 4:20:20 PM edu.yu.dbimpl.file.Page setString
INFO: setString called with offset: 0 and String: Hello, World!150
Sep 26, 2023 4:20:20 PM edu.yu.dbimpl.file.FileMgr append
INFO: append called with filename: testFileModulePerformance151
Sep 26, 2023 4:20:20 PM edu.yu.dbimpl.file.FileMgr append
INFO: Writing to file: src/test/java/edu/yu/dbimpl/testingDirectory/testFileModulePerformance151
Sep 26, 2023 4:20:20 PM edu.yu.dbimpl.file.Page <init>
INFO: Page created with blocksize 50000
Sep 26, 2023 4:20:20 PM edu.yu.dbimpl.file.Page setString
INFO: setString called with offset: 0 and String: Hello, World!151
Sep 26, 2023 4:20:20 PM edu.yu.dbimpl.file.FileMgr append
INFO: append called with filename: testFileModulePerformance152
Sep 26, 2023 4:20:20 PM edu.yu.dbimpl.file.FileMgr append
INFO: Writing to file: src/test/java/edu/yu/dbimpl/testingDirectory/testFileModulePerformance152
Sep 26, 2023 4:20:20 PM edu.yu.dbimpl.file.Page <init>
INFO: Page created with blocksize 50000
Sep 26, 2023 4:20:20 PM edu.yu.dbimpl.file.Page setString
INFO: setString called with offset: 0 and String: Hello, World!152
Sep 26, 2023 4:20:20 PM edu.yu.dbimpl.file.FileMgr append
INFO: append called with filename: testFileModulePerformance153
Sep 26, 2023 4:20:20 PM edu.yu.dbimpl.file.FileMgr append
INFO: Writing to file: src/test/java/edu/yu/dbimpl/testingDirectory/testFileModulePerformance153
Sep 26, 2023 4:20:20 PM edu.yu.dbimpl.file.Page <init>
INFO: Page created with blocksize 50000
Sep 26, 2023 4:20:20 PM edu.yu.dbimpl.file.Page setString
INFO: setString called with offset: 0 and String: Hello, World!153
Sep 26, 2023 4:20:20 PM edu.yu.dbimpl.file.FileMgr append
INFO: append called with filename: testFileModulePerformance154
Sep 26, 2023 4:20:20 PM edu.yu.dbimpl.file.FileMgr append
INFO: Writing to file: src/test/java/edu/yu/dbimpl/testingDirectory/testFileModulePerformance154
Sep 26, 2023 4:20:20 PM edu.yu.dbimpl.file.Page <init>
INFO: Page created with blocksize 50000
Sep 26, 2023 4:20:20 PM edu.yu.dbimpl.file.Page setString
INFO: setString called with offset: 0 and String: Hello, World!154
Sep 26, 2023 4:20:20 PM edu.yu.dbimpl.file.FileMgr append
INFO: append called with filename: testFileModulePerformance155
Sep 26, 2023 4:20:20 PM edu.yu.dbimpl.file.FileMgr append
INFO: Writing to file: src/test/java/edu/yu/dbimpl/testingDirectory/testFileModulePerformance155
Sep 26, 2023 4:20:20 PM edu.yu.dbimpl.file.Page <init>
INFO: Page created with blocksize 50000
Sep 26, 2023 4:20:20 PM edu.yu.dbimpl.file.Page setString
INFO: setString called with offset: 0 and String: Hello, World!155
Sep 26, 2023 4:20:20 PM edu.yu.dbimpl.file.FileMgr append
INFO: append called with filename: testFileModulePerformance156
Sep 26, 2023 4:20:20 PM edu.yu.dbimpl.file.FileMgr append
INFO: Writing to file: src/test/java/edu/yu/dbimpl/testingDirectory/testFileModulePerformance156
Sep 26, 2023 4:20:20 PM edu.yu.dbimpl.file.Page <init>
INFO: Page created with blocksize 50000
Sep 26, 2023 4:20:20 PM edu.yu.dbimpl.file.Page setString
INFO: setString called with offset: 0 and String: Hello, World!156
Sep 26, 2023 4:20:20 PM edu.yu.dbimpl.file.FileMgr append
INFO: append called with filename: testFileModulePerformance157
Sep 26, 2023 4:20:20 PM edu.yu.dbimpl.file.FileMgr append
INFO: Writing to file: src/test/java/edu/yu/dbimpl/testingDirectory/testFileModulePerformance157
Sep 26, 2023 4:20:20 PM edu.yu.dbimpl.file.Page <init>
INFO: Page created with blocksize 50000
Sep 26, 2023 4:20:20 PM edu.yu.dbimpl.file.Page setString
INFO: setString called with offset: 0 and String: Hello, World!157
Sep 26, 2023 4:20:20 PM edu.yu.dbimpl.file.FileMgr append
INFO: append called with filename: testFileModulePerformance158
Sep 26, 2023 4:20:20 PM edu.yu.dbimpl.file.FileMgr append
INFO: Writing to file: src/test/java/edu/yu/dbimpl/testingDirectory/testFileModulePerformance158
Sep 26, 2023 4:20:20 PM edu.yu.dbimpl.file.Page <init>
INFO: Page created with blocksize 50000
Sep 26, 2023 4:20:20 PM edu.yu.dbimpl.file.Page setString
INFO: setString called with offset: 0 and String: Hello, World!158
Sep 26, 2023 4:20:20 PM edu.yu.dbimpl.file.FileMgr append
INFO: append called with filename: testFileModulePerformance159
Sep 26, 2023 4:20:20 PM edu.yu.dbimpl.file.FileMgr append
INFO: Writing to file: src/test/java/edu/yu/dbimpl/testingDirectory/testFileModulePerformance159
Sep 26, 2023 4:20:20 PM edu.yu.dbimpl.file.Page <init>
INFO: Page created with blocksize 50000
Sep 26, 2023 4:20:20 PM edu.yu.dbimpl.file.Page setString
INFO: setString called with offset: 0 and String: Hello, World!159
Sep 26, 2023 4:20:20 PM edu.yu.dbimpl.file.FileMgr append
INFO: append called with filename: testFileModulePerformance160
Sep 26, 2023 4:20:20 PM edu.yu.dbimpl.file.FileMgr append
INFO: Writing to file: src/test/java/edu/yu/dbimpl/testingDirectory/testFileModulePerformance160
Sep 26, 2023 4:20:20 PM edu.yu.dbimpl.file.Page <init>
INFO: Page created with blocksize 50000
Sep 26, 2023 4:20:20 PM edu.yu.dbimpl.file.Page setString
INFO: setString called with offset: 0 and String: Hello, World!160
Sep 26, 2023 4:20:20 PM edu.yu.dbimpl.file.FileMgr append
INFO: append called with filename: testFileModulePerformance161
Sep 26, 2023 4:20:20 PM edu.yu.dbimpl.file.FileMgr append
INFO: Writing to file: src/test/java/edu/yu/dbimpl/testingDirectory/testFileModulePerformance161
Sep 26, 2023 4:20:20 PM edu.yu.dbimpl.file.Page <init>
INFO: Page created with blocksize 50000
Sep 26, 2023 4:20:20 PM edu.yu.dbimpl.file.Page setString
INFO: setString called with offset: 0 and String: Hello, World!161
Sep 26, 2023 4:20:20 PM edu.yu.dbimpl.file.FileMgr append
INFO: append called with filename: testFileModulePerformance162
Sep 26, 2023 4:20:20 PM edu.yu.dbimpl.file.FileMgr append
INFO: Writing to file: src/test/java/edu/yu/dbimpl/testingDirectory/testFileModulePerformance162
Sep 26, 2023 4:20:20 PM edu.yu.dbimpl.file.Page <init>
INFO: Page created with blocksize 50000
Sep 26, 2023 4:20:20 PM edu.yu.dbimpl.file.Page setString
INFO: setString called with offset: 0 and String: Hello, World!162
Sep 26, 2023 4:20:20 PM edu.yu.dbimpl.file.FileMgr append
INFO: append called with filename: testFileModulePerformance163
Sep 26, 2023 4:20:20 PM edu.yu.dbimpl.file.FileMgr append
INFO: Writing to file: src/test/java/edu/yu/dbimpl/testingDirectory/testFileModulePerformance163
Sep 26, 2023 4:20:20 PM edu.yu.dbimpl.file.Page <init>
INFO: Page created with blocksize 50000
Sep 26, 2023 4:20:20 PM edu.yu.dbimpl.file.Page setString
INFO: setString called with offset: 0 and String: Hello, World!163
Sep 26, 2023 4:20:20 PM edu.yu.dbimpl.file.FileMgr append
INFO: append called with filename: testFileModulePerformance164
Sep 26, 2023 4:20:20 PM edu.yu.dbimpl.file.FileMgr append
INFO: Writing to file: src/test/java/edu/yu/dbimpl/testingDirectory/testFileModulePerformance164
Sep 26, 2023 4:20:20 PM edu.yu.dbimpl.file.Page <init>
INFO: Page created with blocksize 50000
Sep 26, 2023 4:20:20 PM edu.yu.dbimpl.file.Page setString
INFO: setString called with offset: 0 and String: Hello, World!164
Sep 26, 2023 4:20:20 PM edu.yu.dbimpl.file.FileMgr append
INFO: append called with filename: testFileModulePerformance165
Sep 26, 2023 4:20:20 PM edu.yu.dbimpl.file.FileMgr append
INFO: Writing to file: src/test/java/edu/yu/dbimpl/testingDirectory/testFileModulePerformance165
Sep 26, 2023 4:20:20 PM edu.yu.dbimpl.file.Page <init>
INFO: Page created with blocksize 50000
Sep 26, 2023 4:20:20 PM edu.yu.dbimpl.file.Page setString
INFO: setString called with offset: 0 and String: Hello, World!165
Sep 26, 2023 4:20:20 PM edu.yu.dbimpl.file.FileMgr append
INFO: append called with filename: testFileModulePerformance166
Sep 26, 2023 4:20:20 PM edu.yu.dbimpl.file.FileMgr append
INFO: Writing to file: src/test/java/edu/yu/dbimpl/testingDirectory/testFileModulePerformance166
Sep 26, 2023 4:20:20 PM edu.yu.dbimpl.file.Page <init>
INFO: Page created with blocksize 50000
Sep 26, 2023 4:20:20 PM edu.yu.dbimpl.file.Page setString
INFO: setString called with offset: 0 and String: Hello, World!166
Sep 26, 2023 4:20:20 PM edu.yu.dbimpl.file.FileMgr append
INFO: append called with filename: testFileModulePerformance167
Sep 26, 2023 4:20:20 PM edu.yu.dbimpl.file.FileMgr append
INFO: Writing to file: src/test/java/edu/yu/dbimpl/testingDirectory/testFileModulePerformance167
Sep 26, 2023 4:20:20 PM edu.yu.dbimpl.file.Page <init>
INFO: Page created with blocksize 50000
Sep 26, 2023 4:20:20 PM edu.yu.dbimpl.file.Page setString
INFO: setString called with offset: 0 and String: Hello, World!167
Sep 26, 2023 4:20:20 PM edu.yu.dbimpl.file.FileMgr append
INFO: append called with filename: testFileModulePerformance168
Sep 26, 2023 4:20:20 PM edu.yu.dbimpl.file.FileMgr append
INFO: Writing to file: src/test/java/edu/yu/dbimpl/testingDirectory/testFileModulePerformance168
Sep 26, 2023 4:20:20 PM edu.yu.dbimpl.file.Page <init>
INFO: Page created with blocksize 50000
Sep 26, 2023 4:20:20 PM edu.yu.dbimpl.file.Page setString
INFO: setString called with offset: 0 and String: Hello, World!168
Sep 26, 2023 4:20:20 PM edu.yu.dbimpl.file.FileMgr append
INFO: append called with filename: testFileModulePerformance169
Sep 26, 2023 4:20:20 PM edu.yu.dbimpl.file.FileMgr append
INFO: Writing to file: src/test/java/edu/yu/dbimpl/testingDirectory/testFileModulePerformance169
Sep 26, 2023 4:20:20 PM edu.yu.dbimpl.file.Page <init>
INFO: Page created with blocksize 50000
Sep 26, 2023 4:20:20 PM edu.yu.dbimpl.file.Page setString
INFO: setString called with offset: 0 and String: Hello, World!169
Sep 26, 2023 4:20:20 PM edu.yu.dbimpl.file.FileMgr append
INFO: append called with filename: testFileModulePerformance170
Sep 26, 2023 4:20:20 PM edu.yu.dbimpl.file.FileMgr append
INFO: Writing to file: src/test/java/edu/yu/dbimpl/testingDirectory/testFileModulePerformance170
Sep 26, 2023 4:20:20 PM edu.yu.dbimpl.file.Page <init>
INFO: Page created with blocksize 50000
Sep 26, 2023 4:20:20 PM edu.yu.dbimpl.file.Page setString
INFO: setString called with offset: 0 and String: Hello, World!170
Sep 26, 2023 4:20:20 PM edu.yu.dbimpl.file.FileMgr append
INFO: append called with filename: testFileModulePerformance171
Sep 26, 2023 4:20:20 PM edu.yu.dbimpl.file.FileMgr append
INFO: Writing to file: src/test/java/edu/yu/dbimpl/testingDirectory/testFileModulePerformance171
Sep 26, 2023 4:20:20 PM edu.yu.dbimpl.file.Page <init>
INFO: Page created with blocksize 50000
Sep 26, 2023 4:20:20 PM edu.yu.dbimpl.file.Page setString
INFO: setString called with offset: 0 and String: Hello, World!171
Sep 26, 2023 4:20:20 PM edu.yu.dbimpl.file.FileMgr append
INFO: append called with filename: testFileModulePerformance172
Sep 26, 2023 4:20:20 PM edu.yu.dbimpl.file.FileMgr append
INFO: Writing to file: src/test/java/edu/yu/dbimpl/testingDirectory/testFileModulePerformance172
Sep 26, 2023 4:20:20 PM edu.yu.dbimpl.file.Page <init>
INFO: Page created with blocksize 50000
Sep 26, 2023 4:20:20 PM edu.yu.dbimpl.file.Page setString
INFO: setString called with offset: 0 and String: Hello, World!172
Sep 26, 2023 4:20:20 PM edu.yu.dbimpl.file.FileMgr append
INFO: append called with filename: testFileModulePerformance173
Sep 26, 2023 4:20:20 PM edu.yu.dbimpl.file.FileMgr append
INFO: Writing to file: src/test/java/edu/yu/dbimpl/testingDirectory/testFileModulePerformance173
Sep 26, 2023 4:20:20 PM edu.yu.dbimpl.file.Page <init>
INFO: Page created with blocksize 50000
Sep 26, 2023 4:20:20 PM edu.yu.dbimpl.file.Page setString
INFO: setString called with offset: 0 and String: Hello, World!173
Sep 26, 2023 4:20:20 PM edu.yu.dbimpl.file.FileMgr append
INFO: append called with filename: testFileModulePerformance174
Sep 26, 2023 4:20:20 PM edu.yu.dbimpl.file.FileMgr append
INFO: Writing to file: src/test/java/edu/yu/dbimpl/testingDirectory/testFileModulePerformance174
Sep 26, 2023 4:20:20 PM edu.yu.dbimpl.file.Page <init>
INFO: Page created with blocksize 50000
Sep 26, 2023 4:20:20 PM edu.yu.dbimpl.file.Page setString
INFO: setString called with offset: 0 and String: Hello, World!174
Sep 26, 2023 4:20:20 PM edu.yu.dbimpl.file.FileMgr append
INFO: append called with filename: testFileModulePerformance175
Sep 26, 2023 4:20:20 PM edu.yu.dbimpl.file.FileMgr append
INFO: Writing to file: src/test/java/edu/yu/dbimpl/testingDirectory/testFileModulePerformance175
Sep 26, 2023 4:20:20 PM edu.yu.dbimpl.file.Page <init>
INFO: Page created with blocksize 50000
Sep 26, 2023 4:20:20 PM edu.yu.dbimpl.file.Page setString
INFO: setString called with offset: 0 and String: Hello, World!175
Sep 26, 2023 4:20:20 PM edu.yu.dbimpl.file.FileMgr append
INFO: append called with filename: testFileModulePerformance176
Sep 26, 2023 4:20:20 PM edu.yu.dbimpl.file.FileMgr append
INFO: Writing to file: src/test/java/edu/yu/dbimpl/testingDirectory/testFileModulePerformance176
Sep 26, 2023 4:20:20 PM edu.yu.dbimpl.file.Page <init>
INFO: Page created with blocksize 50000
Sep 26, 2023 4:20:20 PM edu.yu.dbimpl.file.Page setString
INFO: setString called with offset: 0 and String: Hello, World!176
Sep 26, 2023 4:20:20 PM edu.yu.dbimpl.file.FileMgr append
INFO: append called with filename: testFileModulePerformance177
Sep 26, 2023 4:20:20 PM edu.yu.dbimpl.file.FileMgr append
INFO: Writing to file: src/test/java/edu/yu/dbimpl/testingDirectory/testFileModulePerformance177
Sep 26, 2023 4:20:20 PM edu.yu.dbimpl.file.Page <init>
INFO: Page created with blocksize 50000
Sep 26, 2023 4:20:20 PM edu.yu.dbimpl.file.Page setString
INFO: setString called with offset: 0 and String: Hello, World!177
Sep 26, 2023 4:20:20 PM edu.yu.dbimpl.file.FileMgr append
INFO: append called with filename: testFileModulePerformance178
Sep 26, 2023 4:20:20 PM edu.yu.dbimpl.file.FileMgr append
INFO: Writing to file: src/test/java/edu/yu/dbimpl/testingDirectory/testFileModulePerformance178
Sep 26, 2023 4:20:20 PM edu.yu.dbimpl.file.Page <init>
INFO: Page created with blocksize 50000
Sep 26, 2023 4:20:20 PM edu.yu.dbimpl.file.Page setString
INFO: setString called with offset: 0 and String: Hello, World!178
Sep 26, 2023 4:20:20 PM edu.yu.dbimpl.file.FileMgr append
INFO: append called with filename: testFileModulePerformance179
Sep 26, 2023 4:20:20 PM edu.yu.dbimpl.file.FileMgr append
INFO: Writing to file: src/test/java/edu/yu/dbimpl/testingDirectory/testFileModulePerformance179
Sep 26, 2023 4:20:20 PM edu.yu.dbimpl.file.Page <init>
INFO: Page created with blocksize 50000
Sep 26, 2023 4:20:20 PM edu.yu.dbimpl.file.Page setString
INFO: setString called with offset: 0 and String: Hello, World!179
Sep 26, 2023 4:20:20 PM edu.yu.dbimpl.file.FileMgr append
INFO: append called with filename: testFileModulePerformance180
Sep 26, 2023 4:20:20 PM edu.yu.dbimpl.file.FileMgr append
INFO: Writing to file: src/test/java/edu/yu/dbimpl/testingDirectory/testFileModulePerformance180
Sep 26, 2023 4:20:20 PM edu.yu.dbimpl.file.Page <init>
INFO: Page created with blocksize 50000
Sep 26, 2023 4:20:20 PM edu.yu.dbimpl.file.Page setString
INFO: setString called with offset: 0 and String: Hello, World!180
Sep 26, 2023 4:20:20 PM edu.yu.dbimpl.file.FileMgr append
INFO: append called with filename: testFileModulePerformance181
Sep 26, 2023 4:20:20 PM edu.yu.dbimpl.file.FileMgr append
INFO: Writing to file: src/test/java/edu/yu/dbimpl/testingDirectory/testFileModulePerformance181
Sep 26, 2023 4:20:20 PM edu.yu.dbimpl.file.Page <init>
INFO: Page created with blocksize 50000
Sep 26, 2023 4:20:20 PM edu.yu.dbimpl.file.Page setString
INFO: setString called with offset: 0 and String: Hello, World!181
Sep 26, 2023 4:20:20 PM edu.yu.dbimpl.file.FileMgr append
INFO: append called with filename: testFileModulePerformance182
Sep 26, 2023 4:20:20 PM edu.yu.dbimpl.file.FileMgr append
INFO: Writing to file: src/test/java/edu/yu/dbimpl/testingDirectory/testFileModulePerformance182
Sep 26, 2023 4:20:20 PM edu.yu.dbimpl.file.Page <init>
INFO: Page created with blocksize 50000
Sep 26, 2023 4:20:20 PM edu.yu.dbimpl.file.Page setString
INFO: setString called with offset: 0 and String: Hello, World!182
Sep 26, 2023 4:20:20 PM edu.yu.dbimpl.file.FileMgr append
INFO: append called with filename: testFileModulePerformance183
Sep 26, 2023 4:20:20 PM edu.yu.dbimpl.file.FileMgr append
INFO: Writing to file: src/test/java/edu/yu/dbimpl/testingDirectory/testFileModulePerformance183
Sep 26, 2023 4:20:20 PM edu.yu.dbimpl.file.Page <init>
INFO: Page created with blocksize 50000
Sep 26, 2023 4:20:20 PM edu.yu.dbimpl.file.Page setString
INFO: setString called with offset: 0 and String: Hello, World!183
Sep 26, 2023 4:20:20 PM edu.yu.dbimpl.file.FileMgr append
INFO: append called with filename: testFileModulePerformance184
Sep 26, 2023 4:20:20 PM edu.yu.dbimpl.file.FileMgr append
INFO: Writing to file: src/test/java/edu/yu/dbimpl/testingDirectory/testFileModulePerformance184
Sep 26, 2023 4:20:20 PM edu.yu.dbimpl.file.Page <init>
INFO: Page created with blocksize 50000
Sep 26, 2023 4:20:20 PM edu.yu.dbimpl.file.Page setString
INFO: setString called with offset: 0 and String: Hello, World!184
Sep 26, 2023 4:20:20 PM edu.yu.dbimpl.file.FileMgr append
INFO: append called with filename: testFileModulePerformance185
Sep 26, 2023 4:20:20 PM edu.yu.dbimpl.file.FileMgr append
INFO: Writing to file: src/test/java/edu/yu/dbimpl/testingDirectory/testFileModulePerformance185
Sep 26, 2023 4:20:20 PM edu.yu.dbimpl.file.Page <init>
INFO: Page created with blocksize 50000
Sep 26, 2023 4:20:20 PM edu.yu.dbimpl.file.Page setString
INFO: setString called with offset: 0 and String: Hello, World!185
Sep 26, 2023 4:20:20 PM edu.yu.dbimpl.file.FileMgr append
INFO: append called with filename: testFileModulePerformance186
Sep 26, 2023 4:20:20 PM edu.yu.dbimpl.file.FileMgr append
INFO: Writing to file: src/test/java/edu/yu/dbimpl/testingDirectory/testFileModulePerformance186
Sep 26, 2023 4:20:20 PM edu.yu.dbimpl.file.Page <init>
INFO: Page created with blocksize 50000
Sep 26, 2023 4:20:20 PM edu.yu.dbimpl.file.Page setString
INFO: setString called with offset: 0 and String: Hello, World!186
Sep 26, 2023 4:20:20 PM edu.yu.dbimpl.file.FileMgr append
INFO: append called with filename: testFileModulePerformance187
Sep 26, 2023 4:20:20 PM edu.yu.dbimpl.file.FileMgr append
INFO: Writing to file: src/test/java/edu/yu/dbimpl/testingDirectory/testFileModulePerformance187
Sep 26, 2023 4:20:20 PM edu.yu.dbimpl.file.Page <init>
INFO: Page created with blocksize 50000
Sep 26, 2023 4:20:20 PM edu.yu.dbimpl.file.Page setString
INFO: setString called with offset: 0 and String: Hello, World!187
Sep 26, 2023 4:20:20 PM edu.yu.dbimpl.file.FileMgr append
INFO: append called with filename: testFileModulePerformance188
Sep 26, 2023 4:20:20 PM edu.yu.dbimpl.file.FileMgr append
INFO: Writing to file: src/test/java/edu/yu/dbimpl/testingDirectory/testFileModulePerformance188
Sep 26, 2023 4:20:20 PM edu.yu.dbimpl.file.Page <init>
INFO: Page created with blocksize 50000
Sep 26, 2023 4:20:20 PM edu.yu.dbimpl.file.Page setString
INFO: setString called with offset: 0 and String: Hello, World!188
Sep 26, 2023 4:20:20 PM edu.yu.dbimpl.file.FileMgr append
INFO: append called with filename: testFileModulePerformance189
Sep 26, 2023 4:20:20 PM edu.yu.dbimpl.file.FileMgr append
INFO: Writing to file: src/test/java/edu/yu/dbimpl/testingDirectory/testFileModulePerformance189
Sep 26, 2023 4:20:20 PM edu.yu.dbimpl.file.Page <init>
INFO: Page created with blocksize 50000
Sep 26, 2023 4:20:20 PM edu.yu.dbimpl.file.Page setString
INFO: setString called with offset: 0 and String: Hello, World!189
Sep 26, 2023 4:20:20 PM edu.yu.dbimpl.file.FileMgr append
INFO: append called with filename: testFileModulePerformance190
Sep 26, 2023 4:20:20 PM edu.yu.dbimpl.file.FileMgr append
INFO: Writing to file: src/test/java/edu/yu/dbimpl/testingDirectory/testFileModulePerformance190
Sep 26, 2023 4:20:20 PM edu.yu.dbimpl.file.Page <init>
INFO: Page created with blocksize 50000
Sep 26, 2023 4:20:20 PM edu.yu.dbimpl.file.Page setString
INFO: setString called with offset: 0 and String: Hello, World!190
Sep 26, 2023 4:20:20 PM edu.yu.dbimpl.file.FileMgr append
INFO: append called with filename: testFileModulePerformance191
Sep 26, 2023 4:20:20 PM edu.yu.dbimpl.file.FileMgr append
INFO: Writing to file: src/test/java/edu/yu/dbimpl/testingDirectory/testFileModulePerformance191
Sep 26, 2023 4:20:20 PM edu.yu.dbimpl.file.Page <init>
INFO: Page created with blocksize 50000
Sep 26, 2023 4:20:20 PM edu.yu.dbimpl.file.Page setString
INFO: setString called with offset: 0 and String: Hello, World!191
Sep 26, 2023 4:20:20 PM edu.yu.dbimpl.file.FileMgr append
INFO: append called with filename: testFileModulePerformance192
Sep 26, 2023 4:20:20 PM edu.yu.dbimpl.file.FileMgr append
INFO: Writing to file: src/test/java/edu/yu/dbimpl/testingDirectory/testFileModulePerformance192
Sep 26, 2023 4:20:20 PM edu.yu.dbimpl.file.Page <init>
INFO: Page created with blocksize 50000
Sep 26, 2023 4:20:20 PM edu.yu.dbimpl.file.Page setString
INFO: setString called with offset: 0 and String: Hello, World!192
Sep 26, 2023 4:20:20 PM edu.yu.dbimpl.file.FileMgr append
INFO: append called with filename: testFileModulePerformance193
Sep 26, 2023 4:20:20 PM edu.yu.dbimpl.file.FileMgr append
INFO: Writing to file: src/test/java/edu/yu/dbimpl/testingDirectory/testFileModulePerformance193
Sep 26, 2023 4:20:20 PM edu.yu.dbimpl.file.Page <init>
INFO: Page created with blocksize 50000
Sep 26, 2023 4:20:20 PM edu.yu.dbimpl.file.Page setString
INFO: setString called with offset: 0 and String: Hello, World!193
Sep 26, 2023 4:20:20 PM edu.yu.dbimpl.file.FileMgr append
INFO: append called with filename: testFileModulePerformance194
Sep 26, 2023 4:20:20 PM edu.yu.dbimpl.file.FileMgr append
INFO: Writing to file: src/test/java/edu/yu/dbimpl/testingDirectory/testFileModulePerformance194
Sep 26, 2023 4:20:20 PM edu.yu.dbimpl.file.Page <init>
INFO: Page created with blocksize 50000
Sep 26, 2023 4:20:20 PM edu.yu.dbimpl.file.Page setString
INFO: setString called with offset: 0 and String: Hello, World!194
Sep 26, 2023 4:20:20 PM edu.yu.dbimpl.file.FileMgr append
INFO: append called with filename: testFileModulePerformance195
Sep 26, 2023 4:20:20 PM edu.yu.dbimpl.file.FileMgr append
INFO: Writing to file: src/test/java/edu/yu/dbimpl/testingDirectory/testFileModulePerformance195
Sep 26, 2023 4:20:20 PM edu.yu.dbimpl.file.Page <init>
INFO: Page created with blocksize 50000
Sep 26, 2023 4:20:20 PM edu.yu.dbimpl.file.Page setString
INFO: setString called with offset: 0 and String: Hello, World!195
Sep 26, 2023 4:20:20 PM edu.yu.dbimpl.file.FileMgr append
INFO: append called with filename: testFileModulePerformance196
Sep 26, 2023 4:20:20 PM edu.yu.dbimpl.file.FileMgr append
INFO: Writing to file: src/test/java/edu/yu/dbimpl/testingDirectory/testFileModulePerformance196
Sep 26, 2023 4:20:20 PM edu.yu.dbimpl.file.Page <init>
INFO: Page created with blocksize 50000
Sep 26, 2023 4:20:20 PM edu.yu.dbimpl.file.Page setString
INFO: setString called with offset: 0 and String: Hello, World!196
Sep 26, 2023 4:20:20 PM edu.yu.dbimpl.file.FileMgr append
INFO: append called with filename: testFileModulePerformance197
Sep 26, 2023 4:20:20 PM edu.yu.dbimpl.file.FileMgr append
INFO: Writing to file: src/test/java/edu/yu/dbimpl/testingDirectory/testFileModulePerformance197
Sep 26, 2023 4:20:20 PM edu.yu.dbimpl.file.Page <init>
INFO: Page created with blocksize 50000
Sep 26, 2023 4:20:20 PM edu.yu.dbimpl.file.Page setString
INFO: setString called with offset: 0 and String: Hello, World!197
Sep 26, 2023 4:20:20 PM edu.yu.dbimpl.file.FileMgr append
INFO: append called with filename: testFileModulePerformance198
Sep 26, 2023 4:20:20 PM edu.yu.dbimpl.file.FileMgr append
INFO: Writing to file: src/test/java/edu/yu/dbimpl/testingDirectory/testFileModulePerformance198
Sep 26, 2023 4:20:20 PM edu.yu.dbimpl.file.Page <init>
INFO: Page created with blocksize 50000
Sep 26, 2023 4:20:20 PM edu.yu.dbimpl.file.Page setString
INFO: setString called with offset: 0 and String: Hello, World!198
Sep 26, 2023 4:20:20 PM edu.yu.dbimpl.file.FileMgr append
INFO: append called with filename: testFileModulePerformance199
Sep 26, 2023 4:20:20 PM edu.yu.dbimpl.file.FileMgr append
INFO: Writing to file: src/test/java/edu/yu/dbimpl/testingDirectory/testFileModulePerformance199
Sep 26, 2023 4:20:20 PM edu.yu.dbimpl.file.Page <init>
INFO: Page created with blocksize 50000
Sep 26, 2023 4:20:20 PM edu.yu.dbimpl.file.Page setString
INFO: setString called with offset: 0 and String: Hello, World!199
Sep 26, 2023 4:20:20 PM edu.yu.dbimpl.file.FileMgr append
INFO: append called with filename: testFileModulePerformance200
Sep 26, 2023 4:20:20 PM edu.yu.dbimpl.file.FileMgr append
INFO: Writing to file: src/test/java/edu/yu/dbimpl/testingDirectory/testFileModulePerformance200
Sep 26, 2023 4:20:20 PM edu.yu.dbimpl.file.Page <init>
INFO: Page created with blocksize 50000
Sep 26, 2023 4:20:20 PM edu.yu.dbimpl.file.Page setString
INFO: setString called with offset: 0 and String: Hello, World!200
Sep 26, 2023 4:20:20 PM edu.yu.dbimpl.file.FileMgr append
INFO: append called with filename: testFileModulePerformance201
Sep 26, 2023 4:20:20 PM edu.yu.dbimpl.file.FileMgr append
INFO: Writing to file: src/test/java/edu/yu/dbimpl/testingDirectory/testFileModulePerformance201
Sep 26, 2023 4:20:20 PM edu.yu.dbimpl.file.Page <init>
INFO: Page created with blocksize 50000
Sep 26, 2023 4:20:20 PM edu.yu.dbimpl.file.Page setString
INFO: setString called with offset: 0 and String: Hello, World!201
Sep 26, 2023 4:20:20 PM edu.yu.dbimpl.file.FileMgr append
INFO: append called with filename: testFileModulePerformance202
Sep 26, 2023 4:20:20 PM edu.yu.dbimpl.file.FileMgr append
INFO: Writing to file: src/test/java/edu/yu/dbimpl/testingDirectory/testFileModulePerformance202
Sep 26, 2023 4:20:20 PM edu.yu.dbimpl.file.Page <init>
INFO: Page created with blocksize 50000
Sep 26, 2023 4:20:20 PM edu.yu.dbimpl.file.Page setString
INFO: setString called with offset: 0 and String: Hello, World!202
Sep 26, 2023 4:20:20 PM edu.yu.dbimpl.file.FileMgr append
INFO: append called with filename: testFileModulePerformance203
Sep 26, 2023 4:20:20 PM edu.yu.dbimpl.file.FileMgr append
INFO: Writing to file: src/test/java/edu/yu/dbimpl/testingDirectory/testFileModulePerformance203
Sep 26, 2023 4:20:20 PM edu.yu.dbimpl.file.Page <init>
INFO: Page created with blocksize 50000
Sep 26, 2023 4:20:20 PM edu.yu.dbimpl.file.Page setString
INFO: setString called with offset: 0 and String: Hello, World!203
Sep 26, 2023 4:20:20 PM edu.yu.dbimpl.file.FileMgr append
INFO: append called with filename: testFileModulePerformance204
Sep 26, 2023 4:20:20 PM edu.yu.dbimpl.file.FileMgr append
INFO: Writing to file: src/test/java/edu/yu/dbimpl/testingDirectory/testFileModulePerformance204
Sep 26, 2023 4:20:20 PM edu.yu.dbimpl.file.Page <init>
INFO: Page created with blocksize 50000
Sep 26, 2023 4:20:20 PM edu.yu.dbimpl.file.Page setString
INFO: setString called with offset: 0 and String: Hello, World!204
Sep 26, 2023 4:20:20 PM edu.yu.dbimpl.file.FileMgr append
INFO: append called with filename: testFileModulePerformance205
Sep 26, 2023 4:20:20 PM edu.yu.dbimpl.file.FileMgr append
INFO: Writing to file: src/test/java/edu/yu/dbimpl/testingDirectory/testFileModulePerformance205
Sep 26, 2023 4:20:20 PM edu.yu.dbimpl.file.Page <init>
INFO: Page created with blocksize 50000
Sep 26, 2023 4:20:20 PM edu.yu.dbimpl.file.Page setString
INFO: setString called with offset: 0 and String: Hello, World!205
Sep 26, 2023 4:20:20 PM edu.yu.dbimpl.file.FileMgr append
INFO: append called with filename: testFileModulePerformance206
Sep 26, 2023 4:20:20 PM edu.yu.dbimpl.file.FileMgr append
INFO: Writing to file: src/test/java/edu/yu/dbimpl/testingDirectory/testFileModulePerformance206
Sep 26, 2023 4:20:20 PM edu.yu.dbimpl.file.Page <init>
INFO: Page created with blocksize 50000
Sep 26, 2023 4:20:20 PM edu.yu.dbimpl.file.Page setString
INFO: setString called with offset: 0 and String: Hello, World!206
Sep 26, 2023 4:20:20 PM edu.yu.dbimpl.file.FileMgr append
INFO: append called with filename: testFileModulePerformance207
Sep 26, 2023 4:20:20 PM edu.yu.dbimpl.file.FileMgr append
INFO: Writing to file: src/test/java/edu/yu/dbimpl/testingDirectory/testFileModulePerformance207
Sep 26, 2023 4:20:20 PM edu.yu.dbimpl.file.Page <init>
INFO: Page created with blocksize 50000
Sep 26, 2023 4:20:20 PM edu.yu.dbimpl.file.Page setString
INFO: setString called with offset: 0 and String: Hello, World!207
Sep 26, 2023 4:20:20 PM edu.yu.dbimpl.file.FileMgr append
INFO: append called with filename: testFileModulePerformance208
Sep 26, 2023 4:20:20 PM edu.yu.dbimpl.file.FileMgr append
INFO: Writing to file: src/test/java/edu/yu/dbimpl/testingDirectory/testFileModulePerformance208
Sep 26, 2023 4:20:20 PM edu.yu.dbimpl.file.Page <init>
INFO: Page created with blocksize 50000
Sep 26, 2023 4:20:20 PM edu.yu.dbimpl.file.Page setString
INFO: setString called with offset: 0 and String: Hello, World!208
Sep 26, 2023 4:20:20 PM edu.yu.dbimpl.file.FileMgr append
INFO: append called with filename: testFileModulePerformance209
Sep 26, 2023 4:20:20 PM edu.yu.dbimpl.file.FileMgr append
INFO: Writing to file: src/test/java/edu/yu/dbimpl/testingDirectory/testFileModulePerformance209
Sep 26, 2023 4:20:20 PM edu.yu.dbimpl.file.Page <init>
INFO: Page created with blocksize 50000
Sep 26, 2023 4:20:20 PM edu.yu.dbimpl.file.Page setString
INFO: setString called with offset: 0 and String: Hello, World!209
Sep 26, 2023 4:20:20 PM edu.yu.dbimpl.file.FileMgr append
INFO: append called with filename: testFileModulePerformance210
Sep 26, 2023 4:20:20 PM edu.yu.dbimpl.file.FileMgr append
INFO: Writing to file: src/test/java/edu/yu/dbimpl/testingDirectory/testFileModulePerformance210
Sep 26, 2023 4:20:20 PM edu.yu.dbimpl.file.Page <init>
INFO: Page created with blocksize 50000
Sep 26, 2023 4:20:20 PM edu.yu.dbimpl.file.Page setString
INFO: setString called with offset: 0 and String: Hello, World!210
Sep 26, 2023 4:20:20 PM edu.yu.dbimpl.file.FileMgr append
INFO: append called with filename: testFileModulePerformance211
Sep 26, 2023 4:20:20 PM edu.yu.dbimpl.file.FileMgr append
INFO: Writing to file: src/test/java/edu/yu/dbimpl/testingDirectory/testFileModulePerformance211
Sep 26, 2023 4:20:20 PM edu.yu.dbimpl.file.Page <init>
INFO: Page created with blocksize 50000
Sep 26, 2023 4:20:20 PM edu.yu.dbimpl.file.Page setString
INFO: setString called with offset: 0 and String: Hello, World!211
Sep 26, 2023 4:20:20 PM edu.yu.dbimpl.file.FileMgr append
INFO: append called with filename: testFileModulePerformance212
Sep 26, 2023 4:20:20 PM edu.yu.dbimpl.file.FileMgr append
INFO: Writing to file: src/test/java/edu/yu/dbimpl/testingDirectory/testFileModulePerformance212
Sep 26, 2023 4:20:20 PM edu.yu.dbimpl.file.Page <init>
INFO: Page created with blocksize 50000
Sep 26, 2023 4:20:20 PM edu.yu.dbimpl.file.Page setString
INFO: setString called with offset: 0 and String: Hello, World!212
Sep 26, 2023 4:20:20 PM edu.yu.dbimpl.file.FileMgr append
INFO: append called with filename: testFileModulePerformance213
Sep 26, 2023 4:20:20 PM edu.yu.dbimpl.file.FileMgr append
INFO: Writing to file: src/test/java/edu/yu/dbimpl/testingDirectory/testFileModulePerformance213
Sep 26, 2023 4:20:20 PM edu.yu.dbimpl.file.Page <init>
INFO: Page created with blocksize 50000
Sep 26, 2023 4:20:20 PM edu.yu.dbimpl.file.Page setString
INFO: setString called with offset: 0 and String: Hello, World!213
Sep 26, 2023 4:20:20 PM edu.yu.dbimpl.file.FileMgr append
INFO: append called with filename: testFileModulePerformance214
Sep 26, 2023 4:20:20 PM edu.yu.dbimpl.file.FileMgr append
INFO: Writing to file: src/test/java/edu/yu/dbimpl/testingDirectory/testFileModulePerformance214
Sep 26, 2023 4:20:20 PM edu.yu.dbimpl.file.Page <init>
INFO: Page created with blocksize 50000
Sep 26, 2023 4:20:20 PM edu.yu.dbimpl.file.Page setString
INFO: setString called with offset: 0 and String: Hello, World!214
Sep 26, 2023 4:20:20 PM edu.yu.dbimpl.file.FileMgr append
INFO: append called with filename: testFileModulePerformance215
Sep 26, 2023 4:20:20 PM edu.yu.dbimpl.file.FileMgr append
INFO: Writing to file: src/test/java/edu/yu/dbimpl/testingDirectory/testFileModulePerformance215
Sep 26, 2023 4:20:20 PM edu.yu.dbimpl.file.Page <init>
INFO: Page created with blocksize 50000
Sep 26, 2023 4:20:20 PM edu.yu.dbimpl.file.Page setString
INFO: setString called with offset: 0 and String: Hello, World!215
Sep 26, 2023 4:20:20 PM edu.yu.dbimpl.file.FileMgr append
INFO: append called with filename: testFileModulePerformance216
Sep 26, 2023 4:20:20 PM edu.yu.dbimpl.file.FileMgr append
INFO: Writing to file: src/test/java/edu/yu/dbimpl/testingDirectory/testFileModulePerformance216
Sep 26, 2023 4:20:20 PM edu.yu.dbimpl.file.Page <init>
INFO: Page created with blocksize 50000
Sep 26, 2023 4:20:20 PM edu.yu.dbimpl.file.Page setString
INFO: setString called with offset: 0 and String: Hello, World!216
Sep 26, 2023 4:20:20 PM edu.yu.dbimpl.file.FileMgr append
INFO: append called with filename: testFileModulePerformance217
Sep 26, 2023 4:20:20 PM edu.yu.dbimpl.file.FileMgr append
INFO: Writing to file: src/test/java/edu/yu/dbimpl/testingDirectory/testFileModulePerformance217
Sep 26, 2023 4:20:20 PM edu.yu.dbimpl.file.Page <init>
INFO: Page created with blocksize 50000
Sep 26, 2023 4:20:20 PM edu.yu.dbimpl.file.Page setString
INFO: setString called with offset: 0 and String: Hello, World!217
Sep 26, 2023 4:20:20 PM edu.yu.dbimpl.file.FileMgr append
INFO: append called with filename: testFileModulePerformance218
Sep 26, 2023 4:20:20 PM edu.yu.dbimpl.file.FileMgr append
INFO: Writing to file: src/test/java/edu/yu/dbimpl/testingDirectory/testFileModulePerformance218
Sep 26, 2023 4:20:20 PM edu.yu.dbimpl.file.Page <init>
INFO: Page created with blocksize 50000
Sep 26, 2023 4:20:20 PM edu.yu.dbimpl.file.Page setString
INFO: setString called with offset: 0 and String: Hello, World!218
Sep 26, 2023 4:20:20 PM edu.yu.dbimpl.file.FileMgr append
INFO: append called with filename: testFileModulePerformance219
Sep 26, 2023 4:20:20 PM edu.yu.dbimpl.file.FileMgr append
INFO: Writing to file: src/test/java/edu/yu/dbimpl/testingDirectory/testFileModulePerformance219
Sep 26, 2023 4:20:20 PM edu.yu.dbimpl.file.Page <init>
INFO: Page created with blocksize 50000
Sep 26, 2023 4:20:20 PM edu.yu.dbimpl.file.Page setString
INFO: setString called with offset: 0 and String: Hello, World!219
Sep 26, 2023 4:20:20 PM edu.yu.dbimpl.file.FileMgr append
INFO: append called with filename: testFileModulePerformance220
Sep 26, 2023 4:20:20 PM edu.yu.dbimpl.file.FileMgr append
INFO: Writing to file: src/test/java/edu/yu/dbimpl/testingDirectory/testFileModulePerformance220
Sep 26, 2023 4:20:20 PM edu.yu.dbimpl.file.Page <init>
INFO: Page created with blocksize 50000
Sep 26, 2023 4:20:20 PM edu.yu.dbimpl.file.Page setString
INFO: setString called with offset: 0 and String: Hello, World!220
Sep 26, 2023 4:20:20 PM edu.yu.dbimpl.file.FileMgr append
INFO: append called with filename: testFileModulePerformance221
Sep 26, 2023 4:20:20 PM edu.yu.dbimpl.file.FileMgr append
INFO: Writing to file: src/test/java/edu/yu/dbimpl/testingDirectory/testFileModulePerformance221
Sep 26, 2023 4:20:20 PM edu.yu.dbimpl.file.Page <init>
INFO: Page created with blocksize 50000
Sep 26, 2023 4:20:20 PM edu.yu.dbimpl.file.Page setString
INFO: setString called with offset: 0 and String: Hello, World!221
Sep 26, 2023 4:20:20 PM edu.yu.dbimpl.file.FileMgr append
INFO: append called with filename: testFileModulePerformance222
Sep 26, 2023 4:20:20 PM edu.yu.dbimpl.file.FileMgr append
INFO: Writing to file: src/test/java/edu/yu/dbimpl/testingDirectory/testFileModulePerformance222
Sep 26, 2023 4:20:20 PM edu.yu.dbimpl.file.Page <init>
INFO: Page created with blocksize 50000
Sep 26, 2023 4:20:20 PM edu.yu.dbimpl.file.Page setString
INFO: setString called with offset: 0 and String: Hello, World!222
Sep 26, 2023 4:20:20 PM edu.yu.dbimpl.file.FileMgr append
INFO: append called with filename: testFileModulePerformance223
Sep 26, 2023 4:20:20 PM edu.yu.dbimpl.file.FileMgr append
INFO: Writing to file: src/test/java/edu/yu/dbimpl/testingDirectory/testFileModulePerformance223
Sep 26, 2023 4:20:20 PM edu.yu.dbimpl.file.Page <init>
INFO: Page created with blocksize 50000
Sep 26, 2023 4:20:20 PM edu.yu.dbimpl.file.Page setString
INFO: setString called with offset: 0 and String: Hello, World!223
Sep 26, 2023 4:20:20 PM edu.yu.dbimpl.file.FileMgr append
INFO: append called with filename: testFileModulePerformance224
Sep 26, 2023 4:20:20 PM edu.yu.dbimpl.file.FileMgr append
INFO: Writing to file: src/test/java/edu/yu/dbimpl/testingDirectory/testFileModulePerformance224
Sep 26, 2023 4:20:20 PM edu.yu.dbimpl.file.Page <init>
INFO: Page created with blocksize 50000
Sep 26, 2023 4:20:20 PM edu.yu.dbimpl.file.Page setString
INFO: setString called with offset: 0 and String: Hello, World!224
Sep 26, 2023 4:20:20 PM edu.yu.dbimpl.file.FileMgr append
INFO: append called with filename: testFileModulePerformance225
Sep 26, 2023 4:20:20 PM edu.yu.dbimpl.file.FileMgr append
INFO: Writing to file: src/test/java/edu/yu/dbimpl/testingDirectory/testFileModulePerformance225
Sep 26, 2023 4:20:20 PM edu.yu.dbimpl.file.Page <init>
INFO: Page created with blocksize 50000
Sep 26, 2023 4:20:20 PM edu.yu.dbimpl.file.Page setString
INFO: setString called with offset: 0 and String: Hello, World!225
Sep 26, 2023 4:20:20 PM edu.yu.dbimpl.file.FileMgr append
INFO: append called with filename: testFileModulePerformance226
Sep 26, 2023 4:20:20 PM edu.yu.dbimpl.file.FileMgr append
INFO: Writing to file: src/test/java/edu/yu/dbimpl/testingDirectory/testFileModulePerformance226
Sep 26, 2023 4:20:20 PM edu.yu.dbimpl.file.Page <init>
INFO: Page created with blocksize 50000
Sep 26, 2023 4:20:20 PM edu.yu.dbimpl.file.Page setString
INFO: setString called with offset: 0 and String: Hello, World!226
Sep 26, 2023 4:20:20 PM edu.yu.dbimpl.file.FileMgr append
INFO: append called with filename: testFileModulePerformance227
Sep 26, 2023 4:20:20 PM edu.yu.dbimpl.file.FileMgr append
INFO: Writing to file: src/test/java/edu/yu/dbimpl/testingDirectory/testFileModulePerformance227
Sep 26, 2023 4:20:20 PM edu.yu.dbimpl.file.Page <init>
INFO: Page created with blocksize 50000
Sep 26, 2023 4:20:20 PM edu.yu.dbimpl.file.Page setString
INFO: setString called with offset: 0 and String: Hello, World!227
Sep 26, 2023 4:20:20 PM edu.yu.dbimpl.file.FileMgr append
INFO: append called with filename: testFileModulePerformance228
Sep 26, 2023 4:20:20 PM edu.yu.dbimpl.file.FileMgr append
INFO: Writing to file: src/test/java/edu/yu/dbimpl/testingDirectory/testFileModulePerformance228
Sep 26, 2023 4:20:20 PM edu.yu.dbimpl.file.Page <init>
INFO: Page created with blocksize 50000
Sep 26, 2023 4:20:20 PM edu.yu.dbimpl.file.Page setString
INFO: setString called with offset: 0 and String: Hello, World!228
Sep 26, 2023 4:20:20 PM edu.yu.dbimpl.file.FileMgr append
INFO: append called with filename: testFileModulePerformance229
Sep 26, 2023 4:20:20 PM edu.yu.dbimpl.file.FileMgr append
INFO: Writing to file: src/test/java/edu/yu/dbimpl/testingDirectory/testFileModulePerformance229
Sep 26, 2023 4:20:20 PM edu.yu.dbimpl.file.Page <init>
INFO: Page created with blocksize 50000
Sep 26, 2023 4:20:20 PM edu.yu.dbimpl.file.Page setString
INFO: setString called with offset: 0 and String: Hello, World!229
Sep 26, 2023 4:20:20 PM edu.yu.dbimpl.file.FileMgr append
INFO: append called with filename: testFileModulePerformance230
Sep 26, 2023 4:20:20 PM edu.yu.dbimpl.file.FileMgr append
INFO: Writing to file: src/test/java/edu/yu/dbimpl/testingDirectory/testFileModulePerformance230
Sep 26, 2023 4:20:20 PM edu.yu.dbimpl.file.Page <init>
INFO: Page created with blocksize 50000
Sep 26, 2023 4:20:20 PM edu.yu.dbimpl.file.Page setString
INFO: setString called with offset: 0 and String: Hello, World!230
Sep 26, 2023 4:20:20 PM edu.yu.dbimpl.file.FileMgr append
INFO: append called with filename: testFileModulePerformance231
Sep 26, 2023 4:20:20 PM edu.yu.dbimpl.file.FileMgr append
INFO: Writing to file: src/test/java/edu/yu/dbimpl/testingDirectory/testFileModulePerformance231
Sep 26, 2023 4:20:20 PM edu.yu.dbimpl.file.Page <init>
INFO: Page created with blocksize 50000
Sep 26, 2023 4:20:20 PM edu.yu.dbimpl.file.Page setString
INFO: setString called with offset: 0 and String: Hello, World!231
Sep 26, 2023 4:20:20 PM edu.yu.dbimpl.file.FileMgr append
INFO: append called with filename: testFileModulePerformance232
Sep 26, 2023 4:20:20 PM edu.yu.dbimpl.file.FileMgr append
INFO: Writing to file: src/test/java/edu/yu/dbimpl/testingDirectory/testFileModulePerformance232
Sep 26, 2023 4:20:20 PM edu.yu.dbimpl.file.Page <init>
INFO: Page created with blocksize 50000
Sep 26, 2023 4:20:20 PM edu.yu.dbimpl.file.Page setString
INFO: setString called with offset: 0 and String: Hello, World!232
Sep 26, 2023 4:20:20 PM edu.yu.dbimpl.file.FileMgr append
INFO: append called with filename: testFileModulePerformance233
Sep 26, 2023 4:20:20 PM edu.yu.dbimpl.file.FileMgr append
INFO: Writing to file: src/test/java/edu/yu/dbimpl/testingDirectory/testFileModulePerformance233
Sep 26, 2023 4:20:20 PM edu.yu.dbimpl.file.Page <init>
INFO: Page created with blocksize 50000
Sep 26, 2023 4:20:20 PM edu.yu.dbimpl.file.Page setString
INFO: setString called with offset: 0 and String: Hello, World!233
Sep 26, 2023 4:20:20 PM edu.yu.dbimpl.file.FileMgr append
INFO: append called with filename: testFileModulePerformance234
Sep 26, 2023 4:20:20 PM edu.yu.dbimpl.file.FileMgr append
INFO: Writing to file: src/test/java/edu/yu/dbimpl/testingDirectory/testFileModulePerformance234
Sep 26, 2023 4:20:20 PM edu.yu.dbimpl.file.Page <init>
INFO: Page created with blocksize 50000
Sep 26, 2023 4:20:20 PM edu.yu.dbimpl.file.Page setString
INFO: setString called with offset: 0 and String: Hello, World!234
Sep 26, 2023 4:20:20 PM edu.yu.dbimpl.file.FileMgr append
INFO: append called with filename: testFileModulePerformance235
Sep 26, 2023 4:20:20 PM edu.yu.dbimpl.file.FileMgr append
INFO: Writing to file: src/test/java/edu/yu/dbimpl/testingDirectory/testFileModulePerformance235
Sep 26, 2023 4:20:20 PM edu.yu.dbimpl.file.Page <init>
INFO: Page created with blocksize 50000
Sep 26, 2023 4:20:20 PM edu.yu.dbimpl.file.Page setString
INFO: setString called with offset: 0 and String: Hello, World!235
Sep 26, 2023 4:20:20 PM edu.yu.dbimpl.file.FileMgr append
INFO: append called with filename: testFileModulePerformance236
Sep 26, 2023 4:20:20 PM edu.yu.dbimpl.file.FileMgr append
INFO: Writing to file: src/test/java/edu/yu/dbimpl/testingDirectory/testFileModulePerformance236
Sep 26, 2023 4:20:20 PM edu.yu.dbimpl.file.Page <init>
INFO: Page created with blocksize 50000
Sep 26, 2023 4:20:20 PM edu.yu.dbimpl.file.Page setString
INFO: setString called with offset: 0 and String: Hello, World!236
Sep 26, 2023 4:20:20 PM edu.yu.dbimpl.file.FileMgr append
INFO: append called with filename: testFileModulePerformance237
Sep 26, 2023 4:20:20 PM edu.yu.dbimpl.file.FileMgr append
INFO: Writing to file: src/test/java/edu/yu/dbimpl/testingDirectory/testFileModulePerformance237
Sep 26, 2023 4:20:20 PM edu.yu.dbimpl.file.Page <init>
INFO: Page created with blocksize 50000
Sep 26, 2023 4:20:20 PM edu.yu.dbimpl.file.Page setString
INFO: setString called with offset: 0 and String: Hello, World!237
Sep 26, 2023 4:20:20 PM edu.yu.dbimpl.file.FileMgr append
INFO: append called with filename: testFileModulePerformance238
Sep 26, 2023 4:20:20 PM edu.yu.dbimpl.file.FileMgr append
INFO: Writing to file: src/test/java/edu/yu/dbimpl/testingDirectory/testFileModulePerformance238
Sep 26, 2023 4:20:20 PM edu.yu.dbimpl.file.Page <init>
INFO: Page created with blocksize 50000
Sep 26, 2023 4:20:20 PM edu.yu.dbimpl.file.Page setString
INFO: setString called with offset: 0 and String: Hello, World!238
Sep 26, 2023 4:20:20 PM edu.yu.dbimpl.file.FileMgr append
INFO: append called with filename: testFileModulePerformance239
Sep 26, 2023 4:20:20 PM edu.yu.dbimpl.file.FileMgr append
INFO: Writing to file: src/test/java/edu/yu/dbimpl/testingDirectory/testFileModulePerformance239
Sep 26, 2023 4:20:20 PM edu.yu.dbimpl.file.Page <init>
INFO: Page created with blocksize 50000
Sep 26, 2023 4:20:20 PM edu.yu.dbimpl.file.Page setString
INFO: setString called with offset: 0 and String: Hello, World!239
Sep 26, 2023 4:20:20 PM edu.yu.dbimpl.file.FileMgr append
INFO: append called with filename: testFileModulePerformance240
Sep 26, 2023 4:20:20 PM edu.yu.dbimpl.file.FileMgr append
INFO: Writing to file: src/test/java/edu/yu/dbimpl/testingDirectory/testFileModulePerformance240
Sep 26, 2023 4:20:20 PM edu.yu.dbimpl.file.Page <init>
INFO: Page created with blocksize 50000
Sep 26, 2023 4:20:20 PM edu.yu.dbimpl.file.Page setString
INFO: setString called with offset: 0 and String: Hello, World!240
Sep 26, 2023 4:20:20 PM edu.yu.dbimpl.file.FileMgr append
INFO: append called with filename: testFileModulePerformance241
Sep 26, 2023 4:20:20 PM edu.yu.dbimpl.file.FileMgr append
INFO: Writing to file: src/test/java/edu/yu/dbimpl/testingDirectory/testFileModulePerformance241
Sep 26, 2023 4:20:20 PM edu.yu.dbimpl.file.Page <init>
INFO: Page created with blocksize 50000
Sep 26, 2023 4:20:20 PM edu.yu.dbimpl.file.Page setString
INFO: setString called with offset: 0 and String: Hello, World!241
Sep 26, 2023 4:20:20 PM edu.yu.dbimpl.file.FileMgr append
INFO: append called with filename: testFileModulePerformance242
Sep 26, 2023 4:20:20 PM edu.yu.dbimpl.file.FileMgr append
INFO: Writing to file: src/test/java/edu/yu/dbimpl/testingDirectory/testFileModulePerformance242
Sep 26, 2023 4:20:20 PM edu.yu.dbimpl.file.Page <init>
INFO: Page created with blocksize 50000
Sep 26, 2023 4:20:20 PM edu.yu.dbimpl.file.Page setString
INFO: setString called with offset: 0 and String: Hello, World!242
Sep 26, 2023 4:20:20 PM edu.yu.dbimpl.file.FileMgr append
INFO: append called with filename: testFileModulePerformance243
Sep 26, 2023 4:20:20 PM edu.yu.dbimpl.file.FileMgr append
INFO: Writing to file: src/test/java/edu/yu/dbimpl/testingDirectory/testFileModulePerformance243
Sep 26, 2023 4:20:20 PM edu.yu.dbimpl.file.Page <init>
INFO: Page created with blocksize 50000
Sep 26, 2023 4:20:20 PM edu.yu.dbimpl.file.Page setString
INFO: setString called with offset: 0 and String: Hello, World!243
Sep 26, 2023 4:20:20 PM edu.yu.dbimpl.file.FileMgr append
INFO: append called with filename: testFileModulePerformance244
Sep 26, 2023 4:20:20 PM edu.yu.dbimpl.file.FileMgr append
INFO: Writing to file: src/test/java/edu/yu/dbimpl/testingDirectory/testFileModulePerformance244
Sep 26, 2023 4:20:20 PM edu.yu.dbimpl.file.Page <init>
INFO: Page created with blocksize 50000
Sep 26, 2023 4:20:20 PM edu.yu.dbimpl.file.Page setString
INFO: setString called with offset: 0 and String: Hello, World!244
Sep 26, 2023 4:20:20 PM edu.yu.dbimpl.file.FileMgr append
INFO: append called with filename: testFileModulePerformance245
Sep 26, 2023 4:20:20 PM edu.yu.dbimpl.file.FileMgr append
INFO: Writing to file: src/test/java/edu/yu/dbimpl/testingDirectory/testFileModulePerformance245
Sep 26, 2023 4:20:20 PM edu.yu.dbimpl.file.Page <init>
INFO: Page created with blocksize 50000
Sep 26, 2023 4:20:20 PM edu.yu.dbimpl.file.Page setString
INFO: setString called with offset: 0 and String: Hello, World!245
Sep 26, 2023 4:20:20 PM edu.yu.dbimpl.file.FileMgr append
INFO: append called with filename: testFileModulePerformance246
Sep 26, 2023 4:20:20 PM edu.yu.dbimpl.file.FileMgr append
INFO: Writing to file: src/test/java/edu/yu/dbimpl/testingDirectory/testFileModulePerformance246
Sep 26, 2023 4:20:20 PM edu.yu.dbimpl.file.Page <init>
INFO: Page created with blocksize 50000
Sep 26, 2023 4:20:20 PM edu.yu.dbimpl.file.Page setString
INFO: setString called with offset: 0 and String: Hello, World!246
Sep 26, 2023 4:20:20 PM edu.yu.dbimpl.file.FileMgr append
INFO: append called with filename: testFileModulePerformance247
Sep 26, 2023 4:20:20 PM edu.yu.dbimpl.file.FileMgr append
INFO: Writing to file: src/test/java/edu/yu/dbimpl/testingDirectory/testFileModulePerformance247
Sep 26, 2023 4:20:20 PM edu.yu.dbimpl.file.Page <init>
INFO: Page created with blocksize 50000
Sep 26, 2023 4:20:20 PM edu.yu.dbimpl.file.Page setString
INFO: setString called with offset: 0 and String: Hello, World!247
Sep 26, 2023 4:20:20 PM edu.yu.dbimpl.file.FileMgr append
INFO: append called with filename: testFileModulePerformance248
Sep 26, 2023 4:20:20 PM edu.yu.dbimpl.file.FileMgr append
INFO: Writing to file: src/test/java/edu/yu/dbimpl/testingDirectory/testFileModulePerformance248
Sep 26, 2023 4:20:20 PM edu.yu.dbimpl.file.Page <init>
INFO: Page created with blocksize 50000
Sep 26, 2023 4:20:20 PM edu.yu.dbimpl.file.Page setString
INFO: setString called with offset: 0 and String: Hello, World!248
Sep 26, 2023 4:20:20 PM edu.yu.dbimpl.file.FileMgr append
INFO: append called with filename: testFileModulePerformance249
Sep 26, 2023 4:20:20 PM edu.yu.dbimpl.file.FileMgr append
INFO: Writing to file: src/test/java/edu/yu/dbimpl/testingDirectory/testFileModulePerformance249
Sep 26, 2023 4:20:20 PM edu.yu.dbimpl.file.Page <init>
INFO: Page created with blocksize 50000
Sep 26, 2023 4:20:20 PM edu.yu.dbimpl.file.Page setString
INFO: setString called with offset: 0 and String: Hello, World!249
Sep 26, 2023 4:20:20 PM edu.yu.dbimpl.file.FileMgr append
INFO: append called with filename: testFileModulePerformance250
Sep 26, 2023 4:20:20 PM edu.yu.dbimpl.file.FileMgr append
INFO: Writing to file: src/test/java/edu/yu/dbimpl/testingDirectory/testFileModulePerformance250
Sep 26, 2023 4:20:20 PM edu.yu.dbimpl.file.Page <init>
INFO: Page created with blocksize 50000
Sep 26, 2023 4:20:20 PM edu.yu.dbimpl.file.Page setString
INFO: setString called with offset: 0 and String: Hello, World!250
Sep 26, 2023 4:20:20 PM edu.yu.dbimpl.file.FileMgr append
INFO: append called with filename: testFileModulePerformance251
Sep 26, 2023 4:20:20 PM edu.yu.dbimpl.file.FileMgr append
INFO: Writing to file: src/test/java/edu/yu/dbimpl/testingDirectory/testFileModulePerformance251
Sep 26, 2023 4:20:20 PM edu.yu.dbimpl.file.Page <init>
INFO: Page created with blocksize 50000
Sep 26, 2023 4:20:20 PM edu.yu.dbimpl.file.Page setString
INFO: setString called with offset: 0 and String: Hello, World!251
Sep 26, 2023 4:20:20 PM edu.yu.dbimpl.file.FileMgr append
INFO: append called with filename: testFileModulePerformance252
Sep 26, 2023 4:20:20 PM edu.yu.dbimpl.file.FileMgr append
INFO: Writing to file: src/test/java/edu/yu/dbimpl/testingDirectory/testFileModulePerformance252
Sep 26, 2023 4:20:20 PM edu.yu.dbimpl.file.Page <init>
INFO: Page created with blocksize 50000
Sep 26, 2023 4:20:20 PM edu.yu.dbimpl.file.Page setString
INFO: setString called with offset: 0 and String: Hello, World!252
Sep 26, 2023 4:20:20 PM edu.yu.dbimpl.file.FileMgr append
INFO: append called with filename: testFileModulePerformance253
Sep 26, 2023 4:20:20 PM edu.yu.dbimpl.file.FileMgr append
INFO: Writing to file: src/test/java/edu/yu/dbimpl/testingDirectory/testFileModulePerformance253
Sep 26, 2023 4:20:20 PM edu.yu.dbimpl.file.Page <init>
INFO: Page created with blocksize 50000
Sep 26, 2023 4:20:20 PM edu.yu.dbimpl.file.Page setString
INFO: setString called with offset: 0 and String: Hello, World!253
Sep 26, 2023 4:20:20 PM edu.yu.dbimpl.file.FileMgr append
INFO: append called with filename: testFileModulePerformance254
Sep 26, 2023 4:20:20 PM edu.yu.dbimpl.file.FileMgr append
INFO: Writing to file: src/test/java/edu/yu/dbimpl/testingDirectory/testFileModulePerformance254
Sep 26, 2023 4:20:20 PM edu.yu.dbimpl.file.Page <init>
INFO: Page created with blocksize 50000
Sep 26, 2023 4:20:20 PM edu.yu.dbimpl.file.Page setString
INFO: setString called with offset: 0 and String: Hello, World!254
Sep 26, 2023 4:20:20 PM edu.yu.dbimpl.file.FileMgr append
INFO: append called with filename: testFileModulePerformance255
Sep 26, 2023 4:20:20 PM edu.yu.dbimpl.file.FileMgr append
INFO: Writing to file: src/test/java/edu/yu/dbimpl/testingDirectory/testFileModulePerformance255
Sep 26, 2023 4:20:20 PM edu.yu.dbimpl.file.Page <init>
INFO: Page created with blocksize 50000
Sep 26, 2023 4:20:20 PM edu.yu.dbimpl.file.Page setString
INFO: setString called with offset: 0 and String: Hello, World!255
Sep 26, 2023 4:20:20 PM edu.yu.dbimpl.file.FileMgr append
INFO: append called with filename: testFileModulePerformance256
Sep 26, 2023 4:20:20 PM edu.yu.dbimpl.file.FileMgr append
INFO: Writing to file: src/test/java/edu/yu/dbimpl/testingDirectory/testFileModulePerformance256
Sep 26, 2023 4:20:20 PM edu.yu.dbimpl.file.Page <init>
INFO: Page created with blocksize 50000
Sep 26, 2023 4:20:20 PM edu.yu.dbimpl.file.Page setString
INFO: setString called with offset: 0 and String: Hello, World!256
Sep 26, 2023 4:20:20 PM edu.yu.dbimpl.file.FileMgr append
INFO: append called with filename: testFileModulePerformance257
Sep 26, 2023 4:20:20 PM edu.yu.dbimpl.file.FileMgr append
INFO: Writing to file: src/test/java/edu/yu/dbimpl/testingDirectory/testFileModulePerformance257
Sep 26, 2023 4:20:20 PM edu.yu.dbimpl.file.Page <init>
INFO: Page created with blocksize 50000
Sep 26, 2023 4:20:20 PM edu.yu.dbimpl.file.Page setString
INFO: setString called with offset: 0 and String: Hello, World!257
Sep 26, 2023 4:20:20 PM edu.yu.dbimpl.file.FileMgr append
INFO: append called with filename: testFileModulePerformance258
Sep 26, 2023 4:20:20 PM edu.yu.dbimpl.file.FileMgr append
INFO: Writing to file: src/test/java/edu/yu/dbimpl/testingDirectory/testFileModulePerformance258
Sep 26, 2023 4:20:20 PM edu.yu.dbimpl.file.Page <init>
INFO: Page created with blocksize 50000
Sep 26, 2023 4:20:20 PM edu.yu.dbimpl.file.Page setString
INFO: setString called with offset: 0 and String: Hello, World!258
Sep 26, 2023 4:20:20 PM edu.yu.dbimpl.file.FileMgr append
INFO: append called with filename: testFileModulePerformance259
Sep 26, 2023 4:20:20 PM edu.yu.dbimpl.file.FileMgr append
INFO: Writing to file: src/test/java/edu/yu/dbimpl/testingDirectory/testFileModulePerformance259
Sep 26, 2023 4:20:20 PM edu.yu.dbimpl.file.Page <init>
INFO: Page created with blocksize 50000
Sep 26, 2023 4:20:20 PM edu.yu.dbimpl.file.Page setString
INFO: setString called with offset: 0 and String: Hello, World!259
Sep 26, 2023 4:20:20 PM edu.yu.dbimpl.file.FileMgr append
INFO: append called with filename: testFileModulePerformance260
Sep 26, 2023 4:20:20 PM edu.yu.dbimpl.file.FileMgr append
INFO: Writing to file: src/test/java/edu/yu/dbimpl/testingDirectory/testFileModulePerformance260
Sep 26, 2023 4:20:20 PM edu.yu.dbimpl.file.Page <init>
INFO: Page created with blocksize 50000
Sep 26, 2023 4:20:20 PM edu.yu.dbimpl.file.Page setString
INFO: setString called with offset: 0 and String: Hello, World!260
Sep 26, 2023 4:20:20 PM edu.yu.dbimpl.file.FileMgr append
INFO: append called with filename: testFileModulePerformance261
Sep 26, 2023 4:20:20 PM edu.yu.dbimpl.file.FileMgr append
INFO: Writing to file: src/test/java/edu/yu/dbimpl/testingDirectory/testFileModulePerformance261
Sep 26, 2023 4:20:20 PM edu.yu.dbimpl.file.Page <init>
INFO: Page created with blocksize 50000
Sep 26, 2023 4:20:20 PM edu.yu.dbimpl.file.Page setString
INFO: setString called with offset: 0 and String: Hello, World!261
Sep 26, 2023 4:20:20 PM edu.yu.dbimpl.file.FileMgr append
INFO: append called with filename: testFileModulePerformance262
Sep 26, 2023 4:20:20 PM edu.yu.dbimpl.file.FileMgr append
INFO: Writing to file: src/test/java/edu/yu/dbimpl/testingDirectory/testFileModulePerformance262
Sep 26, 2023 4:20:20 PM edu.yu.dbimpl.file.Page <init>
INFO: Page created with blocksize 50000
Sep 26, 2023 4:20:20 PM edu.yu.dbimpl.file.Page setString
INFO: setString called with offset: 0 and String: Hello, World!262
Sep 26, 2023 4:20:20 PM edu.yu.dbimpl.file.FileMgr append
INFO: append called with filename: testFileModulePerformance263
Sep 26, 2023 4:20:20 PM edu.yu.dbimpl.file.FileMgr append
INFO: Writing to file: src/test/java/edu/yu/dbimpl/testingDirectory/testFileModulePerformance263
Sep 26, 2023 4:20:20 PM edu.yu.dbimpl.file.Page <init>
INFO: Page created with blocksize 50000
Sep 26, 2023 4:20:20 PM edu.yu.dbimpl.file.Page setString
INFO: setString called with offset: 0 and String: Hello, World!263
Sep 26, 2023 4:20:20 PM edu.yu.dbimpl.file.FileMgr append
INFO: append called with filename: testFileModulePerformance264
Sep 26, 2023 4:20:20 PM edu.yu.dbimpl.file.FileMgr append
INFO: Writing to file: src/test/java/edu/yu/dbimpl/testingDirectory/testFileModulePerformance264
Sep 26, 2023 4:20:20 PM edu.yu.dbimpl.file.Page <init>
INFO: Page created with blocksize 50000
Sep 26, 2023 4:20:20 PM edu.yu.dbimpl.file.Page setString
INFO: setString called with offset: 0 and String: Hello, World!264
Sep 26, 2023 4:20:20 PM edu.yu.dbimpl.file.FileMgr append
INFO: append called with filename: testFileModulePerformance265
Sep 26, 2023 4:20:20 PM edu.yu.dbimpl.file.FileMgr append
INFO: Writing to file: src/test/java/edu/yu/dbimpl/testingDirectory/testFileModulePerformance265
Sep 26, 2023 4:20:20 PM edu.yu.dbimpl.file.Page <init>
INFO: Page created with blocksize 50000
Sep 26, 2023 4:20:20 PM edu.yu.dbimpl.file.Page setString
INFO: setString called with offset: 0 and String: Hello, World!265
Sep 26, 2023 4:20:20 PM edu.yu.dbimpl.file.FileMgr append
INFO: append called with filename: testFileModulePerformance266
Sep 26, 2023 4:20:20 PM edu.yu.dbimpl.file.FileMgr append
INFO: Writing to file: src/test/java/edu/yu/dbimpl/testingDirectory/testFileModulePerformance266
Sep 26, 2023 4:20:20 PM edu.yu.dbimpl.file.Page <init>
INFO: Page created with blocksize 50000
Sep 26, 2023 4:20:20 PM edu.yu.dbimpl.file.Page setString
INFO: setString called with offset: 0 and String: Hello, World!266
Sep 26, 2023 4:20:20 PM edu.yu.dbimpl.file.FileMgr append
INFO: append called with filename: testFileModulePerformance267
Sep 26, 2023 4:20:20 PM edu.yu.dbimpl.file.FileMgr append
INFO: Writing to file: src/test/java/edu/yu/dbimpl/testingDirectory/testFileModulePerformance267
Sep 26, 2023 4:20:20 PM edu.yu.dbimpl.file.Page <init>
INFO: Page created with blocksize 50000
Sep 26, 2023 4:20:20 PM edu.yu.dbimpl.file.Page setString
INFO: setString called with offset: 0 and String: Hello, World!267
Sep 26, 2023 4:20:20 PM edu.yu.dbimpl.file.FileMgr append
INFO: append called with filename: testFileModulePerformance268
Sep 26, 2023 4:20:20 PM edu.yu.dbimpl.file.FileMgr append
INFO: Writing to file: src/test/java/edu/yu/dbimpl/testingDirectory/testFileModulePerformance268
Sep 26, 2023 4:20:20 PM edu.yu.dbimpl.file.Page <init>
INFO: Page created with blocksize 50000
Sep 26, 2023 4:20:20 PM edu.yu.dbimpl.file.Page setString
INFO: setString called with offset: 0 and String: Hello, World!268
Sep 26, 2023 4:20:20 PM edu.yu.dbimpl.file.FileMgr append
INFO: append called with filename: testFileModulePerformance269
Sep 26, 2023 4:20:20 PM edu.yu.dbimpl.file.FileMgr append
INFO: Writing to file: src/test/java/edu/yu/dbimpl/testingDirectory/testFileModulePerformance269
Sep 26, 2023 4:20:20 PM edu.yu.dbimpl.file.Page <init>
INFO: Page created with blocksize 50000
Sep 26, 2023 4:20:20 PM edu.yu.dbimpl.file.Page setString
INFO: setString called with offset: 0 and String: Hello, World!269
Sep 26, 2023 4:20:20 PM edu.yu.dbimpl.file.FileMgr append
INFO: append called with filename: testFileModulePerformance270
Sep 26, 2023 4:20:20 PM edu.yu.dbimpl.file.FileMgr append
INFO: Writing to file: src/test/java/edu/yu/dbimpl/testingDirectory/testFileModulePerformance270
Sep 26, 2023 4:20:20 PM edu.yu.dbimpl.file.Page <init>
INFO: Page created with blocksize 50000
Sep 26, 2023 4:20:20 PM edu.yu.dbimpl.file.Page setString
INFO: setString called with offset: 0 and String: Hello, World!270
Sep 26, 2023 4:20:20 PM edu.yu.dbimpl.file.FileMgr append
INFO: append called with filename: testFileModulePerformance271
Sep 26, 2023 4:20:20 PM edu.yu.dbimpl.file.FileMgr append
INFO: Writing to file: src/test/java/edu/yu/dbimpl/testingDirectory/testFileModulePerformance271
Sep 26, 2023 4:20:20 PM edu.yu.dbimpl.file.Page <init>
INFO: Page created with blocksize 50000
Sep 26, 2023 4:20:20 PM edu.yu.dbimpl.file.Page setString
INFO: setString called with offset: 0 and String: Hello, World!271
Sep 26, 2023 4:20:20 PM edu.yu.dbimpl.file.FileMgr append
INFO: append called with filename: testFileModulePerformance272
Sep 26, 2023 4:20:20 PM edu.yu.dbimpl.file.FileMgr append
INFO: Writing to file: src/test/java/edu/yu/dbimpl/testingDirectory/testFileModulePerformance272
Sep 26, 2023 4:20:20 PM edu.yu.dbimpl.file.Page <init>
INFO: Page created with blocksize 50000
Sep 26, 2023 4:20:20 PM edu.yu.dbimpl.file.Page setString
INFO: setString called with offset: 0 and String: Hello, World!272
Sep 26, 2023 4:20:20 PM edu.yu.dbimpl.file.FileMgr append
INFO: append called with filename: testFileModulePerformance273
Sep 26, 2023 4:20:20 PM edu.yu.dbimpl.file.FileMgr append
INFO: Writing to file: src/test/java/edu/yu/dbimpl/testingDirectory/testFileModulePerformance273
Sep 26, 2023 4:20:20 PM edu.yu.dbimpl.file.Page <init>
INFO: Page created with blocksize 50000
Sep 26, 2023 4:20:20 PM edu.yu.dbimpl.file.Page setString
INFO: setString called with offset: 0 and String: Hello, World!273
Sep 26, 2023 4:20:20 PM edu.yu.dbimpl.file.FileMgr append
INFO: append called with filename: testFileModulePerformance274
Sep 26, 2023 4:20:20 PM edu.yu.dbimpl.file.FileMgr append
INFO: Writing to file: src/test/java/edu/yu/dbimpl/testingDirectory/testFileModulePerformance274
Sep 26, 2023 4:20:20 PM edu.yu.dbimpl.file.Page <init>
INFO: Page created with blocksize 50000
Sep 26, 2023 4:20:20 PM edu.yu.dbimpl.file.Page setString
INFO: setString called with offset: 0 and String: Hello, World!274
Sep 26, 2023 4:20:20 PM edu.yu.dbimpl.file.FileMgr append
INFO: append called with filename: testFileModulePerformance275
Sep 26, 2023 4:20:20 PM edu.yu.dbimpl.file.FileMgr append
INFO: Writing to file: src/test/java/edu/yu/dbimpl/testingDirectory/testFileModulePerformance275
Sep 26, 2023 4:20:20 PM edu.yu.dbimpl.file.Page <init>
INFO: Page created with blocksize 50000
Sep 26, 2023 4:20:20 PM edu.yu.dbimpl.file.Page setString
INFO: setString called with offset: 0 and String: Hello, World!275
Sep 26, 2023 4:20:20 PM edu.yu.dbimpl.file.FileMgr append
INFO: append called with filename: testFileModulePerformance276
Sep 26, 2023 4:20:20 PM edu.yu.dbimpl.file.FileMgr append
INFO: Writing to file: src/test/java/edu/yu/dbimpl/testingDirectory/testFileModulePerformance276
Sep 26, 2023 4:20:20 PM edu.yu.dbimpl.file.Page <init>
INFO: Page created with blocksize 50000
Sep 26, 2023 4:20:20 PM edu.yu.dbimpl.file.Page setString
INFO: setString called with offset: 0 and String: Hello, World!276
Sep 26, 2023 4:20:20 PM edu.yu.dbimpl.file.FileMgr append
INFO: append called with filename: testFileModulePerformance277
Sep 26, 2023 4:20:20 PM edu.yu.dbimpl.file.FileMgr append
INFO: Writing to file: src/test/java/edu/yu/dbimpl/testingDirectory/testFileModulePerformance277
Sep 26, 2023 4:20:20 PM edu.yu.dbimpl.file.Page <init>
INFO: Page created with blocksize 50000
Sep 26, 2023 4:20:20 PM edu.yu.dbimpl.file.Page setString
INFO: setString called with offset: 0 and String: Hello, World!277
Sep 26, 2023 4:20:20 PM edu.yu.dbimpl.file.FileMgr append
INFO: append called with filename: testFileModulePerformance278
Sep 26, 2023 4:20:20 PM edu.yu.dbimpl.file.FileMgr append
INFO: Writing to file: src/test/java/edu/yu/dbimpl/testingDirectory/testFileModulePerformance278
Sep 26, 2023 4:20:20 PM edu.yu.dbimpl.file.Page <init>
INFO: Page created with blocksize 50000
Sep 26, 2023 4:20:20 PM edu.yu.dbimpl.file.Page setString
INFO: setString called with offset: 0 and String: Hello, World!278
Sep 26, 2023 4:20:20 PM edu.yu.dbimpl.file.FileMgr append
INFO: append called with filename: testFileModulePerformance279
Sep 26, 2023 4:20:20 PM edu.yu.dbimpl.file.FileMgr append
INFO: Writing to file: src/test/java/edu/yu/dbimpl/testingDirectory/testFileModulePerformance279
Sep 26, 2023 4:20:20 PM edu.yu.dbimpl.file.Page <init>
INFO: Page created with blocksize 50000
Sep 26, 2023 4:20:20 PM edu.yu.dbimpl.file.Page setString
INFO: setString called with offset: 0 and String: Hello, World!279
Sep 26, 2023 4:20:20 PM edu.yu.dbimpl.file.FileMgr append
INFO: append called with filename: testFileModulePerformance280
Sep 26, 2023 4:20:20 PM edu.yu.dbimpl.file.FileMgr append
INFO: Writing to file: src/test/java/edu/yu/dbimpl/testingDirectory/testFileModulePerformance280
Sep 26, 2023 4:20:20 PM edu.yu.dbimpl.file.Page <init>
INFO: Page created with blocksize 50000
Sep 26, 2023 4:20:20 PM edu.yu.dbimpl.file.Page setString
INFO: setString called with offset: 0 and String: Hello, World!280
Sep 26, 2023 4:20:20 PM edu.yu.dbimpl.file.FileMgr append
INFO: append called with filename: testFileModulePerformance281
Sep 26, 2023 4:20:20 PM edu.yu.dbimpl.file.FileMgr append
INFO: Writing to file: src/test/java/edu/yu/dbimpl/testingDirectory/testFileModulePerformance281
Sep 26, 2023 4:20:20 PM edu.yu.dbimpl.file.Page <init>
INFO: Page created with blocksize 50000
Sep 26, 2023 4:20:20 PM edu.yu.dbimpl.file.Page setString
INFO: setString called with offset: 0 and String: Hello, World!281
Sep 26, 2023 4:20:20 PM edu.yu.dbimpl.file.FileMgr append
INFO: append called with filename: testFileModulePerformance282
Sep 26, 2023 4:20:20 PM edu.yu.dbimpl.file.FileMgr append
INFO: Writing to file: src/test/java/edu/yu/dbimpl/testingDirectory/testFileModulePerformance282
Sep 26, 2023 4:20:20 PM edu.yu.dbimpl.file.Page <init>
INFO: Page created with blocksize 50000
Sep 26, 2023 4:20:20 PM edu.yu.dbimpl.file.Page setString
INFO: setString called with offset: 0 and String: Hello, World!282
Sep 26, 2023 4:20:20 PM edu.yu.dbimpl.file.FileMgr append
INFO: append called with filename: testFileModulePerformance283
Sep 26, 2023 4:20:20 PM edu.yu.dbimpl.file.FileMgr append
INFO: Writing to file: src/test/java/edu/yu/dbimpl/testingDirectory/testFileModulePerformance283
Sep 26, 2023 4:20:20 PM edu.yu.dbimpl.file.Page <init>
INFO: Page created with blocksize 50000
Sep 26, 2023 4:20:20 PM edu.yu.dbimpl.file.Page setString
INFO: setString called with offset: 0 and String: Hello, World!283
Sep 26, 2023 4:20:20 PM edu.yu.dbimpl.file.FileMgr append
INFO: append called with filename: testFileModulePerformance284
Sep 26, 2023 4:20:20 PM edu.yu.dbimpl.file.FileMgr append
INFO: Writing to file: src/test/java/edu/yu/dbimpl/testingDirectory/testFileModulePerformance284
Sep 26, 2023 4:20:20 PM edu.yu.dbimpl.file.Page <init>
INFO: Page created with blocksize 50000
Sep 26, 2023 4:20:20 PM edu.yu.dbimpl.file.Page setString
INFO: setString called with offset: 0 and String: Hello, World!284
Sep 26, 2023 4:20:20 PM edu.yu.dbimpl.file.FileMgr append
INFO: append called with filename: testFileModulePerformance285
Sep 26, 2023 4:20:20 PM edu.yu.dbimpl.file.FileMgr append
INFO: Writing to file: src/test/java/edu/yu/dbimpl/testingDirectory/testFileModulePerformance285
Sep 26, 2023 4:20:20 PM edu.yu.dbimpl.file.Page <init>
INFO: Page created with blocksize 50000
Sep 26, 2023 4:20:20 PM edu.yu.dbimpl.file.Page setString
INFO: setString called with offset: 0 and String: Hello, World!285
Sep 26, 2023 4:20:20 PM edu.yu.dbimpl.file.FileMgr append
INFO: append called with filename: testFileModulePerformance286
Sep 26, 2023 4:20:20 PM edu.yu.dbimpl.file.FileMgr append
INFO: Writing to file: src/test/java/edu/yu/dbimpl/testingDirectory/testFileModulePerformance286
Sep 26, 2023 4:20:20 PM edu.yu.dbimpl.file.Page <init>
INFO: Page created with blocksize 50000
Sep 26, 2023 4:20:20 PM edu.yu.dbimpl.file.Page setString
INFO: setString called with offset: 0 and String: Hello, World!286
Sep 26, 2023 4:20:20 PM edu.yu.dbimpl.file.FileMgr append
INFO: append called with filename: testFileModulePerformance287
Sep 26, 2023 4:20:20 PM edu.yu.dbimpl.file.FileMgr append
INFO: Writing to file: src/test/java/edu/yu/dbimpl/testingDirectory/testFileModulePerformance287
Sep 26, 2023 4:20:20 PM edu.yu.dbimpl.file.Page <init>
INFO: Page created with blocksize 50000
Sep 26, 2023 4:20:20 PM edu.yu.dbimpl.file.Page setString
INFO: setString called with offset: 0 and String: Hello, World!287
Sep 26, 2023 4:20:20 PM edu.yu.dbimpl.file.FileMgr append
INFO: append called with filename: testFileModulePerformance288
Sep 26, 2023 4:20:20 PM edu.yu.dbimpl.file.FileMgr append
INFO: Writing to file: src/test/java/edu/yu/dbimpl/testingDirectory/testFileModulePerformance288
Sep 26, 2023 4:20:20 PM edu.yu.dbimpl.file.Page <init>
INFO: Page created with blocksize 50000
Sep 26, 2023 4:20:20 PM edu.yu.dbimpl.file.Page setString
INFO: setString called with offset: 0 and String: Hello, World!288
Sep 26, 2023 4:20:20 PM edu.yu.dbimpl.file.FileMgr append
INFO: append called with filename: testFileModulePerformance289
Sep 26, 2023 4:20:20 PM edu.yu.dbimpl.file.FileMgr append
INFO: Writing to file: src/test/java/edu/yu/dbimpl/testingDirectory/testFileModulePerformance289
Sep 26, 2023 4:20:20 PM edu.yu.dbimpl.file.Page <init>
INFO: Page created with blocksize 50000
Sep 26, 2023 4:20:20 PM edu.yu.dbimpl.file.Page setString
INFO: setString called with offset: 0 and String: Hello, World!289
Sep 26, 2023 4:20:20 PM edu.yu.dbimpl.file.FileMgr append
INFO: append called with filename: testFileModulePerformance290
Sep 26, 2023 4:20:20 PM edu.yu.dbimpl.file.FileMgr append
INFO: Writing to file: src/test/java/edu/yu/dbimpl/testingDirectory/testFileModulePerformance290
Sep 26, 2023 4:20:20 PM edu.yu.dbimpl.file.Page <init>
INFO: Page created with blocksize 50000
Sep 26, 2023 4:20:20 PM edu.yu.dbimpl.file.Page setString
INFO: setString called with offset: 0 and String: Hello, World!290
Sep 26, 2023 4:20:20 PM edu.yu.dbimpl.file.FileMgr append
INFO: append called with filename: testFileModulePerformance291
Sep 26, 2023 4:20:20 PM edu.yu.dbimpl.file.FileMgr append
INFO: Writing to file: src/test/java/edu/yu/dbimpl/testingDirectory/testFileModulePerformance291
Sep 26, 2023 4:20:20 PM edu.yu.dbimpl.file.Page <init>
INFO: Page created with blocksize 50000
Sep 26, 2023 4:20:20 PM edu.yu.dbimpl.file.Page setString
INFO: setString called with offset: 0 and String: Hello, World!291
Sep 26, 2023 4:20:20 PM edu.yu.dbimpl.file.FileMgr append
INFO: append called with filename: testFileModulePerformance292
Sep 26, 2023 4:20:20 PM edu.yu.dbimpl.file.FileMgr append
INFO: Writing to file: src/test/java/edu/yu/dbimpl/testingDirectory/testFileModulePerformance292
Sep 26, 2023 4:20:20 PM edu.yu.dbimpl.file.Page <init>
INFO: Page created with blocksize 50000
Sep 26, 2023 4:20:20 PM edu.yu.dbimpl.file.Page setString
INFO: setString called with offset: 0 and String: Hello, World!292
Sep 26, 2023 4:20:20 PM edu.yu.dbimpl.file.FileMgr append
INFO: append called with filename: testFileModulePerformance293
Sep 26, 2023 4:20:20 PM edu.yu.dbimpl.file.FileMgr append
INFO: Writing to file: src/test/java/edu/yu/dbimpl/testingDirectory/testFileModulePerformance293
Sep 26, 2023 4:20:20 PM edu.yu.dbimpl.file.Page <init>
INFO: Page created with blocksize 50000
Sep 26, 2023 4:20:20 PM edu.yu.dbimpl.file.Page setString
INFO: setString called with offset: 0 and String: Hello, World!293
Sep 26, 2023 4:20:20 PM edu.yu.dbimpl.file.FileMgr append
INFO: append called with filename: testFileModulePerformance294
Sep 26, 2023 4:20:20 PM edu.yu.dbimpl.file.FileMgr append
INFO: Writing to file: src/test/java/edu/yu/dbimpl/testingDirectory/testFileModulePerformance294
Sep 26, 2023 4:20:20 PM edu.yu.dbimpl.file.Page <init>
INFO: Page created with blocksize 50000
Sep 26, 2023 4:20:20 PM edu.yu.dbimpl.file.Page setString
INFO: setString called with offset: 0 and String: Hello, World!294
Sep 26, 2023 4:20:20 PM edu.yu.dbimpl.file.FileMgr append
INFO: append called with filename: testFileModulePerformance295
Sep 26, 2023 4:20:20 PM edu.yu.dbimpl.file.FileMgr append
INFO: Writing to file: src/test/java/edu/yu/dbimpl/testingDirectory/testFileModulePerformance295
Sep 26, 2023 4:20:20 PM edu.yu.dbimpl.file.Page <init>
INFO: Page created with blocksize 50000
Sep 26, 2023 4:20:20 PM edu.yu.dbimpl.file.Page setString
INFO: setString called with offset: 0 and String: Hello, World!295
Sep 26, 2023 4:20:20 PM edu.yu.dbimpl.file.FileMgr append
INFO: append called with filename: testFileModulePerformance296
Sep 26, 2023 4:20:20 PM edu.yu.dbimpl.file.FileMgr append
INFO: Writing to file: src/test/java/edu/yu/dbimpl/testingDirectory/testFileModulePerformance296
Sep 26, 2023 4:20:20 PM edu.yu.dbimpl.file.Page <init>
INFO: Page created with blocksize 50000
Sep 26, 2023 4:20:20 PM edu.yu.dbimpl.file.Page setString
INFO: setString called with offset: 0 and String: Hello, World!296
Sep 26, 2023 4:20:20 PM edu.yu.dbimpl.file.FileMgr append
INFO: append called with filename: testFileModulePerformance297
Sep 26, 2023 4:20:20 PM edu.yu.dbimpl.file.FileMgr append
INFO: Writing to file: src/test/java/edu/yu/dbimpl/testingDirectory/testFileModulePerformance297
Sep 26, 2023 4:20:20 PM edu.yu.dbimpl.file.Page <init>
INFO: Page created with blocksize 50000
Sep 26, 2023 4:20:20 PM edu.yu.dbimpl.file.Page setString
INFO: setString called with offset: 0 and String: Hello, World!297
Sep 26, 2023 4:20:20 PM edu.yu.dbimpl.file.FileMgr append
INFO: append called with filename: testFileModulePerformance298
Sep 26, 2023 4:20:20 PM edu.yu.dbimpl.file.FileMgr append
INFO: Writing to file: src/test/java/edu/yu/dbimpl/testingDirectory/testFileModulePerformance298
Sep 26, 2023 4:20:20 PM edu.yu.dbimpl.file.Page <init>
INFO: Page created with blocksize 50000
Sep 26, 2023 4:20:20 PM edu.yu.dbimpl.file.Page setString
INFO: setString called with offset: 0 and String: Hello, World!298
Sep 26, 2023 4:20:20 PM edu.yu.dbimpl.file.FileMgr append
INFO: append called with filename: testFileModulePerformance299
Sep 26, 2023 4:20:20 PM edu.yu.dbimpl.file.FileMgr append
INFO: Writing to file: src/test/java/edu/yu/dbimpl/testingDirectory/testFileModulePerformance299
Sep 26, 2023 4:20:20 PM edu.yu.dbimpl.file.Page <init>
INFO: Page created with blocksize 50000
Sep 26, 2023 4:20:20 PM edu.yu.dbimpl.file.Page setString
INFO: setString called with offset: 0 and String: Hello, World!299
Sep 26, 2023 4:20:20 PM edu.yu.dbimpl.file.FileMgr append
INFO: append called with filename: testFileModulePerformance300
Sep 26, 2023 4:20:20 PM edu.yu.dbimpl.file.FileMgr append
INFO: Writing to file: src/test/java/edu/yu/dbimpl/testingDirectory/testFileModulePerformance300
Sep 26, 2023 4:20:20 PM edu.yu.dbimpl.file.Page <init>
INFO: Page created with blocksize 50000
Sep 26, 2023 4:20:20 PM edu.yu.dbimpl.file.Page setString
INFO: setString called with offset: 0 and String: Hello, World!300
Sep 26, 2023 4:20:20 PM edu.yu.dbimpl.file.FileMgr append
INFO: append called with filename: testFileModulePerformance301
Sep 26, 2023 4:20:20 PM edu.yu.dbimpl.file.FileMgr append
INFO: Writing to file: src/test/java/edu/yu/dbimpl/testingDirectory/testFileModulePerformance301
Sep 26, 2023 4:20:20 PM edu.yu.dbimpl.file.Page <init>
INFO: Page created with blocksize 50000
Sep 26, 2023 4:20:20 PM edu.yu.dbimpl.file.Page setString
INFO: setString called with offset: 0 and String: Hello, World!301
Sep 26, 2023 4:20:20 PM edu.yu.dbimpl.file.FileMgr append
INFO: append called with filename: testFileModulePerformance302
Sep 26, 2023 4:20:20 PM edu.yu.dbimpl.file.FileMgr append
INFO: Writing to file: src/test/java/edu/yu/dbimpl/testingDirectory/testFileModulePerformance302
Sep 26, 2023 4:20:20 PM edu.yu.dbimpl.file.Page <init>
INFO: Page created with blocksize 50000
Sep 26, 2023 4:20:20 PM edu.yu.dbimpl.file.Page setString
INFO: setString called with offset: 0 and String: Hello, World!302
Sep 26, 2023 4:20:20 PM edu.yu.dbimpl.file.FileMgr append
INFO: append called with filename: testFileModulePerformance303
Sep 26, 2023 4:20:20 PM edu.yu.dbimpl.file.FileMgr append
INFO: Writing to file: src/test/java/edu/yu/dbimpl/testingDirectory/testFileModulePerformance303
Sep 26, 2023 4:20:20 PM edu.yu.dbimpl.file.Page <init>
INFO: Page created with blocksize 50000
Sep 26, 2023 4:20:20 PM edu.yu.dbimpl.file.Page setString
INFO: setString called with offset: 0 and String: Hello, World!303
Sep 26, 2023 4:20:20 PM edu.yu.dbimpl.file.FileMgr append
INFO: append called with filename: testFileModulePerformance304
Sep 26, 2023 4:20:20 PM edu.yu.dbimpl.file.FileMgr append
INFO: Writing to file: src/test/java/edu/yu/dbimpl/testingDirectory/testFileModulePerformance304
Sep 26, 2023 4:20:20 PM edu.yu.dbimpl.file.Page <init>
INFO: Page created with blocksize 50000
Sep 26, 2023 4:20:20 PM edu.yu.dbimpl.file.Page setString
INFO: setString called with offset: 0 and String: Hello, World!304
Sep 26, 2023 4:20:20 PM edu.yu.dbimpl.file.FileMgr append
INFO: append called with filename: testFileModulePerformance305
Sep 26, 2023 4:20:20 PM edu.yu.dbimpl.file.FileMgr append
INFO: Writing to file: src/test/java/edu/yu/dbimpl/testingDirectory/testFileModulePerformance305
Sep 26, 2023 4:20:20 PM edu.yu.dbimpl.file.Page <init>
INFO: Page created with blocksize 50000
Sep 26, 2023 4:20:20 PM edu.yu.dbimpl.file.Page setString
INFO: setString called with offset: 0 and String: Hello, World!305
Sep 26, 2023 4:20:20 PM edu.yu.dbimpl.file.FileMgr append
INFO: append called with filename: testFileModulePerformance306
Sep 26, 2023 4:20:20 PM edu.yu.dbimpl.file.FileMgr append
INFO: Writing to file: src/test/java/edu/yu/dbimpl/testingDirectory/testFileModulePerformance306
Sep 26, 2023 4:20:20 PM edu.yu.dbimpl.file.Page <init>
INFO: Page created with blocksize 50000
Sep 26, 2023 4:20:20 PM edu.yu.dbimpl.file.Page setString
INFO: setString called with offset: 0 and String: Hello, World!306
Sep 26, 2023 4:20:20 PM edu.yu.dbimpl.file.FileMgr append
INFO: append called with filename: testFileModulePerformance307
Sep 26, 2023 4:20:20 PM edu.yu.dbimpl.file.FileMgr append
INFO: Writing to file: src/test/java/edu/yu/dbimpl/testingDirectory/testFileModulePerformance307
Sep 26, 2023 4:20:20 PM edu.yu.dbimpl.file.Page <init>
INFO: Page created with blocksize 50000
Sep 26, 2023 4:20:20 PM edu.yu.dbimpl.file.Page setString
INFO: setString called with offset: 0 and String: Hello, World!307
Sep 26, 2023 4:20:20 PM edu.yu.dbimpl.file.FileMgr append
INFO: append called with filename: testFileModulePerformance308
Sep 26, 2023 4:20:20 PM edu.yu.dbimpl.file.FileMgr append
INFO: Writing to file: src/test/java/edu/yu/dbimpl/testingDirectory/testFileModulePerformance308
Sep 26, 2023 4:20:20 PM edu.yu.dbimpl.file.Page <init>
INFO: Page created with blocksize 50000
Sep 26, 2023 4:20:20 PM edu.yu.dbimpl.file.Page setString
INFO: setString called with offset: 0 and String: Hello, World!308
Sep 26, 2023 4:20:20 PM edu.yu.dbimpl.file.FileMgr append
INFO: append called with filename: testFileModulePerformance309
Sep 26, 2023 4:20:20 PM edu.yu.dbimpl.file.FileMgr append
INFO: Writing to file: src/test/java/edu/yu/dbimpl/testingDirectory/testFileModulePerformance309
Sep 26, 2023 4:20:20 PM edu.yu.dbimpl.file.Page <init>
INFO: Page created with blocksize 50000
Sep 26, 2023 4:20:20 PM edu.yu.dbimpl.file.Page setString
INFO: setString called with offset: 0 and String: Hello, World!309
Sep 26, 2023 4:20:20 PM edu.yu.dbimpl.file.FileMgr append
INFO: append called with filename: testFileModulePerformance310
Sep 26, 2023 4:20:20 PM edu.yu.dbimpl.file.FileMgr append
INFO: Writing to file: src/test/java/edu/yu/dbimpl/testingDirectory/testFileModulePerformance310
Sep 26, 2023 4:20:20 PM edu.yu.dbimpl.file.Page <init>
INFO: Page created with blocksize 50000
Sep 26, 2023 4:20:20 PM edu.yu.dbimpl.file.Page setString
INFO: setString called with offset: 0 and String: Hello, World!310
Sep 26, 2023 4:20:20 PM edu.yu.dbimpl.file.FileMgr append
INFO: append called with filename: testFileModulePerformance311
Sep 26, 2023 4:20:20 PM edu.yu.dbimpl.file.FileMgr append
INFO: Writing to file: src/test/java/edu/yu/dbimpl/testingDirectory/testFileModulePerformance311
Sep 26, 2023 4:20:20 PM edu.yu.dbimpl.file.Page <init>
INFO: Page created with blocksize 50000
Sep 26, 2023 4:20:20 PM edu.yu.dbimpl.file.Page setString
INFO: setString called with offset: 0 and String: Hello, World!311
Sep 26, 2023 4:20:20 PM edu.yu.dbimpl.file.FileMgr append
INFO: append called with filename: testFileModulePerformance312
Sep 26, 2023 4:20:20 PM edu.yu.dbimpl.file.FileMgr append
INFO: Writing to file: src/test/java/edu/yu/dbimpl/testingDirectory/testFileModulePerformance312
Sep 26, 2023 4:20:20 PM edu.yu.dbimpl.file.Page <init>
INFO: Page created with blocksize 50000
Sep 26, 2023 4:20:20 PM edu.yu.dbimpl.file.Page setString
INFO: setString called with offset: 0 and String: Hello, World!312
Sep 26, 2023 4:20:20 PM edu.yu.dbimpl.file.FileMgr append
INFO: append called with filename: testFileModulePerformance313
Sep 26, 2023 4:20:20 PM edu.yu.dbimpl.file.FileMgr append
INFO: Writing to file: src/test/java/edu/yu/dbimpl/testingDirectory/testFileModulePerformance313
Sep 26, 2023 4:20:20 PM edu.yu.dbimpl.file.Page <init>
INFO: Page created with blocksize 50000
Sep 26, 2023 4:20:20 PM edu.yu.dbimpl.file.Page setString
INFO: setString called with offset: 0 and String: Hello, World!313
Sep 26, 2023 4:20:20 PM edu.yu.dbimpl.file.FileMgr append
INFO: append called with filename: testFileModulePerformance314
Sep 26, 2023 4:20:20 PM edu.yu.dbimpl.file.FileMgr append
INFO: Writing to file: src/test/java/edu/yu/dbimpl/testingDirectory/testFileModulePerformance314
Sep 26, 2023 4:20:20 PM edu.yu.dbimpl.file.Page <init>
INFO: Page created with blocksize 50000
Sep 26, 2023 4:20:20 PM edu.yu.dbimpl.file.Page setString
INFO: setString called with offset: 0 and String: Hello, World!314
Sep 26, 2023 4:20:20 PM edu.yu.dbimpl.file.FileMgr append
INFO: append called with filename: testFileModulePerformance315
Sep 26, 2023 4:20:20 PM edu.yu.dbimpl.file.FileMgr append
INFO: Writing to file: src/test/java/edu/yu/dbimpl/testingDirectory/testFileModulePerformance315
Sep 26, 2023 4:20:20 PM edu.yu.dbimpl.file.Page <init>
INFO: Page created with blocksize 50000
Sep 26, 2023 4:20:20 PM edu.yu.dbimpl.file.Page setString
INFO: setString called with offset: 0 and String: Hello, World!315
Sep 26, 2023 4:20:20 PM edu.yu.dbimpl.file.FileMgr append
INFO: append called with filename: testFileModulePerformance316
Sep 26, 2023 4:20:20 PM edu.yu.dbimpl.file.FileMgr append
INFO: Writing to file: src/test/java/edu/yu/dbimpl/testingDirectory/testFileModulePerformance316
Sep 26, 2023 4:20:20 PM edu.yu.dbimpl.file.Page <init>
INFO: Page created with blocksize 50000
Sep 26, 2023 4:20:20 PM edu.yu.dbimpl.file.Page setString
INFO: setString called with offset: 0 and String: Hello, World!316
Sep 26, 2023 4:20:20 PM edu.yu.dbimpl.file.FileMgr append
INFO: append called with filename: testFileModulePerformance317
Sep 26, 2023 4:20:20 PM edu.yu.dbimpl.file.FileMgr append
INFO: Writing to file: src/test/java/edu/yu/dbimpl/testingDirectory/testFileModulePerformance317
Sep 26, 2023 4:20:20 PM edu.yu.dbimpl.file.Page <init>
INFO: Page created with blocksize 50000
Sep 26, 2023 4:20:20 PM edu.yu.dbimpl.file.Page setString
INFO: setString called with offset: 0 and String: Hello, World!317
Sep 26, 2023 4:20:20 PM edu.yu.dbimpl.file.FileMgr append
INFO: append called with filename: testFileModulePerformance318
Sep 26, 2023 4:20:20 PM edu.yu.dbimpl.file.FileMgr append
INFO: Writing to file: src/test/java/edu/yu/dbimpl/testingDirectory/testFileModulePerformance318
Sep 26, 2023 4:20:20 PM edu.yu.dbimpl.file.Page <init>
INFO: Page created with blocksize 50000
Sep 26, 2023 4:20:20 PM edu.yu.dbimpl.file.Page setString
INFO: setString called with offset: 0 and String: Hello, World!318
Sep 26, 2023 4:20:20 PM edu.yu.dbimpl.file.FileMgr append
INFO: append called with filename: testFileModulePerformance319
Sep 26, 2023 4:20:20 PM edu.yu.dbimpl.file.FileMgr append
INFO: Writing to file: src/test/java/edu/yu/dbimpl/testingDirectory/testFileModulePerformance319
Sep 26, 2023 4:20:20 PM edu.yu.dbimpl.file.Page <init>
INFO: Page created with blocksize 50000
Sep 26, 2023 4:20:20 PM edu.yu.dbimpl.file.Page setString
INFO: setString called with offset: 0 and String: Hello, World!319
Sep 26, 2023 4:20:20 PM edu.yu.dbimpl.file.FileMgr append
INFO: append called with filename: testFileModulePerformance320
Sep 26, 2023 4:20:20 PM edu.yu.dbimpl.file.FileMgr append
INFO: Writing to file: src/test/java/edu/yu/dbimpl/testingDirectory/testFileModulePerformance320
Sep 26, 2023 4:20:20 PM edu.yu.dbimpl.file.Page <init>
INFO: Page created with blocksize 50000
Sep 26, 2023 4:20:20 PM edu.yu.dbimpl.file.Page setString
INFO: setString called with offset: 0 and String: Hello, World!320
Sep 26, 2023 4:20:20 PM edu.yu.dbimpl.file.FileMgr append
INFO: append called with filename: testFileModulePerformance321
Sep 26, 2023 4:20:20 PM edu.yu.dbimpl.file.FileMgr append
INFO: Writing to file: src/test/java/edu/yu/dbimpl/testingDirectory/testFileModulePerformance321
Sep 26, 2023 4:20:20 PM edu.yu.dbimpl.file.Page <init>
INFO: Page created with blocksize 50000
Sep 26, 2023 4:20:20 PM edu.yu.dbimpl.file.Page setString
INFO: setString called with offset: 0 and String: Hello, World!321
Sep 26, 2023 4:20:20 PM edu.yu.dbimpl.file.FileMgr append
INFO: append called with filename: testFileModulePerformance322
Sep 26, 2023 4:20:20 PM edu.yu.dbimpl.file.FileMgr append
INFO: Writing to file: src/test/java/edu/yu/dbimpl/testingDirectory/testFileModulePerformance322
Sep 26, 2023 4:20:20 PM edu.yu.dbimpl.file.Page <init>
INFO: Page created with blocksize 50000
Sep 26, 2023 4:20:20 PM edu.yu.dbimpl.file.Page setString
INFO: setString called with offset: 0 and String: Hello, World!322
Sep 26, 2023 4:20:20 PM edu.yu.dbimpl.file.FileMgr append
INFO: append called with filename: testFileModulePerformance323
Sep 26, 2023 4:20:20 PM edu.yu.dbimpl.file.FileMgr append
INFO: Writing to file: src/test/java/edu/yu/dbimpl/testingDirectory/testFileModulePerformance323
Sep 26, 2023 4:20:20 PM edu.yu.dbimpl.file.Page <init>
INFO: Page created with blocksize 50000
Sep 26, 2023 4:20:20 PM edu.yu.dbimpl.file.Page setString
INFO: setString called with offset: 0 and String: Hello, World!323
Sep 26, 2023 4:20:20 PM edu.yu.dbimpl.file.FileMgr append
INFO: append called with filename: testFileModulePerformance324
Sep 26, 2023 4:20:20 PM edu.yu.dbimpl.file.FileMgr append
INFO: Writing to file: src/test/java/edu/yu/dbimpl/testingDirectory/testFileModulePerformance324
Sep 26, 2023 4:20:20 PM edu.yu.dbimpl.file.Page <init>
INFO: Page created with blocksize 50000
Sep 26, 2023 4:20:20 PM edu.yu.dbimpl.file.Page setString
INFO: setString called with offset: 0 and String: Hello, World!324
Sep 26, 2023 4:20:20 PM edu.yu.dbimpl.file.FileMgr append
INFO: append called with filename: testFileModulePerformance325
Sep 26, 2023 4:20:20 PM edu.yu.dbimpl.file.FileMgr append
INFO: Writing to file: src/test/java/edu/yu/dbimpl/testingDirectory/testFileModulePerformance325
Sep 26, 2023 4:20:20 PM edu.yu.dbimpl.file.Page <init>
INFO: Page created with blocksize 50000
Sep 26, 2023 4:20:20 PM edu.yu.dbimpl.file.Page setString
INFO: setString called with offset: 0 and String: Hello, World!325
Sep 26, 2023 4:20:20 PM edu.yu.dbimpl.file.FileMgr append
INFO: append called with filename: testFileModulePerformance326
Sep 26, 2023 4:20:20 PM edu.yu.dbimpl.file.FileMgr append
INFO: Writing to file: src/test/java/edu/yu/dbimpl/testingDirectory/testFileModulePerformance326
Sep 26, 2023 4:20:20 PM edu.yu.dbimpl.file.Page <init>
INFO: Page created with blocksize 50000
Sep 26, 2023 4:20:20 PM edu.yu.dbimpl.file.Page setString
INFO: setString called with offset: 0 and String: Hello, World!326
Sep 26, 2023 4:20:20 PM edu.yu.dbimpl.file.FileMgr append
INFO: append called with filename: testFileModulePerformance327
Sep 26, 2023 4:20:20 PM edu.yu.dbimpl.file.FileMgr append
INFO: Writing to file: src/test/java/edu/yu/dbimpl/testingDirectory/testFileModulePerformance327
Sep 26, 2023 4:20:20 PM edu.yu.dbimpl.file.Page <init>
INFO: Page created with blocksize 50000
Sep 26, 2023 4:20:20 PM edu.yu.dbimpl.file.Page setString
INFO: setString called with offset: 0 and String: Hello, World!327
Sep 26, 2023 4:20:20 PM edu.yu.dbimpl.file.FileMgr append
INFO: append called with filename: testFileModulePerformance328
Sep 26, 2023 4:20:20 PM edu.yu.dbimpl.file.FileMgr append
INFO: Writing to file: src/test/java/edu/yu/dbimpl/testingDirectory/testFileModulePerformance328
Sep 26, 2023 4:20:20 PM edu.yu.dbimpl.file.Page <init>
INFO: Page created with blocksize 50000
Sep 26, 2023 4:20:20 PM edu.yu.dbimpl.file.Page setString
INFO: setString called with offset: 0 and String: Hello, World!328
Sep 26, 2023 4:20:20 PM edu.yu.dbimpl.file.FileMgr append
INFO: append called with filename: testFileModulePerformance329
Sep 26, 2023 4:20:20 PM edu.yu.dbimpl.file.FileMgr append
INFO: Writing to file: src/test/java/edu/yu/dbimpl/testingDirectory/testFileModulePerformance329
Sep 26, 2023 4:20:20 PM edu.yu.dbimpl.file.Page <init>
INFO: Page created with blocksize 50000
Sep 26, 2023 4:20:20 PM edu.yu.dbimpl.file.Page setString
INFO: setString called with offset: 0 and String: Hello, World!329
Sep 26, 2023 4:20:20 PM edu.yu.dbimpl.file.FileMgr append
INFO: append called with filename: testFileModulePerformance330
Sep 26, 2023 4:20:20 PM edu.yu.dbimpl.file.FileMgr append
INFO: Writing to file: src/test/java/edu/yu/dbimpl/testingDirectory/testFileModulePerformance330
Sep 26, 2023 4:20:20 PM edu.yu.dbimpl.file.Page <init>
INFO: Page created with blocksize 50000
Sep 26, 2023 4:20:20 PM edu.yu.dbimpl.file.Page setString
INFO: setString called with offset: 0 and String: Hello, World!330
Sep 26, 2023 4:20:20 PM edu.yu.dbimpl.file.FileMgr append
INFO: append called with filename: testFileModulePerformance331
Sep 26, 2023 4:20:20 PM edu.yu.dbimpl.file.FileMgr append
INFO: Writing to file: src/test/java/edu/yu/dbimpl/testingDirectory/testFileModulePerformance331
Sep 26, 2023 4:20:20 PM edu.yu.dbimpl.file.Page <init>
INFO: Page created with blocksize 50000
Sep 26, 2023 4:20:20 PM edu.yu.dbimpl.file.Page setString
INFO: setString called with offset: 0 and String: Hello, World!331
Sep 26, 2023 4:20:20 PM edu.yu.dbimpl.file.FileMgr append
INFO: append called with filename: testFileModulePerformance332
Sep 26, 2023 4:20:20 PM edu.yu.dbimpl.file.FileMgr append
INFO: Writing to file: src/test/java/edu/yu/dbimpl/testingDirectory/testFileModulePerformance332
Sep 26, 2023 4:20:20 PM edu.yu.dbimpl.file.Page <init>
INFO: Page created with blocksize 50000
Sep 26, 2023 4:20:20 PM edu.yu.dbimpl.file.Page setString
INFO: setString called with offset: 0 and String: Hello, World!332
Sep 26, 2023 4:20:20 PM edu.yu.dbimpl.file.FileMgr append
INFO: append called with filename: testFileModulePerformance333
Sep 26, 2023 4:20:20 PM edu.yu.dbimpl.file.FileMgr append
INFO: Writing to file: src/test/java/edu/yu/dbimpl/testingDirectory/testFileModulePerformance333
Sep 26, 2023 4:20:20 PM edu.yu.dbimpl.file.Page <init>
INFO: Page created with blocksize 50000
Sep 26, 2023 4:20:20 PM edu.yu.dbimpl.file.Page setString
INFO: setString called with offset: 0 and String: Hello, World!333
Sep 26, 2023 4:20:20 PM edu.yu.dbimpl.file.FileMgr append
INFO: append called with filename: testFileModulePerformance334
Sep 26, 2023 4:20:20 PM edu.yu.dbimpl.file.FileMgr append
INFO: Writing to file: src/test/java/edu/yu/dbimpl/testingDirectory/testFileModulePerformance334
Sep 26, 2023 4:20:20 PM edu.yu.dbimpl.file.Page <init>
INFO: Page created with blocksize 50000
Sep 26, 2023 4:20:20 PM edu.yu.dbimpl.file.Page setString
INFO: setString called with offset: 0 and String: Hello, World!334
Sep 26, 2023 4:20:20 PM edu.yu.dbimpl.file.FileMgr append
INFO: append called with filename: testFileModulePerformance335
Sep 26, 2023 4:20:20 PM edu.yu.dbimpl.file.FileMgr append
INFO: Writing to file: src/test/java/edu/yu/dbimpl/testingDirectory/testFileModulePerformance335
Sep 26, 2023 4:20:20 PM edu.yu.dbimpl.file.Page <init>
INFO: Page created with blocksize 50000
Sep 26, 2023 4:20:20 PM edu.yu.dbimpl.file.Page setString
INFO: setString called with offset: 0 and String: Hello, World!335
Sep 26, 2023 4:20:20 PM edu.yu.dbimpl.file.FileMgr append
INFO: append called with filename: testFileModulePerformance336
Sep 26, 2023 4:20:20 PM edu.yu.dbimpl.file.FileMgr append
INFO: Writing to file: src/test/java/edu/yu/dbimpl/testingDirectory/testFileModulePerformance336
Sep 26, 2023 4:20:20 PM edu.yu.dbimpl.file.Page <init>
INFO: Page created with blocksize 50000
Sep 26, 2023 4:20:20 PM edu.yu.dbimpl.file.Page setString
INFO: setString called with offset: 0 and String: Hello, World!336
Sep 26, 2023 4:20:20 PM edu.yu.dbimpl.file.FileMgr append
INFO: append called with filename: testFileModulePerformance337
Sep 26, 2023 4:20:20 PM edu.yu.dbimpl.file.FileMgr append
INFO: Writing to file: src/test/java/edu/yu/dbimpl/testingDirectory/testFileModulePerformance337
Sep 26, 2023 4:20:20 PM edu.yu.dbimpl.file.Page <init>
INFO: Page created with blocksize 50000
Sep 26, 2023 4:20:20 PM edu.yu.dbimpl.file.Page setString
INFO: setString called with offset: 0 and String: Hello, World!337
Sep 26, 2023 4:20:20 PM edu.yu.dbimpl.file.FileMgr append
INFO: append called with filename: testFileModulePerformance338
Sep 26, 2023 4:20:20 PM edu.yu.dbimpl.file.FileMgr append
INFO: Writing to file: src/test/java/edu/yu/dbimpl/testingDirectory/testFileModulePerformance338
Sep 26, 2023 4:20:20 PM edu.yu.dbimpl.file.Page <init>
INFO: Page created with blocksize 50000
Sep 26, 2023 4:20:20 PM edu.yu.dbimpl.file.Page setString
INFO: setString called with offset: 0 and String: Hello, World!338
Sep 26, 2023 4:20:20 PM edu.yu.dbimpl.file.FileMgr append
INFO: append called with filename: testFileModulePerformance339
Sep 26, 2023 4:20:20 PM edu.yu.dbimpl.file.FileMgr append
INFO: Writing to file: src/test/java/edu/yu/dbimpl/testingDirectory/testFileModulePerformance339
Sep 26, 2023 4:20:20 PM edu.yu.dbimpl.file.Page <init>
INFO: Page created with blocksize 50000
Sep 26, 2023 4:20:20 PM edu.yu.dbimpl.file.Page setString
INFO: setString called with offset: 0 and String: Hello, World!339
Sep 26, 2023 4:20:20 PM edu.yu.dbimpl.file.FileMgr append
INFO: append called with filename: testFileModulePerformance340
Sep 26, 2023 4:20:20 PM edu.yu.dbimpl.file.FileMgr append
INFO: Writing to file: src/test/java/edu/yu/dbimpl/testingDirectory/testFileModulePerformance340
Sep 26, 2023 4:20:20 PM edu.yu.dbimpl.file.Page <init>
INFO: Page created with blocksize 50000
Sep 26, 2023 4:20:20 PM edu.yu.dbimpl.file.Page setString
INFO: setString called with offset: 0 and String: Hello, World!340
Sep 26, 2023 4:20:20 PM edu.yu.dbimpl.file.FileMgr append
INFO: append called with filename: testFileModulePerformance341
Sep 26, 2023 4:20:20 PM edu.yu.dbimpl.file.FileMgr append
INFO: Writing to file: src/test/java/edu/yu/dbimpl/testingDirectory/testFileModulePerformance341
Sep 26, 2023 4:20:20 PM edu.yu.dbimpl.file.Page <init>
INFO: Page created with blocksize 50000
Sep 26, 2023 4:20:20 PM edu.yu.dbimpl.file.Page setString
INFO: setString called with offset: 0 and String: Hello, World!341
Sep 26, 2023 4:20:20 PM edu.yu.dbimpl.file.FileMgr append
INFO: append called with filename: testFileModulePerformance342
Sep 26, 2023 4:20:20 PM edu.yu.dbimpl.file.FileMgr append
INFO: Writing to file: src/test/java/edu/yu/dbimpl/testingDirectory/testFileModulePerformance342
Sep 26, 2023 4:20:20 PM edu.yu.dbimpl.file.Page <init>
INFO: Page created with blocksize 50000
Sep 26, 2023 4:20:20 PM edu.yu.dbimpl.file.Page setString
INFO: setString called with offset: 0 and String: Hello, World!342
Sep 26, 2023 4:20:20 PM edu.yu.dbimpl.file.FileMgr append
INFO: append called with filename: testFileModulePerformance343
Sep 26, 2023 4:20:20 PM edu.yu.dbimpl.file.FileMgr append
INFO: Writing to file: src/test/java/edu/yu/dbimpl/testingDirectory/testFileModulePerformance343
Sep 26, 2023 4:20:20 PM edu.yu.dbimpl.file.Page <init>
INFO: Page created with blocksize 50000
Sep 26, 2023 4:20:20 PM edu.yu.dbimpl.file.Page setString
INFO: setString called with offset: 0 and String: Hello, World!343
Sep 26, 2023 4:20:20 PM edu.yu.dbimpl.file.FileMgr append
INFO: append called with filename: testFileModulePerformance344
Sep 26, 2023 4:20:20 PM edu.yu.dbimpl.file.FileMgr append
INFO: Writing to file: src/test/java/edu/yu/dbimpl/testingDirectory/testFileModulePerformance344
Sep 26, 2023 4:20:20 PM edu.yu.dbimpl.file.Page <init>
INFO: Page created with blocksize 50000
Sep 26, 2023 4:20:20 PM edu.yu.dbimpl.file.Page setString
INFO: setString called with offset: 0 and String: Hello, World!344
Sep 26, 2023 4:20:20 PM edu.yu.dbimpl.file.FileMgr append
INFO: append called with filename: testFileModulePerformance345
Sep 26, 2023 4:20:20 PM edu.yu.dbimpl.file.FileMgr append
INFO: Writing to file: src/test/java/edu/yu/dbimpl/testingDirectory/testFileModulePerformance345
Sep 26, 2023 4:20:20 PM edu.yu.dbimpl.file.Page <init>
INFO: Page created with blocksize 50000
Sep 26, 2023 4:20:20 PM edu.yu.dbimpl.file.Page setString
INFO: setString called with offset: 0 and String: Hello, World!345
Sep 26, 2023 4:20:20 PM edu.yu.dbimpl.file.FileMgr append
INFO: append called with filename: testFileModulePerformance346
Sep 26, 2023 4:20:20 PM edu.yu.dbimpl.file.FileMgr append
INFO: Writing to file: src/test/java/edu/yu/dbimpl/testingDirectory/testFileModulePerformance346
Sep 26, 2023 4:20:20 PM edu.yu.dbimpl.file.Page <init>
INFO: Page created with blocksize 50000
Sep 26, 2023 4:20:20 PM edu.yu.dbimpl.file.Page setString
INFO: setString called with offset: 0 and String: Hello, World!346
Sep 26, 2023 4:20:20 PM edu.yu.dbimpl.file.FileMgr append
INFO: append called with filename: testFileModulePerformance347
Sep 26, 2023 4:20:20 PM edu.yu.dbimpl.file.FileMgr append
INFO: Writing to file: src/test/java/edu/yu/dbimpl/testingDirectory/testFileModulePerformance347
Sep 26, 2023 4:20:20 PM edu.yu.dbimpl.file.Page <init>
INFO: Page created with blocksize 50000
Sep 26, 2023 4:20:20 PM edu.yu.dbimpl.file.Page setString
INFO: setString called with offset: 0 and String: Hello, World!347
Sep 26, 2023 4:20:20 PM edu.yu.dbimpl.file.FileMgr append
INFO: append called with filename: testFileModulePerformance348
Sep 26, 2023 4:20:20 PM edu.yu.dbimpl.file.FileMgr append
INFO: Writing to file: src/test/java/edu/yu/dbimpl/testingDirectory/testFileModulePerformance348
Sep 26, 2023 4:20:20 PM edu.yu.dbimpl.file.Page <init>
INFO: Page created with blocksize 50000
Sep 26, 2023 4:20:20 PM edu.yu.dbimpl.file.Page setString
INFO: setString called with offset: 0 and String: Hello, World!348
Sep 26, 2023 4:20:20 PM edu.yu.dbimpl.file.FileMgr append
INFO: append called with filename: testFileModulePerformance349
Sep 26, 2023 4:20:20 PM edu.yu.dbimpl.file.FileMgr append
INFO: Writing to file: src/test/java/edu/yu/dbimpl/testingDirectory/testFileModulePerformance349
Sep 26, 2023 4:20:20 PM edu.yu.dbimpl.file.Page <init>
INFO: Page created with blocksize 50000
Sep 26, 2023 4:20:20 PM edu.yu.dbimpl.file.Page setString
INFO: setString called with offset: 0 and String: Hello, World!349
Sep 26, 2023 4:20:20 PM edu.yu.dbimpl.file.FileMgr append
INFO: append called with filename: testFileModulePerformance350
Sep 26, 2023 4:20:20 PM edu.yu.dbimpl.file.FileMgr append
INFO: Writing to file: src/test/java/edu/yu/dbimpl/testingDirectory/testFileModulePerformance350
Sep 26, 2023 4:20:20 PM edu.yu.dbimpl.file.Page <init>
INFO: Page created with blocksize 50000
Sep 26, 2023 4:20:20 PM edu.yu.dbimpl.file.Page setString
INFO: setString called with offset: 0 and String: Hello, World!350
Sep 26, 2023 4:20:20 PM edu.yu.dbimpl.file.FileMgr append
INFO: append called with filename: testFileModulePerformance351
Sep 26, 2023 4:20:20 PM edu.yu.dbimpl.file.FileMgr append
INFO: Writing to file: src/test/java/edu/yu/dbimpl/testingDirectory/testFileModulePerformance351
Sep 26, 2023 4:20:20 PM edu.yu.dbimpl.file.Page <init>
INFO: Page created with blocksize 50000
Sep 26, 2023 4:20:20 PM edu.yu.dbimpl.file.Page setString
INFO: setString called with offset: 0 and String: Hello, World!351
Sep 26, 2023 4:20:20 PM edu.yu.dbimpl.file.FileMgr append
INFO: append called with filename: testFileModulePerformance352
Sep 26, 2023 4:20:20 PM edu.yu.dbimpl.file.FileMgr append
INFO: Writing to file: src/test/java/edu/yu/dbimpl/testingDirectory/testFileModulePerformance352
Sep 26, 2023 4:20:20 PM edu.yu.dbimpl.file.Page <init>
INFO: Page created with blocksize 50000
Sep 26, 2023 4:20:20 PM edu.yu.dbimpl.file.Page setString
INFO: setString called with offset: 0 and String: Hello, World!352
Sep 26, 2023 4:20:20 PM edu.yu.dbimpl.file.FileMgr append
INFO: append called with filename: testFileModulePerformance353
Sep 26, 2023 4:20:20 PM edu.yu.dbimpl.file.FileMgr append
INFO: Writing to file: src/test/java/edu/yu/dbimpl/testingDirectory/testFileModulePerformance353
Sep 26, 2023 4:20:20 PM edu.yu.dbimpl.file.Page <init>
INFO: Page created with blocksize 50000
Sep 26, 2023 4:20:20 PM edu.yu.dbimpl.file.Page setString
INFO: setString called with offset: 0 and String: Hello, World!353
Sep 26, 2023 4:20:20 PM edu.yu.dbimpl.file.FileMgr append
INFO: append called with filename: testFileModulePerformance354
Sep 26, 2023 4:20:20 PM edu.yu.dbimpl.file.FileMgr append
INFO: Writing to file: src/test/java/edu/yu/dbimpl/testingDirectory/testFileModulePerformance354
Sep 26, 2023 4:20:20 PM edu.yu.dbimpl.file.Page <init>
INFO: Page created with blocksize 50000
Sep 26, 2023 4:20:20 PM edu.yu.dbimpl.file.Page setString
INFO: setString called with offset: 0 and String: Hello, World!354
Sep 26, 2023 4:20:20 PM edu.yu.dbimpl.file.FileMgr append
INFO: append called with filename: testFileModulePerformance355
Sep 26, 2023 4:20:20 PM edu.yu.dbimpl.file.FileMgr append
INFO: Writing to file: src/test/java/edu/yu/dbimpl/testingDirectory/testFileModulePerformance355
Sep 26, 2023 4:20:20 PM edu.yu.dbimpl.file.Page <init>
INFO: Page created with blocksize 50000
Sep 26, 2023 4:20:20 PM edu.yu.dbimpl.file.Page setString
INFO: setString called with offset: 0 and String: Hello, World!355
Sep 26, 2023 4:20:20 PM edu.yu.dbimpl.file.FileMgr append
INFO: append called with filename: testFileModulePerformance356
Sep 26, 2023 4:20:20 PM edu.yu.dbimpl.file.FileMgr append
INFO: Writing to file: src/test/java/edu/yu/dbimpl/testingDirectory/testFileModulePerformance356
Sep 26, 2023 4:20:20 PM edu.yu.dbimpl.file.Page <init>
INFO: Page created with blocksize 50000
Sep 26, 2023 4:20:20 PM edu.yu.dbimpl.file.Page setString
INFO: setString called with offset: 0 and String: Hello, World!356
Sep 26, 2023 4:20:20 PM edu.yu.dbimpl.file.FileMgr append
INFO: append called with filename: testFileModulePerformance357
Sep 26, 2023 4:20:20 PM edu.yu.dbimpl.file.FileMgr append
INFO: Writing to file: src/test/java/edu/yu/dbimpl/testingDirectory/testFileModulePerformance357
Sep 26, 2023 4:20:20 PM edu.yu.dbimpl.file.Page <init>
INFO: Page created with blocksize 50000
Sep 26, 2023 4:20:20 PM edu.yu.dbimpl.file.Page setString
INFO: setString called with offset: 0 and String: Hello, World!357
Sep 26, 2023 4:20:20 PM edu.yu.dbimpl.file.FileMgr append
INFO: append called with filename: testFileModulePerformance358
Sep 26, 2023 4:20:20 PM edu.yu.dbimpl.file.FileMgr append
INFO: Writing to file: src/test/java/edu/yu/dbimpl/testingDirectory/testFileModulePerformance358
Sep 26, 2023 4:20:20 PM edu.yu.dbimpl.file.Page <init>
INFO: Page created with blocksize 50000
Sep 26, 2023 4:20:20 PM edu.yu.dbimpl.file.Page setString
INFO: setString called with offset: 0 and String: Hello, World!358
Sep 26, 2023 4:20:20 PM edu.yu.dbimpl.file.FileMgr append
INFO: append called with filename: testFileModulePerformance359
Sep 26, 2023 4:20:20 PM edu.yu.dbimpl.file.FileMgr append
INFO: Writing to file: src/test/java/edu/yu/dbimpl/testingDirectory/testFileModulePerformance359
Sep 26, 2023 4:20:20 PM edu.yu.dbimpl.file.Page <init>
INFO: Page created with blocksize 50000
Sep 26, 2023 4:20:20 PM edu.yu.dbimpl.file.Page setString
INFO: setString called with offset: 0 and String: Hello, World!359
Sep 26, 2023 4:20:20 PM edu.yu.dbimpl.file.FileMgr append
INFO: append called with filename: testFileModulePerformance360
Sep 26, 2023 4:20:20 PM edu.yu.dbimpl.file.FileMgr append
INFO: Writing to file: src/test/java/edu/yu/dbimpl/testingDirectory/testFileModulePerformance360
Sep 26, 2023 4:20:20 PM edu.yu.dbimpl.file.Page <init>
INFO: Page created with blocksize 50000
Sep 26, 2023 4:20:20 PM edu.yu.dbimpl.file.Page setString
INFO: setString called with offset: 0 and String: Hello, World!360
Sep 26, 2023 4:20:20 PM edu.yu.dbimpl.file.FileMgr append
INFO: append called with filename: testFileModulePerformance361
Sep 26, 2023 4:20:20 PM edu.yu.dbimpl.file.FileMgr append
INFO: Writing to file: src/test/java/edu/yu/dbimpl/testingDirectory/testFileModulePerformance361
Sep 26, 2023 4:20:20 PM edu.yu.dbimpl.file.Page <init>
INFO: Page created with blocksize 50000
Sep 26, 2023 4:20:20 PM edu.yu.dbimpl.file.Page setString
INFO: setString called with offset: 0 and String: Hello, World!361
Sep 26, 2023 4:20:20 PM edu.yu.dbimpl.file.FileMgr append
INFO: append called with filename: testFileModulePerformance362
Sep 26, 2023 4:20:20 PM edu.yu.dbimpl.file.FileMgr append
INFO: Writing to file: src/test/java/edu/yu/dbimpl/testingDirectory/testFileModulePerformance362
Sep 26, 2023 4:20:20 PM edu.yu.dbimpl.file.Page <init>
INFO: Page created with blocksize 50000
Sep 26, 2023 4:20:20 PM edu.yu.dbimpl.file.Page setString
INFO: setString called with offset: 0 and String: Hello, World!362
Sep 26, 2023 4:20:20 PM edu.yu.dbimpl.file.FileMgr append
INFO: append called with filename: testFileModulePerformance363
Sep 26, 2023 4:20:20 PM edu.yu.dbimpl.file.FileMgr append
INFO: Writing to file: src/test/java/edu/yu/dbimpl/testingDirectory/testFileModulePerformance363
Sep 26, 2023 4:20:20 PM edu.yu.dbimpl.file.Page <init>
INFO: Page created with blocksize 50000
Sep 26, 2023 4:20:20 PM edu.yu.dbimpl.file.Page setString
INFO: setString called with offset: 0 and String: Hello, World!363
Sep 26, 2023 4:20:20 PM edu.yu.dbimpl.file.FileMgr append
INFO: append called with filename: testFileModulePerformance364
Sep 26, 2023 4:20:20 PM edu.yu.dbimpl.file.FileMgr append
INFO: Writing to file: src/test/java/edu/yu/dbimpl/testingDirectory/testFileModulePerformance364
Sep 26, 2023 4:20:20 PM edu.yu.dbimpl.file.Page <init>
INFO: Page created with blocksize 50000
Sep 26, 2023 4:20:20 PM edu.yu.dbimpl.file.Page setString
INFO: setString called with offset: 0 and String: Hello, World!364
Sep 26, 2023 4:20:20 PM edu.yu.dbimpl.file.FileMgr append
INFO: append called with filename: testFileModulePerformance365
Sep 26, 2023 4:20:20 PM edu.yu.dbimpl.file.FileMgr append
INFO: Writing to file: src/test/java/edu/yu/dbimpl/testingDirectory/testFileModulePerformance365
Sep 26, 2023 4:20:20 PM edu.yu.dbimpl.file.Page <init>
INFO: Page created with blocksize 50000
Sep 26, 2023 4:20:20 PM edu.yu.dbimpl.file.Page setString
INFO: setString called with offset: 0 and String: Hello, World!365
Sep 26, 2023 4:20:20 PM edu.yu.dbimpl.file.FileMgr append
INFO: append called with filename: testFileModulePerformance366
Sep 26, 2023 4:20:20 PM edu.yu.dbimpl.file.FileMgr append
INFO: Writing to file: src/test/java/edu/yu/dbimpl/testingDirectory/testFileModulePerformance366
Sep 26, 2023 4:20:20 PM edu.yu.dbimpl.file.Page <init>
INFO: Page created with blocksize 50000
Sep 26, 2023 4:20:20 PM edu.yu.dbimpl.file.Page setString
INFO: setString called with offset: 0 and String: Hello, World!366
Sep 26, 2023 4:20:20 PM edu.yu.dbimpl.file.FileMgr append
INFO: append called with filename: testFileModulePerformance367
Sep 26, 2023 4:20:20 PM edu.yu.dbimpl.file.FileMgr append
INFO: Writing to file: src/test/java/edu/yu/dbimpl/testingDirectory/testFileModulePerformance367
Sep 26, 2023 4:20:20 PM edu.yu.dbimpl.file.Page <init>
INFO: Page created with blocksize 50000
Sep 26, 2023 4:20:20 PM edu.yu.dbimpl.file.Page setString
INFO: setString called with offset: 0 and String: Hello, World!367
Sep 26, 2023 4:20:20 PM edu.yu.dbimpl.file.FileMgr append
INFO: append called with filename: testFileModulePerformance368
Sep 26, 2023 4:20:20 PM edu.yu.dbimpl.file.FileMgr append
INFO: Writing to file: src/test/java/edu/yu/dbimpl/testingDirectory/testFileModulePerformance368
Sep 26, 2023 4:20:20 PM edu.yu.dbimpl.file.Page <init>
INFO: Page created with blocksize 50000
Sep 26, 2023 4:20:20 PM edu.yu.dbimpl.file.Page setString
INFO: setString called with offset: 0 and String: Hello, World!368
Sep 26, 2023 4:20:20 PM edu.yu.dbimpl.file.FileMgr append
INFO: append called with filename: testFileModulePerformance369
Sep 26, 2023 4:20:20 PM edu.yu.dbimpl.file.FileMgr append
INFO: Writing to file: src/test/java/edu/yu/dbimpl/testingDirectory/testFileModulePerformance369
Sep 26, 2023 4:20:20 PM edu.yu.dbimpl.file.Page <init>
INFO: Page created with blocksize 50000
Sep 26, 2023 4:20:20 PM edu.yu.dbimpl.file.Page setString
INFO: setString called with offset: 0 and String: Hello, World!369
Sep 26, 2023 4:20:20 PM edu.yu.dbimpl.file.FileMgr append
INFO: append called with filename: testFileModulePerformance370
Sep 26, 2023 4:20:20 PM edu.yu.dbimpl.file.FileMgr append
INFO: Writing to file: src/test/java/edu/yu/dbimpl/testingDirectory/testFileModulePerformance370
Sep 26, 2023 4:20:20 PM edu.yu.dbimpl.file.Page <init>
INFO: Page created with blocksize 50000
Sep 26, 2023 4:20:20 PM edu.yu.dbimpl.file.Page setString
INFO: setString called with offset: 0 and String: Hello, World!370
Sep 26, 2023 4:20:20 PM edu.yu.dbimpl.file.FileMgr append
INFO: append called with filename: testFileModulePerformance371
Sep 26, 2023 4:20:20 PM edu.yu.dbimpl.file.FileMgr append
INFO: Writing to file: src/test/java/edu/yu/dbimpl/testingDirectory/testFileModulePerformance371
Sep 26, 2023 4:20:20 PM edu.yu.dbimpl.file.Page <init>
INFO: Page created with blocksize 50000
Sep 26, 2023 4:20:20 PM edu.yu.dbimpl.file.Page setString
INFO: setString called with offset: 0 and String: Hello, World!371
Sep 26, 2023 4:20:20 PM edu.yu.dbimpl.file.FileMgr append
INFO: append called with filename: testFileModulePerformance372
Sep 26, 2023 4:20:20 PM edu.yu.dbimpl.file.FileMgr append
INFO: Writing to file: src/test/java/edu/yu/dbimpl/testingDirectory/testFileModulePerformance372
Sep 26, 2023 4:20:20 PM edu.yu.dbimpl.file.Page <init>
INFO: Page created with blocksize 50000
Sep 26, 2023 4:20:20 PM edu.yu.dbimpl.file.Page setString
INFO: setString called with offset: 0 and String: Hello, World!372
Sep 26, 2023 4:20:20 PM edu.yu.dbimpl.file.FileMgr append
INFO: append called with filename: testFileModulePerformance373
Sep 26, 2023 4:20:20 PM edu.yu.dbimpl.file.FileMgr append
INFO: Writing to file: src/test/java/edu/yu/dbimpl/testingDirectory/testFileModulePerformance373
Sep 26, 2023 4:20:20 PM edu.yu.dbimpl.file.Page <init>
INFO: Page created with blocksize 50000
Sep 26, 2023 4:20:20 PM edu.yu.dbimpl.file.Page setString
INFO: setString called with offset: 0 and String: Hello, World!373
Sep 26, 2023 4:20:20 PM edu.yu.dbimpl.file.FileMgr append
INFO: append called with filename: testFileModulePerformance374
Sep 26, 2023 4:20:20 PM edu.yu.dbimpl.file.FileMgr append
INFO: Writing to file: src/test/java/edu/yu/dbimpl/testingDirectory/testFileModulePerformance374
Sep 26, 2023 4:20:20 PM edu.yu.dbimpl.file.Page <init>
INFO: Page created with blocksize 50000
Sep 26, 2023 4:20:20 PM edu.yu.dbimpl.file.Page setString
INFO: setString called with offset: 0 and String: Hello, World!374
Sep 26, 2023 4:20:20 PM edu.yu.dbimpl.file.FileMgr append
INFO: append called with filename: testFileModulePerformance375
Sep 26, 2023 4:20:20 PM edu.yu.dbimpl.file.FileMgr append
INFO: Writing to file: src/test/java/edu/yu/dbimpl/testingDirectory/testFileModulePerformance375
Sep 26, 2023 4:20:20 PM edu.yu.dbimpl.file.Page <init>
INFO: Page created with blocksize 50000
Sep 26, 2023 4:20:20 PM edu.yu.dbimpl.file.Page setString
INFO: setString called with offset: 0 and String: Hello, World!375
Sep 26, 2023 4:20:20 PM edu.yu.dbimpl.file.FileMgr append
INFO: append called with filename: testFileModulePerformance376
Sep 26, 2023 4:20:20 PM edu.yu.dbimpl.file.FileMgr append
INFO: Writing to file: src/test/java/edu/yu/dbimpl/testingDirectory/testFileModulePerformance376
Sep 26, 2023 4:20:20 PM edu.yu.dbimpl.file.Page <init>
INFO: Page created with blocksize 50000
Sep 26, 2023 4:20:20 PM edu.yu.dbimpl.file.Page setString
INFO: setString called with offset: 0 and String: Hello, World!376
Sep 26, 2023 4:20:20 PM edu.yu.dbimpl.file.FileMgr append
INFO: append called with filename: testFileModulePerformance377
Sep 26, 2023 4:20:20 PM edu.yu.dbimpl.file.FileMgr append
INFO: Writing to file: src/test/java/edu/yu/dbimpl/testingDirectory/testFileModulePerformance377
Sep 26, 2023 4:20:20 PM edu.yu.dbimpl.file.Page <init>
INFO: Page created with blocksize 50000
Sep 26, 2023 4:20:20 PM edu.yu.dbimpl.file.Page setString
INFO: setString called with offset: 0 and String: Hello, World!377
Sep 26, 2023 4:20:20 PM edu.yu.dbimpl.file.FileMgr append
INFO: append called with filename: testFileModulePerformance378
Sep 26, 2023 4:20:20 PM edu.yu.dbimpl.file.FileMgr append
INFO: Writing to file: src/test/java/edu/yu/dbimpl/testingDirectory/testFileModulePerformance378
Sep 26, 2023 4:20:20 PM edu.yu.dbimpl.file.Page <init>
INFO: Page created with blocksize 50000
Sep 26, 2023 4:20:20 PM edu.yu.dbimpl.file.Page setString
INFO: setString called with offset: 0 and String: Hello, World!378
Sep 26, 2023 4:20:20 PM edu.yu.dbimpl.file.FileMgr append
INFO: append called with filename: testFileModulePerformance379
Sep 26, 2023 4:20:20 PM edu.yu.dbimpl.file.FileMgr append
INFO: Writing to file: src/test/java/edu/yu/dbimpl/testingDirectory/testFileModulePerformance379
Sep 26, 2023 4:20:20 PM edu.yu.dbimpl.file.Page <init>
INFO: Page created with blocksize 50000
Sep 26, 2023 4:20:20 PM edu.yu.dbimpl.file.Page setString
INFO: setString called with offset: 0 and String: Hello, World!379
Sep 26, 2023 4:20:20 PM edu.yu.dbimpl.file.FileMgr append
INFO: append called with filename: testFileModulePerformance380
Sep 26, 2023 4:20:20 PM edu.yu.dbimpl.file.FileMgr append
INFO: Writing to file: src/test/java/edu/yu/dbimpl/testingDirectory/testFileModulePerformance380
Sep 26, 2023 4:20:20 PM edu.yu.dbimpl.file.Page <init>
INFO: Page created with blocksize 50000
Sep 26, 2023 4:20:20 PM edu.yu.dbimpl.file.Page setString
INFO: setString called with offset: 0 and String: Hello, World!380
Sep 26, 2023 4:20:20 PM edu.yu.dbimpl.file.FileMgr append
INFO: append called with filename: testFileModulePerformance381
Sep 26, 2023 4:20:20 PM edu.yu.dbimpl.file.FileMgr append
INFO: Writing to file: src/test/java/edu/yu/dbimpl/testingDirectory/testFileModulePerformance381
Sep 26, 2023 4:20:20 PM edu.yu.dbimpl.file.Page <init>
INFO: Page created with blocksize 50000
Sep 26, 2023 4:20:20 PM edu.yu.dbimpl.file.Page setString
INFO: setString called with offset: 0 and String: Hello, World!381
Sep 26, 2023 4:20:20 PM edu.yu.dbimpl.file.FileMgr append
INFO: append called with filename: testFileModulePerformance382
Sep 26, 2023 4:20:20 PM edu.yu.dbimpl.file.FileMgr append
INFO: Writing to file: src/test/java/edu/yu/dbimpl/testingDirectory/testFileModulePerformance382
Sep 26, 2023 4:20:20 PM edu.yu.dbimpl.file.Page <init>
INFO: Page created with blocksize 50000
Sep 26, 2023 4:20:20 PM edu.yu.dbimpl.file.Page setString
INFO: setString called with offset: 0 and String: Hello, World!382
Sep 26, 2023 4:20:20 PM edu.yu.dbimpl.file.FileMgr append
INFO: append called with filename: testFileModulePerformance383
Sep 26, 2023 4:20:20 PM edu.yu.dbimpl.file.FileMgr append
INFO: Writing to file: src/test/java/edu/yu/dbimpl/testingDirectory/testFileModulePerformance383
Sep 26, 2023 4:20:20 PM edu.yu.dbimpl.file.Page <init>
INFO: Page created with blocksize 50000
Sep 26, 2023 4:20:20 PM edu.yu.dbimpl.file.Page setString
INFO: setString called with offset: 0 and String: Hello, World!383
Sep 26, 2023 4:20:20 PM edu.yu.dbimpl.file.FileMgr append
INFO: append called with filename: testFileModulePerformance384
Sep 26, 2023 4:20:20 PM edu.yu.dbimpl.file.FileMgr append
INFO: Writing to file: src/test/java/edu/yu/dbimpl/testingDirectory/testFileModulePerformance384
Sep 26, 2023 4:20:20 PM edu.yu.dbimpl.file.Page <init>
INFO: Page created with blocksize 50000
Sep 26, 2023 4:20:20 PM edu.yu.dbimpl.file.Page setString
INFO: setString called with offset: 0 and String: Hello, World!384
Sep 26, 2023 4:20:20 PM edu.yu.dbimpl.file.FileMgr append
INFO: append called with filename: testFileModulePerformance385
Sep 26, 2023 4:20:20 PM edu.yu.dbimpl.file.FileMgr append
INFO: Writing to file: src/test/java/edu/yu/dbimpl/testingDirectory/testFileModulePerformance385
Sep 26, 2023 4:20:20 PM edu.yu.dbimpl.file.Page <init>
INFO: Page created with blocksize 50000
Sep 26, 2023 4:20:20 PM edu.yu.dbimpl.file.Page setString
INFO: setString called with offset: 0 and String: Hello, World!385
Sep 26, 2023 4:20:20 PM edu.yu.dbimpl.file.FileMgr append
INFO: append called with filename: testFileModulePerformance386
Sep 26, 2023 4:20:20 PM edu.yu.dbimpl.file.FileMgr append
INFO: Writing to file: src/test/java/edu/yu/dbimpl/testingDirectory/testFileModulePerformance386
Sep 26, 2023 4:20:20 PM edu.yu.dbimpl.file.Page <init>
INFO: Page created with blocksize 50000
Sep 26, 2023 4:20:20 PM edu.yu.dbimpl.file.Page setString
INFO: setString called with offset: 0 and String: Hello, World!386
Sep 26, 2023 4:20:20 PM edu.yu.dbimpl.file.FileMgr append
INFO: append called with filename: testFileModulePerformance387
Sep 26, 2023 4:20:20 PM edu.yu.dbimpl.file.FileMgr append
INFO: Writing to file: src/test/java/edu/yu/dbimpl/testingDirectory/testFileModulePerformance387
Sep 26, 2023 4:20:20 PM edu.yu.dbimpl.file.Page <init>
INFO: Page created with blocksize 50000
Sep 26, 2023 4:20:20 PM edu.yu.dbimpl.file.Page setString
INFO: setString called with offset: 0 and String: Hello, World!387
Sep 26, 2023 4:20:20 PM edu.yu.dbimpl.file.FileMgr append
INFO: append called with filename: testFileModulePerformance388
Sep 26, 2023 4:20:20 PM edu.yu.dbimpl.file.FileMgr append
INFO: Writing to file: src/test/java/edu/yu/dbimpl/testingDirectory/testFileModulePerformance388
Sep 26, 2023 4:20:20 PM edu.yu.dbimpl.file.Page <init>
INFO: Page created with blocksize 50000
Sep 26, 2023 4:20:20 PM edu.yu.dbimpl.file.Page setString
INFO: setString called with offset: 0 and String: Hello, World!388
Sep 26, 2023 4:20:20 PM edu.yu.dbimpl.file.FileMgr append
INFO: append called with filename: testFileModulePerformance389
Sep 26, 2023 4:20:20 PM edu.yu.dbimpl.file.FileMgr append
INFO: Writing to file: src/test/java/edu/yu/dbimpl/testingDirectory/testFileModulePerformance389
Sep 26, 2023 4:20:20 PM edu.yu.dbimpl.file.Page <init>
INFO: Page created with blocksize 50000
Sep 26, 2023 4:20:20 PM edu.yu.dbimpl.file.Page setString
INFO: setString called with offset: 0 and String: Hello, World!389
Sep 26, 2023 4:20:20 PM edu.yu.dbimpl.file.FileMgr append
INFO: append called with filename: testFileModulePerformance390
Sep 26, 2023 4:20:20 PM edu.yu.dbimpl.file.FileMgr append
INFO: Writing to file: src/test/java/edu/yu/dbimpl/testingDirectory/testFileModulePerformance390
Sep 26, 2023 4:20:20 PM edu.yu.dbimpl.file.Page <init>
INFO: Page created with blocksize 50000
Sep 26, 2023 4:20:20 PM edu.yu.dbimpl.file.Page setString
INFO: setString called with offset: 0 and String: Hello, World!390
Sep 26, 2023 4:20:20 PM edu.yu.dbimpl.file.FileMgr append
INFO: append called with filename: testFileModulePerformance391
Sep 26, 2023 4:20:20 PM edu.yu.dbimpl.file.FileMgr append
INFO: Writing to file: src/test/java/edu/yu/dbimpl/testingDirectory/testFileModulePerformance391
Sep 26, 2023 4:20:20 PM edu.yu.dbimpl.file.Page <init>
INFO: Page created with blocksize 50000
Sep 26, 2023 4:20:20 PM edu.yu.dbimpl.file.Page setString
INFO: setString called with offset: 0 and String: Hello, World!391
Sep 26, 2023 4:20:20 PM edu.yu.dbimpl.file.FileMgr append
INFO: append called with filename: testFileModulePerformance392
Sep 26, 2023 4:20:20 PM edu.yu.dbimpl.file.FileMgr append
INFO: Writing to file: src/test/java/edu/yu/dbimpl/testingDirectory/testFileModulePerformance392
Sep 26, 2023 4:20:20 PM edu.yu.dbimpl.file.Page <init>
INFO: Page created with blocksize 50000
Sep 26, 2023 4:20:20 PM edu.yu.dbimpl.file.Page setString
INFO: setString called with offset: 0 and String: Hello, World!392
Sep 26, 2023 4:20:20 PM edu.yu.dbimpl.file.FileMgr append
INFO: append called with filename: testFileModulePerformance393
Sep 26, 2023 4:20:20 PM edu.yu.dbimpl.file.FileMgr append
INFO: Writing to file: src/test/java/edu/yu/dbimpl/testingDirectory/testFileModulePerformance393
Sep 26, 2023 4:20:20 PM edu.yu.dbimpl.file.Page <init>
INFO: Page created with blocksize 50000
Sep 26, 2023 4:20:20 PM edu.yu.dbimpl.file.Page setString
INFO: setString called with offset: 0 and String: Hello, World!393
Sep 26, 2023 4:20:20 PM edu.yu.dbimpl.file.FileMgr append
INFO: append called with filename: testFileModulePerformance394
Sep 26, 2023 4:20:20 PM edu.yu.dbimpl.file.FileMgr append
INFO: Writing to file: src/test/java/edu/yu/dbimpl/testingDirectory/testFileModulePerformance394
Sep 26, 2023 4:20:20 PM edu.yu.dbimpl.file.Page <init>
INFO: Page created with blocksize 50000
Sep 26, 2023 4:20:20 PM edu.yu.dbimpl.file.Page setString
INFO: setString called with offset: 0 and String: Hello, World!394
Sep 26, 2023 4:20:20 PM edu.yu.dbimpl.file.FileMgr append
INFO: append called with filename: testFileModulePerformance395
Sep 26, 2023 4:20:20 PM edu.yu.dbimpl.file.FileMgr append
INFO: Writing to file: src/test/java/edu/yu/dbimpl/testingDirectory/testFileModulePerformance395
Sep 26, 2023 4:20:20 PM edu.yu.dbimpl.file.Page <init>
INFO: Page created with blocksize 50000
Sep 26, 2023 4:20:20 PM edu.yu.dbimpl.file.Page setString
INFO: setString called with offset: 0 and String: Hello, World!395
Sep 26, 2023 4:20:20 PM edu.yu.dbimpl.file.FileMgr append
INFO: append called with filename: testFileModulePerformance396
Sep 26, 2023 4:20:20 PM edu.yu.dbimpl.file.FileMgr append
INFO: Writing to file: src/test/java/edu/yu/dbimpl/testingDirectory/testFileModulePerformance396
Sep 26, 2023 4:20:20 PM edu.yu.dbimpl.file.Page <init>
INFO: Page created with blocksize 50000
Sep 26, 2023 4:20:20 PM edu.yu.dbimpl.file.Page setString
INFO: setString called with offset: 0 and String: Hello, World!396
Sep 26, 2023 4:20:20 PM edu.yu.dbimpl.file.FileMgr append
INFO: append called with filename: testFileModulePerformance397
Sep 26, 2023 4:20:20 PM edu.yu.dbimpl.file.FileMgr append
INFO: Writing to file: src/test/java/edu/yu/dbimpl/testingDirectory/testFileModulePerformance397
Sep 26, 2023 4:20:20 PM edu.yu.dbimpl.file.Page <init>
INFO: Page created with blocksize 50000
Sep 26, 2023 4:20:20 PM edu.yu.dbimpl.file.Page setString
INFO: setString called with offset: 0 and String: Hello, World!397
Sep 26, 2023 4:20:20 PM edu.yu.dbimpl.file.FileMgr append
INFO: append called with filename: testFileModulePerformance398
Sep 26, 2023 4:20:20 PM edu.yu.dbimpl.file.FileMgr append
INFO: Writing to file: src/test/java/edu/yu/dbimpl/testingDirectory/testFileModulePerformance398
Sep 26, 2023 4:20:20 PM edu.yu.dbimpl.file.Page <init>
INFO: Page created with blocksize 50000
Sep 26, 2023 4:20:20 PM edu.yu.dbimpl.file.Page setString
INFO: setString called with offset: 0 and String: Hello, World!398
Sep 26, 2023 4:20:20 PM edu.yu.dbimpl.file.FileMgr append
INFO: append called with filename: testFileModulePerformance399
Sep 26, 2023 4:20:20 PM edu.yu.dbimpl.file.FileMgr append
INFO: Writing to file: src/test/java/edu/yu/dbimpl/testingDirectory/testFileModulePerformance399
Sep 26, 2023 4:20:20 PM edu.yu.dbimpl.file.Page <init>
INFO: Page created with blocksize 50000
Sep 26, 2023 4:20:20 PM edu.yu.dbimpl.file.Page setString
INFO: setString called with offset: 0 and String: Hello, World!399
Sep 26, 2023 4:20:20 PM edu.yu.dbimpl.file.FileMgr append
INFO: append called with filename: testFileModulePerformance400
Sep 26, 2023 4:20:20 PM edu.yu.dbimpl.file.FileMgr append
INFO: Writing to file: src/test/java/edu/yu/dbimpl/testingDirectory/testFileModulePerformance400
Sep 26, 2023 4:20:20 PM edu.yu.dbimpl.file.Page <init>
INFO: Page created with blocksize 50000
Sep 26, 2023 4:20:20 PM edu.yu.dbimpl.file.Page setString
INFO: setString called with offset: 0 and String: Hello, World!400
Sep 26, 2023 4:20:20 PM edu.yu.dbimpl.file.FileMgr append
INFO: append called with filename: testFileModulePerformance401
Sep 26, 2023 4:20:20 PM edu.yu.dbimpl.file.FileMgr append
INFO: Writing to file: src/test/java/edu/yu/dbimpl/testingDirectory/testFileModulePerformance401
Sep 26, 2023 4:20:20 PM edu.yu.dbimpl.file.Page <init>
INFO: Page created with blocksize 50000
Sep 26, 2023 4:20:20 PM edu.yu.dbimpl.file.Page setString
INFO: setString called with offset: 0 and String: Hello, World!401
Sep 26, 2023 4:20:20 PM edu.yu.dbimpl.file.FileMgr append
INFO: append called with filename: testFileModulePerformance402
Sep 26, 2023 4:20:20 PM edu.yu.dbimpl.file.FileMgr append
INFO: Writing to file: src/test/java/edu/yu/dbimpl/testingDirectory/testFileModulePerformance402
Sep 26, 2023 4:20:20 PM edu.yu.dbimpl.file.Page <init>
INFO: Page created with blocksize 50000
Sep 26, 2023 4:20:20 PM edu.yu.dbimpl.file.Page setString
INFO: setString called with offset: 0 and String: Hello, World!402
Sep 26, 2023 4:20:20 PM edu.yu.dbimpl.file.FileMgr append
INFO: append called with filename: testFileModulePerformance403
Sep 26, 2023 4:20:20 PM edu.yu.dbimpl.file.FileMgr append
INFO: Writing to file: src/test/java/edu/yu/dbimpl/testingDirectory/testFileModulePerformance403
Sep 26, 2023 4:20:20 PM edu.yu.dbimpl.file.Page <init>
INFO: Page created with blocksize 50000
Sep 26, 2023 4:20:20 PM edu.yu.dbimpl.file.Page setString
INFO: setString called with offset: 0 and String: Hello, World!403
Sep 26, 2023 4:20:20 PM edu.yu.dbimpl.file.FileMgr append
INFO: append called with filename: testFileModulePerformance404
Sep 26, 2023 4:20:20 PM edu.yu.dbimpl.file.FileMgr append
INFO: Writing to file: src/test/java/edu/yu/dbimpl/testingDirectory/testFileModulePerformance404
Sep 26, 2023 4:20:20 PM edu.yu.dbimpl.file.Page <init>
INFO: Page created with blocksize 50000
Sep 26, 2023 4:20:20 PM edu.yu.dbimpl.file.Page setString
INFO: setString called with offset: 0 and String: Hello, World!404
Sep 26, 2023 4:20:20 PM edu.yu.dbimpl.file.FileMgr append
INFO: append called with filename: testFileModulePerformance405
Sep 26, 2023 4:20:20 PM edu.yu.dbimpl.file.FileMgr append
INFO: Writing to file: src/test/java/edu/yu/dbimpl/testingDirectory/testFileModulePerformance405
Sep 26, 2023 4:20:20 PM edu.yu.dbimpl.file.Page <init>
INFO: Page created with blocksize 50000
Sep 26, 2023 4:20:20 PM edu.yu.dbimpl.file.Page setString
INFO: setString called with offset: 0 and String: Hello, World!405
Sep 26, 2023 4:20:20 PM edu.yu.dbimpl.file.FileMgr append
INFO: append called with filename: testFileModulePerformance406
Sep 26, 2023 4:20:20 PM edu.yu.dbimpl.file.FileMgr append
INFO: Writing to file: src/test/java/edu/yu/dbimpl/testingDirectory/testFileModulePerformance406
Sep 26, 2023 4:20:20 PM edu.yu.dbimpl.file.Page <init>
INFO: Page created with blocksize 50000
Sep 26, 2023 4:20:20 PM edu.yu.dbimpl.file.Page setString
INFO: setString called with offset: 0 and String: Hello, World!406
Sep 26, 2023 4:20:20 PM edu.yu.dbimpl.file.FileMgr append
INFO: append called with filename: testFileModulePerformance407
Sep 26, 2023 4:20:20 PM edu.yu.dbimpl.file.FileMgr append
INFO: Writing to file: src/test/java/edu/yu/dbimpl/testingDirectory/testFileModulePerformance407
Sep 26, 2023 4:20:20 PM edu.yu.dbimpl.file.Page <init>
INFO: Page created with blocksize 50000
Sep 26, 2023 4:20:20 PM edu.yu.dbimpl.file.Page setString
INFO: setString called with offset: 0 and String: Hello, World!407
Sep 26, 2023 4:20:20 PM edu.yu.dbimpl.file.FileMgr append
INFO: append called with filename: testFileModulePerformance408
Sep 26, 2023 4:20:20 PM edu.yu.dbimpl.file.FileMgr append
INFO: Writing to file: src/test/java/edu/yu/dbimpl/testingDirectory/testFileModulePerformance408
Sep 26, 2023 4:20:20 PM edu.yu.dbimpl.file.Page <init>
INFO: Page created with blocksize 50000
Sep 26, 2023 4:20:20 PM edu.yu.dbimpl.file.Page setString
INFO: setString called with offset: 0 and String: Hello, World!408
Sep 26, 2023 4:20:20 PM edu.yu.dbimpl.file.FileMgr append
INFO: append called with filename: testFileModulePerformance409
Sep 26, 2023 4:20:20 PM edu.yu.dbimpl.file.FileMgr append
INFO: Writing to file: src/test/java/edu/yu/dbimpl/testingDirectory/testFileModulePerformance409
Sep 26, 2023 4:20:20 PM edu.yu.dbimpl.file.Page <init>
INFO: Page created with blocksize 50000
Sep 26, 2023 4:20:20 PM edu.yu.dbimpl.file.Page setString
INFO: setString called with offset: 0 and String: Hello, World!409
Sep 26, 2023 4:20:20 PM edu.yu.dbimpl.file.FileMgr append
INFO: append called with filename: testFileModulePerformance410
Sep 26, 2023 4:20:20 PM edu.yu.dbimpl.file.FileMgr append
INFO: Writing to file: src/test/java/edu/yu/dbimpl/testingDirectory/testFileModulePerformance410
Sep 26, 2023 4:20:20 PM edu.yu.dbimpl.file.Page <init>
INFO: Page created with blocksize 50000
Sep 26, 2023 4:20:20 PM edu.yu.dbimpl.file.Page setString
INFO: setString called with offset: 0 and String: Hello, World!410
Sep 26, 2023 4:20:20 PM edu.yu.dbimpl.file.FileMgr append
INFO: append called with filename: testFileModulePerformance411
Sep 26, 2023 4:20:20 PM edu.yu.dbimpl.file.FileMgr append
INFO: Writing to file: src/test/java/edu/yu/dbimpl/testingDirectory/testFileModulePerformance411
Sep 26, 2023 4:20:20 PM edu.yu.dbimpl.file.Page <init>
INFO: Page created with blocksize 50000
Sep 26, 2023 4:20:20 PM edu.yu.dbimpl.file.Page setString
INFO: setString called with offset: 0 and String: Hello, World!411
Sep 26, 2023 4:20:20 PM edu.yu.dbimpl.file.FileMgr append
INFO: append called with filename: testFileModulePerformance412
Sep 26, 2023 4:20:20 PM edu.yu.dbimpl.file.FileMgr append
INFO: Writing to file: src/test/java/edu/yu/dbimpl/testingDirectory/testFileModulePerformance412
Sep 26, 2023 4:20:20 PM edu.yu.dbimpl.file.Page <init>
INFO: Page created with blocksize 50000
Sep 26, 2023 4:20:20 PM edu.yu.dbimpl.file.Page setString
INFO: setString called with offset: 0 and String: Hello, World!412
Sep 26, 2023 4:20:20 PM edu.yu.dbimpl.file.FileMgr append
INFO: append called with filename: testFileModulePerformance413
Sep 26, 2023 4:20:20 PM edu.yu.dbimpl.file.FileMgr append
INFO: Writing to file: src/test/java/edu/yu/dbimpl/testingDirectory/testFileModulePerformance413
Sep 26, 2023 4:20:20 PM edu.yu.dbimpl.file.Page <init>
INFO: Page created with blocksize 50000
Sep 26, 2023 4:20:20 PM edu.yu.dbimpl.file.Page setString
INFO: setString called with offset: 0 and String: Hello, World!413
Sep 26, 2023 4:20:20 PM edu.yu.dbimpl.file.FileMgr append
INFO: append called with filename: testFileModulePerformance414
Sep 26, 2023 4:20:20 PM edu.yu.dbimpl.file.FileMgr append
INFO: Writing to file: src/test/java/edu/yu/dbimpl/testingDirectory/testFileModulePerformance414
Sep 26, 2023 4:20:20 PM edu.yu.dbimpl.file.Page <init>
INFO: Page created with blocksize 50000
Sep 26, 2023 4:20:20 PM edu.yu.dbimpl.file.Page setString
INFO: setString called with offset: 0 and String: Hello, World!414
Sep 26, 2023 4:20:20 PM edu.yu.dbimpl.file.FileMgr append
INFO: append called with filename: testFileModulePerformance415
Sep 26, 2023 4:20:20 PM edu.yu.dbimpl.file.FileMgr append
INFO: Writing to file: src/test/java/edu/yu/dbimpl/testingDirectory/testFileModulePerformance415
Sep 26, 2023 4:20:20 PM edu.yu.dbimpl.file.Page <init>
INFO: Page created with blocksize 50000
Sep 26, 2023 4:20:20 PM edu.yu.dbimpl.file.Page setString
INFO: setString called with offset: 0 and String: Hello, World!415
Sep 26, 2023 4:20:20 PM edu.yu.dbimpl.file.FileMgr append
INFO: append called with filename: testFileModulePerformance416
Sep 26, 2023 4:20:20 PM edu.yu.dbimpl.file.FileMgr append
INFO: Writing to file: src/test/java/edu/yu/dbimpl/testingDirectory/testFileModulePerformance416
Sep 26, 2023 4:20:20 PM edu.yu.dbimpl.file.Page <init>
INFO: Page created with blocksize 50000
Sep 26, 2023 4:20:20 PM edu.yu.dbimpl.file.Page setString
INFO: setString called with offset: 0 and String: Hello, World!416
Sep 26, 2023 4:20:20 PM edu.yu.dbimpl.file.FileMgr append
INFO: append called with filename: testFileModulePerformance417
Sep 26, 2023 4:20:20 PM edu.yu.dbimpl.file.FileMgr append
INFO: Writing to file: src/test/java/edu/yu/dbimpl/testingDirectory/testFileModulePerformance417
Sep 26, 2023 4:20:20 PM edu.yu.dbimpl.file.Page <init>
INFO: Page created with blocksize 50000
Sep 26, 2023 4:20:20 PM edu.yu.dbimpl.file.Page setString
INFO: setString called with offset: 0 and String: Hello, World!417
Sep 26, 2023 4:20:20 PM edu.yu.dbimpl.file.FileMgr append
INFO: append called with filename: testFileModulePerformance418
Sep 26, 2023 4:20:20 PM edu.yu.dbimpl.file.FileMgr append
INFO: Writing to file: src/test/java/edu/yu/dbimpl/testingDirectory/testFileModulePerformance418
Sep 26, 2023 4:20:20 PM edu.yu.dbimpl.file.Page <init>
INFO: Page created with blocksize 50000
Sep 26, 2023 4:20:20 PM edu.yu.dbimpl.file.Page setString
INFO: setString called with offset: 0 and String: Hello, World!418
Sep 26, 2023 4:20:20 PM edu.yu.dbimpl.file.FileMgr append
INFO: append called with filename: testFileModulePerformance419
Sep 26, 2023 4:20:20 PM edu.yu.dbimpl.file.FileMgr append
INFO: Writing to file: src/test/java/edu/yu/dbimpl/testingDirectory/testFileModulePerformance419
Sep 26, 2023 4:20:20 PM edu.yu.dbimpl.file.Page <init>
INFO: Page created with blocksize 50000
Sep 26, 2023 4:20:20 PM edu.yu.dbimpl.file.Page setString
INFO: setString called with offset: 0 and String: Hello, World!419
Sep 26, 2023 4:20:20 PM edu.yu.dbimpl.file.FileMgr append
INFO: append called with filename: testFileModulePerformance420
Sep 26, 2023 4:20:20 PM edu.yu.dbimpl.file.FileMgr append
INFO: Writing to file: src/test/java/edu/yu/dbimpl/testingDirectory/testFileModulePerformance420
Sep 26, 2023 4:20:20 PM edu.yu.dbimpl.file.Page <init>
INFO: Page created with blocksize 50000
Sep 26, 2023 4:20:20 PM edu.yu.dbimpl.file.Page setString
INFO: setString called with offset: 0 and String: Hello, World!420
Sep 26, 2023 4:20:20 PM edu.yu.dbimpl.file.FileMgr append
INFO: append called with filename: testFileModulePerformance421
Sep 26, 2023 4:20:20 PM edu.yu.dbimpl.file.FileMgr append
INFO: Writing to file: src/test/java/edu/yu/dbimpl/testingDirectory/testFileModulePerformance421
Sep 26, 2023 4:20:20 PM edu.yu.dbimpl.file.Page <init>
INFO: Page created with blocksize 50000
Sep 26, 2023 4:20:20 PM edu.yu.dbimpl.file.Page setString
INFO: setString called with offset: 0 and String: Hello, World!421
Sep 26, 2023 4:20:20 PM edu.yu.dbimpl.file.FileMgr append
INFO: append called with filename: testFileModulePerformance422
Sep 26, 2023 4:20:20 PM edu.yu.dbimpl.file.FileMgr append
INFO: Writing to file: src/test/java/edu/yu/dbimpl/testingDirectory/testFileModulePerformance422
Sep 26, 2023 4:20:20 PM edu.yu.dbimpl.file.Page <init>
INFO: Page created with blocksize 50000
Sep 26, 2023 4:20:20 PM edu.yu.dbimpl.file.Page setString
INFO: setString called with offset: 0 and String: Hello, World!422
Sep 26, 2023 4:20:20 PM edu.yu.dbimpl.file.FileMgr append
INFO: append called with filename: testFileModulePerformance423
Sep 26, 2023 4:20:20 PM edu.yu.dbimpl.file.FileMgr append
INFO: Writing to file: src/test/java/edu/yu/dbimpl/testingDirectory/testFileModulePerformance423
Sep 26, 2023 4:20:20 PM edu.yu.dbimpl.file.Page <init>
INFO: Page created with blocksize 50000
Sep 26, 2023 4:20:20 PM edu.yu.dbimpl.file.Page setString
INFO: setString called with offset: 0 and String: Hello, World!423
Sep 26, 2023 4:20:20 PM edu.yu.dbimpl.file.FileMgr append
INFO: append called with filename: testFileModulePerformance424
Sep 26, 2023 4:20:20 PM edu.yu.dbimpl.file.FileMgr append
INFO: Writing to file: src/test/java/edu/yu/dbimpl/testingDirectory/testFileModulePerformance424
Sep 26, 2023 4:20:20 PM edu.yu.dbimpl.file.Page <init>
INFO: Page created with blocksize 50000
Sep 26, 2023 4:20:20 PM edu.yu.dbimpl.file.Page setString
INFO: setString called with offset: 0 and String: Hello, World!424
Sep 26, 2023 4:20:20 PM edu.yu.dbimpl.file.FileMgr append
INFO: append called with filename: testFileModulePerformance425
Sep 26, 2023 4:20:20 PM edu.yu.dbimpl.file.FileMgr append
INFO: Writing to file: src/test/java/edu/yu/dbimpl/testingDirectory/testFileModulePerformance425
Sep 26, 2023 4:20:20 PM edu.yu.dbimpl.file.Page <init>
INFO: Page created with blocksize 50000
Sep 26, 2023 4:20:20 PM edu.yu.dbimpl.file.Page setString
INFO: setString called with offset: 0 and String: Hello, World!425
Sep 26, 2023 4:20:20 PM edu.yu.dbimpl.file.FileMgr append
INFO: append called with filename: testFileModulePerformance426
Sep 26, 2023 4:20:20 PM edu.yu.dbimpl.file.FileMgr append
INFO: Writing to file: src/test/java/edu/yu/dbimpl/testingDirectory/testFileModulePerformance426
Sep 26, 2023 4:20:20 PM edu.yu.dbimpl.file.Page <init>
INFO: Page created with blocksize 50000
Sep 26, 2023 4:20:20 PM edu.yu.dbimpl.file.Page setString
INFO: setString called with offset: 0 and String: Hello, World!426
Sep 26, 2023 4:20:20 PM edu.yu.dbimpl.file.FileMgr append
INFO: append called with filename: testFileModulePerformance427
Sep 26, 2023 4:20:20 PM edu.yu.dbimpl.file.FileMgr append
INFO: Writing to file: src/test/java/edu/yu/dbimpl/testingDirectory/testFileModulePerformance427
Sep 26, 2023 4:20:20 PM edu.yu.dbimpl.file.Page <init>
INFO: Page created with blocksize 50000
Sep 26, 2023 4:20:20 PM edu.yu.dbimpl.file.Page setString
INFO: setString called with offset: 0 and String: Hello, World!427
Sep 26, 2023 4:20:20 PM edu.yu.dbimpl.file.FileMgr append
INFO: append called with filename: testFileModulePerformance428
Sep 26, 2023 4:20:20 PM edu.yu.dbimpl.file.FileMgr append
INFO: Writing to file: src/test/java/edu/yu/dbimpl/testingDirectory/testFileModulePerformance428
Sep 26, 2023 4:20:20 PM edu.yu.dbimpl.file.Page <init>
INFO: Page created with blocksize 50000
Sep 26, 2023 4:20:20 PM edu.yu.dbimpl.file.Page setString
INFO: setString called with offset: 0 and String: Hello, World!428
Sep 26, 2023 4:20:20 PM edu.yu.dbimpl.file.FileMgr append
INFO: append called with filename: testFileModulePerformance429
Sep 26, 2023 4:20:20 PM edu.yu.dbimpl.file.FileMgr append
INFO: Writing to file: src/test/java/edu/yu/dbimpl/testingDirectory/testFileModulePerformance429
Sep 26, 2023 4:20:20 PM edu.yu.dbimpl.file.Page <init>
INFO: Page created with blocksize 50000
Sep 26, 2023 4:20:20 PM edu.yu.dbimpl.file.Page setString
INFO: setString called with offset: 0 and String: Hello, World!429
Sep 26, 2023 4:20:20 PM edu.yu.dbimpl.file.FileMgr append
INFO: append called with filename: testFileModulePerformance430
Sep 26, 2023 4:20:20 PM edu.yu.dbimpl.file.FileMgr append
INFO: Writing to file: src/test/java/edu/yu/dbimpl/testingDirectory/testFileModulePerformance430
Sep 26, 2023 4:20:20 PM edu.yu.dbimpl.file.Page <init>
INFO: Page created with blocksize 50000
Sep 26, 2023 4:20:20 PM edu.yu.dbimpl.file.Page setString
INFO: setString called with offset: 0 and String: Hello, World!430
Sep 26, 2023 4:20:20 PM edu.yu.dbimpl.file.FileMgr append
INFO: append called with filename: testFileModulePerformance431
Sep 26, 2023 4:20:20 PM edu.yu.dbimpl.file.FileMgr append
INFO: Writing to file: src/test/java/edu/yu/dbimpl/testingDirectory/testFileModulePerformance431
Sep 26, 2023 4:20:20 PM edu.yu.dbimpl.file.Page <init>
INFO: Page created with blocksize 50000
Sep 26, 2023 4:20:20 PM edu.yu.dbimpl.file.Page setString
INFO: setString called with offset: 0 and String: Hello, World!431
Sep 26, 2023 4:20:20 PM edu.yu.dbimpl.file.FileMgr append
INFO: append called with filename: testFileModulePerformance432
Sep 26, 2023 4:20:20 PM edu.yu.dbimpl.file.FileMgr append
INFO: Writing to file: src/test/java/edu/yu/dbimpl/testingDirectory/testFileModulePerformance432
Sep 26, 2023 4:20:20 PM edu.yu.dbimpl.file.Page <init>
INFO: Page created with blocksize 50000
Sep 26, 2023 4:20:20 PM edu.yu.dbimpl.file.Page setString
INFO: setString called with offset: 0 and String: Hello, World!432
Sep 26, 2023 4:20:20 PM edu.yu.dbimpl.file.FileMgr append
INFO: append called with filename: testFileModulePerformance433
Sep 26, 2023 4:20:20 PM edu.yu.dbimpl.file.FileMgr append
INFO: Writing to file: src/test/java/edu/yu/dbimpl/testingDirectory/testFileModulePerformance433
Sep 26, 2023 4:20:20 PM edu.yu.dbimpl.file.Page <init>
INFO: Page created with blocksize 50000
Sep 26, 2023 4:20:20 PM edu.yu.dbimpl.file.Page setString
INFO: setString called with offset: 0 and String: Hello, World!433
Sep 26, 2023 4:20:20 PM edu.yu.dbimpl.file.FileMgr append
INFO: append called with filename: testFileModulePerformance434
Sep 26, 2023 4:20:20 PM edu.yu.dbimpl.file.FileMgr append
INFO: Writing to file: src/test/java/edu/yu/dbimpl/testingDirectory/testFileModulePerformance434
Sep 26, 2023 4:20:20 PM edu.yu.dbimpl.file.Page <init>
INFO: Page created with blocksize 50000
Sep 26, 2023 4:20:20 PM edu.yu.dbimpl.file.Page setString
INFO: setString called with offset: 0 and String: Hello, World!434
Sep 26, 2023 4:20:20 PM edu.yu.dbimpl.file.FileMgr append
INFO: append called with filename: testFileModulePerformance435
Sep 26, 2023 4:20:20 PM edu.yu.dbimpl.file.FileMgr append
INFO: Writing to file: src/test/java/edu/yu/dbimpl/testingDirectory/testFileModulePerformance435
Sep 26, 2023 4:20:20 PM edu.yu.dbimpl.file.Page <init>
INFO: Page created with blocksize 50000
Sep 26, 2023 4:20:20 PM edu.yu.dbimpl.file.Page setString
INFO: setString called with offset: 0 and String: Hello, World!435
Sep 26, 2023 4:20:20 PM edu.yu.dbimpl.file.FileMgr append
INFO: append called with filename: testFileModulePerformance436
Sep 26, 2023 4:20:20 PM edu.yu.dbimpl.file.FileMgr append
INFO: Writing to file: src/test/java/edu/yu/dbimpl/testingDirectory/testFileModulePerformance436
Sep 26, 2023 4:20:20 PM edu.yu.dbimpl.file.Page <init>
INFO: Page created with blocksize 50000
Sep 26, 2023 4:20:20 PM edu.yu.dbimpl.file.Page setString
INFO: setString called with offset: 0 and String: Hello, World!436
Sep 26, 2023 4:20:20 PM edu.yu.dbimpl.file.FileMgr append
INFO: append called with filename: testFileModulePerformance437
Sep 26, 2023 4:20:20 PM edu.yu.dbimpl.file.FileMgr append
INFO: Writing to file: src/test/java/edu/yu/dbimpl/testingDirectory/testFileModulePerformance437
Sep 26, 2023 4:20:20 PM edu.yu.dbimpl.file.Page <init>
INFO: Page created with blocksize 50000
Sep 26, 2023 4:20:20 PM edu.yu.dbimpl.file.Page setString
INFO: setString called with offset: 0 and String: Hello, World!437
Sep 26, 2023 4:20:20 PM edu.yu.dbimpl.file.FileMgr append
INFO: append called with filename: testFileModulePerformance438
Sep 26, 2023 4:20:20 PM edu.yu.dbimpl.file.FileMgr append
INFO: Writing to file: src/test/java/edu/yu/dbimpl/testingDirectory/testFileModulePerformance438
Sep 26, 2023 4:20:20 PM edu.yu.dbimpl.file.Page <init>
INFO: Page created with blocksize 50000
Sep 26, 2023 4:20:20 PM edu.yu.dbimpl.file.Page setString
INFO: setString called with offset: 0 and String: Hello, World!438
Sep 26, 2023 4:20:20 PM edu.yu.dbimpl.file.FileMgr append
INFO: append called with filename: testFileModulePerformance439
Sep 26, 2023 4:20:20 PM edu.yu.dbimpl.file.FileMgr append
INFO: Writing to file: src/test/java/edu/yu/dbimpl/testingDirectory/testFileModulePerformance439
Sep 26, 2023 4:20:20 PM edu.yu.dbimpl.file.Page <init>
INFO: Page created with blocksize 50000
Sep 26, 2023 4:20:20 PM edu.yu.dbimpl.file.Page setString
INFO: setString called with offset: 0 and String: Hello, World!439
Sep 26, 2023 4:20:20 PM edu.yu.dbimpl.file.FileMgr append
INFO: append called with filename: testFileModulePerformance440
Sep 26, 2023 4:20:20 PM edu.yu.dbimpl.file.FileMgr append
INFO: Writing to file: src/test/java/edu/yu/dbimpl/testingDirectory/testFileModulePerformance440
Sep 26, 2023 4:20:20 PM edu.yu.dbimpl.file.Page <init>
INFO: Page created with blocksize 50000
Sep 26, 2023 4:20:20 PM edu.yu.dbimpl.file.Page setString
INFO: setString called with offset: 0 and String: Hello, World!440
Sep 26, 2023 4:20:20 PM edu.yu.dbimpl.file.FileMgr append
INFO: append called with filename: testFileModulePerformance441
Sep 26, 2023 4:20:20 PM edu.yu.dbimpl.file.FileMgr append
INFO: Writing to file: src/test/java/edu/yu/dbimpl/testingDirectory/testFileModulePerformance441
Sep 26, 2023 4:20:20 PM edu.yu.dbimpl.file.Page <init>
INFO: Page created with blocksize 50000
Sep 26, 2023 4:20:20 PM edu.yu.dbimpl.file.Page setString
INFO: setString called with offset: 0 and String: Hello, World!441
Sep 26, 2023 4:20:20 PM edu.yu.dbimpl.file.FileMgr append
INFO: append called with filename: testFileModulePerformance442
Sep 26, 2023 4:20:20 PM edu.yu.dbimpl.file.FileMgr append
INFO: Writing to file: src/test/java/edu/yu/dbimpl/testingDirectory/testFileModulePerformance442
Sep 26, 2023 4:20:20 PM edu.yu.dbimpl.file.Page <init>
INFO: Page created with blocksize 50000
Sep 26, 2023 4:20:20 PM edu.yu.dbimpl.file.Page setString
INFO: setString called with offset: 0 and String: Hello, World!442
Sep 26, 2023 4:20:20 PM edu.yu.dbimpl.file.FileMgr append
INFO: append called with filename: testFileModulePerformance443
Sep 26, 2023 4:20:20 PM edu.yu.dbimpl.file.FileMgr append
INFO: Writing to file: src/test/java/edu/yu/dbimpl/testingDirectory/testFileModulePerformance443
Sep 26, 2023 4:20:20 PM edu.yu.dbimpl.file.Page <init>
INFO: Page created with blocksize 50000
Sep 26, 2023 4:20:20 PM edu.yu.dbimpl.file.Page setString
INFO: setString called with offset: 0 and String: Hello, World!443
Sep 26, 2023 4:20:20 PM edu.yu.dbimpl.file.FileMgr append
INFO: append called with filename: testFileModulePerformance444
Sep 26, 2023 4:20:20 PM edu.yu.dbimpl.file.FileMgr append
INFO: Writing to file: src/test/java/edu/yu/dbimpl/testingDirectory/testFileModulePerformance444
Sep 26, 2023 4:20:20 PM edu.yu.dbimpl.file.Page <init>
INFO: Page created with blocksize 50000
Sep 26, 2023 4:20:20 PM edu.yu.dbimpl.file.Page setString
INFO: setString called with offset: 0 and String: Hello, World!444
Sep 26, 2023 4:20:20 PM edu.yu.dbimpl.file.FileMgr append
INFO: append called with filename: testFileModulePerformance445
Sep 26, 2023 4:20:20 PM edu.yu.dbimpl.file.FileMgr append
INFO: Writing to file: src/test/java/edu/yu/dbimpl/testingDirectory/testFileModulePerformance445
Sep 26, 2023 4:20:20 PM edu.yu.dbimpl.file.Page <init>
INFO: Page created with blocksize 50000
Sep 26, 2023 4:20:20 PM edu.yu.dbimpl.file.Page setString
INFO: setString called with offset: 0 and String: Hello, World!445
Sep 26, 2023 4:20:20 PM edu.yu.dbimpl.file.FileMgr append
INFO: append called with filename: testFileModulePerformance446
Sep 26, 2023 4:20:20 PM edu.yu.dbimpl.file.FileMgr append
INFO: Writing to file: src/test/java/edu/yu/dbimpl/testingDirectory/testFileModulePerformance446
Sep 26, 2023 4:20:20 PM edu.yu.dbimpl.file.Page <init>
INFO: Page created with blocksize 50000
Sep 26, 2023 4:20:20 PM edu.yu.dbimpl.file.Page setString
INFO: setString called with offset: 0 and String: Hello, World!446
Sep 26, 2023 4:20:20 PM edu.yu.dbimpl.file.FileMgr append
INFO: append called with filename: testFileModulePerformance447
Sep 26, 2023 4:20:20 PM edu.yu.dbimpl.file.FileMgr append
INFO: Writing to file: src/test/java/edu/yu/dbimpl/testingDirectory/testFileModulePerformance447
Sep 26, 2023 4:20:20 PM edu.yu.dbimpl.file.Page <init>
INFO: Page created with blocksize 50000
Sep 26, 2023 4:20:20 PM edu.yu.dbimpl.file.Page setString
INFO: setString called with offset: 0 and String: Hello, World!447
Sep 26, 2023 4:20:20 PM edu.yu.dbimpl.file.FileMgr append
INFO: append called with filename: testFileModulePerformance448
Sep 26, 2023 4:20:20 PM edu.yu.dbimpl.file.FileMgr append
INFO: Writing to file: src/test/java/edu/yu/dbimpl/testingDirectory/testFileModulePerformance448
Sep 26, 2023 4:20:20 PM edu.yu.dbimpl.file.Page <init>
INFO: Page created with blocksize 50000
Sep 26, 2023 4:20:20 PM edu.yu.dbimpl.file.Page setString
INFO: setString called with offset: 0 and String: Hello, World!448
Sep 26, 2023 4:20:20 PM edu.yu.dbimpl.file.FileMgr append
INFO: append called with filename: testFileModulePerformance449
Sep 26, 2023 4:20:20 PM edu.yu.dbimpl.file.FileMgr append
INFO: Writing to file: src/test/java/edu/yu/dbimpl/testingDirectory/testFileModulePerformance449
Sep 26, 2023 4:20:20 PM edu.yu.dbimpl.file.Page <init>
INFO: Page created with blocksize 50000
Sep 26, 2023 4:20:20 PM edu.yu.dbimpl.file.Page setString
INFO: setString called with offset: 0 and String: Hello, World!449
Sep 26, 2023 4:20:20 PM edu.yu.dbimpl.file.FileMgr append
INFO: append called with filename: testFileModulePerformance450
Sep 26, 2023 4:20:20 PM edu.yu.dbimpl.file.FileMgr append
INFO: Writing to file: src/test/java/edu/yu/dbimpl/testingDirectory/testFileModulePerformance450
Sep 26, 2023 4:20:20 PM edu.yu.dbimpl.file.Page <init>
INFO: Page created with blocksize 50000
Sep 26, 2023 4:20:20 PM edu.yu.dbimpl.file.Page setString
INFO: setString called with offset: 0 and String: Hello, World!450
Sep 26, 2023 4:20:20 PM edu.yu.dbimpl.file.FileMgr append
INFO: append called with filename: testFileModulePerformance451
Sep 26, 2023 4:20:20 PM edu.yu.dbimpl.file.FileMgr append
INFO: Writing to file: src/test/java/edu/yu/dbimpl/testingDirectory/testFileModulePerformance451
Sep 26, 2023 4:20:20 PM edu.yu.dbimpl.file.Page <init>
INFO: Page created with blocksize 50000
Sep 26, 2023 4:20:20 PM edu.yu.dbimpl.file.Page setString
INFO: setString called with offset: 0 and String: Hello, World!451
Sep 26, 2023 4:20:20 PM edu.yu.dbimpl.file.FileMgr append
INFO: append called with filename: testFileModulePerformance452
Sep 26, 2023 4:20:20 PM edu.yu.dbimpl.file.FileMgr append
INFO: Writing to file: src/test/java/edu/yu/dbimpl/testingDirectory/testFileModulePerformance452
Sep 26, 2023 4:20:20 PM edu.yu.dbimpl.file.Page <init>
INFO: Page created with blocksize 50000
Sep 26, 2023 4:20:20 PM edu.yu.dbimpl.file.Page setString
INFO: setString called with offset: 0 and String: Hello, World!452
Sep 26, 2023 4:20:20 PM edu.yu.dbimpl.file.FileMgr append
INFO: append called with filename: testFileModulePerformance453
Sep 26, 2023 4:20:20 PM edu.yu.dbimpl.file.FileMgr append
INFO: Writing to file: src/test/java/edu/yu/dbimpl/testingDirectory/testFileModulePerformance453
Sep 26, 2023 4:20:20 PM edu.yu.dbimpl.file.Page <init>
INFO: Page created with blocksize 50000
Sep 26, 2023 4:20:20 PM edu.yu.dbimpl.file.Page setString
INFO: setString called with offset: 0 and String: Hello, World!453
Sep 26, 2023 4:20:20 PM edu.yu.dbimpl.file.FileMgr append
INFO: append called with filename: testFileModulePerformance454
Sep 26, 2023 4:20:20 PM edu.yu.dbimpl.file.FileMgr append
INFO: Writing to file: src/test/java/edu/yu/dbimpl/testingDirectory/testFileModulePerformance454
Sep 26, 2023 4:20:20 PM edu.yu.dbimpl.file.Page <init>
INFO: Page created with blocksize 50000
Sep 26, 2023 4:20:20 PM edu.yu.dbimpl.file.Page setString
INFO: setString called with offset: 0 and String: Hello, World!454
Sep 26, 2023 4:20:20 PM edu.yu.dbimpl.file.FileMgr append
INFO: append called with filename: testFileModulePerformance455
Sep 26, 2023 4:20:20 PM edu.yu.dbimpl.file.FileMgr append
INFO: Writing to file: src/test/java/edu/yu/dbimpl/testingDirectory/testFileModulePerformance455
Sep 26, 2023 4:20:20 PM edu.yu.dbimpl.file.Page <init>
INFO: Page created with blocksize 50000
Sep 26, 2023 4:20:20 PM edu.yu.dbimpl.file.Page setString
INFO: setString called with offset: 0 and String: Hello, World!455
Sep 26, 2023 4:20:20 PM edu.yu.dbimpl.file.FileMgr append
INFO: append called with filename: testFileModulePerformance456
Sep 26, 2023 4:20:20 PM edu.yu.dbimpl.file.FileMgr append
INFO: Writing to file: src/test/java/edu/yu/dbimpl/testingDirectory/testFileModulePerformance456
Sep 26, 2023 4:20:20 PM edu.yu.dbimpl.file.Page <init>
INFO: Page created with blocksize 50000
Sep 26, 2023 4:20:20 PM edu.yu.dbimpl.file.Page setString
INFO: setString called with offset: 0 and String: Hello, World!456
Sep 26, 2023 4:20:20 PM edu.yu.dbimpl.file.FileMgr append
INFO: append called with filename: testFileModulePerformance457
Sep 26, 2023 4:20:20 PM edu.yu.dbimpl.file.FileMgr append
INFO: Writing to file: src/test/java/edu/yu/dbimpl/testingDirectory/testFileModulePerformance457
Sep 26, 2023 4:20:20 PM edu.yu.dbimpl.file.Page <init>
INFO: Page created with blocksize 50000
Sep 26, 2023 4:20:20 PM edu.yu.dbimpl.file.Page setString
INFO: setString called with offset: 0 and String: Hello, World!457
Sep 26, 2023 4:20:20 PM edu.yu.dbimpl.file.FileMgr append
INFO: append called with filename: testFileModulePerformance458
Sep 26, 2023 4:20:20 PM edu.yu.dbimpl.file.FileMgr append
INFO: Writing to file: src/test/java/edu/yu/dbimpl/testingDirectory/testFileModulePerformance458
Sep 26, 2023 4:20:20 PM edu.yu.dbimpl.file.Page <init>
INFO: Page created with blocksize 50000
Sep 26, 2023 4:20:20 PM edu.yu.dbimpl.file.Page setString
INFO: setString called with offset: 0 and String: Hello, World!458
Sep 26, 2023 4:20:20 PM edu.yu.dbimpl.file.FileMgr append
INFO: append called with filename: testFileModulePerformance459
Sep 26, 2023 4:20:20 PM edu.yu.dbimpl.file.FileMgr append
INFO: Writing to file: src/test/java/edu/yu/dbimpl/testingDirectory/testFileModulePerformance459
Sep 26, 2023 4:20:20 PM edu.yu.dbimpl.file.Page <init>
INFO: Page created with blocksize 50000
Sep 26, 2023 4:20:20 PM edu.yu.dbimpl.file.Page setString
INFO: setString called with offset: 0 and String: Hello, World!459
Sep 26, 2023 4:20:20 PM edu.yu.dbimpl.file.FileMgr append
INFO: append called with filename: testFileModulePerformance460
Sep 26, 2023 4:20:20 PM edu.yu.dbimpl.file.FileMgr append
INFO: Writing to file: src/test/java/edu/yu/dbimpl/testingDirectory/testFileModulePerformance460
Sep 26, 2023 4:20:20 PM edu.yu.dbimpl.file.Page <init>
INFO: Page created with blocksize 50000
Sep 26, 2023 4:20:20 PM edu.yu.dbimpl.file.Page setString
INFO: setString called with offset: 0 and String: Hello, World!460
Sep 26, 2023 4:20:20 PM edu.yu.dbimpl.file.FileMgr append
INFO: append called with filename: testFileModulePerformance461
Sep 26, 2023 4:20:20 PM edu.yu.dbimpl.file.FileMgr append
INFO: Writing to file: src/test/java/edu/yu/dbimpl/testingDirectory/testFileModulePerformance461
Sep 26, 2023 4:20:20 PM edu.yu.dbimpl.file.Page <init>
INFO: Page created with blocksize 50000
Sep 26, 2023 4:20:20 PM edu.yu.dbimpl.file.Page setString
INFO: setString called with offset: 0 and String: Hello, World!461
Sep 26, 2023 4:20:20 PM edu.yu.dbimpl.file.FileMgr append
INFO: append called with filename: testFileModulePerformance462
Sep 26, 2023 4:20:20 PM edu.yu.dbimpl.file.FileMgr append
INFO: Writing to file: src/test/java/edu/yu/dbimpl/testingDirectory/testFileModulePerformance462
Sep 26, 2023 4:20:20 PM edu.yu.dbimpl.file.Page <init>
INFO: Page created with blocksize 50000
Sep 26, 2023 4:20:20 PM edu.yu.dbimpl.file.Page setString
INFO: setString called with offset: 0 and String: Hello, World!462
Sep 26, 2023 4:20:20 PM edu.yu.dbimpl.file.FileMgr append
INFO: append called with filename: testFileModulePerformance463
Sep 26, 2023 4:20:20 PM edu.yu.dbimpl.file.FileMgr append
INFO: Writing to file: src/test/java/edu/yu/dbimpl/testingDirectory/testFileModulePerformance463
Sep 26, 2023 4:20:20 PM edu.yu.dbimpl.file.Page <init>
INFO: Page created with blocksize 50000
Sep 26, 2023 4:20:20 PM edu.yu.dbimpl.file.Page setString
INFO: setString called with offset: 0 and String: Hello, World!463
Sep 26, 2023 4:20:20 PM edu.yu.dbimpl.file.FileMgr append
INFO: append called with filename: testFileModulePerformance464
Sep 26, 2023 4:20:20 PM edu.yu.dbimpl.file.FileMgr append
INFO: Writing to file: src/test/java/edu/yu/dbimpl/testingDirectory/testFileModulePerformance464
Sep 26, 2023 4:20:20 PM edu.yu.dbimpl.file.Page <init>
INFO: Page created with blocksize 50000
Sep 26, 2023 4:20:20 PM edu.yu.dbimpl.file.Page setString
INFO: setString called with offset: 0 and String: Hello, World!464
Sep 26, 2023 4:20:20 PM edu.yu.dbimpl.file.FileMgr append
INFO: append called with filename: testFileModulePerformance465
Sep 26, 2023 4:20:20 PM edu.yu.dbimpl.file.FileMgr append
INFO: Writing to file: src/test/java/edu/yu/dbimpl/testingDirectory/testFileModulePerformance465
Sep 26, 2023 4:20:20 PM edu.yu.dbimpl.file.Page <init>
INFO: Page created with blocksize 50000
Sep 26, 2023 4:20:20 PM edu.yu.dbimpl.file.Page setString
INFO: setString called with offset: 0 and String: Hello, World!465
Sep 26, 2023 4:20:20 PM edu.yu.dbimpl.file.FileMgr append
INFO: append called with filename: testFileModulePerformance466
Sep 26, 2023 4:20:20 PM edu.yu.dbimpl.file.FileMgr append
INFO: Writing to file: src/test/java/edu/yu/dbimpl/testingDirectory/testFileModulePerformance466
Sep 26, 2023 4:20:20 PM edu.yu.dbimpl.file.Page <init>
INFO: Page created with blocksize 50000
Sep 26, 2023 4:20:20 PM edu.yu.dbimpl.file.Page setString
INFO: setString called with offset: 0 and String: Hello, World!466
Sep 26, 2023 4:20:20 PM edu.yu.dbimpl.file.FileMgr append
INFO: append called with filename: testFileModulePerformance467
Sep 26, 2023 4:20:20 PM edu.yu.dbimpl.file.FileMgr append
INFO: Writing to file: src/test/java/edu/yu/dbimpl/testingDirectory/testFileModulePerformance467
Sep 26, 2023 4:20:20 PM edu.yu.dbimpl.file.Page <init>
INFO: Page created with blocksize 50000
Sep 26, 2023 4:20:20 PM edu.yu.dbimpl.file.Page setString
INFO: setString called with offset: 0 and String: Hello, World!467
Sep 26, 2023 4:20:20 PM edu.yu.dbimpl.file.FileMgr append
INFO: append called with filename: testFileModulePerformance468
Sep 26, 2023 4:20:20 PM edu.yu.dbimpl.file.FileMgr append
INFO: Writing to file: src/test/java/edu/yu/dbimpl/testingDirectory/testFileModulePerformance468
Sep 26, 2023 4:20:20 PM edu.yu.dbimpl.file.Page <init>
INFO: Page created with blocksize 50000
Sep 26, 2023 4:20:20 PM edu.yu.dbimpl.file.Page setString
INFO: setString called with offset: 0 and String: Hello, World!468
Sep 26, 2023 4:20:20 PM edu.yu.dbimpl.file.FileMgr append
INFO: append called with filename: testFileModulePerformance469
Sep 26, 2023 4:20:20 PM edu.yu.dbimpl.file.FileMgr append
INFO: Writing to file: src/test/java/edu/yu/dbimpl/testingDirectory/testFileModulePerformance469
Sep 26, 2023 4:20:20 PM edu.yu.dbimpl.file.Page <init>
INFO: Page created with blocksize 50000
Sep 26, 2023 4:20:20 PM edu.yu.dbimpl.file.Page setString
INFO: setString called with offset: 0 and String: Hello, World!469
Sep 26, 2023 4:20:20 PM edu.yu.dbimpl.file.FileMgr append
INFO: append called with filename: testFileModulePerformance470
Sep 26, 2023 4:20:20 PM edu.yu.dbimpl.file.FileMgr append
INFO: Writing to file: src/test/java/edu/yu/dbimpl/testingDirectory/testFileModulePerformance470
Sep 26, 2023 4:20:20 PM edu.yu.dbimpl.file.Page <init>
INFO: Page created with blocksize 50000
Sep 26, 2023 4:20:20 PM edu.yu.dbimpl.file.Page setString
INFO: setString called with offset: 0 and String: Hello, World!470
Sep 26, 2023 4:20:20 PM edu.yu.dbimpl.file.FileMgr append
INFO: append called with filename: testFileModulePerformance471
Sep 26, 2023 4:20:20 PM edu.yu.dbimpl.file.FileMgr append
INFO: Writing to file: src/test/java/edu/yu/dbimpl/testingDirectory/testFileModulePerformance471
Sep 26, 2023 4:20:20 PM edu.yu.dbimpl.file.Page <init>
INFO: Page created with blocksize 50000
Sep 26, 2023 4:20:20 PM edu.yu.dbimpl.file.Page setString
INFO: setString called with offset: 0 and String: Hello, World!471
Sep 26, 2023 4:20:20 PM edu.yu.dbimpl.file.FileMgr append
INFO: append called with filename: testFileModulePerformance472
Sep 26, 2023 4:20:20 PM edu.yu.dbimpl.file.FileMgr append
INFO: Writing to file: src/test/java/edu/yu/dbimpl/testingDirectory/testFileModulePerformance472
Sep 26, 2023 4:20:20 PM edu.yu.dbimpl.file.Page <init>
INFO: Page created with blocksize 50000
Sep 26, 2023 4:20:20 PM edu.yu.dbimpl.file.Page setString
INFO: setString called with offset: 0 and String: Hello, World!472
Sep 26, 2023 4:20:20 PM edu.yu.dbimpl.file.FileMgr append
INFO: append called with filename: testFileModulePerformance473
Sep 26, 2023 4:20:20 PM edu.yu.dbimpl.file.FileMgr append
INFO: Writing to file: src/test/java/edu/yu/dbimpl/testingDirectory/testFileModulePerformance473
Sep 26, 2023 4:20:20 PM edu.yu.dbimpl.file.Page <init>
INFO: Page created with blocksize 50000
Sep 26, 2023 4:20:20 PM edu.yu.dbimpl.file.Page setString
INFO: setString called with offset: 0 and String: Hello, World!473
Sep 26, 2023 4:20:20 PM edu.yu.dbimpl.file.FileMgr append
INFO: append called with filename: testFileModulePerformance474
Sep 26, 2023 4:20:20 PM edu.yu.dbimpl.file.FileMgr append
INFO: Writing to file: src/test/java/edu/yu/dbimpl/testingDirectory/testFileModulePerformance474
Sep 26, 2023 4:20:20 PM edu.yu.dbimpl.file.Page <init>
INFO: Page created with blocksize 50000
Sep 26, 2023 4:20:20 PM edu.yu.dbimpl.file.Page setString
INFO: setString called with offset: 0 and String: Hello, World!474
Sep 26, 2023 4:20:20 PM edu.yu.dbimpl.file.FileMgr append
INFO: append called with filename: testFileModulePerformance475
Sep 26, 2023 4:20:20 PM edu.yu.dbimpl.file.FileMgr append
INFO: Writing to file: src/test/java/edu/yu/dbimpl/testingDirectory/testFileModulePerformance475
Sep 26, 2023 4:20:20 PM edu.yu.dbimpl.file.Page <init>
INFO: Page created with blocksize 50000
Sep 26, 2023 4:20:20 PM edu.yu.dbimpl.file.Page setString
INFO: setString called with offset: 0 and String: Hello, World!475
Sep 26, 2023 4:20:20 PM edu.yu.dbimpl.file.FileMgr append
INFO: append called with filename: testFileModulePerformance476
Sep 26, 2023 4:20:20 PM edu.yu.dbimpl.file.FileMgr append
INFO: Writing to file: src/test/java/edu/yu/dbimpl/testingDirectory/testFileModulePerformance476
Sep 26, 2023 4:20:20 PM edu.yu.dbimpl.file.Page <init>
INFO: Page created with blocksize 50000
Sep 26, 2023 4:20:20 PM edu.yu.dbimpl.file.Page setString
INFO: setString called with offset: 0 and String: Hello, World!476
Sep 26, 2023 4:20:20 PM edu.yu.dbimpl.file.FileMgr append
INFO: append called with filename: testFileModulePerformance477
Sep 26, 2023 4:20:20 PM edu.yu.dbimpl.file.FileMgr append
INFO: Writing to file: src/test/java/edu/yu/dbimpl/testingDirectory/testFileModulePerformance477
Sep 26, 2023 4:20:20 PM edu.yu.dbimpl.file.Page <init>
INFO: Page created with blocksize 50000
Sep 26, 2023 4:20:20 PM edu.yu.dbimpl.file.Page setString
INFO: setString called with offset: 0 and String: Hello, World!477
Sep 26, 2023 4:20:20 PM edu.yu.dbimpl.file.FileMgr append
INFO: append called with filename: testFileModulePerformance478
Sep 26, 2023 4:20:20 PM edu.yu.dbimpl.file.FileMgr append
INFO: Writing to file: src/test/java/edu/yu/dbimpl/testingDirectory/testFileModulePerformance478
Sep 26, 2023 4:20:20 PM edu.yu.dbimpl.file.Page <init>
INFO: Page created with blocksize 50000
Sep 26, 2023 4:20:20 PM edu.yu.dbimpl.file.Page setString
INFO: setString called with offset: 0 and String: Hello, World!478
Sep 26, 2023 4:20:20 PM edu.yu.dbimpl.file.FileMgr append
INFO: append called with filename: testFileModulePerformance479
Sep 26, 2023 4:20:20 PM edu.yu.dbimpl.file.FileMgr append
INFO: Writing to file: src/test/java/edu/yu/dbimpl/testingDirectory/testFileModulePerformance479
Sep 26, 2023 4:20:20 PM edu.yu.dbimpl.file.Page <init>
INFO: Page created with blocksize 50000
Sep 26, 2023 4:20:20 PM edu.yu.dbimpl.file.Page setString
INFO: setString called with offset: 0 and String: Hello, World!479
Sep 26, 2023 4:20:20 PM edu.yu.dbimpl.file.FileMgr append
INFO: append called with filename: testFileModulePerformance480
Sep 26, 2023 4:20:20 PM edu.yu.dbimpl.file.FileMgr append
INFO: Writing to file: src/test/java/edu/yu/dbimpl/testingDirectory/testFileModulePerformance480
Sep 26, 2023 4:20:20 PM edu.yu.dbimpl.file.Page <init>
INFO: Page created with blocksize 50000
Sep 26, 2023 4:20:20 PM edu.yu.dbimpl.file.Page setString
INFO: setString called with offset: 0 and String: Hello, World!480
Sep 26, 2023 4:20:20 PM edu.yu.dbimpl.file.FileMgr append
INFO: append called with filename: testFileModulePerformance481
Sep 26, 2023 4:20:20 PM edu.yu.dbimpl.file.FileMgr append
INFO: Writing to file: src/test/java/edu/yu/dbimpl/testingDirectory/testFileModulePerformance481
Sep 26, 2023 4:20:20 PM edu.yu.dbimpl.file.Page <init>
INFO: Page created with blocksize 50000
Sep 26, 2023 4:20:20 PM edu.yu.dbimpl.file.Page setString
INFO: setString called with offset: 0 and String: Hello, World!481
Sep 26, 2023 4:20:20 PM edu.yu.dbimpl.file.FileMgr append
INFO: append called with filename: testFileModulePerformance482
Sep 26, 2023 4:20:20 PM edu.yu.dbimpl.file.FileMgr append
INFO: Writing to file: src/test/java/edu/yu/dbimpl/testingDirectory/testFileModulePerformance482
Sep 26, 2023 4:20:20 PM edu.yu.dbimpl.file.Page <init>
INFO: Page created with blocksize 50000
Sep 26, 2023 4:20:20 PM edu.yu.dbimpl.file.Page setString
INFO: setString called with offset: 0 and String: Hello, World!482
Sep 26, 2023 4:20:20 PM edu.yu.dbimpl.file.FileMgr append
INFO: append called with filename: testFileModulePerformance483
Sep 26, 2023 4:20:20 PM edu.yu.dbimpl.file.FileMgr append
INFO: Writing to file: src/test/java/edu/yu/dbimpl/testingDirectory/testFileModulePerformance483
Sep 26, 2023 4:20:20 PM edu.yu.dbimpl.file.Page <init>
INFO: Page created with blocksize 50000
Sep 26, 2023 4:20:20 PM edu.yu.dbimpl.file.Page setString
INFO: setString called with offset: 0 and String: Hello, World!483
Sep 26, 2023 4:20:20 PM edu.yu.dbimpl.file.FileMgr append
INFO: append called with filename: testFileModulePerformance484
Sep 26, 2023 4:20:20 PM edu.yu.dbimpl.file.FileMgr append
INFO: Writing to file: src/test/java/edu/yu/dbimpl/testingDirectory/testFileModulePerformance484
Sep 26, 2023 4:20:20 PM edu.yu.dbimpl.file.Page <init>
INFO: Page created with blocksize 50000
Sep 26, 2023 4:20:20 PM edu.yu.dbimpl.file.Page setString
INFO: setString called with offset: 0 and String: Hello, World!484
Sep 26, 2023 4:20:20 PM edu.yu.dbimpl.file.FileMgr append
INFO: append called with filename: testFileModulePerformance485
Sep 26, 2023 4:20:20 PM edu.yu.dbimpl.file.FileMgr append
INFO: Writing to file: src/test/java/edu/yu/dbimpl/testingDirectory/testFileModulePerformance485
Sep 26, 2023 4:20:20 PM edu.yu.dbimpl.file.Page <init>
INFO: Page created with blocksize 50000
Sep 26, 2023 4:20:20 PM edu.yu.dbimpl.file.Page setString
INFO: setString called with offset: 0 and String: Hello, World!485
Sep 26, 2023 4:20:20 PM edu.yu.dbimpl.file.FileMgr append
INFO: append called with filename: testFileModulePerformance486
Sep 26, 2023 4:20:20 PM edu.yu.dbimpl.file.FileMgr append
INFO: Writing to file: src/test/java/edu/yu/dbimpl/testingDirectory/testFileModulePerformance486
Sep 26, 2023 4:20:20 PM edu.yu.dbimpl.file.Page <init>
INFO: Page created with blocksize 50000
Sep 26, 2023 4:20:20 PM edu.yu.dbimpl.file.Page setString
INFO: setString called with offset: 0 and String: Hello, World!486
Sep 26, 2023 4:20:20 PM edu.yu.dbimpl.file.FileMgr append
INFO: append called with filename: testFileModulePerformance487
Sep 26, 2023 4:20:20 PM edu.yu.dbimpl.file.FileMgr append
INFO: Writing to file: src/test/java/edu/yu/dbimpl/testingDirectory/testFileModulePerformance487
Sep 26, 2023 4:20:20 PM edu.yu.dbimpl.file.Page <init>
INFO: Page created with blocksize 50000
Sep 26, 2023 4:20:20 PM edu.yu.dbimpl.file.Page setString
INFO: setString called with offset: 0 and String: Hello, World!487
Sep 26, 2023 4:20:20 PM edu.yu.dbimpl.file.FileMgr append
INFO: append called with filename: testFileModulePerformance488
Sep 26, 2023 4:20:20 PM edu.yu.dbimpl.file.FileMgr append
INFO: Writing to file: src/test/java/edu/yu/dbimpl/testingDirectory/testFileModulePerformance488
Sep 26, 2023 4:20:20 PM edu.yu.dbimpl.file.Page <init>
INFO: Page created with blocksize 50000
Sep 26, 2023 4:20:20 PM edu.yu.dbimpl.file.Page setString
INFO: setString called with offset: 0 and String: Hello, World!488
Sep 26, 2023 4:20:20 PM edu.yu.dbimpl.file.FileMgr append
INFO: append called with filename: testFileModulePerformance489
Sep 26, 2023 4:20:20 PM edu.yu.dbimpl.file.FileMgr append
INFO: Writing to file: src/test/java/edu/yu/dbimpl/testingDirectory/testFileModulePerformance489
Sep 26, 2023 4:20:20 PM edu.yu.dbimpl.file.Page <init>
INFO: Page created with blocksize 50000
Sep 26, 2023 4:20:20 PM edu.yu.dbimpl.file.Page setString
INFO: setString called with offset: 0 and String: Hello, World!489
Sep 26, 2023 4:20:20 PM edu.yu.dbimpl.file.FileMgr append
INFO: append called with filename: testFileModulePerformance490
Sep 26, 2023 4:20:20 PM edu.yu.dbimpl.file.FileMgr append
INFO: Writing to file: src/test/java/edu/yu/dbimpl/testingDirectory/testFileModulePerformance490
Sep 26, 2023 4:20:20 PM edu.yu.dbimpl.file.Page <init>
INFO: Page created with blocksize 50000
Sep 26, 2023 4:20:20 PM edu.yu.dbimpl.file.Page setString
INFO: setString called with offset: 0 and String: Hello, World!490
Sep 26, 2023 4:20:20 PM edu.yu.dbimpl.file.FileMgr append
INFO: append called with filename: testFileModulePerformance491
Sep 26, 2023 4:20:20 PM edu.yu.dbimpl.file.FileMgr append
INFO: Writing to file: src/test/java/edu/yu/dbimpl/testingDirectory/testFileModulePerformance491
Sep 26, 2023 4:20:20 PM edu.yu.dbimpl.file.Page <init>
INFO: Page created with blocksize 50000
Sep 26, 2023 4:20:20 PM edu.yu.dbimpl.file.Page setString
INFO: setString called with offset: 0 and String: Hello, World!491
Sep 26, 2023 4:20:20 PM edu.yu.dbimpl.file.FileMgr append
INFO: append called with filename: testFileModulePerformance492
Sep 26, 2023 4:20:20 PM edu.yu.dbimpl.file.FileMgr append
INFO: Writing to file: src/test/java/edu/yu/dbimpl/testingDirectory/testFileModulePerformance492
Sep 26, 2023 4:20:20 PM edu.yu.dbimpl.file.Page <init>
INFO: Page created with blocksize 50000
Sep 26, 2023 4:20:20 PM edu.yu.dbimpl.file.Page setString
INFO: setString called with offset: 0 and String: Hello, World!492
Sep 26, 2023 4:20:20 PM edu.yu.dbimpl.file.FileMgr append
INFO: append called with filename: testFileModulePerformance493
Sep 26, 2023 4:20:20 PM edu.yu.dbimpl.file.FileMgr append
INFO: Writing to file: src/test/java/edu/yu/dbimpl/testingDirectory/testFileModulePerformance493
Sep 26, 2023 4:20:20 PM edu.yu.dbimpl.file.Page <init>
INFO: Page created with blocksize 50000
Sep 26, 2023 4:20:20 PM edu.yu.dbimpl.file.Page setString
INFO: setString called with offset: 0 and String: Hello, World!493
Sep 26, 2023 4:20:20 PM edu.yu.dbimpl.file.FileMgr append
INFO: append called with filename: testFileModulePerformance494
Sep 26, 2023 4:20:20 PM edu.yu.dbimpl.file.FileMgr append
INFO: Writing to file: src/test/java/edu/yu/dbimpl/testingDirectory/testFileModulePerformance494
Sep 26, 2023 4:20:20 PM edu.yu.dbimpl.file.Page <init>
INFO: Page created with blocksize 50000
Sep 26, 2023 4:20:20 PM edu.yu.dbimpl.file.Page setString
INFO: setString called with offset: 0 and String: Hello, World!494
Sep 26, 2023 4:20:20 PM edu.yu.dbimpl.file.FileMgr append
INFO: append called with filename: testFileModulePerformance495
Sep 26, 2023 4:20:20 PM edu.yu.dbimpl.file.FileMgr append
INFO: Writing to file: src/test/java/edu/yu/dbimpl/testingDirectory/testFileModulePerformance495
Sep 26, 2023 4:20:20 PM edu.yu.dbimpl.file.Page <init>
INFO: Page created with blocksize 50000
Sep 26, 2023 4:20:20 PM edu.yu.dbimpl.file.Page setString
INFO: setString called with offset: 0 and String: Hello, World!495
Sep 26, 2023 4:20:20 PM edu.yu.dbimpl.file.FileMgr append
INFO: append called with filename: testFileModulePerformance496
Sep 26, 2023 4:20:20 PM edu.yu.dbimpl.file.FileMgr append
INFO: Writing to file: src/test/java/edu/yu/dbimpl/testingDirectory/testFileModulePerformance496
Sep 26, 2023 4:20:20 PM edu.yu.dbimpl.file.Page <init>
INFO: Page created with blocksize 50000
Sep 26, 2023 4:20:20 PM edu.yu.dbimpl.file.Page setString
INFO: setString called with offset: 0 and String: Hello, World!496
Sep 26, 2023 4:20:20 PM edu.yu.dbimpl.file.FileMgr append
INFO: append called with filename: testFileModulePerformance497
Sep 26, 2023 4:20:20 PM edu.yu.dbimpl.file.FileMgr append
INFO: Writing to file: src/test/java/edu/yu/dbimpl/testingDirectory/testFileModulePerformance497
Sep 26, 2023 4:20:20 PM edu.yu.dbimpl.file.Page <init>
INFO: Page created with blocksize 50000
Sep 26, 2023 4:20:20 PM edu.yu.dbimpl.file.Page setString
INFO: setString called with offset: 0 and String: Hello, World!497
Sep 26, 2023 4:20:20 PM edu.yu.dbimpl.file.FileMgr append
INFO: append called with filename: testFileModulePerformance498
Sep 26, 2023 4:20:20 PM edu.yu.dbimpl.file.FileMgr append
INFO: Writing to file: src/test/java/edu/yu/dbimpl/testingDirectory/testFileModulePerformance498
Sep 26, 2023 4:20:20 PM edu.yu.dbimpl.file.Page <init>
INFO: Page created with blocksize 50000
Sep 26, 2023 4:20:20 PM edu.yu.dbimpl.file.Page setString
INFO: setString called with offset: 0 and String: Hello, World!498
Sep 26, 2023 4:20:20 PM edu.yu.dbimpl.file.FileMgr append
INFO: append called with filename: testFileModulePerformance499
Sep 26, 2023 4:20:20 PM edu.yu.dbimpl.file.FileMgr append
INFO: Writing to file: src/test/java/edu/yu/dbimpl/testingDirectory/testFileModulePerformance499
Sep 26, 2023 4:20:20 PM edu.yu.dbimpl.file.Page <init>
INFO: Page created with blocksize 50000
Sep 26, 2023 4:20:20 PM edu.yu.dbimpl.file.Page setString
INFO: setString called with offset: 0 and String: Hello, World!499
Sep 26, 2023 4:20:20 PM edu.yu.dbimpl.file.FileMgr append
INFO: append called with filename: testFileModulePerformance500
Sep 26, 2023 4:20:20 PM edu.yu.dbimpl.file.FileMgr append
INFO: Writing to file: src/test/java/edu/yu/dbimpl/testingDirectory/testFileModulePerformance500
Sep 26, 2023 4:20:20 PM edu.yu.dbimpl.file.Page <init>
INFO: Page created with blocksize 50000
Sep 26, 2023 4:20:20 PM edu.yu.dbimpl.file.Page setString
INFO: setString called with offset: 0 and String: Hello, World!500
Sep 26, 2023 4:20:20 PM edu.yu.dbimpl.file.FileMgr append
INFO: append called with filename: testFileModulePerformance501
Sep 26, 2023 4:20:20 PM edu.yu.dbimpl.file.FileMgr append
INFO: Writing to file: src/test/java/edu/yu/dbimpl/testingDirectory/testFileModulePerformance501
Sep 26, 2023 4:20:20 PM edu.yu.dbimpl.file.Page <init>
INFO: Page created with blocksize 50000
Sep 26, 2023 4:20:20 PM edu.yu.dbimpl.file.Page setString
INFO: setString called with offset: 0 and String: Hello, World!501
Sep 26, 2023 4:20:20 PM edu.yu.dbimpl.file.FileMgr append
INFO: append called with filename: testFileModulePerformance502
Sep 26, 2023 4:20:20 PM edu.yu.dbimpl.file.FileMgr append
INFO: Writing to file: src/test/java/edu/yu/dbimpl/testingDirectory/testFileModulePerformance502
Sep 26, 2023 4:20:20 PM edu.yu.dbimpl.file.Page <init>
INFO: Page created with blocksize 50000
Sep 26, 2023 4:20:20 PM edu.yu.dbimpl.file.Page setString
INFO: setString called with offset: 0 and String: Hello, World!502
Sep 26, 2023 4:20:20 PM edu.yu.dbimpl.file.FileMgr append
INFO: append called with filename: testFileModulePerformance503
Sep 26, 2023 4:20:20 PM edu.yu.dbimpl.file.FileMgr append
INFO: Writing to file: src/test/java/edu/yu/dbimpl/testingDirectory/testFileModulePerformance503
Sep 26, 2023 4:20:20 PM edu.yu.dbimpl.file.Page <init>
INFO: Page created with blocksize 50000
Sep 26, 2023 4:20:20 PM edu.yu.dbimpl.file.Page setString
INFO: setString called with offset: 0 and String: Hello, World!503
Sep 26, 2023 4:20:20 PM edu.yu.dbimpl.file.FileMgr append
INFO: append called with filename: testFileModulePerformance504
Sep 26, 2023 4:20:20 PM edu.yu.dbimpl.file.FileMgr append
INFO: Writing to file: src/test/java/edu/yu/dbimpl/testingDirectory/testFileModulePerformance504
Sep 26, 2023 4:20:20 PM edu.yu.dbimpl.file.Page <init>
INFO: Page created with blocksize 50000
Sep 26, 2023 4:20:20 PM edu.yu.dbimpl.file.Page setString
INFO: setString called with offset: 0 and String: Hello, World!504
Sep 26, 2023 4:20:20 PM edu.yu.dbimpl.file.FileMgr append
INFO: append called with filename: testFileModulePerformance505
Sep 26, 2023 4:20:20 PM edu.yu.dbimpl.file.FileMgr append
INFO: Writing to file: src/test/java/edu/yu/dbimpl/testingDirectory/testFileModulePerformance505
Sep 26, 2023 4:20:20 PM edu.yu.dbimpl.file.Page <init>
INFO: Page created with blocksize 50000
Sep 26, 2023 4:20:20 PM edu.yu.dbimpl.file.Page setString
INFO: setString called with offset: 0 and String: Hello, World!505
Sep 26, 2023 4:20:20 PM edu.yu.dbimpl.file.FileMgr append
INFO: append called with filename: testFileModulePerformance506
Sep 26, 2023 4:20:20 PM edu.yu.dbimpl.file.FileMgr append
INFO: Writing to file: src/test/java/edu/yu/dbimpl/testingDirectory/testFileModulePerformance506
Sep 26, 2023 4:20:20 PM edu.yu.dbimpl.file.Page <init>
INFO: Page created with blocksize 50000
Sep 26, 2023 4:20:20 PM edu.yu.dbimpl.file.Page setString
INFO: setString called with offset: 0 and String: Hello, World!506
Sep 26, 2023 4:20:20 PM edu.yu.dbimpl.file.FileMgr append
INFO: append called with filename: testFileModulePerformance507
Sep 26, 2023 4:20:20 PM edu.yu.dbimpl.file.FileMgr append
INFO: Writing to file: src/test/java/edu/yu/dbimpl/testingDirectory/testFileModulePerformance507
Sep 26, 2023 4:20:20 PM edu.yu.dbimpl.file.Page <init>
INFO: Page created with blocksize 50000
Sep 26, 2023 4:20:20 PM edu.yu.dbimpl.file.Page setString
INFO: setString called with offset: 0 and String: Hello, World!507
Sep 26, 2023 4:20:20 PM edu.yu.dbimpl.file.FileMgr append
INFO: append called with filename: testFileModulePerformance508
Sep 26, 2023 4:20:20 PM edu.yu.dbimpl.file.FileMgr append
INFO: Writing to file: src/test/java/edu/yu/dbimpl/testingDirectory/testFileModulePerformance508
Sep 26, 2023 4:20:20 PM edu.yu.dbimpl.file.Page <init>
INFO: Page created with blocksize 50000
Sep 26, 2023 4:20:20 PM edu.yu.dbimpl.file.Page setString
INFO: setString called with offset: 0 and String: Hello, World!508
Sep 26, 2023 4:20:20 PM edu.yu.dbimpl.file.FileMgr append
INFO: append called with filename: testFileModulePerformance509
Sep 26, 2023 4:20:20 PM edu.yu.dbimpl.file.FileMgr append
INFO: Writing to file: src/test/java/edu/yu/dbimpl/testingDirectory/testFileModulePerformance509
Sep 26, 2023 4:20:20 PM edu.yu.dbimpl.file.Page <init>
INFO: Page created with blocksize 50000
Sep 26, 2023 4:20:20 PM edu.yu.dbimpl.file.Page setString
INFO: setString called with offset: 0 and String: Hello, World!509
Sep 26, 2023 4:20:20 PM edu.yu.dbimpl.file.FileMgr append
INFO: append called with filename: testFileModulePerformance510
Sep 26, 2023 4:20:20 PM edu.yu.dbimpl.file.FileMgr append
INFO: Writing to file: src/test/java/edu/yu/dbimpl/testingDirectory/testFileModulePerformance510
Sep 26, 2023 4:20:20 PM edu.yu.dbimpl.file.Page <init>
INFO: Page created with blocksize 50000
Sep 26, 2023 4:20:20 PM edu.yu.dbimpl.file.Page setString
INFO: setString called with offset: 0 and String: Hello, World!510
Sep 26, 2023 4:20:20 PM edu.yu.dbimpl.file.FileMgr append
INFO: append called with filename: testFileModulePerformance511
Sep 26, 2023 4:20:20 PM edu.yu.dbimpl.file.FileMgr append
INFO: Writing to file: src/test/java/edu/yu/dbimpl/testingDirectory/testFileModulePerformance511
Sep 26, 2023 4:20:20 PM edu.yu.dbimpl.file.Page <init>
INFO: Page created with blocksize 50000
Sep 26, 2023 4:20:20 PM edu.yu.dbimpl.file.Page setString
INFO: setString called with offset: 0 and String: Hello, World!511
Sep 26, 2023 4:20:20 PM edu.yu.dbimpl.file.FileMgr append
INFO: append called with filename: testFileModulePerformance512
Sep 26, 2023 4:20:20 PM edu.yu.dbimpl.file.FileMgr append
INFO: Writing to file: src/test/java/edu/yu/dbimpl/testingDirectory/testFileModulePerformance512
Sep 26, 2023 4:20:20 PM edu.yu.dbimpl.file.Page <init>
INFO: Page created with blocksize 50000
Sep 26, 2023 4:20:20 PM edu.yu.dbimpl.file.Page setString
INFO: setString called with offset: 0 and String: Hello, World!512
Sep 26, 2023 4:20:20 PM edu.yu.dbimpl.file.FileMgr append
INFO: append called with filename: testFileModulePerformance513
Sep 26, 2023 4:20:20 PM edu.yu.dbimpl.file.FileMgr append
INFO: Writing to file: src/test/java/edu/yu/dbimpl/testingDirectory/testFileModulePerformance513
Sep 26, 2023 4:20:20 PM edu.yu.dbimpl.file.Page <init>
INFO: Page created with blocksize 50000
Sep 26, 2023 4:20:20 PM edu.yu.dbimpl.file.Page setString
INFO: setString called with offset: 0 and String: Hello, World!513
Sep 26, 2023 4:20:20 PM edu.yu.dbimpl.file.FileMgr append
INFO: append called with filename: testFileModulePerformance514
Sep 26, 2023 4:20:20 PM edu.yu.dbimpl.file.FileMgr append
INFO: Writing to file: src/test/java/edu/yu/dbimpl/testingDirectory/testFileModulePerformance514
Sep 26, 2023 4:20:20 PM edu.yu.dbimpl.file.Page <init>
INFO: Page created with blocksize 50000
Sep 26, 2023 4:20:20 PM edu.yu.dbimpl.file.Page setString
INFO: setString called with offset: 0 and String: Hello, World!514
Sep 26, 2023 4:20:20 PM edu.yu.dbimpl.file.FileMgr append
INFO: append called with filename: testFileModulePerformance515
Sep 26, 2023 4:20:20 PM edu.yu.dbimpl.file.FileMgr append
INFO: Writing to file: src/test/java/edu/yu/dbimpl/testingDirectory/testFileModulePerformance515
Sep 26, 2023 4:20:20 PM edu.yu.dbimpl.file.Page <init>
INFO: Page created with blocksize 50000
Sep 26, 2023 4:20:20 PM edu.yu.dbimpl.file.Page setString
INFO: setString called with offset: 0 and String: Hello, World!515
Sep 26, 2023 4:20:20 PM edu.yu.dbimpl.file.FileMgr append
INFO: append called with filename: testFileModulePerformance516
Sep 26, 2023 4:20:20 PM edu.yu.dbimpl.file.FileMgr append
INFO: Writing to file: src/test/java/edu/yu/dbimpl/testingDirectory/testFileModulePerformance516
Sep 26, 2023 4:20:20 PM edu.yu.dbimpl.file.Page <init>
INFO: Page created with blocksize 50000
Sep 26, 2023 4:20:20 PM edu.yu.dbimpl.file.Page setString
INFO: setString called with offset: 0 and String: Hello, World!516
Sep 26, 2023 4:20:20 PM edu.yu.dbimpl.file.FileMgr append
INFO: append called with filename: testFileModulePerformance517
Sep 26, 2023 4:20:20 PM edu.yu.dbimpl.file.FileMgr append
INFO: Writing to file: src/test/java/edu/yu/dbimpl/testingDirectory/testFileModulePerformance517
Sep 26, 2023 4:20:20 PM edu.yu.dbimpl.file.Page <init>
INFO: Page created with blocksize 50000
Sep 26, 2023 4:20:20 PM edu.yu.dbimpl.file.Page setString
INFO: setString called with offset: 0 and String: Hello, World!517
Sep 26, 2023 4:20:20 PM edu.yu.dbimpl.file.FileMgr append
INFO: append called with filename: testFileModulePerformance518
Sep 26, 2023 4:20:20 PM edu.yu.dbimpl.file.FileMgr append
INFO: Writing to file: src/test/java/edu/yu/dbimpl/testingDirectory/testFileModulePerformance518
Sep 26, 2023 4:20:20 PM edu.yu.dbimpl.file.Page <init>
INFO: Page created with blocksize 50000
Sep 26, 2023 4:20:20 PM edu.yu.dbimpl.file.Page setString
INFO: setString called with offset: 0 and String: Hello, World!518
Sep 26, 2023 4:20:20 PM edu.yu.dbimpl.file.FileMgr append
INFO: append called with filename: testFileModulePerformance519
Sep 26, 2023 4:20:20 PM edu.yu.dbimpl.file.FileMgr append
INFO: Writing to file: src/test/java/edu/yu/dbimpl/testingDirectory/testFileModulePerformance519
Sep 26, 2023 4:20:20 PM edu.yu.dbimpl.file.Page <init>
INFO: Page created with blocksize 50000
Sep 26, 2023 4:20:20 PM edu.yu.dbimpl.file.Page setString
INFO: setString called with offset: 0 and String: Hello, World!519
Sep 26, 2023 4:20:20 PM edu.yu.dbimpl.file.FileMgr append
INFO: append called with filename: testFileModulePerformance520
Sep 26, 2023 4:20:20 PM edu.yu.dbimpl.file.FileMgr append
INFO: Writing to file: src/test/java/edu/yu/dbimpl/testingDirectory/testFileModulePerformance520
Sep 26, 2023 4:20:20 PM edu.yu.dbimpl.file.Page <init>
INFO: Page created with blocksize 50000
Sep 26, 2023 4:20:20 PM edu.yu.dbimpl.file.Page setString
INFO: setString called with offset: 0 and String: Hello, World!520
Sep 26, 2023 4:20:20 PM edu.yu.dbimpl.file.FileMgr append
INFO: append called with filename: testFileModulePerformance521
Sep 26, 2023 4:20:20 PM edu.yu.dbimpl.file.FileMgr append
INFO: Writing to file: src/test/java/edu/yu/dbimpl/testingDirectory/testFileModulePerformance521
Sep 26, 2023 4:20:20 PM edu.yu.dbimpl.file.Page <init>
INFO: Page created with blocksize 50000
Sep 26, 2023 4:20:20 PM edu.yu.dbimpl.file.Page setString
INFO: setString called with offset: 0 and String: Hello, World!521
Sep 26, 2023 4:20:20 PM edu.yu.dbimpl.file.FileMgr append
INFO: append called with filename: testFileModulePerformance522
Sep 26, 2023 4:20:20 PM edu.yu.dbimpl.file.FileMgr append
INFO: Writing to file: src/test/java/edu/yu/dbimpl/testingDirectory/testFileModulePerformance522
Sep 26, 2023 4:20:20 PM edu.yu.dbimpl.file.Page <init>
INFO: Page created with blocksize 50000
Sep 26, 2023 4:20:20 PM edu.yu.dbimpl.file.Page setString
INFO: setString called with offset: 0 and String: Hello, World!522
Sep 26, 2023 4:20:20 PM edu.yu.dbimpl.file.FileMgr append
INFO: append called with filename: testFileModulePerformance523
Sep 26, 2023 4:20:20 PM edu.yu.dbimpl.file.FileMgr append
INFO: Writing to file: src/test/java/edu/yu/dbimpl/testingDirectory/testFileModulePerformance523
Sep 26, 2023 4:20:20 PM edu.yu.dbimpl.file.Page <init>
INFO: Page created with blocksize 50000
Sep 26, 2023 4:20:20 PM edu.yu.dbimpl.file.Page setString
INFO: setString called with offset: 0 and String: Hello, World!523
Sep 26, 2023 4:20:20 PM edu.yu.dbimpl.file.FileMgr append
INFO: append called with filename: testFileModulePerformance524
Sep 26, 2023 4:20:20 PM edu.yu.dbimpl.file.FileMgr append
INFO: Writing to file: src/test/java/edu/yu/dbimpl/testingDirectory/testFileModulePerformance524
Sep 26, 2023 4:20:20 PM edu.yu.dbimpl.file.Page <init>
INFO: Page created with blocksize 50000
Sep 26, 2023 4:20:20 PM edu.yu.dbimpl.file.Page setString
INFO: setString called with offset: 0 and String: Hello, World!524
Sep 26, 2023 4:20:20 PM edu.yu.dbimpl.file.FileMgr append
INFO: append called with filename: testFileModulePerformance525
Sep 26, 2023 4:20:20 PM edu.yu.dbimpl.file.FileMgr append
INFO: Writing to file: src/test/java/edu/yu/dbimpl/testingDirectory/testFileModulePerformance525
Sep 26, 2023 4:20:20 PM edu.yu.dbimpl.file.Page <init>
INFO: Page created with blocksize 50000
Sep 26, 2023 4:20:20 PM edu.yu.dbimpl.file.Page setString
INFO: setString called with offset: 0 and String: Hello, World!525
Sep 26, 2023 4:20:20 PM edu.yu.dbimpl.file.FileMgr append
INFO: append called with filename: testFileModulePerformance526
Sep 26, 2023 4:20:20 PM edu.yu.dbimpl.file.FileMgr append
INFO: Writing to file: src/test/java/edu/yu/dbimpl/testingDirectory/testFileModulePerformance526
Sep 26, 2023 4:20:20 PM edu.yu.dbimpl.file.Page <init>
INFO: Page created with blocksize 50000
Sep 26, 2023 4:20:20 PM edu.yu.dbimpl.file.Page setString
INFO: setString called with offset: 0 and String: Hello, World!526
Sep 26, 2023 4:20:20 PM edu.yu.dbimpl.file.FileMgr append
INFO: append called with filename: testFileModulePerformance527
Sep 26, 2023 4:20:20 PM edu.yu.dbimpl.file.FileMgr append
INFO: Writing to file: src/test/java/edu/yu/dbimpl/testingDirectory/testFileModulePerformance527
Sep 26, 2023 4:20:20 PM edu.yu.dbimpl.file.Page <init>
INFO: Page created with blocksize 50000
Sep 26, 2023 4:20:20 PM edu.yu.dbimpl.file.Page setString
INFO: setString called with offset: 0 and String: Hello, World!527
Sep 26, 2023 4:20:20 PM edu.yu.dbimpl.file.FileMgr append
INFO: append called with filename: testFileModulePerformance528
Sep 26, 2023 4:20:20 PM edu.yu.dbimpl.file.FileMgr append
INFO: Writing to file: src/test/java/edu/yu/dbimpl/testingDirectory/testFileModulePerformance528
Sep 26, 2023 4:20:20 PM edu.yu.dbimpl.file.Page <init>
INFO: Page created with blocksize 50000
Sep 26, 2023 4:20:20 PM edu.yu.dbimpl.file.Page setString
INFO: setString called with offset: 0 and String: Hello, World!528
Sep 26, 2023 4:20:20 PM edu.yu.dbimpl.file.FileMgr append
INFO: append called with filename: testFileModulePerformance529
Sep 26, 2023 4:20:20 PM edu.yu.dbimpl.file.FileMgr append
INFO: Writing to file: src/test/java/edu/yu/dbimpl/testingDirectory/testFileModulePerformance529
Sep 26, 2023 4:20:20 PM edu.yu.dbimpl.file.Page <init>
INFO: Page created with blocksize 50000
Sep 26, 2023 4:20:20 PM edu.yu.dbimpl.file.Page setString
INFO: setString called with offset: 0 and String: Hello, World!529
Sep 26, 2023 4:20:20 PM edu.yu.dbimpl.file.FileMgr append
INFO: append called with filename: testFileModulePerformance530
Sep 26, 2023 4:20:20 PM edu.yu.dbimpl.file.FileMgr append
INFO: Writing to file: src/test/java/edu/yu/dbimpl/testingDirectory/testFileModulePerformance530
Sep 26, 2023 4:20:20 PM edu.yu.dbimpl.file.Page <init>
INFO: Page created with blocksize 50000
Sep 26, 2023 4:20:20 PM edu.yu.dbimpl.file.Page setString
INFO: setString called with offset: 0 and String: Hello, World!530
Sep 26, 2023 4:20:20 PM edu.yu.dbimpl.file.FileMgr append
INFO: append called with filename: testFileModulePerformance531
Sep 26, 2023 4:20:20 PM edu.yu.dbimpl.file.FileMgr append
INFO: Writing to file: src/test/java/edu/yu/dbimpl/testingDirectory/testFileModulePerformance531
Sep 26, 2023 4:20:20 PM edu.yu.dbimpl.file.Page <init>
INFO: Page created with blocksize 50000
Sep 26, 2023 4:20:20 PM edu.yu.dbimpl.file.Page setString
INFO: setString called with offset: 0 and String: Hello, World!531
Sep 26, 2023 4:20:20 PM edu.yu.dbimpl.file.FileMgr append
INFO: append called with filename: testFileModulePerformance532
Sep 26, 2023 4:20:20 PM edu.yu.dbimpl.file.FileMgr append
INFO: Writing to file: src/test/java/edu/yu/dbimpl/testingDirectory/testFileModulePerformance532
Sep 26, 2023 4:20:20 PM edu.yu.dbimpl.file.Page <init>
INFO: Page created with blocksize 50000
Sep 26, 2023 4:20:20 PM edu.yu.dbimpl.file.Page setString
INFO: setString called with offset: 0 and String: Hello, World!532
Sep 26, 2023 4:20:20 PM edu.yu.dbimpl.file.FileMgr append
INFO: append called with filename: testFileModulePerformance533
Sep 26, 2023 4:20:20 PM edu.yu.dbimpl.file.FileMgr append
INFO: Writing to file: src/test/java/edu/yu/dbimpl/testingDirectory/testFileModulePerformance533
Sep 26, 2023 4:20:20 PM edu.yu.dbimpl.file.Page <init>
INFO: Page created with blocksize 50000
Sep 26, 2023 4:20:20 PM edu.yu.dbimpl.file.Page setString
INFO: setString called with offset: 0 and String: Hello, World!533
Sep 26, 2023 4:20:20 PM edu.yu.dbimpl.file.FileMgr append
INFO: append called with filename: testFileModulePerformance534
Sep 26, 2023 4:20:20 PM edu.yu.dbimpl.file.FileMgr append
INFO: Writing to file: src/test/java/edu/yu/dbimpl/testingDirectory/testFileModulePerformance534
Sep 26, 2023 4:20:20 PM edu.yu.dbimpl.file.Page <init>
INFO: Page created with blocksize 50000
Sep 26, 2023 4:20:20 PM edu.yu.dbimpl.file.Page setString
INFO: setString called with offset: 0 and String: Hello, World!534
Sep 26, 2023 4:20:20 PM edu.yu.dbimpl.file.FileMgr append
INFO: append called with filename: testFileModulePerformance535
Sep 26, 2023 4:20:20 PM edu.yu.dbimpl.file.FileMgr append
INFO: Writing to file: src/test/java/edu/yu/dbimpl/testingDirectory/testFileModulePerformance535
Sep 26, 2023 4:20:20 PM edu.yu.dbimpl.file.Page <init>
INFO: Page created with blocksize 50000
Sep 26, 2023 4:20:20 PM edu.yu.dbimpl.file.Page setString
INFO: setString called with offset: 0 and String: Hello, World!535
Sep 26, 2023 4:20:20 PM edu.yu.dbimpl.file.FileMgr append
INFO: append called with filename: testFileModulePerformance536
Sep 26, 2023 4:20:20 PM edu.yu.dbimpl.file.FileMgr append
INFO: Writing to file: src/test/java/edu/yu/dbimpl/testingDirectory/testFileModulePerformance536
Sep 26, 2023 4:20:20 PM edu.yu.dbimpl.file.Page <init>
INFO: Page created with blocksize 50000
Sep 26, 2023 4:20:20 PM edu.yu.dbimpl.file.Page setString
INFO: setString called with offset: 0 and String: Hello, World!536
Sep 26, 2023 4:20:20 PM edu.yu.dbimpl.file.FileMgr append
INFO: append called with filename: testFileModulePerformance537
Sep 26, 2023 4:20:20 PM edu.yu.dbimpl.file.FileMgr append
INFO: Writing to file: src/test/java/edu/yu/dbimpl/testingDirectory/testFileModulePerformance537
Sep 26, 2023 4:20:20 PM edu.yu.dbimpl.file.Page <init>
INFO: Page created with blocksize 50000
Sep 26, 2023 4:20:20 PM edu.yu.dbimpl.file.Page setString
INFO: setString called with offset: 0 and String: Hello, World!537
Sep 26, 2023 4:20:20 PM edu.yu.dbimpl.file.FileMgr append
INFO: append called with filename: testFileModulePerformance538
Sep 26, 2023 4:20:20 PM edu.yu.dbimpl.file.FileMgr append
INFO: Writing to file: src/test/java/edu/yu/dbimpl/testingDirectory/testFileModulePerformance538
Sep 26, 2023 4:20:20 PM edu.yu.dbimpl.file.Page <init>
INFO: Page created with blocksize 50000
Sep 26, 2023 4:20:20 PM edu.yu.dbimpl.file.Page setString
INFO: setString called with offset: 0 and String: Hello, World!538
Sep 26, 2023 4:20:20 PM edu.yu.dbimpl.file.FileMgr append
INFO: append called with filename: testFileModulePerformance539
Sep 26, 2023 4:20:20 PM edu.yu.dbimpl.file.FileMgr append
INFO: Writing to file: src/test/java/edu/yu/dbimpl/testingDirectory/testFileModulePerformance539
Sep 26, 2023 4:20:20 PM edu.yu.dbimpl.file.Page <init>
INFO: Page created with blocksize 50000
Sep 26, 2023 4:20:20 PM edu.yu.dbimpl.file.Page setString
INFO: setString called with offset: 0 and String: Hello, World!539
Sep 26, 2023 4:20:20 PM edu.yu.dbimpl.file.FileMgr append
INFO: append called with filename: testFileModulePerformance540
Sep 26, 2023 4:20:20 PM edu.yu.dbimpl.file.FileMgr append
INFO: Writing to file: src/test/java/edu/yu/dbimpl/testingDirectory/testFileModulePerformance540
Sep 26, 2023 4:20:20 PM edu.yu.dbimpl.file.Page <init>
INFO: Page created with blocksize 50000
Sep 26, 2023 4:20:20 PM edu.yu.dbimpl.file.Page setString
INFO: setString called with offset: 0 and String: Hello, World!540
Sep 26, 2023 4:20:20 PM edu.yu.dbimpl.file.FileMgr append
INFO: append called with filename: testFileModulePerformance541
Sep 26, 2023 4:20:20 PM edu.yu.dbimpl.file.FileMgr append
INFO: Writing to file: src/test/java/edu/yu/dbimpl/testingDirectory/testFileModulePerformance541
Sep 26, 2023 4:20:20 PM edu.yu.dbimpl.file.Page <init>
INFO: Page created with blocksize 50000
Sep 26, 2023 4:20:20 PM edu.yu.dbimpl.file.Page setString
INFO: setString called with offset: 0 and String: Hello, World!541
Sep 26, 2023 4:20:20 PM edu.yu.dbimpl.file.FileMgr append
INFO: append called with filename: testFileModulePerformance542
Sep 26, 2023 4:20:20 PM edu.yu.dbimpl.file.FileMgr append
INFO: Writing to file: src/test/java/edu/yu/dbimpl/testingDirectory/testFileModulePerformance542
Sep 26, 2023 4:20:20 PM edu.yu.dbimpl.file.Page <init>
INFO: Page created with blocksize 50000
Sep 26, 2023 4:20:20 PM edu.yu.dbimpl.file.Page setString
INFO: setString called with offset: 0 and String: Hello, World!542
Sep 26, 2023 4:20:20 PM edu.yu.dbimpl.file.FileMgr append
INFO: append called with filename: testFileModulePerformance543
Sep 26, 2023 4:20:20 PM edu.yu.dbimpl.file.FileMgr append
INFO: Writing to file: src/test/java/edu/yu/dbimpl/testingDirectory/testFileModulePerformance543
Sep 26, 2023 4:20:20 PM edu.yu.dbimpl.file.Page <init>
INFO: Page created with blocksize 50000
Sep 26, 2023 4:20:20 PM edu.yu.dbimpl.file.Page setString
INFO: setString called with offset: 0 and String: Hello, World!543
Sep 26, 2023 4:20:20 PM edu.yu.dbimpl.file.FileMgr append
INFO: append called with filename: testFileModulePerformance544
Sep 26, 2023 4:20:20 PM edu.yu.dbimpl.file.FileMgr append
INFO: Writing to file: src/test/java/edu/yu/dbimpl/testingDirectory/testFileModulePerformance544
Sep 26, 2023 4:20:20 PM edu.yu.dbimpl.file.Page <init>
INFO: Page created with blocksize 50000
Sep 26, 2023 4:20:20 PM edu.yu.dbimpl.file.Page setString
INFO: setString called with offset: 0 and String: Hello, World!544
Sep 26, 2023 4:20:20 PM edu.yu.dbimpl.file.FileMgr append
INFO: append called with filename: testFileModulePerformance545
Sep 26, 2023 4:20:20 PM edu.yu.dbimpl.file.FileMgr append
INFO: Writing to file: src/test/java/edu/yu/dbimpl/testingDirectory/testFileModulePerformance545
Sep 26, 2023 4:20:20 PM edu.yu.dbimpl.file.Page <init>
INFO: Page created with blocksize 50000
Sep 26, 2023 4:20:20 PM edu.yu.dbimpl.file.Page setString
INFO: setString called with offset: 0 and String: Hello, World!545
Sep 26, 2023 4:20:20 PM edu.yu.dbimpl.file.FileMgr append
INFO: append called with filename: testFileModulePerformance546
Sep 26, 2023 4:20:20 PM edu.yu.dbimpl.file.FileMgr append
INFO: Writing to file: src/test/java/edu/yu/dbimpl/testingDirectory/testFileModulePerformance546
Sep 26, 2023 4:20:20 PM edu.yu.dbimpl.file.Page <init>
INFO: Page created with blocksize 50000
Sep 26, 2023 4:20:20 PM edu.yu.dbimpl.file.Page setString
INFO: setString called with offset: 0 and String: Hello, World!546
Sep 26, 2023 4:20:20 PM edu.yu.dbimpl.file.FileMgr append
INFO: append called with filename: testFileModulePerformance547
Sep 26, 2023 4:20:20 PM edu.yu.dbimpl.file.FileMgr append
INFO: Writing to file: src/test/java/edu/yu/dbimpl/testingDirectory/testFileModulePerformance547
Sep 26, 2023 4:20:20 PM edu.yu.dbimpl.file.Page <init>
INFO: Page created with blocksize 50000
Sep 26, 2023 4:20:20 PM edu.yu.dbimpl.file.Page setString
INFO: setString called with offset: 0 and String: Hello, World!547
Sep 26, 2023 4:20:20 PM edu.yu.dbimpl.file.FileMgr append
INFO: append called with filename: testFileModulePerformance548
Sep 26, 2023 4:20:20 PM edu.yu.dbimpl.file.FileMgr append
INFO: Writing to file: src/test/java/edu/yu/dbimpl/testingDirectory/testFileModulePerformance548
Sep 26, 2023 4:20:20 PM edu.yu.dbimpl.file.Page <init>
INFO: Page created with blocksize 50000
Sep 26, 2023 4:20:20 PM edu.yu.dbimpl.file.Page setString
INFO: setString called with offset: 0 and String: Hello, World!548
Sep 26, 2023 4:20:20 PM edu.yu.dbimpl.file.FileMgr append
INFO: append called with filename: testFileModulePerformance549
Sep 26, 2023 4:20:20 PM edu.yu.dbimpl.file.FileMgr append
INFO: Writing to file: src/test/java/edu/yu/dbimpl/testingDirectory/testFileModulePerformance549
Sep 26, 2023 4:20:20 PM edu.yu.dbimpl.file.Page <init>
INFO: Page created with blocksize 50000
Sep 26, 2023 4:20:20 PM edu.yu.dbimpl.file.Page setString
INFO: setString called with offset: 0 and String: Hello, World!549
Sep 26, 2023 4:20:20 PM edu.yu.dbimpl.file.FileMgr append
INFO: append called with filename: testFileModulePerformance550
Sep 26, 2023 4:20:20 PM edu.yu.dbimpl.file.FileMgr append
INFO: Writing to file: src/test/java/edu/yu/dbimpl/testingDirectory/testFileModulePerformance550
Sep 26, 2023 4:20:20 PM edu.yu.dbimpl.file.Page <init>
INFO: Page created with blocksize 50000
Sep 26, 2023 4:20:20 PM edu.yu.dbimpl.file.Page setString
INFO: setString called with offset: 0 and String: Hello, World!550
Sep 26, 2023 4:20:20 PM edu.yu.dbimpl.file.FileMgr append
INFO: append called with filename: testFileModulePerformance551
Sep 26, 2023 4:20:20 PM edu.yu.dbimpl.file.FileMgr append
INFO: Writing to file: src/test/java/edu/yu/dbimpl/testingDirectory/testFileModulePerformance551
Sep 26, 2023 4:20:20 PM edu.yu.dbimpl.file.Page <init>
INFO: Page created with blocksize 50000
Sep 26, 2023 4:20:20 PM edu.yu.dbimpl.file.Page setString
INFO: setString called with offset: 0 and String: Hello, World!551
Sep 26, 2023 4:20:20 PM edu.yu.dbimpl.file.FileMgr append
INFO: append called with filename: testFileModulePerformance552
Sep 26, 2023 4:20:20 PM edu.yu.dbimpl.file.FileMgr append
INFO: Writing to file: src/test/java/edu/yu/dbimpl/testingDirectory/testFileModulePerformance552
Sep 26, 2023 4:20:20 PM edu.yu.dbimpl.file.Page <init>
INFO: Page created with blocksize 50000
Sep 26, 2023 4:20:20 PM edu.yu.dbimpl.file.Page setString
INFO: setString called with offset: 0 and String: Hello, World!552
Sep 26, 2023 4:20:20 PM edu.yu.dbimpl.file.FileMgr append
INFO: append called with filename: testFileModulePerformance553
Sep 26, 2023 4:20:20 PM edu.yu.dbimpl.file.FileMgr append
INFO: Writing to file: src/test/java/edu/yu/dbimpl/testingDirectory/testFileModulePerformance553
Sep 26, 2023 4:20:20 PM edu.yu.dbimpl.file.Page <init>
INFO: Page created with blocksize 50000
Sep 26, 2023 4:20:20 PM edu.yu.dbimpl.file.Page setString
INFO: setString called with offset: 0 and String: Hello, World!553
Sep 26, 2023 4:20:20 PM edu.yu.dbimpl.file.FileMgr append
INFO: append called with filename: testFileModulePerformance554
Sep 26, 2023 4:20:20 PM edu.yu.dbimpl.file.FileMgr append
INFO: Writing to file: src/test/java/edu/yu/dbimpl/testingDirectory/testFileModulePerformance554
Sep 26, 2023 4:20:20 PM edu.yu.dbimpl.file.Page <init>
INFO: Page created with blocksize 50000
Sep 26, 2023 4:20:20 PM edu.yu.dbimpl.file.Page setString
INFO: setString called with offset: 0 and String: Hello, World!554
Sep 26, 2023 4:20:20 PM edu.yu.dbimpl.file.FileMgr append
INFO: append called with filename: testFileModulePerformance555
Sep 26, 2023 4:20:20 PM edu.yu.dbimpl.file.FileMgr append
INFO: Writing to file: src/test/java/edu/yu/dbimpl/testingDirectory/testFileModulePerformance555
Sep 26, 2023 4:20:20 PM edu.yu.dbimpl.file.Page <init>
INFO: Page created with blocksize 50000
Sep 26, 2023 4:20:20 PM edu.yu.dbimpl.file.Page setString
INFO: setString called with offset: 0 and String: Hello, World!555
Sep 26, 2023 4:20:20 PM edu.yu.dbimpl.file.FileMgr append
INFO: append called with filename: testFileModulePerformance556
Sep 26, 2023 4:20:20 PM edu.yu.dbimpl.file.FileMgr append
INFO: Writing to file: src/test/java/edu/yu/dbimpl/testingDirectory/testFileModulePerformance556
Sep 26, 2023 4:20:20 PM edu.yu.dbimpl.file.Page <init>
INFO: Page created with blocksize 50000
Sep 26, 2023 4:20:20 PM edu.yu.dbimpl.file.Page setString
INFO: setString called with offset: 0 and String: Hello, World!556
Sep 26, 2023 4:20:20 PM edu.yu.dbimpl.file.FileMgr append
INFO: append called with filename: testFileModulePerformance557
Sep 26, 2023 4:20:20 PM edu.yu.dbimpl.file.FileMgr append
INFO: Writing to file: src/test/java/edu/yu/dbimpl/testingDirectory/testFileModulePerformance557
Sep 26, 2023 4:20:20 PM edu.yu.dbimpl.file.Page <init>
INFO: Page created with blocksize 50000
Sep 26, 2023 4:20:20 PM edu.yu.dbimpl.file.Page setString
INFO: setString called with offset: 0 and String: Hello, World!557
Sep 26, 2023 4:20:20 PM edu.yu.dbimpl.file.FileMgr append
INFO: append called with filename: testFileModulePerformance558
Sep 26, 2023 4:20:20 PM edu.yu.dbimpl.file.FileMgr append
INFO: Writing to file: src/test/java/edu/yu/dbimpl/testingDirectory/testFileModulePerformance558
Sep 26, 2023 4:20:20 PM edu.yu.dbimpl.file.Page <init>
INFO: Page created with blocksize 50000
Sep 26, 2023 4:20:20 PM edu.yu.dbimpl.file.Page setString
INFO: setString called with offset: 0 and String: Hello, World!558
Sep 26, 2023 4:20:20 PM edu.yu.dbimpl.file.FileMgr append
INFO: append called with filename: testFileModulePerformance559
Sep 26, 2023 4:20:20 PM edu.yu.dbimpl.file.FileMgr append
INFO: Writing to file: src/test/java/edu/yu/dbimpl/testingDirectory/testFileModulePerformance559
Sep 26, 2023 4:20:20 PM edu.yu.dbimpl.file.Page <init>
INFO: Page created with blocksize 50000
Sep 26, 2023 4:20:20 PM edu.yu.dbimpl.file.Page setString
INFO: setString called with offset: 0 and String: Hello, World!559
Sep 26, 2023 4:20:20 PM edu.yu.dbimpl.file.FileMgr append
INFO: append called with filename: testFileModulePerformance560
Sep 26, 2023 4:20:20 PM edu.yu.dbimpl.file.FileMgr append
INFO: Writing to file: src/test/java/edu/yu/dbimpl/testingDirectory/testFileModulePerformance560
Sep 26, 2023 4:20:20 PM edu.yu.dbimpl.file.Page <init>
INFO: Page created with blocksize 50000
Sep 26, 2023 4:20:20 PM edu.yu.dbimpl.file.Page setString
INFO: setString called with offset: 0 and String: Hello, World!560
Sep 26, 2023 4:20:20 PM edu.yu.dbimpl.file.FileMgr append
INFO: append called with filename: testFileModulePerformance561
Sep 26, 2023 4:20:20 PM edu.yu.dbimpl.file.FileMgr append
INFO: Writing to file: src/test/java/edu/yu/dbimpl/testingDirectory/testFileModulePerformance561
Sep 26, 2023 4:20:20 PM edu.yu.dbimpl.file.Page <init>
INFO: Page created with blocksize 50000
Sep 26, 2023 4:20:20 PM edu.yu.dbimpl.file.Page setString
INFO: setString called with offset: 0 and String: Hello, World!561
Sep 26, 2023 4:20:20 PM edu.yu.dbimpl.file.FileMgr append
INFO: append called with filename: testFileModulePerformance562
Sep 26, 2023 4:20:20 PM edu.yu.dbimpl.file.FileMgr append
INFO: Writing to file: src/test/java/edu/yu/dbimpl/testingDirectory/testFileModulePerformance562
Sep 26, 2023 4:20:20 PM edu.yu.dbimpl.file.Page <init>
INFO: Page created with blocksize 50000
Sep 26, 2023 4:20:20 PM edu.yu.dbimpl.file.Page setString
INFO: setString called with offset: 0 and String: Hello, World!562
Sep 26, 2023 4:20:20 PM edu.yu.dbimpl.file.FileMgr append
INFO: append called with filename: testFileModulePerformance563
Sep 26, 2023 4:20:20 PM edu.yu.dbimpl.file.FileMgr append
INFO: Writing to file: src/test/java/edu/yu/dbimpl/testingDirectory/testFileModulePerformance563
Sep 26, 2023 4:20:20 PM edu.yu.dbimpl.file.Page <init>
INFO: Page created with blocksize 50000
Sep 26, 2023 4:20:20 PM edu.yu.dbimpl.file.Page setString
INFO: setString called with offset: 0 and String: Hello, World!563
Sep 26, 2023 4:20:20 PM edu.yu.dbimpl.file.FileMgr append
INFO: append called with filename: testFileModulePerformance564
Sep 26, 2023 4:20:20 PM edu.yu.dbimpl.file.FileMgr append
INFO: Writing to file: src/test/java/edu/yu/dbimpl/testingDirectory/testFileModulePerformance564
Sep 26, 2023 4:20:20 PM edu.yu.dbimpl.file.Page <init>
INFO: Page created with blocksize 50000
Sep 26, 2023 4:20:20 PM edu.yu.dbimpl.file.Page setString
INFO: setString called with offset: 0 and String: Hello, World!564
Sep 26, 2023 4:20:20 PM edu.yu.dbimpl.file.FileMgr append
INFO: append called with filename: testFileModulePerformance565
Sep 26, 2023 4:20:20 PM edu.yu.dbimpl.file.FileMgr append
INFO: Writing to file: src/test/java/edu/yu/dbimpl/testingDirectory/testFileModulePerformance565
Sep 26, 2023 4:20:20 PM edu.yu.dbimpl.file.Page <init>
INFO: Page created with blocksize 50000
Sep 26, 2023 4:20:20 PM edu.yu.dbimpl.file.Page setString
INFO: setString called with offset: 0 and String: Hello, World!565
Sep 26, 2023 4:20:20 PM edu.yu.dbimpl.file.FileMgr append
INFO: append called with filename: testFileModulePerformance566
Sep 26, 2023 4:20:20 PM edu.yu.dbimpl.file.FileMgr append
INFO: Writing to file: src/test/java/edu/yu/dbimpl/testingDirectory/testFileModulePerformance566
Sep 26, 2023 4:20:20 PM edu.yu.dbimpl.file.Page <init>
INFO: Page created with blocksize 50000
Sep 26, 2023 4:20:20 PM edu.yu.dbimpl.file.Page setString
INFO: setString called with offset: 0 and String: Hello, World!566
Sep 26, 2023 4:20:20 PM edu.yu.dbimpl.file.FileMgr append
INFO: append called with filename: testFileModulePerformance567
Sep 26, 2023 4:20:20 PM edu.yu.dbimpl.file.FileMgr append
INFO: Writing to file: src/test/java/edu/yu/dbimpl/testingDirectory/testFileModulePerformance567
Sep 26, 2023 4:20:20 PM edu.yu.dbimpl.file.Page <init>
INFO: Page created with blocksize 50000
Sep 26, 2023 4:20:20 PM edu.yu.dbimpl.file.Page setString
INFO: setString called with offset: 0 and String: Hello, World!567
Sep 26, 2023 4:20:20 PM edu.yu.dbimpl.file.FileMgr append
INFO: append called with filename: testFileModulePerformance568
Sep 26, 2023 4:20:20 PM edu.yu.dbimpl.file.FileMgr append
INFO: Writing to file: src/test/java/edu/yu/dbimpl/testingDirectory/testFileModulePerformance568
Sep 26, 2023 4:20:20 PM edu.yu.dbimpl.file.Page <init>
INFO: Page created with blocksize 50000
Sep 26, 2023 4:20:20 PM edu.yu.dbimpl.file.Page setString
INFO: setString called with offset: 0 and String: Hello, World!568
Sep 26, 2023 4:20:20 PM edu.yu.dbimpl.file.FileMgr append
INFO: append called with filename: testFileModulePerformance569
Sep 26, 2023 4:20:20 PM edu.yu.dbimpl.file.FileMgr append
INFO: Writing to file: src/test/java/edu/yu/dbimpl/testingDirectory/testFileModulePerformance569
Sep 26, 2023 4:20:20 PM edu.yu.dbimpl.file.Page <init>
INFO: Page created with blocksize 50000
Sep 26, 2023 4:20:20 PM edu.yu.dbimpl.file.Page setString
INFO: setString called with offset: 0 and String: Hello, World!569
Sep 26, 2023 4:20:20 PM edu.yu.dbimpl.file.FileMgr append
INFO: append called with filename: testFileModulePerformance570
Sep 26, 2023 4:20:20 PM edu.yu.dbimpl.file.FileMgr append
INFO: Writing to file: src/test/java/edu/yu/dbimpl/testingDirectory/testFileModulePerformance570
Sep 26, 2023 4:20:20 PM edu.yu.dbimpl.file.Page <init>
INFO: Page created with blocksize 50000
Sep 26, 2023 4:20:20 PM edu.yu.dbimpl.file.Page setString
INFO: setString called with offset: 0 and String: Hello, World!570
Sep 26, 2023 4:20:20 PM edu.yu.dbimpl.file.FileMgr append
INFO: append called with filename: testFileModulePerformance571
Sep 26, 2023 4:20:20 PM edu.yu.dbimpl.file.FileMgr append
INFO: Writing to file: src/test/java/edu/yu/dbimpl/testingDirectory/testFileModulePerformance571
Sep 26, 2023 4:20:20 PM edu.yu.dbimpl.file.Page <init>
INFO: Page created with blocksize 50000
Sep 26, 2023 4:20:20 PM edu.yu.dbimpl.file.Page setString
INFO: setString called with offset: 0 and String: Hello, World!571
Sep 26, 2023 4:20:20 PM edu.yu.dbimpl.file.FileMgr append
INFO: append called with filename: testFileModulePerformance572
Sep 26, 2023 4:20:20 PM edu.yu.dbimpl.file.FileMgr append
INFO: Writing to file: src/test/java/edu/yu/dbimpl/testingDirectory/testFileModulePerformance572
Sep 26, 2023 4:20:20 PM edu.yu.dbimpl.file.Page <init>
INFO: Page created with blocksize 50000
Sep 26, 2023 4:20:20 PM edu.yu.dbimpl.file.Page setString
INFO: setString called with offset: 0 and String: Hello, World!572
Sep 26, 2023 4:20:20 PM edu.yu.dbimpl.file.FileMgr append
INFO: append called with filename: testFileModulePerformance573
Sep 26, 2023 4:20:20 PM edu.yu.dbimpl.file.FileMgr append
INFO: Writing to file: src/test/java/edu/yu/dbimpl/testingDirectory/testFileModulePerformance573
Sep 26, 2023 4:20:20 PM edu.yu.dbimpl.file.Page <init>
INFO: Page created with blocksize 50000
Sep 26, 2023 4:20:20 PM edu.yu.dbimpl.file.Page setString
INFO: setString called with offset: 0 and String: Hello, World!573
Sep 26, 2023 4:20:20 PM edu.yu.dbimpl.file.FileMgr append
INFO: append called with filename: testFileModulePerformance574
Sep 26, 2023 4:20:20 PM edu.yu.dbimpl.file.FileMgr append
INFO: Writing to file: src/test/java/edu/yu/dbimpl/testingDirectory/testFileModulePerformance574
Sep 26, 2023 4:20:20 PM edu.yu.dbimpl.file.Page <init>
INFO: Page created with blocksize 50000
Sep 26, 2023 4:20:20 PM edu.yu.dbimpl.file.Page setString
INFO: setString called with offset: 0 and String: Hello, World!574
Sep 26, 2023 4:20:20 PM edu.yu.dbimpl.file.FileMgr append
INFO: append called with filename: testFileModulePerformance575
Sep 26, 2023 4:20:20 PM edu.yu.dbimpl.file.FileMgr append
INFO: Writing to file: src/test/java/edu/yu/dbimpl/testingDirectory/testFileModulePerformance575
Sep 26, 2023 4:20:20 PM edu.yu.dbimpl.file.Page <init>
INFO: Page created with blocksize 50000
Sep 26, 2023 4:20:20 PM edu.yu.dbimpl.file.Page setString
INFO: setString called with offset: 0 and String: Hello, World!575
Sep 26, 2023 4:20:20 PM edu.yu.dbimpl.file.FileMgr append
INFO: append called with filename: testFileModulePerformance576
Sep 26, 2023 4:20:20 PM edu.yu.dbimpl.file.FileMgr append
INFO: Writing to file: src/test/java/edu/yu/dbimpl/testingDirectory/testFileModulePerformance576
Sep 26, 2023 4:20:20 PM edu.yu.dbimpl.file.Page <init>
INFO: Page created with blocksize 50000
Sep 26, 2023 4:20:20 PM edu.yu.dbimpl.file.Page setString
INFO: setString called with offset: 0 and String: Hello, World!576
Sep 26, 2023 4:20:20 PM edu.yu.dbimpl.file.FileMgr append
INFO: append called with filename: testFileModulePerformance577
Sep 26, 2023 4:20:20 PM edu.yu.dbimpl.file.FileMgr append
INFO: Writing to file: src/test/java/edu/yu/dbimpl/testingDirectory/testFileModulePerformance577
Sep 26, 2023 4:20:20 PM edu.yu.dbimpl.file.Page <init>
INFO: Page created with blocksize 50000
Sep 26, 2023 4:20:20 PM edu.yu.dbimpl.file.Page setString
INFO: setString called with offset: 0 and String: Hello, World!577
Sep 26, 2023 4:20:20 PM edu.yu.dbimpl.file.FileMgr append
INFO: append called with filename: testFileModulePerformance578
Sep 26, 2023 4:20:20 PM edu.yu.dbimpl.file.FileMgr append
INFO: Writing to file: src/test/java/edu/yu/dbimpl/testingDirectory/testFileModulePerformance578
Sep 26, 2023 4:20:20 PM edu.yu.dbimpl.file.Page <init>
INFO: Page created with blocksize 50000
Sep 26, 2023 4:20:20 PM edu.yu.dbimpl.file.Page setString
INFO: setString called with offset: 0 and String: Hello, World!578
Sep 26, 2023 4:20:20 PM edu.yu.dbimpl.file.FileMgr append
INFO: append called with filename: testFileModulePerformance579
Sep 26, 2023 4:20:20 PM edu.yu.dbimpl.file.FileMgr append
INFO: Writing to file: src/test/java/edu/yu/dbimpl/testingDirectory/testFileModulePerformance579
Sep 26, 2023 4:20:20 PM edu.yu.dbimpl.file.Page <init>
INFO: Page created with blocksize 50000
Sep 26, 2023 4:20:20 PM edu.yu.dbimpl.file.Page setString
INFO: setString called with offset: 0 and String: Hello, World!579
Sep 26, 2023 4:20:20 PM edu.yu.dbimpl.file.FileMgr append
INFO: append called with filename: testFileModulePerformance580
Sep 26, 2023 4:20:20 PM edu.yu.dbimpl.file.FileMgr append
INFO: Writing to file: src/test/java/edu/yu/dbimpl/testingDirectory/testFileModulePerformance580
Sep 26, 2023 4:20:20 PM edu.yu.dbimpl.file.Page <init>
INFO: Page created with blocksize 50000
Sep 26, 2023 4:20:20 PM edu.yu.dbimpl.file.Page setString
INFO: setString called with offset: 0 and String: Hello, World!580
Sep 26, 2023 4:20:20 PM edu.yu.dbimpl.file.FileMgr append
INFO: append called with filename: testFileModulePerformance581
Sep 26, 2023 4:20:20 PM edu.yu.dbimpl.file.FileMgr append
INFO: Writing to file: src/test/java/edu/yu/dbimpl/testingDirectory/testFileModulePerformance581
Sep 26, 2023 4:20:20 PM edu.yu.dbimpl.file.Page <init>
INFO: Page created with blocksize 50000
Sep 26, 2023 4:20:20 PM edu.yu.dbimpl.file.Page setString
INFO: setString called with offset: 0 and String: Hello, World!581
Sep 26, 2023 4:20:20 PM edu.yu.dbimpl.file.FileMgr append
INFO: append called with filename: testFileModulePerformance582
Sep 26, 2023 4:20:20 PM edu.yu.dbimpl.file.FileMgr append
INFO: Writing to file: src/test/java/edu/yu/dbimpl/testingDirectory/testFileModulePerformance582
Sep 26, 2023 4:20:20 PM edu.yu.dbimpl.file.Page <init>
INFO: Page created with blocksize 50000
Sep 26, 2023 4:20:20 PM edu.yu.dbimpl.file.Page setString
INFO: setString called with offset: 0 and String: Hello, World!582
Sep 26, 2023 4:20:20 PM edu.yu.dbimpl.file.FileMgr append
INFO: append called with filename: testFileModulePerformance583
Sep 26, 2023 4:20:20 PM edu.yu.dbimpl.file.FileMgr append
INFO: Writing to file: src/test/java/edu/yu/dbimpl/testingDirectory/testFileModulePerformance583
Sep 26, 2023 4:20:20 PM edu.yu.dbimpl.file.Page <init>
INFO: Page created with blocksize 50000
Sep 26, 2023 4:20:20 PM edu.yu.dbimpl.file.Page setString
INFO: setString called with offset: 0 and String: Hello, World!583
Sep 26, 2023 4:20:20 PM edu.yu.dbimpl.file.FileMgr append
INFO: append called with filename: testFileModulePerformance584
Sep 26, 2023 4:20:20 PM edu.yu.dbimpl.file.FileMgr append
INFO: Writing to file: src/test/java/edu/yu/dbimpl/testingDirectory/testFileModulePerformance584
Sep 26, 2023 4:20:20 PM edu.yu.dbimpl.file.Page <init>
INFO: Page created with blocksize 50000
Sep 26, 2023 4:20:20 PM edu.yu.dbimpl.file.Page setString
INFO: setString called with offset: 0 and String: Hello, World!584
Sep 26, 2023 4:20:20 PM edu.yu.dbimpl.file.FileMgr append
INFO: append called with filename: testFileModulePerformance585
Sep 26, 2023 4:20:20 PM edu.yu.dbimpl.file.FileMgr append
INFO: Writing to file: src/test/java/edu/yu/dbimpl/testingDirectory/testFileModulePerformance585
Sep 26, 2023 4:20:20 PM edu.yu.dbimpl.file.Page <init>
INFO: Page created with blocksize 50000
Sep 26, 2023 4:20:20 PM edu.yu.dbimpl.file.Page setString
INFO: setString called with offset: 0 and String: Hello, World!585
Sep 26, 2023 4:20:20 PM edu.yu.dbimpl.file.FileMgr append
INFO: append called with filename: testFileModulePerformance586
Sep 26, 2023 4:20:20 PM edu.yu.dbimpl.file.FileMgr append
INFO: Writing to file: src/test/java/edu/yu/dbimpl/testingDirectory/testFileModulePerformance586
Sep 26, 2023 4:20:20 PM edu.yu.dbimpl.file.Page <init>
INFO: Page created with blocksize 50000
Sep 26, 2023 4:20:20 PM edu.yu.dbimpl.file.Page setString
INFO: setString called with offset: 0 and String: Hello, World!586
Sep 26, 2023 4:20:20 PM edu.yu.dbimpl.file.FileMgr append
INFO: append called with filename: testFileModulePerformance587
Sep 26, 2023 4:20:20 PM edu.yu.dbimpl.file.FileMgr append
INFO: Writing to file: src/test/java/edu/yu/dbimpl/testingDirectory/testFileModulePerformance587
Sep 26, 2023 4:20:20 PM edu.yu.dbimpl.file.Page <init>
INFO: Page created with blocksize 50000
Sep 26, 2023 4:20:20 PM edu.yu.dbimpl.file.Page setString
INFO: setString called with offset: 0 and String: Hello, World!587
Sep 26, 2023 4:20:20 PM edu.yu.dbimpl.file.FileMgr append
INFO: append called with filename: testFileModulePerformance588
Sep 26, 2023 4:20:20 PM edu.yu.dbimpl.file.FileMgr append
INFO: Writing to file: src/test/java/edu/yu/dbimpl/testingDirectory/testFileModulePerformance588
Sep 26, 2023 4:20:20 PM edu.yu.dbimpl.file.Page <init>
INFO: Page created with blocksize 50000
Sep 26, 2023 4:20:20 PM edu.yu.dbimpl.file.Page setString
INFO: setString called with offset: 0 and String: Hello, World!588
Sep 26, 2023 4:20:20 PM edu.yu.dbimpl.file.FileMgr append
INFO: append called with filename: testFileModulePerformance589
Sep 26, 2023 4:20:20 PM edu.yu.dbimpl.file.FileMgr append
INFO: Writing to file: src/test/java/edu/yu/dbimpl/testingDirectory/testFileModulePerformance589
Sep 26, 2023 4:20:20 PM edu.yu.dbimpl.file.Page <init>
INFO: Page created with blocksize 50000
Sep 26, 2023 4:20:20 PM edu.yu.dbimpl.file.Page setString
INFO: setString called with offset: 0 and String: Hello, World!589
Sep 26, 2023 4:20:20 PM edu.yu.dbimpl.file.FileMgr append
INFO: append called with filename: testFileModulePerformance590
Sep 26, 2023 4:20:20 PM edu.yu.dbimpl.file.FileMgr append
INFO: Writing to file: src/test/java/edu/yu/dbimpl/testingDirectory/testFileModulePerformance590
Sep 26, 2023 4:20:20 PM edu.yu.dbimpl.file.Page <init>
INFO: Page created with blocksize 50000
Sep 26, 2023 4:20:20 PM edu.yu.dbimpl.file.Page setString
INFO: setString called with offset: 0 and String: Hello, World!590
Sep 26, 2023 4:20:20 PM edu.yu.dbimpl.file.FileMgr append
INFO: append called with filename: testFileModulePerformance591
Sep 26, 2023 4:20:20 PM edu.yu.dbimpl.file.FileMgr append
INFO: Writing to file: src/test/java/edu/yu/dbimpl/testingDirectory/testFileModulePerformance591
Sep 26, 2023 4:20:20 PM edu.yu.dbimpl.file.Page <init>
INFO: Page created with blocksize 50000
Sep 26, 2023 4:20:20 PM edu.yu.dbimpl.file.Page setString
INFO: setString called with offset: 0 and String: Hello, World!591
Sep 26, 2023 4:20:20 PM edu.yu.dbimpl.file.FileMgr append
INFO: append called with filename: testFileModulePerformance592
Sep 26, 2023 4:20:20 PM edu.yu.dbimpl.file.FileMgr append
INFO: Writing to file: src/test/java/edu/yu/dbimpl/testingDirectory/testFileModulePerformance592
Sep 26, 2023 4:20:20 PM edu.yu.dbimpl.file.Page <init>
INFO: Page created with blocksize 50000
Sep 26, 2023 4:20:20 PM edu.yu.dbimpl.file.Page setString
INFO: setString called with offset: 0 and String: Hello, World!592
Sep 26, 2023 4:20:20 PM edu.yu.dbimpl.file.FileMgr append
INFO: append called with filename: testFileModulePerformance593
Sep 26, 2023 4:20:20 PM edu.yu.dbimpl.file.FileMgr append
INFO: Writing to file: src/test/java/edu/yu/dbimpl/testingDirectory/testFileModulePerformance593
Sep 26, 2023 4:20:20 PM edu.yu.dbimpl.file.Page <init>
INFO: Page created with blocksize 50000
Sep 26, 2023 4:20:20 PM edu.yu.dbimpl.file.Page setString
INFO: setString called with offset: 0 and String: Hello, World!593
Sep 26, 2023 4:20:20 PM edu.yu.dbimpl.file.FileMgr append
INFO: append called with filename: testFileModulePerformance594
Sep 26, 2023 4:20:20 PM edu.yu.dbimpl.file.FileMgr append
INFO: Writing to file: src/test/java/edu/yu/dbimpl/testingDirectory/testFileModulePerformance594
Sep 26, 2023 4:20:20 PM edu.yu.dbimpl.file.Page <init>
INFO: Page created with blocksize 50000
Sep 26, 2023 4:20:20 PM edu.yu.dbimpl.file.Page setString
INFO: setString called with offset: 0 and String: Hello, World!594
Sep 26, 2023 4:20:20 PM edu.yu.dbimpl.file.FileMgr append
INFO: append called with filename: testFileModulePerformance595
Sep 26, 2023 4:20:20 PM edu.yu.dbimpl.file.FileMgr append
INFO: Writing to file: src/test/java/edu/yu/dbimpl/testingDirectory/testFileModulePerformance595
Sep 26, 2023 4:20:20 PM edu.yu.dbimpl.file.Page <init>
INFO: Page created with blocksize 50000
Sep 26, 2023 4:20:20 PM edu.yu.dbimpl.file.Page setString
INFO: setString called with offset: 0 and String: Hello, World!595
Sep 26, 2023 4:20:20 PM edu.yu.dbimpl.file.FileMgr append
INFO: append called with filename: testFileModulePerformance596
Sep 26, 2023 4:20:20 PM edu.yu.dbimpl.file.FileMgr append
INFO: Writing to file: src/test/java/edu/yu/dbimpl/testingDirectory/testFileModulePerformance596
Sep 26, 2023 4:20:20 PM edu.yu.dbimpl.file.Page <init>
INFO: Page created with blocksize 50000
Sep 26, 2023 4:20:20 PM edu.yu.dbimpl.file.Page setString
INFO: setString called with offset: 0 and String: Hello, World!596
Sep 26, 2023 4:20:20 PM edu.yu.dbimpl.file.FileMgr append
INFO: append called with filename: testFileModulePerformance597
Sep 26, 2023 4:20:20 PM edu.yu.dbimpl.file.FileMgr append
INFO: Writing to file: src/test/java/edu/yu/dbimpl/testingDirectory/testFileModulePerformance597
Sep 26, 2023 4:20:20 PM edu.yu.dbimpl.file.Page <init>
INFO: Page created with blocksize 50000
Sep 26, 2023 4:20:20 PM edu.yu.dbimpl.file.Page setString
INFO: setString called with offset: 0 and String: Hello, World!597
Sep 26, 2023 4:20:20 PM edu.yu.dbimpl.file.FileMgr append
INFO: append called with filename: testFileModulePerformance598
Sep 26, 2023 4:20:20 PM edu.yu.dbimpl.file.FileMgr append
INFO: Writing to file: src/test/java/edu/yu/dbimpl/testingDirectory/testFileModulePerformance598
Sep 26, 2023 4:20:20 PM edu.yu.dbimpl.file.Page <init>
INFO: Page created with blocksize 50000
Sep 26, 2023 4:20:20 PM edu.yu.dbimpl.file.Page setString
INFO: setString called with offset: 0 and String: Hello, World!598
Sep 26, 2023 4:20:20 PM edu.yu.dbimpl.file.FileMgr append
INFO: append called with filename: testFileModulePerformance599
Sep 26, 2023 4:20:20 PM edu.yu.dbimpl.file.FileMgr append
INFO: Writing to file: src/test/java/edu/yu/dbimpl/testingDirectory/testFileModulePerformance599
Sep 26, 2023 4:20:20 PM edu.yu.dbimpl.file.Page <init>
INFO: Page created with blocksize 50000
Sep 26, 2023 4:20:20 PM edu.yu.dbimpl.file.Page setString
INFO: setString called with offset: 0 and String: Hello, World!599
Sep 26, 2023 4:20:20 PM edu.yu.dbimpl.file.FileMgr append
INFO: append called with filename: testFileModulePerformance600
Sep 26, 2023 4:20:20 PM edu.yu.dbimpl.file.FileMgr append
INFO: Writing to file: src/test/java/edu/yu/dbimpl/testingDirectory/testFileModulePerformance600
Sep 26, 2023 4:20:20 PM edu.yu.dbimpl.file.Page <init>
INFO: Page created with blocksize 50000
Sep 26, 2023 4:20:20 PM edu.yu.dbimpl.file.Page setString
INFO: setString called with offset: 0 and String: Hello, World!600
Sep 26, 2023 4:20:20 PM edu.yu.dbimpl.file.FileMgr append
INFO: append called with filename: testFileModulePerformance601
Sep 26, 2023 4:20:20 PM edu.yu.dbimpl.file.FileMgr append
INFO: Writing to file: src/test/java/edu/yu/dbimpl/testingDirectory/testFileModulePerformance601
Sep 26, 2023 4:20:20 PM edu.yu.dbimpl.file.Page <init>
INFO: Page created with blocksize 50000
Sep 26, 2023 4:20:20 PM edu.yu.dbimpl.file.Page setString
INFO: setString called with offset: 0 and String: Hello, World!601
Sep 26, 2023 4:20:20 PM edu.yu.dbimpl.file.FileMgr append
INFO: append called with filename: testFileModulePerformance602
Sep 26, 2023 4:20:20 PM edu.yu.dbimpl.file.FileMgr append
INFO: Writing to file: src/test/java/edu/yu/dbimpl/testingDirectory/testFileModulePerformance602
Sep 26, 2023 4:20:20 PM edu.yu.dbimpl.file.Page <init>
INFO: Page created with blocksize 50000
Sep 26, 2023 4:20:20 PM edu.yu.dbimpl.file.Page setString
INFO: setString called with offset: 0 and String: Hello, World!602
Sep 26, 2023 4:20:20 PM edu.yu.dbimpl.file.FileMgr append
INFO: append called with filename: testFileModulePerformance603
Sep 26, 2023 4:20:20 PM edu.yu.dbimpl.file.FileMgr append
INFO: Writing to file: src/test/java/edu/yu/dbimpl/testingDirectory/testFileModulePerformance603
Sep 26, 2023 4:20:20 PM edu.yu.dbimpl.file.Page <init>
INFO: Page created with blocksize 50000
Sep 26, 2023 4:20:20 PM edu.yu.dbimpl.file.Page setString
INFO: setString called with offset: 0 and String: Hello, World!603
Sep 26, 2023 4:20:20 PM edu.yu.dbimpl.file.FileMgr append
INFO: append called with filename: testFileModulePerformance604
Sep 26, 2023 4:20:20 PM edu.yu.dbimpl.file.FileMgr append
INFO: Writing to file: src/test/java/edu/yu/dbimpl/testingDirectory/testFileModulePerformance604
Sep 26, 2023 4:20:20 PM edu.yu.dbimpl.file.Page <init>
INFO: Page created with blocksize 50000
Sep 26, 2023 4:20:20 PM edu.yu.dbimpl.file.Page setString
INFO: setString called with offset: 0 and String: Hello, World!604
Sep 26, 2023 4:20:20 PM edu.yu.dbimpl.file.FileMgr append
INFO: append called with filename: testFileModulePerformance605
Sep 26, 2023 4:20:20 PM edu.yu.dbimpl.file.FileMgr append
INFO: Writing to file: src/test/java/edu/yu/dbimpl/testingDirectory/testFileModulePerformance605
Sep 26, 2023 4:20:20 PM edu.yu.dbimpl.file.Page <init>
INFO: Page created with blocksize 50000
Sep 26, 2023 4:20:20 PM edu.yu.dbimpl.file.Page setString
INFO: setString called with offset: 0 and String: Hello, World!605
Sep 26, 2023 4:20:20 PM edu.yu.dbimpl.file.FileMgr append
INFO: append called with filename: testFileModulePerformance606
Sep 26, 2023 4:20:20 PM edu.yu.dbimpl.file.FileMgr append
INFO: Writing to file: src/test/java/edu/yu/dbimpl/testingDirectory/testFileModulePerformance606
Sep 26, 2023 4:20:20 PM edu.yu.dbimpl.file.Page <init>
INFO: Page created with blocksize 50000
Sep 26, 2023 4:20:20 PM edu.yu.dbimpl.file.Page setString
INFO: setString called with offset: 0 and String: Hello, World!606
Sep 26, 2023 4:20:20 PM edu.yu.dbimpl.file.FileMgr append
INFO: append called with filename: testFileModulePerformance607
Sep 26, 2023 4:20:20 PM edu.yu.dbimpl.file.FileMgr append
INFO: Writing to file: src/test/java/edu/yu/dbimpl/testingDirectory/testFileModulePerformance607
Sep 26, 2023 4:20:20 PM edu.yu.dbimpl.file.Page <init>
INFO: Page created with blocksize 50000
Sep 26, 2023 4:20:20 PM edu.yu.dbimpl.file.Page setString
INFO: setString called with offset: 0 and String: Hello, World!607
Sep 26, 2023 4:20:20 PM edu.yu.dbimpl.file.FileMgr append
INFO: append called with filename: testFileModulePerformance608
Sep 26, 2023 4:20:20 PM edu.yu.dbimpl.file.FileMgr append
INFO: Writing to file: src/test/java/edu/yu/dbimpl/testingDirectory/testFileModulePerformance608
Sep 26, 2023 4:20:20 PM edu.yu.dbimpl.file.Page <init>
INFO: Page created with blocksize 50000
Sep 26, 2023 4:20:20 PM edu.yu.dbimpl.file.Page setString
INFO: setString called with offset: 0 and String: Hello, World!608
Sep 26, 2023 4:20:20 PM edu.yu.dbimpl.file.FileMgr append
INFO: append called with filename: testFileModulePerformance609
Sep 26, 2023 4:20:20 PM edu.yu.dbimpl.file.FileMgr append
INFO: Writing to file: src/test/java/edu/yu/dbimpl/testingDirectory/testFileModulePerformance609
Sep 26, 2023 4:20:20 PM edu.yu.dbimpl.file.Page <init>
INFO: Page created with blocksize 50000
Sep 26, 2023 4:20:20 PM edu.yu.dbimpl.file.Page setString
INFO: setString called with offset: 0 and String: Hello, World!609
Sep 26, 2023 4:20:20 PM edu.yu.dbimpl.file.FileMgr append
INFO: append called with filename: testFileModulePerformance610
Sep 26, 2023 4:20:20 PM edu.yu.dbimpl.file.FileMgr append
INFO: Writing to file: src/test/java/edu/yu/dbimpl/testingDirectory/testFileModulePerformance610
Sep 26, 2023 4:20:20 PM edu.yu.dbimpl.file.Page <init>
INFO: Page created with blocksize 50000
Sep 26, 2023 4:20:20 PM edu.yu.dbimpl.file.Page setString
INFO: setString called with offset: 0 and String: Hello, World!610
Sep 26, 2023 4:20:20 PM edu.yu.dbimpl.file.FileMgr append
INFO: append called with filename: testFileModulePerformance611
Sep 26, 2023 4:20:20 PM edu.yu.dbimpl.file.FileMgr append
INFO: Writing to file: src/test/java/edu/yu/dbimpl/testingDirectory/testFileModulePerformance611
Sep 26, 2023 4:20:20 PM edu.yu.dbimpl.file.Page <init>
INFO: Page created with blocksize 50000
Sep 26, 2023 4:20:20 PM edu.yu.dbimpl.file.Page setString
INFO: setString called with offset: 0 and String: Hello, World!611
Sep 26, 2023 4:20:20 PM edu.yu.dbimpl.file.FileMgr append
INFO: append called with filename: testFileModulePerformance612
Sep 26, 2023 4:20:20 PM edu.yu.dbimpl.file.FileMgr append
INFO: Writing to file: src/test/java/edu/yu/dbimpl/testingDirectory/testFileModulePerformance612
Sep 26, 2023 4:20:20 PM edu.yu.dbimpl.file.Page <init>
INFO: Page created with blocksize 50000
Sep 26, 2023 4:20:20 PM edu.yu.dbimpl.file.Page setString
INFO: setString called with offset: 0 and String: Hello, World!612
Sep 26, 2023 4:20:20 PM edu.yu.dbimpl.file.FileMgr append
INFO: append called with filename: testFileModulePerformance613
Sep 26, 2023 4:20:20 PM edu.yu.dbimpl.file.FileMgr append
INFO: Writing to file: src/test/java/edu/yu/dbimpl/testingDirectory/testFileModulePerformance613
Sep 26, 2023 4:20:20 PM edu.yu.dbimpl.file.Page <init>
INFO: Page created with blocksize 50000
Sep 26, 2023 4:20:20 PM edu.yu.dbimpl.file.Page setString
INFO: setString called with offset: 0 and String: Hello, World!613
Sep 26, 2023 4:20:20 PM edu.yu.dbimpl.file.FileMgr append
INFO: append called with filename: testFileModulePerformance614
Sep 26, 2023 4:20:20 PM edu.yu.dbimpl.file.FileMgr append
INFO: Writing to file: src/test/java/edu/yu/dbimpl/testingDirectory/testFileModulePerformance614
Sep 26, 2023 4:20:20 PM edu.yu.dbimpl.file.Page <init>
INFO: Page created with blocksize 50000
Sep 26, 2023 4:20:20 PM edu.yu.dbimpl.file.Page setString
INFO: setString called with offset: 0 and String: Hello, World!614
Sep 26, 2023 4:20:20 PM edu.yu.dbimpl.file.FileMgr append
INFO: append called with filename: testFileModulePerformance615
Sep 26, 2023 4:20:20 PM edu.yu.dbimpl.file.FileMgr append
INFO: Writing to file: src/test/java/edu/yu/dbimpl/testingDirectory/testFileModulePerformance615
Sep 26, 2023 4:20:20 PM edu.yu.dbimpl.file.Page <init>
INFO: Page created with blocksize 50000
Sep 26, 2023 4:20:20 PM edu.yu.dbimpl.file.Page setString
INFO: setString called with offset: 0 and String: Hello, World!615
Sep 26, 2023 4:20:20 PM edu.yu.dbimpl.file.FileMgr append
INFO: append called with filename: testFileModulePerformance616
Sep 26, 2023 4:20:20 PM edu.yu.dbimpl.file.FileMgr append
INFO: Writing to file: src/test/java/edu/yu/dbimpl/testingDirectory/testFileModulePerformance616
Sep 26, 2023 4:20:20 PM edu.yu.dbimpl.file.Page <init>
INFO: Page created with blocksize 50000
Sep 26, 2023 4:20:20 PM edu.yu.dbimpl.file.Page setString
INFO: setString called with offset: 0 and String: Hello, World!616
Sep 26, 2023 4:20:20 PM edu.yu.dbimpl.file.FileMgr append
INFO: append called with filename: testFileModulePerformance617
Sep 26, 2023 4:20:20 PM edu.yu.dbimpl.file.FileMgr append
INFO: Writing to file: src/test/java/edu/yu/dbimpl/testingDirectory/testFileModulePerformance617
Sep 26, 2023 4:20:20 PM edu.yu.dbimpl.file.Page <init>
INFO: Page created with blocksize 50000
Sep 26, 2023 4:20:20 PM edu.yu.dbimpl.file.Page setString
INFO: setString called with offset: 0 and String: Hello, World!617
Sep 26, 2023 4:20:20 PM edu.yu.dbimpl.file.FileMgr append
INFO: append called with filename: testFileModulePerformance618
Sep 26, 2023 4:20:20 PM edu.yu.dbimpl.file.FileMgr append
INFO: Writing to file: src/test/java/edu/yu/dbimpl/testingDirectory/testFileModulePerformance618
Sep 26, 2023 4:20:20 PM edu.yu.dbimpl.file.Page <init>
INFO: Page created with blocksize 50000
Sep 26, 2023 4:20:20 PM edu.yu.dbimpl.file.Page setString
INFO: setString called with offset: 0 and String: Hello, World!618
Sep 26, 2023 4:20:20 PM edu.yu.dbimpl.file.FileMgr append
INFO: append called with filename: testFileModulePerformance619
Sep 26, 2023 4:20:20 PM edu.yu.dbimpl.file.FileMgr append
INFO: Writing to file: src/test/java/edu/yu/dbimpl/testingDirectory/testFileModulePerformance619
Sep 26, 2023 4:20:20 PM edu.yu.dbimpl.file.Page <init>
INFO: Page created with blocksize 50000
Sep 26, 2023 4:20:20 PM edu.yu.dbimpl.file.Page setString
INFO: setString called with offset: 0 and String: Hello, World!619
Sep 26, 2023 4:20:20 PM edu.yu.dbimpl.file.FileMgr append
INFO: append called with filename: testFileModulePerformance620
Sep 26, 2023 4:20:20 PM edu.yu.dbimpl.file.FileMgr append
INFO: Writing to file: src/test/java/edu/yu/dbimpl/testingDirectory/testFileModulePerformance620
Sep 26, 2023 4:20:20 PM edu.yu.dbimpl.file.Page <init>
INFO: Page created with blocksize 50000
Sep 26, 2023 4:20:20 PM edu.yu.dbimpl.file.Page setString
INFO: setString called with offset: 0 and String: Hello, World!620
Sep 26, 2023 4:20:20 PM edu.yu.dbimpl.file.FileMgr append
INFO: append called with filename: testFileModulePerformance621
Sep 26, 2023 4:20:20 PM edu.yu.dbimpl.file.FileMgr append
INFO: Writing to file: src/test/java/edu/yu/dbimpl/testingDirectory/testFileModulePerformance621
Sep 26, 2023 4:20:20 PM edu.yu.dbimpl.file.Page <init>
INFO: Page created with blocksize 50000
Sep 26, 2023 4:20:20 PM edu.yu.dbimpl.file.Page setString
INFO: setString called with offset: 0 and String: Hello, World!621
Sep 26, 2023 4:20:20 PM edu.yu.dbimpl.file.FileMgr append
INFO: append called with filename: testFileModulePerformance622
Sep 26, 2023 4:20:20 PM edu.yu.dbimpl.file.FileMgr append
INFO: Writing to file: src/test/java/edu/yu/dbimpl/testingDirectory/testFileModulePerformance622
Sep 26, 2023 4:20:20 PM edu.yu.dbimpl.file.Page <init>
INFO: Page created with blocksize 50000
Sep 26, 2023 4:20:20 PM edu.yu.dbimpl.file.Page setString
INFO: setString called with offset: 0 and String: Hello, World!622
Sep 26, 2023 4:20:20 PM edu.yu.dbimpl.file.FileMgr append
INFO: append called with filename: testFileModulePerformance623
Sep 26, 2023 4:20:20 PM edu.yu.dbimpl.file.FileMgr append
INFO: Writing to file: src/test/java/edu/yu/dbimpl/testingDirectory/testFileModulePerformance623
Sep 26, 2023 4:20:20 PM edu.yu.dbimpl.file.Page <init>
INFO: Page created with blocksize 50000
Sep 26, 2023 4:20:20 PM edu.yu.dbimpl.file.Page setString
INFO: setString called with offset: 0 and String: Hello, World!623
Sep 26, 2023 4:20:20 PM edu.yu.dbimpl.file.FileMgr append
INFO: append called with filename: testFileModulePerformance624
Sep 26, 2023 4:20:20 PM edu.yu.dbimpl.file.FileMgr append
INFO: Writing to file: src/test/java/edu/yu/dbimpl/testingDirectory/testFileModulePerformance624
Sep 26, 2023 4:20:20 PM edu.yu.dbimpl.file.Page <init>
INFO: Page created with blocksize 50000
Sep 26, 2023 4:20:20 PM edu.yu.dbimpl.file.Page setString
INFO: setString called with offset: 0 and String: Hello, World!624
Sep 26, 2023 4:20:20 PM edu.yu.dbimpl.file.FileMgr append
INFO: append called with filename: testFileModulePerformance625
Sep 26, 2023 4:20:20 PM edu.yu.dbimpl.file.FileMgr append
INFO: Writing to file: src/test/java/edu/yu/dbimpl/testingDirectory/testFileModulePerformance625
Sep 26, 2023 4:20:20 PM edu.yu.dbimpl.file.Page <init>
INFO: Page created with blocksize 50000
Sep 26, 2023 4:20:20 PM edu.yu.dbimpl.file.Page setString
INFO: setString called with offset: 0 and String: Hello, World!625
Sep 26, 2023 4:20:20 PM edu.yu.dbimpl.file.FileMgr append
INFO: append called with filename: testFileModulePerformance626
Sep 26, 2023 4:20:20 PM edu.yu.dbimpl.file.FileMgr append
INFO: Writing to file: src/test/java/edu/yu/dbimpl/testingDirectory/testFileModulePerformance626
Sep 26, 2023 4:20:20 PM edu.yu.dbimpl.file.Page <init>
INFO: Page created with blocksize 50000
Sep 26, 2023 4:20:20 PM edu.yu.dbimpl.file.Page setString
INFO: setString called with offset: 0 and String: Hello, World!626
Sep 26, 2023 4:20:20 PM edu.yu.dbimpl.file.FileMgr append
INFO: append called with filename: testFileModulePerformance627
Sep 26, 2023 4:20:20 PM edu.yu.dbimpl.file.FileMgr append
INFO: Writing to file: src/test/java/edu/yu/dbimpl/testingDirectory/testFileModulePerformance627
Sep 26, 2023 4:20:20 PM edu.yu.dbimpl.file.Page <init>
INFO: Page created with blocksize 50000
Sep 26, 2023 4:20:20 PM edu.yu.dbimpl.file.Page setString
INFO: setString called with offset: 0 and String: Hello, World!627
Sep 26, 2023 4:20:20 PM edu.yu.dbimpl.file.FileMgr append
INFO: append called with filename: testFileModulePerformance628
Sep 26, 2023 4:20:20 PM edu.yu.dbimpl.file.FileMgr append
INFO: Writing to file: src/test/java/edu/yu/dbimpl/testingDirectory/testFileModulePerformance628
Sep 26, 2023 4:20:20 PM edu.yu.dbimpl.file.Page <init>
INFO: Page created with blocksize 50000
Sep 26, 2023 4:20:20 PM edu.yu.dbimpl.file.Page setString
INFO: setString called with offset: 0 and String: Hello, World!628
Sep 26, 2023 4:20:20 PM edu.yu.dbimpl.file.FileMgr append
INFO: append called with filename: testFileModulePerformance629
Sep 26, 2023 4:20:20 PM edu.yu.dbimpl.file.FileMgr append
INFO: Writing to file: src/test/java/edu/yu/dbimpl/testingDirectory/testFileModulePerformance629
Sep 26, 2023 4:20:20 PM edu.yu.dbimpl.file.Page <init>
INFO: Page created with blocksize 50000
Sep 26, 2023 4:20:20 PM edu.yu.dbimpl.file.Page setString
INFO: setString called with offset: 0 and String: Hello, World!629
Sep 26, 2023 4:20:20 PM edu.yu.dbimpl.file.FileMgr append
INFO: append called with filename: testFileModulePerformance630
Sep 26, 2023 4:20:20 PM edu.yu.dbimpl.file.FileMgr append
INFO: Writing to file: src/test/java/edu/yu/dbimpl/testingDirectory/testFileModulePerformance630
Sep 26, 2023 4:20:20 PM edu.yu.dbimpl.file.Page <init>
INFO: Page created with blocksize 50000
Sep 26, 2023 4:20:20 PM edu.yu.dbimpl.file.Page setString
INFO: setString called with offset: 0 and String: Hello, World!630
Sep 26, 2023 4:20:20 PM edu.yu.dbimpl.file.FileMgr append
INFO: append called with filename: testFileModulePerformance631
Sep 26, 2023 4:20:20 PM edu.yu.dbimpl.file.FileMgr append
INFO: Writing to file: src/test/java/edu/yu/dbimpl/testingDirectory/testFileModulePerformance631
Sep 26, 2023 4:20:20 PM edu.yu.dbimpl.file.Page <init>
INFO: Page created with blocksize 50000
Sep 26, 2023 4:20:20 PM edu.yu.dbimpl.file.Page setString
INFO: setString called with offset: 0 and String: Hello, World!631
Sep 26, 2023 4:20:20 PM edu.yu.dbimpl.file.FileMgr append
INFO: append called with filename: testFileModulePerformance632
Sep 26, 2023 4:20:20 PM edu.yu.dbimpl.file.FileMgr append
INFO: Writing to file: src/test/java/edu/yu/dbimpl/testingDirectory/testFileModulePerformance632
Sep 26, 2023 4:20:20 PM edu.yu.dbimpl.file.Page <init>
INFO: Page created with blocksize 50000
Sep 26, 2023 4:20:20 PM edu.yu.dbimpl.file.Page setString
INFO: setString called with offset: 0 and String: Hello, World!632
Sep 26, 2023 4:20:20 PM edu.yu.dbimpl.file.FileMgr append
INFO: append called with filename: testFileModulePerformance633
Sep 26, 2023 4:20:20 PM edu.yu.dbimpl.file.FileMgr append
INFO: Writing to file: src/test/java/edu/yu/dbimpl/testingDirectory/testFileModulePerformance633
Sep 26, 2023 4:20:20 PM edu.yu.dbimpl.file.Page <init>
INFO: Page created with blocksize 50000
Sep 26, 2023 4:20:20 PM edu.yu.dbimpl.file.Page setString
INFO: setString called with offset: 0 and String: Hello, World!633
Sep 26, 2023 4:20:20 PM edu.yu.dbimpl.file.FileMgr append
INFO: append called with filename: testFileModulePerformance634
Sep 26, 2023 4:20:20 PM edu.yu.dbimpl.file.FileMgr append
INFO: Writing to file: src/test/java/edu/yu/dbimpl/testingDirectory/testFileModulePerformance634
Sep 26, 2023 4:20:20 PM edu.yu.dbimpl.file.Page <init>
INFO: Page created with blocksize 50000
Sep 26, 2023 4:20:20 PM edu.yu.dbimpl.file.Page setString
INFO: setString called with offset: 0 and String: Hello, World!634
Sep 26, 2023 4:20:20 PM edu.yu.dbimpl.file.FileMgr append
INFO: append called with filename: testFileModulePerformance635
Sep 26, 2023 4:20:20 PM edu.yu.dbimpl.file.FileMgr append
INFO: Writing to file: src/test/java/edu/yu/dbimpl/testingDirectory/testFileModulePerformance635
Sep 26, 2023 4:20:20 PM edu.yu.dbimpl.file.Page <init>
INFO: Page created with blocksize 50000
Sep 26, 2023 4:20:20 PM edu.yu.dbimpl.file.Page setString
INFO: setString called with offset: 0 and String: Hello, World!635
Sep 26, 2023 4:20:20 PM edu.yu.dbimpl.file.FileMgr append
INFO: append called with filename: testFileModulePerformance636
Sep 26, 2023 4:20:20 PM edu.yu.dbimpl.file.FileMgr append
INFO: Writing to file: src/test/java/edu/yu/dbimpl/testingDirectory/testFileModulePerformance636
Sep 26, 2023 4:20:20 PM edu.yu.dbimpl.file.Page <init>
INFO: Page created with blocksize 50000
Sep 26, 2023 4:20:20 PM edu.yu.dbimpl.file.Page setString
INFO: setString called with offset: 0 and String: Hello, World!636
Sep 26, 2023 4:20:20 PM edu.yu.dbimpl.file.FileMgr append
INFO: append called with filename: testFileModulePerformance637
Sep 26, 2023 4:20:20 PM edu.yu.dbimpl.file.FileMgr append
INFO: Writing to file: src/test/java/edu/yu/dbimpl/testingDirectory/testFileModulePerformance637
Sep 26, 2023 4:20:20 PM edu.yu.dbimpl.file.Page <init>
INFO: Page created with blocksize 50000
Sep 26, 2023 4:20:20 PM edu.yu.dbimpl.file.Page setString
INFO: setString called with offset: 0 and String: Hello, World!637
Sep 26, 2023 4:20:20 PM edu.yu.dbimpl.file.FileMgr append
INFO: append called with filename: testFileModulePerformance638
Sep 26, 2023 4:20:20 PM edu.yu.dbimpl.file.FileMgr append
INFO: Writing to file: src/test/java/edu/yu/dbimpl/testingDirectory/testFileModulePerformance638
Sep 26, 2023 4:20:20 PM edu.yu.dbimpl.file.Page <init>
INFO: Page created with blocksize 50000
Sep 26, 2023 4:20:20 PM edu.yu.dbimpl.file.Page setString
INFO: setString called with offset: 0 and String: Hello, World!638
Sep 26, 2023 4:20:20 PM edu.yu.dbimpl.file.FileMgr append
INFO: append called with filename: testFileModulePerformance639
Sep 26, 2023 4:20:20 PM edu.yu.dbimpl.file.FileMgr append
INFO: Writing to file: src/test/java/edu/yu/dbimpl/testingDirectory/testFileModulePerformance639
Sep 26, 2023 4:20:20 PM edu.yu.dbimpl.file.Page <init>
INFO: Page created with blocksize 50000
Sep 26, 2023 4:20:20 PM edu.yu.dbimpl.file.Page setString
INFO: setString called with offset: 0 and String: Hello, World!639
Sep 26, 2023 4:20:20 PM edu.yu.dbimpl.file.FileMgr append
INFO: append called with filename: testFileModulePerformance640
Sep 26, 2023 4:20:20 PM edu.yu.dbimpl.file.FileMgr append
INFO: Writing to file: src/test/java/edu/yu/dbimpl/testingDirectory/testFileModulePerformance640
Sep 26, 2023 4:20:20 PM edu.yu.dbimpl.file.Page <init>
INFO: Page created with blocksize 50000
Sep 26, 2023 4:20:20 PM edu.yu.dbimpl.file.Page setString
INFO: setString called with offset: 0 and String: Hello, World!640
Sep 26, 2023 4:20:20 PM edu.yu.dbimpl.file.FileMgr append
INFO: append called with filename: testFileModulePerformance641
Sep 26, 2023 4:20:20 PM edu.yu.dbimpl.file.FileMgr append
INFO: Writing to file: src/test/java/edu/yu/dbimpl/testingDirectory/testFileModulePerformance641
Sep 26, 2023 4:20:20 PM edu.yu.dbimpl.file.Page <init>
INFO: Page created with blocksize 50000
Sep 26, 2023 4:20:20 PM edu.yu.dbimpl.file.Page setString
INFO: setString called with offset: 0 and String: Hello, World!641
Sep 26, 2023 4:20:20 PM edu.yu.dbimpl.file.FileMgr append
INFO: append called with filename: testFileModulePerformance642
Sep 26, 2023 4:20:20 PM edu.yu.dbimpl.file.FileMgr append
INFO: Writing to file: src/test/java/edu/yu/dbimpl/testingDirectory/testFileModulePerformance642
Sep 26, 2023 4:20:20 PM edu.yu.dbimpl.file.Page <init>
INFO: Page created with blocksize 50000
Sep 26, 2023 4:20:20 PM edu.yu.dbimpl.file.Page setString
INFO: setString called with offset: 0 and String: Hello, World!642
Sep 26, 2023 4:20:20 PM edu.yu.dbimpl.file.FileMgr append
INFO: append called with filename: testFileModulePerformance643
Sep 26, 2023 4:20:20 PM edu.yu.dbimpl.file.FileMgr append
INFO: Writing to file: src/test/java/edu/yu/dbimpl/testingDirectory/testFileModulePerformance643
Sep 26, 2023 4:20:20 PM edu.yu.dbimpl.file.Page <init>
INFO: Page created with blocksize 50000
Sep 26, 2023 4:20:20 PM edu.yu.dbimpl.file.Page setString
INFO: setString called with offset: 0 and String: Hello, World!643
Sep 26, 2023 4:20:20 PM edu.yu.dbimpl.file.FileMgr append
INFO: append called with filename: testFileModulePerformance644
Sep 26, 2023 4:20:20 PM edu.yu.dbimpl.file.FileMgr append
INFO: Writing to file: src/test/java/edu/yu/dbimpl/testingDirectory/testFileModulePerformance644
Sep 26, 2023 4:20:20 PM edu.yu.dbimpl.file.Page <init>
INFO: Page created with blocksize 50000
Sep 26, 2023 4:20:20 PM edu.yu.dbimpl.file.Page setString
INFO: setString called with offset: 0 and String: Hello, World!644
Sep 26, 2023 4:20:20 PM edu.yu.dbimpl.file.FileMgr append
INFO: append called with filename: testFileModulePerformance645
Sep 26, 2023 4:20:20 PM edu.yu.dbimpl.file.FileMgr append
INFO: Writing to file: src/test/java/edu/yu/dbimpl/testingDirectory/testFileModulePerformance645
Sep 26, 2023 4:20:20 PM edu.yu.dbimpl.file.Page <init>
INFO: Page created with blocksize 50000
Sep 26, 2023 4:20:20 PM edu.yu.dbimpl.file.Page setString
INFO: setString called with offset: 0 and String: Hello, World!645
Sep 26, 2023 4:20:20 PM edu.yu.dbimpl.file.FileMgr append
INFO: append called with filename: testFileModulePerformance646
Sep 26, 2023 4:20:20 PM edu.yu.dbimpl.file.FileMgr append
INFO: Writing to file: src/test/java/edu/yu/dbimpl/testingDirectory/testFileModulePerformance646
Sep 26, 2023 4:20:20 PM edu.yu.dbimpl.file.Page <init>
INFO: Page created with blocksize 50000
Sep 26, 2023 4:20:20 PM edu.yu.dbimpl.file.Page setString
INFO: setString called with offset: 0 and String: Hello, World!646
Sep 26, 2023 4:20:20 PM edu.yu.dbimpl.file.FileMgr append
INFO: append called with filename: testFileModulePerformance647
Sep 26, 2023 4:20:20 PM edu.yu.dbimpl.file.FileMgr append
INFO: Writing to file: src/test/java/edu/yu/dbimpl/testingDirectory/testFileModulePerformance647
Sep 26, 2023 4:20:20 PM edu.yu.dbimpl.file.Page <init>
INFO: Page created with blocksize 50000
Sep 26, 2023 4:20:20 PM edu.yu.dbimpl.file.Page setString
INFO: setString called with offset: 0 and String: Hello, World!647
Sep 26, 2023 4:20:20 PM edu.yu.dbimpl.file.FileMgr append
INFO: append called with filename: testFileModulePerformance648
Sep 26, 2023 4:20:20 PM edu.yu.dbimpl.file.FileMgr append
INFO: Writing to file: src/test/java/edu/yu/dbimpl/testingDirectory/testFileModulePerformance648
Sep 26, 2023 4:20:20 PM edu.yu.dbimpl.file.Page <init>
INFO: Page created with blocksize 50000
Sep 26, 2023 4:20:20 PM edu.yu.dbimpl.file.Page setString
INFO: setString called with offset: 0 and String: Hello, World!648
Sep 26, 2023 4:20:20 PM edu.yu.dbimpl.file.FileMgr append
INFO: append called with filename: testFileModulePerformance649
Sep 26, 2023 4:20:20 PM edu.yu.dbimpl.file.FileMgr append
INFO: Writing to file: src/test/java/edu/yu/dbimpl/testingDirectory/testFileModulePerformance649
Sep 26, 2023 4:20:20 PM edu.yu.dbimpl.file.Page <init>
INFO: Page created with blocksize 50000
Sep 26, 2023 4:20:20 PM edu.yu.dbimpl.file.Page setString
INFO: setString called with offset: 0 and String: Hello, World!649
Sep 26, 2023 4:20:20 PM edu.yu.dbimpl.file.FileMgr append
INFO: append called with filename: testFileModulePerformance650
Sep 26, 2023 4:20:20 PM edu.yu.dbimpl.file.FileMgr append
INFO: Writing to file: src/test/java/edu/yu/dbimpl/testingDirectory/testFileModulePerformance650
Sep 26, 2023 4:20:20 PM edu.yu.dbimpl.file.Page <init>
INFO: Page created with blocksize 50000
Sep 26, 2023 4:20:20 PM edu.yu.dbimpl.file.Page setString
INFO: setString called with offset: 0 and String: Hello, World!650
Sep 26, 2023 4:20:20 PM edu.yu.dbimpl.file.FileMgr append
INFO: append called with filename: testFileModulePerformance651
Sep 26, 2023 4:20:20 PM edu.yu.dbimpl.file.FileMgr append
INFO: Writing to file: src/test/java/edu/yu/dbimpl/testingDirectory/testFileModulePerformance651
Sep 26, 2023 4:20:20 PM edu.yu.dbimpl.file.Page <init>
INFO: Page created with blocksize 50000
Sep 26, 2023 4:20:20 PM edu.yu.dbimpl.file.Page setString
INFO: setString called with offset: 0 and String: Hello, World!651
Sep 26, 2023 4:20:20 PM edu.yu.dbimpl.file.FileMgr append
INFO: append called with filename: testFileModulePerformance652
Sep 26, 2023 4:20:20 PM edu.yu.dbimpl.file.FileMgr append
INFO: Writing to file: src/test/java/edu/yu/dbimpl/testingDirectory/testFileModulePerformance652
Sep 26, 2023 4:20:20 PM edu.yu.dbimpl.file.Page <init>
INFO: Page created with blocksize 50000
Sep 26, 2023 4:20:20 PM edu.yu.dbimpl.file.Page setString
INFO: setString called with offset: 0 and String: Hello, World!652
Sep 26, 2023 4:20:20 PM edu.yu.dbimpl.file.FileMgr append
INFO: append called with filename: testFileModulePerformance653
Sep 26, 2023 4:20:20 PM edu.yu.dbimpl.file.FileMgr append
INFO: Writing to file: src/test/java/edu/yu/dbimpl/testingDirectory/testFileModulePerformance653
Sep 26, 2023 4:20:20 PM edu.yu.dbimpl.file.Page <init>
INFO: Page created with blocksize 50000
Sep 26, 2023 4:20:20 PM edu.yu.dbimpl.file.Page setString
INFO: setString called with offset: 0 and String: Hello, World!653
Sep 26, 2023 4:20:20 PM edu.yu.dbimpl.file.FileMgr append
INFO: append called with filename: testFileModulePerformance654
Sep 26, 2023 4:20:20 PM edu.yu.dbimpl.file.FileMgr append
INFO: Writing to file: src/test/java/edu/yu/dbimpl/testingDirectory/testFileModulePerformance654
Sep 26, 2023 4:20:20 PM edu.yu.dbimpl.file.Page <init>
INFO: Page created with blocksize 50000
Sep 26, 2023 4:20:20 PM edu.yu.dbimpl.file.Page setString
INFO: setString called with offset: 0 and String: Hello, World!654
Sep 26, 2023 4:20:20 PM edu.yu.dbimpl.file.FileMgr append
INFO: append called with filename: testFileModulePerformance655
Sep 26, 2023 4:20:20 PM edu.yu.dbimpl.file.FileMgr append
INFO: Writing to file: src/test/java/edu/yu/dbimpl/testingDirectory/testFileModulePerformance655
Sep 26, 2023 4:20:20 PM edu.yu.dbimpl.file.Page <init>
INFO: Page created with blocksize 50000
Sep 26, 2023 4:20:20 PM edu.yu.dbimpl.file.Page setString
INFO: setString called with offset: 0 and String: Hello, World!655
Sep 26, 2023 4:20:20 PM edu.yu.dbimpl.file.FileMgr append
INFO: append called with filename: testFileModulePerformance656
Sep 26, 2023 4:20:20 PM edu.yu.dbimpl.file.FileMgr append
INFO: Writing to file: src/test/java/edu/yu/dbimpl/testingDirectory/testFileModulePerformance656
Sep 26, 2023 4:20:20 PM edu.yu.dbimpl.file.Page <init>
INFO: Page created with blocksize 50000
Sep 26, 2023 4:20:20 PM edu.yu.dbimpl.file.Page setString
INFO: setString called with offset: 0 and String: Hello, World!656
Sep 26, 2023 4:20:20 PM edu.yu.dbimpl.file.FileMgr append
INFO: append called with filename: testFileModulePerformance657
Sep 26, 2023 4:20:20 PM edu.yu.dbimpl.file.FileMgr append
INFO: Writing to file: src/test/java/edu/yu/dbimpl/testingDirectory/testFileModulePerformance657
Sep 26, 2023 4:20:20 PM edu.yu.dbimpl.file.Page <init>
INFO: Page created with blocksize 50000
Sep 26, 2023 4:20:20 PM edu.yu.dbimpl.file.Page setString
INFO: setString called with offset: 0 and String: Hello, World!657
Sep 26, 2023 4:20:20 PM edu.yu.dbimpl.file.FileMgr append
INFO: append called with filename: testFileModulePerformance658
Sep 26, 2023 4:20:20 PM edu.yu.dbimpl.file.FileMgr append
INFO: Writing to file: src/test/java/edu/yu/dbimpl/testingDirectory/testFileModulePerformance658
Sep 26, 2023 4:20:20 PM edu.yu.dbimpl.file.Page <init>
INFO: Page created with blocksize 50000
Sep 26, 2023 4:20:20 PM edu.yu.dbimpl.file.Page setString
INFO: setString called with offset: 0 and String: Hello, World!658
Sep 26, 2023 4:20:20 PM edu.yu.dbimpl.file.FileMgr append
INFO: append called with filename: testFileModulePerformance659
Sep 26, 2023 4:20:20 PM edu.yu.dbimpl.file.FileMgr append
INFO: Writing to file: src/test/java/edu/yu/dbimpl/testingDirectory/testFileModulePerformance659
Sep 26, 2023 4:20:20 PM edu.yu.dbimpl.file.Page <init>
INFO: Page created with blocksize 50000
Sep 26, 2023 4:20:20 PM edu.yu.dbimpl.file.Page setString
INFO: setString called with offset: 0 and String: Hello, World!659
Sep 26, 2023 4:20:20 PM edu.yu.dbimpl.file.FileMgr append
INFO: append called with filename: testFileModulePerformance660
Sep 26, 2023 4:20:20 PM edu.yu.dbimpl.file.FileMgr append
INFO: Writing to file: src/test/java/edu/yu/dbimpl/testingDirectory/testFileModulePerformance660
Sep 26, 2023 4:20:20 PM edu.yu.dbimpl.file.Page <init>
INFO: Page created with blocksize 50000
Sep 26, 2023 4:20:20 PM edu.yu.dbimpl.file.Page setString
INFO: setString called with offset: 0 and String: Hello, World!660
Sep 26, 2023 4:20:20 PM edu.yu.dbimpl.file.FileMgr append
INFO: append called with filename: testFileModulePerformance661
Sep 26, 2023 4:20:20 PM edu.yu.dbimpl.file.FileMgr append
INFO: Writing to file: src/test/java/edu/yu/dbimpl/testingDirectory/testFileModulePerformance661
Sep 26, 2023 4:20:20 PM edu.yu.dbimpl.file.Page <init>
INFO: Page created with blocksize 50000
Sep 26, 2023 4:20:20 PM edu.yu.dbimpl.file.Page setString
INFO: setString called with offset: 0 and String: Hello, World!661
Sep 26, 2023 4:20:20 PM edu.yu.dbimpl.file.FileMgr append
INFO: append called with filename: testFileModulePerformance662
Sep 26, 2023 4:20:20 PM edu.yu.dbimpl.file.FileMgr append
INFO: Writing to file: src/test/java/edu/yu/dbimpl/testingDirectory/testFileModulePerformance662
Sep 26, 2023 4:20:20 PM edu.yu.dbimpl.file.Page <init>
INFO: Page created with blocksize 50000
Sep 26, 2023 4:20:20 PM edu.yu.dbimpl.file.Page setString
INFO: setString called with offset: 0 and String: Hello, World!662
Sep 26, 2023 4:20:20 PM edu.yu.dbimpl.file.FileMgr append
INFO: append called with filename: testFileModulePerformance663
Sep 26, 2023 4:20:20 PM edu.yu.dbimpl.file.FileMgr append
INFO: Writing to file: src/test/java/edu/yu/dbimpl/testingDirectory/testFileModulePerformance663
Sep 26, 2023 4:20:20 PM edu.yu.dbimpl.file.Page <init>
INFO: Page created with blocksize 50000
Sep 26, 2023 4:20:20 PM edu.yu.dbimpl.file.Page setString
INFO: setString called with offset: 0 and String: Hello, World!663
Sep 26, 2023 4:20:20 PM edu.yu.dbimpl.file.FileMgr append
INFO: append called with filename: testFileModulePerformance664
Sep 26, 2023 4:20:20 PM edu.yu.dbimpl.file.FileMgr append
INFO: Writing to file: src/test/java/edu/yu/dbimpl/testingDirectory/testFileModulePerformance664
Sep 26, 2023 4:20:20 PM edu.yu.dbimpl.file.Page <init>
INFO: Page created with blocksize 50000
Sep 26, 2023 4:20:20 PM edu.yu.dbimpl.file.Page setString
INFO: setString called with offset: 0 and String: Hello, World!664
Sep 26, 2023 4:20:20 PM edu.yu.dbimpl.file.FileMgr append
INFO: append called with filename: testFileModulePerformance665
Sep 26, 2023 4:20:20 PM edu.yu.dbimpl.file.FileMgr append
INFO: Writing to file: src/test/java/edu/yu/dbimpl/testingDirectory/testFileModulePerformance665
Sep 26, 2023 4:20:20 PM edu.yu.dbimpl.file.Page <init>
INFO: Page created with blocksize 50000
Sep 26, 2023 4:20:20 PM edu.yu.dbimpl.file.Page setString
INFO: setString called with offset: 0 and String: Hello, World!665
Sep 26, 2023 4:20:20 PM edu.yu.dbimpl.file.FileMgr append
INFO: append called with filename: testFileModulePerformance666
Sep 26, 2023 4:20:20 PM edu.yu.dbimpl.file.FileMgr append
INFO: Writing to file: src/test/java/edu/yu/dbimpl/testingDirectory/testFileModulePerformance666
Sep 26, 2023 4:20:20 PM edu.yu.dbimpl.file.Page <init>
INFO: Page created with blocksize 50000
Sep 26, 2023 4:20:20 PM edu.yu.dbimpl.file.Page setString
INFO: setString called with offset: 0 and String: Hello, World!666
Sep 26, 2023 4:20:20 PM edu.yu.dbimpl.file.FileMgr append
INFO: append called with filename: testFileModulePerformance667
Sep 26, 2023 4:20:20 PM edu.yu.dbimpl.file.FileMgr append
INFO: Writing to file: src/test/java/edu/yu/dbimpl/testingDirectory/testFileModulePerformance667
Sep 26, 2023 4:20:20 PM edu.yu.dbimpl.file.Page <init>
INFO: Page created with blocksize 50000
Sep 26, 2023 4:20:20 PM edu.yu.dbimpl.file.Page setString
INFO: setString called with offset: 0 and String: Hello, World!667
Sep 26, 2023 4:20:20 PM edu.yu.dbimpl.file.FileMgr append
INFO: append called with filename: testFileModulePerformance668
Sep 26, 2023 4:20:20 PM edu.yu.dbimpl.file.FileMgr append
INFO: Writing to file: src/test/java/edu/yu/dbimpl/testingDirectory/testFileModulePerformance668
Sep 26, 2023 4:20:20 PM edu.yu.dbimpl.file.Page <init>
INFO: Page created with blocksize 50000
Sep 26, 2023 4:20:20 PM edu.yu.dbimpl.file.Page setString
INFO: setString called with offset: 0 and String: Hello, World!668
Sep 26, 2023 4:20:20 PM edu.yu.dbimpl.file.FileMgr append
INFO: append called with filename: testFileModulePerformance669
Sep 26, 2023 4:20:20 PM edu.yu.dbimpl.file.FileMgr append
INFO: Writing to file: src/test/java/edu/yu/dbimpl/testingDirectory/testFileModulePerformance669
Sep 26, 2023 4:20:20 PM edu.yu.dbimpl.file.Page <init>
INFO: Page created with blocksize 50000
Sep 26, 2023 4:20:20 PM edu.yu.dbimpl.file.Page setString
INFO: setString called with offset: 0 and String: Hello, World!669
Sep 26, 2023 4:20:20 PM edu.yu.dbimpl.file.FileMgr append
INFO: append called with filename: testFileModulePerformance670
Sep 26, 2023 4:20:20 PM edu.yu.dbimpl.file.FileMgr append
INFO: Writing to file: src/test/java/edu/yu/dbimpl/testingDirectory/testFileModulePerformance670
Sep 26, 2023 4:20:20 PM edu.yu.dbimpl.file.Page <init>
INFO: Page created with blocksize 50000
Sep 26, 2023 4:20:20 PM edu.yu.dbimpl.file.Page setString
INFO: setString called with offset: 0 and String: Hello, World!670
Sep 26, 2023 4:20:20 PM edu.yu.dbimpl.file.FileMgr append
INFO: append called with filename: testFileModulePerformance671
Sep 26, 2023 4:20:20 PM edu.yu.dbimpl.file.FileMgr append
INFO: Writing to file: src/test/java/edu/yu/dbimpl/testingDirectory/testFileModulePerformance671
Sep 26, 2023 4:20:20 PM edu.yu.dbimpl.file.Page <init>
INFO: Page created with blocksize 50000
Sep 26, 2023 4:20:20 PM edu.yu.dbimpl.file.Page setString
INFO: setString called with offset: 0 and String: Hello, World!671
Sep 26, 2023 4:20:20 PM edu.yu.dbimpl.file.FileMgr append
INFO: append called with filename: testFileModulePerformance672
Sep 26, 2023 4:20:20 PM edu.yu.dbimpl.file.FileMgr append
INFO: Writing to file: src/test/java/edu/yu/dbimpl/testingDirectory/testFileModulePerformance672
Sep 26, 2023 4:20:20 PM edu.yu.dbimpl.file.Page <init>
INFO: Page created with blocksize 50000
Sep 26, 2023 4:20:20 PM edu.yu.dbimpl.file.Page setString
INFO: setString called with offset: 0 and String: Hello, World!672
Sep 26, 2023 4:20:20 PM edu.yu.dbimpl.file.FileMgr append
INFO: append called with filename: testFileModulePerformance673
Sep 26, 2023 4:20:20 PM edu.yu.dbimpl.file.FileMgr append
INFO: Writing to file: src/test/java/edu/yu/dbimpl/testingDirectory/testFileModulePerformance673
Sep 26, 2023 4:20:20 PM edu.yu.dbimpl.file.Page <init>
INFO: Page created with blocksize 50000
Sep 26, 2023 4:20:20 PM edu.yu.dbimpl.file.Page setString
INFO: setString called with offset: 0 and String: Hello, World!673
Sep 26, 2023 4:20:20 PM edu.yu.dbimpl.file.FileMgr append
INFO: append called with filename: testFileModulePerformance674
Sep 26, 2023 4:20:20 PM edu.yu.dbimpl.file.FileMgr append
INFO: Writing to file: src/test/java/edu/yu/dbimpl/testingDirectory/testFileModulePerformance674
Sep 26, 2023 4:20:20 PM edu.yu.dbimpl.file.Page <init>
INFO: Page created with blocksize 50000
Sep 26, 2023 4:20:20 PM edu.yu.dbimpl.file.Page setString
INFO: setString called with offset: 0 and String: Hello, World!674
Sep 26, 2023 4:20:20 PM edu.yu.dbimpl.file.FileMgr append
INFO: append called with filename: testFileModulePerformance675
Sep 26, 2023 4:20:20 PM edu.yu.dbimpl.file.FileMgr append
INFO: Writing to file: src/test/java/edu/yu/dbimpl/testingDirectory/testFileModulePerformance675
Sep 26, 2023 4:20:20 PM edu.yu.dbimpl.file.Page <init>
INFO: Page created with blocksize 50000
Sep 26, 2023 4:20:20 PM edu.yu.dbimpl.file.Page setString
INFO: setString called with offset: 0 and String: Hello, World!675
Sep 26, 2023 4:20:20 PM edu.yu.dbimpl.file.FileMgr append
INFO: append called with filename: testFileModulePerformance676
Sep 26, 2023 4:20:20 PM edu.yu.dbimpl.file.FileMgr append
INFO: Writing to file: src/test/java/edu/yu/dbimpl/testingDirectory/testFileModulePerformance676
Sep 26, 2023 4:20:20 PM edu.yu.dbimpl.file.Page <init>
INFO: Page created with blocksize 50000
Sep 26, 2023 4:20:20 PM edu.yu.dbimpl.file.Page setString
INFO: setString called with offset: 0 and String: Hello, World!676
Sep 26, 2023 4:20:20 PM edu.yu.dbimpl.file.FileMgr append
INFO: append called with filename: testFileModulePerformance677
Sep 26, 2023 4:20:20 PM edu.yu.dbimpl.file.FileMgr append
INFO: Writing to file: src/test/java/edu/yu/dbimpl/testingDirectory/testFileModulePerformance677
Sep 26, 2023 4:20:20 PM edu.yu.dbimpl.file.Page <init>
INFO: Page created with blocksize 50000
Sep 26, 2023 4:20:20 PM edu.yu.dbimpl.file.Page setString
INFO: setString called with offset: 0 and String: Hello, World!677
Sep 26, 2023 4:20:20 PM edu.yu.dbimpl.file.FileMgr append
INFO: append called with filename: testFileModulePerformance678
Sep 26, 2023 4:20:20 PM edu.yu.dbimpl.file.FileMgr append
INFO: Writing to file: src/test/java/edu/yu/dbimpl/testingDirectory/testFileModulePerformance678
Sep 26, 2023 4:20:20 PM edu.yu.dbimpl.file.Page <init>
INFO: Page created with blocksize 50000
Sep 26, 2023 4:20:20 PM edu.yu.dbimpl.file.Page setString
INFO: setString called with offset: 0 and String: Hello, World!678
Sep 26, 2023 4:20:20 PM edu.yu.dbimpl.file.FileMgr append
INFO: append called with filename: testFileModulePerformance679
Sep 26, 2023 4:20:20 PM edu.yu.dbimpl.file.FileMgr append
INFO: Writing to file: src/test/java/edu/yu/dbimpl/testingDirectory/testFileModulePerformance679
Sep 26, 2023 4:20:20 PM edu.yu.dbimpl.file.Page <init>
INFO: Page created with blocksize 50000
Sep 26, 2023 4:20:20 PM edu.yu.dbimpl.file.Page setString
INFO: setString called with offset: 0 and String: Hello, World!679
Sep 26, 2023 4:20:20 PM edu.yu.dbimpl.file.FileMgr append
INFO: append called with filename: testFileModulePerformance680
Sep 26, 2023 4:20:20 PM edu.yu.dbimpl.file.FileMgr append
INFO: Writing to file: src/test/java/edu/yu/dbimpl/testingDirectory/testFileModulePerformance680
Sep 26, 2023 4:20:20 PM edu.yu.dbimpl.file.Page <init>
INFO: Page created with blocksize 50000
Sep 26, 2023 4:20:20 PM edu.yu.dbimpl.file.Page setString
INFO: setString called with offset: 0 and String: Hello, World!680
Sep 26, 2023 4:20:20 PM edu.yu.dbimpl.file.FileMgr append
INFO: append called with filename: testFileModulePerformance681
Sep 26, 2023 4:20:20 PM edu.yu.dbimpl.file.FileMgr append
INFO: Writing to file: src/test/java/edu/yu/dbimpl/testingDirectory/testFileModulePerformance681
Sep 26, 2023 4:20:20 PM edu.yu.dbimpl.file.Page <init>
INFO: Page created with blocksize 50000
Sep 26, 2023 4:20:20 PM edu.yu.dbimpl.file.Page setString
INFO: setString called with offset: 0 and String: Hello, World!681
Sep 26, 2023 4:20:20 PM edu.yu.dbimpl.file.FileMgr append
INFO: append called with filename: testFileModulePerformance682
Sep 26, 2023 4:20:20 PM edu.yu.dbimpl.file.FileMgr append
INFO: Writing to file: src/test/java/edu/yu/dbimpl/testingDirectory/testFileModulePerformance682
Sep 26, 2023 4:20:20 PM edu.yu.dbimpl.file.Page <init>
INFO: Page created with blocksize 50000
Sep 26, 2023 4:20:20 PM edu.yu.dbimpl.file.Page setString
INFO: setString called with offset: 0 and String: Hello, World!682
Sep 26, 2023 4:20:20 PM edu.yu.dbimpl.file.FileMgr append
INFO: append called with filename: testFileModulePerformance683
Sep 26, 2023 4:20:20 PM edu.yu.dbimpl.file.FileMgr append
INFO: Writing to file: src/test/java/edu/yu/dbimpl/testingDirectory/testFileModulePerformance683
Sep 26, 2023 4:20:20 PM edu.yu.dbimpl.file.Page <init>
INFO: Page created with blocksize 50000
Sep 26, 2023 4:20:20 PM edu.yu.dbimpl.file.Page setString
INFO: setString called with offset: 0 and String: Hello, World!683
Sep 26, 2023 4:20:20 PM edu.yu.dbimpl.file.FileMgr append
INFO: append called with filename: testFileModulePerformance684
Sep 26, 2023 4:20:20 PM edu.yu.dbimpl.file.FileMgr append
INFO: Writing to file: src/test/java/edu/yu/dbimpl/testingDirectory/testFileModulePerformance684
Sep 26, 2023 4:20:20 PM edu.yu.dbimpl.file.Page <init>
INFO: Page created with blocksize 50000
Sep 26, 2023 4:20:20 PM edu.yu.dbimpl.file.Page setString
INFO: setString called with offset: 0 and String: Hello, World!684
Sep 26, 2023 4:20:20 PM edu.yu.dbimpl.file.FileMgr append
INFO: append called with filename: testFileModulePerformance685
Sep 26, 2023 4:20:20 PM edu.yu.dbimpl.file.FileMgr append
INFO: Writing to file: src/test/java/edu/yu/dbimpl/testingDirectory/testFileModulePerformance685
Sep 26, 2023 4:20:20 PM edu.yu.dbimpl.file.Page <init>
INFO: Page created with blocksize 50000
Sep 26, 2023 4:20:20 PM edu.yu.dbimpl.file.Page setString
INFO: setString called with offset: 0 and String: Hello, World!685
Sep 26, 2023 4:20:20 PM edu.yu.dbimpl.file.FileMgr append
INFO: append called with filename: testFileModulePerformance686
Sep 26, 2023 4:20:20 PM edu.yu.dbimpl.file.FileMgr append
INFO: Writing to file: src/test/java/edu/yu/dbimpl/testingDirectory/testFileModulePerformance686
Sep 26, 2023 4:20:20 PM edu.yu.dbimpl.file.Page <init>
INFO: Page created with blocksize 50000
Sep 26, 2023 4:20:20 PM edu.yu.dbimpl.file.Page setString
INFO: setString called with offset: 0 and String: Hello, World!686
Sep 26, 2023 4:20:20 PM edu.yu.dbimpl.file.FileMgr append
INFO: append called with filename: testFileModulePerformance687
Sep 26, 2023 4:20:20 PM edu.yu.dbimpl.file.FileMgr append
INFO: Writing to file: src/test/java/edu/yu/dbimpl/testingDirectory/testFileModulePerformance687
Sep 26, 2023 4:20:20 PM edu.yu.dbimpl.file.Page <init>
INFO: Page created with blocksize 50000
Sep 26, 2023 4:20:20 PM edu.yu.dbimpl.file.Page setString
INFO: setString called with offset: 0 and String: Hello, World!687
Sep 26, 2023 4:20:20 PM edu.yu.dbimpl.file.FileMgr append
INFO: append called with filename: testFileModulePerformance688
Sep 26, 2023 4:20:20 PM edu.yu.dbimpl.file.FileMgr append
INFO: Writing to file: src/test/java/edu/yu/dbimpl/testingDirectory/testFileModulePerformance688
Sep 26, 2023 4:20:20 PM edu.yu.dbimpl.file.Page <init>
INFO: Page created with blocksize 50000
Sep 26, 2023 4:20:20 PM edu.yu.dbimpl.file.Page setString
INFO: setString called with offset: 0 and String: Hello, World!688
Sep 26, 2023 4:20:20 PM edu.yu.dbimpl.file.FileMgr append
INFO: append called with filename: testFileModulePerformance689
Sep 26, 2023 4:20:20 PM edu.yu.dbimpl.file.FileMgr append
INFO: Writing to file: src/test/java/edu/yu/dbimpl/testingDirectory/testFileModulePerformance689
Sep 26, 2023 4:20:20 PM edu.yu.dbimpl.file.Page <init>
INFO: Page created with blocksize 50000
Sep 26, 2023 4:20:20 PM edu.yu.dbimpl.file.Page setString
INFO: setString called with offset: 0 and String: Hello, World!689
Sep 26, 2023 4:20:20 PM edu.yu.dbimpl.file.FileMgr append
INFO: append called with filename: testFileModulePerformance690
Sep 26, 2023 4:20:20 PM edu.yu.dbimpl.file.FileMgr append
INFO: Writing to file: src/test/java/edu/yu/dbimpl/testingDirectory/testFileModulePerformance690
Sep 26, 2023 4:20:20 PM edu.yu.dbimpl.file.Page <init>
INFO: Page created with blocksize 50000
Sep 26, 2023 4:20:20 PM edu.yu.dbimpl.file.Page setString
INFO: setString called with offset: 0 and String: Hello, World!690
Sep 26, 2023 4:20:20 PM edu.yu.dbimpl.file.FileMgr append
INFO: append called with filename: testFileModulePerformance691
Sep 26, 2023 4:20:20 PM edu.yu.dbimpl.file.FileMgr append
INFO: Writing to file: src/test/java/edu/yu/dbimpl/testingDirectory/testFileModulePerformance691
Sep 26, 2023 4:20:20 PM edu.yu.dbimpl.file.Page <init>
INFO: Page created with blocksize 50000
Sep 26, 2023 4:20:20 PM edu.yu.dbimpl.file.Page setString
INFO: setString called with offset: 0 and String: Hello, World!691
Sep 26, 2023 4:20:20 PM edu.yu.dbimpl.file.FileMgr append
INFO: append called with filename: testFileModulePerformance692
Sep 26, 2023 4:20:20 PM edu.yu.dbimpl.file.FileMgr append
INFO: Writing to file: src/test/java/edu/yu/dbimpl/testingDirectory/testFileModulePerformance692
Sep 26, 2023 4:20:20 PM edu.yu.dbimpl.file.Page <init>
INFO: Page created with blocksize 50000
Sep 26, 2023 4:20:20 PM edu.yu.dbimpl.file.Page setString
INFO: setString called with offset: 0 and String: Hello, World!692
Sep 26, 2023 4:20:20 PM edu.yu.dbimpl.file.FileMgr append
INFO: append called with filename: testFileModulePerformance693
Sep 26, 2023 4:20:20 PM edu.yu.dbimpl.file.FileMgr append
INFO: Writing to file: src/test/java/edu/yu/dbimpl/testingDirectory/testFileModulePerformance693
Sep 26, 2023 4:20:20 PM edu.yu.dbimpl.file.Page <init>
INFO: Page created with blocksize 50000
Sep 26, 2023 4:20:20 PM edu.yu.dbimpl.file.Page setString
INFO: setString called with offset: 0 and String: Hello, World!693
Sep 26, 2023 4:20:20 PM edu.yu.dbimpl.file.FileMgr append
INFO: append called with filename: testFileModulePerformance694
Sep 26, 2023 4:20:20 PM edu.yu.dbimpl.file.FileMgr append
INFO: Writing to file: src/test/java/edu/yu/dbimpl/testingDirectory/testFileModulePerformance694
Sep 26, 2023 4:20:20 PM edu.yu.dbimpl.file.Page <init>
INFO: Page created with blocksize 50000
Sep 26, 2023 4:20:20 PM edu.yu.dbimpl.file.Page setString
INFO: setString called with offset: 0 and String: Hello, World!694
Sep 26, 2023 4:20:20 PM edu.yu.dbimpl.file.FileMgr append
INFO: append called with filename: testFileModulePerformance695
Sep 26, 2023 4:20:20 PM edu.yu.dbimpl.file.FileMgr append
INFO: Writing to file: src/test/java/edu/yu/dbimpl/testingDirectory/testFileModulePerformance695
Sep 26, 2023 4:20:20 PM edu.yu.dbimpl.file.Page <init>
INFO: Page created with blocksize 50000
Sep 26, 2023 4:20:20 PM edu.yu.dbimpl.file.Page setString
INFO: setString called with offset: 0 and String: Hello, World!695
Sep 26, 2023 4:20:20 PM edu.yu.dbimpl.file.FileMgr append
INFO: append called with filename: testFileModulePerformance696
Sep 26, 2023 4:20:20 PM edu.yu.dbimpl.file.FileMgr append
INFO: Writing to file: src/test/java/edu/yu/dbimpl/testingDirectory/testFileModulePerformance696
Sep 26, 2023 4:20:20 PM edu.yu.dbimpl.file.Page <init>
INFO: Page created with blocksize 50000
Sep 26, 2023 4:20:20 PM edu.yu.dbimpl.file.Page setString
INFO: setString called with offset: 0 and String: Hello, World!696
Sep 26, 2023 4:20:20 PM edu.yu.dbimpl.file.FileMgr append
INFO: append called with filename: testFileModulePerformance697
Sep 26, 2023 4:20:20 PM edu.yu.dbimpl.file.FileMgr append
INFO: Writing to file: src/test/java/edu/yu/dbimpl/testingDirectory/testFileModulePerformance697
Sep 26, 2023 4:20:20 PM edu.yu.dbimpl.file.Page <init>
INFO: Page created with blocksize 50000
Sep 26, 2023 4:20:20 PM edu.yu.dbimpl.file.Page setString
INFO: setString called with offset: 0 and String: Hello, World!697
Sep 26, 2023 4:20:20 PM edu.yu.dbimpl.file.FileMgr append
INFO: append called with filename: testFileModulePerformance698
Sep 26, 2023 4:20:20 PM edu.yu.dbimpl.file.FileMgr append
INFO: Writing to file: src/test/java/edu/yu/dbimpl/testingDirectory/testFileModulePerformance698
Sep 26, 2023 4:20:20 PM edu.yu.dbimpl.file.Page <init>
INFO: Page created with blocksize 50000
Sep 26, 2023 4:20:20 PM edu.yu.dbimpl.file.Page setString
INFO: setString called with offset: 0 and String: Hello, World!698
Sep 26, 2023 4:20:20 PM edu.yu.dbimpl.file.FileMgr append
INFO: append called with filename: testFileModulePerformance699
Sep 26, 2023 4:20:20 PM edu.yu.dbimpl.file.FileMgr append
INFO: Writing to file: src/test/java/edu/yu/dbimpl/testingDirectory/testFileModulePerformance699
Sep 26, 2023 4:20:20 PM edu.yu.dbimpl.file.Page <init>
INFO: Page created with blocksize 50000
Sep 26, 2023 4:20:20 PM edu.yu.dbimpl.file.Page setString
INFO: setString called with offset: 0 and String: Hello, World!699
Sep 26, 2023 4:20:20 PM edu.yu.dbimpl.file.FileMgr append
INFO: append called with filename: testFileModulePerformance700
Sep 26, 2023 4:20:20 PM edu.yu.dbimpl.file.FileMgr append
INFO: Writing to file: src/test/java/edu/yu/dbimpl/testingDirectory/testFileModulePerformance700
Sep 26, 2023 4:20:20 PM edu.yu.dbimpl.file.Page <init>
INFO: Page created with blocksize 50000
Sep 26, 2023 4:20:20 PM edu.yu.dbimpl.file.Page setString
INFO: setString called with offset: 0 and String: Hello, World!700
Sep 26, 2023 4:20:20 PM edu.yu.dbimpl.file.FileMgr append
INFO: append called with filename: testFileModulePerformance701
Sep 26, 2023 4:20:20 PM edu.yu.dbimpl.file.FileMgr append
INFO: Writing to file: src/test/java/edu/yu/dbimpl/testingDirectory/testFileModulePerformance701
Sep 26, 2023 4:20:20 PM edu.yu.dbimpl.file.Page <init>
INFO: Page created with blocksize 50000
Sep 26, 2023 4:20:20 PM edu.yu.dbimpl.file.Page setString
INFO: setString called with offset: 0 and String: Hello, World!701
Sep 26, 2023 4:20:20 PM edu.yu.dbimpl.file.FileMgr append
INFO: append called with filename: testFileModulePerformance702
Sep 26, 2023 4:20:20 PM edu.yu.dbimpl.file.FileMgr append
INFO: Writing to file: src/test/java/edu/yu/dbimpl/testingDirectory/testFileModulePerformance702
Sep 26, 2023 4:20:20 PM edu.yu.dbimpl.file.Page <init>
INFO: Page created with blocksize 50000
Sep 26, 2023 4:20:20 PM edu.yu.dbimpl.file.Page setString
INFO: setString called with offset: 0 and String: Hello, World!702
Sep 26, 2023 4:20:20 PM edu.yu.dbimpl.file.FileMgr append
INFO: append called with filename: testFileModulePerformance703
Sep 26, 2023 4:20:20 PM edu.yu.dbimpl.file.FileMgr append
INFO: Writing to file: src/test/java/edu/yu/dbimpl/testingDirectory/testFileModulePerformance703
Sep 26, 2023 4:20:20 PM edu.yu.dbimpl.file.Page <init>
INFO: Page created with blocksize 50000
Sep 26, 2023 4:20:20 PM edu.yu.dbimpl.file.Page setString
INFO: setString called with offset: 0 and String: Hello, World!703
Sep 26, 2023 4:20:20 PM edu.yu.dbimpl.file.FileMgr append
INFO: append called with filename: testFileModulePerformance704
Sep 26, 2023 4:20:20 PM edu.yu.dbimpl.file.FileMgr append
INFO: Writing to file: src/test/java/edu/yu/dbimpl/testingDirectory/testFileModulePerformance704
Sep 26, 2023 4:20:20 PM edu.yu.dbimpl.file.Page <init>
INFO: Page created with blocksize 50000
Sep 26, 2023 4:20:20 PM edu.yu.dbimpl.file.Page setString
INFO: setString called with offset: 0 and String: Hello, World!704
Sep 26, 2023 4:20:20 PM edu.yu.dbimpl.file.FileMgr append
INFO: append called with filename: testFileModulePerformance705
Sep 26, 2023 4:20:20 PM edu.yu.dbimpl.file.FileMgr append
INFO: Writing to file: src/test/java/edu/yu/dbimpl/testingDirectory/testFileModulePerformance705
Sep 26, 2023 4:20:20 PM edu.yu.dbimpl.file.Page <init>
INFO: Page created with blocksize 50000
Sep 26, 2023 4:20:20 PM edu.yu.dbimpl.file.Page setString
INFO: setString called with offset: 0 and String: Hello, World!705
Sep 26, 2023 4:20:20 PM edu.yu.dbimpl.file.FileMgr append
INFO: append called with filename: testFileModulePerformance706
Sep 26, 2023 4:20:20 PM edu.yu.dbimpl.file.FileMgr append
INFO: Writing to file: src/test/java/edu/yu/dbimpl/testingDirectory/testFileModulePerformance706
Sep 26, 2023 4:20:20 PM edu.yu.dbimpl.file.Page <init>
INFO: Page created with blocksize 50000
Sep 26, 2023 4:20:20 PM edu.yu.dbimpl.file.Page setString
INFO: setString called with offset: 0 and String: Hello, World!706
Sep 26, 2023 4:20:20 PM edu.yu.dbimpl.file.FileMgr append
INFO: append called with filename: testFileModulePerformance707
Sep 26, 2023 4:20:20 PM edu.yu.dbimpl.file.FileMgr append
INFO: Writing to file: src/test/java/edu/yu/dbimpl/testingDirectory/testFileModulePerformance707
Sep 26, 2023 4:20:20 PM edu.yu.dbimpl.file.Page <init>
INFO: Page created with blocksize 50000
Sep 26, 2023 4:20:20 PM edu.yu.dbimpl.file.Page setString
INFO: setString called with offset: 0 and String: Hello, World!707
Sep 26, 2023 4:20:20 PM edu.yu.dbimpl.file.FileMgr append
INFO: append called with filename: testFileModulePerformance708
Sep 26, 2023 4:20:20 PM edu.yu.dbimpl.file.FileMgr append
INFO: Writing to file: src/test/java/edu/yu/dbimpl/testingDirectory/testFileModulePerformance708
Sep 26, 2023 4:20:20 PM edu.yu.dbimpl.file.Page <init>
INFO: Page created with blocksize 50000
Sep 26, 2023 4:20:20 PM edu.yu.dbimpl.file.Page setString
INFO: setString called with offset: 0 and String: Hello, World!708
Sep 26, 2023 4:20:20 PM edu.yu.dbimpl.file.FileMgr append
INFO: append called with filename: testFileModulePerformance709
Sep 26, 2023 4:20:20 PM edu.yu.dbimpl.file.FileMgr append
INFO: Writing to file: src/test/java/edu/yu/dbimpl/testingDirectory/testFileModulePerformance709
Sep 26, 2023 4:20:20 PM edu.yu.dbimpl.file.Page <init>
INFO: Page created with blocksize 50000
Sep 26, 2023 4:20:20 PM edu.yu.dbimpl.file.Page setString
INFO: setString called with offset: 0 and String: Hello, World!709
Sep 26, 2023 4:20:20 PM edu.yu.dbimpl.file.FileMgr append
INFO: append called with filename: testFileModulePerformance710
Sep 26, 2023 4:20:20 PM edu.yu.dbimpl.file.FileMgr append
INFO: Writing to file: src/test/java/edu/yu/dbimpl/testingDirectory/testFileModulePerformance710
Sep 26, 2023 4:20:20 PM edu.yu.dbimpl.file.Page <init>
INFO: Page created with blocksize 50000
Sep 26, 2023 4:20:20 PM edu.yu.dbimpl.file.Page setString
INFO: setString called with offset: 0 and String: Hello, World!710
Sep 26, 2023 4:20:20 PM edu.yu.dbimpl.file.FileMgr append
INFO: append called with filename: testFileModulePerformance711
Sep 26, 2023 4:20:20 PM edu.yu.dbimpl.file.FileMgr append
INFO: Writing to file: src/test/java/edu/yu/dbimpl/testingDirectory/testFileModulePerformance711
Sep 26, 2023 4:20:20 PM edu.yu.dbimpl.file.Page <init>
INFO: Page created with blocksize 50000
Sep 26, 2023 4:20:20 PM edu.yu.dbimpl.file.Page setString
INFO: setString called with offset: 0 and String: Hello, World!711
Sep 26, 2023 4:20:20 PM edu.yu.dbimpl.file.FileMgr append
INFO: append called with filename: testFileModulePerformance712
Sep 26, 2023 4:20:20 PM edu.yu.dbimpl.file.FileMgr append
INFO: Writing to file: src/test/java/edu/yu/dbimpl/testingDirectory/testFileModulePerformance712
Sep 26, 2023 4:20:20 PM edu.yu.dbimpl.file.Page <init>
INFO: Page created with blocksize 50000
Sep 26, 2023 4:20:20 PM edu.yu.dbimpl.file.Page setString
INFO: setString called with offset: 0 and String: Hello, World!712
Sep 26, 2023 4:20:20 PM edu.yu.dbimpl.file.FileMgr append
INFO: append called with filename: testFileModulePerformance713
Sep 26, 2023 4:20:20 PM edu.yu.dbimpl.file.FileMgr append
INFO: Writing to file: src/test/java/edu/yu/dbimpl/testingDirectory/testFileModulePerformance713
Sep 26, 2023 4:20:20 PM edu.yu.dbimpl.file.Page <init>
INFO: Page created with blocksize 50000
Sep 26, 2023 4:20:20 PM edu.yu.dbimpl.file.Page setString
INFO: setString called with offset: 0 and String: Hello, World!713
Sep 26, 2023 4:20:20 PM edu.yu.dbimpl.file.FileMgr append
INFO: append called with filename: testFileModulePerformance714
Sep 26, 2023 4:20:20 PM edu.yu.dbimpl.file.FileMgr append
INFO: Writing to file: src/test/java/edu/yu/dbimpl/testingDirectory/testFileModulePerformance714
Sep 26, 2023 4:20:20 PM edu.yu.dbimpl.file.Page <init>
INFO: Page created with blocksize 50000
Sep 26, 2023 4:20:20 PM edu.yu.dbimpl.file.Page setString
INFO: setString called with offset: 0 and String: Hello, World!714
Sep 26, 2023 4:20:20 PM edu.yu.dbimpl.file.FileMgr append
INFO: append called with filename: testFileModulePerformance715
Sep 26, 2023 4:20:20 PM edu.yu.dbimpl.file.FileMgr append
INFO: Writing to file: src/test/java/edu/yu/dbimpl/testingDirectory/testFileModulePerformance715
Sep 26, 2023 4:20:20 PM edu.yu.dbimpl.file.Page <init>
INFO: Page created with blocksize 50000
Sep 26, 2023 4:20:20 PM edu.yu.dbimpl.file.Page setString
INFO: setString called with offset: 0 and String: Hello, World!715
Sep 26, 2023 4:20:20 PM edu.yu.dbimpl.file.FileMgr append
INFO: append called with filename: testFileModulePerformance716
Sep 26, 2023 4:20:20 PM edu.yu.dbimpl.file.FileMgr append
INFO: Writing to file: src/test/java/edu/yu/dbimpl/testingDirectory/testFileModulePerformance716
Sep 26, 2023 4:20:20 PM edu.yu.dbimpl.file.Page <init>
INFO: Page created with blocksize 50000
Sep 26, 2023 4:20:20 PM edu.yu.dbimpl.file.Page setString
INFO: setString called with offset: 0 and String: Hello, World!716
Sep 26, 2023 4:20:20 PM edu.yu.dbimpl.file.FileMgr append
INFO: append called with filename: testFileModulePerformance717
Sep 26, 2023 4:20:20 PM edu.yu.dbimpl.file.FileMgr append
INFO: Writing to file: src/test/java/edu/yu/dbimpl/testingDirectory/testFileModulePerformance717
Sep 26, 2023 4:20:20 PM edu.yu.dbimpl.file.Page <init>
INFO: Page created with blocksize 50000
Sep 26, 2023 4:20:20 PM edu.yu.dbimpl.file.Page setString
INFO: setString called with offset: 0 and String: Hello, World!717
Sep 26, 2023 4:20:20 PM edu.yu.dbimpl.file.FileMgr append
INFO: append called with filename: testFileModulePerformance718
Sep 26, 2023 4:20:20 PM edu.yu.dbimpl.file.FileMgr append
INFO: Writing to file: src/test/java/edu/yu/dbimpl/testingDirectory/testFileModulePerformance718
Sep 26, 2023 4:20:20 PM edu.yu.dbimpl.file.Page <init>
INFO: Page created with blocksize 50000
Sep 26, 2023 4:20:20 PM edu.yu.dbimpl.file.Page setString
INFO: setString called with offset: 0 and String: Hello, World!718
Sep 26, 2023 4:20:20 PM edu.yu.dbimpl.file.FileMgr append
INFO: append called with filename: testFileModulePerformance719
Sep 26, 2023 4:20:20 PM edu.yu.dbimpl.file.FileMgr append
INFO: Writing to file: src/test/java/edu/yu/dbimpl/testingDirectory/testFileModulePerformance719
Sep 26, 2023 4:20:20 PM edu.yu.dbimpl.file.Page <init>
INFO: Page created with blocksize 50000
Sep 26, 2023 4:20:20 PM edu.yu.dbimpl.file.Page setString
INFO: setString called with offset: 0 and String: Hello, World!719
Sep 26, 2023 4:20:20 PM edu.yu.dbimpl.file.FileMgr append
INFO: append called with filename: testFileModulePerformance720
Sep 26, 2023 4:20:20 PM edu.yu.dbimpl.file.FileMgr append
INFO: Writing to file: src/test/java/edu/yu/dbimpl/testingDirectory/testFileModulePerformance720
Sep 26, 2023 4:20:20 PM edu.yu.dbimpl.file.Page <init>
INFO: Page created with blocksize 50000
Sep 26, 2023 4:20:20 PM edu.yu.dbimpl.file.Page setString
INFO: setString called with offset: 0 and String: Hello, World!720
Sep 26, 2023 4:20:20 PM edu.yu.dbimpl.file.FileMgr append
INFO: append called with filename: testFileModulePerformance721
Sep 26, 2023 4:20:20 PM edu.yu.dbimpl.file.FileMgr append
INFO: Writing to file: src/test/java/edu/yu/dbimpl/testingDirectory/testFileModulePerformance721
Sep 26, 2023 4:20:20 PM edu.yu.dbimpl.file.Page <init>
INFO: Page created with blocksize 50000
Sep 26, 2023 4:20:20 PM edu.yu.dbimpl.file.Page setString
INFO: setString called with offset: 0 and String: Hello, World!721
Sep 26, 2023 4:20:20 PM edu.yu.dbimpl.file.FileMgr append
INFO: append called with filename: testFileModulePerformance722
Sep 26, 2023 4:20:20 PM edu.yu.dbimpl.file.FileMgr append
INFO: Writing to file: src/test/java/edu/yu/dbimpl/testingDirectory/testFileModulePerformance722
Sep 26, 2023 4:20:20 PM edu.yu.dbimpl.file.Page <init>
INFO: Page created with blocksize 50000
Sep 26, 2023 4:20:20 PM edu.yu.dbimpl.file.Page setString
INFO: setString called with offset: 0 and String: Hello, World!722
Sep 26, 2023 4:20:20 PM edu.yu.dbimpl.file.FileMgr append
INFO: append called with filename: testFileModulePerformance723
Sep 26, 2023 4:20:20 PM edu.yu.dbimpl.file.FileMgr append
INFO: Writing to file: src/test/java/edu/yu/dbimpl/testingDirectory/testFileModulePerformance723
Sep 26, 2023 4:20:20 PM edu.yu.dbimpl.file.Page <init>
INFO: Page created with blocksize 50000
Sep 26, 2023 4:20:20 PM edu.yu.dbimpl.file.Page setString
INFO: setString called with offset: 0 and String: Hello, World!723
Sep 26, 2023 4:20:20 PM edu.yu.dbimpl.file.FileMgr append
INFO: append called with filename: testFileModulePerformance724
Sep 26, 2023 4:20:20 PM edu.yu.dbimpl.file.FileMgr append
INFO: Writing to file: src/test/java/edu/yu/dbimpl/testingDirectory/testFileModulePerformance724
Sep 26, 2023 4:20:20 PM edu.yu.dbimpl.file.Page <init>
INFO: Page created with blocksize 50000
Sep 26, 2023 4:20:20 PM edu.yu.dbimpl.file.Page setString
INFO: setString called with offset: 0 and String: Hello, World!724
Sep 26, 2023 4:20:20 PM edu.yu.dbimpl.file.FileMgr append
INFO: append called with filename: testFileModulePerformance725
Sep 26, 2023 4:20:20 PM edu.yu.dbimpl.file.FileMgr append
INFO: Writing to file: src/test/java/edu/yu/dbimpl/testingDirectory/testFileModulePerformance725
Sep 26, 2023 4:20:20 PM edu.yu.dbimpl.file.Page <init>
INFO: Page created with blocksize 50000
Sep 26, 2023 4:20:20 PM edu.yu.dbimpl.file.Page setString
INFO: setString called with offset: 0 and String: Hello, World!725
Sep 26, 2023 4:20:20 PM edu.yu.dbimpl.file.FileMgr append
INFO: append called with filename: testFileModulePerformance726
Sep 26, 2023 4:20:20 PM edu.yu.dbimpl.file.FileMgr append
INFO: Writing to file: src/test/java/edu/yu/dbimpl/testingDirectory/testFileModulePerformance726
Sep 26, 2023 4:20:20 PM edu.yu.dbimpl.file.Page <init>
INFO: Page created with blocksize 50000
Sep 26, 2023 4:20:20 PM edu.yu.dbimpl.file.Page setString
INFO: setString called with offset: 0 and String: Hello, World!726
Sep 26, 2023 4:20:20 PM edu.yu.dbimpl.file.FileMgr append
INFO: append called with filename: testFileModulePerformance727
Sep 26, 2023 4:20:20 PM edu.yu.dbimpl.file.FileMgr append
INFO: Writing to file: src/test/java/edu/yu/dbimpl/testingDirectory/testFileModulePerformance727
Sep 26, 2023 4:20:20 PM edu.yu.dbimpl.file.Page <init>
INFO: Page created with blocksize 50000
Sep 26, 2023 4:20:20 PM edu.yu.dbimpl.file.Page setString
INFO: setString called with offset: 0 and String: Hello, World!727
Sep 26, 2023 4:20:20 PM edu.yu.dbimpl.file.FileMgr append
INFO: append called with filename: testFileModulePerformance728
Sep 26, 2023 4:20:20 PM edu.yu.dbimpl.file.FileMgr append
INFO: Writing to file: src/test/java/edu/yu/dbimpl/testingDirectory/testFileModulePerformance728
Sep 26, 2023 4:20:20 PM edu.yu.dbimpl.file.Page <init>
INFO: Page created with blocksize 50000
Sep 26, 2023 4:20:20 PM edu.yu.dbimpl.file.Page setString
INFO: setString called with offset: 0 and String: Hello, World!728
Sep 26, 2023 4:20:20 PM edu.yu.dbimpl.file.FileMgr append
INFO: append called with filename: testFileModulePerformance729
Sep 26, 2023 4:20:20 PM edu.yu.dbimpl.file.FileMgr append
INFO: Writing to file: src/test/java/edu/yu/dbimpl/testingDirectory/testFileModulePerformance729
Sep 26, 2023 4:20:20 PM edu.yu.dbimpl.file.Page <init>
INFO: Page created with blocksize 50000
Sep 26, 2023 4:20:20 PM edu.yu.dbimpl.file.Page setString
INFO: setString called with offset: 0 and String: Hello, World!729
Sep 26, 2023 4:20:20 PM edu.yu.dbimpl.file.FileMgr append
INFO: append called with filename: testFileModulePerformance730
Sep 26, 2023 4:20:20 PM edu.yu.dbimpl.file.FileMgr append
INFO: Writing to file: src/test/java/edu/yu/dbimpl/testingDirectory/testFileModulePerformance730
Sep 26, 2023 4:20:20 PM edu.yu.dbimpl.file.Page <init>
INFO: Page created with blocksize 50000
Sep 26, 2023 4:20:20 PM edu.yu.dbimpl.file.Page setString
INFO: setString called with offset: 0 and String: Hello, World!730
Sep 26, 2023 4:20:20 PM edu.yu.dbimpl.file.FileMgr append
INFO: append called with filename: testFileModulePerformance731
Sep 26, 2023 4:20:20 PM edu.yu.dbimpl.file.FileMgr append
INFO: Writing to file: src/test/java/edu/yu/dbimpl/testingDirectory/testFileModulePerformance731
Sep 26, 2023 4:20:20 PM edu.yu.dbimpl.file.Page <init>
INFO: Page created with blocksize 50000
Sep 26, 2023 4:20:20 PM edu.yu.dbimpl.file.Page setString
INFO: setString called with offset: 0 and String: Hello, World!731
Sep 26, 2023 4:20:20 PM edu.yu.dbimpl.file.FileMgr append
INFO: append called with filename: testFileModulePerformance732
Sep 26, 2023 4:20:20 PM edu.yu.dbimpl.file.FileMgr append
INFO: Writing to file: src/test/java/edu/yu/dbimpl/testingDirectory/testFileModulePerformance732
Sep 26, 2023 4:20:20 PM edu.yu.dbimpl.file.Page <init>
INFO: Page created with blocksize 50000
Sep 26, 2023 4:20:20 PM edu.yu.dbimpl.file.Page setString
INFO: setString called with offset: 0 and String: Hello, World!732
Sep 26, 2023 4:20:20 PM edu.yu.dbimpl.file.FileMgr append
INFO: append called with filename: testFileModulePerformance733
Sep 26, 2023 4:20:20 PM edu.yu.dbimpl.file.FileMgr append
INFO: Writing to file: src/test/java/edu/yu/dbimpl/testingDirectory/testFileModulePerformance733
Sep 26, 2023 4:20:20 PM edu.yu.dbimpl.file.Page <init>
INFO: Page created with blocksize 50000
Sep 26, 2023 4:20:20 PM edu.yu.dbimpl.file.Page setString
INFO: setString called with offset: 0 and String: Hello, World!733
Sep 26, 2023 4:20:20 PM edu.yu.dbimpl.file.FileMgr append
INFO: append called with filename: testFileModulePerformance734
Sep 26, 2023 4:20:20 PM edu.yu.dbimpl.file.FileMgr append
INFO: Writing to file: src/test/java/edu/yu/dbimpl/testingDirectory/testFileModulePerformance734
Sep 26, 2023 4:20:20 PM edu.yu.dbimpl.file.Page <init>
INFO: Page created with blocksize 50000
Sep 26, 2023 4:20:20 PM edu.yu.dbimpl.file.Page setString
INFO: setString called with offset: 0 and String: Hello, World!734
Sep 26, 2023 4:20:20 PM edu.yu.dbimpl.file.FileMgr append
INFO: append called with filename: testFileModulePerformance735
Sep 26, 2023 4:20:20 PM edu.yu.dbimpl.file.FileMgr append
INFO: Writing to file: src/test/java/edu/yu/dbimpl/testingDirectory/testFileModulePerformance735
Sep 26, 2023 4:20:20 PM edu.yu.dbimpl.file.Page <init>
INFO: Page created with blocksize 50000
Sep 26, 2023 4:20:20 PM edu.yu.dbimpl.file.Page setString
INFO: setString called with offset: 0 and String: Hello, World!735
Sep 26, 2023 4:20:20 PM edu.yu.dbimpl.file.FileMgr append
INFO: append called with filename: testFileModulePerformance736
Sep 26, 2023 4:20:20 PM edu.yu.dbimpl.file.FileMgr append
INFO: Writing to file: src/test/java/edu/yu/dbimpl/testingDirectory/testFileModulePerformance736
Sep 26, 2023 4:20:20 PM edu.yu.dbimpl.file.Page <init>
INFO: Page created with blocksize 50000
Sep 26, 2023 4:20:20 PM edu.yu.dbimpl.file.Page setString
INFO: setString called with offset: 0 and String: Hello, World!736
Sep 26, 2023 4:20:20 PM edu.yu.dbimpl.file.FileMgr append
INFO: append called with filename: testFileModulePerformance737
Sep 26, 2023 4:20:20 PM edu.yu.dbimpl.file.FileMgr append
INFO: Writing to file: src/test/java/edu/yu/dbimpl/testingDirectory/testFileModulePerformance737
Sep 26, 2023 4:20:20 PM edu.yu.dbimpl.file.Page <init>
INFO: Page created with blocksize 50000
Sep 26, 2023 4:20:20 PM edu.yu.dbimpl.file.Page setString
INFO: setString called with offset: 0 and String: Hello, World!737
Sep 26, 2023 4:20:20 PM edu.yu.dbimpl.file.FileMgr append
INFO: append called with filename: testFileModulePerformance738
Sep 26, 2023 4:20:20 PM edu.yu.dbimpl.file.FileMgr append
INFO: Writing to file: src/test/java/edu/yu/dbimpl/testingDirectory/testFileModulePerformance738
Sep 26, 2023 4:20:20 PM edu.yu.dbimpl.file.Page <init>
INFO: Page created with blocksize 50000
Sep 26, 2023 4:20:20 PM edu.yu.dbimpl.file.Page setString
INFO: setString called with offset: 0 and String: Hello, World!738
Sep 26, 2023 4:20:20 PM edu.yu.dbimpl.file.FileMgr append
INFO: append called with filename: testFileModulePerformance739
Sep 26, 2023 4:20:20 PM edu.yu.dbimpl.file.FileMgr append
INFO: Writing to file: src/test/java/edu/yu/dbimpl/testingDirectory/testFileModulePerformance739
Sep 26, 2023 4:20:20 PM edu.yu.dbimpl.file.Page <init>
INFO: Page created with blocksize 50000
Sep 26, 2023 4:20:20 PM edu.yu.dbimpl.file.Page setString
INFO: setString called with offset: 0 and String: Hello, World!739
Sep 26, 2023 4:20:20 PM edu.yu.dbimpl.file.FileMgr append
INFO: append called with filename: testFileModulePerformance740
Sep 26, 2023 4:20:20 PM edu.yu.dbimpl.file.FileMgr append
INFO: Writing to file: src/test/java/edu/yu/dbimpl/testingDirectory/testFileModulePerformance740
Sep 26, 2023 4:20:20 PM edu.yu.dbimpl.file.Page <init>
INFO: Page created with blocksize 50000
Sep 26, 2023 4:20:20 PM edu.yu.dbimpl.file.Page setString
INFO: setString called with offset: 0 and String: Hello, World!740
Sep 26, 2023 4:20:20 PM edu.yu.dbimpl.file.FileMgr append
INFO: append called with filename: testFileModulePerformance741
Sep 26, 2023 4:20:20 PM edu.yu.dbimpl.file.FileMgr append
INFO: Writing to file: src/test/java/edu/yu/dbimpl/testingDirectory/testFileModulePerformance741
Sep 26, 2023 4:20:20 PM edu.yu.dbimpl.file.Page <init>
INFO: Page created with blocksize 50000
Sep 26, 2023 4:20:20 PM edu.yu.dbimpl.file.Page setString
INFO: setString called with offset: 0 and String: Hello, World!741
Sep 26, 2023 4:20:20 PM edu.yu.dbimpl.file.FileMgr append
INFO: append called with filename: testFileModulePerformance742
Sep 26, 2023 4:20:20 PM edu.yu.dbimpl.file.FileMgr append
INFO: Writing to file: src/test/java/edu/yu/dbimpl/testingDirectory/testFileModulePerformance742
Sep 26, 2023 4:20:20 PM edu.yu.dbimpl.file.Page <init>
INFO: Page created with blocksize 50000
Sep 26, 2023 4:20:20 PM edu.yu.dbimpl.file.Page setString
INFO: setString called with offset: 0 and String: Hello, World!742
Sep 26, 2023 4:20:20 PM edu.yu.dbimpl.file.FileMgr append
INFO: append called with filename: testFileModulePerformance743
Sep 26, 2023 4:20:20 PM edu.yu.dbimpl.file.FileMgr append
INFO: Writing to file: src/test/java/edu/yu/dbimpl/testingDirectory/testFileModulePerformance743
Sep 26, 2023 4:20:20 PM edu.yu.dbimpl.file.Page <init>
INFO: Page created with blocksize 50000
Sep 26, 2023 4:20:20 PM edu.yu.dbimpl.file.Page setString
INFO: setString called with offset: 0 and String: Hello, World!743
Sep 26, 2023 4:20:20 PM edu.yu.dbimpl.file.FileMgr append
INFO: append called with filename: testFileModulePerformance744
Sep 26, 2023 4:20:20 PM edu.yu.dbimpl.file.FileMgr append
INFO: Writing to file: src/test/java/edu/yu/dbimpl/testingDirectory/testFileModulePerformance744
Sep 26, 2023 4:20:20 PM edu.yu.dbimpl.file.Page <init>
INFO: Page created with blocksize 50000
Sep 26, 2023 4:20:20 PM edu.yu.dbimpl.file.Page setString
INFO: setString called with offset: 0 and String: Hello, World!744
Sep 26, 2023 4:20:20 PM edu.yu.dbimpl.file.FileMgr append
INFO: append called with filename: testFileModulePerformance745
Sep 26, 2023 4:20:20 PM edu.yu.dbimpl.file.FileMgr append
INFO: Writing to file: src/test/java/edu/yu/dbimpl/testingDirectory/testFileModulePerformance745
Sep 26, 2023 4:20:20 PM edu.yu.dbimpl.file.Page <init>
INFO: Page created with blocksize 50000
Sep 26, 2023 4:20:20 PM edu.yu.dbimpl.file.Page setString
INFO: setString called with offset: 0 and String: Hello, World!745
Sep 26, 2023 4:20:20 PM edu.yu.dbimpl.file.FileMgr append
INFO: append called with filename: testFileModulePerformance746
Sep 26, 2023 4:20:20 PM edu.yu.dbimpl.file.FileMgr append
INFO: Writing to file: src/test/java/edu/yu/dbimpl/testingDirectory/testFileModulePerformance746
Sep 26, 2023 4:20:20 PM edu.yu.dbimpl.file.Page <init>
INFO: Page created with blocksize 50000
Sep 26, 2023 4:20:20 PM edu.yu.dbimpl.file.Page setString
INFO: setString called with offset: 0 and String: Hello, World!746
Sep 26, 2023 4:20:20 PM edu.yu.dbimpl.file.FileMgr append
INFO: append called with filename: testFileModulePerformance747
Sep 26, 2023 4:20:20 PM edu.yu.dbimpl.file.FileMgr append
INFO: Writing to file: src/test/java/edu/yu/dbimpl/testingDirectory/testFileModulePerformance747
Sep 26, 2023 4:20:20 PM edu.yu.dbimpl.file.Page <init>
INFO: Page created with blocksize 50000
Sep 26, 2023 4:20:20 PM edu.yu.dbimpl.file.Page setString
INFO: setString called with offset: 0 and String: Hello, World!747
Sep 26, 2023 4:20:20 PM edu.yu.dbimpl.file.FileMgr append
INFO: append called with filename: testFileModulePerformance748
Sep 26, 2023 4:20:20 PM edu.yu.dbimpl.file.FileMgr append
INFO: Writing to file: src/test/java/edu/yu/dbimpl/testingDirectory/testFileModulePerformance748
Sep 26, 2023 4:20:20 PM edu.yu.dbimpl.file.Page <init>
INFO: Page created with blocksize 50000
Sep 26, 2023 4:20:20 PM edu.yu.dbimpl.file.Page setString
INFO: setString called with offset: 0 and String: Hello, World!748
Sep 26, 2023 4:20:20 PM edu.yu.dbimpl.file.FileMgr append
INFO: append called with filename: testFileModulePerformance749
Sep 26, 2023 4:20:20 PM edu.yu.dbimpl.file.FileMgr append
INFO: Writing to file: src/test/java/edu/yu/dbimpl/testingDirectory/testFileModulePerformance749
Sep 26, 2023 4:20:20 PM edu.yu.dbimpl.file.Page <init>
INFO: Page created with blocksize 50000
Sep 26, 2023 4:20:20 PM edu.yu.dbimpl.file.Page setString
INFO: setString called with offset: 0 and String: Hello, World!749
Sep 26, 2023 4:20:20 PM edu.yu.dbimpl.file.FileMgr append
INFO: append called with filename: testFileModulePerformance750
Sep 26, 2023 4:20:20 PM edu.yu.dbimpl.file.FileMgr append
INFO: Writing to file: src/test/java/edu/yu/dbimpl/testingDirectory/testFileModulePerformance750
Sep 26, 2023 4:20:20 PM edu.yu.dbimpl.file.Page <init>
INFO: Page created with blocksize 50000
Sep 26, 2023 4:20:20 PM edu.yu.dbimpl.file.Page setString
INFO: setString called with offset: 0 and String: Hello, World!750
Sep 26, 2023 4:20:20 PM edu.yu.dbimpl.file.FileMgr append
INFO: append called with filename: testFileModulePerformance751
Sep 26, 2023 4:20:20 PM edu.yu.dbimpl.file.FileMgr append
INFO: Writing to file: src/test/java/edu/yu/dbimpl/testingDirectory/testFileModulePerformance751
Sep 26, 2023 4:20:20 PM edu.yu.dbimpl.file.Page <init>
INFO: Page created with blocksize 50000
Sep 26, 2023 4:20:20 PM edu.yu.dbimpl.file.Page setString
INFO: setString called with offset: 0 and String: Hello, World!751
Sep 26, 2023 4:20:20 PM edu.yu.dbimpl.file.FileMgr append
INFO: append called with filename: testFileModulePerformance752
Sep 26, 2023 4:20:20 PM edu.yu.dbimpl.file.FileMgr append
INFO: Writing to file: src/test/java/edu/yu/dbimpl/testingDirectory/testFileModulePerformance752
Sep 26, 2023 4:20:20 PM edu.yu.dbimpl.file.Page <init>
INFO: Page created with blocksize 50000
Sep 26, 2023 4:20:20 PM edu.yu.dbimpl.file.Page setString
INFO: setString called with offset: 0 and String: Hello, World!752
Sep 26, 2023 4:20:20 PM edu.yu.dbimpl.file.FileMgr append
INFO: append called with filename: testFileModulePerformance753
Sep 26, 2023 4:20:20 PM edu.yu.dbimpl.file.FileMgr append
INFO: Writing to file: src/test/java/edu/yu/dbimpl/testingDirectory/testFileModulePerformance753
Sep 26, 2023 4:20:20 PM edu.yu.dbimpl.file.Page <init>
INFO: Page created with blocksize 50000
Sep 26, 2023 4:20:20 PM edu.yu.dbimpl.file.Page setString
INFO: setString called with offset: 0 and String: Hello, World!753
Sep 26, 2023 4:20:20 PM edu.yu.dbimpl.file.FileMgr append
INFO: append called with filename: testFileModulePerformance754
Sep 26, 2023 4:20:20 PM edu.yu.dbimpl.file.FileMgr append
INFO: Writing to file: src/test/java/edu/yu/dbimpl/testingDirectory/testFileModulePerformance754
Sep 26, 2023 4:20:20 PM edu.yu.dbimpl.file.Page <init>
INFO: Page created with blocksize 50000
Sep 26, 2023 4:20:20 PM edu.yu.dbimpl.file.Page setString
INFO: setString called with offset: 0 and String: Hello, World!754
Sep 26, 2023 4:20:20 PM edu.yu.dbimpl.file.FileMgr append
INFO: append called with filename: testFileModulePerformance755
Sep 26, 2023 4:20:20 PM edu.yu.dbimpl.file.FileMgr append
INFO: Writing to file: src/test/java/edu/yu/dbimpl/testingDirectory/testFileModulePerformance755
Sep 26, 2023 4:20:20 PM edu.yu.dbimpl.file.Page <init>
INFO: Page created with blocksize 50000
Sep 26, 2023 4:20:20 PM edu.yu.dbimpl.file.Page setString
INFO: setString called with offset: 0 and String: Hello, World!755
Sep 26, 2023 4:20:20 PM edu.yu.dbimpl.file.FileMgr append
INFO: append called with filename: testFileModulePerformance756
Sep 26, 2023 4:20:20 PM edu.yu.dbimpl.file.FileMgr append
INFO: Writing to file: src/test/java/edu/yu/dbimpl/testingDirectory/testFileModulePerformance756
Sep 26, 2023 4:20:20 PM edu.yu.dbimpl.file.Page <init>
INFO: Page created with blocksize 50000
Sep 26, 2023 4:20:20 PM edu.yu.dbimpl.file.Page setString
INFO: setString called with offset: 0 and String: Hello, World!756
Sep 26, 2023 4:20:20 PM edu.yu.dbimpl.file.FileMgr append
INFO: append called with filename: testFileModulePerformance757
Sep 26, 2023 4:20:20 PM edu.yu.dbimpl.file.FileMgr append
INFO: Writing to file: src/test/java/edu/yu/dbimpl/testingDirectory/testFileModulePerformance757
Sep 26, 2023 4:20:20 PM edu.yu.dbimpl.file.Page <init>
INFO: Page created with blocksize 50000
Sep 26, 2023 4:20:20 PM edu.yu.dbimpl.file.Page setString
INFO: setString called with offset: 0 and String: Hello, World!757
Sep 26, 2023 4:20:20 PM edu.yu.dbimpl.file.FileMgr append
INFO: append called with filename: testFileModulePerformance758
Sep 26, 2023 4:20:20 PM edu.yu.dbimpl.file.FileMgr append
INFO: Writing to file: src/test/java/edu/yu/dbimpl/testingDirectory/testFileModulePerformance758
Sep 26, 2023 4:20:20 PM edu.yu.dbimpl.file.Page <init>
INFO: Page created with blocksize 50000
Sep 26, 2023 4:20:20 PM edu.yu.dbimpl.file.Page setString
INFO: setString called with offset: 0 and String: Hello, World!758
Sep 26, 2023 4:20:20 PM edu.yu.dbimpl.file.FileMgr append
INFO: append called with filename: testFileModulePerformance759
Sep 26, 2023 4:20:20 PM edu.yu.dbimpl.file.FileMgr append
INFO: Writing to file: src/test/java/edu/yu/dbimpl/testingDirectory/testFileModulePerformance759
Sep 26, 2023 4:20:20 PM edu.yu.dbimpl.file.Page <init>
INFO: Page created with blocksize 50000
Sep 26, 2023 4:20:20 PM edu.yu.dbimpl.file.Page setString
INFO: setString called with offset: 0 and String: Hello, World!759
Sep 26, 2023 4:20:20 PM edu.yu.dbimpl.file.FileMgr append
INFO: append called with filename: testFileModulePerformance760
Sep 26, 2023 4:20:20 PM edu.yu.dbimpl.file.FileMgr append
INFO: Writing to file: src/test/java/edu/yu/dbimpl/testingDirectory/testFileModulePerformance760
Sep 26, 2023 4:20:20 PM edu.yu.dbimpl.file.Page <init>
INFO: Page created with blocksize 50000
Sep 26, 2023 4:20:20 PM edu.yu.dbimpl.file.Page setString
INFO: setString called with offset: 0 and String: Hello, World!760
Sep 26, 2023 4:20:20 PM edu.yu.dbimpl.file.FileMgr append
INFO: append called with filename: testFileModulePerformance761
Sep 26, 2023 4:20:20 PM edu.yu.dbimpl.file.FileMgr append
INFO: Writing to file: src/test/java/edu/yu/dbimpl/testingDirectory/testFileModulePerformance761
Sep 26, 2023 4:20:20 PM edu.yu.dbimpl.file.Page <init>
INFO: Page created with blocksize 50000
Sep 26, 2023 4:20:20 PM edu.yu.dbimpl.file.Page setString
INFO: setString called with offset: 0 and String: Hello, World!761
Sep 26, 2023 4:20:20 PM edu.yu.dbimpl.file.FileMgr append
INFO: append called with filename: testFileModulePerformance762
Sep 26, 2023 4:20:20 PM edu.yu.dbimpl.file.FileMgr append
INFO: Writing to file: src/test/java/edu/yu/dbimpl/testingDirectory/testFileModulePerformance762
Sep 26, 2023 4:20:20 PM edu.yu.dbimpl.file.Page <init>
INFO: Page created with blocksize 50000
Sep 26, 2023 4:20:20 PM edu.yu.dbimpl.file.Page setString
INFO: setString called with offset: 0 and String: Hello, World!762
Sep 26, 2023 4:20:20 PM edu.yu.dbimpl.file.FileMgr append
INFO: append called with filename: testFileModulePerformance763
Sep 26, 2023 4:20:20 PM edu.yu.dbimpl.file.FileMgr append
INFO: Writing to file: src/test/java/edu/yu/dbimpl/testingDirectory/testFileModulePerformance763
Sep 26, 2023 4:20:20 PM edu.yu.dbimpl.file.Page <init>
INFO: Page created with blocksize 50000
Sep 26, 2023 4:20:20 PM edu.yu.dbimpl.file.Page setString
INFO: setString called with offset: 0 and String: Hello, World!763
Sep 26, 2023 4:20:20 PM edu.yu.dbimpl.file.FileMgr append
INFO: append called with filename: testFileModulePerformance764
Sep 26, 2023 4:20:20 PM edu.yu.dbimpl.file.FileMgr append
INFO: Writing to file: src/test/java/edu/yu/dbimpl/testingDirectory/testFileModulePerformance764
Sep 26, 2023 4:20:20 PM edu.yu.dbimpl.file.Page <init>
INFO: Page created with blocksize 50000
Sep 26, 2023 4:20:20 PM edu.yu.dbimpl.file.Page setString
INFO: setString called with offset: 0 and String: Hello, World!764
Sep 26, 2023 4:20:20 PM edu.yu.dbimpl.file.FileMgr append
INFO: append called with filename: testFileModulePerformance765
Sep 26, 2023 4:20:20 PM edu.yu.dbimpl.file.FileMgr append
INFO: Writing to file: src/test/java/edu/yu/dbimpl/testingDirectory/testFileModulePerformance765
Sep 26, 2023 4:20:20 PM edu.yu.dbimpl.file.Page <init>
INFO: Page created with blocksize 50000
Sep 26, 2023 4:20:20 PM edu.yu.dbimpl.file.Page setString
INFO: setString called with offset: 0 and String: Hello, World!765
Sep 26, 2023 4:20:20 PM edu.yu.dbimpl.file.FileMgr append
INFO: append called with filename: testFileModulePerformance766
Sep 26, 2023 4:20:20 PM edu.yu.dbimpl.file.FileMgr append
INFO: Writing to file: src/test/java/edu/yu/dbimpl/testingDirectory/testFileModulePerformance766
Sep 26, 2023 4:20:20 PM edu.yu.dbimpl.file.Page <init>
INFO: Page created with blocksize 50000
Sep 26, 2023 4:20:20 PM edu.yu.dbimpl.file.Page setString
INFO: setString called with offset: 0 and String: Hello, World!766
Sep 26, 2023 4:20:20 PM edu.yu.dbimpl.file.FileMgr append
INFO: append called with filename: testFileModulePerformance767
Sep 26, 2023 4:20:20 PM edu.yu.dbimpl.file.FileMgr append
INFO: Writing to file: src/test/java/edu/yu/dbimpl/testingDirectory/testFileModulePerformance767
Sep 26, 2023 4:20:20 PM edu.yu.dbimpl.file.Page <init>
INFO: Page created with blocksize 50000
Sep 26, 2023 4:20:20 PM edu.yu.dbimpl.file.Page setString
INFO: setString called with offset: 0 and String: Hello, World!767
Sep 26, 2023 4:20:20 PM edu.yu.dbimpl.file.FileMgr append
INFO: append called with filename: testFileModulePerformance768
Sep 26, 2023 4:20:20 PM edu.yu.dbimpl.file.FileMgr append
INFO: Writing to file: src/test/java/edu/yu/dbimpl/testingDirectory/testFileModulePerformance768
Sep 26, 2023 4:20:20 PM edu.yu.dbimpl.file.Page <init>
INFO: Page created with blocksize 50000
Sep 26, 2023 4:20:20 PM edu.yu.dbimpl.file.Page setString
INFO: setString called with offset: 0 and String: Hello, World!768
Sep 26, 2023 4:20:20 PM edu.yu.dbimpl.file.FileMgr append
INFO: append called with filename: testFileModulePerformance769
Sep 26, 2023 4:20:20 PM edu.yu.dbimpl.file.FileMgr append
INFO: Writing to file: src/test/java/edu/yu/dbimpl/testingDirectory/testFileModulePerformance769
Sep 26, 2023 4:20:20 PM edu.yu.dbimpl.file.Page <init>
INFO: Page created with blocksize 50000
Sep 26, 2023 4:20:20 PM edu.yu.dbimpl.file.Page setString
INFO: setString called with offset: 0 and String: Hello, World!769
Sep 26, 2023 4:20:20 PM edu.yu.dbimpl.file.FileMgr append
INFO: append called with filename: testFileModulePerformance770
Sep 26, 2023 4:20:20 PM edu.yu.dbimpl.file.FileMgr append
INFO: Writing to file: src/test/java/edu/yu/dbimpl/testingDirectory/testFileModulePerformance770
Sep 26, 2023 4:20:20 PM edu.yu.dbimpl.file.Page <init>
INFO: Page created with blocksize 50000
Sep 26, 2023 4:20:20 PM edu.yu.dbimpl.file.Page setString
INFO: setString called with offset: 0 and String: Hello, World!770
Sep 26, 2023 4:20:20 PM edu.yu.dbimpl.file.FileMgr append
INFO: append called with filename: testFileModulePerformance771
Sep 26, 2023 4:20:20 PM edu.yu.dbimpl.file.FileMgr append
INFO: Writing to file: src/test/java/edu/yu/dbimpl/testingDirectory/testFileModulePerformance771
Sep 26, 2023 4:20:20 PM edu.yu.dbimpl.file.Page <init>
INFO: Page created with blocksize 50000
Sep 26, 2023 4:20:20 PM edu.yu.dbimpl.file.Page setString
INFO: setString called with offset: 0 and String: Hello, World!771
Sep 26, 2023 4:20:20 PM edu.yu.dbimpl.file.FileMgr append
INFO: append called with filename: testFileModulePerformance772
Sep 26, 2023 4:20:20 PM edu.yu.dbimpl.file.FileMgr append
INFO: Writing to file: src/test/java/edu/yu/dbimpl/testingDirectory/testFileModulePerformance772
Sep 26, 2023 4:20:20 PM edu.yu.dbimpl.file.Page <init>
INFO: Page created with blocksize 50000
Sep 26, 2023 4:20:20 PM edu.yu.dbimpl.file.Page setString
INFO: setString called with offset: 0 and String: Hello, World!772
Sep 26, 2023 4:20:20 PM edu.yu.dbimpl.file.FileMgr append
INFO: append called with filename: testFileModulePerformance773
Sep 26, 2023 4:20:20 PM edu.yu.dbimpl.file.FileMgr append
INFO: Writing to file: src/test/java/edu/yu/dbimpl/testingDirectory/testFileModulePerformance773
Sep 26, 2023 4:20:20 PM edu.yu.dbimpl.file.Page <init>
INFO: Page created with blocksize 50000
Sep 26, 2023 4:20:20 PM edu.yu.dbimpl.file.Page setString
INFO: setString called with offset: 0 and String: Hello, World!773
Sep 26, 2023 4:20:20 PM edu.yu.dbimpl.file.FileMgr append
INFO: append called with filename: testFileModulePerformance774
Sep 26, 2023 4:20:20 PM edu.yu.dbimpl.file.FileMgr append
INFO: Writing to file: src/test/java/edu/yu/dbimpl/testingDirectory/testFileModulePerformance774
Sep 26, 2023 4:20:20 PM edu.yu.dbimpl.file.Page <init>
INFO: Page created with blocksize 50000
Sep 26, 2023 4:20:20 PM edu.yu.dbimpl.file.Page setString
INFO: setString called with offset: 0 and String: Hello, World!774
Sep 26, 2023 4:20:20 PM edu.yu.dbimpl.file.FileMgr append
INFO: append called with filename: testFileModulePerformance775
Sep 26, 2023 4:20:20 PM edu.yu.dbimpl.file.FileMgr append
INFO: Writing to file: src/test/java/edu/yu/dbimpl/testingDirectory/testFileModulePerformance775
Sep 26, 2023 4:20:20 PM edu.yu.dbimpl.file.Page <init>
INFO: Page created with blocksize 50000
Sep 26, 2023 4:20:20 PM edu.yu.dbimpl.file.Page setString
INFO: setString called with offset: 0 and String: Hello, World!775
Sep 26, 2023 4:20:20 PM edu.yu.dbimpl.file.FileMgr append
INFO: append called with filename: testFileModulePerformance776
Sep 26, 2023 4:20:20 PM edu.yu.dbimpl.file.FileMgr append
INFO: Writing to file: src/test/java/edu/yu/dbimpl/testingDirectory/testFileModulePerformance776
Sep 26, 2023 4:20:20 PM edu.yu.dbimpl.file.Page <init>
INFO: Page created with blocksize 50000
Sep 26, 2023 4:20:20 PM edu.yu.dbimpl.file.Page setString
INFO: setString called with offset: 0 and String: Hello, World!776
Sep 26, 2023 4:20:20 PM edu.yu.dbimpl.file.FileMgr append
INFO: append called with filename: testFileModulePerformance777
Sep 26, 2023 4:20:20 PM edu.yu.dbimpl.file.FileMgr append
INFO: Writing to file: src/test/java/edu/yu/dbimpl/testingDirectory/testFileModulePerformance777
Sep 26, 2023 4:20:20 PM edu.yu.dbimpl.file.Page <init>
INFO: Page created with blocksize 50000
Sep 26, 2023 4:20:20 PM edu.yu.dbimpl.file.Page setString
INFO: setString called with offset: 0 and String: Hello, World!777
Sep 26, 2023 4:20:20 PM edu.yu.dbimpl.file.FileMgr append
INFO: append called with filename: testFileModulePerformance778
Sep 26, 2023 4:20:20 PM edu.yu.dbimpl.file.FileMgr append
INFO: Writing to file: src/test/java/edu/yu/dbimpl/testingDirectory/testFileModulePerformance778
Sep 26, 2023 4:20:20 PM edu.yu.dbimpl.file.Page <init>
INFO: Page created with blocksize 50000
Sep 26, 2023 4:20:20 PM edu.yu.dbimpl.file.Page setString
INFO: setString called with offset: 0 and String: Hello, World!778
Sep 26, 2023 4:20:20 PM edu.yu.dbimpl.file.FileMgr append
INFO: append called with filename: testFileModulePerformance779
Sep 26, 2023 4:20:20 PM edu.yu.dbimpl.file.FileMgr append
INFO: Writing to file: src/test/java/edu/yu/dbimpl/testingDirectory/testFileModulePerformance779
Sep 26, 2023 4:20:20 PM edu.yu.dbimpl.file.Page <init>
INFO: Page created with blocksize 50000
Sep 26, 2023 4:20:20 PM edu.yu.dbimpl.file.Page setString
INFO: setString called with offset: 0 and String: Hello, World!779
Sep 26, 2023 4:20:20 PM edu.yu.dbimpl.file.FileMgr append
INFO: append called with filename: testFileModulePerformance780
Sep 26, 2023 4:20:20 PM edu.yu.dbimpl.file.FileMgr append
INFO: Writing to file: src/test/java/edu/yu/dbimpl/testingDirectory/testFileModulePerformance780
Sep 26, 2023 4:20:20 PM edu.yu.dbimpl.file.Page <init>
INFO: Page created with blocksize 50000
Sep 26, 2023 4:20:20 PM edu.yu.dbimpl.file.Page setString
INFO: setString called with offset: 0 and String: Hello, World!780
Sep 26, 2023 4:20:20 PM edu.yu.dbimpl.file.FileMgr append
INFO: append called with filename: testFileModulePerformance781
Sep 26, 2023 4:20:20 PM edu.yu.dbimpl.file.FileMgr append
INFO: Writing to file: src/test/java/edu/yu/dbimpl/testingDirectory/testFileModulePerformance781
Sep 26, 2023 4:20:20 PM edu.yu.dbimpl.file.Page <init>
INFO: Page created with blocksize 50000
Sep 26, 2023 4:20:20 PM edu.yu.dbimpl.file.Page setString
INFO: setString called with offset: 0 and String: Hello, World!781
Sep 26, 2023 4:20:20 PM edu.yu.dbimpl.file.FileMgr append
INFO: append called with filename: testFileModulePerformance782
Sep 26, 2023 4:20:20 PM edu.yu.dbimpl.file.FileMgr append
INFO: Writing to file: src/test/java/edu/yu/dbimpl/testingDirectory/testFileModulePerformance782
Sep 26, 2023 4:20:20 PM edu.yu.dbimpl.file.Page <init>
INFO: Page created with blocksize 50000
Sep 26, 2023 4:20:20 PM edu.yu.dbimpl.file.Page setString
INFO: setString called with offset: 0 and String: Hello, World!782
Sep 26, 2023 4:20:20 PM edu.yu.dbimpl.file.FileMgr append
INFO: append called with filename: testFileModulePerformance783
Sep 26, 2023 4:20:20 PM edu.yu.dbimpl.file.FileMgr append
INFO: Writing to file: src/test/java/edu/yu/dbimpl/testingDirectory/testFileModulePerformance783
Sep 26, 2023 4:20:20 PM edu.yu.dbimpl.file.Page <init>
INFO: Page created with blocksize 50000
Sep 26, 2023 4:20:20 PM edu.yu.dbimpl.file.Page setString
INFO: setString called with offset: 0 and String: Hello, World!783
Sep 26, 2023 4:20:20 PM edu.yu.dbimpl.file.FileMgr append
INFO: append called with filename: testFileModulePerformance784
Sep 26, 2023 4:20:20 PM edu.yu.dbimpl.file.FileMgr append
INFO: Writing to file: src/test/java/edu/yu/dbimpl/testingDirectory/testFileModulePerformance784
Sep 26, 2023 4:20:20 PM edu.yu.dbimpl.file.Page <init>
INFO: Page created with blocksize 50000
Sep 26, 2023 4:20:20 PM edu.yu.dbimpl.file.Page setString
INFO: setString called with offset: 0 and String: Hello, World!784
Sep 26, 2023 4:20:20 PM edu.yu.dbimpl.file.FileMgr append
INFO: append called with filename: testFileModulePerformance785
Sep 26, 2023 4:20:20 PM edu.yu.dbimpl.file.FileMgr append
INFO: Writing to file: src/test/java/edu/yu/dbimpl/testingDirectory/testFileModulePerformance785
Sep 26, 2023 4:20:20 PM edu.yu.dbimpl.file.Page <init>
INFO: Page created with blocksize 50000
Sep 26, 2023 4:20:20 PM edu.yu.dbimpl.file.Page setString
INFO: setString called with offset: 0 and String: Hello, World!785
Sep 26, 2023 4:20:20 PM edu.yu.dbimpl.file.FileMgr append
INFO: append called with filename: testFileModulePerformance786
Sep 26, 2023 4:20:20 PM edu.yu.dbimpl.file.FileMgr append
INFO: Writing to file: src/test/java/edu/yu/dbimpl/testingDirectory/testFileModulePerformance786
Sep 26, 2023 4:20:20 PM edu.yu.dbimpl.file.Page <init>
INFO: Page created with blocksize 50000
Sep 26, 2023 4:20:20 PM edu.yu.dbimpl.file.Page setString
INFO: setString called with offset: 0 and String: Hello, World!786
Sep 26, 2023 4:20:20 PM edu.yu.dbimpl.file.FileMgr append
INFO: append called with filename: testFileModulePerformance787
Sep 26, 2023 4:20:20 PM edu.yu.dbimpl.file.FileMgr append
INFO: Writing to file: src/test/java/edu/yu/dbimpl/testingDirectory/testFileModulePerformance787
Sep 26, 2023 4:20:20 PM edu.yu.dbimpl.file.Page <init>
INFO: Page created with blocksize 50000
Sep 26, 2023 4:20:20 PM edu.yu.dbimpl.file.Page setString
INFO: setString called with offset: 0 and String: Hello, World!787
Sep 26, 2023 4:20:20 PM edu.yu.dbimpl.file.FileMgr append
INFO: append called with filename: testFileModulePerformance788
Sep 26, 2023 4:20:20 PM edu.yu.dbimpl.file.FileMgr append
INFO: Writing to file: src/test/java/edu/yu/dbimpl/testingDirectory/testFileModulePerformance788
Sep 26, 2023 4:20:20 PM edu.yu.dbimpl.file.Page <init>
INFO: Page created with blocksize 50000
Sep 26, 2023 4:20:20 PM edu.yu.dbimpl.file.Page setString
INFO: setString called with offset: 0 and String: Hello, World!788
Sep 26, 2023 4:20:20 PM edu.yu.dbimpl.file.FileMgr append
INFO: append called with filename: testFileModulePerformance789
Sep 26, 2023 4:20:20 PM edu.yu.dbimpl.file.FileMgr append
INFO: Writing to file: src/test/java/edu/yu/dbimpl/testingDirectory/testFileModulePerformance789
Sep 26, 2023 4:20:20 PM edu.yu.dbimpl.file.Page <init>
INFO: Page created with blocksize 50000
Sep 26, 2023 4:20:20 PM edu.yu.dbimpl.file.Page setString
INFO: setString called with offset: 0 and String: Hello, World!789
Sep 26, 2023 4:20:20 PM edu.yu.dbimpl.file.FileMgr append
INFO: append called with filename: testFileModulePerformance790
Sep 26, 2023 4:20:21 PM edu.yu.dbimpl.file.FileMgr append
INFO: Writing to file: src/test/java/edu/yu/dbimpl/testingDirectory/testFileModulePerformance790
Sep 26, 2023 4:20:21 PM edu.yu.dbimpl.file.Page <init>
INFO: Page created with blocksize 50000
Sep 26, 2023 4:20:21 PM edu.yu.dbimpl.file.Page setString
INFO: setString called with offset: 0 and String: Hello, World!790
Sep 26, 2023 4:20:21 PM edu.yu.dbimpl.file.FileMgr append
INFO: append called with filename: testFileModulePerformance791
Sep 26, 2023 4:20:21 PM edu.yu.dbimpl.file.FileMgr append
INFO: Writing to file: src/test/java/edu/yu/dbimpl/testingDirectory/testFileModulePerformance791
Sep 26, 2023 4:20:21 PM edu.yu.dbimpl.file.Page <init>
INFO: Page created with blocksize 50000
Sep 26, 2023 4:20:21 PM edu.yu.dbimpl.file.Page setString
INFO: setString called with offset: 0 and String: Hello, World!791
Sep 26, 2023 4:20:21 PM edu.yu.dbimpl.file.FileMgr append
INFO: append called with filename: testFileModulePerformance792
Sep 26, 2023 4:20:21 PM edu.yu.dbimpl.file.FileMgr append
INFO: Writing to file: src/test/java/edu/yu/dbimpl/testingDirectory/testFileModulePerformance792
Sep 26, 2023 4:20:21 PM edu.yu.dbimpl.file.Page <init>
INFO: Page created with blocksize 50000
Sep 26, 2023 4:20:21 PM edu.yu.dbimpl.file.Page setString
INFO: setString called with offset: 0 and String: Hello, World!792
Sep 26, 2023 4:20:21 PM edu.yu.dbimpl.file.FileMgr append
INFO: append called with filename: testFileModulePerformance793
Sep 26, 2023 4:20:21 PM edu.yu.dbimpl.file.FileMgr append
INFO: Writing to file: src/test/java/edu/yu/dbimpl/testingDirectory/testFileModulePerformance793
Sep 26, 2023 4:20:21 PM edu.yu.dbimpl.file.Page <init>
INFO: Page created with blocksize 50000
Sep 26, 2023 4:20:21 PM edu.yu.dbimpl.file.Page setString
INFO: setString called with offset: 0 and String: Hello, World!793
Sep 26, 2023 4:20:21 PM edu.yu.dbimpl.file.FileMgr append
INFO: append called with filename: testFileModulePerformance794
Sep 26, 2023 4:20:21 PM edu.yu.dbimpl.file.FileMgr append
INFO: Writing to file: src/test/java/edu/yu/dbimpl/testingDirectory/testFileModulePerformance794
Sep 26, 2023 4:20:21 PM edu.yu.dbimpl.file.Page <init>
INFO: Page created with blocksize 50000
Sep 26, 2023 4:20:21 PM edu.yu.dbimpl.file.Page setString
INFO: setString called with offset: 0 and String: Hello, World!794
Sep 26, 2023 4:20:21 PM edu.yu.dbimpl.file.FileMgr append
INFO: append called with filename: testFileModulePerformance795
Sep 26, 2023 4:20:21 PM edu.yu.dbimpl.file.FileMgr append
INFO: Writing to file: src/test/java/edu/yu/dbimpl/testingDirectory/testFileModulePerformance795
Sep 26, 2023 4:20:21 PM edu.yu.dbimpl.file.Page <init>
INFO: Page created with blocksize 50000
Sep 26, 2023 4:20:21 PM edu.yu.dbimpl.file.Page setString
INFO: setString called with offset: 0 and String: Hello, World!795
Sep 26, 2023 4:20:21 PM edu.yu.dbimpl.file.FileMgr append
INFO: append called with filename: testFileModulePerformance796
Sep 26, 2023 4:20:21 PM edu.yu.dbimpl.file.FileMgr append
INFO: Writing to file: src/test/java/edu/yu/dbimpl/testingDirectory/testFileModulePerformance796
Sep 26, 2023 4:20:21 PM edu.yu.dbimpl.file.Page <init>
INFO: Page created with blocksize 50000
Sep 26, 2023 4:20:21 PM edu.yu.dbimpl.file.Page setString
INFO: setString called with offset: 0 and String: Hello, World!796
Sep 26, 2023 4:20:21 PM edu.yu.dbimpl.file.FileMgr append
INFO: append called with filename: testFileModulePerformance797
Sep 26, 2023 4:20:21 PM edu.yu.dbimpl.file.FileMgr append
INFO: Writing to file: src/test/java/edu/yu/dbimpl/testingDirectory/testFileModulePerformance797
Sep 26, 2023 4:20:21 PM edu.yu.dbimpl.file.Page <init>
INFO: Page created with blocksize 50000
Sep 26, 2023 4:20:21 PM edu.yu.dbimpl.file.Page setString
INFO: setString called with offset: 0 and String: Hello, World!797
Sep 26, 2023 4:20:21 PM edu.yu.dbimpl.file.FileMgr append
INFO: append called with filename: testFileModulePerformance798
Sep 26, 2023 4:20:21 PM edu.yu.dbimpl.file.FileMgr append
INFO: Writing to file: src/test/java/edu/yu/dbimpl/testingDirectory/testFileModulePerformance798
Sep 26, 2023 4:20:21 PM edu.yu.dbimpl.file.Page <init>
INFO: Page created with blocksize 50000
Sep 26, 2023 4:20:21 PM edu.yu.dbimpl.file.Page setString
INFO: setString called with offset: 0 and String: Hello, World!798
Sep 26, 2023 4:20:21 PM edu.yu.dbimpl.file.FileMgr append
INFO: append called with filename: testFileModulePerformance799
Sep 26, 2023 4:20:21 PM edu.yu.dbimpl.file.FileMgr append
INFO: Writing to file: src/test/java/edu/yu/dbimpl/testingDirectory/testFileModulePerformance799
Sep 26, 2023 4:20:21 PM edu.yu.dbimpl.file.Page <init>
INFO: Page created with blocksize 50000
Sep 26, 2023 4:20:21 PM edu.yu.dbimpl.file.Page setString
INFO: setString called with offset: 0 and String: Hello, World!799
Sep 26, 2023 4:20:21 PM edu.yu.dbimpl.file.FileMgr append
INFO: append called with filename: testFileModulePerformance800
Sep 26, 2023 4:20:21 PM edu.yu.dbimpl.file.FileMgr append
INFO: Writing to file: src/test/java/edu/yu/dbimpl/testingDirectory/testFileModulePerformance800
Sep 26, 2023 4:20:21 PM edu.yu.dbimpl.file.Page <init>
INFO: Page created with blocksize 50000
Sep 26, 2023 4:20:21 PM edu.yu.dbimpl.file.Page setString
INFO: setString called with offset: 0 and String: Hello, World!800
Sep 26, 2023 4:20:21 PM edu.yu.dbimpl.file.FileMgr append
INFO: append called with filename: testFileModulePerformance801
Sep 26, 2023 4:20:21 PM edu.yu.dbimpl.file.FileMgr append
INFO: Writing to file: src/test/java/edu/yu/dbimpl/testingDirectory/testFileModulePerformance801
Sep 26, 2023 4:20:21 PM edu.yu.dbimpl.file.Page <init>
INFO: Page created with blocksize 50000
Sep 26, 2023 4:20:21 PM edu.yu.dbimpl.file.Page setString
INFO: setString called with offset: 0 and String: Hello, World!801
Sep 26, 2023 4:20:21 PM edu.yu.dbimpl.file.FileMgr append
INFO: append called with filename: testFileModulePerformance802
Sep 26, 2023 4:20:21 PM edu.yu.dbimpl.file.FileMgr append
INFO: Writing to file: src/test/java/edu/yu/dbimpl/testingDirectory/testFileModulePerformance802
Sep 26, 2023 4:20:21 PM edu.yu.dbimpl.file.Page <init>
INFO: Page created with blocksize 50000
Sep 26, 2023 4:20:21 PM edu.yu.dbimpl.file.Page setString
INFO: setString called with offset: 0 and String: Hello, World!802
Sep 26, 2023 4:20:21 PM edu.yu.dbimpl.file.FileMgr append
INFO: append called with filename: testFileModulePerformance803
Sep 26, 2023 4:20:21 PM edu.yu.dbimpl.file.FileMgr append
INFO: Writing to file: src/test/java/edu/yu/dbimpl/testingDirectory/testFileModulePerformance803
Sep 26, 2023 4:20:21 PM edu.yu.dbimpl.file.Page <init>
INFO: Page created with blocksize 50000
Sep 26, 2023 4:20:21 PM edu.yu.dbimpl.file.Page setString
INFO: setString called with offset: 0 and String: Hello, World!803
Sep 26, 2023 4:20:21 PM edu.yu.dbimpl.file.FileMgr append
INFO: append called with filename: testFileModulePerformance804
Sep 26, 2023 4:20:21 PM edu.yu.dbimpl.file.FileMgr append
INFO: Writing to file: src/test/java/edu/yu/dbimpl/testingDirectory/testFileModulePerformance804
Sep 26, 2023 4:20:21 PM edu.yu.dbimpl.file.Page <init>
INFO: Page created with blocksize 50000
Sep 26, 2023 4:20:21 PM edu.yu.dbimpl.file.Page setString
INFO: setString called with offset: 0 and String: Hello, World!804
Sep 26, 2023 4:20:21 PM edu.yu.dbimpl.file.FileMgr append
INFO: append called with filename: testFileModulePerformance805
Sep 26, 2023 4:20:21 PM edu.yu.dbimpl.file.FileMgr append
INFO: Writing to file: src/test/java/edu/yu/dbimpl/testingDirectory/testFileModulePerformance805
Sep 26, 2023 4:20:21 PM edu.yu.dbimpl.file.Page <init>
INFO: Page created with blocksize 50000
Sep 26, 2023 4:20:21 PM edu.yu.dbimpl.file.Page setString
INFO: setString called with offset: 0 and String: Hello, World!805
Sep 26, 2023 4:20:21 PM edu.yu.dbimpl.file.FileMgr append
INFO: append called with filename: testFileModulePerformance806
Sep 26, 2023 4:20:21 PM edu.yu.dbimpl.file.FileMgr append
INFO: Writing to file: src/test/java/edu/yu/dbimpl/testingDirectory/testFileModulePerformance806
Sep 26, 2023 4:20:21 PM edu.yu.dbimpl.file.Page <init>
INFO: Page created with blocksize 50000
Sep 26, 2023 4:20:21 PM edu.yu.dbimpl.file.Page setString
INFO: setString called with offset: 0 and String: Hello, World!806
Sep 26, 2023 4:20:21 PM edu.yu.dbimpl.file.FileMgr append
INFO: append called with filename: testFileModulePerformance807
Sep 26, 2023 4:20:21 PM edu.yu.dbimpl.file.FileMgr append
INFO: Writing to file: src/test/java/edu/yu/dbimpl/testingDirectory/testFileModulePerformance807
Sep 26, 2023 4:20:21 PM edu.yu.dbimpl.file.Page <init>
INFO: Page created with blocksize 50000
Sep 26, 2023 4:20:21 PM edu.yu.dbimpl.file.Page setString
INFO: setString called with offset: 0 and String: Hello, World!807
Sep 26, 2023 4:20:21 PM edu.yu.dbimpl.file.FileMgr append
INFO: append called with filename: testFileModulePerformance808
Sep 26, 2023 4:20:21 PM edu.yu.dbimpl.file.FileMgr append
INFO: Writing to file: src/test/java/edu/yu/dbimpl/testingDirectory/testFileModulePerformance808
Sep 26, 2023 4:20:21 PM edu.yu.dbimpl.file.Page <init>
INFO: Page created with blocksize 50000
Sep 26, 2023 4:20:21 PM edu.yu.dbimpl.file.Page setString
INFO: setString called with offset: 0 and String: Hello, World!808
Sep 26, 2023 4:20:21 PM edu.yu.dbimpl.file.FileMgr append
INFO: append called with filename: testFileModulePerformance809
Sep 26, 2023 4:20:21 PM edu.yu.dbimpl.file.FileMgr append
INFO: Writing to file: src/test/java/edu/yu/dbimpl/testingDirectory/testFileModulePerformance809
Sep 26, 2023 4:20:21 PM edu.yu.dbimpl.file.Page <init>
INFO: Page created with blocksize 50000
Sep 26, 2023 4:20:21 PM edu.yu.dbimpl.file.Page setString
INFO: setString called with offset: 0 and String: Hello, World!809
Sep 26, 2023 4:20:21 PM edu.yu.dbimpl.file.FileMgr append
INFO: append called with filename: testFileModulePerformance810
Sep 26, 2023 4:20:21 PM edu.yu.dbimpl.file.FileMgr append
INFO: Writing to file: src/test/java/edu/yu/dbimpl/testingDirectory/testFileModulePerformance810
Sep 26, 2023 4:20:21 PM edu.yu.dbimpl.file.Page <init>
INFO: Page created with blocksize 50000
Sep 26, 2023 4:20:21 PM edu.yu.dbimpl.file.Page setString
INFO: setString called with offset: 0 and String: Hello, World!810
Sep 26, 2023 4:20:21 PM edu.yu.dbimpl.file.FileMgr append
INFO: append called with filename: testFileModulePerformance811
Sep 26, 2023 4:20:21 PM edu.yu.dbimpl.file.FileMgr append
INFO: Writing to file: src/test/java/edu/yu/dbimpl/testingDirectory/testFileModulePerformance811
Sep 26, 2023 4:20:21 PM edu.yu.dbimpl.file.Page <init>
INFO: Page created with blocksize 50000
Sep 26, 2023 4:20:21 PM edu.yu.dbimpl.file.Page setString
INFO: setString called with offset: 0 and String: Hello, World!811
Sep 26, 2023 4:20:21 PM edu.yu.dbimpl.file.FileMgr append
INFO: append called with filename: testFileModulePerformance812
Sep 26, 2023 4:20:21 PM edu.yu.dbimpl.file.FileMgr append
INFO: Writing to file: src/test/java/edu/yu/dbimpl/testingDirectory/testFileModulePerformance812
Sep 26, 2023 4:20:21 PM edu.yu.dbimpl.file.Page <init>
INFO: Page created with blocksize 50000
Sep 26, 2023 4:20:21 PM edu.yu.dbimpl.file.Page setString
INFO: setString called with offset: 0 and String: Hello, World!812
Sep 26, 2023 4:20:21 PM edu.yu.dbimpl.file.FileMgr append
INFO: append called with filename: testFileModulePerformance813
Sep 26, 2023 4:20:21 PM edu.yu.dbimpl.file.FileMgr append
INFO: Writing to file: src/test/java/edu/yu/dbimpl/testingDirectory/testFileModulePerformance813
Sep 26, 2023 4:20:21 PM edu.yu.dbimpl.file.Page <init>
INFO: Page created with blocksize 50000
Sep 26, 2023 4:20:21 PM edu.yu.dbimpl.file.Page setString
INFO: setString called with offset: 0 and String: Hello, World!813
Sep 26, 2023 4:20:21 PM edu.yu.dbimpl.file.FileMgr append
INFO: append called with filename: testFileModulePerformance814
Sep 26, 2023 4:20:21 PM edu.yu.dbimpl.file.FileMgr append
INFO: Writing to file: src/test/java/edu/yu/dbimpl/testingDirectory/testFileModulePerformance814
Sep 26, 2023 4:20:21 PM edu.yu.dbimpl.file.Page <init>
INFO: Page created with blocksize 50000
Sep 26, 2023 4:20:21 PM edu.yu.dbimpl.file.Page setString
INFO: setString called with offset: 0 and String: Hello, World!814
Sep 26, 2023 4:20:21 PM edu.yu.dbimpl.file.FileMgr append
INFO: append called with filename: testFileModulePerformance815
Sep 26, 2023 4:20:21 PM edu.yu.dbimpl.file.FileMgr append
INFO: Writing to file: src/test/java/edu/yu/dbimpl/testingDirectory/testFileModulePerformance815
Sep 26, 2023 4:20:21 PM edu.yu.dbimpl.file.Page <init>
INFO: Page created with blocksize 50000
Sep 26, 2023 4:20:21 PM edu.yu.dbimpl.file.Page setString
INFO: setString called with offset: 0 and String: Hello, World!815
Sep 26, 2023 4:20:21 PM edu.yu.dbimpl.file.FileMgr append
INFO: append called with filename: testFileModulePerformance816
Sep 26, 2023 4:20:21 PM edu.yu.dbimpl.file.FileMgr append
INFO: Writing to file: src/test/java/edu/yu/dbimpl/testingDirectory/testFileModulePerformance816
Sep 26, 2023 4:20:21 PM edu.yu.dbimpl.file.Page <init>
INFO: Page created with blocksize 50000
Sep 26, 2023 4:20:21 PM edu.yu.dbimpl.file.Page setString
INFO: setString called with offset: 0 and String: Hello, World!816
Sep 26, 2023 4:20:21 PM edu.yu.dbimpl.file.FileMgr append
INFO: append called with filename: testFileModulePerformance817
Sep 26, 2023 4:20:21 PM edu.yu.dbimpl.file.FileMgr append
INFO: Writing to file: src/test/java/edu/yu/dbimpl/testingDirectory/testFileModulePerformance817
Sep 26, 2023 4:20:21 PM edu.yu.dbimpl.file.Page <init>
INFO: Page created with blocksize 50000
Sep 26, 2023 4:20:21 PM edu.yu.dbimpl.file.Page setString
INFO: setString called with offset: 0 and String: Hello, World!817
Sep 26, 2023 4:20:21 PM edu.yu.dbimpl.file.FileMgr append
INFO: append called with filename: testFileModulePerformance818
Sep 26, 2023 4:20:21 PM edu.yu.dbimpl.file.FileMgr append
INFO: Writing to file: src/test/java/edu/yu/dbimpl/testingDirectory/testFileModulePerformance818
Sep 26, 2023 4:20:21 PM edu.yu.dbimpl.file.Page <init>
INFO: Page created with blocksize 50000
Sep 26, 2023 4:20:21 PM edu.yu.dbimpl.file.Page setString
INFO: setString called with offset: 0 and String: Hello, World!818
Sep 26, 2023 4:20:21 PM edu.yu.dbimpl.file.FileMgr append
INFO: append called with filename: testFileModulePerformance819
Sep 26, 2023 4:20:21 PM edu.yu.dbimpl.file.FileMgr append
INFO: Writing to file: src/test/java/edu/yu/dbimpl/testingDirectory/testFileModulePerformance819
Sep 26, 2023 4:20:21 PM edu.yu.dbimpl.file.Page <init>
INFO: Page created with blocksize 50000
Sep 26, 2023 4:20:21 PM edu.yu.dbimpl.file.Page setString
INFO: setString called with offset: 0 and String: Hello, World!819
Sep 26, 2023 4:20:21 PM edu.yu.dbimpl.file.FileMgr append
INFO: append called with filename: testFileModulePerformance820
Sep 26, 2023 4:20:21 PM edu.yu.dbimpl.file.FileMgr append
INFO: Writing to file: src/test/java/edu/yu/dbimpl/testingDirectory/testFileModulePerformance820
Sep 26, 2023 4:20:21 PM edu.yu.dbimpl.file.Page <init>
INFO: Page created with blocksize 50000
Sep 26, 2023 4:20:21 PM edu.yu.dbimpl.file.Page setString
INFO: setString called with offset: 0 and String: Hello, World!820
Sep 26, 2023 4:20:21 PM edu.yu.dbimpl.file.FileMgr append
INFO: append called with filename: testFileModulePerformance821
Sep 26, 2023 4:20:21 PM edu.yu.dbimpl.file.FileMgr append
INFO: Writing to file: src/test/java/edu/yu/dbimpl/testingDirectory/testFileModulePerformance821
Sep 26, 2023 4:20:21 PM edu.yu.dbimpl.file.Page <init>
INFO: Page created with blocksize 50000
Sep 26, 2023 4:20:21 PM edu.yu.dbimpl.file.Page setString
INFO: setString called with offset: 0 and String: Hello, World!821
Sep 26, 2023 4:20:21 PM edu.yu.dbimpl.file.FileMgr append
INFO: append called with filename: testFileModulePerformance822
Sep 26, 2023 4:20:21 PM edu.yu.dbimpl.file.FileMgr append
INFO: Writing to file: src/test/java/edu/yu/dbimpl/testingDirectory/testFileModulePerformance822
Sep 26, 2023 4:20:21 PM edu.yu.dbimpl.file.Page <init>
INFO: Page created with blocksize 50000
Sep 26, 2023 4:20:21 PM edu.yu.dbimpl.file.Page setString
INFO: setString called with offset: 0 and String: Hello, World!822
Sep 26, 2023 4:20:21 PM edu.yu.dbimpl.file.FileMgr append
INFO: append called with filename: testFileModulePerformance823
Sep 26, 2023 4:20:21 PM edu.yu.dbimpl.file.FileMgr append
INFO: Writing to file: src/test/java/edu/yu/dbimpl/testingDirectory/testFileModulePerformance823
Sep 26, 2023 4:20:21 PM edu.yu.dbimpl.file.Page <init>
INFO: Page created with blocksize 50000
Sep 26, 2023 4:20:21 PM edu.yu.dbimpl.file.Page setString
INFO: setString called with offset: 0 and String: Hello, World!823
Sep 26, 2023 4:20:21 PM edu.yu.dbimpl.file.FileMgr append
INFO: append called with filename: testFileModulePerformance824
Sep 26, 2023 4:20:21 PM edu.yu.dbimpl.file.FileMgr append
INFO: Writing to file: src/test/java/edu/yu/dbimpl/testingDirectory/testFileModulePerformance824
Sep 26, 2023 4:20:21 PM edu.yu.dbimpl.file.Page <init>
INFO: Page created with blocksize 50000
Sep 26, 2023 4:20:21 PM edu.yu.dbimpl.file.Page setString
INFO: setString called with offset: 0 and String: Hello, World!824
Sep 26, 2023 4:20:21 PM edu.yu.dbimpl.file.FileMgr append
INFO: append called with filename: testFileModulePerformance825
Sep 26, 2023 4:20:21 PM edu.yu.dbimpl.file.FileMgr append
INFO: Writing to file: src/test/java/edu/yu/dbimpl/testingDirectory/testFileModulePerformance825
Sep 26, 2023 4:20:21 PM edu.yu.dbimpl.file.Page <init>
INFO: Page created with blocksize 50000
Sep 26, 2023 4:20:21 PM edu.yu.dbimpl.file.Page setString
INFO: setString called with offset: 0 and String: Hello, World!825
Sep 26, 2023 4:20:21 PM edu.yu.dbimpl.file.FileMgr append
INFO: append called with filename: testFileModulePerformance826
Sep 26, 2023 4:20:21 PM edu.yu.dbimpl.file.FileMgr append
INFO: Writing to file: src/test/java/edu/yu/dbimpl/testingDirectory/testFileModulePerformance826
Sep 26, 2023 4:20:21 PM edu.yu.dbimpl.file.Page <init>
INFO: Page created with blocksize 50000
Sep 26, 2023 4:20:21 PM edu.yu.dbimpl.file.Page setString
INFO: setString called with offset: 0 and String: Hello, World!826
Sep 26, 2023 4:20:21 PM edu.yu.dbimpl.file.FileMgr append
INFO: append called with filename: testFileModulePerformance827
Sep 26, 2023 4:20:21 PM edu.yu.dbimpl.file.FileMgr append
INFO: Writing to file: src/test/java/edu/yu/dbimpl/testingDirectory/testFileModulePerformance827
Sep 26, 2023 4:20:21 PM edu.yu.dbimpl.file.Page <init>
INFO: Page created with blocksize 50000
Sep 26, 2023 4:20:21 PM edu.yu.dbimpl.file.Page setString
INFO: setString called with offset: 0 and String: Hello, World!827
Sep 26, 2023 4:20:21 PM edu.yu.dbimpl.file.FileMgr append
INFO: append called with filename: testFileModulePerformance828
Sep 26, 2023 4:20:21 PM edu.yu.dbimpl.file.FileMgr append
INFO: Writing to file: src/test/java/edu/yu/dbimpl/testingDirectory/testFileModulePerformance828
Sep 26, 2023 4:20:21 PM edu.yu.dbimpl.file.Page <init>
INFO: Page created with blocksize 50000
Sep 26, 2023 4:20:21 PM edu.yu.dbimpl.file.Page setString
INFO: setString called with offset: 0 and String: Hello, World!828
Sep 26, 2023 4:20:21 PM edu.yu.dbimpl.file.FileMgr append
INFO: append called with filename: testFileModulePerformance829
Sep 26, 2023 4:20:21 PM edu.yu.dbimpl.file.FileMgr append
INFO: Writing to file: src/test/java/edu/yu/dbimpl/testingDirectory/testFileModulePerformance829
Sep 26, 2023 4:20:21 PM edu.yu.dbimpl.file.Page <init>
INFO: Page created with blocksize 50000
Sep 26, 2023 4:20:21 PM edu.yu.dbimpl.file.Page setString
INFO: setString called with offset: 0 and String: Hello, World!829
Sep 26, 2023 4:20:21 PM edu.yu.dbimpl.file.FileMgr append
INFO: append called with filename: testFileModulePerformance830
Sep 26, 2023 4:20:21 PM edu.yu.dbimpl.file.FileMgr append
INFO: Writing to file: src/test/java/edu/yu/dbimpl/testingDirectory/testFileModulePerformance830
Sep 26, 2023 4:20:21 PM edu.yu.dbimpl.file.Page <init>
INFO: Page created with blocksize 50000
Sep 26, 2023 4:20:21 PM edu.yu.dbimpl.file.Page setString
INFO: setString called with offset: 0 and String: Hello, World!830
Sep 26, 2023 4:20:21 PM edu.yu.dbimpl.file.FileMgr append
INFO: append called with filename: testFileModulePerformance831
Sep 26, 2023 4:20:21 PM edu.yu.dbimpl.file.FileMgr append
INFO: Writing to file: src/test/java/edu/yu/dbimpl/testingDirectory/testFileModulePerformance831
Sep 26, 2023 4:20:21 PM edu.yu.dbimpl.file.Page <init>
INFO: Page created with blocksize 50000
Sep 26, 2023 4:20:21 PM edu.yu.dbimpl.file.Page setString
INFO: setString called with offset: 0 and String: Hello, World!831
Sep 26, 2023 4:20:21 PM edu.yu.dbimpl.file.FileMgr append
INFO: append called with filename: testFileModulePerformance832
Sep 26, 2023 4:20:21 PM edu.yu.dbimpl.file.FileMgr append
INFO: Writing to file: src/test/java/edu/yu/dbimpl/testingDirectory/testFileModulePerformance832
Sep 26, 2023 4:20:21 PM edu.yu.dbimpl.file.Page <init>
INFO: Page created with blocksize 50000
Sep 26, 2023 4:20:21 PM edu.yu.dbimpl.file.Page setString
INFO: setString called with offset: 0 and String: Hello, World!832
Sep 26, 2023 4:20:21 PM edu.yu.dbimpl.file.FileMgr append
INFO: append called with filename: testFileModulePerformance833
Sep 26, 2023 4:20:21 PM edu.yu.dbimpl.file.FileMgr append
INFO: Writing to file: src/test/java/edu/yu/dbimpl/testingDirectory/testFileModulePerformance833
Sep 26, 2023 4:20:21 PM edu.yu.dbimpl.file.Page <init>
INFO: Page created with blocksize 50000
Sep 26, 2023 4:20:21 PM edu.yu.dbimpl.file.Page setString
INFO: setString called with offset: 0 and String: Hello, World!833
Sep 26, 2023 4:20:21 PM edu.yu.dbimpl.file.FileMgr append
INFO: append called with filename: testFileModulePerformance834
Sep 26, 2023 4:20:21 PM edu.yu.dbimpl.file.FileMgr append
INFO: Writing to file: src/test/java/edu/yu/dbimpl/testingDirectory/testFileModulePerformance834
Sep 26, 2023 4:20:21 PM edu.yu.dbimpl.file.Page <init>
INFO: Page created with blocksize 50000
Sep 26, 2023 4:20:21 PM edu.yu.dbimpl.file.Page setString
INFO: setString called with offset: 0 and String: Hello, World!834
Sep 26, 2023 4:20:21 PM edu.yu.dbimpl.file.FileMgr append
INFO: append called with filename: testFileModulePerformance835
Sep 26, 2023 4:20:21 PM edu.yu.dbimpl.file.FileMgr append
INFO: Writing to file: src/test/java/edu/yu/dbimpl/testingDirectory/testFileModulePerformance835
Sep 26, 2023 4:20:21 PM edu.yu.dbimpl.file.Page <init>
INFO: Page created with blocksize 50000
Sep 26, 2023 4:20:21 PM edu.yu.dbimpl.file.Page setString
INFO: setString called with offset: 0 and String: Hello, World!835
Sep 26, 2023 4:20:21 PM edu.yu.dbimpl.file.FileMgr append
INFO: append called with filename: testFileModulePerformance836
Sep 26, 2023 4:20:21 PM edu.yu.dbimpl.file.FileMgr append
INFO: Writing to file: src/test/java/edu/yu/dbimpl/testingDirectory/testFileModulePerformance836
Sep 26, 2023 4:20:21 PM edu.yu.dbimpl.file.Page <init>
INFO: Page created with blocksize 50000
Sep 26, 2023 4:20:21 PM edu.yu.dbimpl.file.Page setString
INFO: setString called with offset: 0 and String: Hello, World!836
Sep 26, 2023 4:20:21 PM edu.yu.dbimpl.file.FileMgr append
INFO: append called with filename: testFileModulePerformance837
Sep 26, 2023 4:20:21 PM edu.yu.dbimpl.file.FileMgr append
INFO: Writing to file: src/test/java/edu/yu/dbimpl/testingDirectory/testFileModulePerformance837
Sep 26, 2023 4:20:21 PM edu.yu.dbimpl.file.Page <init>
INFO: Page created with blocksize 50000
Sep 26, 2023 4:20:21 PM edu.yu.dbimpl.file.Page setString
INFO: setString called with offset: 0 and String: Hello, World!837
Sep 26, 2023 4:20:21 PM edu.yu.dbimpl.file.FileMgr append
INFO: append called with filename: testFileModulePerformance838
Sep 26, 2023 4:20:21 PM edu.yu.dbimpl.file.FileMgr append
INFO: Writing to file: src/test/java/edu/yu/dbimpl/testingDirectory/testFileModulePerformance838
Sep 26, 2023 4:20:21 PM edu.yu.dbimpl.file.Page <init>
INFO: Page created with blocksize 50000
Sep 26, 2023 4:20:21 PM edu.yu.dbimpl.file.Page setString
INFO: setString called with offset: 0 and String: Hello, World!838
Sep 26, 2023 4:20:21 PM edu.yu.dbimpl.file.FileMgr append
INFO: append called with filename: testFileModulePerformance839
Sep 26, 2023 4:20:21 PM edu.yu.dbimpl.file.FileMgr append
INFO: Writing to file: src/test/java/edu/yu/dbimpl/testingDirectory/testFileModulePerformance839
Sep 26, 2023 4:20:21 PM edu.yu.dbimpl.file.Page <init>
INFO: Page created with blocksize 50000
Sep 26, 2023 4:20:21 PM edu.yu.dbimpl.file.Page setString
INFO: setString called with offset: 0 and String: Hello, World!839
Sep 26, 2023 4:20:21 PM edu.yu.dbimpl.file.FileMgr append
INFO: append called with filename: testFileModulePerformance840
Sep 26, 2023 4:20:21 PM edu.yu.dbimpl.file.FileMgr append
INFO: Writing to file: src/test/java/edu/yu/dbimpl/testingDirectory/testFileModulePerformance840
Sep 26, 2023 4:20:21 PM edu.yu.dbimpl.file.Page <init>
INFO: Page created with blocksize 50000
Sep 26, 2023 4:20:21 PM edu.yu.dbimpl.file.Page setString
INFO: setString called with offset: 0 and String: Hello, World!840
Sep 26, 2023 4:20:21 PM edu.yu.dbimpl.file.FileMgr append
INFO: append called with filename: testFileModulePerformance841
Sep 26, 2023 4:20:21 PM edu.yu.dbimpl.file.FileMgr append
INFO: Writing to file: src/test/java/edu/yu/dbimpl/testingDirectory/testFileModulePerformance841
Sep 26, 2023 4:20:21 PM edu.yu.dbimpl.file.Page <init>
INFO: Page created with blocksize 50000
Sep 26, 2023 4:20:21 PM edu.yu.dbimpl.file.Page setString
INFO: setString called with offset: 0 and String: Hello, World!841
Sep 26, 2023 4:20:21 PM edu.yu.dbimpl.file.FileMgr append
INFO: append called with filename: testFileModulePerformance842
Sep 26, 2023 4:20:21 PM edu.yu.dbimpl.file.FileMgr append
INFO: Writing to file: src/test/java/edu/yu/dbimpl/testingDirectory/testFileModulePerformance842
Sep 26, 2023 4:20:21 PM edu.yu.dbimpl.file.Page <init>
INFO: Page created with blocksize 50000
Sep 26, 2023 4:20:21 PM edu.yu.dbimpl.file.Page setString
INFO: setString called with offset: 0 and String: Hello, World!842
Sep 26, 2023 4:20:21 PM edu.yu.dbimpl.file.FileMgr append
INFO: append called with filename: testFileModulePerformance843
Sep 26, 2023 4:20:21 PM edu.yu.dbimpl.file.FileMgr append
INFO: Writing to file: src/test/java/edu/yu/dbimpl/testingDirectory/testFileModulePerformance843
Sep 26, 2023 4:20:21 PM edu.yu.dbimpl.file.Page <init>
INFO: Page created with blocksize 50000
Sep 26, 2023 4:20:21 PM edu.yu.dbimpl.file.Page setString
INFO: setString called with offset: 0 and String: Hello, World!843
Sep 26, 2023 4:20:21 PM edu.yu.dbimpl.file.FileMgr append
INFO: append called with filename: testFileModulePerformance844
Sep 26, 2023 4:20:21 PM edu.yu.dbimpl.file.FileMgr append
INFO: Writing to file: src/test/java/edu/yu/dbimpl/testingDirectory/testFileModulePerformance844
Sep 26, 2023 4:20:21 PM edu.yu.dbimpl.file.Page <init>
INFO: Page created with blocksize 50000
Sep 26, 2023 4:20:21 PM edu.yu.dbimpl.file.Page setString
INFO: setString called with offset: 0 and String: Hello, World!844
Sep 26, 2023 4:20:21 PM edu.yu.dbimpl.file.FileMgr append
INFO: append called with filename: testFileModulePerformance845
Sep 26, 2023 4:20:21 PM edu.yu.dbimpl.file.FileMgr append
INFO: Writing to file: src/test/java/edu/yu/dbimpl/testingDirectory/testFileModulePerformance845
Sep 26, 2023 4:20:21 PM edu.yu.dbimpl.file.Page <init>
INFO: Page created with blocksize 50000
Sep 26, 2023 4:20:21 PM edu.yu.dbimpl.file.Page setString
INFO: setString called with offset: 0 and String: Hello, World!845
Sep 26, 2023 4:20:21 PM edu.yu.dbimpl.file.FileMgr append
INFO: append called with filename: testFileModulePerformance846
Sep 26, 2023 4:20:21 PM edu.yu.dbimpl.file.FileMgr append
INFO: Writing to file: src/test/java/edu/yu/dbimpl/testingDirectory/testFileModulePerformance846
Sep 26, 2023 4:20:21 PM edu.yu.dbimpl.file.Page <init>
INFO: Page created with blocksize 50000
Sep 26, 2023 4:20:21 PM edu.yu.dbimpl.file.Page setString
INFO: setString called with offset: 0 and String: Hello, World!846
Sep 26, 2023 4:20:21 PM edu.yu.dbimpl.file.FileMgr append
INFO: append called with filename: testFileModulePerformance847
Sep 26, 2023 4:20:21 PM edu.yu.dbimpl.file.FileMgr append
INFO: Writing to file: src/test/java/edu/yu/dbimpl/testingDirectory/testFileModulePerformance847
Sep 26, 2023 4:20:21 PM edu.yu.dbimpl.file.Page <init>
INFO: Page created with blocksize 50000
Sep 26, 2023 4:20:21 PM edu.yu.dbimpl.file.Page setString
INFO: setString called with offset: 0 and String: Hello, World!847
Sep 26, 2023 4:20:21 PM edu.yu.dbimpl.file.FileMgr append
INFO: append called with filename: testFileModulePerformance848
Sep 26, 2023 4:20:21 PM edu.yu.dbimpl.file.FileMgr append
INFO: Writing to file: src/test/java/edu/yu/dbimpl/testingDirectory/testFileModulePerformance848
Sep 26, 2023 4:20:21 PM edu.yu.dbimpl.file.Page <init>
INFO: Page created with blocksize 50000
Sep 26, 2023 4:20:21 PM edu.yu.dbimpl.file.Page setString
INFO: setString called with offset: 0 and String: Hello, World!848
Sep 26, 2023 4:20:21 PM edu.yu.dbimpl.file.FileMgr append
INFO: append called with filename: testFileModulePerformance849
Sep 26, 2023 4:20:21 PM edu.yu.dbimpl.file.FileMgr append
INFO: Writing to file: src/test/java/edu/yu/dbimpl/testingDirectory/testFileModulePerformance849
Sep 26, 2023 4:20:21 PM edu.yu.dbimpl.file.Page <init>
INFO: Page created with blocksize 50000
Sep 26, 2023 4:20:21 PM edu.yu.dbimpl.file.Page setString
INFO: setString called with offset: 0 and String: Hello, World!849
Sep 26, 2023 4:20:21 PM edu.yu.dbimpl.file.FileMgr append
INFO: append called with filename: testFileModulePerformance850
Sep 26, 2023 4:20:21 PM edu.yu.dbimpl.file.FileMgr append
INFO: Writing to file: src/test/java/edu/yu/dbimpl/testingDirectory/testFileModulePerformance850
Sep 26, 2023 4:20:21 PM edu.yu.dbimpl.file.Page <init>
INFO: Page created with blocksize 50000
Sep 26, 2023 4:20:21 PM edu.yu.dbimpl.file.Page setString
INFO: setString called with offset: 0 and String: Hello, World!850
Sep 26, 2023 4:20:21 PM edu.yu.dbimpl.file.FileMgr append
INFO: append called with filename: testFileModulePerformance851
Sep 26, 2023 4:20:21 PM edu.yu.dbimpl.file.FileMgr append
INFO: Writing to file: src/test/java/edu/yu/dbimpl/testingDirectory/testFileModulePerformance851
Sep 26, 2023 4:20:21 PM edu.yu.dbimpl.file.Page <init>
INFO: Page created with blocksize 50000
Sep 26, 2023 4:20:21 PM edu.yu.dbimpl.file.Page setString
INFO: setString called with offset: 0 and String: Hello, World!851
Sep 26, 2023 4:20:21 PM edu.yu.dbimpl.file.FileMgr append
INFO: append called with filename: testFileModulePerformance852
Sep 26, 2023 4:20:21 PM edu.yu.dbimpl.file.FileMgr append
INFO: Writing to file: src/test/java/edu/yu/dbimpl/testingDirectory/testFileModulePerformance852
Sep 26, 2023 4:20:21 PM edu.yu.dbimpl.file.Page <init>
INFO: Page created with blocksize 50000
Sep 26, 2023 4:20:21 PM edu.yu.dbimpl.file.Page setString
INFO: setString called with offset: 0 and String: Hello, World!852
Sep 26, 2023 4:20:21 PM edu.yu.dbimpl.file.FileMgr append
INFO: append called with filename: testFileModulePerformance853
Sep 26, 2023 4:20:21 PM edu.yu.dbimpl.file.FileMgr append
INFO: Writing to file: src/test/java/edu/yu/dbimpl/testingDirectory/testFileModulePerformance853
Sep 26, 2023 4:20:21 PM edu.yu.dbimpl.file.Page <init>
INFO: Page created with blocksize 50000
Sep 26, 2023 4:20:21 PM edu.yu.dbimpl.file.Page setString
INFO: setString called with offset: 0 and String: Hello, World!853
Sep 26, 2023 4:20:21 PM edu.yu.dbimpl.file.FileMgr append
INFO: append called with filename: testFileModulePerformance854
Sep 26, 2023 4:20:21 PM edu.yu.dbimpl.file.FileMgr append
INFO: Writing to file: src/test/java/edu/yu/dbimpl/testingDirectory/testFileModulePerformance854
Sep 26, 2023 4:20:21 PM edu.yu.dbimpl.file.Page <init>
INFO: Page created with blocksize 50000
Sep 26, 2023 4:20:21 PM edu.yu.dbimpl.file.Page setString
INFO: setString called with offset: 0 and String: Hello, World!854
Sep 26, 2023 4:20:21 PM edu.yu.dbimpl.file.FileMgr append
INFO: append called with filename: testFileModulePerformance855
Sep 26, 2023 4:20:21 PM edu.yu.dbimpl.file.FileMgr append
INFO: Writing to file: src/test/java/edu/yu/dbimpl/testingDirectory/testFileModulePerformance855
Sep 26, 2023 4:20:21 PM edu.yu.dbimpl.file.Page <init>
INFO: Page created with blocksize 50000
Sep 26, 2023 4:20:21 PM edu.yu.dbimpl.file.Page setString
INFO: setString called with offset: 0 and String: Hello, World!855
Sep 26, 2023 4:20:21 PM edu.yu.dbimpl.file.FileMgr append
INFO: append called with filename: testFileModulePerformance856
Sep 26, 2023 4:20:21 PM edu.yu.dbimpl.file.FileMgr append
INFO: Writing to file: src/test/java/edu/yu/dbimpl/testingDirectory/testFileModulePerformance856
Sep 26, 2023 4:20:21 PM edu.yu.dbimpl.file.Page <init>
INFO: Page created with blocksize 50000
Sep 26, 2023 4:20:21 PM edu.yu.dbimpl.file.Page setString
INFO: setString called with offset: 0 and String: Hello, World!856
Sep 26, 2023 4:20:21 PM edu.yu.dbimpl.file.FileMgr append
INFO: append called with filename: testFileModulePerformance857
Sep 26, 2023 4:20:21 PM edu.yu.dbimpl.file.FileMgr append
INFO: Writing to file: src/test/java/edu/yu/dbimpl/testingDirectory/testFileModulePerformance857
Sep 26, 2023 4:20:21 PM edu.yu.dbimpl.file.Page <init>
INFO: Page created with blocksize 50000
Sep 26, 2023 4:20:21 PM edu.yu.dbimpl.file.Page setString
INFO: setString called with offset: 0 and String: Hello, World!857
Sep 26, 2023 4:20:21 PM edu.yu.dbimpl.file.FileMgr append
INFO: append called with filename: testFileModulePerformance858
Sep 26, 2023 4:20:21 PM edu.yu.dbimpl.file.FileMgr append
INFO: Writing to file: src/test/java/edu/yu/dbimpl/testingDirectory/testFileModulePerformance858
Sep 26, 2023 4:20:21 PM edu.yu.dbimpl.file.Page <init>
INFO: Page created with blocksize 50000
Sep 26, 2023 4:20:21 PM edu.yu.dbimpl.file.Page setString
INFO: setString called with offset: 0 and String: Hello, World!858
Sep 26, 2023 4:20:21 PM edu.yu.dbimpl.file.FileMgr append
INFO: append called with filename: testFileModulePerformance859
Sep 26, 2023 4:20:21 PM edu.yu.dbimpl.file.FileMgr append
INFO: Writing to file: src/test/java/edu/yu/dbimpl/testingDirectory/testFileModulePerformance859
Sep 26, 2023 4:20:21 PM edu.yu.dbimpl.file.Page <init>
INFO: Page created with blocksize 50000
Sep 26, 2023 4:20:21 PM edu.yu.dbimpl.file.Page setString
INFO: setString called with offset: 0 and String: Hello, World!859
Sep 26, 2023 4:20:21 PM edu.yu.dbimpl.file.FileMgr append
INFO: append called with filename: testFileModulePerformance860
Sep 26, 2023 4:20:21 PM edu.yu.dbimpl.file.FileMgr append
INFO: Writing to file: src/test/java/edu/yu/dbimpl/testingDirectory/testFileModulePerformance860
Sep 26, 2023 4:20:21 PM edu.yu.dbimpl.file.Page <init>
INFO: Page created with blocksize 50000
Sep 26, 2023 4:20:21 PM edu.yu.dbimpl.file.Page setString
INFO: setString called with offset: 0 and String: Hello, World!860
Sep 26, 2023 4:20:21 PM edu.yu.dbimpl.file.FileMgr append
INFO: append called with filename: testFileModulePerformance861
Sep 26, 2023 4:20:21 PM edu.yu.dbimpl.file.FileMgr append
INFO: Writing to file: src/test/java/edu/yu/dbimpl/testingDirectory/testFileModulePerformance861
Sep 26, 2023 4:20:21 PM edu.yu.dbimpl.file.Page <init>
INFO: Page created with blocksize 50000
Sep 26, 2023 4:20:21 PM edu.yu.dbimpl.file.Page setString
INFO: setString called with offset: 0 and String: Hello, World!861
Sep 26, 2023 4:20:21 PM edu.yu.dbimpl.file.FileMgr append
INFO: append called with filename: testFileModulePerformance862
Sep 26, 2023 4:20:21 PM edu.yu.dbimpl.file.FileMgr append
INFO: Writing to file: src/test/java/edu/yu/dbimpl/testingDirectory/testFileModulePerformance862
Sep 26, 2023 4:20:21 PM edu.yu.dbimpl.file.Page <init>
INFO: Page created with blocksize 50000
Sep 26, 2023 4:20:21 PM edu.yu.dbimpl.file.Page setString
INFO: setString called with offset: 0 and String: Hello, World!862
Sep 26, 2023 4:20:21 PM edu.yu.dbimpl.file.FileMgr append
INFO: append called with filename: testFileModulePerformance863
Sep 26, 2023 4:20:21 PM edu.yu.dbimpl.file.FileMgr append
INFO: Writing to file: src/test/java/edu/yu/dbimpl/testingDirectory/testFileModulePerformance863
Sep 26, 2023 4:20:21 PM edu.yu.dbimpl.file.Page <init>
INFO: Page created with blocksize 50000
Sep 26, 2023 4:20:21 PM edu.yu.dbimpl.file.Page setString
INFO: setString called with offset: 0 and String: Hello, World!863
Sep 26, 2023 4:20:21 PM edu.yu.dbimpl.file.FileMgr append
INFO: append called with filename: testFileModulePerformance864
Sep 26, 2023 4:20:21 PM edu.yu.dbimpl.file.FileMgr append
INFO: Writing to file: src/test/java/edu/yu/dbimpl/testingDirectory/testFileModulePerformance864
Sep 26, 2023 4:20:21 PM edu.yu.dbimpl.file.Page <init>
INFO: Page created with blocksize 50000
Sep 26, 2023 4:20:21 PM edu.yu.dbimpl.file.Page setString
INFO: setString called with offset: 0 and String: Hello, World!864
Sep 26, 2023 4:20:21 PM edu.yu.dbimpl.file.FileMgr append
INFO: append called with filename: testFileModulePerformance865
Sep 26, 2023 4:20:21 PM edu.yu.dbimpl.file.FileMgr append
INFO: Writing to file: src/test/java/edu/yu/dbimpl/testingDirectory/testFileModulePerformance865
Sep 26, 2023 4:20:21 PM edu.yu.dbimpl.file.Page <init>
INFO: Page created with blocksize 50000
Sep 26, 2023 4:20:21 PM edu.yu.dbimpl.file.Page setString
INFO: setString called with offset: 0 and String: Hello, World!865
Sep 26, 2023 4:20:21 PM edu.yu.dbimpl.file.FileMgr append
INFO: append called with filename: testFileModulePerformance866
Sep 26, 2023 4:20:21 PM edu.yu.dbimpl.file.FileMgr append
INFO: Writing to file: src/test/java/edu/yu/dbimpl/testingDirectory/testFileModulePerformance866
Sep 26, 2023 4:20:21 PM edu.yu.dbimpl.file.Page <init>
INFO: Page created with blocksize 50000
Sep 26, 2023 4:20:21 PM edu.yu.dbimpl.file.Page setString
INFO: setString called with offset: 0 and String: Hello, World!866
Sep 26, 2023 4:20:21 PM edu.yu.dbimpl.file.FileMgr append
INFO: append called with filename: testFileModulePerformance867
Sep 26, 2023 4:20:21 PM edu.yu.dbimpl.file.FileMgr append
INFO: Writing to file: src/test/java/edu/yu/dbimpl/testingDirectory/testFileModulePerformance867
Sep 26, 2023 4:20:21 PM edu.yu.dbimpl.file.Page <init>
INFO: Page created with blocksize 50000
Sep 26, 2023 4:20:21 PM edu.yu.dbimpl.file.Page setString
INFO: setString called with offset: 0 and String: Hello, World!867
Sep 26, 2023 4:20:21 PM edu.yu.dbimpl.file.FileMgr append
INFO: append called with filename: testFileModulePerformance868
Sep 26, 2023 4:20:21 PM edu.yu.dbimpl.file.FileMgr append
INFO: Writing to file: src/test/java/edu/yu/dbimpl/testingDirectory/testFileModulePerformance868
Sep 26, 2023 4:20:21 PM edu.yu.dbimpl.file.Page <init>
INFO: Page created with blocksize 50000
Sep 26, 2023 4:20:21 PM edu.yu.dbimpl.file.Page setString
INFO: setString called with offset: 0 and String: Hello, World!868
Sep 26, 2023 4:20:21 PM edu.yu.dbimpl.file.FileMgr append
INFO: append called with filename: testFileModulePerformance869
Sep 26, 2023 4:20:21 PM edu.yu.dbimpl.file.FileMgr append
INFO: Writing to file: src/test/java/edu/yu/dbimpl/testingDirectory/testFileModulePerformance869
Sep 26, 2023 4:20:21 PM edu.yu.dbimpl.file.Page <init>
INFO: Page created with blocksize 50000
Sep 26, 2023 4:20:21 PM edu.yu.dbimpl.file.Page setString
INFO: setString called with offset: 0 and String: Hello, World!869
Sep 26, 2023 4:20:21 PM edu.yu.dbimpl.file.FileMgr append
INFO: append called with filename: testFileModulePerformance870
Sep 26, 2023 4:20:21 PM edu.yu.dbimpl.file.FileMgr append
INFO: Writing to file: src/test/java/edu/yu/dbimpl/testingDirectory/testFileModulePerformance870
Sep 26, 2023 4:20:21 PM edu.yu.dbimpl.file.Page <init>
INFO: Page created with blocksize 50000
Sep 26, 2023 4:20:21 PM edu.yu.dbimpl.file.Page setString
INFO: setString called with offset: 0 and String: Hello, World!870
Sep 26, 2023 4:20:21 PM edu.yu.dbimpl.file.FileMgr append
INFO: append called with filename: testFileModulePerformance871
Sep 26, 2023 4:20:21 PM edu.yu.dbimpl.file.FileMgr append
INFO: Writing to file: src/test/java/edu/yu/dbimpl/testingDirectory/testFileModulePerformance871
Sep 26, 2023 4:20:21 PM edu.yu.dbimpl.file.Page <init>
INFO: Page created with blocksize 50000
Sep 26, 2023 4:20:21 PM edu.yu.dbimpl.file.Page setString
INFO: setString called with offset: 0 and String: Hello, World!871
Sep 26, 2023 4:20:21 PM edu.yu.dbimpl.file.FileMgr append
INFO: append called with filename: testFileModulePerformance872
Sep 26, 2023 4:20:21 PM edu.yu.dbimpl.file.FileMgr append
INFO: Writing to file: src/test/java/edu/yu/dbimpl/testingDirectory/testFileModulePerformance872
Sep 26, 2023 4:20:21 PM edu.yu.dbimpl.file.Page <init>
INFO: Page created with blocksize 50000
Sep 26, 2023 4:20:21 PM edu.yu.dbimpl.file.Page setString
INFO: setString called with offset: 0 and String: Hello, World!872
Sep 26, 2023 4:20:21 PM edu.yu.dbimpl.file.FileMgr append
INFO: append called with filename: testFileModulePerformance873
Sep 26, 2023 4:20:21 PM edu.yu.dbimpl.file.FileMgr append
INFO: Writing to file: src/test/java/edu/yu/dbimpl/testingDirectory/testFileModulePerformance873
Sep 26, 2023 4:20:21 PM edu.yu.dbimpl.file.Page <init>
INFO: Page created with blocksize 50000
Sep 26, 2023 4:20:21 PM edu.yu.dbimpl.file.Page setString
INFO: setString called with offset: 0 and String: Hello, World!873
Sep 26, 2023 4:20:21 PM edu.yu.dbimpl.file.FileMgr append
INFO: append called with filename: testFileModulePerformance874
Sep 26, 2023 4:20:21 PM edu.yu.dbimpl.file.FileMgr append
INFO: Writing to file: src/test/java/edu/yu/dbimpl/testingDirectory/testFileModulePerformance874
Sep 26, 2023 4:20:21 PM edu.yu.dbimpl.file.Page <init>
INFO: Page created with blocksize 50000
Sep 26, 2023 4:20:21 PM edu.yu.dbimpl.file.Page setString
INFO: setString called with offset: 0 and String: Hello, World!874
Sep 26, 2023 4:20:21 PM edu.yu.dbimpl.file.FileMgr append
INFO: append called with filename: testFileModulePerformance875
Sep 26, 2023 4:20:21 PM edu.yu.dbimpl.file.FileMgr append
INFO: Writing to file: src/test/java/edu/yu/dbimpl/testingDirectory/testFileModulePerformance875
Sep 26, 2023 4:20:21 PM edu.yu.dbimpl.file.Page <init>
INFO: Page created with blocksize 50000
Sep 26, 2023 4:20:21 PM edu.yu.dbimpl.file.Page setString
INFO: setString called with offset: 0 and String: Hello, World!875
Sep 26, 2023 4:20:21 PM edu.yu.dbimpl.file.FileMgr append
INFO: append called with filename: testFileModulePerformance876
Sep 26, 2023 4:20:21 PM edu.yu.dbimpl.file.FileMgr append
INFO: Writing to file: src/test/java/edu/yu/dbimpl/testingDirectory/testFileModulePerformance876
Sep 26, 2023 4:20:21 PM edu.yu.dbimpl.file.Page <init>
INFO: Page created with blocksize 50000
Sep 26, 2023 4:20:21 PM edu.yu.dbimpl.file.Page setString
INFO: setString called with offset: 0 and String: Hello, World!876
Sep 26, 2023 4:20:21 PM edu.yu.dbimpl.file.FileMgr append
INFO: append called with filename: testFileModulePerformance877
Sep 26, 2023 4:20:21 PM edu.yu.dbimpl.file.FileMgr append
INFO: Writing to file: src/test/java/edu/yu/dbimpl/testingDirectory/testFileModulePerformance877
Sep 26, 2023 4:20:21 PM edu.yu.dbimpl.file.Page <init>
INFO: Page created with blocksize 50000
Sep 26, 2023 4:20:21 PM edu.yu.dbimpl.file.Page setString
INFO: setString called with offset: 0 and String: Hello, World!877
Sep 26, 2023 4:20:21 PM edu.yu.dbimpl.file.FileMgr append
INFO: append called with filename: testFileModulePerformance878
Sep 26, 2023 4:20:21 PM edu.yu.dbimpl.file.FileMgr append
INFO: Writing to file: src/test/java/edu/yu/dbimpl/testingDirectory/testFileModulePerformance878
Sep 26, 2023 4:20:21 PM edu.yu.dbimpl.file.Page <init>
INFO: Page created with blocksize 50000
Sep 26, 2023 4:20:21 PM edu.yu.dbimpl.file.Page setString
INFO: setString called with offset: 0 and String: Hello, World!878
Sep 26, 2023 4:20:21 PM edu.yu.dbimpl.file.FileMgr append
INFO: append called with filename: testFileModulePerformance879
Sep 26, 2023 4:20:21 PM edu.yu.dbimpl.file.FileMgr append
INFO: Writing to file: src/test/java/edu/yu/dbimpl/testingDirectory/testFileModulePerformance879
Sep 26, 2023 4:20:21 PM edu.yu.dbimpl.file.Page <init>
INFO: Page created with blocksize 50000
Sep 26, 2023 4:20:21 PM edu.yu.dbimpl.file.Page setString
INFO: setString called with offset: 0 and String: Hello, World!879
Sep 26, 2023 4:20:21 PM edu.yu.dbimpl.file.FileMgr append
INFO: append called with filename: testFileModulePerformance880
Sep 26, 2023 4:20:21 PM edu.yu.dbimpl.file.FileMgr append
INFO: Writing to file: src/test/java/edu/yu/dbimpl/testingDirectory/testFileModulePerformance880
Sep 26, 2023 4:20:21 PM edu.yu.dbimpl.file.Page <init>
INFO: Page created with blocksize 50000
Sep 26, 2023 4:20:21 PM edu.yu.dbimpl.file.Page setString
INFO: setString called with offset: 0 and String: Hello, World!880
Sep 26, 2023 4:20:21 PM edu.yu.dbimpl.file.FileMgr append
INFO: append called with filename: testFileModulePerformance881
Sep 26, 2023 4:20:21 PM edu.yu.dbimpl.file.FileMgr append
INFO: Writing to file: src/test/java/edu/yu/dbimpl/testingDirectory/testFileModulePerformance881
Sep 26, 2023 4:20:21 PM edu.yu.dbimpl.file.Page <init>
INFO: Page created with blocksize 50000
Sep 26, 2023 4:20:21 PM edu.yu.dbimpl.file.Page setString
INFO: setString called with offset: 0 and String: Hello, World!881
Sep 26, 2023 4:20:21 PM edu.yu.dbimpl.file.FileMgr append
INFO: append called with filename: testFileModulePerformance882
Sep 26, 2023 4:20:21 PM edu.yu.dbimpl.file.FileMgr append
INFO: Writing to file: src/test/java/edu/yu/dbimpl/testingDirectory/testFileModulePerformance882
Sep 26, 2023 4:20:21 PM edu.yu.dbimpl.file.Page <init>
INFO: Page created with blocksize 50000
Sep 26, 2023 4:20:21 PM edu.yu.dbimpl.file.Page setString
INFO: setString called with offset: 0 and String: Hello, World!882
Sep 26, 2023 4:20:21 PM edu.yu.dbimpl.file.FileMgr append
INFO: append called with filename: testFileModulePerformance883
Sep 26, 2023 4:20:21 PM edu.yu.dbimpl.file.FileMgr append
INFO: Writing to file: src/test/java/edu/yu/dbimpl/testingDirectory/testFileModulePerformance883
Sep 26, 2023 4:20:21 PM edu.yu.dbimpl.file.Page <init>
INFO: Page created with blocksize 50000
Sep 26, 2023 4:20:21 PM edu.yu.dbimpl.file.Page setString
INFO: setString called with offset: 0 and String: Hello, World!883
Sep 26, 2023 4:20:21 PM edu.yu.dbimpl.file.FileMgr append
INFO: append called with filename: testFileModulePerformance884
Sep 26, 2023 4:20:21 PM edu.yu.dbimpl.file.FileMgr append
INFO: Writing to file: src/test/java/edu/yu/dbimpl/testingDirectory/testFileModulePerformance884
Sep 26, 2023 4:20:21 PM edu.yu.dbimpl.file.Page <init>
INFO: Page created with blocksize 50000
Sep 26, 2023 4:20:21 PM edu.yu.dbimpl.file.Page setString
INFO: setString called with offset: 0 and String: Hello, World!884
Sep 26, 2023 4:20:21 PM edu.yu.dbimpl.file.FileMgr append
INFO: append called with filename: testFileModulePerformance885
Sep 26, 2023 4:20:21 PM edu.yu.dbimpl.file.FileMgr append
INFO: Writing to file: src/test/java/edu/yu/dbimpl/testingDirectory/testFileModulePerformance885
Sep 26, 2023 4:20:21 PM edu.yu.dbimpl.file.Page <init>
INFO: Page created with blocksize 50000
Sep 26, 2023 4:20:21 PM edu.yu.dbimpl.file.Page setString
INFO: setString called with offset: 0 and String: Hello, World!885
Sep 26, 2023 4:20:21 PM edu.yu.dbimpl.file.FileMgr append
INFO: append called with filename: testFileModulePerformance886
Sep 26, 2023 4:20:21 PM edu.yu.dbimpl.file.FileMgr append
INFO: Writing to file: src/test/java/edu/yu/dbimpl/testingDirectory/testFileModulePerformance886
Sep 26, 2023 4:20:21 PM edu.yu.dbimpl.file.Page <init>
INFO: Page created with blocksize 50000
Sep 26, 2023 4:20:21 PM edu.yu.dbimpl.file.Page setString
INFO: setString called with offset: 0 and String: Hello, World!886
Sep 26, 2023 4:20:21 PM edu.yu.dbimpl.file.FileMgr append
INFO: append called with filename: testFileModulePerformance887
Sep 26, 2023 4:20:21 PM edu.yu.dbimpl.file.FileMgr append
INFO: Writing to file: src/test/java/edu/yu/dbimpl/testingDirectory/testFileModulePerformance887
Sep 26, 2023 4:20:21 PM edu.yu.dbimpl.file.Page <init>
INFO: Page created with blocksize 50000
Sep 26, 2023 4:20:21 PM edu.yu.dbimpl.file.Page setString
INFO: setString called with offset: 0 and String: Hello, World!887
Sep 26, 2023 4:20:21 PM edu.yu.dbimpl.file.FileMgr append
INFO: append called with filename: testFileModulePerformance888
Sep 26, 2023 4:20:21 PM edu.yu.dbimpl.file.FileMgr append
INFO: Writing to file: src/test/java/edu/yu/dbimpl/testingDirectory/testFileModulePerformance888
Sep 26, 2023 4:20:21 PM edu.yu.dbimpl.file.Page <init>
INFO: Page created with blocksize 50000
Sep 26, 2023 4:20:21 PM edu.yu.dbimpl.file.Page setString
INFO: setString called with offset: 0 and String: Hello, World!888
Sep 26, 2023 4:20:21 PM edu.yu.dbimpl.file.FileMgr append
INFO: append called with filename: testFileModulePerformance889
Sep 26, 2023 4:20:21 PM edu.yu.dbimpl.file.FileMgr append
INFO: Writing to file: src/test/java/edu/yu/dbimpl/testingDirectory/testFileModulePerformance889
Sep 26, 2023 4:20:21 PM edu.yu.dbimpl.file.Page <init>
INFO: Page created with blocksize 50000
Sep 26, 2023 4:20:21 PM edu.yu.dbimpl.file.Page setString
INFO: setString called with offset: 0 and String: Hello, World!889
Sep 26, 2023 4:20:21 PM edu.yu.dbimpl.file.FileMgr append
INFO: append called with filename: testFileModulePerformance890
Sep 26, 2023 4:20:21 PM edu.yu.dbimpl.file.FileMgr append
INFO: Writing to file: src/test/java/edu/yu/dbimpl/testingDirectory/testFileModulePerformance890
Sep 26, 2023 4:20:21 PM edu.yu.dbimpl.file.Page <init>
INFO: Page created with blocksize 50000
Sep 26, 2023 4:20:21 PM edu.yu.dbimpl.file.Page setString
INFO: setString called with offset: 0 and String: Hello, World!890
Sep 26, 2023 4:20:21 PM edu.yu.dbimpl.file.FileMgr append
INFO: append called with filename: testFileModulePerformance891
Sep 26, 2023 4:20:21 PM edu.yu.dbimpl.file.FileMgr append
INFO: Writing to file: src/test/java/edu/yu/dbimpl/testingDirectory/testFileModulePerformance891
Sep 26, 2023 4:20:21 PM edu.yu.dbimpl.file.Page <init>
INFO: Page created with blocksize 50000
Sep 26, 2023 4:20:21 PM edu.yu.dbimpl.file.Page setString
INFO: setString called with offset: 0 and String: Hello, World!891
Sep 26, 2023 4:20:21 PM edu.yu.dbimpl.file.FileMgr append
INFO: append called with filename: testFileModulePerformance892
Sep 26, 2023 4:20:21 PM edu.yu.dbimpl.file.FileMgr append
INFO: Writing to file: src/test/java/edu/yu/dbimpl/testingDirectory/testFileModulePerformance892
Sep 26, 2023 4:20:21 PM edu.yu.dbimpl.file.Page <init>
INFO: Page created with blocksize 50000
Sep 26, 2023 4:20:21 PM edu.yu.dbimpl.file.Page setString
INFO: setString called with offset: 0 and String: Hello, World!892
Sep 26, 2023 4:20:21 PM edu.yu.dbimpl.file.FileMgr append
INFO: append called with filename: testFileModulePerformance893
Sep 26, 2023 4:20:21 PM edu.yu.dbimpl.file.FileMgr append
INFO: Writing to file: src/test/java/edu/yu/dbimpl/testingDirectory/testFileModulePerformance893
Sep 26, 2023 4:20:21 PM edu.yu.dbimpl.file.Page <init>
INFO: Page created with blocksize 50000
Sep 26, 2023 4:20:21 PM edu.yu.dbimpl.file.Page setString
INFO: setString called with offset: 0 and String: Hello, World!893
Sep 26, 2023 4:20:21 PM edu.yu.dbimpl.file.FileMgr append
INFO: append called with filename: testFileModulePerformance894
Sep 26, 2023 4:20:21 PM edu.yu.dbimpl.file.FileMgr append
INFO: Writing to file: src/test/java/edu/yu/dbimpl/testingDirectory/testFileModulePerformance894
Sep 26, 2023 4:20:21 PM edu.yu.dbimpl.file.Page <init>
INFO: Page created with blocksize 50000
Sep 26, 2023 4:20:21 PM edu.yu.dbimpl.file.Page setString
INFO: setString called with offset: 0 and String: Hello, World!894
Sep 26, 2023 4:20:21 PM edu.yu.dbimpl.file.FileMgr append
INFO: append called with filename: testFileModulePerformance895
Sep 26, 2023 4:20:21 PM edu.yu.dbimpl.file.FileMgr append
INFO: Writing to file: src/test/java/edu/yu/dbimpl/testingDirectory/testFileModulePerformance895
Sep 26, 2023 4:20:21 PM edu.yu.dbimpl.file.Page <init>
INFO: Page created with blocksize 50000
Sep 26, 2023 4:20:21 PM edu.yu.dbimpl.file.Page setString
INFO: setString called with offset: 0 and String: Hello, World!895
Sep 26, 2023 4:20:21 PM edu.yu.dbimpl.file.FileMgr append
INFO: append called with filename: testFileModulePerformance896
Sep 26, 2023 4:20:21 PM edu.yu.dbimpl.file.FileMgr append
INFO: Writing to file: src/test/java/edu/yu/dbimpl/testingDirectory/testFileModulePerformance896
Sep 26, 2023 4:20:21 PM edu.yu.dbimpl.file.Page <init>
INFO: Page created with blocksize 50000
Sep 26, 2023 4:20:21 PM edu.yu.dbimpl.file.Page setString
INFO: setString called with offset: 0 and String: Hello, World!896
Sep 26, 2023 4:20:21 PM edu.yu.dbimpl.file.FileMgr append
INFO: append called with filename: testFileModulePerformance897
Sep 26, 2023 4:20:21 PM edu.yu.dbimpl.file.FileMgr append
INFO: Writing to file: src/test/java/edu/yu/dbimpl/testingDirectory/testFileModulePerformance897
Sep 26, 2023 4:20:21 PM edu.yu.dbimpl.file.Page <init>
INFO: Page created with blocksize 50000
Sep 26, 2023 4:20:21 PM edu.yu.dbimpl.file.Page setString
INFO: setString called with offset: 0 and String: Hello, World!897
Sep 26, 2023 4:20:21 PM edu.yu.dbimpl.file.FileMgr append
INFO: append called with filename: testFileModulePerformance898
Sep 26, 2023 4:20:21 PM edu.yu.dbimpl.file.FileMgr append
INFO: Writing to file: src/test/java/edu/yu/dbimpl/testingDirectory/testFileModulePerformance898
Sep 26, 2023 4:20:21 PM edu.yu.dbimpl.file.Page <init>
INFO: Page created with blocksize 50000
Sep 26, 2023 4:20:21 PM edu.yu.dbimpl.file.Page setString
INFO: setString called with offset: 0 and String: Hello, World!898
Sep 26, 2023 4:20:21 PM edu.yu.dbimpl.file.FileMgr append
INFO: append called with filename: testFileModulePerformance899
Sep 26, 2023 4:20:21 PM edu.yu.dbimpl.file.FileMgr append
INFO: Writing to file: src/test/java/edu/yu/dbimpl/testingDirectory/testFileModulePerformance899
Sep 26, 2023 4:20:21 PM edu.yu.dbimpl.file.Page <init>
INFO: Page created with blocksize 50000
Sep 26, 2023 4:20:21 PM edu.yu.dbimpl.file.Page setString
INFO: setString called with offset: 0 and String: Hello, World!899
Sep 26, 2023 4:20:21 PM edu.yu.dbimpl.file.FileMgr append
INFO: append called with filename: testFileModulePerformance900
Sep 26, 2023 4:20:21 PM edu.yu.dbimpl.file.FileMgr append
INFO: Writing to file: src/test/java/edu/yu/dbimpl/testingDirectory/testFileModulePerformance900
Sep 26, 2023 4:20:21 PM edu.yu.dbimpl.file.Page <init>
INFO: Page created with blocksize 50000
Sep 26, 2023 4:20:21 PM edu.yu.dbimpl.file.Page setString
INFO: setString called with offset: 0 and String: Hello, World!900
Sep 26, 2023 4:20:21 PM edu.yu.dbimpl.file.FileMgr append
INFO: append called with filename: testFileModulePerformance901
Sep 26, 2023 4:20:21 PM edu.yu.dbimpl.file.FileMgr append
INFO: Writing to file: src/test/java/edu/yu/dbimpl/testingDirectory/testFileModulePerformance901
Sep 26, 2023 4:20:21 PM edu.yu.dbimpl.file.Page <init>
INFO: Page created with blocksize 50000
Sep 26, 2023 4:20:21 PM edu.yu.dbimpl.file.Page setString
INFO: setString called with offset: 0 and String: Hello, World!901
Sep 26, 2023 4:20:21 PM edu.yu.dbimpl.file.FileMgr append
INFO: append called with filename: testFileModulePerformance902
Sep 26, 2023 4:20:21 PM edu.yu.dbimpl.file.FileMgr append
INFO: Writing to file: src/test/java/edu/yu/dbimpl/testingDirectory/testFileModulePerformance902
Sep 26, 2023 4:20:21 PM edu.yu.dbimpl.file.Page <init>
INFO: Page created with blocksize 50000
Sep 26, 2023 4:20:21 PM edu.yu.dbimpl.file.Page setString
INFO: setString called with offset: 0 and String: Hello, World!902
Sep 26, 2023 4:20:21 PM edu.yu.dbimpl.file.FileMgr append
INFO: append called with filename: testFileModulePerformance903
Sep 26, 2023 4:20:21 PM edu.yu.dbimpl.file.FileMgr append
INFO: Writing to file: src/test/java/edu/yu/dbimpl/testingDirectory/testFileModulePerformance903
Sep 26, 2023 4:20:21 PM edu.yu.dbimpl.file.Page <init>
INFO: Page created with blocksize 50000
Sep 26, 2023 4:20:21 PM edu.yu.dbimpl.file.Page setString
INFO: setString called with offset: 0 and String: Hello, World!903
Sep 26, 2023 4:20:21 PM edu.yu.dbimpl.file.FileMgr append
INFO: append called with filename: testFileModulePerformance904
Sep 26, 2023 4:20:21 PM edu.yu.dbimpl.file.FileMgr append
INFO: Writing to file: src/test/java/edu/yu/dbimpl/testingDirectory/testFileModulePerformance904
Sep 26, 2023 4:20:21 PM edu.yu.dbimpl.file.Page <init>
INFO: Page created with blocksize 50000
Sep 26, 2023 4:20:21 PM edu.yu.dbimpl.file.Page setString
INFO: setString called with offset: 0 and String: Hello, World!904
Sep 26, 2023 4:20:21 PM edu.yu.dbimpl.file.FileMgr append
INFO: append called with filename: testFileModulePerformance905
Sep 26, 2023 4:20:21 PM edu.yu.dbimpl.file.FileMgr append
INFO: Writing to file: src/test/java/edu/yu/dbimpl/testingDirectory/testFileModulePerformance905
Sep 26, 2023 4:20:21 PM edu.yu.dbimpl.file.Page <init>
INFO: Page created with blocksize 50000
Sep 26, 2023 4:20:21 PM edu.yu.dbimpl.file.Page setString
INFO: setString called with offset: 0 and String: Hello, World!905
Sep 26, 2023 4:20:21 PM edu.yu.dbimpl.file.FileMgr append
INFO: append called with filename: testFileModulePerformance906
Sep 26, 2023 4:20:21 PM edu.yu.dbimpl.file.FileMgr append
INFO: Writing to file: src/test/java/edu/yu/dbimpl/testingDirectory/testFileModulePerformance906
Sep 26, 2023 4:20:21 PM edu.yu.dbimpl.file.Page <init>
INFO: Page created with blocksize 50000
Sep 26, 2023 4:20:21 PM edu.yu.dbimpl.file.Page setString
INFO: setString called with offset: 0 and String: Hello, World!906
Sep 26, 2023 4:20:21 PM edu.yu.dbimpl.file.FileMgr append
INFO: append called with filename: testFileModulePerformance907
Sep 26, 2023 4:20:21 PM edu.yu.dbimpl.file.FileMgr append
INFO: Writing to file: src/test/java/edu/yu/dbimpl/testingDirectory/testFileModulePerformance907
Sep 26, 2023 4:20:21 PM edu.yu.dbimpl.file.Page <init>
INFO: Page created with blocksize 50000
Sep 26, 2023 4:20:21 PM edu.yu.dbimpl.file.Page setString
INFO: setString called with offset: 0 and String: Hello, World!907
Sep 26, 2023 4:20:21 PM edu.yu.dbimpl.file.FileMgr append
INFO: append called with filename: testFileModulePerformance908
Sep 26, 2023 4:20:21 PM edu.yu.dbimpl.file.FileMgr append
INFO: Writing to file: src/test/java/edu/yu/dbimpl/testingDirectory/testFileModulePerformance908
Sep 26, 2023 4:20:21 PM edu.yu.dbimpl.file.Page <init>
INFO: Page created with blocksize 50000
Sep 26, 2023 4:20:21 PM edu.yu.dbimpl.file.Page setString
INFO: setString called with offset: 0 and String: Hello, World!908
Sep 26, 2023 4:20:21 PM edu.yu.dbimpl.file.FileMgr append
INFO: append called with filename: testFileModulePerformance909
Sep 26, 2023 4:20:21 PM edu.yu.dbimpl.file.FileMgr append
INFO: Writing to file: src/test/java/edu/yu/dbimpl/testingDirectory/testFileModulePerformance909
Sep 26, 2023 4:20:21 PM edu.yu.dbimpl.file.Page <init>
INFO: Page created with blocksize 50000
Sep 26, 2023 4:20:21 PM edu.yu.dbimpl.file.Page setString
INFO: setString called with offset: 0 and String: Hello, World!909
Sep 26, 2023 4:20:21 PM edu.yu.dbimpl.file.FileMgr append
INFO: append called with filename: testFileModulePerformance910
Sep 26, 2023 4:20:21 PM edu.yu.dbimpl.file.FileMgr append
INFO: Writing to file: src/test/java/edu/yu/dbimpl/testingDirectory/testFileModulePerformance910
Sep 26, 2023 4:20:21 PM edu.yu.dbimpl.file.Page <init>
INFO: Page created with blocksize 50000
Sep 26, 2023 4:20:21 PM edu.yu.dbimpl.file.Page setString
INFO: setString called with offset: 0 and String: Hello, World!910
Sep 26, 2023 4:20:21 PM edu.yu.dbimpl.file.FileMgr append
INFO: append called with filename: testFileModulePerformance911
Sep 26, 2023 4:20:21 PM edu.yu.dbimpl.file.FileMgr append
INFO: Writing to file: src/test/java/edu/yu/dbimpl/testingDirectory/testFileModulePerformance911
Sep 26, 2023 4:20:21 PM edu.yu.dbimpl.file.Page <init>
INFO: Page created with blocksize 50000
Sep 26, 2023 4:20:21 PM edu.yu.dbimpl.file.Page setString
INFO: setString called with offset: 0 and String: Hello, World!911
Sep 26, 2023 4:20:21 PM edu.yu.dbimpl.file.FileMgr append
INFO: append called with filename: testFileModulePerformance912
Sep 26, 2023 4:20:21 PM edu.yu.dbimpl.file.FileMgr append
INFO: Writing to file: src/test/java/edu/yu/dbimpl/testingDirectory/testFileModulePerformance912
Sep 26, 2023 4:20:21 PM edu.yu.dbimpl.file.Page <init>
INFO: Page created with blocksize 50000
Sep 26, 2023 4:20:21 PM edu.yu.dbimpl.file.Page setString
INFO: setString called with offset: 0 and String: Hello, World!912
Sep 26, 2023 4:20:21 PM edu.yu.dbimpl.file.FileMgr append
INFO: append called with filename: testFileModulePerformance913
Sep 26, 2023 4:20:21 PM edu.yu.dbimpl.file.FileMgr append
INFO: Writing to file: src/test/java/edu/yu/dbimpl/testingDirectory/testFileModulePerformance913
Sep 26, 2023 4:20:21 PM edu.yu.dbimpl.file.Page <init>
INFO: Page created with blocksize 50000
Sep 26, 2023 4:20:21 PM edu.yu.dbimpl.file.Page setString
INFO: setString called with offset: 0 and String: Hello, World!913
Sep 26, 2023 4:20:21 PM edu.yu.dbimpl.file.FileMgr append
INFO: append called with filename: testFileModulePerformance914
Sep 26, 2023 4:20:21 PM edu.yu.dbimpl.file.FileMgr append
INFO: Writing to file: src/test/java/edu/yu/dbimpl/testingDirectory/testFileModulePerformance914
Sep 26, 2023 4:20:21 PM edu.yu.dbimpl.file.Page <init>
INFO: Page created with blocksize 50000
Sep 26, 2023 4:20:21 PM edu.yu.dbimpl.file.Page setString
INFO: setString called with offset: 0 and String: Hello, World!914
Sep 26, 2023 4:20:21 PM edu.yu.dbimpl.file.FileMgr append
INFO: append called with filename: testFileModulePerformance915
Sep 26, 2023 4:20:21 PM edu.yu.dbimpl.file.FileMgr append
INFO: Writing to file: src/test/java/edu/yu/dbimpl/testingDirectory/testFileModulePerformance915
Sep 26, 2023 4:20:21 PM edu.yu.dbimpl.file.Page <init>
INFO: Page created with blocksize 50000
Sep 26, 2023 4:20:21 PM edu.yu.dbimpl.file.Page setString
INFO: setString called with offset: 0 and String: Hello, World!915
Sep 26, 2023 4:20:21 PM edu.yu.dbimpl.file.FileMgr append
INFO: append called with filename: testFileModulePerformance916
Sep 26, 2023 4:20:21 PM edu.yu.dbimpl.file.FileMgr append
INFO: Writing to file: src/test/java/edu/yu/dbimpl/testingDirectory/testFileModulePerformance916
Sep 26, 2023 4:20:21 PM edu.yu.dbimpl.file.Page <init>
INFO: Page created with blocksize 50000
Sep 26, 2023 4:20:21 PM edu.yu.dbimpl.file.Page setString
INFO: setString called with offset: 0 and String: Hello, World!916
Sep 26, 2023 4:20:21 PM edu.yu.dbimpl.file.FileMgr append
INFO: append called with filename: testFileModulePerformance917
Sep 26, 2023 4:20:21 PM edu.yu.dbimpl.file.FileMgr append
INFO: Writing to file: src/test/java/edu/yu/dbimpl/testingDirectory/testFileModulePerformance917
Sep 26, 2023 4:20:21 PM edu.yu.dbimpl.file.Page <init>
INFO: Page created with blocksize 50000
Sep 26, 2023 4:20:21 PM edu.yu.dbimpl.file.Page setString
INFO: setString called with offset: 0 and String: Hello, World!917
Sep 26, 2023 4:20:21 PM edu.yu.dbimpl.file.FileMgr append
INFO: append called with filename: testFileModulePerformance918
Sep 26, 2023 4:20:21 PM edu.yu.dbimpl.file.FileMgr append
INFO: Writing to file: src/test/java/edu/yu/dbimpl/testingDirectory/testFileModulePerformance918
Sep 26, 2023 4:20:21 PM edu.yu.dbimpl.file.Page <init>
INFO: Page created with blocksize 50000
Sep 26, 2023 4:20:21 PM edu.yu.dbimpl.file.Page setString
INFO: setString called with offset: 0 and String: Hello, World!918
Sep 26, 2023 4:20:21 PM edu.yu.dbimpl.file.FileMgr append
INFO: append called with filename: testFileModulePerformance919
Sep 26, 2023 4:20:21 PM edu.yu.dbimpl.file.FileMgr append
INFO: Writing to file: src/test/java/edu/yu/dbimpl/testingDirectory/testFileModulePerformance919
Sep 26, 2023 4:20:21 PM edu.yu.dbimpl.file.Page <init>
INFO: Page created with blocksize 50000
Sep 26, 2023 4:20:21 PM edu.yu.dbimpl.file.Page setString
INFO: setString called with offset: 0 and String: Hello, World!919
Sep 26, 2023 4:20:21 PM edu.yu.dbimpl.file.FileMgr append
INFO: append called with filename: testFileModulePerformance920
Sep 26, 2023 4:20:21 PM edu.yu.dbimpl.file.FileMgr append
INFO: Writing to file: src/test/java/edu/yu/dbimpl/testingDirectory/testFileModulePerformance920
Sep 26, 2023 4:20:21 PM edu.yu.dbimpl.file.Page <init>
INFO: Page created with blocksize 50000
Sep 26, 2023 4:20:21 PM edu.yu.dbimpl.file.Page setString
INFO: setString called with offset: 0 and String: Hello, World!920
Sep 26, 2023 4:20:21 PM edu.yu.dbimpl.file.FileMgr append
INFO: append called with filename: testFileModulePerformance921
Sep 26, 2023 4:20:21 PM edu.yu.dbimpl.file.FileMgr append
INFO: Writing to file: src/test/java/edu/yu/dbimpl/testingDirectory/testFileModulePerformance921
Sep 26, 2023 4:20:21 PM edu.yu.dbimpl.file.Page <init>
INFO: Page created with blocksize 50000
Sep 26, 2023 4:20:21 PM edu.yu.dbimpl.file.Page setString
INFO: setString called with offset: 0 and String: Hello, World!921
Sep 26, 2023 4:20:21 PM edu.yu.dbimpl.file.FileMgr append
INFO: append called with filename: testFileModulePerformance922
Sep 26, 2023 4:20:21 PM edu.yu.dbimpl.file.FileMgr append
INFO: Writing to file: src/test/java/edu/yu/dbimpl/testingDirectory/testFileModulePerformance922
Sep 26, 2023 4:20:21 PM edu.yu.dbimpl.file.Page <init>
INFO: Page created with blocksize 50000
Sep 26, 2023 4:20:21 PM edu.yu.dbimpl.file.Page setString
INFO: setString called with offset: 0 and String: Hello, World!922
Sep 26, 2023 4:20:21 PM edu.yu.dbimpl.file.FileMgr append
INFO: append called with filename: testFileModulePerformance923
Sep 26, 2023 4:20:21 PM edu.yu.dbimpl.file.FileMgr append
INFO: Writing to file: src/test/java/edu/yu/dbimpl/testingDirectory/testFileModulePerformance923
Sep 26, 2023 4:20:21 PM edu.yu.dbimpl.file.Page <init>
INFO: Page created with blocksize 50000
Sep 26, 2023 4:20:21 PM edu.yu.dbimpl.file.Page setString
INFO: setString called with offset: 0 and String: Hello, World!923
Sep 26, 2023 4:20:21 PM edu.yu.dbimpl.file.FileMgr append
INFO: append called with filename: testFileModulePerformance924
Sep 26, 2023 4:20:21 PM edu.yu.dbimpl.file.FileMgr append
INFO: Writing to file: src/test/java/edu/yu/dbimpl/testingDirectory/testFileModulePerformance924
Sep 26, 2023 4:20:21 PM edu.yu.dbimpl.file.Page <init>
INFO: Page created with blocksize 50000
Sep 26, 2023 4:20:21 PM edu.yu.dbimpl.file.Page setString
INFO: setString called with offset: 0 and String: Hello, World!924
Sep 26, 2023 4:20:21 PM edu.yu.dbimpl.file.FileMgr append
INFO: append called with filename: testFileModulePerformance925
Sep 26, 2023 4:20:21 PM edu.yu.dbimpl.file.FileMgr append
INFO: Writing to file: src/test/java/edu/yu/dbimpl/testingDirectory/testFileModulePerformance925
Sep 26, 2023 4:20:21 PM edu.yu.dbimpl.file.Page <init>
INFO: Page created with blocksize 50000
Sep 26, 2023 4:20:21 PM edu.yu.dbimpl.file.Page setString
INFO: setString called with offset: 0 and String: Hello, World!925
Sep 26, 2023 4:20:21 PM edu.yu.dbimpl.file.FileMgr append
INFO: append called with filename: testFileModulePerformance926
Sep 26, 2023 4:20:21 PM edu.yu.dbimpl.file.FileMgr append
INFO: Writing to file: src/test/java/edu/yu/dbimpl/testingDirectory/testFileModulePerformance926
Sep 26, 2023 4:20:21 PM edu.yu.dbimpl.file.Page <init>
INFO: Page created with blocksize 50000
Sep 26, 2023 4:20:21 PM edu.yu.dbimpl.file.Page setString
INFO: setString called with offset: 0 and String: Hello, World!926
Sep 26, 2023 4:20:21 PM edu.yu.dbimpl.file.FileMgr append
INFO: append called with filename: testFileModulePerformance927
Sep 26, 2023 4:20:21 PM edu.yu.dbimpl.file.FileMgr append
INFO: Writing to file: src/test/java/edu/yu/dbimpl/testingDirectory/testFileModulePerformance927
Sep 26, 2023 4:20:21 PM edu.yu.dbimpl.file.Page <init>
INFO: Page created with blocksize 50000
Sep 26, 2023 4:20:21 PM edu.yu.dbimpl.file.Page setString
INFO: setString called with offset: 0 and String: Hello, World!927
Sep 26, 2023 4:20:21 PM edu.yu.dbimpl.file.FileMgr append
INFO: append called with filename: testFileModulePerformance928
Sep 26, 2023 4:20:21 PM edu.yu.dbimpl.file.FileMgr append
INFO: Writing to file: src/test/java/edu/yu/dbimpl/testingDirectory/testFileModulePerformance928
Sep 26, 2023 4:20:21 PM edu.yu.dbimpl.file.Page <init>
INFO: Page created with blocksize 50000
Sep 26, 2023 4:20:21 PM edu.yu.dbimpl.file.Page setString
INFO: setString called with offset: 0 and String: Hello, World!928
Sep 26, 2023 4:20:21 PM edu.yu.dbimpl.file.FileMgr append
INFO: append called with filename: testFileModulePerformance929
Sep 26, 2023 4:20:21 PM edu.yu.dbimpl.file.FileMgr append
INFO: Writing to file: src/test/java/edu/yu/dbimpl/testingDirectory/testFileModulePerformance929
Sep 26, 2023 4:20:21 PM edu.yu.dbimpl.file.Page <init>
INFO: Page created with blocksize 50000
Sep 26, 2023 4:20:21 PM edu.yu.dbimpl.file.Page setString
INFO: setString called with offset: 0 and String: Hello, World!929
Sep 26, 2023 4:20:21 PM edu.yu.dbimpl.file.FileMgr append
INFO: append called with filename: testFileModulePerformance930
Sep 26, 2023 4:20:21 PM edu.yu.dbimpl.file.FileMgr append
INFO: Writing to file: src/test/java/edu/yu/dbimpl/testingDirectory/testFileModulePerformance930
Sep 26, 2023 4:20:21 PM edu.yu.dbimpl.file.Page <init>
INFO: Page created with blocksize 50000
Sep 26, 2023 4:20:21 PM edu.yu.dbimpl.file.Page setString
INFO: setString called with offset: 0 and String: Hello, World!930
Sep 26, 2023 4:20:21 PM edu.yu.dbimpl.file.FileMgr append
INFO: append called with filename: testFileModulePerformance931
Sep 26, 2023 4:20:21 PM edu.yu.dbimpl.file.FileMgr append
INFO: Writing to file: src/test/java/edu/yu/dbimpl/testingDirectory/testFileModulePerformance931
Sep 26, 2023 4:20:21 PM edu.yu.dbimpl.file.Page <init>
INFO: Page created with blocksize 50000
Sep 26, 2023 4:20:21 PM edu.yu.dbimpl.file.Page setString
INFO: setString called with offset: 0 and String: Hello, World!931
Sep 26, 2023 4:20:21 PM edu.yu.dbimpl.file.FileMgr append
INFO: append called with filename: testFileModulePerformance932
Sep 26, 2023 4:20:21 PM edu.yu.dbimpl.file.FileMgr append
INFO: Writing to file: src/test/java/edu/yu/dbimpl/testingDirectory/testFileModulePerformance932
Sep 26, 2023 4:20:21 PM edu.yu.dbimpl.file.Page <init>
INFO: Page created with blocksize 50000
Sep 26, 2023 4:20:21 PM edu.yu.dbimpl.file.Page setString
INFO: setString called with offset: 0 and String: Hello, World!932
Sep 26, 2023 4:20:21 PM edu.yu.dbimpl.file.FileMgr append
INFO: append called with filename: testFileModulePerformance933
Sep 26, 2023 4:20:21 PM edu.yu.dbimpl.file.FileMgr append
INFO: Writing to file: src/test/java/edu/yu/dbimpl/testingDirectory/testFileModulePerformance933
Sep 26, 2023 4:20:21 PM edu.yu.dbimpl.file.Page <init>
INFO: Page created with blocksize 50000
Sep 26, 2023 4:20:21 PM edu.yu.dbimpl.file.Page setString
INFO: setString called with offset: 0 and String: Hello, World!933
Sep 26, 2023 4:20:21 PM edu.yu.dbimpl.file.FileMgr append
INFO: append called with filename: testFileModulePerformance934
Sep 26, 2023 4:20:21 PM edu.yu.dbimpl.file.FileMgr append
INFO: Writing to file: src/test/java/edu/yu/dbimpl/testingDirectory/testFileModulePerformance934
Sep 26, 2023 4:20:21 PM edu.yu.dbimpl.file.Page <init>
INFO: Page created with blocksize 50000
Sep 26, 2023 4:20:21 PM edu.yu.dbimpl.file.Page setString
INFO: setString called with offset: 0 and String: Hello, World!934
Sep 26, 2023 4:20:21 PM edu.yu.dbimpl.file.FileMgr append
INFO: append called with filename: testFileModulePerformance935
Sep 26, 2023 4:20:21 PM edu.yu.dbimpl.file.FileMgr append
INFO: Writing to file: src/test/java/edu/yu/dbimpl/testingDirectory/testFileModulePerformance935
Sep 26, 2023 4:20:21 PM edu.yu.dbimpl.file.Page <init>
INFO: Page created with blocksize 50000
Sep 26, 2023 4:20:21 PM edu.yu.dbimpl.file.Page setString
INFO: setString called with offset: 0 and String: Hello, World!935
Sep 26, 2023 4:20:21 PM edu.yu.dbimpl.file.FileMgr append
INFO: append called with filename: testFileModulePerformance936
Sep 26, 2023 4:20:21 PM edu.yu.dbimpl.file.FileMgr append
INFO: Writing to file: src/test/java/edu/yu/dbimpl/testingDirectory/testFileModulePerformance936
Sep 26, 2023 4:20:21 PM edu.yu.dbimpl.file.Page <init>
INFO: Page created with blocksize 50000
Sep 26, 2023 4:20:21 PM edu.yu.dbimpl.file.Page setString
INFO: setString called with offset: 0 and String: Hello, World!936
Sep 26, 2023 4:20:21 PM edu.yu.dbimpl.file.FileMgr append
INFO: append called with filename: testFileModulePerformance937
Sep 26, 2023 4:20:21 PM edu.yu.dbimpl.file.FileMgr append
INFO: Writing to file: src/test/java/edu/yu/dbimpl/testingDirectory/testFileModulePerformance937
Sep 26, 2023 4:20:21 PM edu.yu.dbimpl.file.Page <init>
INFO: Page created with blocksize 50000
Sep 26, 2023 4:20:21 PM edu.yu.dbimpl.file.Page setString
INFO: setString called with offset: 0 and String: Hello, World!937
Sep 26, 2023 4:20:21 PM edu.yu.dbimpl.file.FileMgr append
INFO: append called with filename: testFileModulePerformance938
Sep 26, 2023 4:20:21 PM edu.yu.dbimpl.file.FileMgr append
INFO: Writing to file: src/test/java/edu/yu/dbimpl/testingDirectory/testFileModulePerformance938
Sep 26, 2023 4:20:21 PM edu.yu.dbimpl.file.Page <init>
INFO: Page created with blocksize 50000
Sep 26, 2023 4:20:21 PM edu.yu.dbimpl.file.Page setString
INFO: setString called with offset: 0 and String: Hello, World!938
Sep 26, 2023 4:20:21 PM edu.yu.dbimpl.file.FileMgr append
INFO: append called with filename: testFileModulePerformance939
Sep 26, 2023 4:20:21 PM edu.yu.dbimpl.file.FileMgr append
INFO: Writing to file: src/test/java/edu/yu/dbimpl/testingDirectory/testFileModulePerformance939
Sep 26, 2023 4:20:21 PM edu.yu.dbimpl.file.Page <init>
INFO: Page created with blocksize 50000
Sep 26, 2023 4:20:21 PM edu.yu.dbimpl.file.Page setString
INFO: setString called with offset: 0 and String: Hello, World!939
Sep 26, 2023 4:20:21 PM edu.yu.dbimpl.file.FileMgr append
INFO: append called with filename: testFileModulePerformance940
Sep 26, 2023 4:20:21 PM edu.yu.dbimpl.file.FileMgr append
INFO: Writing to file: src/test/java/edu/yu/dbimpl/testingDirectory/testFileModulePerformance940
Sep 26, 2023 4:20:21 PM edu.yu.dbimpl.file.Page <init>
INFO: Page created with blocksize 50000
Sep 26, 2023 4:20:21 PM edu.yu.dbimpl.file.Page setString
INFO: setString called with offset: 0 and String: Hello, World!940
Sep 26, 2023 4:20:21 PM edu.yu.dbimpl.file.FileMgr append
INFO: append called with filename: testFileModulePerformance941
Sep 26, 2023 4:20:21 PM edu.yu.dbimpl.file.FileMgr append
INFO: Writing to file: src/test/java/edu/yu/dbimpl/testingDirectory/testFileModulePerformance941
Sep 26, 2023 4:20:21 PM edu.yu.dbimpl.file.Page <init>
INFO: Page created with blocksize 50000
Sep 26, 2023 4:20:21 PM edu.yu.dbimpl.file.Page setString
INFO: setString called with offset: 0 and String: Hello, World!941
Sep 26, 2023 4:20:21 PM edu.yu.dbimpl.file.FileMgr append
INFO: append called with filename: testFileModulePerformance942
Sep 26, 2023 4:20:21 PM edu.yu.dbimpl.file.FileMgr append
INFO: Writing to file: src/test/java/edu/yu/dbimpl/testingDirectory/testFileModulePerformance942
Sep 26, 2023 4:20:21 PM edu.yu.dbimpl.file.Page <init>
INFO: Page created with blocksize 50000
Sep 26, 2023 4:20:21 PM edu.yu.dbimpl.file.Page setString
INFO: setString called with offset: 0 and String: Hello, World!942
Sep 26, 2023 4:20:21 PM edu.yu.dbimpl.file.FileMgr append
INFO: append called with filename: testFileModulePerformance943
Sep 26, 2023 4:20:21 PM edu.yu.dbimpl.file.FileMgr append
INFO: Writing to file: src/test/java/edu/yu/dbimpl/testingDirectory/testFileModulePerformance943
Sep 26, 2023 4:20:21 PM edu.yu.dbimpl.file.Page <init>
INFO: Page created with blocksize 50000
Sep 26, 2023 4:20:21 PM edu.yu.dbimpl.file.Page setString
INFO: setString called with offset: 0 and String: Hello, World!943
Sep 26, 2023 4:20:21 PM edu.yu.dbimpl.file.FileMgr append
INFO: append called with filename: testFileModulePerformance944
Sep 26, 2023 4:20:21 PM edu.yu.dbimpl.file.FileMgr append
INFO: Writing to file: src/test/java/edu/yu/dbimpl/testingDirectory/testFileModulePerformance944
Sep 26, 2023 4:20:21 PM edu.yu.dbimpl.file.Page <init>
INFO: Page created with blocksize 50000
Sep 26, 2023 4:20:21 PM edu.yu.dbimpl.file.Page setString
INFO: setString called with offset: 0 and String: Hello, World!944
Sep 26, 2023 4:20:21 PM edu.yu.dbimpl.file.FileMgr append
INFO: append called with filename: testFileModulePerformance945
Sep 26, 2023 4:20:21 PM edu.yu.dbimpl.file.FileMgr append
INFO: Writing to file: src/test/java/edu/yu/dbimpl/testingDirectory/testFileModulePerformance945
Sep 26, 2023 4:20:21 PM edu.yu.dbimpl.file.Page <init>
INFO: Page created with blocksize 50000
Sep 26, 2023 4:20:21 PM edu.yu.dbimpl.file.Page setString
INFO: setString called with offset: 0 and String: Hello, World!945
Sep 26, 2023 4:20:21 PM edu.yu.dbimpl.file.FileMgr append
INFO: append called with filename: testFileModulePerformance946
Sep 26, 2023 4:20:21 PM edu.yu.dbimpl.file.FileMgr append
INFO: Writing to file: src/test/java/edu/yu/dbimpl/testingDirectory/testFileModulePerformance946
Sep 26, 2023 4:20:21 PM edu.yu.dbimpl.file.Page <init>
INFO: Page created with blocksize 50000
Sep 26, 2023 4:20:21 PM edu.yu.dbimpl.file.Page setString
INFO: setString called with offset: 0 and String: Hello, World!946
Sep 26, 2023 4:20:21 PM edu.yu.dbimpl.file.FileMgr append
INFO: append called with filename: testFileModulePerformance947
Sep 26, 2023 4:20:21 PM edu.yu.dbimpl.file.FileMgr append
INFO: Writing to file: src/test/java/edu/yu/dbimpl/testingDirectory/testFileModulePerformance947
Sep 26, 2023 4:20:21 PM edu.yu.dbimpl.file.Page <init>
INFO: Page created with blocksize 50000
Sep 26, 2023 4:20:21 PM edu.yu.dbimpl.file.Page setString
INFO: setString called with offset: 0 and String: Hello, World!947
Sep 26, 2023 4:20:21 PM edu.yu.dbimpl.file.FileMgr append
INFO: append called with filename: testFileModulePerformance948
Sep 26, 2023 4:20:21 PM edu.yu.dbimpl.file.FileMgr append
INFO: Writing to file: src/test/java/edu/yu/dbimpl/testingDirectory/testFileModulePerformance948
Sep 26, 2023 4:20:21 PM edu.yu.dbimpl.file.Page <init>
INFO: Page created with blocksize 50000
Sep 26, 2023 4:20:21 PM edu.yu.dbimpl.file.Page setString
INFO: setString called with offset: 0 and String: Hello, World!948
Sep 26, 2023 4:20:21 PM edu.yu.dbimpl.file.FileMgr append
INFO: append called with filename: testFileModulePerformance949
Sep 26, 2023 4:20:21 PM edu.yu.dbimpl.file.FileMgr append
INFO: Writing to file: src/test/java/edu/yu/dbimpl/testingDirectory/testFileModulePerformance949
Sep 26, 2023 4:20:21 PM edu.yu.dbimpl.file.Page <init>
INFO: Page created with blocksize 50000
Sep 26, 2023 4:20:21 PM edu.yu.dbimpl.file.Page setString
INFO: setString called with offset: 0 and String: Hello, World!949
Sep 26, 2023 4:20:21 PM edu.yu.dbimpl.file.FileMgr append
INFO: append called with filename: testFileModulePerformance950
Sep 26, 2023 4:20:21 PM edu.yu.dbimpl.file.FileMgr append
INFO: Writing to file: src/test/java/edu/yu/dbimpl/testingDirectory/testFileModulePerformance950
Sep 26, 2023 4:20:21 PM edu.yu.dbimpl.file.Page <init>
INFO: Page created with blocksize 50000
Sep 26, 2023 4:20:21 PM edu.yu.dbimpl.file.Page setString
INFO: setString called with offset: 0 and String: Hello, World!950
Sep 26, 2023 4:20:21 PM edu.yu.dbimpl.file.FileMgr append
INFO: append called with filename: testFileModulePerformance951
Sep 26, 2023 4:20:21 PM edu.yu.dbimpl.file.FileMgr append
INFO: Writing to file: src/test/java/edu/yu/dbimpl/testingDirectory/testFileModulePerformance951
Sep 26, 2023 4:20:21 PM edu.yu.dbimpl.file.Page <init>
INFO: Page created with blocksize 50000
Sep 26, 2023 4:20:21 PM edu.yu.dbimpl.file.Page setString
INFO: setString called with offset: 0 and String: Hello, World!951
Sep 26, 2023 4:20:21 PM edu.yu.dbimpl.file.FileMgr append
INFO: append called with filename: testFileModulePerformance952
Sep 26, 2023 4:20:21 PM edu.yu.dbimpl.file.FileMgr append
INFO: Writing to file: src/test/java/edu/yu/dbimpl/testingDirectory/testFileModulePerformance952
Sep 26, 2023 4:20:21 PM edu.yu.dbimpl.file.Page <init>
INFO: Page created with blocksize 50000
Sep 26, 2023 4:20:21 PM edu.yu.dbimpl.file.Page setString
INFO: setString called with offset: 0 and String: Hello, World!952
Sep 26, 2023 4:20:21 PM edu.yu.dbimpl.file.FileMgr append
INFO: append called with filename: testFileModulePerformance953
Sep 26, 2023 4:20:21 PM edu.yu.dbimpl.file.FileMgr append
INFO: Writing to file: src/test/java/edu/yu/dbimpl/testingDirectory/testFileModulePerformance953
Sep 26, 2023 4:20:21 PM edu.yu.dbimpl.file.Page <init>
INFO: Page created with blocksize 50000
Sep 26, 2023 4:20:21 PM edu.yu.dbimpl.file.Page setString
INFO: setString called with offset: 0 and String: Hello, World!953
Sep 26, 2023 4:20:21 PM edu.yu.dbimpl.file.FileMgr append
INFO: append called with filename: testFileModulePerformance954
Sep 26, 2023 4:20:21 PM edu.yu.dbimpl.file.FileMgr append
INFO: Writing to file: src/test/java/edu/yu/dbimpl/testingDirectory/testFileModulePerformance954
Sep 26, 2023 4:20:21 PM edu.yu.dbimpl.file.Page <init>
INFO: Page created with blocksize 50000
Sep 26, 2023 4:20:21 PM edu.yu.dbimpl.file.Page setString
INFO: setString called with offset: 0 and String: Hello, World!954
Sep 26, 2023 4:20:21 PM edu.yu.dbimpl.file.FileMgr append
INFO: append called with filename: testFileModulePerformance955
Sep 26, 2023 4:20:21 PM edu.yu.dbimpl.file.FileMgr append
INFO: Writing to file: src/test/java/edu/yu/dbimpl/testingDirectory/testFileModulePerformance955
Sep 26, 2023 4:20:21 PM edu.yu.dbimpl.file.Page <init>
INFO: Page created with blocksize 50000
Sep 26, 2023 4:20:21 PM edu.yu.dbimpl.file.Page setString
INFO: setString called with offset: 0 and String: Hello, World!955
Sep 26, 2023 4:20:21 PM edu.yu.dbimpl.file.FileMgr append
INFO: append called with filename: testFileModulePerformance956
Sep 26, 2023 4:20:21 PM edu.yu.dbimpl.file.FileMgr append
INFO: Writing to file: src/test/java/edu/yu/dbimpl/testingDirectory/testFileModulePerformance956
Sep 26, 2023 4:20:21 PM edu.yu.dbimpl.file.Page <init>
INFO: Page created with blocksize 50000
Sep 26, 2023 4:20:21 PM edu.yu.dbimpl.file.Page setString
INFO: setString called with offset: 0 and String: Hello, World!956
Sep 26, 2023 4:20:21 PM edu.yu.dbimpl.file.FileMgr append
INFO: append called with filename: testFileModulePerformance957
Sep 26, 2023 4:20:21 PM edu.yu.dbimpl.file.FileMgr append
INFO: Writing to file: src/test/java/edu/yu/dbimpl/testingDirectory/testFileModulePerformance957
Sep 26, 2023 4:20:21 PM edu.yu.dbimpl.file.Page <init>
INFO: Page created with blocksize 50000
Sep 26, 2023 4:20:21 PM edu.yu.dbimpl.file.Page setString
INFO: setString called with offset: 0 and String: Hello, World!957
Sep 26, 2023 4:20:21 PM edu.yu.dbimpl.file.FileMgr append
INFO: append called with filename: testFileModulePerformance958
Sep 26, 2023 4:20:21 PM edu.yu.dbimpl.file.FileMgr append
INFO: Writing to file: src/test/java/edu/yu/dbimpl/testingDirectory/testFileModulePerformance958
Sep 26, 2023 4:20:21 PM edu.yu.dbimpl.file.Page <init>
INFO: Page created with blocksize 50000
Sep 26, 2023 4:20:21 PM edu.yu.dbimpl.file.Page setString
INFO: setString called with offset: 0 and String: Hello, World!958
Sep 26, 2023 4:20:21 PM edu.yu.dbimpl.file.FileMgr append
INFO: append called with filename: testFileModulePerformance959
Sep 26, 2023 4:20:21 PM edu.yu.dbimpl.file.FileMgr append
INFO: Writing to file: src/test/java/edu/yu/dbimpl/testingDirectory/testFileModulePerformance959
Sep 26, 2023 4:20:21 PM edu.yu.dbimpl.file.Page <init>
INFO: Page created with blocksize 50000
Sep 26, 2023 4:20:21 PM edu.yu.dbimpl.file.Page setString
INFO: setString called with offset: 0 and String: Hello, World!959
Sep 26, 2023 4:20:21 PM edu.yu.dbimpl.file.FileMgr append
INFO: append called with filename: testFileModulePerformance960
Sep 26, 2023 4:20:21 PM edu.yu.dbimpl.file.FileMgr append
INFO: Writing to file: src/test/java/edu/yu/dbimpl/testingDirectory/testFileModulePerformance960
Sep 26, 2023 4:20:21 PM edu.yu.dbimpl.file.Page <init>
INFO: Page created with blocksize 50000
Sep 26, 2023 4:20:21 PM edu.yu.dbimpl.file.Page setString
INFO: setString called with offset: 0 and String: Hello, World!960
Sep 26, 2023 4:20:21 PM edu.yu.dbimpl.file.FileMgr append
INFO: append called with filename: testFileModulePerformance961
Sep 26, 2023 4:20:21 PM edu.yu.dbimpl.file.FileMgr append
INFO: Writing to file: src/test/java/edu/yu/dbimpl/testingDirectory/testFileModulePerformance961
Sep 26, 2023 4:20:21 PM edu.yu.dbimpl.file.Page <init>
INFO: Page created with blocksize 50000
Sep 26, 2023 4:20:21 PM edu.yu.dbimpl.file.Page setString
INFO: setString called with offset: 0 and String: Hello, World!961
Sep 26, 2023 4:20:21 PM edu.yu.dbimpl.file.FileMgr append
INFO: append called with filename: testFileModulePerformance962
Sep 26, 2023 4:20:21 PM edu.yu.dbimpl.file.FileMgr append
INFO: Writing to file: src/test/java/edu/yu/dbimpl/testingDirectory/testFileModulePerformance962
Sep 26, 2023 4:20:21 PM edu.yu.dbimpl.file.Page <init>
INFO: Page created with blocksize 50000
Sep 26, 2023 4:20:21 PM edu.yu.dbimpl.file.Page setString
INFO: setString called with offset: 0 and String: Hello, World!962
Sep 26, 2023 4:20:21 PM edu.yu.dbimpl.file.FileMgr append
INFO: append called with filename: testFileModulePerformance963
Sep 26, 2023 4:20:21 PM edu.yu.dbimpl.file.FileMgr append
INFO: Writing to file: src/test/java/edu/yu/dbimpl/testingDirectory/testFileModulePerformance963
Sep 26, 2023 4:20:21 PM edu.yu.dbimpl.file.Page <init>
INFO: Page created with blocksize 50000
Sep 26, 2023 4:20:21 PM edu.yu.dbimpl.file.Page setString
INFO: setString called with offset: 0 and String: Hello, World!963
Sep 26, 2023 4:20:21 PM edu.yu.dbimpl.file.FileMgr append
INFO: append called with filename: testFileModulePerformance964
Sep 26, 2023 4:20:21 PM edu.yu.dbimpl.file.FileMgr append
INFO: Writing to file: src/test/java/edu/yu/dbimpl/testingDirectory/testFileModulePerformance964
Sep 26, 2023 4:20:21 PM edu.yu.dbimpl.file.Page <init>
INFO: Page created with blocksize 50000
Sep 26, 2023 4:20:21 PM edu.yu.dbimpl.file.Page setString
INFO: setString called with offset: 0 and String: Hello, World!964
Sep 26, 2023 4:20:21 PM edu.yu.dbimpl.file.FileMgr append
INFO: append called with filename: testFileModulePerformance965
Sep 26, 2023 4:20:21 PM edu.yu.dbimpl.file.FileMgr append
INFO: Writing to file: src/test/java/edu/yu/dbimpl/testingDirectory/testFileModulePerformance965
Sep 26, 2023 4:20:21 PM edu.yu.dbimpl.file.Page <init>
INFO: Page created with blocksize 50000
Sep 26, 2023 4:20:21 PM edu.yu.dbimpl.file.Page setString
INFO: setString called with offset: 0 and String: Hello, World!965
Sep 26, 2023 4:20:21 PM edu.yu.dbimpl.file.FileMgr append
INFO: append called with filename: testFileModulePerformance966
Sep 26, 2023 4:20:21 PM edu.yu.dbimpl.file.FileMgr append
INFO: Writing to file: src/test/java/edu/yu/dbimpl/testingDirectory/testFileModulePerformance966
Sep 26, 2023 4:20:21 PM edu.yu.dbimpl.file.Page <init>
INFO: Page created with blocksize 50000
Sep 26, 2023 4:20:21 PM edu.yu.dbimpl.file.Page setString
INFO: setString called with offset: 0 and String: Hello, World!966
Sep 26, 2023 4:20:21 PM edu.yu.dbimpl.file.FileMgr append
INFO: append called with filename: testFileModulePerformance967
Sep 26, 2023 4:20:21 PM edu.yu.dbimpl.file.FileMgr append
INFO: Writing to file: src/test/java/edu/yu/dbimpl/testingDirectory/testFileModulePerformance967
Sep 26, 2023 4:20:21 PM edu.yu.dbimpl.file.Page <init>
INFO: Page created with blocksize 50000
Sep 26, 2023 4:20:21 PM edu.yu.dbimpl.file.Page setString
INFO: setString called with offset: 0 and String: Hello, World!967
Sep 26, 2023 4:20:21 PM edu.yu.dbimpl.file.FileMgr append
INFO: append called with filename: testFileModulePerformance968
Sep 26, 2023 4:20:21 PM edu.yu.dbimpl.file.FileMgr append
INFO: Writing to file: src/test/java/edu/yu/dbimpl/testingDirectory/testFileModulePerformance968
Sep 26, 2023 4:20:21 PM edu.yu.dbimpl.file.Page <init>
INFO: Page created with blocksize 50000
Sep 26, 2023 4:20:21 PM edu.yu.dbimpl.file.Page setString
INFO: setString called with offset: 0 and String: Hello, World!968
Sep 26, 2023 4:20:21 PM edu.yu.dbimpl.file.FileMgr append
INFO: append called with filename: testFileModulePerformance969
Sep 26, 2023 4:20:21 PM edu.yu.dbimpl.file.FileMgr append
INFO: Writing to file: src/test/java/edu/yu/dbimpl/testingDirectory/testFileModulePerformance969
Sep 26, 2023 4:20:21 PM edu.yu.dbimpl.file.Page <init>
INFO: Page created with blocksize 50000
Sep 26, 2023 4:20:21 PM edu.yu.dbimpl.file.Page setString
INFO: setString called with offset: 0 and String: Hello, World!969
Sep 26, 2023 4:20:21 PM edu.yu.dbimpl.file.FileMgr append
INFO: append called with filename: testFileModulePerformance970
Sep 26, 2023 4:20:21 PM edu.yu.dbimpl.file.FileMgr append
INFO: Writing to file: src/test/java/edu/yu/dbimpl/testingDirectory/testFileModulePerformance970
Sep 26, 2023 4:20:21 PM edu.yu.dbimpl.file.Page <init>
INFO: Page created with blocksize 50000
Sep 26, 2023 4:20:21 PM edu.yu.dbimpl.file.Page setString
INFO: setString called with offset: 0 and String: Hello, World!970
Sep 26, 2023 4:20:21 PM edu.yu.dbimpl.file.FileMgr append
INFO: append called with filename: testFileModulePerformance971
Sep 26, 2023 4:20:21 PM edu.yu.dbimpl.file.FileMgr append
INFO: Writing to file: src/test/java/edu/yu/dbimpl/testingDirectory/testFileModulePerformance971
Sep 26, 2023 4:20:21 PM edu.yu.dbimpl.file.Page <init>
INFO: Page created with blocksize 50000
Sep 26, 2023 4:20:21 PM edu.yu.dbimpl.file.Page setString
INFO: setString called with offset: 0 and String: Hello, World!971
Sep 26, 2023 4:20:21 PM edu.yu.dbimpl.file.FileMgr append
INFO: append called with filename: testFileModulePerformance972
Sep 26, 2023 4:20:21 PM edu.yu.dbimpl.file.FileMgr append
INFO: Writing to file: src/test/java/edu/yu/dbimpl/testingDirectory/testFileModulePerformance972
Sep 26, 2023 4:20:21 PM edu.yu.dbimpl.file.Page <init>
INFO: Page created with blocksize 50000
Sep 26, 2023 4:20:21 PM edu.yu.dbimpl.file.Page setString
INFO: setString called with offset: 0 and String: Hello, World!972
Sep 26, 2023 4:20:21 PM edu.yu.dbimpl.file.FileMgr append
INFO: append called with filename: testFileModulePerformance973
Sep 26, 2023 4:20:21 PM edu.yu.dbimpl.file.FileMgr append
INFO: Writing to file: src/test/java/edu/yu/dbimpl/testingDirectory/testFileModulePerformance973
Sep 26, 2023 4:20:21 PM edu.yu.dbimpl.file.Page <init>
INFO: Page created with blocksize 50000
Sep 26, 2023 4:20:21 PM edu.yu.dbimpl.file.Page setString
INFO: setString called with offset: 0 and String: Hello, World!973
Sep 26, 2023 4:20:21 PM edu.yu.dbimpl.file.FileMgr append
INFO: append called with filename: testFileModulePerformance974
Sep 26, 2023 4:20:21 PM edu.yu.dbimpl.file.FileMgr append
INFO: Writing to file: src/test/java/edu/yu/dbimpl/testingDirectory/testFileModulePerformance974
Sep 26, 2023 4:20:21 PM edu.yu.dbimpl.file.Page <init>
INFO: Page created with blocksize 50000
Sep 26, 2023 4:20:21 PM edu.yu.dbimpl.file.Page setString
INFO: setString called with offset: 0 and String: Hello, World!974
Sep 26, 2023 4:20:21 PM edu.yu.dbimpl.file.FileMgr append
INFO: append called with filename: testFileModulePerformance975
Sep 26, 2023 4:20:21 PM edu.yu.dbimpl.file.FileMgr append
INFO: Writing to file: src/test/java/edu/yu/dbimpl/testingDirectory/testFileModulePerformance975
Sep 26, 2023 4:20:21 PM edu.yu.dbimpl.file.Page <init>
INFO: Page created with blocksize 50000
Sep 26, 2023 4:20:21 PM edu.yu.dbimpl.file.Page setString
INFO: setString called with offset: 0 and String: Hello, World!975
Sep 26, 2023 4:20:21 PM edu.yu.dbimpl.file.FileMgr append
INFO: append called with filename: testFileModulePerformance976
Sep 26, 2023 4:20:21 PM edu.yu.dbimpl.file.FileMgr append
INFO: Writing to file: src/test/java/edu/yu/dbimpl/testingDirectory/testFileModulePerformance976
Sep 26, 2023 4:20:21 PM edu.yu.dbimpl.file.Page <init>
INFO: Page created with blocksize 50000
Sep 26, 2023 4:20:21 PM edu.yu.dbimpl.file.Page setString
INFO: setString called with offset: 0 and String: Hello, World!976
Sep 26, 2023 4:20:21 PM edu.yu.dbimpl.file.FileMgr append
INFO: append called with filename: testFileModulePerformance977
Sep 26, 2023 4:20:21 PM edu.yu.dbimpl.file.FileMgr append
INFO: Writing to file: src/test/java/edu/yu/dbimpl/testingDirectory/testFileModulePerformance977
Sep 26, 2023 4:20:21 PM edu.yu.dbimpl.file.Page <init>
INFO: Page created with blocksize 50000
Sep 26, 2023 4:20:21 PM edu.yu.dbimpl.file.Page setString
INFO: setString called with offset: 0 and String: Hello, World!977
Sep 26, 2023 4:20:21 PM edu.yu.dbimpl.file.FileMgr append
INFO: append called with filename: testFileModulePerformance978
Sep 26, 2023 4:20:21 PM edu.yu.dbimpl.file.FileMgr append
INFO: Writing to file: src/test/java/edu/yu/dbimpl/testingDirectory/testFileModulePerformance978
Sep 26, 2023 4:20:21 PM edu.yu.dbimpl.file.Page <init>
INFO: Page created with blocksize 50000
Sep 26, 2023 4:20:21 PM edu.yu.dbimpl.file.Page setString
INFO: setString called with offset: 0 and String: Hello, World!978
Sep 26, 2023 4:20:21 PM edu.yu.dbimpl.file.FileMgr append
INFO: append called with filename: testFileModulePerformance979
Sep 26, 2023 4:20:21 PM edu.yu.dbimpl.file.FileMgr append
INFO: Writing to file: src/test/java/edu/yu/dbimpl/testingDirectory/testFileModulePerformance979
Sep 26, 2023 4:20:21 PM edu.yu.dbimpl.file.Page <init>
INFO: Page created with blocksize 50000
Sep 26, 2023 4:20:21 PM edu.yu.dbimpl.file.Page setString
INFO: setString called with offset: 0 and String: Hello, World!979
Sep 26, 2023 4:20:21 PM edu.yu.dbimpl.file.FileMgr append
INFO: append called with filename: testFileModulePerformance980
Sep 26, 2023 4:20:21 PM edu.yu.dbimpl.file.FileMgr append
INFO: Writing to file: src/test/java/edu/yu/dbimpl/testingDirectory/testFileModulePerformance980
Sep 26, 2023 4:20:21 PM edu.yu.dbimpl.file.Page <init>
INFO: Page created with blocksize 50000
Sep 26, 2023 4:20:21 PM edu.yu.dbimpl.file.Page setString
INFO: setString called with offset: 0 and String: Hello, World!980
Sep 26, 2023 4:20:21 PM edu.yu.dbimpl.file.FileMgr append
INFO: append called with filename: testFileModulePerformance981
Sep 26, 2023 4:20:21 PM edu.yu.dbimpl.file.FileMgr append
INFO: Writing to file: src/test/java/edu/yu/dbimpl/testingDirectory/testFileModulePerformance981
Sep 26, 2023 4:20:21 PM edu.yu.dbimpl.file.Page <init>
INFO: Page created with blocksize 50000
Sep 26, 2023 4:20:21 PM edu.yu.dbimpl.file.Page setString
INFO: setString called with offset: 0 and String: Hello, World!981
Sep 26, 2023 4:20:21 PM edu.yu.dbimpl.file.FileMgr append
INFO: append called with filename: testFileModulePerformance982
Sep 26, 2023 4:20:21 PM edu.yu.dbimpl.file.FileMgr append
INFO: Writing to file: src/test/java/edu/yu/dbimpl/testingDirectory/testFileModulePerformance982
Sep 26, 2023 4:20:21 PM edu.yu.dbimpl.file.Page <init>
INFO: Page created with blocksize 50000
Sep 26, 2023 4:20:21 PM edu.yu.dbimpl.file.Page setString
INFO: setString called with offset: 0 and String: Hello, World!982
Sep 26, 2023 4:20:21 PM edu.yu.dbimpl.file.FileMgr append
INFO: append called with filename: testFileModulePerformance983
Sep 26, 2023 4:20:21 PM edu.yu.dbimpl.file.FileMgr append
INFO: Writing to file: src/test/java/edu/yu/dbimpl/testingDirectory/testFileModulePerformance983
Sep 26, 2023 4:20:21 PM edu.yu.dbimpl.file.Page <init>
INFO: Page created with blocksize 50000
Sep 26, 2023 4:20:21 PM edu.yu.dbimpl.file.Page setString
INFO: setString called with offset: 0 and String: Hello, World!983
Sep 26, 2023 4:20:21 PM edu.yu.dbimpl.file.FileMgr append
INFO: append called with filename: testFileModulePerformance984
Sep 26, 2023 4:20:21 PM edu.yu.dbimpl.file.FileMgr append
INFO: Writing to file: src/test/java/edu/yu/dbimpl/testingDirectory/testFileModulePerformance984
Sep 26, 2023 4:20:21 PM edu.yu.dbimpl.file.Page <init>
INFO: Page created with blocksize 50000
Sep 26, 2023 4:20:21 PM edu.yu.dbimpl.file.Page setString
INFO: setString called with offset: 0 and String: Hello, World!984
Sep 26, 2023 4:20:21 PM edu.yu.dbimpl.file.FileMgr append
INFO: append called with filename: testFileModulePerformance985
Sep 26, 2023 4:20:21 PM edu.yu.dbimpl.file.FileMgr append
INFO: Writing to file: src/test/java/edu/yu/dbimpl/testingDirectory/testFileModulePerformance985
Sep 26, 2023 4:20:21 PM edu.yu.dbimpl.file.Page <init>
INFO: Page created with blocksize 50000
Sep 26, 2023 4:20:21 PM edu.yu.dbimpl.file.Page setString
INFO: setString called with offset: 0 and String: Hello, World!985
Sep 26, 2023 4:20:21 PM edu.yu.dbimpl.file.FileMgr append
INFO: append called with filename: testFileModulePerformance986
Sep 26, 2023 4:20:21 PM edu.yu.dbimpl.file.FileMgr append
INFO: Writing to file: src/test/java/edu/yu/dbimpl/testingDirectory/testFileModulePerformance986
Sep 26, 2023 4:20:21 PM edu.yu.dbimpl.file.Page <init>
INFO: Page created with blocksize 50000
Sep 26, 2023 4:20:21 PM edu.yu.dbimpl.file.Page setString
INFO: setString called with offset: 0 and String: Hello, World!986
Sep 26, 2023 4:20:21 PM edu.yu.dbimpl.file.FileMgr append
INFO: append called with filename: testFileModulePerformance987
Sep 26, 2023 4:20:21 PM edu.yu.dbimpl.file.FileMgr append
INFO: Writing to file: src/test/java/edu/yu/dbimpl/testingDirectory/testFileModulePerformance987
Sep 26, 2023 4:20:21 PM edu.yu.dbimpl.file.Page <init>
INFO: Page created with blocksize 50000
Sep 26, 2023 4:20:21 PM edu.yu.dbimpl.file.Page setString
INFO: setString called with offset: 0 and String: Hello, World!987
Sep 26, 2023 4:20:21 PM edu.yu.dbimpl.file.FileMgr append
INFO: append called with filename: testFileModulePerformance988
Sep 26, 2023 4:20:21 PM edu.yu.dbimpl.file.FileMgr append
INFO: Writing to file: src/test/java/edu/yu/dbimpl/testingDirectory/testFileModulePerformance988
Sep 26, 2023 4:20:21 PM edu.yu.dbimpl.file.Page <init>
INFO: Page created with blocksize 50000
Sep 26, 2023 4:20:21 PM edu.yu.dbimpl.file.Page setString
INFO: setString called with offset: 0 and String: Hello, World!988
Sep 26, 2023 4:20:21 PM edu.yu.dbimpl.file.FileMgr append
INFO: append called with filename: testFileModulePerformance989
Sep 26, 2023 4:20:21 PM edu.yu.dbimpl.file.FileMgr append
INFO: Writing to file: src/test/java/edu/yu/dbimpl/testingDirectory/testFileModulePerformance989
Sep 26, 2023 4:20:21 PM edu.yu.dbimpl.file.Page <init>
INFO: Page created with blocksize 50000
Sep 26, 2023 4:20:21 PM edu.yu.dbimpl.file.Page setString
INFO: setString called with offset: 0 and String: Hello, World!989
Sep 26, 2023 4:20:21 PM edu.yu.dbimpl.file.FileMgr append
INFO: append called with filename: testFileModulePerformance990
Sep 26, 2023 4:20:21 PM edu.yu.dbimpl.file.FileMgr append
INFO: Writing to file: src/test/java/edu/yu/dbimpl/testingDirectory/testFileModulePerformance990
Sep 26, 2023 4:20:21 PM edu.yu.dbimpl.file.Page <init>
INFO: Page created with blocksize 50000
Sep 26, 2023 4:20:21 PM edu.yu.dbimpl.file.Page setString
INFO: setString called with offset: 0 and String: Hello, World!990
Sep 26, 2023 4:20:21 PM edu.yu.dbimpl.file.FileMgr append
INFO: append called with filename: testFileModulePerformance991
Sep 26, 2023 4:20:21 PM edu.yu.dbimpl.file.FileMgr append
INFO: Writing to file: src/test/java/edu/yu/dbimpl/testingDirectory/testFileModulePerformance991
Sep 26, 2023 4:20:21 PM edu.yu.dbimpl.file.Page <init>
INFO: Page created with blocksize 50000
Sep 26, 2023 4:20:21 PM edu.yu.dbimpl.file.Page setString
INFO: setString called with offset: 0 and String: Hello, World!991
Sep 26, 2023 4:20:21 PM edu.yu.dbimpl.file.FileMgr append
INFO: append called with filename: testFileModulePerformance992
Sep 26, 2023 4:20:21 PM edu.yu.dbimpl.file.FileMgr append
INFO: Writing to file: src/test/java/edu/yu/dbimpl/testingDirectory/testFileModulePerformance992
Sep 26, 2023 4:20:21 PM edu.yu.dbimpl.file.Page <init>
INFO: Page created with blocksize 50000
Sep 26, 2023 4:20:21 PM edu.yu.dbimpl.file.Page setString
INFO: setString called with offset: 0 and String: Hello, World!992
Sep 26, 2023 4:20:21 PM edu.yu.dbimpl.file.FileMgr append
INFO: append called with filename: testFileModulePerformance993
Sep 26, 2023 4:20:21 PM edu.yu.dbimpl.file.FileMgr append
INFO: Writing to file: src/test/java/edu/yu/dbimpl/testingDirectory/testFileModulePerformance993
Sep 26, 2023 4:20:21 PM edu.yu.dbimpl.file.Page <init>
INFO: Page created with blocksize 50000
Sep 26, 2023 4:20:21 PM edu.yu.dbimpl.file.Page setString
INFO: setString called with offset: 0 and String: Hello, World!993
Sep 26, 2023 4:20:21 PM edu.yu.dbimpl.file.FileMgr append
INFO: append called with filename: testFileModulePerformance994
Sep 26, 2023 4:20:21 PM edu.yu.dbimpl.file.FileMgr append
INFO: Writing to file: src/test/java/edu/yu/dbimpl/testingDirectory/testFileModulePerformance994
Sep 26, 2023 4:20:21 PM edu.yu.dbimpl.file.Page <init>
INFO: Page created with blocksize 50000
Sep 26, 2023 4:20:21 PM edu.yu.dbimpl.file.Page setString
INFO: setString called with offset: 0 and String: Hello, World!994
Sep 26, 2023 4:20:21 PM edu.yu.dbimpl.file.FileMgr append
INFO: append called with filename: testFileModulePerformance995
Sep 26, 2023 4:20:21 PM edu.yu.dbimpl.file.FileMgr append
INFO: Writing to file: src/test/java/edu/yu/dbimpl/testingDirectory/testFileModulePerformance995
Sep 26, 2023 4:20:21 PM edu.yu.dbimpl.file.Page <init>
INFO: Page created with blocksize 50000
Sep 26, 2023 4:20:21 PM edu.yu.dbimpl.file.Page setString
INFO: setString called with offset: 0 and String: Hello, World!995
Sep 26, 2023 4:20:21 PM edu.yu.dbimpl.file.FileMgr append
INFO: append called with filename: testFileModulePerformance996
Sep 26, 2023 4:20:21 PM edu.yu.dbimpl.file.FileMgr append
INFO: Writing to file: src/test/java/edu/yu/dbimpl/testingDirectory/testFileModulePerformance996
Sep 26, 2023 4:20:21 PM edu.yu.dbimpl.file.Page <init>
INFO: Page created with blocksize 50000
Sep 26, 2023 4:20:21 PM edu.yu.dbimpl.file.Page setString
INFO: setString called with offset: 0 and String: Hello, World!996
Sep 26, 2023 4:20:21 PM edu.yu.dbimpl.file.FileMgr append
INFO: append called with filename: testFileModulePerformance997
Sep 26, 2023 4:20:21 PM edu.yu.dbimpl.file.FileMgr append
INFO: Writing to file: src/test/java/edu/yu/dbimpl/testingDirectory/testFileModulePerformance997
Sep 26, 2023 4:20:21 PM edu.yu.dbimpl.file.Page <init>
INFO: Page created with blocksize 50000
Sep 26, 2023 4:20:21 PM edu.yu.dbimpl.file.Page setString
INFO: setString called with offset: 0 and String: Hello, World!997
Sep 26, 2023 4:20:21 PM edu.yu.dbimpl.file.FileMgr append
INFO: append called with filename: testFileModulePerformance998
Sep 26, 2023 4:20:21 PM edu.yu.dbimpl.file.FileMgr append
INFO: Writing to file: src/test/java/edu/yu/dbimpl/testingDirectory/testFileModulePerformance998
Sep 26, 2023 4:20:21 PM edu.yu.dbimpl.file.Page <init>
INFO: Page created with blocksize 50000
Sep 26, 2023 4:20:21 PM edu.yu.dbimpl.file.Page setString
INFO: setString called with offset: 0 and String: Hello, World!998
Sep 26, 2023 4:20:21 PM edu.yu.dbimpl.file.FileMgr append
INFO: append called with filename: testFileModulePerformance999
Sep 26, 2023 4:20:21 PM edu.yu.dbimpl.file.FileMgr append
INFO: Writing to file: src/test/java/edu/yu/dbimpl/testingDirectory/testFileModulePerformance999
Sep 26, 2023 4:20:21 PM edu.yu.dbimpl.file.Page <init>
INFO: Page created with blocksize 50000
Sep 26, 2023 4:20:21 PM edu.yu.dbimpl.file.Page setString
INFO: setString called with offset: 0 and String: Hello, World!999
]]></system-err>
  </testcase>
  <testcase name="addingALotOfStringsToDisk" classname="edu.yu.dbimpl.FirstStageTests" time="0.394">
    <system-err><![CDATA[Sep 26, 2023 4:20:21 PM edu.yu.dbimpl.file.Page <init>
INFO: Page created with blocksize 4096
Sep 26, 2023 4:20:21 PM edu.yu.dbimpl.file.FileMgr <init>
INFO: FileMgr created
Sep 26, 2023 4:20:21 PM edu.yu.dbimpl.file.FileMgr <init>
INFO: dbDirectory: src/test/java/edu/yu/dbimpl/testingDirectory
Sep 26, 2023 4:20:21 PM edu.yu.dbimpl.file.FileMgr <init>
INFO: blocksize: 4096
Sep 26, 2023 4:20:21 PM edu.yu.dbimpl.file.FileMgr <init>
INFO: isNew: false
Sep 26, 2023 4:20:21 PM edu.yu.dbimpl.file.FileMgr <init>
INFO: dbDirectory exists: true
Sep 26, 2023 4:20:21 PM edu.yu.dbimpl.file.FileMgr <init>
INFO: dbDirectory is deleting temp files at super sonic speed
Sep 26, 2023 4:20:21 PM edu.yu.dbimpl.file.FileMgr append
INFO: append called with filename: testFileModulePerformance
Sep 26, 2023 4:20:21 PM edu.yu.dbimpl.file.FileMgr append
INFO: Writing to file: src/test/java/edu/yu/dbimpl/testingDirectory/testFileModulePerformance
Sep 26, 2023 4:20:21 PM edu.yu.dbimpl.file.Page setString
INFO: setString called with offset: 0 and String: Hello, World!0
Sep 26, 2023 4:20:21 PM edu.yu.dbimpl.file.FileMgr write
INFO: write called with BlockIdBase: edu.yu.dbimpl.file.BlockId@457dc809 and PageBase: edu.yu.dbimpl.file.Page@5687ba39
Sep 26, 2023 4:20:21 PM edu.yu.dbimpl.file.FileMgr write
INFO: Getting type to write: String
Sep 26, 2023 4:20:21 PM edu.yu.dbimpl.file.FileMgr write
INFO: Writing to file: src/test/java/edu/yu/dbimpl/testingDirectory/testFileModulePerformance
Sep 26, 2023 4:20:21 PM edu.yu.dbimpl.file.FileMgr write
INFO: Finished write
Sep 26, 2023 4:20:21 PM edu.yu.dbimpl.file.Page setString
INFO: setString called with offset: 20 and String: Hello, World!1
Sep 26, 2023 4:20:21 PM edu.yu.dbimpl.file.FileMgr write
INFO: write called with BlockIdBase: edu.yu.dbimpl.file.BlockId@457dc809 and PageBase: edu.yu.dbimpl.file.Page@5687ba39
Sep 26, 2023 4:20:21 PM edu.yu.dbimpl.file.FileMgr write
INFO: Getting type to write: String
Sep 26, 2023 4:20:21 PM edu.yu.dbimpl.file.FileMgr write
INFO: Writing to file: src/test/java/edu/yu/dbimpl/testingDirectory/testFileModulePerformance
Sep 26, 2023 4:20:21 PM edu.yu.dbimpl.file.FileMgr write
INFO: Finished write
Sep 26, 2023 4:20:21 PM edu.yu.dbimpl.file.Page setString
INFO: setString called with offset: 40 and String: Hello, World!2
Sep 26, 2023 4:20:21 PM edu.yu.dbimpl.file.FileMgr write
INFO: write called with BlockIdBase: edu.yu.dbimpl.file.BlockId@457dc809 and PageBase: edu.yu.dbimpl.file.Page@5687ba39
Sep 26, 2023 4:20:21 PM edu.yu.dbimpl.file.FileMgr write
INFO: Getting type to write: String
Sep 26, 2023 4:20:21 PM edu.yu.dbimpl.file.FileMgr write
INFO: Writing to file: src/test/java/edu/yu/dbimpl/testingDirectory/testFileModulePerformance
Sep 26, 2023 4:20:21 PM edu.yu.dbimpl.file.FileMgr write
INFO: Finished write
Sep 26, 2023 4:20:21 PM edu.yu.dbimpl.file.Page setString
INFO: setString called with offset: 60 and String: Hello, World!3
Sep 26, 2023 4:20:21 PM edu.yu.dbimpl.file.FileMgr write
INFO: write called with BlockIdBase: edu.yu.dbimpl.file.BlockId@457dc809 and PageBase: edu.yu.dbimpl.file.Page@5687ba39
Sep 26, 2023 4:20:21 PM edu.yu.dbimpl.file.FileMgr write
INFO: Getting type to write: String
Sep 26, 2023 4:20:21 PM edu.yu.dbimpl.file.FileMgr write
INFO: Writing to file: src/test/java/edu/yu/dbimpl/testingDirectory/testFileModulePerformance
Sep 26, 2023 4:20:21 PM edu.yu.dbimpl.file.FileMgr write
INFO: Finished write
Sep 26, 2023 4:20:21 PM edu.yu.dbimpl.file.Page setString
INFO: setString called with offset: 80 and String: Hello, World!4
Sep 26, 2023 4:20:21 PM edu.yu.dbimpl.file.FileMgr write
INFO: write called with BlockIdBase: edu.yu.dbimpl.file.BlockId@457dc809 and PageBase: edu.yu.dbimpl.file.Page@5687ba39
Sep 26, 2023 4:20:21 PM edu.yu.dbimpl.file.FileMgr write
INFO: Getting type to write: String
Sep 26, 2023 4:20:21 PM edu.yu.dbimpl.file.FileMgr write
INFO: Writing to file: src/test/java/edu/yu/dbimpl/testingDirectory/testFileModulePerformance
Sep 26, 2023 4:20:21 PM edu.yu.dbimpl.file.FileMgr write
INFO: Finished write
Sep 26, 2023 4:20:21 PM edu.yu.dbimpl.file.Page setString
INFO: setString called with offset: 100 and String: Hello, World!5
Sep 26, 2023 4:20:21 PM edu.yu.dbimpl.file.FileMgr write
INFO: write called with BlockIdBase: edu.yu.dbimpl.file.BlockId@457dc809 and PageBase: edu.yu.dbimpl.file.Page@5687ba39
Sep 26, 2023 4:20:21 PM edu.yu.dbimpl.file.FileMgr write
INFO: Getting type to write: String
Sep 26, 2023 4:20:21 PM edu.yu.dbimpl.file.FileMgr write
INFO: Writing to file: src/test/java/edu/yu/dbimpl/testingDirectory/testFileModulePerformance
Sep 26, 2023 4:20:21 PM edu.yu.dbimpl.file.FileMgr write
INFO: Finished write
Sep 26, 2023 4:20:21 PM edu.yu.dbimpl.file.Page setString
INFO: setString called with offset: 120 and String: Hello, World!6
Sep 26, 2023 4:20:21 PM edu.yu.dbimpl.file.FileMgr write
INFO: write called with BlockIdBase: edu.yu.dbimpl.file.BlockId@457dc809 and PageBase: edu.yu.dbimpl.file.Page@5687ba39
Sep 26, 2023 4:20:21 PM edu.yu.dbimpl.file.FileMgr write
INFO: Getting type to write: String
Sep 26, 2023 4:20:21 PM edu.yu.dbimpl.file.FileMgr write
INFO: Writing to file: src/test/java/edu/yu/dbimpl/testingDirectory/testFileModulePerformance
Sep 26, 2023 4:20:21 PM edu.yu.dbimpl.file.FileMgr write
INFO: Finished write
Sep 26, 2023 4:20:21 PM edu.yu.dbimpl.file.Page setString
INFO: setString called with offset: 140 and String: Hello, World!7
Sep 26, 2023 4:20:21 PM edu.yu.dbimpl.file.FileMgr write
INFO: write called with BlockIdBase: edu.yu.dbimpl.file.BlockId@457dc809 and PageBase: edu.yu.dbimpl.file.Page@5687ba39
Sep 26, 2023 4:20:21 PM edu.yu.dbimpl.file.FileMgr write
INFO: Getting type to write: String
Sep 26, 2023 4:20:21 PM edu.yu.dbimpl.file.FileMgr write
INFO: Writing to file: src/test/java/edu/yu/dbimpl/testingDirectory/testFileModulePerformance
Sep 26, 2023 4:20:21 PM edu.yu.dbimpl.file.FileMgr write
INFO: Finished write
Sep 26, 2023 4:20:21 PM edu.yu.dbimpl.file.Page setString
INFO: setString called with offset: 160 and String: Hello, World!8
Sep 26, 2023 4:20:21 PM edu.yu.dbimpl.file.FileMgr write
INFO: write called with BlockIdBase: edu.yu.dbimpl.file.BlockId@457dc809 and PageBase: edu.yu.dbimpl.file.Page@5687ba39
Sep 26, 2023 4:20:21 PM edu.yu.dbimpl.file.FileMgr write
INFO: Getting type to write: String
Sep 26, 2023 4:20:21 PM edu.yu.dbimpl.file.FileMgr write
INFO: Writing to file: src/test/java/edu/yu/dbimpl/testingDirectory/testFileModulePerformance
Sep 26, 2023 4:20:21 PM edu.yu.dbimpl.file.FileMgr write
INFO: Finished write
Sep 26, 2023 4:20:21 PM edu.yu.dbimpl.file.Page setString
INFO: setString called with offset: 180 and String: Hello, World!9
Sep 26, 2023 4:20:21 PM edu.yu.dbimpl.file.FileMgr write
INFO: write called with BlockIdBase: edu.yu.dbimpl.file.BlockId@457dc809 and PageBase: edu.yu.dbimpl.file.Page@5687ba39
Sep 26, 2023 4:20:21 PM edu.yu.dbimpl.file.FileMgr write
INFO: Getting type to write: String
Sep 26, 2023 4:20:21 PM edu.yu.dbimpl.file.FileMgr write
INFO: Writing to file: src/test/java/edu/yu/dbimpl/testingDirectory/testFileModulePerformance
Sep 26, 2023 4:20:21 PM edu.yu.dbimpl.file.FileMgr write
INFO: Finished write
Sep 26, 2023 4:20:21 PM edu.yu.dbimpl.file.Page setString
INFO: setString called with offset: 200 and String: Hello, World!10
Sep 26, 2023 4:20:21 PM edu.yu.dbimpl.file.FileMgr write
INFO: write called with BlockIdBase: edu.yu.dbimpl.file.BlockId@457dc809 and PageBase: edu.yu.dbimpl.file.Page@5687ba39
Sep 26, 2023 4:20:21 PM edu.yu.dbimpl.file.FileMgr write
INFO: Getting type to write: String
Sep 26, 2023 4:20:21 PM edu.yu.dbimpl.file.FileMgr write
INFO: Writing to file: src/test/java/edu/yu/dbimpl/testingDirectory/testFileModulePerformance
Sep 26, 2023 4:20:21 PM edu.yu.dbimpl.file.FileMgr write
INFO: Finished write
Sep 26, 2023 4:20:21 PM edu.yu.dbimpl.file.Page setString
INFO: setString called with offset: 220 and String: Hello, World!11
Sep 26, 2023 4:20:21 PM edu.yu.dbimpl.file.FileMgr write
INFO: write called with BlockIdBase: edu.yu.dbimpl.file.BlockId@457dc809 and PageBase: edu.yu.dbimpl.file.Page@5687ba39
Sep 26, 2023 4:20:21 PM edu.yu.dbimpl.file.FileMgr write
INFO: Getting type to write: String
Sep 26, 2023 4:20:21 PM edu.yu.dbimpl.file.FileMgr write
INFO: Writing to file: src/test/java/edu/yu/dbimpl/testingDirectory/testFileModulePerformance
Sep 26, 2023 4:20:21 PM edu.yu.dbimpl.file.FileMgr write
INFO: Finished write
Sep 26, 2023 4:20:21 PM edu.yu.dbimpl.file.Page setString
INFO: setString called with offset: 240 and String: Hello, World!12
Sep 26, 2023 4:20:21 PM edu.yu.dbimpl.file.FileMgr write
INFO: write called with BlockIdBase: edu.yu.dbimpl.file.BlockId@457dc809 and PageBase: edu.yu.dbimpl.file.Page@5687ba39
Sep 26, 2023 4:20:21 PM edu.yu.dbimpl.file.FileMgr write
INFO: Getting type to write: String
Sep 26, 2023 4:20:21 PM edu.yu.dbimpl.file.FileMgr write
INFO: Writing to file: src/test/java/edu/yu/dbimpl/testingDirectory/testFileModulePerformance
Sep 26, 2023 4:20:21 PM edu.yu.dbimpl.file.FileMgr write
INFO: Finished write
Sep 26, 2023 4:20:21 PM edu.yu.dbimpl.file.Page setString
INFO: setString called with offset: 260 and String: Hello, World!13
Sep 26, 2023 4:20:21 PM edu.yu.dbimpl.file.FileMgr write
INFO: write called with BlockIdBase: edu.yu.dbimpl.file.BlockId@457dc809 and PageBase: edu.yu.dbimpl.file.Page@5687ba39
Sep 26, 2023 4:20:21 PM edu.yu.dbimpl.file.FileMgr write
INFO: Getting type to write: String
Sep 26, 2023 4:20:21 PM edu.yu.dbimpl.file.FileMgr write
INFO: Writing to file: src/test/java/edu/yu/dbimpl/testingDirectory/testFileModulePerformance
Sep 26, 2023 4:20:21 PM edu.yu.dbimpl.file.FileMgr write
INFO: Finished write
Sep 26, 2023 4:20:21 PM edu.yu.dbimpl.file.Page setString
INFO: setString called with offset: 280 and String: Hello, World!14
Sep 26, 2023 4:20:21 PM edu.yu.dbimpl.file.FileMgr write
INFO: write called with BlockIdBase: edu.yu.dbimpl.file.BlockId@457dc809 and PageBase: edu.yu.dbimpl.file.Page@5687ba39
Sep 26, 2023 4:20:21 PM edu.yu.dbimpl.file.FileMgr write
INFO: Getting type to write: String
Sep 26, 2023 4:20:21 PM edu.yu.dbimpl.file.FileMgr write
INFO: Writing to file: src/test/java/edu/yu/dbimpl/testingDirectory/testFileModulePerformance
Sep 26, 2023 4:20:21 PM edu.yu.dbimpl.file.FileMgr write
INFO: Finished write
Sep 26, 2023 4:20:21 PM edu.yu.dbimpl.file.Page setString
INFO: setString called with offset: 300 and String: Hello, World!15
Sep 26, 2023 4:20:21 PM edu.yu.dbimpl.file.FileMgr write
INFO: write called with BlockIdBase: edu.yu.dbimpl.file.BlockId@457dc809 and PageBase: edu.yu.dbimpl.file.Page@5687ba39
Sep 26, 2023 4:20:21 PM edu.yu.dbimpl.file.FileMgr write
INFO: Getting type to write: String
Sep 26, 2023 4:20:21 PM edu.yu.dbimpl.file.FileMgr write
INFO: Writing to file: src/test/java/edu/yu/dbimpl/testingDirectory/testFileModulePerformance
Sep 26, 2023 4:20:21 PM edu.yu.dbimpl.file.FileMgr write
INFO: Finished write
Sep 26, 2023 4:20:21 PM edu.yu.dbimpl.file.Page setString
INFO: setString called with offset: 320 and String: Hello, World!16
Sep 26, 2023 4:20:21 PM edu.yu.dbimpl.file.FileMgr write
INFO: write called with BlockIdBase: edu.yu.dbimpl.file.BlockId@457dc809 and PageBase: edu.yu.dbimpl.file.Page@5687ba39
Sep 26, 2023 4:20:21 PM edu.yu.dbimpl.file.FileMgr write
INFO: Getting type to write: String
Sep 26, 2023 4:20:21 PM edu.yu.dbimpl.file.FileMgr write
INFO: Writing to file: src/test/java/edu/yu/dbimpl/testingDirectory/testFileModulePerformance
Sep 26, 2023 4:20:21 PM edu.yu.dbimpl.file.FileMgr write
INFO: Finished write
Sep 26, 2023 4:20:21 PM edu.yu.dbimpl.file.Page setString
INFO: setString called with offset: 340 and String: Hello, World!17
Sep 26, 2023 4:20:21 PM edu.yu.dbimpl.file.FileMgr write
INFO: write called with BlockIdBase: edu.yu.dbimpl.file.BlockId@457dc809 and PageBase: edu.yu.dbimpl.file.Page@5687ba39
Sep 26, 2023 4:20:21 PM edu.yu.dbimpl.file.FileMgr write
INFO: Getting type to write: String
Sep 26, 2023 4:20:21 PM edu.yu.dbimpl.file.FileMgr write
INFO: Writing to file: src/test/java/edu/yu/dbimpl/testingDirectory/testFileModulePerformance
Sep 26, 2023 4:20:21 PM edu.yu.dbimpl.file.FileMgr write
INFO: Finished write
Sep 26, 2023 4:20:21 PM edu.yu.dbimpl.file.Page setString
INFO: setString called with offset: 360 and String: Hello, World!18
Sep 26, 2023 4:20:21 PM edu.yu.dbimpl.file.FileMgr write
INFO: write called with BlockIdBase: edu.yu.dbimpl.file.BlockId@457dc809 and PageBase: edu.yu.dbimpl.file.Page@5687ba39
Sep 26, 2023 4:20:21 PM edu.yu.dbimpl.file.FileMgr write
INFO: Getting type to write: String
Sep 26, 2023 4:20:21 PM edu.yu.dbimpl.file.FileMgr write
INFO: Writing to file: src/test/java/edu/yu/dbimpl/testingDirectory/testFileModulePerformance
Sep 26, 2023 4:20:21 PM edu.yu.dbimpl.file.FileMgr write
INFO: Finished write
Sep 26, 2023 4:20:21 PM edu.yu.dbimpl.file.Page setString
INFO: setString called with offset: 380 and String: Hello, World!19
Sep 26, 2023 4:20:21 PM edu.yu.dbimpl.file.FileMgr write
INFO: write called with BlockIdBase: edu.yu.dbimpl.file.BlockId@457dc809 and PageBase: edu.yu.dbimpl.file.Page@5687ba39
Sep 26, 2023 4:20:21 PM edu.yu.dbimpl.file.FileMgr write
INFO: Getting type to write: String
Sep 26, 2023 4:20:21 PM edu.yu.dbimpl.file.FileMgr write
INFO: Writing to file: src/test/java/edu/yu/dbimpl/testingDirectory/testFileModulePerformance
Sep 26, 2023 4:20:21 PM edu.yu.dbimpl.file.FileMgr write
INFO: Finished write
Sep 26, 2023 4:20:21 PM edu.yu.dbimpl.file.Page setString
INFO: setString called with offset: 400 and String: Hello, World!20
Sep 26, 2023 4:20:21 PM edu.yu.dbimpl.file.FileMgr write
INFO: write called with BlockIdBase: edu.yu.dbimpl.file.BlockId@457dc809 and PageBase: edu.yu.dbimpl.file.Page@5687ba39
Sep 26, 2023 4:20:21 PM edu.yu.dbimpl.file.FileMgr write
INFO: Getting type to write: String
Sep 26, 2023 4:20:21 PM edu.yu.dbimpl.file.FileMgr write
INFO: Writing to file: src/test/java/edu/yu/dbimpl/testingDirectory/testFileModulePerformance
Sep 26, 2023 4:20:21 PM edu.yu.dbimpl.file.FileMgr write
INFO: Finished write
Sep 26, 2023 4:20:21 PM edu.yu.dbimpl.file.Page setString
INFO: setString called with offset: 420 and String: Hello, World!21
Sep 26, 2023 4:20:21 PM edu.yu.dbimpl.file.FileMgr write
INFO: write called with BlockIdBase: edu.yu.dbimpl.file.BlockId@457dc809 and PageBase: edu.yu.dbimpl.file.Page@5687ba39
Sep 26, 2023 4:20:21 PM edu.yu.dbimpl.file.FileMgr write
INFO: Getting type to write: String
Sep 26, 2023 4:20:21 PM edu.yu.dbimpl.file.FileMgr write
INFO: Writing to file: src/test/java/edu/yu/dbimpl/testingDirectory/testFileModulePerformance
Sep 26, 2023 4:20:21 PM edu.yu.dbimpl.file.FileMgr write
INFO: Finished write
Sep 26, 2023 4:20:21 PM edu.yu.dbimpl.file.Page setString
INFO: setString called with offset: 440 and String: Hello, World!22
Sep 26, 2023 4:20:21 PM edu.yu.dbimpl.file.FileMgr write
INFO: write called with BlockIdBase: edu.yu.dbimpl.file.BlockId@457dc809 and PageBase: edu.yu.dbimpl.file.Page@5687ba39
Sep 26, 2023 4:20:21 PM edu.yu.dbimpl.file.FileMgr write
INFO: Getting type to write: String
Sep 26, 2023 4:20:21 PM edu.yu.dbimpl.file.FileMgr write
INFO: Writing to file: src/test/java/edu/yu/dbimpl/testingDirectory/testFileModulePerformance
Sep 26, 2023 4:20:21 PM edu.yu.dbimpl.file.FileMgr write
INFO: Finished write
Sep 26, 2023 4:20:21 PM edu.yu.dbimpl.file.Page setString
INFO: setString called with offset: 460 and String: Hello, World!23
Sep 26, 2023 4:20:21 PM edu.yu.dbimpl.file.FileMgr write
INFO: write called with BlockIdBase: edu.yu.dbimpl.file.BlockId@457dc809 and PageBase: edu.yu.dbimpl.file.Page@5687ba39
Sep 26, 2023 4:20:21 PM edu.yu.dbimpl.file.FileMgr write
INFO: Getting type to write: String
Sep 26, 2023 4:20:21 PM edu.yu.dbimpl.file.FileMgr write
INFO: Writing to file: src/test/java/edu/yu/dbimpl/testingDirectory/testFileModulePerformance
Sep 26, 2023 4:20:21 PM edu.yu.dbimpl.file.FileMgr write
INFO: Finished write
Sep 26, 2023 4:20:21 PM edu.yu.dbimpl.file.Page setString
INFO: setString called with offset: 480 and String: Hello, World!24
Sep 26, 2023 4:20:21 PM edu.yu.dbimpl.file.FileMgr write
INFO: write called with BlockIdBase: edu.yu.dbimpl.file.BlockId@457dc809 and PageBase: edu.yu.dbimpl.file.Page@5687ba39
Sep 26, 2023 4:20:21 PM edu.yu.dbimpl.file.FileMgr write
INFO: Getting type to write: String
Sep 26, 2023 4:20:21 PM edu.yu.dbimpl.file.FileMgr write
INFO: Writing to file: src/test/java/edu/yu/dbimpl/testingDirectory/testFileModulePerformance
Sep 26, 2023 4:20:21 PM edu.yu.dbimpl.file.FileMgr write
INFO: Finished write
Sep 26, 2023 4:20:21 PM edu.yu.dbimpl.file.Page setString
INFO: setString called with offset: 500 and String: Hello, World!25
Sep 26, 2023 4:20:21 PM edu.yu.dbimpl.file.FileMgr write
INFO: write called with BlockIdBase: edu.yu.dbimpl.file.BlockId@457dc809 and PageBase: edu.yu.dbimpl.file.Page@5687ba39
Sep 26, 2023 4:20:21 PM edu.yu.dbimpl.file.FileMgr write
INFO: Getting type to write: String
Sep 26, 2023 4:20:21 PM edu.yu.dbimpl.file.FileMgr write
INFO: Writing to file: src/test/java/edu/yu/dbimpl/testingDirectory/testFileModulePerformance
Sep 26, 2023 4:20:21 PM edu.yu.dbimpl.file.FileMgr write
INFO: Finished write
Sep 26, 2023 4:20:21 PM edu.yu.dbimpl.file.Page setString
INFO: setString called with offset: 520 and String: Hello, World!26
Sep 26, 2023 4:20:21 PM edu.yu.dbimpl.file.FileMgr write
INFO: write called with BlockIdBase: edu.yu.dbimpl.file.BlockId@457dc809 and PageBase: edu.yu.dbimpl.file.Page@5687ba39
Sep 26, 2023 4:20:21 PM edu.yu.dbimpl.file.FileMgr write
INFO: Getting type to write: String
Sep 26, 2023 4:20:21 PM edu.yu.dbimpl.file.FileMgr write
INFO: Writing to file: src/test/java/edu/yu/dbimpl/testingDirectory/testFileModulePerformance
Sep 26, 2023 4:20:21 PM edu.yu.dbimpl.file.FileMgr write
INFO: Finished write
Sep 26, 2023 4:20:21 PM edu.yu.dbimpl.file.Page setString
INFO: setString called with offset: 540 and String: Hello, World!27
Sep 26, 2023 4:20:21 PM edu.yu.dbimpl.file.FileMgr write
INFO: write called with BlockIdBase: edu.yu.dbimpl.file.BlockId@457dc809 and PageBase: edu.yu.dbimpl.file.Page@5687ba39
Sep 26, 2023 4:20:21 PM edu.yu.dbimpl.file.FileMgr write
INFO: Getting type to write: String
Sep 26, 2023 4:20:21 PM edu.yu.dbimpl.file.FileMgr write
INFO: Writing to file: src/test/java/edu/yu/dbimpl/testingDirectory/testFileModulePerformance
Sep 26, 2023 4:20:21 PM edu.yu.dbimpl.file.FileMgr write
INFO: Finished write
Sep 26, 2023 4:20:21 PM edu.yu.dbimpl.file.Page setString
INFO: setString called with offset: 560 and String: Hello, World!28
Sep 26, 2023 4:20:21 PM edu.yu.dbimpl.file.FileMgr write
INFO: write called with BlockIdBase: edu.yu.dbimpl.file.BlockId@457dc809 and PageBase: edu.yu.dbimpl.file.Page@5687ba39
Sep 26, 2023 4:20:21 PM edu.yu.dbimpl.file.FileMgr write
INFO: Getting type to write: String
Sep 26, 2023 4:20:21 PM edu.yu.dbimpl.file.FileMgr write
INFO: Writing to file: src/test/java/edu/yu/dbimpl/testingDirectory/testFileModulePerformance
Sep 26, 2023 4:20:21 PM edu.yu.dbimpl.file.FileMgr write
INFO: Finished write
Sep 26, 2023 4:20:21 PM edu.yu.dbimpl.file.Page setString
INFO: setString called with offset: 580 and String: Hello, World!29
Sep 26, 2023 4:20:21 PM edu.yu.dbimpl.file.FileMgr write
INFO: write called with BlockIdBase: edu.yu.dbimpl.file.BlockId@457dc809 and PageBase: edu.yu.dbimpl.file.Page@5687ba39
Sep 26, 2023 4:20:21 PM edu.yu.dbimpl.file.FileMgr write
INFO: Getting type to write: String
Sep 26, 2023 4:20:21 PM edu.yu.dbimpl.file.FileMgr write
INFO: Writing to file: src/test/java/edu/yu/dbimpl/testingDirectory/testFileModulePerformance
Sep 26, 2023 4:20:21 PM edu.yu.dbimpl.file.FileMgr write
INFO: Finished write
Sep 26, 2023 4:20:21 PM edu.yu.dbimpl.file.Page setString
INFO: setString called with offset: 600 and String: Hello, World!30
Sep 26, 2023 4:20:21 PM edu.yu.dbimpl.file.FileMgr write
INFO: write called with BlockIdBase: edu.yu.dbimpl.file.BlockId@457dc809 and PageBase: edu.yu.dbimpl.file.Page@5687ba39
Sep 26, 2023 4:20:21 PM edu.yu.dbimpl.file.FileMgr write
INFO: Getting type to write: String
Sep 26, 2023 4:20:21 PM edu.yu.dbimpl.file.FileMgr write
INFO: Writing to file: src/test/java/edu/yu/dbimpl/testingDirectory/testFileModulePerformance
Sep 26, 2023 4:20:21 PM edu.yu.dbimpl.file.FileMgr write
INFO: Finished write
Sep 26, 2023 4:20:21 PM edu.yu.dbimpl.file.Page setString
INFO: setString called with offset: 620 and String: Hello, World!31
Sep 26, 2023 4:20:21 PM edu.yu.dbimpl.file.FileMgr write
INFO: write called with BlockIdBase: edu.yu.dbimpl.file.BlockId@457dc809 and PageBase: edu.yu.dbimpl.file.Page@5687ba39
Sep 26, 2023 4:20:21 PM edu.yu.dbimpl.file.FileMgr write
INFO: Getting type to write: String
Sep 26, 2023 4:20:21 PM edu.yu.dbimpl.file.FileMgr write
INFO: Writing to file: src/test/java/edu/yu/dbimpl/testingDirectory/testFileModulePerformance
Sep 26, 2023 4:20:21 PM edu.yu.dbimpl.file.FileMgr write
INFO: Finished write
Sep 26, 2023 4:20:21 PM edu.yu.dbimpl.file.Page setString
INFO: setString called with offset: 640 and String: Hello, World!32
Sep 26, 2023 4:20:21 PM edu.yu.dbimpl.file.FileMgr write
INFO: write called with BlockIdBase: edu.yu.dbimpl.file.BlockId@457dc809 and PageBase: edu.yu.dbimpl.file.Page@5687ba39
Sep 26, 2023 4:20:21 PM edu.yu.dbimpl.file.FileMgr write
INFO: Getting type to write: String
Sep 26, 2023 4:20:21 PM edu.yu.dbimpl.file.FileMgr write
INFO: Writing to file: src/test/java/edu/yu/dbimpl/testingDirectory/testFileModulePerformance
Sep 26, 2023 4:20:21 PM edu.yu.dbimpl.file.FileMgr write
INFO: Finished write
Sep 26, 2023 4:20:21 PM edu.yu.dbimpl.file.Page setString
INFO: setString called with offset: 660 and String: Hello, World!33
Sep 26, 2023 4:20:21 PM edu.yu.dbimpl.file.FileMgr write
INFO: write called with BlockIdBase: edu.yu.dbimpl.file.BlockId@457dc809 and PageBase: edu.yu.dbimpl.file.Page@5687ba39
Sep 26, 2023 4:20:21 PM edu.yu.dbimpl.file.FileMgr write
INFO: Getting type to write: String
Sep 26, 2023 4:20:21 PM edu.yu.dbimpl.file.FileMgr write
INFO: Writing to file: src/test/java/edu/yu/dbimpl/testingDirectory/testFileModulePerformance
Sep 26, 2023 4:20:21 PM edu.yu.dbimpl.file.FileMgr write
INFO: Finished write
Sep 26, 2023 4:20:21 PM edu.yu.dbimpl.file.Page setString
INFO: setString called with offset: 680 and String: Hello, World!34
Sep 26, 2023 4:20:21 PM edu.yu.dbimpl.file.FileMgr write
INFO: write called with BlockIdBase: edu.yu.dbimpl.file.BlockId@457dc809 and PageBase: edu.yu.dbimpl.file.Page@5687ba39
Sep 26, 2023 4:20:21 PM edu.yu.dbimpl.file.FileMgr write
INFO: Getting type to write: String
Sep 26, 2023 4:20:21 PM edu.yu.dbimpl.file.FileMgr write
INFO: Writing to file: src/test/java/edu/yu/dbimpl/testingDirectory/testFileModulePerformance
Sep 26, 2023 4:20:21 PM edu.yu.dbimpl.file.FileMgr write
INFO: Finished write
Sep 26, 2023 4:20:21 PM edu.yu.dbimpl.file.Page setString
INFO: setString called with offset: 700 and String: Hello, World!35
Sep 26, 2023 4:20:21 PM edu.yu.dbimpl.file.FileMgr write
INFO: write called with BlockIdBase: edu.yu.dbimpl.file.BlockId@457dc809 and PageBase: edu.yu.dbimpl.file.Page@5687ba39
Sep 26, 2023 4:20:21 PM edu.yu.dbimpl.file.FileMgr write
INFO: Getting type to write: String
Sep 26, 2023 4:20:21 PM edu.yu.dbimpl.file.FileMgr write
INFO: Writing to file: src/test/java/edu/yu/dbimpl/testingDirectory/testFileModulePerformance
Sep 26, 2023 4:20:21 PM edu.yu.dbimpl.file.FileMgr write
INFO: Finished write
Sep 26, 2023 4:20:21 PM edu.yu.dbimpl.file.Page setString
INFO: setString called with offset: 720 and String: Hello, World!36
Sep 26, 2023 4:20:21 PM edu.yu.dbimpl.file.FileMgr write
INFO: write called with BlockIdBase: edu.yu.dbimpl.file.BlockId@457dc809 and PageBase: edu.yu.dbimpl.file.Page@5687ba39
Sep 26, 2023 4:20:21 PM edu.yu.dbimpl.file.FileMgr write
INFO: Getting type to write: String
Sep 26, 2023 4:20:21 PM edu.yu.dbimpl.file.FileMgr write
INFO: Writing to file: src/test/java/edu/yu/dbimpl/testingDirectory/testFileModulePerformance
Sep 26, 2023 4:20:21 PM edu.yu.dbimpl.file.FileMgr write
INFO: Finished write
Sep 26, 2023 4:20:21 PM edu.yu.dbimpl.file.Page setString
INFO: setString called with offset: 740 and String: Hello, World!37
Sep 26, 2023 4:20:21 PM edu.yu.dbimpl.file.FileMgr write
INFO: write called with BlockIdBase: edu.yu.dbimpl.file.BlockId@457dc809 and PageBase: edu.yu.dbimpl.file.Page@5687ba39
Sep 26, 2023 4:20:21 PM edu.yu.dbimpl.file.FileMgr write
INFO: Getting type to write: String
Sep 26, 2023 4:20:21 PM edu.yu.dbimpl.file.FileMgr write
INFO: Writing to file: src/test/java/edu/yu/dbimpl/testingDirectory/testFileModulePerformance
Sep 26, 2023 4:20:21 PM edu.yu.dbimpl.file.FileMgr write
INFO: Finished write
Sep 26, 2023 4:20:21 PM edu.yu.dbimpl.file.Page setString
INFO: setString called with offset: 760 and String: Hello, World!38
Sep 26, 2023 4:20:21 PM edu.yu.dbimpl.file.FileMgr write
INFO: write called with BlockIdBase: edu.yu.dbimpl.file.BlockId@457dc809 and PageBase: edu.yu.dbimpl.file.Page@5687ba39
Sep 26, 2023 4:20:21 PM edu.yu.dbimpl.file.FileMgr write
INFO: Getting type to write: String
Sep 26, 2023 4:20:21 PM edu.yu.dbimpl.file.FileMgr write
INFO: Writing to file: src/test/java/edu/yu/dbimpl/testingDirectory/testFileModulePerformance
Sep 26, 2023 4:20:21 PM edu.yu.dbimpl.file.FileMgr write
INFO: Finished write
Sep 26, 2023 4:20:21 PM edu.yu.dbimpl.file.Page setString
INFO: setString called with offset: 780 and String: Hello, World!39
Sep 26, 2023 4:20:21 PM edu.yu.dbimpl.file.FileMgr write
INFO: write called with BlockIdBase: edu.yu.dbimpl.file.BlockId@457dc809 and PageBase: edu.yu.dbimpl.file.Page@5687ba39
Sep 26, 2023 4:20:21 PM edu.yu.dbimpl.file.FileMgr write
INFO: Getting type to write: String
Sep 26, 2023 4:20:21 PM edu.yu.dbimpl.file.FileMgr write
INFO: Writing to file: src/test/java/edu/yu/dbimpl/testingDirectory/testFileModulePerformance
Sep 26, 2023 4:20:21 PM edu.yu.dbimpl.file.FileMgr write
INFO: Finished write
Sep 26, 2023 4:20:21 PM edu.yu.dbimpl.file.Page setString
INFO: setString called with offset: 800 and String: Hello, World!40
Sep 26, 2023 4:20:21 PM edu.yu.dbimpl.file.FileMgr write
INFO: write called with BlockIdBase: edu.yu.dbimpl.file.BlockId@457dc809 and PageBase: edu.yu.dbimpl.file.Page@5687ba39
Sep 26, 2023 4:20:21 PM edu.yu.dbimpl.file.FileMgr write
INFO: Getting type to write: String
Sep 26, 2023 4:20:21 PM edu.yu.dbimpl.file.FileMgr write
INFO: Writing to file: src/test/java/edu/yu/dbimpl/testingDirectory/testFileModulePerformance
Sep 26, 2023 4:20:21 PM edu.yu.dbimpl.file.FileMgr write
INFO: Finished write
Sep 26, 2023 4:20:21 PM edu.yu.dbimpl.file.Page setString
INFO: setString called with offset: 820 and String: Hello, World!41
Sep 26, 2023 4:20:21 PM edu.yu.dbimpl.file.FileMgr write
INFO: write called with BlockIdBase: edu.yu.dbimpl.file.BlockId@457dc809 and PageBase: edu.yu.dbimpl.file.Page@5687ba39
Sep 26, 2023 4:20:21 PM edu.yu.dbimpl.file.FileMgr write
INFO: Getting type to write: String
Sep 26, 2023 4:20:21 PM edu.yu.dbimpl.file.FileMgr write
INFO: Writing to file: src/test/java/edu/yu/dbimpl/testingDirectory/testFileModulePerformance
Sep 26, 2023 4:20:21 PM edu.yu.dbimpl.file.FileMgr write
INFO: Finished write
Sep 26, 2023 4:20:21 PM edu.yu.dbimpl.file.Page setString
INFO: setString called with offset: 840 and String: Hello, World!42
Sep 26, 2023 4:20:21 PM edu.yu.dbimpl.file.FileMgr write
INFO: write called with BlockIdBase: edu.yu.dbimpl.file.BlockId@457dc809 and PageBase: edu.yu.dbimpl.file.Page@5687ba39
Sep 26, 2023 4:20:21 PM edu.yu.dbimpl.file.FileMgr write
INFO: Getting type to write: String
Sep 26, 2023 4:20:21 PM edu.yu.dbimpl.file.FileMgr write
INFO: Writing to file: src/test/java/edu/yu/dbimpl/testingDirectory/testFileModulePerformance
Sep 26, 2023 4:20:21 PM edu.yu.dbimpl.file.FileMgr write
INFO: Finished write
Sep 26, 2023 4:20:21 PM edu.yu.dbimpl.file.Page setString
INFO: setString called with offset: 860 and String: Hello, World!43
Sep 26, 2023 4:20:21 PM edu.yu.dbimpl.file.FileMgr write
INFO: write called with BlockIdBase: edu.yu.dbimpl.file.BlockId@457dc809 and PageBase: edu.yu.dbimpl.file.Page@5687ba39
Sep 26, 2023 4:20:21 PM edu.yu.dbimpl.file.FileMgr write
INFO: Getting type to write: String
Sep 26, 2023 4:20:21 PM edu.yu.dbimpl.file.FileMgr write
INFO: Writing to file: src/test/java/edu/yu/dbimpl/testingDirectory/testFileModulePerformance
Sep 26, 2023 4:20:21 PM edu.yu.dbimpl.file.FileMgr write
INFO: Finished write
Sep 26, 2023 4:20:21 PM edu.yu.dbimpl.file.Page setString
INFO: setString called with offset: 880 and String: Hello, World!44
Sep 26, 2023 4:20:21 PM edu.yu.dbimpl.file.FileMgr write
INFO: write called with BlockIdBase: edu.yu.dbimpl.file.BlockId@457dc809 and PageBase: edu.yu.dbimpl.file.Page@5687ba39
Sep 26, 2023 4:20:21 PM edu.yu.dbimpl.file.FileMgr write
INFO: Getting type to write: String
Sep 26, 2023 4:20:21 PM edu.yu.dbimpl.file.FileMgr write
INFO: Writing to file: src/test/java/edu/yu/dbimpl/testingDirectory/testFileModulePerformance
Sep 26, 2023 4:20:21 PM edu.yu.dbimpl.file.FileMgr write
INFO: Finished write
Sep 26, 2023 4:20:21 PM edu.yu.dbimpl.file.Page setString
INFO: setString called with offset: 900 and String: Hello, World!45
Sep 26, 2023 4:20:21 PM edu.yu.dbimpl.file.FileMgr write
INFO: write called with BlockIdBase: edu.yu.dbimpl.file.BlockId@457dc809 and PageBase: edu.yu.dbimpl.file.Page@5687ba39
Sep 26, 2023 4:20:21 PM edu.yu.dbimpl.file.FileMgr write
INFO: Getting type to write: String
Sep 26, 2023 4:20:21 PM edu.yu.dbimpl.file.FileMgr write
INFO: Writing to file: src/test/java/edu/yu/dbimpl/testingDirectory/testFileModulePerformance
Sep 26, 2023 4:20:21 PM edu.yu.dbimpl.file.FileMgr write
INFO: Finished write
Sep 26, 2023 4:20:21 PM edu.yu.dbimpl.file.Page setString
INFO: setString called with offset: 920 and String: Hello, World!46
Sep 26, 2023 4:20:21 PM edu.yu.dbimpl.file.FileMgr write
INFO: write called with BlockIdBase: edu.yu.dbimpl.file.BlockId@457dc809 and PageBase: edu.yu.dbimpl.file.Page@5687ba39
Sep 26, 2023 4:20:21 PM edu.yu.dbimpl.file.FileMgr write
INFO: Getting type to write: String
Sep 26, 2023 4:20:21 PM edu.yu.dbimpl.file.FileMgr write
INFO: Writing to file: src/test/java/edu/yu/dbimpl/testingDirectory/testFileModulePerformance
Sep 26, 2023 4:20:21 PM edu.yu.dbimpl.file.FileMgr write
INFO: Finished write
Sep 26, 2023 4:20:21 PM edu.yu.dbimpl.file.Page setString
INFO: setString called with offset: 940 and String: Hello, World!47
Sep 26, 2023 4:20:21 PM edu.yu.dbimpl.file.FileMgr write
INFO: write called with BlockIdBase: edu.yu.dbimpl.file.BlockId@457dc809 and PageBase: edu.yu.dbimpl.file.Page@5687ba39
Sep 26, 2023 4:20:21 PM edu.yu.dbimpl.file.FileMgr write
INFO: Getting type to write: String
Sep 26, 2023 4:20:21 PM edu.yu.dbimpl.file.FileMgr write
INFO: Writing to file: src/test/java/edu/yu/dbimpl/testingDirectory/testFileModulePerformance
Sep 26, 2023 4:20:21 PM edu.yu.dbimpl.file.FileMgr write
INFO: Finished write
Sep 26, 2023 4:20:21 PM edu.yu.dbimpl.file.Page setString
INFO: setString called with offset: 960 and String: Hello, World!48
Sep 26, 2023 4:20:21 PM edu.yu.dbimpl.file.FileMgr write
INFO: write called with BlockIdBase: edu.yu.dbimpl.file.BlockId@457dc809 and PageBase: edu.yu.dbimpl.file.Page@5687ba39
Sep 26, 2023 4:20:21 PM edu.yu.dbimpl.file.FileMgr write
INFO: Getting type to write: String
Sep 26, 2023 4:20:21 PM edu.yu.dbimpl.file.FileMgr write
INFO: Writing to file: src/test/java/edu/yu/dbimpl/testingDirectory/testFileModulePerformance
Sep 26, 2023 4:20:21 PM edu.yu.dbimpl.file.FileMgr write
INFO: Finished write
Sep 26, 2023 4:20:21 PM edu.yu.dbimpl.file.Page setString
INFO: setString called with offset: 980 and String: Hello, World!49
Sep 26, 2023 4:20:21 PM edu.yu.dbimpl.file.FileMgr write
INFO: write called with BlockIdBase: edu.yu.dbimpl.file.BlockId@457dc809 and PageBase: edu.yu.dbimpl.file.Page@5687ba39
Sep 26, 2023 4:20:21 PM edu.yu.dbimpl.file.FileMgr write
INFO: Getting type to write: String
Sep 26, 2023 4:20:21 PM edu.yu.dbimpl.file.FileMgr write
INFO: Writing to file: src/test/java/edu/yu/dbimpl/testingDirectory/testFileModulePerformance
Sep 26, 2023 4:20:21 PM edu.yu.dbimpl.file.FileMgr write
INFO: Finished write
Sep 26, 2023 4:20:21 PM edu.yu.dbimpl.file.Page setString
INFO: setString called with offset: 1000 and String: Hello, World!50
Sep 26, 2023 4:20:21 PM edu.yu.dbimpl.file.FileMgr write
INFO: write called with BlockIdBase: edu.yu.dbimpl.file.BlockId@457dc809 and PageBase: edu.yu.dbimpl.file.Page@5687ba39
Sep 26, 2023 4:20:21 PM edu.yu.dbimpl.file.FileMgr write
INFO: Getting type to write: String
Sep 26, 2023 4:20:21 PM edu.yu.dbimpl.file.FileMgr write
INFO: Writing to file: src/test/java/edu/yu/dbimpl/testingDirectory/testFileModulePerformance
Sep 26, 2023 4:20:21 PM edu.yu.dbimpl.file.FileMgr write
INFO: Finished write
Sep 26, 2023 4:20:21 PM edu.yu.dbimpl.file.Page setString
INFO: setString called with offset: 1020 and String: Hello, World!51
Sep 26, 2023 4:20:21 PM edu.yu.dbimpl.file.FileMgr write
INFO: write called with BlockIdBase: edu.yu.dbimpl.file.BlockId@457dc809 and PageBase: edu.yu.dbimpl.file.Page@5687ba39
Sep 26, 2023 4:20:21 PM edu.yu.dbimpl.file.FileMgr write
INFO: Getting type to write: String
Sep 26, 2023 4:20:21 PM edu.yu.dbimpl.file.FileMgr write
INFO: Writing to file: src/test/java/edu/yu/dbimpl/testingDirectory/testFileModulePerformance
Sep 26, 2023 4:20:21 PM edu.yu.dbimpl.file.FileMgr write
INFO: Finished write
Sep 26, 2023 4:20:21 PM edu.yu.dbimpl.file.Page setString
INFO: setString called with offset: 1040 and String: Hello, World!52
Sep 26, 2023 4:20:21 PM edu.yu.dbimpl.file.FileMgr write
INFO: write called with BlockIdBase: edu.yu.dbimpl.file.BlockId@457dc809 and PageBase: edu.yu.dbimpl.file.Page@5687ba39
Sep 26, 2023 4:20:21 PM edu.yu.dbimpl.file.FileMgr write
INFO: Getting type to write: String
Sep 26, 2023 4:20:21 PM edu.yu.dbimpl.file.FileMgr write
INFO: Writing to file: src/test/java/edu/yu/dbimpl/testingDirectory/testFileModulePerformance
Sep 26, 2023 4:20:21 PM edu.yu.dbimpl.file.FileMgr write
INFO: Finished write
Sep 26, 2023 4:20:21 PM edu.yu.dbimpl.file.Page setString
INFO: setString called with offset: 1060 and String: Hello, World!53
Sep 26, 2023 4:20:21 PM edu.yu.dbimpl.file.FileMgr write
INFO: write called with BlockIdBase: edu.yu.dbimpl.file.BlockId@457dc809 and PageBase: edu.yu.dbimpl.file.Page@5687ba39
Sep 26, 2023 4:20:21 PM edu.yu.dbimpl.file.FileMgr write
INFO: Getting type to write: String
Sep 26, 2023 4:20:21 PM edu.yu.dbimpl.file.FileMgr write
INFO: Writing to file: src/test/java/edu/yu/dbimpl/testingDirectory/testFileModulePerformance
Sep 26, 2023 4:20:21 PM edu.yu.dbimpl.file.FileMgr write
INFO: Finished write
Sep 26, 2023 4:20:21 PM edu.yu.dbimpl.file.Page setString
INFO: setString called with offset: 1080 and String: Hello, World!54
Sep 26, 2023 4:20:21 PM edu.yu.dbimpl.file.FileMgr write
INFO: write called with BlockIdBase: edu.yu.dbimpl.file.BlockId@457dc809 and PageBase: edu.yu.dbimpl.file.Page@5687ba39
Sep 26, 2023 4:20:21 PM edu.yu.dbimpl.file.FileMgr write
INFO: Getting type to write: String
Sep 26, 2023 4:20:21 PM edu.yu.dbimpl.file.FileMgr write
INFO: Writing to file: src/test/java/edu/yu/dbimpl/testingDirectory/testFileModulePerformance
Sep 26, 2023 4:20:21 PM edu.yu.dbimpl.file.FileMgr write
INFO: Finished write
Sep 26, 2023 4:20:21 PM edu.yu.dbimpl.file.Page setString
INFO: setString called with offset: 1100 and String: Hello, World!55
Sep 26, 2023 4:20:21 PM edu.yu.dbimpl.file.FileMgr write
INFO: write called with BlockIdBase: edu.yu.dbimpl.file.BlockId@457dc809 and PageBase: edu.yu.dbimpl.file.Page@5687ba39
Sep 26, 2023 4:20:21 PM edu.yu.dbimpl.file.FileMgr write
INFO: Getting type to write: String
Sep 26, 2023 4:20:21 PM edu.yu.dbimpl.file.FileMgr write
INFO: Writing to file: src/test/java/edu/yu/dbimpl/testingDirectory/testFileModulePerformance
Sep 26, 2023 4:20:21 PM edu.yu.dbimpl.file.FileMgr write
INFO: Finished write
Sep 26, 2023 4:20:21 PM edu.yu.dbimpl.file.Page setString
INFO: setString called with offset: 1120 and String: Hello, World!56
Sep 26, 2023 4:20:21 PM edu.yu.dbimpl.file.FileMgr write
INFO: write called with BlockIdBase: edu.yu.dbimpl.file.BlockId@457dc809 and PageBase: edu.yu.dbimpl.file.Page@5687ba39
Sep 26, 2023 4:20:21 PM edu.yu.dbimpl.file.FileMgr write
INFO: Getting type to write: String
Sep 26, 2023 4:20:21 PM edu.yu.dbimpl.file.FileMgr write
INFO: Writing to file: src/test/java/edu/yu/dbimpl/testingDirectory/testFileModulePerformance
Sep 26, 2023 4:20:21 PM edu.yu.dbimpl.file.FileMgr write
INFO: Finished write
Sep 26, 2023 4:20:21 PM edu.yu.dbimpl.file.Page setString
INFO: setString called with offset: 1140 and String: Hello, World!57
Sep 26, 2023 4:20:21 PM edu.yu.dbimpl.file.FileMgr write
INFO: write called with BlockIdBase: edu.yu.dbimpl.file.BlockId@457dc809 and PageBase: edu.yu.dbimpl.file.Page@5687ba39
Sep 26, 2023 4:20:21 PM edu.yu.dbimpl.file.FileMgr write
INFO: Getting type to write: String
Sep 26, 2023 4:20:21 PM edu.yu.dbimpl.file.FileMgr write
INFO: Writing to file: src/test/java/edu/yu/dbimpl/testingDirectory/testFileModulePerformance
Sep 26, 2023 4:20:21 PM edu.yu.dbimpl.file.FileMgr write
INFO: Finished write
Sep 26, 2023 4:20:21 PM edu.yu.dbimpl.file.Page setString
INFO: setString called with offset: 1160 and String: Hello, World!58
Sep 26, 2023 4:20:21 PM edu.yu.dbimpl.file.FileMgr write
INFO: write called with BlockIdBase: edu.yu.dbimpl.file.BlockId@457dc809 and PageBase: edu.yu.dbimpl.file.Page@5687ba39
Sep 26, 2023 4:20:21 PM edu.yu.dbimpl.file.FileMgr write
INFO: Getting type to write: String
Sep 26, 2023 4:20:21 PM edu.yu.dbimpl.file.FileMgr write
INFO: Writing to file: src/test/java/edu/yu/dbimpl/testingDirectory/testFileModulePerformance
Sep 26, 2023 4:20:21 PM edu.yu.dbimpl.file.FileMgr write
INFO: Finished write
Sep 26, 2023 4:20:21 PM edu.yu.dbimpl.file.Page setString
INFO: setString called with offset: 1180 and String: Hello, World!59
Sep 26, 2023 4:20:21 PM edu.yu.dbimpl.file.FileMgr write
INFO: write called with BlockIdBase: edu.yu.dbimpl.file.BlockId@457dc809 and PageBase: edu.yu.dbimpl.file.Page@5687ba39
Sep 26, 2023 4:20:21 PM edu.yu.dbimpl.file.FileMgr write
INFO: Getting type to write: String
Sep 26, 2023 4:20:21 PM edu.yu.dbimpl.file.FileMgr write
INFO: Writing to file: src/test/java/edu/yu/dbimpl/testingDirectory/testFileModulePerformance
Sep 26, 2023 4:20:21 PM edu.yu.dbimpl.file.FileMgr write
INFO: Finished write
Sep 26, 2023 4:20:21 PM edu.yu.dbimpl.file.Page setString
INFO: setString called with offset: 1200 and String: Hello, World!60
Sep 26, 2023 4:20:21 PM edu.yu.dbimpl.file.FileMgr write
INFO: write called with BlockIdBase: edu.yu.dbimpl.file.BlockId@457dc809 and PageBase: edu.yu.dbimpl.file.Page@5687ba39
Sep 26, 2023 4:20:21 PM edu.yu.dbimpl.file.FileMgr write
INFO: Getting type to write: String
Sep 26, 2023 4:20:21 PM edu.yu.dbimpl.file.FileMgr write
INFO: Writing to file: src/test/java/edu/yu/dbimpl/testingDirectory/testFileModulePerformance
Sep 26, 2023 4:20:21 PM edu.yu.dbimpl.file.FileMgr write
INFO: Finished write
Sep 26, 2023 4:20:21 PM edu.yu.dbimpl.file.Page setString
INFO: setString called with offset: 1220 and String: Hello, World!61
Sep 26, 2023 4:20:21 PM edu.yu.dbimpl.file.FileMgr write
INFO: write called with BlockIdBase: edu.yu.dbimpl.file.BlockId@457dc809 and PageBase: edu.yu.dbimpl.file.Page@5687ba39
Sep 26, 2023 4:20:21 PM edu.yu.dbimpl.file.FileMgr write
INFO: Getting type to write: String
Sep 26, 2023 4:20:21 PM edu.yu.dbimpl.file.FileMgr write
INFO: Writing to file: src/test/java/edu/yu/dbimpl/testingDirectory/testFileModulePerformance
Sep 26, 2023 4:20:21 PM edu.yu.dbimpl.file.FileMgr write
INFO: Finished write
Sep 26, 2023 4:20:21 PM edu.yu.dbimpl.file.Page setString
INFO: setString called with offset: 1240 and String: Hello, World!62
Sep 26, 2023 4:20:21 PM edu.yu.dbimpl.file.FileMgr write
INFO: write called with BlockIdBase: edu.yu.dbimpl.file.BlockId@457dc809 and PageBase: edu.yu.dbimpl.file.Page@5687ba39
Sep 26, 2023 4:20:21 PM edu.yu.dbimpl.file.FileMgr write
INFO: Getting type to write: String
Sep 26, 2023 4:20:21 PM edu.yu.dbimpl.file.FileMgr write
INFO: Writing to file: src/test/java/edu/yu/dbimpl/testingDirectory/testFileModulePerformance
Sep 26, 2023 4:20:21 PM edu.yu.dbimpl.file.FileMgr write
INFO: Finished write
Sep 26, 2023 4:20:21 PM edu.yu.dbimpl.file.Page setString
INFO: setString called with offset: 1260 and String: Hello, World!63
Sep 26, 2023 4:20:21 PM edu.yu.dbimpl.file.FileMgr write
INFO: write called with BlockIdBase: edu.yu.dbimpl.file.BlockId@457dc809 and PageBase: edu.yu.dbimpl.file.Page@5687ba39
Sep 26, 2023 4:20:21 PM edu.yu.dbimpl.file.FileMgr write
INFO: Getting type to write: String
Sep 26, 2023 4:20:21 PM edu.yu.dbimpl.file.FileMgr write
INFO: Writing to file: src/test/java/edu/yu/dbimpl/testingDirectory/testFileModulePerformance
Sep 26, 2023 4:20:21 PM edu.yu.dbimpl.file.FileMgr write
INFO: Finished write
Sep 26, 2023 4:20:21 PM edu.yu.dbimpl.file.Page setString
INFO: setString called with offset: 1280 and String: Hello, World!64
Sep 26, 2023 4:20:21 PM edu.yu.dbimpl.file.FileMgr write
INFO: write called with BlockIdBase: edu.yu.dbimpl.file.BlockId@457dc809 and PageBase: edu.yu.dbimpl.file.Page@5687ba39
Sep 26, 2023 4:20:21 PM edu.yu.dbimpl.file.FileMgr write
INFO: Getting type to write: String
Sep 26, 2023 4:20:21 PM edu.yu.dbimpl.file.FileMgr write
INFO: Writing to file: src/test/java/edu/yu/dbimpl/testingDirectory/testFileModulePerformance
Sep 26, 2023 4:20:21 PM edu.yu.dbimpl.file.FileMgr write
INFO: Finished write
Sep 26, 2023 4:20:21 PM edu.yu.dbimpl.file.Page setString
INFO: setString called with offset: 1300 and String: Hello, World!65
Sep 26, 2023 4:20:21 PM edu.yu.dbimpl.file.FileMgr write
INFO: write called with BlockIdBase: edu.yu.dbimpl.file.BlockId@457dc809 and PageBase: edu.yu.dbimpl.file.Page@5687ba39
Sep 26, 2023 4:20:21 PM edu.yu.dbimpl.file.FileMgr write
INFO: Getting type to write: String
Sep 26, 2023 4:20:21 PM edu.yu.dbimpl.file.FileMgr write
INFO: Writing to file: src/test/java/edu/yu/dbimpl/testingDirectory/testFileModulePerformance
Sep 26, 2023 4:20:21 PM edu.yu.dbimpl.file.FileMgr write
INFO: Finished write
Sep 26, 2023 4:20:21 PM edu.yu.dbimpl.file.Page setString
INFO: setString called with offset: 1320 and String: Hello, World!66
Sep 26, 2023 4:20:21 PM edu.yu.dbimpl.file.FileMgr write
INFO: write called with BlockIdBase: edu.yu.dbimpl.file.BlockId@457dc809 and PageBase: edu.yu.dbimpl.file.Page@5687ba39
Sep 26, 2023 4:20:21 PM edu.yu.dbimpl.file.FileMgr write
INFO: Getting type to write: String
Sep 26, 2023 4:20:21 PM edu.yu.dbimpl.file.FileMgr write
INFO: Writing to file: src/test/java/edu/yu/dbimpl/testingDirectory/testFileModulePerformance
Sep 26, 2023 4:20:21 PM edu.yu.dbimpl.file.FileMgr write
INFO: Finished write
Sep 26, 2023 4:20:21 PM edu.yu.dbimpl.file.Page setString
INFO: setString called with offset: 1340 and String: Hello, World!67
Sep 26, 2023 4:20:21 PM edu.yu.dbimpl.file.FileMgr write
INFO: write called with BlockIdBase: edu.yu.dbimpl.file.BlockId@457dc809 and PageBase: edu.yu.dbimpl.file.Page@5687ba39
Sep 26, 2023 4:20:21 PM edu.yu.dbimpl.file.FileMgr write
INFO: Getting type to write: String
Sep 26, 2023 4:20:21 PM edu.yu.dbimpl.file.FileMgr write
INFO: Writing to file: src/test/java/edu/yu/dbimpl/testingDirectory/testFileModulePerformance
Sep 26, 2023 4:20:21 PM edu.yu.dbimpl.file.FileMgr write
INFO: Finished write
Sep 26, 2023 4:20:21 PM edu.yu.dbimpl.file.Page setString
INFO: setString called with offset: 1360 and String: Hello, World!68
Sep 26, 2023 4:20:21 PM edu.yu.dbimpl.file.FileMgr write
INFO: write called with BlockIdBase: edu.yu.dbimpl.file.BlockId@457dc809 and PageBase: edu.yu.dbimpl.file.Page@5687ba39
Sep 26, 2023 4:20:21 PM edu.yu.dbimpl.file.FileMgr write
INFO: Getting type to write: String
Sep 26, 2023 4:20:21 PM edu.yu.dbimpl.file.FileMgr write
INFO: Writing to file: src/test/java/edu/yu/dbimpl/testingDirectory/testFileModulePerformance
Sep 26, 2023 4:20:21 PM edu.yu.dbimpl.file.FileMgr write
INFO: Finished write
Sep 26, 2023 4:20:21 PM edu.yu.dbimpl.file.Page setString
INFO: setString called with offset: 1380 and String: Hello, World!69
Sep 26, 2023 4:20:21 PM edu.yu.dbimpl.file.FileMgr write
INFO: write called with BlockIdBase: edu.yu.dbimpl.file.BlockId@457dc809 and PageBase: edu.yu.dbimpl.file.Page@5687ba39
Sep 26, 2023 4:20:21 PM edu.yu.dbimpl.file.FileMgr write
INFO: Getting type to write: String
Sep 26, 2023 4:20:21 PM edu.yu.dbimpl.file.FileMgr write
INFO: Writing to file: src/test/java/edu/yu/dbimpl/testingDirectory/testFileModulePerformance
Sep 26, 2023 4:20:21 PM edu.yu.dbimpl.file.FileMgr write
INFO: Finished write
Sep 26, 2023 4:20:21 PM edu.yu.dbimpl.file.Page setString
INFO: setString called with offset: 1400 and String: Hello, World!70
Sep 26, 2023 4:20:21 PM edu.yu.dbimpl.file.FileMgr write
INFO: write called with BlockIdBase: edu.yu.dbimpl.file.BlockId@457dc809 and PageBase: edu.yu.dbimpl.file.Page@5687ba39
Sep 26, 2023 4:20:21 PM edu.yu.dbimpl.file.FileMgr write
INFO: Getting type to write: String
Sep 26, 2023 4:20:21 PM edu.yu.dbimpl.file.FileMgr write
INFO: Writing to file: src/test/java/edu/yu/dbimpl/testingDirectory/testFileModulePerformance
Sep 26, 2023 4:20:21 PM edu.yu.dbimpl.file.FileMgr write
INFO: Finished write
Sep 26, 2023 4:20:21 PM edu.yu.dbimpl.file.Page setString
INFO: setString called with offset: 1420 and String: Hello, World!71
Sep 26, 2023 4:20:21 PM edu.yu.dbimpl.file.FileMgr write
INFO: write called with BlockIdBase: edu.yu.dbimpl.file.BlockId@457dc809 and PageBase: edu.yu.dbimpl.file.Page@5687ba39
Sep 26, 2023 4:20:21 PM edu.yu.dbimpl.file.FileMgr write
INFO: Getting type to write: String
Sep 26, 2023 4:20:21 PM edu.yu.dbimpl.file.FileMgr write
INFO: Writing to file: src/test/java/edu/yu/dbimpl/testingDirectory/testFileModulePerformance
Sep 26, 2023 4:20:21 PM edu.yu.dbimpl.file.FileMgr write
INFO: Finished write
Sep 26, 2023 4:20:21 PM edu.yu.dbimpl.file.Page setString
INFO: setString called with offset: 1440 and String: Hello, World!72
Sep 26, 2023 4:20:21 PM edu.yu.dbimpl.file.FileMgr write
INFO: write called with BlockIdBase: edu.yu.dbimpl.file.BlockId@457dc809 and PageBase: edu.yu.dbimpl.file.Page@5687ba39
Sep 26, 2023 4:20:21 PM edu.yu.dbimpl.file.FileMgr write
INFO: Getting type to write: String
Sep 26, 2023 4:20:21 PM edu.yu.dbimpl.file.FileMgr write
INFO: Writing to file: src/test/java/edu/yu/dbimpl/testingDirectory/testFileModulePerformance
Sep 26, 2023 4:20:21 PM edu.yu.dbimpl.file.FileMgr write
INFO: Finished write
Sep 26, 2023 4:20:21 PM edu.yu.dbimpl.file.Page setString
INFO: setString called with offset: 1460 and String: Hello, World!73
Sep 26, 2023 4:20:21 PM edu.yu.dbimpl.file.FileMgr write
INFO: write called with BlockIdBase: edu.yu.dbimpl.file.BlockId@457dc809 and PageBase: edu.yu.dbimpl.file.Page@5687ba39
Sep 26, 2023 4:20:21 PM edu.yu.dbimpl.file.FileMgr write
INFO: Getting type to write: String
Sep 26, 2023 4:20:21 PM edu.yu.dbimpl.file.FileMgr write
INFO: Writing to file: src/test/java/edu/yu/dbimpl/testingDirectory/testFileModulePerformance
Sep 26, 2023 4:20:21 PM edu.yu.dbimpl.file.FileMgr write
INFO: Finished write
Sep 26, 2023 4:20:21 PM edu.yu.dbimpl.file.Page setString
INFO: setString called with offset: 1480 and String: Hello, World!74
Sep 26, 2023 4:20:21 PM edu.yu.dbimpl.file.FileMgr write
INFO: write called with BlockIdBase: edu.yu.dbimpl.file.BlockId@457dc809 and PageBase: edu.yu.dbimpl.file.Page@5687ba39
Sep 26, 2023 4:20:21 PM edu.yu.dbimpl.file.FileMgr write
INFO: Getting type to write: String
Sep 26, 2023 4:20:21 PM edu.yu.dbimpl.file.FileMgr write
INFO: Writing to file: src/test/java/edu/yu/dbimpl/testingDirectory/testFileModulePerformance
Sep 26, 2023 4:20:21 PM edu.yu.dbimpl.file.FileMgr write
INFO: Finished write
Sep 26, 2023 4:20:21 PM edu.yu.dbimpl.file.Page setString
INFO: setString called with offset: 1500 and String: Hello, World!75
Sep 26, 2023 4:20:21 PM edu.yu.dbimpl.file.FileMgr write
INFO: write called with BlockIdBase: edu.yu.dbimpl.file.BlockId@457dc809 and PageBase: edu.yu.dbimpl.file.Page@5687ba39
Sep 26, 2023 4:20:21 PM edu.yu.dbimpl.file.FileMgr write
INFO: Getting type to write: String
Sep 26, 2023 4:20:21 PM edu.yu.dbimpl.file.FileMgr write
INFO: Writing to file: src/test/java/edu/yu/dbimpl/testingDirectory/testFileModulePerformance
Sep 26, 2023 4:20:21 PM edu.yu.dbimpl.file.FileMgr write
INFO: Finished write
Sep 26, 2023 4:20:21 PM edu.yu.dbimpl.file.Page setString
INFO: setString called with offset: 1520 and String: Hello, World!76
Sep 26, 2023 4:20:21 PM edu.yu.dbimpl.file.FileMgr write
INFO: write called with BlockIdBase: edu.yu.dbimpl.file.BlockId@457dc809 and PageBase: edu.yu.dbimpl.file.Page@5687ba39
Sep 26, 2023 4:20:21 PM edu.yu.dbimpl.file.FileMgr write
INFO: Getting type to write: String
Sep 26, 2023 4:20:21 PM edu.yu.dbimpl.file.FileMgr write
INFO: Writing to file: src/test/java/edu/yu/dbimpl/testingDirectory/testFileModulePerformance
Sep 26, 2023 4:20:21 PM edu.yu.dbimpl.file.FileMgr write
INFO: Finished write
Sep 26, 2023 4:20:21 PM edu.yu.dbimpl.file.Page setString
INFO: setString called with offset: 1540 and String: Hello, World!77
Sep 26, 2023 4:20:21 PM edu.yu.dbimpl.file.FileMgr write
INFO: write called with BlockIdBase: edu.yu.dbimpl.file.BlockId@457dc809 and PageBase: edu.yu.dbimpl.file.Page@5687ba39
Sep 26, 2023 4:20:21 PM edu.yu.dbimpl.file.FileMgr write
INFO: Getting type to write: String
Sep 26, 2023 4:20:21 PM edu.yu.dbimpl.file.FileMgr write
INFO: Writing to file: src/test/java/edu/yu/dbimpl/testingDirectory/testFileModulePerformance
Sep 26, 2023 4:20:21 PM edu.yu.dbimpl.file.FileMgr write
INFO: Finished write
Sep 26, 2023 4:20:21 PM edu.yu.dbimpl.file.Page setString
INFO: setString called with offset: 1560 and String: Hello, World!78
Sep 26, 2023 4:20:21 PM edu.yu.dbimpl.file.FileMgr write
INFO: write called with BlockIdBase: edu.yu.dbimpl.file.BlockId@457dc809 and PageBase: edu.yu.dbimpl.file.Page@5687ba39
Sep 26, 2023 4:20:21 PM edu.yu.dbimpl.file.FileMgr write
INFO: Getting type to write: String
Sep 26, 2023 4:20:21 PM edu.yu.dbimpl.file.FileMgr write
INFO: Writing to file: src/test/java/edu/yu/dbimpl/testingDirectory/testFileModulePerformance
Sep 26, 2023 4:20:21 PM edu.yu.dbimpl.file.FileMgr write
INFO: Finished write
Sep 26, 2023 4:20:21 PM edu.yu.dbimpl.file.Page setString
INFO: setString called with offset: 1580 and String: Hello, World!79
Sep 26, 2023 4:20:21 PM edu.yu.dbimpl.file.FileMgr write
INFO: write called with BlockIdBase: edu.yu.dbimpl.file.BlockId@457dc809 and PageBase: edu.yu.dbimpl.file.Page@5687ba39
Sep 26, 2023 4:20:21 PM edu.yu.dbimpl.file.FileMgr write
INFO: Getting type to write: String
Sep 26, 2023 4:20:21 PM edu.yu.dbimpl.file.FileMgr write
INFO: Writing to file: src/test/java/edu/yu/dbimpl/testingDirectory/testFileModulePerformance
Sep 26, 2023 4:20:21 PM edu.yu.dbimpl.file.FileMgr write
INFO: Finished write
Sep 26, 2023 4:20:21 PM edu.yu.dbimpl.file.Page setString
INFO: setString called with offset: 1600 and String: Hello, World!80
Sep 26, 2023 4:20:21 PM edu.yu.dbimpl.file.FileMgr write
INFO: write called with BlockIdBase: edu.yu.dbimpl.file.BlockId@457dc809 and PageBase: edu.yu.dbimpl.file.Page@5687ba39
Sep 26, 2023 4:20:21 PM edu.yu.dbimpl.file.FileMgr write
INFO: Getting type to write: String
Sep 26, 2023 4:20:21 PM edu.yu.dbimpl.file.FileMgr write
INFO: Writing to file: src/test/java/edu/yu/dbimpl/testingDirectory/testFileModulePerformance
Sep 26, 2023 4:20:21 PM edu.yu.dbimpl.file.FileMgr write
INFO: Finished write
Sep 26, 2023 4:20:21 PM edu.yu.dbimpl.file.Page setString
INFO: setString called with offset: 1620 and String: Hello, World!81
Sep 26, 2023 4:20:21 PM edu.yu.dbimpl.file.FileMgr write
INFO: write called with BlockIdBase: edu.yu.dbimpl.file.BlockId@457dc809 and PageBase: edu.yu.dbimpl.file.Page@5687ba39
Sep 26, 2023 4:20:21 PM edu.yu.dbimpl.file.FileMgr write
INFO: Getting type to write: String
Sep 26, 2023 4:20:21 PM edu.yu.dbimpl.file.FileMgr write
INFO: Writing to file: src/test/java/edu/yu/dbimpl/testingDirectory/testFileModulePerformance
Sep 26, 2023 4:20:21 PM edu.yu.dbimpl.file.FileMgr write
INFO: Finished write
Sep 26, 2023 4:20:21 PM edu.yu.dbimpl.file.Page setString
INFO: setString called with offset: 1640 and String: Hello, World!82
Sep 26, 2023 4:20:21 PM edu.yu.dbimpl.file.FileMgr write
INFO: write called with BlockIdBase: edu.yu.dbimpl.file.BlockId@457dc809 and PageBase: edu.yu.dbimpl.file.Page@5687ba39
Sep 26, 2023 4:20:21 PM edu.yu.dbimpl.file.FileMgr write
INFO: Getting type to write: String
Sep 26, 2023 4:20:21 PM edu.yu.dbimpl.file.FileMgr write
INFO: Writing to file: src/test/java/edu/yu/dbimpl/testingDirectory/testFileModulePerformance
Sep 26, 2023 4:20:21 PM edu.yu.dbimpl.file.FileMgr write
INFO: Finished write
Sep 26, 2023 4:20:21 PM edu.yu.dbimpl.file.Page setString
INFO: setString called with offset: 1660 and String: Hello, World!83
Sep 26, 2023 4:20:21 PM edu.yu.dbimpl.file.FileMgr write
INFO: write called with BlockIdBase: edu.yu.dbimpl.file.BlockId@457dc809 and PageBase: edu.yu.dbimpl.file.Page@5687ba39
Sep 26, 2023 4:20:21 PM edu.yu.dbimpl.file.FileMgr write
INFO: Getting type to write: String
Sep 26, 2023 4:20:21 PM edu.yu.dbimpl.file.FileMgr write
INFO: Writing to file: src/test/java/edu/yu/dbimpl/testingDirectory/testFileModulePerformance
Sep 26, 2023 4:20:21 PM edu.yu.dbimpl.file.FileMgr write
INFO: Finished write
Sep 26, 2023 4:20:21 PM edu.yu.dbimpl.file.Page setString
INFO: setString called with offset: 1680 and String: Hello, World!84
Sep 26, 2023 4:20:21 PM edu.yu.dbimpl.file.FileMgr write
INFO: write called with BlockIdBase: edu.yu.dbimpl.file.BlockId@457dc809 and PageBase: edu.yu.dbimpl.file.Page@5687ba39
Sep 26, 2023 4:20:21 PM edu.yu.dbimpl.file.FileMgr write
INFO: Getting type to write: String
Sep 26, 2023 4:20:21 PM edu.yu.dbimpl.file.FileMgr write
INFO: Writing to file: src/test/java/edu/yu/dbimpl/testingDirectory/testFileModulePerformance
Sep 26, 2023 4:20:21 PM edu.yu.dbimpl.file.FileMgr write
INFO: Finished write
Sep 26, 2023 4:20:21 PM edu.yu.dbimpl.file.Page setString
INFO: setString called with offset: 1700 and String: Hello, World!85
Sep 26, 2023 4:20:21 PM edu.yu.dbimpl.file.FileMgr write
INFO: write called with BlockIdBase: edu.yu.dbimpl.file.BlockId@457dc809 and PageBase: edu.yu.dbimpl.file.Page@5687ba39
Sep 26, 2023 4:20:21 PM edu.yu.dbimpl.file.FileMgr write
INFO: Getting type to write: String
Sep 26, 2023 4:20:21 PM edu.yu.dbimpl.file.FileMgr write
INFO: Writing to file: src/test/java/edu/yu/dbimpl/testingDirectory/testFileModulePerformance
Sep 26, 2023 4:20:21 PM edu.yu.dbimpl.file.FileMgr write
INFO: Finished write
Sep 26, 2023 4:20:21 PM edu.yu.dbimpl.file.Page setString
INFO: setString called with offset: 1720 and String: Hello, World!86
Sep 26, 2023 4:20:21 PM edu.yu.dbimpl.file.FileMgr write
INFO: write called with BlockIdBase: edu.yu.dbimpl.file.BlockId@457dc809 and PageBase: edu.yu.dbimpl.file.Page@5687ba39
Sep 26, 2023 4:20:21 PM edu.yu.dbimpl.file.FileMgr write
INFO: Getting type to write: String
Sep 26, 2023 4:20:21 PM edu.yu.dbimpl.file.FileMgr write
INFO: Writing to file: src/test/java/edu/yu/dbimpl/testingDirectory/testFileModulePerformance
Sep 26, 2023 4:20:21 PM edu.yu.dbimpl.file.FileMgr write
INFO: Finished write
Sep 26, 2023 4:20:21 PM edu.yu.dbimpl.file.Page setString
INFO: setString called with offset: 1740 and String: Hello, World!87
Sep 26, 2023 4:20:21 PM edu.yu.dbimpl.file.FileMgr write
INFO: write called with BlockIdBase: edu.yu.dbimpl.file.BlockId@457dc809 and PageBase: edu.yu.dbimpl.file.Page@5687ba39
Sep 26, 2023 4:20:21 PM edu.yu.dbimpl.file.FileMgr write
INFO: Getting type to write: String
Sep 26, 2023 4:20:21 PM edu.yu.dbimpl.file.FileMgr write
INFO: Writing to file: src/test/java/edu/yu/dbimpl/testingDirectory/testFileModulePerformance
Sep 26, 2023 4:20:21 PM edu.yu.dbimpl.file.FileMgr write
INFO: Finished write
Sep 26, 2023 4:20:21 PM edu.yu.dbimpl.file.Page setString
INFO: setString called with offset: 1760 and String: Hello, World!88
Sep 26, 2023 4:20:21 PM edu.yu.dbimpl.file.FileMgr write
INFO: write called with BlockIdBase: edu.yu.dbimpl.file.BlockId@457dc809 and PageBase: edu.yu.dbimpl.file.Page@5687ba39
Sep 26, 2023 4:20:21 PM edu.yu.dbimpl.file.FileMgr write
INFO: Getting type to write: String
Sep 26, 2023 4:20:21 PM edu.yu.dbimpl.file.FileMgr write
INFO: Writing to file: src/test/java/edu/yu/dbimpl/testingDirectory/testFileModulePerformance
Sep 26, 2023 4:20:21 PM edu.yu.dbimpl.file.FileMgr write
INFO: Finished write
Sep 26, 2023 4:20:21 PM edu.yu.dbimpl.file.Page setString
INFO: setString called with offset: 1780 and String: Hello, World!89
Sep 26, 2023 4:20:21 PM edu.yu.dbimpl.file.FileMgr write
INFO: write called with BlockIdBase: edu.yu.dbimpl.file.BlockId@457dc809 and PageBase: edu.yu.dbimpl.file.Page@5687ba39
Sep 26, 2023 4:20:21 PM edu.yu.dbimpl.file.FileMgr write
INFO: Getting type to write: String
Sep 26, 2023 4:20:21 PM edu.yu.dbimpl.file.FileMgr write
INFO: Writing to file: src/test/java/edu/yu/dbimpl/testingDirectory/testFileModulePerformance
Sep 26, 2023 4:20:21 PM edu.yu.dbimpl.file.FileMgr write
INFO: Finished write
Sep 26, 2023 4:20:21 PM edu.yu.dbimpl.file.Page setString
INFO: setString called with offset: 1800 and String: Hello, World!90
Sep 26, 2023 4:20:21 PM edu.yu.dbimpl.file.FileMgr write
INFO: write called with BlockIdBase: edu.yu.dbimpl.file.BlockId@457dc809 and PageBase: edu.yu.dbimpl.file.Page@5687ba39
Sep 26, 2023 4:20:21 PM edu.yu.dbimpl.file.FileMgr write
INFO: Getting type to write: String
Sep 26, 2023 4:20:21 PM edu.yu.dbimpl.file.FileMgr write
INFO: Writing to file: src/test/java/edu/yu/dbimpl/testingDirectory/testFileModulePerformance
Sep 26, 2023 4:20:21 PM edu.yu.dbimpl.file.FileMgr write
INFO: Finished write
Sep 26, 2023 4:20:21 PM edu.yu.dbimpl.file.Page setString
INFO: setString called with offset: 1820 and String: Hello, World!91
Sep 26, 2023 4:20:21 PM edu.yu.dbimpl.file.FileMgr write
INFO: write called with BlockIdBase: edu.yu.dbimpl.file.BlockId@457dc809 and PageBase: edu.yu.dbimpl.file.Page@5687ba39
Sep 26, 2023 4:20:21 PM edu.yu.dbimpl.file.FileMgr write
INFO: Getting type to write: String
Sep 26, 2023 4:20:21 PM edu.yu.dbimpl.file.FileMgr write
INFO: Writing to file: src/test/java/edu/yu/dbimpl/testingDirectory/testFileModulePerformance
Sep 26, 2023 4:20:21 PM edu.yu.dbimpl.file.FileMgr write
INFO: Finished write
Sep 26, 2023 4:20:21 PM edu.yu.dbimpl.file.Page setString
INFO: setString called with offset: 1840 and String: Hello, World!92
Sep 26, 2023 4:20:21 PM edu.yu.dbimpl.file.FileMgr write
INFO: write called with BlockIdBase: edu.yu.dbimpl.file.BlockId@457dc809 and PageBase: edu.yu.dbimpl.file.Page@5687ba39
Sep 26, 2023 4:20:21 PM edu.yu.dbimpl.file.FileMgr write
INFO: Getting type to write: String
Sep 26, 2023 4:20:21 PM edu.yu.dbimpl.file.FileMgr write
INFO: Writing to file: src/test/java/edu/yu/dbimpl/testingDirectory/testFileModulePerformance
Sep 26, 2023 4:20:21 PM edu.yu.dbimpl.file.FileMgr write
INFO: Finished write
Sep 26, 2023 4:20:21 PM edu.yu.dbimpl.file.Page setString
INFO: setString called with offset: 1860 and String: Hello, World!93
Sep 26, 2023 4:20:21 PM edu.yu.dbimpl.file.FileMgr write
INFO: write called with BlockIdBase: edu.yu.dbimpl.file.BlockId@457dc809 and PageBase: edu.yu.dbimpl.file.Page@5687ba39
Sep 26, 2023 4:20:21 PM edu.yu.dbimpl.file.FileMgr write
INFO: Getting type to write: String
Sep 26, 2023 4:20:21 PM edu.yu.dbimpl.file.FileMgr write
INFO: Writing to file: src/test/java/edu/yu/dbimpl/testingDirectory/testFileModulePerformance
Sep 26, 2023 4:20:21 PM edu.yu.dbimpl.file.FileMgr write
INFO: Finished write
Sep 26, 2023 4:20:21 PM edu.yu.dbimpl.file.Page setString
INFO: setString called with offset: 1880 and String: Hello, World!94
Sep 26, 2023 4:20:21 PM edu.yu.dbimpl.file.FileMgr write
INFO: write called with BlockIdBase: edu.yu.dbimpl.file.BlockId@457dc809 and PageBase: edu.yu.dbimpl.file.Page@5687ba39
Sep 26, 2023 4:20:21 PM edu.yu.dbimpl.file.FileMgr write
INFO: Getting type to write: String
Sep 26, 2023 4:20:21 PM edu.yu.dbimpl.file.FileMgr write
INFO: Writing to file: src/test/java/edu/yu/dbimpl/testingDirectory/testFileModulePerformance
Sep 26, 2023 4:20:21 PM edu.yu.dbimpl.file.FileMgr write
INFO: Finished write
Sep 26, 2023 4:20:21 PM edu.yu.dbimpl.file.Page setString
INFO: setString called with offset: 1900 and String: Hello, World!95
Sep 26, 2023 4:20:21 PM edu.yu.dbimpl.file.FileMgr write
INFO: write called with BlockIdBase: edu.yu.dbimpl.file.BlockId@457dc809 and PageBase: edu.yu.dbimpl.file.Page@5687ba39
Sep 26, 2023 4:20:21 PM edu.yu.dbimpl.file.FileMgr write
INFO: Getting type to write: String
Sep 26, 2023 4:20:21 PM edu.yu.dbimpl.file.FileMgr write
INFO: Writing to file: src/test/java/edu/yu/dbimpl/testingDirectory/testFileModulePerformance
Sep 26, 2023 4:20:21 PM edu.yu.dbimpl.file.FileMgr write
INFO: Finished write
Sep 26, 2023 4:20:21 PM edu.yu.dbimpl.file.Page setString
INFO: setString called with offset: 1920 and String: Hello, World!96
Sep 26, 2023 4:20:21 PM edu.yu.dbimpl.file.FileMgr write
INFO: write called with BlockIdBase: edu.yu.dbimpl.file.BlockId@457dc809 and PageBase: edu.yu.dbimpl.file.Page@5687ba39
Sep 26, 2023 4:20:21 PM edu.yu.dbimpl.file.FileMgr write
INFO: Getting type to write: String
Sep 26, 2023 4:20:21 PM edu.yu.dbimpl.file.FileMgr write
INFO: Writing to file: src/test/java/edu/yu/dbimpl/testingDirectory/testFileModulePerformance
Sep 26, 2023 4:20:21 PM edu.yu.dbimpl.file.FileMgr write
INFO: Finished write
Sep 26, 2023 4:20:21 PM edu.yu.dbimpl.file.Page setString
INFO: setString called with offset: 1940 and String: Hello, World!97
Sep 26, 2023 4:20:21 PM edu.yu.dbimpl.file.FileMgr write
INFO: write called with BlockIdBase: edu.yu.dbimpl.file.BlockId@457dc809 and PageBase: edu.yu.dbimpl.file.Page@5687ba39
Sep 26, 2023 4:20:21 PM edu.yu.dbimpl.file.FileMgr write
INFO: Getting type to write: String
Sep 26, 2023 4:20:21 PM edu.yu.dbimpl.file.FileMgr write
INFO: Writing to file: src/test/java/edu/yu/dbimpl/testingDirectory/testFileModulePerformance
Sep 26, 2023 4:20:21 PM edu.yu.dbimpl.file.FileMgr write
INFO: Finished write
Sep 26, 2023 4:20:21 PM edu.yu.dbimpl.file.Page setString
INFO: setString called with offset: 1960 and String: Hello, World!98
Sep 26, 2023 4:20:21 PM edu.yu.dbimpl.file.FileMgr write
INFO: write called with BlockIdBase: edu.yu.dbimpl.file.BlockId@457dc809 and PageBase: edu.yu.dbimpl.file.Page@5687ba39
Sep 26, 2023 4:20:21 PM edu.yu.dbimpl.file.FileMgr write
INFO: Getting type to write: String
Sep 26, 2023 4:20:21 PM edu.yu.dbimpl.file.FileMgr write
INFO: Writing to file: src/test/java/edu/yu/dbimpl/testingDirectory/testFileModulePerformance
Sep 26, 2023 4:20:21 PM edu.yu.dbimpl.file.FileMgr write
INFO: Finished write
Sep 26, 2023 4:20:21 PM edu.yu.dbimpl.file.Page setString
INFO: setString called with offset: 1980 and String: Hello, World!99
Sep 26, 2023 4:20:21 PM edu.yu.dbimpl.file.FileMgr write
INFO: write called with BlockIdBase: edu.yu.dbimpl.file.BlockId@457dc809 and PageBase: edu.yu.dbimpl.file.Page@5687ba39
Sep 26, 2023 4:20:21 PM edu.yu.dbimpl.file.FileMgr write
INFO: Getting type to write: String
Sep 26, 2023 4:20:21 PM edu.yu.dbimpl.file.FileMgr write
INFO: Writing to file: src/test/java/edu/yu/dbimpl/testingDirectory/testFileModulePerformance
Sep 26, 2023 4:20:21 PM edu.yu.dbimpl.file.FileMgr write
INFO: Finished write
Sep 26, 2023 4:20:21 PM edu.yu.dbimpl.file.FileMgr read
INFO: read called with BlockIdBase: edu.yu.dbimpl.file.BlockId@457dc809 and PageBase: edu.yu.dbimpl.file.Page@5687ba39
Sep 26, 2023 4:20:21 PM edu.yu.dbimpl.file.Page getBytes
INFO: getBytes called with offset: 0
Sep 26, 2023 4:20:21 PM edu.yu.dbimpl.file.FileMgr read
INFO: Getting type to read: String
Sep 26, 2023 4:20:21 PM edu.yu.dbimpl.file.Page setString
INFO: setString called with offset: 0 and String: Hello, World!0
Sep 26, 2023 4:20:21 PM edu.yu.dbimpl.file.FileMgr read
INFO: read called with BlockIdBase: edu.yu.dbimpl.file.BlockId@457dc809 and PageBase: edu.yu.dbimpl.file.Page@5687ba39
Sep 26, 2023 4:20:21 PM edu.yu.dbimpl.file.Page getBytes
INFO: getBytes called with offset: 0
Sep 26, 2023 4:20:21 PM edu.yu.dbimpl.file.FileMgr read
INFO: Getting type to read: String
Sep 26, 2023 4:20:21 PM edu.yu.dbimpl.file.Page setString
INFO: setString called with offset: 0 and String: Hello, World!0
Sep 26, 2023 4:20:21 PM edu.yu.dbimpl.file.FileMgr read
INFO: read called with BlockIdBase: edu.yu.dbimpl.file.BlockId@457dc809 and PageBase: edu.yu.dbimpl.file.Page@5687ba39
Sep 26, 2023 4:20:21 PM edu.yu.dbimpl.file.Page getBytes
INFO: getBytes called with offset: 0
Sep 26, 2023 4:20:21 PM edu.yu.dbimpl.file.FileMgr read
INFO: Getting type to read: String
Sep 26, 2023 4:20:21 PM edu.yu.dbimpl.file.Page setString
INFO: setString called with offset: 0 and String: Hello, World!0
Sep 26, 2023 4:20:21 PM edu.yu.dbimpl.file.FileMgr read
INFO: read called with BlockIdBase: edu.yu.dbimpl.file.BlockId@457dc809 and PageBase: edu.yu.dbimpl.file.Page@5687ba39
Sep 26, 2023 4:20:21 PM edu.yu.dbimpl.file.Page getBytes
INFO: getBytes called with offset: 0
Sep 26, 2023 4:20:21 PM edu.yu.dbimpl.file.FileMgr read
INFO: Getting type to read: String
Sep 26, 2023 4:20:21 PM edu.yu.dbimpl.file.Page setString
INFO: setString called with offset: 0 and String: Hello, World!0
Sep 26, 2023 4:20:21 PM edu.yu.dbimpl.file.FileMgr read
INFO: read called with BlockIdBase: edu.yu.dbimpl.file.BlockId@457dc809 and PageBase: edu.yu.dbimpl.file.Page@5687ba39
Sep 26, 2023 4:20:21 PM edu.yu.dbimpl.file.Page getBytes
INFO: getBytes called with offset: 0
Sep 26, 2023 4:20:21 PM edu.yu.dbimpl.file.FileMgr read
INFO: Getting type to read: String
Sep 26, 2023 4:20:21 PM edu.yu.dbimpl.file.Page setString
INFO: setString called with offset: 0 and String: Hello, World!0
Sep 26, 2023 4:20:21 PM edu.yu.dbimpl.file.FileMgr read
INFO: read called with BlockIdBase: edu.yu.dbimpl.file.BlockId@457dc809 and PageBase: edu.yu.dbimpl.file.Page@5687ba39
Sep 26, 2023 4:20:21 PM edu.yu.dbimpl.file.Page getBytes
INFO: getBytes called with offset: 0
Sep 26, 2023 4:20:21 PM edu.yu.dbimpl.file.FileMgr read
INFO: Getting type to read: String
Sep 26, 2023 4:20:21 PM edu.yu.dbimpl.file.Page setString
INFO: setString called with offset: 0 and String: Hello, World!0
Sep 26, 2023 4:20:21 PM edu.yu.dbimpl.file.FileMgr read
INFO: read called with BlockIdBase: edu.yu.dbimpl.file.BlockId@457dc809 and PageBase: edu.yu.dbimpl.file.Page@5687ba39
Sep 26, 2023 4:20:21 PM edu.yu.dbimpl.file.Page getBytes
INFO: getBytes called with offset: 0
Sep 26, 2023 4:20:21 PM edu.yu.dbimpl.file.FileMgr read
INFO: Getting type to read: String
Sep 26, 2023 4:20:21 PM edu.yu.dbimpl.file.Page setString
INFO: setString called with offset: 0 and String: Hello, World!0
Sep 26, 2023 4:20:21 PM edu.yu.dbimpl.file.FileMgr read
INFO: read called with BlockIdBase: edu.yu.dbimpl.file.BlockId@457dc809 and PageBase: edu.yu.dbimpl.file.Page@5687ba39
Sep 26, 2023 4:20:21 PM edu.yu.dbimpl.file.Page getBytes
INFO: getBytes called with offset: 0
Sep 26, 2023 4:20:21 PM edu.yu.dbimpl.file.FileMgr read
INFO: Getting type to read: String
Sep 26, 2023 4:20:21 PM edu.yu.dbimpl.file.Page setString
INFO: setString called with offset: 0 and String: Hello, World!0
Sep 26, 2023 4:20:21 PM edu.yu.dbimpl.file.FileMgr read
INFO: read called with BlockIdBase: edu.yu.dbimpl.file.BlockId@457dc809 and PageBase: edu.yu.dbimpl.file.Page@5687ba39
Sep 26, 2023 4:20:21 PM edu.yu.dbimpl.file.Page getBytes
INFO: getBytes called with offset: 0
Sep 26, 2023 4:20:21 PM edu.yu.dbimpl.file.FileMgr read
INFO: Getting type to read: String
Sep 26, 2023 4:20:21 PM edu.yu.dbimpl.file.Page setString
INFO: setString called with offset: 0 and String: Hello, World!0
Sep 26, 2023 4:20:21 PM edu.yu.dbimpl.file.FileMgr read
INFO: read called with BlockIdBase: edu.yu.dbimpl.file.BlockId@457dc809 and PageBase: edu.yu.dbimpl.file.Page@5687ba39
Sep 26, 2023 4:20:21 PM edu.yu.dbimpl.file.Page getBytes
INFO: getBytes called with offset: 0
Sep 26, 2023 4:20:21 PM edu.yu.dbimpl.file.FileMgr read
INFO: Getting type to read: String
Sep 26, 2023 4:20:21 PM edu.yu.dbimpl.file.Page setString
INFO: setString called with offset: 0 and String: Hello, World!0
Sep 26, 2023 4:20:21 PM edu.yu.dbimpl.file.FileMgr read
INFO: read called with BlockIdBase: edu.yu.dbimpl.file.BlockId@457dc809 and PageBase: edu.yu.dbimpl.file.Page@5687ba39
Sep 26, 2023 4:20:21 PM edu.yu.dbimpl.file.Page getBytes
INFO: getBytes called with offset: 0
Sep 26, 2023 4:20:21 PM edu.yu.dbimpl.file.FileMgr read
INFO: Getting type to read: String
Sep 26, 2023 4:20:21 PM edu.yu.dbimpl.file.Page setString
INFO: setString called with offset: 0 and String: Hello, World!0
Sep 26, 2023 4:20:21 PM edu.yu.dbimpl.file.FileMgr read
INFO: read called with BlockIdBase: edu.yu.dbimpl.file.BlockId@457dc809 and PageBase: edu.yu.dbimpl.file.Page@5687ba39
Sep 26, 2023 4:20:21 PM edu.yu.dbimpl.file.Page getBytes
INFO: getBytes called with offset: 0
Sep 26, 2023 4:20:21 PM edu.yu.dbimpl.file.FileMgr read
INFO: Getting type to read: String
Sep 26, 2023 4:20:21 PM edu.yu.dbimpl.file.Page setString
INFO: setString called with offset: 0 and String: Hello, World!0
Sep 26, 2023 4:20:21 PM edu.yu.dbimpl.file.FileMgr read
INFO: read called with BlockIdBase: edu.yu.dbimpl.file.BlockId@457dc809 and PageBase: edu.yu.dbimpl.file.Page@5687ba39
Sep 26, 2023 4:20:21 PM edu.yu.dbimpl.file.Page getBytes
INFO: getBytes called with offset: 0
Sep 26, 2023 4:20:21 PM edu.yu.dbimpl.file.FileMgr read
INFO: Getting type to read: String
Sep 26, 2023 4:20:21 PM edu.yu.dbimpl.file.Page setString
INFO: setString called with offset: 0 and String: Hello, World!0
Sep 26, 2023 4:20:21 PM edu.yu.dbimpl.file.FileMgr read
INFO: read called with BlockIdBase: edu.yu.dbimpl.file.BlockId@457dc809 and PageBase: edu.yu.dbimpl.file.Page@5687ba39
Sep 26, 2023 4:20:21 PM edu.yu.dbimpl.file.Page getBytes
INFO: getBytes called with offset: 0
Sep 26, 2023 4:20:21 PM edu.yu.dbimpl.file.FileMgr read
INFO: Getting type to read: String
Sep 26, 2023 4:20:21 PM edu.yu.dbimpl.file.Page setString
INFO: setString called with offset: 0 and String: Hello, World!0
Sep 26, 2023 4:20:21 PM edu.yu.dbimpl.file.FileMgr read
INFO: read called with BlockIdBase: edu.yu.dbimpl.file.BlockId@457dc809 and PageBase: edu.yu.dbimpl.file.Page@5687ba39
Sep 26, 2023 4:20:21 PM edu.yu.dbimpl.file.Page getBytes
INFO: getBytes called with offset: 0
Sep 26, 2023 4:20:21 PM edu.yu.dbimpl.file.FileMgr read
INFO: Getting type to read: String
Sep 26, 2023 4:20:21 PM edu.yu.dbimpl.file.Page setString
INFO: setString called with offset: 0 and String: Hello, World!0
Sep 26, 2023 4:20:21 PM edu.yu.dbimpl.file.FileMgr read
INFO: read called with BlockIdBase: edu.yu.dbimpl.file.BlockId@457dc809 and PageBase: edu.yu.dbimpl.file.Page@5687ba39
Sep 26, 2023 4:20:21 PM edu.yu.dbimpl.file.Page getBytes
INFO: getBytes called with offset: 0
Sep 26, 2023 4:20:21 PM edu.yu.dbimpl.file.FileMgr read
INFO: Getting type to read: String
Sep 26, 2023 4:20:21 PM edu.yu.dbimpl.file.Page setString
INFO: setString called with offset: 0 and String: Hello, World!0
Sep 26, 2023 4:20:21 PM edu.yu.dbimpl.file.FileMgr read
INFO: read called with BlockIdBase: edu.yu.dbimpl.file.BlockId@457dc809 and PageBase: edu.yu.dbimpl.file.Page@5687ba39
Sep 26, 2023 4:20:21 PM edu.yu.dbimpl.file.Page getBytes
INFO: getBytes called with offset: 0
Sep 26, 2023 4:20:21 PM edu.yu.dbimpl.file.FileMgr read
INFO: Getting type to read: String
Sep 26, 2023 4:20:21 PM edu.yu.dbimpl.file.Page setString
INFO: setString called with offset: 0 and String: Hello, World!0
Sep 26, 2023 4:20:21 PM edu.yu.dbimpl.file.FileMgr read
INFO: read called with BlockIdBase: edu.yu.dbimpl.file.BlockId@457dc809 and PageBase: edu.yu.dbimpl.file.Page@5687ba39
Sep 26, 2023 4:20:21 PM edu.yu.dbimpl.file.Page getBytes
INFO: getBytes called with offset: 0
Sep 26, 2023 4:20:21 PM edu.yu.dbimpl.file.FileMgr read
INFO: Getting type to read: String
Sep 26, 2023 4:20:21 PM edu.yu.dbimpl.file.Page setString
INFO: setString called with offset: 0 and String: Hello, World!0
Sep 26, 2023 4:20:21 PM edu.yu.dbimpl.file.FileMgr read
INFO: read called with BlockIdBase: edu.yu.dbimpl.file.BlockId@457dc809 and PageBase: edu.yu.dbimpl.file.Page@5687ba39
Sep 26, 2023 4:20:21 PM edu.yu.dbimpl.file.Page getBytes
INFO: getBytes called with offset: 0
Sep 26, 2023 4:20:21 PM edu.yu.dbimpl.file.FileMgr read
INFO: Getting type to read: String
Sep 26, 2023 4:20:21 PM edu.yu.dbimpl.file.Page setString
INFO: setString called with offset: 0 and String: Hello, World!0
Sep 26, 2023 4:20:21 PM edu.yu.dbimpl.file.FileMgr read
INFO: read called with BlockIdBase: edu.yu.dbimpl.file.BlockId@457dc809 and PageBase: edu.yu.dbimpl.file.Page@5687ba39
Sep 26, 2023 4:20:21 PM edu.yu.dbimpl.file.Page getBytes
INFO: getBytes called with offset: 0
Sep 26, 2023 4:20:21 PM edu.yu.dbimpl.file.FileMgr read
INFO: Getting type to read: String
Sep 26, 2023 4:20:21 PM edu.yu.dbimpl.file.Page setString
INFO: setString called with offset: 0 and String: Hello, World!0
Sep 26, 2023 4:20:21 PM edu.yu.dbimpl.file.FileMgr read
INFO: read called with BlockIdBase: edu.yu.dbimpl.file.BlockId@457dc809 and PageBase: edu.yu.dbimpl.file.Page@5687ba39
Sep 26, 2023 4:20:21 PM edu.yu.dbimpl.file.Page getBytes
INFO: getBytes called with offset: 0
Sep 26, 2023 4:20:21 PM edu.yu.dbimpl.file.FileMgr read
INFO: Getting type to read: String
Sep 26, 2023 4:20:21 PM edu.yu.dbimpl.file.Page setString
INFO: setString called with offset: 0 and String: Hello, World!0
Sep 26, 2023 4:20:21 PM edu.yu.dbimpl.file.FileMgr read
INFO: read called with BlockIdBase: edu.yu.dbimpl.file.BlockId@457dc809 and PageBase: edu.yu.dbimpl.file.Page@5687ba39
Sep 26, 2023 4:20:21 PM edu.yu.dbimpl.file.Page getBytes
INFO: getBytes called with offset: 0
Sep 26, 2023 4:20:21 PM edu.yu.dbimpl.file.FileMgr read
INFO: Getting type to read: String
Sep 26, 2023 4:20:21 PM edu.yu.dbimpl.file.Page setString
INFO: setString called with offset: 0 and String: Hello, World!0
Sep 26, 2023 4:20:21 PM edu.yu.dbimpl.file.FileMgr read
INFO: read called with BlockIdBase: edu.yu.dbimpl.file.BlockId@457dc809 and PageBase: edu.yu.dbimpl.file.Page@5687ba39
Sep 26, 2023 4:20:21 PM edu.yu.dbimpl.file.Page getBytes
INFO: getBytes called with offset: 0
Sep 26, 2023 4:20:21 PM edu.yu.dbimpl.file.FileMgr read
INFO: Getting type to read: String
Sep 26, 2023 4:20:21 PM edu.yu.dbimpl.file.Page setString
INFO: setString called with offset: 0 and String: Hello, World!0
Sep 26, 2023 4:20:21 PM edu.yu.dbimpl.file.FileMgr read
INFO: read called with BlockIdBase: edu.yu.dbimpl.file.BlockId@457dc809 and PageBase: edu.yu.dbimpl.file.Page@5687ba39
Sep 26, 2023 4:20:21 PM edu.yu.dbimpl.file.Page getBytes
INFO: getBytes called with offset: 0
Sep 26, 2023 4:20:21 PM edu.yu.dbimpl.file.FileMgr read
INFO: Getting type to read: String
Sep 26, 2023 4:20:21 PM edu.yu.dbimpl.file.Page setString
INFO: setString called with offset: 0 and String: Hello, World!0
Sep 26, 2023 4:20:21 PM edu.yu.dbimpl.file.FileMgr read
INFO: read called with BlockIdBase: edu.yu.dbimpl.file.BlockId@457dc809 and PageBase: edu.yu.dbimpl.file.Page@5687ba39
Sep 26, 2023 4:20:21 PM edu.yu.dbimpl.file.Page getBytes
INFO: getBytes called with offset: 0
Sep 26, 2023 4:20:21 PM edu.yu.dbimpl.file.FileMgr read
INFO: Getting type to read: String
Sep 26, 2023 4:20:21 PM edu.yu.dbimpl.file.Page setString
INFO: setString called with offset: 0 and String: Hello, World!0
Sep 26, 2023 4:20:21 PM edu.yu.dbimpl.file.FileMgr read
INFO: read called with BlockIdBase: edu.yu.dbimpl.file.BlockId@457dc809 and PageBase: edu.yu.dbimpl.file.Page@5687ba39
Sep 26, 2023 4:20:21 PM edu.yu.dbimpl.file.Page getBytes
INFO: getBytes called with offset: 0
Sep 26, 2023 4:20:21 PM edu.yu.dbimpl.file.FileMgr read
INFO: Getting type to read: String
Sep 26, 2023 4:20:21 PM edu.yu.dbimpl.file.Page setString
INFO: setString called with offset: 0 and String: Hello, World!0
Sep 26, 2023 4:20:21 PM edu.yu.dbimpl.file.FileMgr read
INFO: read called with BlockIdBase: edu.yu.dbimpl.file.BlockId@457dc809 and PageBase: edu.yu.dbimpl.file.Page@5687ba39
Sep 26, 2023 4:20:21 PM edu.yu.dbimpl.file.Page getBytes
INFO: getBytes called with offset: 0
Sep 26, 2023 4:20:21 PM edu.yu.dbimpl.file.FileMgr read
INFO: Getting type to read: String
Sep 26, 2023 4:20:21 PM edu.yu.dbimpl.file.Page setString
INFO: setString called with offset: 0 and String: Hello, World!0
Sep 26, 2023 4:20:21 PM edu.yu.dbimpl.file.FileMgr read
INFO: read called with BlockIdBase: edu.yu.dbimpl.file.BlockId@457dc809 and PageBase: edu.yu.dbimpl.file.Page@5687ba39
Sep 26, 2023 4:20:21 PM edu.yu.dbimpl.file.Page getBytes
INFO: getBytes called with offset: 0
Sep 26, 2023 4:20:21 PM edu.yu.dbimpl.file.FileMgr read
INFO: Getting type to read: String
Sep 26, 2023 4:20:21 PM edu.yu.dbimpl.file.Page setString
INFO: setString called with offset: 0 and String: Hello, World!0
Sep 26, 2023 4:20:21 PM edu.yu.dbimpl.file.FileMgr read
INFO: read called with BlockIdBase: edu.yu.dbimpl.file.BlockId@457dc809 and PageBase: edu.yu.dbimpl.file.Page@5687ba39
Sep 26, 2023 4:20:21 PM edu.yu.dbimpl.file.Page getBytes
INFO: getBytes called with offset: 0
Sep 26, 2023 4:20:21 PM edu.yu.dbimpl.file.FileMgr read
INFO: Getting type to read: String
Sep 26, 2023 4:20:21 PM edu.yu.dbimpl.file.Page setString
INFO: setString called with offset: 0 and String: Hello, World!0
Sep 26, 2023 4:20:21 PM edu.yu.dbimpl.file.FileMgr read
INFO: read called with BlockIdBase: edu.yu.dbimpl.file.BlockId@457dc809 and PageBase: edu.yu.dbimpl.file.Page@5687ba39
Sep 26, 2023 4:20:21 PM edu.yu.dbimpl.file.Page getBytes
INFO: getBytes called with offset: 0
Sep 26, 2023 4:20:21 PM edu.yu.dbimpl.file.FileMgr read
INFO: Getting type to read: String
Sep 26, 2023 4:20:21 PM edu.yu.dbimpl.file.Page setString
INFO: setString called with offset: 0 and String: Hello, World!0
Sep 26, 2023 4:20:21 PM edu.yu.dbimpl.file.FileMgr read
INFO: read called with BlockIdBase: edu.yu.dbimpl.file.BlockId@457dc809 and PageBase: edu.yu.dbimpl.file.Page@5687ba39
Sep 26, 2023 4:20:21 PM edu.yu.dbimpl.file.Page getBytes
INFO: getBytes called with offset: 0
Sep 26, 2023 4:20:21 PM edu.yu.dbimpl.file.FileMgr read
INFO: Getting type to read: String
Sep 26, 2023 4:20:21 PM edu.yu.dbimpl.file.Page setString
INFO: setString called with offset: 0 and String: Hello, World!0
Sep 26, 2023 4:20:21 PM edu.yu.dbimpl.file.FileMgr read
INFO: read called with BlockIdBase: edu.yu.dbimpl.file.BlockId@457dc809 and PageBase: edu.yu.dbimpl.file.Page@5687ba39
Sep 26, 2023 4:20:21 PM edu.yu.dbimpl.file.Page getBytes
INFO: getBytes called with offset: 0
Sep 26, 2023 4:20:21 PM edu.yu.dbimpl.file.FileMgr read
INFO: Getting type to read: String
Sep 26, 2023 4:20:21 PM edu.yu.dbimpl.file.Page setString
INFO: setString called with offset: 0 and String: Hello, World!0
Sep 26, 2023 4:20:21 PM edu.yu.dbimpl.file.FileMgr read
INFO: read called with BlockIdBase: edu.yu.dbimpl.file.BlockId@457dc809 and PageBase: edu.yu.dbimpl.file.Page@5687ba39
Sep 26, 2023 4:20:21 PM edu.yu.dbimpl.file.Page getBytes
INFO: getBytes called with offset: 0
Sep 26, 2023 4:20:21 PM edu.yu.dbimpl.file.FileMgr read
INFO: Getting type to read: String
Sep 26, 2023 4:20:21 PM edu.yu.dbimpl.file.Page setString
INFO: setString called with offset: 0 and String: Hello, World!0
Sep 26, 2023 4:20:21 PM edu.yu.dbimpl.file.FileMgr read
INFO: read called with BlockIdBase: edu.yu.dbimpl.file.BlockId@457dc809 and PageBase: edu.yu.dbimpl.file.Page@5687ba39
Sep 26, 2023 4:20:21 PM edu.yu.dbimpl.file.Page getBytes
INFO: getBytes called with offset: 0
Sep 26, 2023 4:20:21 PM edu.yu.dbimpl.file.FileMgr read
INFO: Getting type to read: String
Sep 26, 2023 4:20:21 PM edu.yu.dbimpl.file.Page setString
INFO: setString called with offset: 0 and String: Hello, World!0
Sep 26, 2023 4:20:21 PM edu.yu.dbimpl.file.FileMgr read
INFO: read called with BlockIdBase: edu.yu.dbimpl.file.BlockId@457dc809 and PageBase: edu.yu.dbimpl.file.Page@5687ba39
Sep 26, 2023 4:20:21 PM edu.yu.dbimpl.file.Page getBytes
INFO: getBytes called with offset: 0
Sep 26, 2023 4:20:21 PM edu.yu.dbimpl.file.FileMgr read
INFO: Getting type to read: String
Sep 26, 2023 4:20:21 PM edu.yu.dbimpl.file.Page setString
INFO: setString called with offset: 0 and String: Hello, World!0
Sep 26, 2023 4:20:21 PM edu.yu.dbimpl.file.FileMgr read
INFO: read called with BlockIdBase: edu.yu.dbimpl.file.BlockId@457dc809 and PageBase: edu.yu.dbimpl.file.Page@5687ba39
Sep 26, 2023 4:20:21 PM edu.yu.dbimpl.file.Page getBytes
INFO: getBytes called with offset: 0
Sep 26, 2023 4:20:21 PM edu.yu.dbimpl.file.FileMgr read
INFO: Getting type to read: String
Sep 26, 2023 4:20:21 PM edu.yu.dbimpl.file.Page setString
INFO: setString called with offset: 0 and String: Hello, World!0
Sep 26, 2023 4:20:21 PM edu.yu.dbimpl.file.FileMgr read
INFO: read called with BlockIdBase: edu.yu.dbimpl.file.BlockId@457dc809 and PageBase: edu.yu.dbimpl.file.Page@5687ba39
Sep 26, 2023 4:20:21 PM edu.yu.dbimpl.file.Page getBytes
INFO: getBytes called with offset: 0
Sep 26, 2023 4:20:21 PM edu.yu.dbimpl.file.FileMgr read
INFO: Getting type to read: String
Sep 26, 2023 4:20:21 PM edu.yu.dbimpl.file.Page setString
INFO: setString called with offset: 0 and String: Hello, World!0
Sep 26, 2023 4:20:21 PM edu.yu.dbimpl.file.FileMgr read
INFO: read called with BlockIdBase: edu.yu.dbimpl.file.BlockId@457dc809 and PageBase: edu.yu.dbimpl.file.Page@5687ba39
Sep 26, 2023 4:20:21 PM edu.yu.dbimpl.file.Page getBytes
INFO: getBytes called with offset: 0
Sep 26, 2023 4:20:21 PM edu.yu.dbimpl.file.FileMgr read
INFO: Getting type to read: String
Sep 26, 2023 4:20:21 PM edu.yu.dbimpl.file.Page setString
INFO: setString called with offset: 0 and String: Hello, World!0
Sep 26, 2023 4:20:21 PM edu.yu.dbimpl.file.FileMgr read
INFO: read called with BlockIdBase: edu.yu.dbimpl.file.BlockId@457dc809 and PageBase: edu.yu.dbimpl.file.Page@5687ba39
Sep 26, 2023 4:20:21 PM edu.yu.dbimpl.file.Page getBytes
INFO: getBytes called with offset: 0
Sep 26, 2023 4:20:21 PM edu.yu.dbimpl.file.FileMgr read
INFO: Getting type to read: String
Sep 26, 2023 4:20:21 PM edu.yu.dbimpl.file.Page setString
INFO: setString called with offset: 0 and String: Hello, World!0
Sep 26, 2023 4:20:21 PM edu.yu.dbimpl.file.FileMgr read
INFO: read called with BlockIdBase: edu.yu.dbimpl.file.BlockId@457dc809 and PageBase: edu.yu.dbimpl.file.Page@5687ba39
Sep 26, 2023 4:20:21 PM edu.yu.dbimpl.file.Page getBytes
INFO: getBytes called with offset: 0
Sep 26, 2023 4:20:21 PM edu.yu.dbimpl.file.FileMgr read
INFO: Getting type to read: String
Sep 26, 2023 4:20:21 PM edu.yu.dbimpl.file.Page setString
INFO: setString called with offset: 0 and String: Hello, World!0
Sep 26, 2023 4:20:21 PM edu.yu.dbimpl.file.FileMgr read
INFO: read called with BlockIdBase: edu.yu.dbimpl.file.BlockId@457dc809 and PageBase: edu.yu.dbimpl.file.Page@5687ba39
Sep 26, 2023 4:20:21 PM edu.yu.dbimpl.file.Page getBytes
INFO: getBytes called with offset: 0
Sep 26, 2023 4:20:21 PM edu.yu.dbimpl.file.FileMgr read
INFO: Getting type to read: String
Sep 26, 2023 4:20:21 PM edu.yu.dbimpl.file.Page setString
INFO: setString called with offset: 0 and String: Hello, World!0
Sep 26, 2023 4:20:21 PM edu.yu.dbimpl.file.FileMgr read
INFO: read called with BlockIdBase: edu.yu.dbimpl.file.BlockId@457dc809 and PageBase: edu.yu.dbimpl.file.Page@5687ba39
Sep 26, 2023 4:20:21 PM edu.yu.dbimpl.file.Page getBytes
INFO: getBytes called with offset: 0
Sep 26, 2023 4:20:21 PM edu.yu.dbimpl.file.FileMgr read
INFO: Getting type to read: String
Sep 26, 2023 4:20:21 PM edu.yu.dbimpl.file.Page setString
INFO: setString called with offset: 0 and String: Hello, World!0
Sep 26, 2023 4:20:21 PM edu.yu.dbimpl.file.FileMgr read
INFO: read called with BlockIdBase: edu.yu.dbimpl.file.BlockId@457dc809 and PageBase: edu.yu.dbimpl.file.Page@5687ba39
Sep 26, 2023 4:20:21 PM edu.yu.dbimpl.file.Page getBytes
INFO: getBytes called with offset: 0
Sep 26, 2023 4:20:21 PM edu.yu.dbimpl.file.FileMgr read
INFO: Getting type to read: String
Sep 26, 2023 4:20:21 PM edu.yu.dbimpl.file.Page setString
INFO: setString called with offset: 0 and String: Hello, World!0
Sep 26, 2023 4:20:21 PM edu.yu.dbimpl.file.FileMgr read
INFO: read called with BlockIdBase: edu.yu.dbimpl.file.BlockId@457dc809 and PageBase: edu.yu.dbimpl.file.Page@5687ba39
Sep 26, 2023 4:20:21 PM edu.yu.dbimpl.file.Page getBytes
INFO: getBytes called with offset: 0
Sep 26, 2023 4:20:21 PM edu.yu.dbimpl.file.FileMgr read
INFO: Getting type to read: String
Sep 26, 2023 4:20:21 PM edu.yu.dbimpl.file.Page setString
INFO: setString called with offset: 0 and String: Hello, World!0
Sep 26, 2023 4:20:21 PM edu.yu.dbimpl.file.FileMgr read
INFO: read called with BlockIdBase: edu.yu.dbimpl.file.BlockId@457dc809 and PageBase: edu.yu.dbimpl.file.Page@5687ba39
Sep 26, 2023 4:20:21 PM edu.yu.dbimpl.file.Page getBytes
INFO: getBytes called with offset: 0
Sep 26, 2023 4:20:21 PM edu.yu.dbimpl.file.FileMgr read
INFO: Getting type to read: String
Sep 26, 2023 4:20:21 PM edu.yu.dbimpl.file.Page setString
INFO: setString called with offset: 0 and String: Hello, World!0
Sep 26, 2023 4:20:21 PM edu.yu.dbimpl.file.FileMgr read
INFO: read called with BlockIdBase: edu.yu.dbimpl.file.BlockId@457dc809 and PageBase: edu.yu.dbimpl.file.Page@5687ba39
Sep 26, 2023 4:20:21 PM edu.yu.dbimpl.file.Page getBytes
INFO: getBytes called with offset: 0
Sep 26, 2023 4:20:21 PM edu.yu.dbimpl.file.FileMgr read
INFO: Getting type to read: String
Sep 26, 2023 4:20:21 PM edu.yu.dbimpl.file.Page setString
INFO: setString called with offset: 0 and String: Hello, World!0
Sep 26, 2023 4:20:21 PM edu.yu.dbimpl.file.FileMgr read
INFO: read called with BlockIdBase: edu.yu.dbimpl.file.BlockId@457dc809 and PageBase: edu.yu.dbimpl.file.Page@5687ba39
Sep 26, 2023 4:20:21 PM edu.yu.dbimpl.file.Page getBytes
INFO: getBytes called with offset: 0
Sep 26, 2023 4:20:21 PM edu.yu.dbimpl.file.FileMgr read
INFO: Getting type to read: String
Sep 26, 2023 4:20:21 PM edu.yu.dbimpl.file.Page setString
INFO: setString called with offset: 0 and String: Hello, World!0
Sep 26, 2023 4:20:21 PM edu.yu.dbimpl.file.FileMgr read
INFO: read called with BlockIdBase: edu.yu.dbimpl.file.BlockId@457dc809 and PageBase: edu.yu.dbimpl.file.Page@5687ba39
Sep 26, 2023 4:20:21 PM edu.yu.dbimpl.file.Page getBytes
INFO: getBytes called with offset: 0
Sep 26, 2023 4:20:21 PM edu.yu.dbimpl.file.FileMgr read
INFO: Getting type to read: String
Sep 26, 2023 4:20:21 PM edu.yu.dbimpl.file.Page setString
INFO: setString called with offset: 0 and String: Hello, World!0
Sep 26, 2023 4:20:21 PM edu.yu.dbimpl.file.FileMgr read
INFO: read called with BlockIdBase: edu.yu.dbimpl.file.BlockId@457dc809 and PageBase: edu.yu.dbimpl.file.Page@5687ba39
Sep 26, 2023 4:20:21 PM edu.yu.dbimpl.file.Page getBytes
INFO: getBytes called with offset: 0
Sep 26, 2023 4:20:21 PM edu.yu.dbimpl.file.FileMgr read
INFO: Getting type to read: String
Sep 26, 2023 4:20:21 PM edu.yu.dbimpl.file.Page setString
INFO: setString called with offset: 0 and String: Hello, World!0
Sep 26, 2023 4:20:21 PM edu.yu.dbimpl.file.FileMgr read
INFO: read called with BlockIdBase: edu.yu.dbimpl.file.BlockId@457dc809 and PageBase: edu.yu.dbimpl.file.Page@5687ba39
Sep 26, 2023 4:20:21 PM edu.yu.dbimpl.file.Page getBytes
INFO: getBytes called with offset: 0
Sep 26, 2023 4:20:21 PM edu.yu.dbimpl.file.FileMgr read
INFO: Getting type to read: String
Sep 26, 2023 4:20:21 PM edu.yu.dbimpl.file.Page setString
INFO: setString called with offset: 0 and String: Hello, World!0
Sep 26, 2023 4:20:21 PM edu.yu.dbimpl.file.FileMgr read
INFO: read called with BlockIdBase: edu.yu.dbimpl.file.BlockId@457dc809 and PageBase: edu.yu.dbimpl.file.Page@5687ba39
Sep 26, 2023 4:20:21 PM edu.yu.dbimpl.file.Page getBytes
INFO: getBytes called with offset: 0
Sep 26, 2023 4:20:21 PM edu.yu.dbimpl.file.FileMgr read
INFO: Getting type to read: String
Sep 26, 2023 4:20:21 PM edu.yu.dbimpl.file.Page setString
INFO: setString called with offset: 0 and String: Hello, World!0
Sep 26, 2023 4:20:21 PM edu.yu.dbimpl.file.FileMgr read
INFO: read called with BlockIdBase: edu.yu.dbimpl.file.BlockId@457dc809 and PageBase: edu.yu.dbimpl.file.Page@5687ba39
Sep 26, 2023 4:20:21 PM edu.yu.dbimpl.file.Page getBytes
INFO: getBytes called with offset: 0
Sep 26, 2023 4:20:21 PM edu.yu.dbimpl.file.FileMgr read
INFO: Getting type to read: String
Sep 26, 2023 4:20:21 PM edu.yu.dbimpl.file.Page setString
INFO: setString called with offset: 0 and String: Hello, World!0
Sep 26, 2023 4:20:21 PM edu.yu.dbimpl.file.FileMgr read
INFO: read called with BlockIdBase: edu.yu.dbimpl.file.BlockId@457dc809 and PageBase: edu.yu.dbimpl.file.Page@5687ba39
Sep 26, 2023 4:20:21 PM edu.yu.dbimpl.file.Page getBytes
INFO: getBytes called with offset: 0
Sep 26, 2023 4:20:21 PM edu.yu.dbimpl.file.FileMgr read
INFO: Getting type to read: String
Sep 26, 2023 4:20:21 PM edu.yu.dbimpl.file.Page setString
INFO: setString called with offset: 0 and String: Hello, World!0
Sep 26, 2023 4:20:21 PM edu.yu.dbimpl.file.FileMgr read
INFO: read called with BlockIdBase: edu.yu.dbimpl.file.BlockId@457dc809 and PageBase: edu.yu.dbimpl.file.Page@5687ba39
Sep 26, 2023 4:20:21 PM edu.yu.dbimpl.file.Page getBytes
INFO: getBytes called with offset: 0
Sep 26, 2023 4:20:21 PM edu.yu.dbimpl.file.FileMgr read
INFO: Getting type to read: String
Sep 26, 2023 4:20:21 PM edu.yu.dbimpl.file.Page setString
INFO: setString called with offset: 0 and String: Hello, World!0
Sep 26, 2023 4:20:21 PM edu.yu.dbimpl.file.FileMgr read
INFO: read called with BlockIdBase: edu.yu.dbimpl.file.BlockId@457dc809 and PageBase: edu.yu.dbimpl.file.Page@5687ba39
Sep 26, 2023 4:20:21 PM edu.yu.dbimpl.file.Page getBytes
INFO: getBytes called with offset: 0
Sep 26, 2023 4:20:21 PM edu.yu.dbimpl.file.FileMgr read
INFO: Getting type to read: String
Sep 26, 2023 4:20:21 PM edu.yu.dbimpl.file.Page setString
INFO: setString called with offset: 0 and String: Hello, World!0
Sep 26, 2023 4:20:21 PM edu.yu.dbimpl.file.FileMgr read
INFO: read called with BlockIdBase: edu.yu.dbimpl.file.BlockId@457dc809 and PageBase: edu.yu.dbimpl.file.Page@5687ba39
Sep 26, 2023 4:20:21 PM edu.yu.dbimpl.file.Page getBytes
INFO: getBytes called with offset: 0
Sep 26, 2023 4:20:21 PM edu.yu.dbimpl.file.FileMgr read
INFO: Getting type to read: String
Sep 26, 2023 4:20:21 PM edu.yu.dbimpl.file.Page setString
INFO: setString called with offset: 0 and String: Hello, World!0
Sep 26, 2023 4:20:21 PM edu.yu.dbimpl.file.FileMgr read
INFO: read called with BlockIdBase: edu.yu.dbimpl.file.BlockId@457dc809 and PageBase: edu.yu.dbimpl.file.Page@5687ba39
Sep 26, 2023 4:20:21 PM edu.yu.dbimpl.file.Page getBytes
INFO: getBytes called with offset: 0
Sep 26, 2023 4:20:21 PM edu.yu.dbimpl.file.FileMgr read
INFO: Getting type to read: String
Sep 26, 2023 4:20:21 PM edu.yu.dbimpl.file.Page setString
INFO: setString called with offset: 0 and String: Hello, World!0
Sep 26, 2023 4:20:21 PM edu.yu.dbimpl.file.FileMgr read
INFO: read called with BlockIdBase: edu.yu.dbimpl.file.BlockId@457dc809 and PageBase: edu.yu.dbimpl.file.Page@5687ba39
Sep 26, 2023 4:20:21 PM edu.yu.dbimpl.file.Page getBytes
INFO: getBytes called with offset: 0
Sep 26, 2023 4:20:21 PM edu.yu.dbimpl.file.FileMgr read
INFO: Getting type to read: String
Sep 26, 2023 4:20:21 PM edu.yu.dbimpl.file.Page setString
INFO: setString called with offset: 0 and String: Hello, World!0
Sep 26, 2023 4:20:21 PM edu.yu.dbimpl.file.FileMgr read
INFO: read called with BlockIdBase: edu.yu.dbimpl.file.BlockId@457dc809 and PageBase: edu.yu.dbimpl.file.Page@5687ba39
Sep 26, 2023 4:20:21 PM edu.yu.dbimpl.file.Page getBytes
INFO: getBytes called with offset: 0
Sep 26, 2023 4:20:21 PM edu.yu.dbimpl.file.FileMgr read
INFO: Getting type to read: String
Sep 26, 2023 4:20:21 PM edu.yu.dbimpl.file.Page setString
INFO: setString called with offset: 0 and String: Hello, World!0
Sep 26, 2023 4:20:21 PM edu.yu.dbimpl.file.FileMgr read
INFO: read called with BlockIdBase: edu.yu.dbimpl.file.BlockId@457dc809 and PageBase: edu.yu.dbimpl.file.Page@5687ba39
Sep 26, 2023 4:20:21 PM edu.yu.dbimpl.file.Page getBytes
INFO: getBytes called with offset: 0
Sep 26, 2023 4:20:21 PM edu.yu.dbimpl.file.FileMgr read
INFO: Getting type to read: String
Sep 26, 2023 4:20:21 PM edu.yu.dbimpl.file.Page setString
INFO: setString called with offset: 0 and String: Hello, World!0
Sep 26, 2023 4:20:21 PM edu.yu.dbimpl.file.FileMgr read
INFO: read called with BlockIdBase: edu.yu.dbimpl.file.BlockId@457dc809 and PageBase: edu.yu.dbimpl.file.Page@5687ba39
Sep 26, 2023 4:20:21 PM edu.yu.dbimpl.file.Page getBytes
INFO: getBytes called with offset: 0
Sep 26, 2023 4:20:21 PM edu.yu.dbimpl.file.FileMgr read
INFO: Getting type to read: String
Sep 26, 2023 4:20:21 PM edu.yu.dbimpl.file.Page setString
INFO: setString called with offset: 0 and String: Hello, World!0
Sep 26, 2023 4:20:21 PM edu.yu.dbimpl.file.FileMgr read
INFO: read called with BlockIdBase: edu.yu.dbimpl.file.BlockId@457dc809 and PageBase: edu.yu.dbimpl.file.Page@5687ba39
Sep 26, 2023 4:20:21 PM edu.yu.dbimpl.file.Page getBytes
INFO: getBytes called with offset: 0
Sep 26, 2023 4:20:21 PM edu.yu.dbimpl.file.FileMgr read
INFO: Getting type to read: String
Sep 26, 2023 4:20:21 PM edu.yu.dbimpl.file.Page setString
INFO: setString called with offset: 0 and String: Hello, World!0
Sep 26, 2023 4:20:21 PM edu.yu.dbimpl.file.FileMgr read
INFO: read called with BlockIdBase: edu.yu.dbimpl.file.BlockId@457dc809 and PageBase: edu.yu.dbimpl.file.Page@5687ba39
Sep 26, 2023 4:20:21 PM edu.yu.dbimpl.file.Page getBytes
INFO: getBytes called with offset: 0
Sep 26, 2023 4:20:21 PM edu.yu.dbimpl.file.FileMgr read
INFO: Getting type to read: String
Sep 26, 2023 4:20:21 PM edu.yu.dbimpl.file.Page setString
INFO: setString called with offset: 0 and String: Hello, World!0
Sep 26, 2023 4:20:21 PM edu.yu.dbimpl.file.FileMgr read
INFO: read called with BlockIdBase: edu.yu.dbimpl.file.BlockId@457dc809 and PageBase: edu.yu.dbimpl.file.Page@5687ba39
Sep 26, 2023 4:20:21 PM edu.yu.dbimpl.file.Page getBytes
INFO: getBytes called with offset: 0
Sep 26, 2023 4:20:21 PM edu.yu.dbimpl.file.FileMgr read
INFO: Getting type to read: String
Sep 26, 2023 4:20:21 PM edu.yu.dbimpl.file.Page setString
INFO: setString called with offset: 0 and String: Hello, World!0
Sep 26, 2023 4:20:21 PM edu.yu.dbimpl.file.FileMgr read
INFO: read called with BlockIdBase: edu.yu.dbimpl.file.BlockId@457dc809 and PageBase: edu.yu.dbimpl.file.Page@5687ba39
Sep 26, 2023 4:20:21 PM edu.yu.dbimpl.file.Page getBytes
INFO: getBytes called with offset: 0
Sep 26, 2023 4:20:21 PM edu.yu.dbimpl.file.FileMgr read
INFO: Getting type to read: String
Sep 26, 2023 4:20:21 PM edu.yu.dbimpl.file.Page setString
INFO: setString called with offset: 0 and String: Hello, World!0
Sep 26, 2023 4:20:21 PM edu.yu.dbimpl.file.FileMgr read
INFO: read called with BlockIdBase: edu.yu.dbimpl.file.BlockId@457dc809 and PageBase: edu.yu.dbimpl.file.Page@5687ba39
Sep 26, 2023 4:20:21 PM edu.yu.dbimpl.file.Page getBytes
INFO: getBytes called with offset: 0
Sep 26, 2023 4:20:21 PM edu.yu.dbimpl.file.FileMgr read
INFO: Getting type to read: String
Sep 26, 2023 4:20:21 PM edu.yu.dbimpl.file.Page setString
INFO: setString called with offset: 0 and String: Hello, World!0
Sep 26, 2023 4:20:21 PM edu.yu.dbimpl.file.FileMgr read
INFO: read called with BlockIdBase: edu.yu.dbimpl.file.BlockId@457dc809 and PageBase: edu.yu.dbimpl.file.Page@5687ba39
Sep 26, 2023 4:20:21 PM edu.yu.dbimpl.file.Page getBytes
INFO: getBytes called with offset: 0
Sep 26, 2023 4:20:21 PM edu.yu.dbimpl.file.FileMgr read
INFO: Getting type to read: String
Sep 26, 2023 4:20:21 PM edu.yu.dbimpl.file.Page setString
INFO: setString called with offset: 0 and String: Hello, World!0
Sep 26, 2023 4:20:21 PM edu.yu.dbimpl.file.FileMgr read
INFO: read called with BlockIdBase: edu.yu.dbimpl.file.BlockId@457dc809 and PageBase: edu.yu.dbimpl.file.Page@5687ba39
Sep 26, 2023 4:20:21 PM edu.yu.dbimpl.file.Page getBytes
INFO: getBytes called with offset: 0
Sep 26, 2023 4:20:21 PM edu.yu.dbimpl.file.FileMgr read
INFO: Getting type to read: String
Sep 26, 2023 4:20:21 PM edu.yu.dbimpl.file.Page setString
INFO: setString called with offset: 0 and String: Hello, World!0
Sep 26, 2023 4:20:21 PM edu.yu.dbimpl.file.FileMgr read
INFO: read called with BlockIdBase: edu.yu.dbimpl.file.BlockId@457dc809 and PageBase: edu.yu.dbimpl.file.Page@5687ba39
Sep 26, 2023 4:20:21 PM edu.yu.dbimpl.file.Page getBytes
INFO: getBytes called with offset: 0
Sep 26, 2023 4:20:21 PM edu.yu.dbimpl.file.FileMgr read
INFO: Getting type to read: String
Sep 26, 2023 4:20:21 PM edu.yu.dbimpl.file.Page setString
INFO: setString called with offset: 0 and String: Hello, World!0
Sep 26, 2023 4:20:21 PM edu.yu.dbimpl.file.FileMgr read
INFO: read called with BlockIdBase: edu.yu.dbimpl.file.BlockId@457dc809 and PageBase: edu.yu.dbimpl.file.Page@5687ba39
Sep 26, 2023 4:20:21 PM edu.yu.dbimpl.file.Page getBytes
INFO: getBytes called with offset: 0
Sep 26, 2023 4:20:21 PM edu.yu.dbimpl.file.FileMgr read
INFO: Getting type to read: String
Sep 26, 2023 4:20:21 PM edu.yu.dbimpl.file.Page setString
INFO: setString called with offset: 0 and String: Hello, World!0
Sep 26, 2023 4:20:21 PM edu.yu.dbimpl.file.FileMgr read
INFO: read called with BlockIdBase: edu.yu.dbimpl.file.BlockId@457dc809 and PageBase: edu.yu.dbimpl.file.Page@5687ba39
Sep 26, 2023 4:20:21 PM edu.yu.dbimpl.file.Page getBytes
INFO: getBytes called with offset: 0
Sep 26, 2023 4:20:21 PM edu.yu.dbimpl.file.FileMgr read
INFO: Getting type to read: String
Sep 26, 2023 4:20:21 PM edu.yu.dbimpl.file.Page setString
INFO: setString called with offset: 0 and String: Hello, World!0
Sep 26, 2023 4:20:21 PM edu.yu.dbimpl.file.FileMgr read
INFO: read called with BlockIdBase: edu.yu.dbimpl.file.BlockId@457dc809 and PageBase: edu.yu.dbimpl.file.Page@5687ba39
Sep 26, 2023 4:20:21 PM edu.yu.dbimpl.file.Page getBytes
INFO: getBytes called with offset: 0
Sep 26, 2023 4:20:21 PM edu.yu.dbimpl.file.FileMgr read
INFO: Getting type to read: String
Sep 26, 2023 4:20:21 PM edu.yu.dbimpl.file.Page setString
INFO: setString called with offset: 0 and String: Hello, World!0
Sep 26, 2023 4:20:21 PM edu.yu.dbimpl.file.FileMgr read
INFO: read called with BlockIdBase: edu.yu.dbimpl.file.BlockId@457dc809 and PageBase: edu.yu.dbimpl.file.Page@5687ba39
Sep 26, 2023 4:20:21 PM edu.yu.dbimpl.file.Page getBytes
INFO: getBytes called with offset: 0
Sep 26, 2023 4:20:21 PM edu.yu.dbimpl.file.FileMgr read
INFO: Getting type to read: String
Sep 26, 2023 4:20:21 PM edu.yu.dbimpl.file.Page setString
INFO: setString called with offset: 0 and String: Hello, World!0
Sep 26, 2023 4:20:21 PM edu.yu.dbimpl.file.FileMgr read
INFO: read called with BlockIdBase: edu.yu.dbimpl.file.BlockId@457dc809 and PageBase: edu.yu.dbimpl.file.Page@5687ba39
Sep 26, 2023 4:20:21 PM edu.yu.dbimpl.file.Page getBytes
INFO: getBytes called with offset: 0
Sep 26, 2023 4:20:21 PM edu.yu.dbimpl.file.FileMgr read
INFO: Getting type to read: String
Sep 26, 2023 4:20:21 PM edu.yu.dbimpl.file.Page setString
INFO: setString called with offset: 0 and String: Hello, World!0
Sep 26, 2023 4:20:21 PM edu.yu.dbimpl.file.FileMgr read
INFO: read called with BlockIdBase: edu.yu.dbimpl.file.BlockId@457dc809 and PageBase: edu.yu.dbimpl.file.Page@5687ba39
Sep 26, 2023 4:20:21 PM edu.yu.dbimpl.file.Page getBytes
INFO: getBytes called with offset: 0
Sep 26, 2023 4:20:21 PM edu.yu.dbimpl.file.FileMgr read
INFO: Getting type to read: String
Sep 26, 2023 4:20:21 PM edu.yu.dbimpl.file.Page setString
INFO: setString called with offset: 0 and String: Hello, World!0
Sep 26, 2023 4:20:21 PM edu.yu.dbimpl.file.FileMgr read
INFO: read called with BlockIdBase: edu.yu.dbimpl.file.BlockId@457dc809 and PageBase: edu.yu.dbimpl.file.Page@5687ba39
Sep 26, 2023 4:20:21 PM edu.yu.dbimpl.file.Page getBytes
INFO: getBytes called with offset: 0
Sep 26, 2023 4:20:21 PM edu.yu.dbimpl.file.FileMgr read
INFO: Getting type to read: String
Sep 26, 2023 4:20:21 PM edu.yu.dbimpl.file.Page setString
INFO: setString called with offset: 0 and String: Hello, World!0
Sep 26, 2023 4:20:21 PM edu.yu.dbimpl.file.FileMgr read
INFO: read called with BlockIdBase: edu.yu.dbimpl.file.BlockId@457dc809 and PageBase: edu.yu.dbimpl.file.Page@5687ba39
Sep 26, 2023 4:20:21 PM edu.yu.dbimpl.file.Page getBytes
INFO: getBytes called with offset: 0
Sep 26, 2023 4:20:21 PM edu.yu.dbimpl.file.FileMgr read
INFO: Getting type to read: String
Sep 26, 2023 4:20:21 PM edu.yu.dbimpl.file.Page setString
INFO: setString called with offset: 0 and String: Hello, World!0
Sep 26, 2023 4:20:21 PM edu.yu.dbimpl.file.FileMgr read
INFO: read called with BlockIdBase: edu.yu.dbimpl.file.BlockId@457dc809 and PageBase: edu.yu.dbimpl.file.Page@5687ba39
Sep 26, 2023 4:20:21 PM edu.yu.dbimpl.file.Page getBytes
INFO: getBytes called with offset: 0
Sep 26, 2023 4:20:21 PM edu.yu.dbimpl.file.FileMgr read
INFO: Getting type to read: String
Sep 26, 2023 4:20:21 PM edu.yu.dbimpl.file.Page setString
INFO: setString called with offset: 0 and String: Hello, World!0
Sep 26, 2023 4:20:21 PM edu.yu.dbimpl.file.FileMgr read
INFO: read called with BlockIdBase: edu.yu.dbimpl.file.BlockId@457dc809 and PageBase: edu.yu.dbimpl.file.Page@5687ba39
Sep 26, 2023 4:20:21 PM edu.yu.dbimpl.file.Page getBytes
INFO: getBytes called with offset: 0
Sep 26, 2023 4:20:21 PM edu.yu.dbimpl.file.FileMgr read
INFO: Getting type to read: String
Sep 26, 2023 4:20:21 PM edu.yu.dbimpl.file.Page setString
INFO: setString called with offset: 0 and String: Hello, World!0
Sep 26, 2023 4:20:21 PM edu.yu.dbimpl.file.FileMgr read
INFO: read called with BlockIdBase: edu.yu.dbimpl.file.BlockId@457dc809 and PageBase: edu.yu.dbimpl.file.Page@5687ba39
Sep 26, 2023 4:20:21 PM edu.yu.dbimpl.file.Page getBytes
INFO: getBytes called with offset: 0
Sep 26, 2023 4:20:21 PM edu.yu.dbimpl.file.FileMgr read
INFO: Getting type to read: String
Sep 26, 2023 4:20:21 PM edu.yu.dbimpl.file.Page setString
INFO: setString called with offset: 0 and String: Hello, World!0
Sep 26, 2023 4:20:21 PM edu.yu.dbimpl.file.FileMgr read
INFO: read called with BlockIdBase: edu.yu.dbimpl.file.BlockId@457dc809 and PageBase: edu.yu.dbimpl.file.Page@5687ba39
Sep 26, 2023 4:20:21 PM edu.yu.dbimpl.file.Page getBytes
INFO: getBytes called with offset: 0
Sep 26, 2023 4:20:21 PM edu.yu.dbimpl.file.FileMgr read
INFO: Getting type to read: String
Sep 26, 2023 4:20:21 PM edu.yu.dbimpl.file.Page setString
INFO: setString called with offset: 0 and String: Hello, World!0
Sep 26, 2023 4:20:21 PM edu.yu.dbimpl.file.FileMgr read
INFO: read called with BlockIdBase: edu.yu.dbimpl.file.BlockId@457dc809 and PageBase: edu.yu.dbimpl.file.Page@5687ba39
Sep 26, 2023 4:20:21 PM edu.yu.dbimpl.file.Page getBytes
INFO: getBytes called with offset: 0
Sep 26, 2023 4:20:21 PM edu.yu.dbimpl.file.FileMgr read
INFO: Getting type to read: String
Sep 26, 2023 4:20:21 PM edu.yu.dbimpl.file.Page setString
INFO: setString called with offset: 0 and String: Hello, World!0
Sep 26, 2023 4:20:21 PM edu.yu.dbimpl.file.FileMgr read
INFO: read called with BlockIdBase: edu.yu.dbimpl.file.BlockId@457dc809 and PageBase: edu.yu.dbimpl.file.Page@5687ba39
Sep 26, 2023 4:20:21 PM edu.yu.dbimpl.file.Page getBytes
INFO: getBytes called with offset: 0
Sep 26, 2023 4:20:21 PM edu.yu.dbimpl.file.FileMgr read
INFO: Getting type to read: String
Sep 26, 2023 4:20:21 PM edu.yu.dbimpl.file.Page setString
INFO: setString called with offset: 0 and String: Hello, World!0
Sep 26, 2023 4:20:21 PM edu.yu.dbimpl.file.FileMgr read
INFO: read called with BlockIdBase: edu.yu.dbimpl.file.BlockId@457dc809 and PageBase: edu.yu.dbimpl.file.Page@5687ba39
Sep 26, 2023 4:20:21 PM edu.yu.dbimpl.file.Page getBytes
INFO: getBytes called with offset: 0
Sep 26, 2023 4:20:21 PM edu.yu.dbimpl.file.FileMgr read
INFO: Getting type to read: String
Sep 26, 2023 4:20:21 PM edu.yu.dbimpl.file.Page setString
INFO: setString called with offset: 0 and String: Hello, World!0
Sep 26, 2023 4:20:21 PM edu.yu.dbimpl.file.FileMgr read
INFO: read called with BlockIdBase: edu.yu.dbimpl.file.BlockId@457dc809 and PageBase: edu.yu.dbimpl.file.Page@5687ba39
Sep 26, 2023 4:20:21 PM edu.yu.dbimpl.file.Page getBytes
INFO: getBytes called with offset: 0
Sep 26, 2023 4:20:21 PM edu.yu.dbimpl.file.FileMgr read
INFO: Getting type to read: String
Sep 26, 2023 4:20:21 PM edu.yu.dbimpl.file.Page setString
INFO: setString called with offset: 0 and String: Hello, World!0
Sep 26, 2023 4:20:21 PM edu.yu.dbimpl.file.FileMgr read
INFO: read called with BlockIdBase: edu.yu.dbimpl.file.BlockId@457dc809 and PageBase: edu.yu.dbimpl.file.Page@5687ba39
Sep 26, 2023 4:20:21 PM edu.yu.dbimpl.file.Page getBytes
INFO: getBytes called with offset: 0
Sep 26, 2023 4:20:21 PM edu.yu.dbimpl.file.FileMgr read
INFO: Getting type to read: String
Sep 26, 2023 4:20:21 PM edu.yu.dbimpl.file.Page setString
INFO: setString called with offset: 0 and String: Hello, World!0
Sep 26, 2023 4:20:21 PM edu.yu.dbimpl.file.FileMgr read
INFO: read called with BlockIdBase: edu.yu.dbimpl.file.BlockId@457dc809 and PageBase: edu.yu.dbimpl.file.Page@5687ba39
Sep 26, 2023 4:20:21 PM edu.yu.dbimpl.file.Page getBytes
INFO: getBytes called with offset: 0
Sep 26, 2023 4:20:21 PM edu.yu.dbimpl.file.FileMgr read
INFO: Getting type to read: String
Sep 26, 2023 4:20:21 PM edu.yu.dbimpl.file.Page setString
INFO: setString called with offset: 0 and String: Hello, World!0
Sep 26, 2023 4:20:21 PM edu.yu.dbimpl.file.FileMgr read
INFO: read called with BlockIdBase: edu.yu.dbimpl.file.BlockId@457dc809 and PageBase: edu.yu.dbimpl.file.Page@5687ba39
Sep 26, 2023 4:20:21 PM edu.yu.dbimpl.file.Page getBytes
INFO: getBytes called with offset: 0
Sep 26, 2023 4:20:21 PM edu.yu.dbimpl.file.FileMgr read
INFO: Getting type to read: String
Sep 26, 2023 4:20:21 PM edu.yu.dbimpl.file.Page setString
INFO: setString called with offset: 0 and String: Hello, World!0
Sep 26, 2023 4:20:21 PM edu.yu.dbimpl.file.FileMgr read
INFO: read called with BlockIdBase: edu.yu.dbimpl.file.BlockId@457dc809 and PageBase: edu.yu.dbimpl.file.Page@5687ba39
Sep 26, 2023 4:20:21 PM edu.yu.dbimpl.file.Page getBytes
INFO: getBytes called with offset: 0
Sep 26, 2023 4:20:21 PM edu.yu.dbimpl.file.FileMgr read
INFO: Getting type to read: String
Sep 26, 2023 4:20:21 PM edu.yu.dbimpl.file.Page setString
INFO: setString called with offset: 0 and String: Hello, World!0
Sep 26, 2023 4:20:21 PM edu.yu.dbimpl.file.FileMgr read
INFO: read called with BlockIdBase: edu.yu.dbimpl.file.BlockId@457dc809 and PageBase: edu.yu.dbimpl.file.Page@5687ba39
Sep 26, 2023 4:20:21 PM edu.yu.dbimpl.file.Page getBytes
INFO: getBytes called with offset: 0
Sep 26, 2023 4:20:21 PM edu.yu.dbimpl.file.FileMgr read
INFO: Getting type to read: String
Sep 26, 2023 4:20:21 PM edu.yu.dbimpl.file.Page setString
INFO: setString called with offset: 0 and String: Hello, World!0
Sep 26, 2023 4:20:21 PM edu.yu.dbimpl.file.FileMgr read
INFO: read called with BlockIdBase: edu.yu.dbimpl.file.BlockId@457dc809 and PageBase: edu.yu.dbimpl.file.Page@5687ba39
Sep 26, 2023 4:20:21 PM edu.yu.dbimpl.file.Page getBytes
INFO: getBytes called with offset: 0
Sep 26, 2023 4:20:21 PM edu.yu.dbimpl.file.FileMgr read
INFO: Getting type to read: String
Sep 26, 2023 4:20:21 PM edu.yu.dbimpl.file.Page setString
INFO: setString called with offset: 0 and String: Hello, World!0
Sep 26, 2023 4:20:21 PM edu.yu.dbimpl.file.FileMgr read
INFO: read called with BlockIdBase: edu.yu.dbimpl.file.BlockId@457dc809 and PageBase: edu.yu.dbimpl.file.Page@5687ba39
Sep 26, 2023 4:20:21 PM edu.yu.dbimpl.file.Page getBytes
INFO: getBytes called with offset: 0
Sep 26, 2023 4:20:21 PM edu.yu.dbimpl.file.FileMgr read
INFO: Getting type to read: String
Sep 26, 2023 4:20:21 PM edu.yu.dbimpl.file.Page setString
INFO: setString called with offset: 0 and String: Hello, World!0
Sep 26, 2023 4:20:21 PM edu.yu.dbimpl.file.FileMgr read
INFO: read called with BlockIdBase: edu.yu.dbimpl.file.BlockId@457dc809 and PageBase: edu.yu.dbimpl.file.Page@5687ba39
Sep 26, 2023 4:20:21 PM edu.yu.dbimpl.file.Page getBytes
INFO: getBytes called with offset: 0
Sep 26, 2023 4:20:21 PM edu.yu.dbimpl.file.FileMgr read
INFO: Getting type to read: String
Sep 26, 2023 4:20:21 PM edu.yu.dbimpl.file.Page setString
INFO: setString called with offset: 0 and String: Hello, World!0
Sep 26, 2023 4:20:21 PM edu.yu.dbimpl.file.FileMgr read
INFO: read called with BlockIdBase: edu.yu.dbimpl.file.BlockId@457dc809 and PageBase: edu.yu.dbimpl.file.Page@5687ba39
Sep 26, 2023 4:20:21 PM edu.yu.dbimpl.file.Page getBytes
INFO: getBytes called with offset: 0
Sep 26, 2023 4:20:21 PM edu.yu.dbimpl.file.FileMgr read
INFO: Getting type to read: String
Sep 26, 2023 4:20:21 PM edu.yu.dbimpl.file.Page setString
INFO: setString called with offset: 0 and String: Hello, World!0
Sep 26, 2023 4:20:21 PM edu.yu.dbimpl.file.FileMgr read
INFO: read called with BlockIdBase: edu.yu.dbimpl.file.BlockId@457dc809 and PageBase: edu.yu.dbimpl.file.Page@5687ba39
Sep 26, 2023 4:20:21 PM edu.yu.dbimpl.file.Page getBytes
INFO: getBytes called with offset: 0
Sep 26, 2023 4:20:21 PM edu.yu.dbimpl.file.FileMgr read
INFO: Getting type to read: String
Sep 26, 2023 4:20:21 PM edu.yu.dbimpl.file.Page setString
INFO: setString called with offset: 0 and String: Hello, World!0
Sep 26, 2023 4:20:21 PM edu.yu.dbimpl.file.FileMgr read
INFO: read called with BlockIdBase: edu.yu.dbimpl.file.BlockId@457dc809 and PageBase: edu.yu.dbimpl.file.Page@5687ba39
Sep 26, 2023 4:20:21 PM edu.yu.dbimpl.file.Page getBytes
INFO: getBytes called with offset: 0
Sep 26, 2023 4:20:21 PM edu.yu.dbimpl.file.FileMgr read
INFO: Getting type to read: String
Sep 26, 2023 4:20:21 PM edu.yu.dbimpl.file.Page setString
INFO: setString called with offset: 0 and String: Hello, World!0
Sep 26, 2023 4:20:21 PM edu.yu.dbimpl.file.FileMgr read
INFO: read called with BlockIdBase: edu.yu.dbimpl.file.BlockId@457dc809 and PageBase: edu.yu.dbimpl.file.Page@5687ba39
Sep 26, 2023 4:20:21 PM edu.yu.dbimpl.file.Page getBytes
INFO: getBytes called with offset: 0
Sep 26, 2023 4:20:21 PM edu.yu.dbimpl.file.FileMgr read
INFO: Getting type to read: String
Sep 26, 2023 4:20:21 PM edu.yu.dbimpl.file.Page setString
INFO: setString called with offset: 0 and String: Hello, World!0
Sep 26, 2023 4:20:21 PM edu.yu.dbimpl.file.FileMgr read
INFO: read called with BlockIdBase: edu.yu.dbimpl.file.BlockId@457dc809 and PageBase: edu.yu.dbimpl.file.Page@5687ba39
Sep 26, 2023 4:20:21 PM edu.yu.dbimpl.file.Page getBytes
INFO: getBytes called with offset: 0
Sep 26, 2023 4:20:21 PM edu.yu.dbimpl.file.FileMgr read
INFO: Getting type to read: String
Sep 26, 2023 4:20:21 PM edu.yu.dbimpl.file.Page setString
INFO: setString called with offset: 0 and String: Hello, World!0
Sep 26, 2023 4:20:21 PM edu.yu.dbimpl.file.FileMgr read
INFO: read called with BlockIdBase: edu.yu.dbimpl.file.BlockId@457dc809 and PageBase: edu.yu.dbimpl.file.Page@5687ba39
Sep 26, 2023 4:20:21 PM edu.yu.dbimpl.file.Page getBytes
INFO: getBytes called with offset: 0
Sep 26, 2023 4:20:21 PM edu.yu.dbimpl.file.FileMgr read
INFO: Getting type to read: String
Sep 26, 2023 4:20:21 PM edu.yu.dbimpl.file.Page setString
INFO: setString called with offset: 0 and String: Hello, World!0
Sep 26, 2023 4:20:21 PM edu.yu.dbimpl.file.FileMgr read
INFO: read called with BlockIdBase: edu.yu.dbimpl.file.BlockId@457dc809 and PageBase: edu.yu.dbimpl.file.Page@5687ba39
Sep 26, 2023 4:20:21 PM edu.yu.dbimpl.file.Page getBytes
INFO: getBytes called with offset: 0
Sep 26, 2023 4:20:21 PM edu.yu.dbimpl.file.FileMgr read
INFO: Getting type to read: String
Sep 26, 2023 4:20:21 PM edu.yu.dbimpl.file.Page setString
INFO: setString called with offset: 0 and String: Hello, World!0
]]></system-err>
  </testcase>
  <testcase name="PageBaseImplGetAndSetIntTest" classname="edu.yu.dbimpl.FirstStageTests" time="0.555">
    <system-err><![CDATA[Sep 26, 2023 4:20:21 PM edu.yu.dbimpl.file.Page <init>
INFO: Page created with blocksize 4096
Sep 26, 2023 4:20:21 PM edu.yu.dbimpl.file.Page setInt
INFO: setInt called with offset: 0 and int: 69
Sep 26, 2023 4:20:21 PM edu.yu.dbimpl.file.Page getInt
INFO: getInt called with offset: 0
Sep 26, 2023 4:20:21 PM edu.yu.dbimpl.file.Page setInt
INFO: setInt called with offset: 100 and int: 45
Sep 26, 2023 4:20:21 PM edu.yu.dbimpl.file.Page getInt
INFO: getInt called with offset: 100
]]></system-err>
  </testcase>
  <testcase name="PageBaseImplGetAndSetDoubleTest" classname="edu.yu.dbimpl.FirstStageTests" time="0">
    <system-err><![CDATA[Sep 26, 2023 4:20:21 PM edu.yu.dbimpl.file.Page <init>
INFO: Page created with blocksize 4096
Sep 26, 2023 4:20:21 PM edu.yu.dbimpl.file.Page setDouble
INFO: setDouble called with offset: 4 and double: 69.69
Sep 26, 2023 4:20:21 PM edu.yu.dbimpl.file.Page getDouble
INFO: getDouble called with offset: 4
Sep 26, 2023 4:20:21 PM edu.yu.dbimpl.file.Page setDouble
INFO: setDouble called with offset: 105 and double: 45.45
Sep 26, 2023 4:20:21 PM edu.yu.dbimpl.file.Page getDouble
INFO: getDouble called with offset: 105
]]></system-err>
  </testcase>
  <testcase name="testSetAndGetString2" classname="edu.yu.dbimpl.FirstStageTests" time="0.001">
    <system-err><![CDATA[Sep 26, 2023 4:20:21 PM edu.yu.dbimpl.file.Page <init>
INFO: Page created with blocksize 100
Sep 26, 2023 4:20:21 PM edu.yu.dbimpl.file.Page setString
INFO: setString called with offset: 10 and String: Hello, World! I love 69
]]></system-err>
  </testcase>
  <testcase name="PageBaseImplGetAndSetBooleanTest" classname="edu.yu.dbimpl.FirstStageTests" time="0">
    <system-err><![CDATA[Sep 26, 2023 4:20:21 PM edu.yu.dbimpl.file.Page <init>
INFO: Page created with blocksize 4096
Sep 26, 2023 4:20:21 PM edu.yu.dbimpl.file.Page setBoolean
INFO: setBoolean called with offset: 4 and boolean: true
Sep 26, 2023 4:20:21 PM edu.yu.dbimpl.file.Page getBoolean
INFO: getBoolean called with offset: 4
Sep 26, 2023 4:20:21 PM edu.yu.dbimpl.file.Page setBoolean
INFO: setBoolean called with offset: 105 and boolean: false
Sep 26, 2023 4:20:21 PM edu.yu.dbimpl.file.Page getBoolean
INFO: getBoolean called with offset: 105
]]></system-err>
  </testcase>
  <testcase name="BlockIdBaseSimpleTest" classname="edu.yu.dbimpl.FirstStageTests" time="0"/>
  <testcase name="catchBadInputBlockIDTest" classname="edu.yu.dbimpl.FirstStageTests" time="0"/>
  <testcase name="addingALotOfStringsToAPage" classname="edu.yu.dbimpl.FirstStageTests" time="0.001">
    <system-err><![CDATA[Sep 26, 2023 4:20:21 PM edu.yu.dbimpl.file.Page <init>
INFO: Page created with blocksize 4096
Sep 26, 2023 4:20:21 PM edu.yu.dbimpl.file.Page setString
INFO: setString called with offset: 0 and String: Hello, World!0
Sep 26, 2023 4:20:21 PM edu.yu.dbimpl.file.Page setString
INFO: setString called with offset: 20 and String: Hello, World!1
Sep 26, 2023 4:20:21 PM edu.yu.dbimpl.file.Page setString
INFO: setString called with offset: 40 and String: Hello, World!2
Sep 26, 2023 4:20:21 PM edu.yu.dbimpl.file.Page setString
INFO: setString called with offset: 60 and String: Hello, World!3
Sep 26, 2023 4:20:21 PM edu.yu.dbimpl.file.Page setString
INFO: setString called with offset: 80 and String: Hello, World!4
Sep 26, 2023 4:20:21 PM edu.yu.dbimpl.file.Page setString
INFO: setString called with offset: 100 and String: Hello, World!5
Sep 26, 2023 4:20:21 PM edu.yu.dbimpl.file.Page setString
INFO: setString called with offset: 120 and String: Hello, World!6
Sep 26, 2023 4:20:21 PM edu.yu.dbimpl.file.Page setString
INFO: setString called with offset: 140 and String: Hello, World!7
Sep 26, 2023 4:20:21 PM edu.yu.dbimpl.file.Page setString
INFO: setString called with offset: 160 and String: Hello, World!8
Sep 26, 2023 4:20:21 PM edu.yu.dbimpl.file.Page setString
INFO: setString called with offset: 180 and String: Hello, World!9
Sep 26, 2023 4:20:21 PM edu.yu.dbimpl.file.Page setString
INFO: setString called with offset: 200 and String: Hello, World!10
Sep 26, 2023 4:20:21 PM edu.yu.dbimpl.file.Page setString
INFO: setString called with offset: 220 and String: Hello, World!11
Sep 26, 2023 4:20:21 PM edu.yu.dbimpl.file.Page setString
INFO: setString called with offset: 240 and String: Hello, World!12
Sep 26, 2023 4:20:21 PM edu.yu.dbimpl.file.Page setString
INFO: setString called with offset: 260 and String: Hello, World!13
Sep 26, 2023 4:20:21 PM edu.yu.dbimpl.file.Page setString
INFO: setString called with offset: 280 and String: Hello, World!14
Sep 26, 2023 4:20:21 PM edu.yu.dbimpl.file.Page setString
INFO: setString called with offset: 300 and String: Hello, World!15
Sep 26, 2023 4:20:21 PM edu.yu.dbimpl.file.Page setString
INFO: setString called with offset: 320 and String: Hello, World!16
Sep 26, 2023 4:20:21 PM edu.yu.dbimpl.file.Page setString
INFO: setString called with offset: 340 and String: Hello, World!17
Sep 26, 2023 4:20:21 PM edu.yu.dbimpl.file.Page setString
INFO: setString called with offset: 360 and String: Hello, World!18
Sep 26, 2023 4:20:21 PM edu.yu.dbimpl.file.Page setString
INFO: setString called with offset: 380 and String: Hello, World!19
Sep 26, 2023 4:20:21 PM edu.yu.dbimpl.file.Page setString
INFO: setString called with offset: 400 and String: Hello, World!20
Sep 26, 2023 4:20:21 PM edu.yu.dbimpl.file.Page setString
INFO: setString called with offset: 420 and String: Hello, World!21
Sep 26, 2023 4:20:21 PM edu.yu.dbimpl.file.Page setString
INFO: setString called with offset: 440 and String: Hello, World!22
Sep 26, 2023 4:20:21 PM edu.yu.dbimpl.file.Page setString
INFO: setString called with offset: 460 and String: Hello, World!23
Sep 26, 2023 4:20:21 PM edu.yu.dbimpl.file.Page setString
INFO: setString called with offset: 480 and String: Hello, World!24
Sep 26, 2023 4:20:21 PM edu.yu.dbimpl.file.Page setString
INFO: setString called with offset: 500 and String: Hello, World!25
Sep 26, 2023 4:20:21 PM edu.yu.dbimpl.file.Page setString
INFO: setString called with offset: 520 and String: Hello, World!26
Sep 26, 2023 4:20:21 PM edu.yu.dbimpl.file.Page setString
INFO: setString called with offset: 540 and String: Hello, World!27
Sep 26, 2023 4:20:21 PM edu.yu.dbimpl.file.Page setString
INFO: setString called with offset: 560 and String: Hello, World!28
Sep 26, 2023 4:20:21 PM edu.yu.dbimpl.file.Page setString
INFO: setString called with offset: 580 and String: Hello, World!29
Sep 26, 2023 4:20:21 PM edu.yu.dbimpl.file.Page setString
INFO: setString called with offset: 600 and String: Hello, World!30
Sep 26, 2023 4:20:21 PM edu.yu.dbimpl.file.Page setString
INFO: setString called with offset: 620 and String: Hello, World!31
Sep 26, 2023 4:20:21 PM edu.yu.dbimpl.file.Page setString
INFO: setString called with offset: 640 and String: Hello, World!32
Sep 26, 2023 4:20:21 PM edu.yu.dbimpl.file.Page setString
INFO: setString called with offset: 660 and String: Hello, World!33
Sep 26, 2023 4:20:21 PM edu.yu.dbimpl.file.Page setString
INFO: setString called with offset: 680 and String: Hello, World!34
Sep 26, 2023 4:20:21 PM edu.yu.dbimpl.file.Page setString
INFO: setString called with offset: 700 and String: Hello, World!35
Sep 26, 2023 4:20:21 PM edu.yu.dbimpl.file.Page setString
INFO: setString called with offset: 720 and String: Hello, World!36
Sep 26, 2023 4:20:21 PM edu.yu.dbimpl.file.Page setString
INFO: setString called with offset: 740 and String: Hello, World!37
Sep 26, 2023 4:20:21 PM edu.yu.dbimpl.file.Page setString
INFO: setString called with offset: 760 and String: Hello, World!38
Sep 26, 2023 4:20:21 PM edu.yu.dbimpl.file.Page setString
INFO: setString called with offset: 780 and String: Hello, World!39
Sep 26, 2023 4:20:21 PM edu.yu.dbimpl.file.Page setString
INFO: setString called with offset: 800 and String: Hello, World!40
Sep 26, 2023 4:20:21 PM edu.yu.dbimpl.file.Page setString
INFO: setString called with offset: 820 and String: Hello, World!41
Sep 26, 2023 4:20:21 PM edu.yu.dbimpl.file.Page setString
INFO: setString called with offset: 840 and String: Hello, World!42
Sep 26, 2023 4:20:21 PM edu.yu.dbimpl.file.Page setString
INFO: setString called with offset: 860 and String: Hello, World!43
Sep 26, 2023 4:20:21 PM edu.yu.dbimpl.file.Page setString
INFO: setString called with offset: 880 and String: Hello, World!44
Sep 26, 2023 4:20:21 PM edu.yu.dbimpl.file.Page setString
INFO: setString called with offset: 900 and String: Hello, World!45
Sep 26, 2023 4:20:21 PM edu.yu.dbimpl.file.Page setString
INFO: setString called with offset: 920 and String: Hello, World!46
Sep 26, 2023 4:20:21 PM edu.yu.dbimpl.file.Page setString
INFO: setString called with offset: 940 and String: Hello, World!47
Sep 26, 2023 4:20:21 PM edu.yu.dbimpl.file.Page setString
INFO: setString called with offset: 960 and String: Hello, World!48
Sep 26, 2023 4:20:21 PM edu.yu.dbimpl.file.Page setString
INFO: setString called with offset: 980 and String: Hello, World!49
Sep 26, 2023 4:20:21 PM edu.yu.dbimpl.file.Page setString
INFO: setString called with offset: 1000 and String: Hello, World!50
Sep 26, 2023 4:20:21 PM edu.yu.dbimpl.file.Page setString
INFO: setString called with offset: 1020 and String: Hello, World!51
Sep 26, 2023 4:20:21 PM edu.yu.dbimpl.file.Page setString
INFO: setString called with offset: 1040 and String: Hello, World!52
Sep 26, 2023 4:20:21 PM edu.yu.dbimpl.file.Page setString
INFO: setString called with offset: 1060 and String: Hello, World!53
Sep 26, 2023 4:20:21 PM edu.yu.dbimpl.file.Page setString
INFO: setString called with offset: 1080 and String: Hello, World!54
Sep 26, 2023 4:20:21 PM edu.yu.dbimpl.file.Page setString
INFO: setString called with offset: 1100 and String: Hello, World!55
Sep 26, 2023 4:20:21 PM edu.yu.dbimpl.file.Page setString
INFO: setString called with offset: 1120 and String: Hello, World!56
Sep 26, 2023 4:20:21 PM edu.yu.dbimpl.file.Page setString
INFO: setString called with offset: 1140 and String: Hello, World!57
Sep 26, 2023 4:20:21 PM edu.yu.dbimpl.file.Page setString
INFO: setString called with offset: 1160 and String: Hello, World!58
Sep 26, 2023 4:20:21 PM edu.yu.dbimpl.file.Page setString
INFO: setString called with offset: 1180 and String: Hello, World!59
Sep 26, 2023 4:20:21 PM edu.yu.dbimpl.file.Page setString
INFO: setString called with offset: 1200 and String: Hello, World!60
Sep 26, 2023 4:20:21 PM edu.yu.dbimpl.file.Page setString
INFO: setString called with offset: 1220 and String: Hello, World!61
Sep 26, 2023 4:20:21 PM edu.yu.dbimpl.file.Page setString
INFO: setString called with offset: 1240 and String: Hello, World!62
Sep 26, 2023 4:20:21 PM edu.yu.dbimpl.file.Page setString
INFO: setString called with offset: 1260 and String: Hello, World!63
Sep 26, 2023 4:20:21 PM edu.yu.dbimpl.file.Page setString
INFO: setString called with offset: 1280 and String: Hello, World!64
Sep 26, 2023 4:20:21 PM edu.yu.dbimpl.file.Page setString
INFO: setString called with offset: 1300 and String: Hello, World!65
Sep 26, 2023 4:20:21 PM edu.yu.dbimpl.file.Page setString
INFO: setString called with offset: 1320 and String: Hello, World!66
Sep 26, 2023 4:20:21 PM edu.yu.dbimpl.file.Page setString
INFO: setString called with offset: 1340 and String: Hello, World!67
Sep 26, 2023 4:20:21 PM edu.yu.dbimpl.file.Page setString
INFO: setString called with offset: 1360 and String: Hello, World!68
Sep 26, 2023 4:20:21 PM edu.yu.dbimpl.file.Page setString
INFO: setString called with offset: 1380 and String: Hello, World!69
Sep 26, 2023 4:20:21 PM edu.yu.dbimpl.file.Page setString
INFO: setString called with offset: 1400 and String: Hello, World!70
Sep 26, 2023 4:20:21 PM edu.yu.dbimpl.file.Page setString
INFO: setString called with offset: 1420 and String: Hello, World!71
Sep 26, 2023 4:20:21 PM edu.yu.dbimpl.file.Page setString
INFO: setString called with offset: 1440 and String: Hello, World!72
Sep 26, 2023 4:20:21 PM edu.yu.dbimpl.file.Page setString
INFO: setString called with offset: 1460 and String: Hello, World!73
Sep 26, 2023 4:20:21 PM edu.yu.dbimpl.file.Page setString
INFO: setString called with offset: 1480 and String: Hello, World!74
Sep 26, 2023 4:20:21 PM edu.yu.dbimpl.file.Page setString
INFO: setString called with offset: 1500 and String: Hello, World!75
Sep 26, 2023 4:20:21 PM edu.yu.dbimpl.file.Page setString
INFO: setString called with offset: 1520 and String: Hello, World!76
Sep 26, 2023 4:20:21 PM edu.yu.dbimpl.file.Page setString
INFO: setString called with offset: 1540 and String: Hello, World!77
Sep 26, 2023 4:20:21 PM edu.yu.dbimpl.file.Page setString
INFO: setString called with offset: 1560 and String: Hello, World!78
Sep 26, 2023 4:20:21 PM edu.yu.dbimpl.file.Page setString
INFO: setString called with offset: 1580 and String: Hello, World!79
Sep 26, 2023 4:20:21 PM edu.yu.dbimpl.file.Page setString
INFO: setString called with offset: 1600 and String: Hello, World!80
Sep 26, 2023 4:20:21 PM edu.yu.dbimpl.file.Page setString
INFO: setString called with offset: 1620 and String: Hello, World!81
Sep 26, 2023 4:20:21 PM edu.yu.dbimpl.file.Page setString
INFO: setString called with offset: 1640 and String: Hello, World!82
Sep 26, 2023 4:20:21 PM edu.yu.dbimpl.file.Page setString
INFO: setString called with offset: 1660 and String: Hello, World!83
Sep 26, 2023 4:20:21 PM edu.yu.dbimpl.file.Page setString
INFO: setString called with offset: 1680 and String: Hello, World!84
Sep 26, 2023 4:20:21 PM edu.yu.dbimpl.file.Page setString
INFO: setString called with offset: 1700 and String: Hello, World!85
Sep 26, 2023 4:20:21 PM edu.yu.dbimpl.file.Page setString
INFO: setString called with offset: 1720 and String: Hello, World!86
Sep 26, 2023 4:20:21 PM edu.yu.dbimpl.file.Page setString
INFO: setString called with offset: 1740 and String: Hello, World!87
Sep 26, 2023 4:20:21 PM edu.yu.dbimpl.file.Page setString
INFO: setString called with offset: 1760 and String: Hello, World!88
Sep 26, 2023 4:20:21 PM edu.yu.dbimpl.file.Page setString
INFO: setString called with offset: 1780 and String: Hello, World!89
Sep 26, 2023 4:20:21 PM edu.yu.dbimpl.file.Page setString
INFO: setString called with offset: 1800 and String: Hello, World!90
Sep 26, 2023 4:20:21 PM edu.yu.dbimpl.file.Page setString
INFO: setString called with offset: 1820 and String: Hello, World!91
Sep 26, 2023 4:20:21 PM edu.yu.dbimpl.file.Page setString
INFO: setString called with offset: 1840 and String: Hello, World!92
Sep 26, 2023 4:20:21 PM edu.yu.dbimpl.file.Page setString
INFO: setString called with offset: 1860 and String: Hello, World!93
Sep 26, 2023 4:20:21 PM edu.yu.dbimpl.file.Page setString
INFO: setString called with offset: 1880 and String: Hello, World!94
Sep 26, 2023 4:20:21 PM edu.yu.dbimpl.file.Page setString
INFO: setString called with offset: 1900 and String: Hello, World!95
Sep 26, 2023 4:20:21 PM edu.yu.dbimpl.file.Page setString
INFO: setString called with offset: 1920 and String: Hello, World!96
Sep 26, 2023 4:20:21 PM edu.yu.dbimpl.file.Page setString
INFO: setString called with offset: 1940 and String: Hello, World!97
Sep 26, 2023 4:20:21 PM edu.yu.dbimpl.file.Page setString
INFO: setString called with offset: 1960 and String: Hello, World!98
Sep 26, 2023 4:20:21 PM edu.yu.dbimpl.file.Page setString
INFO: setString called with offset: 1980 and String: Hello, World!99
]]></system-err>
  </testcase>
  <testcase name="putInAfewThingsTest" classname="edu.yu.dbimpl.FirstStageTests" time="0">
    <system-err><![CDATA[Sep 26, 2023 4:20:21 PM edu.yu.dbimpl.file.Page <init>
INFO: Page created with blocksize 100
Sep 26, 2023 4:20:21 PM edu.yu.dbimpl.file.Page setInt
INFO: setInt called with offset: 0 and int: 69
Sep 26, 2023 4:20:21 PM edu.yu.dbimpl.file.Page setDouble
INFO: setDouble called with offset: 4 and double: 69.69
Sep 26, 2023 4:20:21 PM edu.yu.dbimpl.file.Page setBoolean
INFO: setBoolean called with offset: 12 and boolean: true
Sep 26, 2023 4:20:21 PM edu.yu.dbimpl.file.Page setString
INFO: setString called with offset: 16 and String: Hello, World!
Sep 26, 2023 4:20:21 PM edu.yu.dbimpl.file.Page getInt
INFO: getInt called with offset: 0
Sep 26, 2023 4:20:21 PM edu.yu.dbimpl.file.Page getDouble
INFO: getDouble called with offset: 4
Sep 26, 2023 4:20:21 PM edu.yu.dbimpl.file.Page getBoolean
INFO: getBoolean called with offset: 12
]]></system-err>
  </testcase>
  <testcase name="putInAfewMoreThings" classname="edu.yu.dbimpl.FirstStageTests" time="0.005">
    <system-err><![CDATA[Sep 26, 2023 4:20:21 PM edu.yu.dbimpl.file.Page <init>
INFO: Page created with blocksize 1000
Sep 26, 2023 4:20:21 PM edu.yu.dbimpl.file.Page setInt
INFO: setInt called with offset: 0 and int: 100
Sep 26, 2023 4:20:21 PM edu.yu.dbimpl.file.Page setInt
INFO: setInt called with offset: 4 and int: 104
Sep 26, 2023 4:20:21 PM edu.yu.dbimpl.file.Page setInt
INFO: setInt called with offset: 8 and int: 108
Sep 26, 2023 4:20:21 PM edu.yu.dbimpl.file.Page setInt
INFO: setInt called with offset: 12 and int: 112
Sep 26, 2023 4:20:21 PM edu.yu.dbimpl.file.Page setInt
INFO: setInt called with offset: 16 and int: 116
Sep 26, 2023 4:20:21 PM edu.yu.dbimpl.file.Page setInt
INFO: setInt called with offset: 20 and int: 120
Sep 26, 2023 4:20:21 PM edu.yu.dbimpl.file.Page setInt
INFO: setInt called with offset: 24 and int: 124
Sep 26, 2023 4:20:21 PM edu.yu.dbimpl.file.Page setInt
INFO: setInt called with offset: 28 and int: 128
Sep 26, 2023 4:20:21 PM edu.yu.dbimpl.file.Page setInt
INFO: setInt called with offset: 32 and int: 132
Sep 26, 2023 4:20:21 PM edu.yu.dbimpl.file.Page setInt
INFO: setInt called with offset: 36 and int: 136
Sep 26, 2023 4:20:21 PM edu.yu.dbimpl.file.Page setInt
INFO: setInt called with offset: 40 and int: 140
Sep 26, 2023 4:20:21 PM edu.yu.dbimpl.file.Page setInt
INFO: setInt called with offset: 44 and int: 144
Sep 26, 2023 4:20:21 PM edu.yu.dbimpl.file.Page setInt
INFO: setInt called with offset: 48 and int: 148
Sep 26, 2023 4:20:21 PM edu.yu.dbimpl.file.Page setInt
INFO: setInt called with offset: 52 and int: 152
Sep 26, 2023 4:20:21 PM edu.yu.dbimpl.file.Page setInt
INFO: setInt called with offset: 56 and int: 156
Sep 26, 2023 4:20:21 PM edu.yu.dbimpl.file.Page setInt
INFO: setInt called with offset: 60 and int: 160
Sep 26, 2023 4:20:21 PM edu.yu.dbimpl.file.Page setInt
INFO: setInt called with offset: 64 and int: 164
Sep 26, 2023 4:20:21 PM edu.yu.dbimpl.file.Page setInt
INFO: setInt called with offset: 68 and int: 168
Sep 26, 2023 4:20:21 PM edu.yu.dbimpl.file.Page setInt
INFO: setInt called with offset: 72 and int: 172
Sep 26, 2023 4:20:21 PM edu.yu.dbimpl.file.Page setInt
INFO: setInt called with offset: 76 and int: 176
Sep 26, 2023 4:20:21 PM edu.yu.dbimpl.file.Page setInt
INFO: setInt called with offset: 80 and int: 180
Sep 26, 2023 4:20:21 PM edu.yu.dbimpl.file.Page setInt
INFO: setInt called with offset: 84 and int: 184
Sep 26, 2023 4:20:21 PM edu.yu.dbimpl.file.Page setInt
INFO: setInt called with offset: 88 and int: 188
Sep 26, 2023 4:20:21 PM edu.yu.dbimpl.file.Page setInt
INFO: setInt called with offset: 92 and int: 192
Sep 26, 2023 4:20:21 PM edu.yu.dbimpl.file.Page setInt
INFO: setInt called with offset: 96 and int: 196
Sep 26, 2023 4:20:21 PM edu.yu.dbimpl.file.Page setInt
INFO: setInt called with offset: 100 and int: 200
Sep 26, 2023 4:20:21 PM edu.yu.dbimpl.file.Page setInt
INFO: setInt called with offset: 104 and int: 204
Sep 26, 2023 4:20:21 PM edu.yu.dbimpl.file.Page setInt
INFO: setInt called with offset: 108 and int: 208
Sep 26, 2023 4:20:21 PM edu.yu.dbimpl.file.Page setInt
INFO: setInt called with offset: 112 and int: 212
Sep 26, 2023 4:20:21 PM edu.yu.dbimpl.file.Page setInt
INFO: setInt called with offset: 116 and int: 216
Sep 26, 2023 4:20:21 PM edu.yu.dbimpl.file.Page setInt
INFO: setInt called with offset: 120 and int: 220
Sep 26, 2023 4:20:21 PM edu.yu.dbimpl.file.Page setInt
INFO: setInt called with offset: 124 and int: 224
Sep 26, 2023 4:20:21 PM edu.yu.dbimpl.file.Page setInt
INFO: setInt called with offset: 128 and int: 228
Sep 26, 2023 4:20:21 PM edu.yu.dbimpl.file.Page setInt
INFO: setInt called with offset: 132 and int: 232
Sep 26, 2023 4:20:21 PM edu.yu.dbimpl.file.Page setInt
INFO: setInt called with offset: 136 and int: 236
Sep 26, 2023 4:20:21 PM edu.yu.dbimpl.file.Page setInt
INFO: setInt called with offset: 140 and int: 240
Sep 26, 2023 4:20:21 PM edu.yu.dbimpl.file.Page setInt
INFO: setInt called with offset: 144 and int: 244
Sep 26, 2023 4:20:21 PM edu.yu.dbimpl.file.Page setInt
INFO: setInt called with offset: 148 and int: 248
Sep 26, 2023 4:20:21 PM edu.yu.dbimpl.file.Page setInt
INFO: setInt called with offset: 152 and int: 252
Sep 26, 2023 4:20:21 PM edu.yu.dbimpl.file.Page setInt
INFO: setInt called with offset: 156 and int: 256
Sep 26, 2023 4:20:21 PM edu.yu.dbimpl.file.Page setInt
INFO: setInt called with offset: 160 and int: 260
Sep 26, 2023 4:20:21 PM edu.yu.dbimpl.file.Page setInt
INFO: setInt called with offset: 164 and int: 264
Sep 26, 2023 4:20:21 PM edu.yu.dbimpl.file.Page setInt
INFO: setInt called with offset: 168 and int: 268
Sep 26, 2023 4:20:21 PM edu.yu.dbimpl.file.Page setInt
INFO: setInt called with offset: 172 and int: 272
Sep 26, 2023 4:20:21 PM edu.yu.dbimpl.file.Page setInt
INFO: setInt called with offset: 176 and int: 276
Sep 26, 2023 4:20:21 PM edu.yu.dbimpl.file.Page setInt
INFO: setInt called with offset: 180 and int: 280
Sep 26, 2023 4:20:21 PM edu.yu.dbimpl.file.Page setInt
INFO: setInt called with offset: 184 and int: 284
Sep 26, 2023 4:20:21 PM edu.yu.dbimpl.file.Page setInt
INFO: setInt called with offset: 188 and int: 288
Sep 26, 2023 4:20:21 PM edu.yu.dbimpl.file.Page setInt
INFO: setInt called with offset: 192 and int: 292
Sep 26, 2023 4:20:21 PM edu.yu.dbimpl.file.Page setInt
INFO: setInt called with offset: 196 and int: 296
Sep 26, 2023 4:20:21 PM edu.yu.dbimpl.file.Page setInt
INFO: setInt called with offset: 200 and int: 300
Sep 26, 2023 4:20:21 PM edu.yu.dbimpl.file.Page setInt
INFO: setInt called with offset: 204 and int: 304
Sep 26, 2023 4:20:21 PM edu.yu.dbimpl.file.Page setInt
INFO: setInt called with offset: 208 and int: 308
Sep 26, 2023 4:20:21 PM edu.yu.dbimpl.file.Page setInt
INFO: setInt called with offset: 212 and int: 312
Sep 26, 2023 4:20:21 PM edu.yu.dbimpl.file.Page setInt
INFO: setInt called with offset: 216 and int: 316
Sep 26, 2023 4:20:21 PM edu.yu.dbimpl.file.Page setInt
INFO: setInt called with offset: 220 and int: 320
Sep 26, 2023 4:20:21 PM edu.yu.dbimpl.file.Page setInt
INFO: setInt called with offset: 224 and int: 324
Sep 26, 2023 4:20:21 PM edu.yu.dbimpl.file.Page setInt
INFO: setInt called with offset: 228 and int: 328
Sep 26, 2023 4:20:21 PM edu.yu.dbimpl.file.Page setInt
INFO: setInt called with offset: 232 and int: 332
Sep 26, 2023 4:20:21 PM edu.yu.dbimpl.file.Page setInt
INFO: setInt called with offset: 236 and int: 336
Sep 26, 2023 4:20:21 PM edu.yu.dbimpl.file.Page setInt
INFO: setInt called with offset: 240 and int: 340
Sep 26, 2023 4:20:21 PM edu.yu.dbimpl.file.Page setInt
INFO: setInt called with offset: 244 and int: 344
Sep 26, 2023 4:20:21 PM edu.yu.dbimpl.file.Page setInt
INFO: setInt called with offset: 248 and int: 348
Sep 26, 2023 4:20:21 PM edu.yu.dbimpl.file.Page setInt
INFO: setInt called with offset: 252 and int: 352
Sep 26, 2023 4:20:21 PM edu.yu.dbimpl.file.Page setInt
INFO: setInt called with offset: 256 and int: 356
Sep 26, 2023 4:20:21 PM edu.yu.dbimpl.file.Page setInt
INFO: setInt called with offset: 260 and int: 360
Sep 26, 2023 4:20:21 PM edu.yu.dbimpl.file.Page setInt
INFO: setInt called with offset: 264 and int: 364
Sep 26, 2023 4:20:21 PM edu.yu.dbimpl.file.Page setInt
INFO: setInt called with offset: 268 and int: 368
Sep 26, 2023 4:20:21 PM edu.yu.dbimpl.file.Page setInt
INFO: setInt called with offset: 272 and int: 372
Sep 26, 2023 4:20:21 PM edu.yu.dbimpl.file.Page setInt
INFO: setInt called with offset: 276 and int: 376
Sep 26, 2023 4:20:21 PM edu.yu.dbimpl.file.Page setInt
INFO: setInt called with offset: 280 and int: 380
Sep 26, 2023 4:20:21 PM edu.yu.dbimpl.file.Page setInt
INFO: setInt called with offset: 284 and int: 384
Sep 26, 2023 4:20:21 PM edu.yu.dbimpl.file.Page setInt
INFO: setInt called with offset: 288 and int: 388
Sep 26, 2023 4:20:21 PM edu.yu.dbimpl.file.Page setInt
INFO: setInt called with offset: 292 and int: 392
Sep 26, 2023 4:20:21 PM edu.yu.dbimpl.file.Page setInt
INFO: setInt called with offset: 296 and int: 396
Sep 26, 2023 4:20:21 PM edu.yu.dbimpl.file.Page setInt
INFO: setInt called with offset: 300 and int: 400
Sep 26, 2023 4:20:21 PM edu.yu.dbimpl.file.Page setInt
INFO: setInt called with offset: 304 and int: 404
Sep 26, 2023 4:20:21 PM edu.yu.dbimpl.file.Page setInt
INFO: setInt called with offset: 308 and int: 408
Sep 26, 2023 4:20:21 PM edu.yu.dbimpl.file.Page setInt
INFO: setInt called with offset: 312 and int: 412
Sep 26, 2023 4:20:21 PM edu.yu.dbimpl.file.Page setInt
INFO: setInt called with offset: 316 and int: 416
Sep 26, 2023 4:20:21 PM edu.yu.dbimpl.file.Page setInt
INFO: setInt called with offset: 320 and int: 420
Sep 26, 2023 4:20:21 PM edu.yu.dbimpl.file.Page setInt
INFO: setInt called with offset: 324 and int: 424
Sep 26, 2023 4:20:21 PM edu.yu.dbimpl.file.Page setInt
INFO: setInt called with offset: 328 and int: 428
Sep 26, 2023 4:20:21 PM edu.yu.dbimpl.file.Page setInt
INFO: setInt called with offset: 332 and int: 432
Sep 26, 2023 4:20:21 PM edu.yu.dbimpl.file.Page setInt
INFO: setInt called with offset: 336 and int: 436
Sep 26, 2023 4:20:21 PM edu.yu.dbimpl.file.Page setInt
INFO: setInt called with offset: 340 and int: 440
Sep 26, 2023 4:20:21 PM edu.yu.dbimpl.file.Page setInt
INFO: setInt called with offset: 344 and int: 444
Sep 26, 2023 4:20:21 PM edu.yu.dbimpl.file.Page setInt
INFO: setInt called with offset: 348 and int: 448
Sep 26, 2023 4:20:21 PM edu.yu.dbimpl.file.Page setInt
INFO: setInt called with offset: 352 and int: 452
Sep 26, 2023 4:20:21 PM edu.yu.dbimpl.file.Page setInt
INFO: setInt called with offset: 356 and int: 456
Sep 26, 2023 4:20:21 PM edu.yu.dbimpl.file.Page setInt
INFO: setInt called with offset: 360 and int: 460
Sep 26, 2023 4:20:21 PM edu.yu.dbimpl.file.Page setInt
INFO: setInt called with offset: 364 and int: 464
Sep 26, 2023 4:20:21 PM edu.yu.dbimpl.file.Page setInt
INFO: setInt called with offset: 368 and int: 468
Sep 26, 2023 4:20:21 PM edu.yu.dbimpl.file.Page setInt
INFO: setInt called with offset: 372 and int: 472
Sep 26, 2023 4:20:21 PM edu.yu.dbimpl.file.Page setInt
INFO: setInt called with offset: 376 and int: 476
Sep 26, 2023 4:20:21 PM edu.yu.dbimpl.file.Page setInt
INFO: setInt called with offset: 380 and int: 480
Sep 26, 2023 4:20:21 PM edu.yu.dbimpl.file.Page setInt
INFO: setInt called with offset: 384 and int: 484
Sep 26, 2023 4:20:21 PM edu.yu.dbimpl.file.Page setInt
INFO: setInt called with offset: 388 and int: 488
Sep 26, 2023 4:20:21 PM edu.yu.dbimpl.file.Page setInt
INFO: setInt called with offset: 392 and int: 492
Sep 26, 2023 4:20:21 PM edu.yu.dbimpl.file.Page setInt
INFO: setInt called with offset: 396 and int: 496
Sep 26, 2023 4:20:21 PM edu.yu.dbimpl.file.Page setInt
INFO: setInt called with offset: 400 and int: 500
Sep 26, 2023 4:20:21 PM edu.yu.dbimpl.file.Page setInt
INFO: setInt called with offset: 404 and int: 504
Sep 26, 2023 4:20:21 PM edu.yu.dbimpl.file.Page setInt
INFO: setInt called with offset: 408 and int: 508
Sep 26, 2023 4:20:21 PM edu.yu.dbimpl.file.Page setInt
INFO: setInt called with offset: 412 and int: 512
Sep 26, 2023 4:20:21 PM edu.yu.dbimpl.file.Page setInt
INFO: setInt called with offset: 416 and int: 516
Sep 26, 2023 4:20:21 PM edu.yu.dbimpl.file.Page setInt
INFO: setInt called with offset: 420 and int: 520
Sep 26, 2023 4:20:21 PM edu.yu.dbimpl.file.Page setInt
INFO: setInt called with offset: 424 and int: 524
Sep 26, 2023 4:20:21 PM edu.yu.dbimpl.file.Page setInt
INFO: setInt called with offset: 428 and int: 528
Sep 26, 2023 4:20:21 PM edu.yu.dbimpl.file.Page setInt
INFO: setInt called with offset: 432 and int: 532
Sep 26, 2023 4:20:21 PM edu.yu.dbimpl.file.Page setInt
INFO: setInt called with offset: 436 and int: 536
Sep 26, 2023 4:20:21 PM edu.yu.dbimpl.file.Page setInt
INFO: setInt called with offset: 440 and int: 540
Sep 26, 2023 4:20:21 PM edu.yu.dbimpl.file.Page setInt
INFO: setInt called with offset: 444 and int: 544
Sep 26, 2023 4:20:21 PM edu.yu.dbimpl.file.Page setInt
INFO: setInt called with offset: 448 and int: 548
Sep 26, 2023 4:20:21 PM edu.yu.dbimpl.file.Page setInt
INFO: setInt called with offset: 452 and int: 552
Sep 26, 2023 4:20:21 PM edu.yu.dbimpl.file.Page setInt
INFO: setInt called with offset: 456 and int: 556
Sep 26, 2023 4:20:21 PM edu.yu.dbimpl.file.Page setInt
INFO: setInt called with offset: 460 and int: 560
Sep 26, 2023 4:20:21 PM edu.yu.dbimpl.file.Page setInt
INFO: setInt called with offset: 464 and int: 564
Sep 26, 2023 4:20:21 PM edu.yu.dbimpl.file.Page setInt
INFO: setInt called with offset: 468 and int: 568
Sep 26, 2023 4:20:21 PM edu.yu.dbimpl.file.Page setInt
INFO: setInt called with offset: 472 and int: 572
Sep 26, 2023 4:20:21 PM edu.yu.dbimpl.file.Page setInt
INFO: setInt called with offset: 476 and int: 576
Sep 26, 2023 4:20:21 PM edu.yu.dbimpl.file.Page setInt
INFO: setInt called with offset: 480 and int: 580
Sep 26, 2023 4:20:21 PM edu.yu.dbimpl.file.Page setInt
INFO: setInt called with offset: 484 and int: 584
Sep 26, 2023 4:20:21 PM edu.yu.dbimpl.file.Page setInt
INFO: setInt called with offset: 488 and int: 588
Sep 26, 2023 4:20:21 PM edu.yu.dbimpl.file.Page setInt
INFO: setInt called with offset: 492 and int: 592
Sep 26, 2023 4:20:21 PM edu.yu.dbimpl.file.Page setInt
INFO: setInt called with offset: 496 and int: 596
Sep 26, 2023 4:20:21 PM edu.yu.dbimpl.file.Page setInt
INFO: setInt called with offset: 500 and int: 600
Sep 26, 2023 4:20:21 PM edu.yu.dbimpl.file.Page setInt
INFO: setInt called with offset: 504 and int: 604
Sep 26, 2023 4:20:21 PM edu.yu.dbimpl.file.Page setInt
INFO: setInt called with offset: 508 and int: 608
Sep 26, 2023 4:20:21 PM edu.yu.dbimpl.file.Page setInt
INFO: setInt called with offset: 512 and int: 612
Sep 26, 2023 4:20:21 PM edu.yu.dbimpl.file.Page setInt
INFO: setInt called with offset: 516 and int: 616
Sep 26, 2023 4:20:21 PM edu.yu.dbimpl.file.Page setInt
INFO: setInt called with offset: 520 and int: 620
Sep 26, 2023 4:20:21 PM edu.yu.dbimpl.file.Page setInt
INFO: setInt called with offset: 524 and int: 624
Sep 26, 2023 4:20:21 PM edu.yu.dbimpl.file.Page setInt
INFO: setInt called with offset: 528 and int: 628
Sep 26, 2023 4:20:21 PM edu.yu.dbimpl.file.Page setInt
INFO: setInt called with offset: 532 and int: 632
Sep 26, 2023 4:20:21 PM edu.yu.dbimpl.file.Page setInt
INFO: setInt called with offset: 536 and int: 636
Sep 26, 2023 4:20:21 PM edu.yu.dbimpl.file.Page setInt
INFO: setInt called with offset: 540 and int: 640
Sep 26, 2023 4:20:21 PM edu.yu.dbimpl.file.Page setInt
INFO: setInt called with offset: 544 and int: 644
Sep 26, 2023 4:20:21 PM edu.yu.dbimpl.file.Page setInt
INFO: setInt called with offset: 548 and int: 648
Sep 26, 2023 4:20:21 PM edu.yu.dbimpl.file.Page setInt
INFO: setInt called with offset: 552 and int: 652
Sep 26, 2023 4:20:21 PM edu.yu.dbimpl.file.Page setInt
INFO: setInt called with offset: 556 and int: 656
Sep 26, 2023 4:20:21 PM edu.yu.dbimpl.file.Page setInt
INFO: setInt called with offset: 560 and int: 660
Sep 26, 2023 4:20:21 PM edu.yu.dbimpl.file.Page setInt
INFO: setInt called with offset: 564 and int: 664
Sep 26, 2023 4:20:21 PM edu.yu.dbimpl.file.Page setInt
INFO: setInt called with offset: 568 and int: 668
Sep 26, 2023 4:20:21 PM edu.yu.dbimpl.file.Page setInt
INFO: setInt called with offset: 572 and int: 672
Sep 26, 2023 4:20:21 PM edu.yu.dbimpl.file.Page setInt
INFO: setInt called with offset: 576 and int: 676
Sep 26, 2023 4:20:21 PM edu.yu.dbimpl.file.Page setInt
INFO: setInt called with offset: 580 and int: 680
Sep 26, 2023 4:20:21 PM edu.yu.dbimpl.file.Page setInt
INFO: setInt called with offset: 584 and int: 684
Sep 26, 2023 4:20:21 PM edu.yu.dbimpl.file.Page setInt
INFO: setInt called with offset: 588 and int: 688
Sep 26, 2023 4:20:21 PM edu.yu.dbimpl.file.Page setInt
INFO: setInt called with offset: 592 and int: 692
Sep 26, 2023 4:20:21 PM edu.yu.dbimpl.file.Page setInt
INFO: setInt called with offset: 596 and int: 696
Sep 26, 2023 4:20:21 PM edu.yu.dbimpl.file.Page setInt
INFO: setInt called with offset: 600 and int: 700
Sep 26, 2023 4:20:21 PM edu.yu.dbimpl.file.Page setInt
INFO: setInt called with offset: 604 and int: 704
Sep 26, 2023 4:20:21 PM edu.yu.dbimpl.file.Page setInt
INFO: setInt called with offset: 608 and int: 708
Sep 26, 2023 4:20:21 PM edu.yu.dbimpl.file.Page setInt
INFO: setInt called with offset: 612 and int: 712
Sep 26, 2023 4:20:21 PM edu.yu.dbimpl.file.Page setInt
INFO: setInt called with offset: 616 and int: 716
Sep 26, 2023 4:20:21 PM edu.yu.dbimpl.file.Page setInt
INFO: setInt called with offset: 620 and int: 720
Sep 26, 2023 4:20:21 PM edu.yu.dbimpl.file.Page setInt
INFO: setInt called with offset: 624 and int: 724
Sep 26, 2023 4:20:21 PM edu.yu.dbimpl.file.Page setInt
INFO: setInt called with offset: 628 and int: 728
Sep 26, 2023 4:20:21 PM edu.yu.dbimpl.file.Page setInt
INFO: setInt called with offset: 632 and int: 732
Sep 26, 2023 4:20:21 PM edu.yu.dbimpl.file.Page setInt
INFO: setInt called with offset: 636 and int: 736
Sep 26, 2023 4:20:21 PM edu.yu.dbimpl.file.Page setInt
INFO: setInt called with offset: 640 and int: 740
Sep 26, 2023 4:20:21 PM edu.yu.dbimpl.file.Page setInt
INFO: setInt called with offset: 644 and int: 744
Sep 26, 2023 4:20:21 PM edu.yu.dbimpl.file.Page setInt
INFO: setInt called with offset: 648 and int: 748
Sep 26, 2023 4:20:21 PM edu.yu.dbimpl.file.Page setInt
INFO: setInt called with offset: 652 and int: 752
Sep 26, 2023 4:20:21 PM edu.yu.dbimpl.file.Page setInt
INFO: setInt called with offset: 656 and int: 756
Sep 26, 2023 4:20:21 PM edu.yu.dbimpl.file.Page setInt
INFO: setInt called with offset: 660 and int: 760
Sep 26, 2023 4:20:21 PM edu.yu.dbimpl.file.Page setInt
INFO: setInt called with offset: 664 and int: 764
Sep 26, 2023 4:20:21 PM edu.yu.dbimpl.file.Page setInt
INFO: setInt called with offset: 668 and int: 768
Sep 26, 2023 4:20:21 PM edu.yu.dbimpl.file.Page setInt
INFO: setInt called with offset: 672 and int: 772
Sep 26, 2023 4:20:21 PM edu.yu.dbimpl.file.Page setInt
INFO: setInt called with offset: 676 and int: 776
Sep 26, 2023 4:20:21 PM edu.yu.dbimpl.file.Page setInt
INFO: setInt called with offset: 680 and int: 780
Sep 26, 2023 4:20:21 PM edu.yu.dbimpl.file.Page setInt
INFO: setInt called with offset: 684 and int: 784
Sep 26, 2023 4:20:21 PM edu.yu.dbimpl.file.Page setInt
INFO: setInt called with offset: 688 and int: 788
Sep 26, 2023 4:20:21 PM edu.yu.dbimpl.file.Page setInt
INFO: setInt called with offset: 692 and int: 792
Sep 26, 2023 4:20:21 PM edu.yu.dbimpl.file.Page setInt
INFO: setInt called with offset: 696 and int: 796
Sep 26, 2023 4:20:21 PM edu.yu.dbimpl.file.Page setInt
INFO: setInt called with offset: 700 and int: 800
Sep 26, 2023 4:20:21 PM edu.yu.dbimpl.file.Page setInt
INFO: setInt called with offset: 704 and int: 804
Sep 26, 2023 4:20:21 PM edu.yu.dbimpl.file.Page setInt
INFO: setInt called with offset: 708 and int: 808
Sep 26, 2023 4:20:21 PM edu.yu.dbimpl.file.Page setInt
INFO: setInt called with offset: 712 and int: 812
Sep 26, 2023 4:20:21 PM edu.yu.dbimpl.file.Page setInt
INFO: setInt called with offset: 716 and int: 816
Sep 26, 2023 4:20:21 PM edu.yu.dbimpl.file.Page setInt
INFO: setInt called with offset: 720 and int: 820
Sep 26, 2023 4:20:21 PM edu.yu.dbimpl.file.Page setInt
INFO: setInt called with offset: 724 and int: 824
Sep 26, 2023 4:20:21 PM edu.yu.dbimpl.file.Page setInt
INFO: setInt called with offset: 728 and int: 828
Sep 26, 2023 4:20:21 PM edu.yu.dbimpl.file.Page setInt
INFO: setInt called with offset: 732 and int: 832
Sep 26, 2023 4:20:21 PM edu.yu.dbimpl.file.Page setInt
INFO: setInt called with offset: 736 and int: 836
Sep 26, 2023 4:20:21 PM edu.yu.dbimpl.file.Page setInt
INFO: setInt called with offset: 740 and int: 840
Sep 26, 2023 4:20:21 PM edu.yu.dbimpl.file.Page setInt
INFO: setInt called with offset: 744 and int: 844
Sep 26, 2023 4:20:21 PM edu.yu.dbimpl.file.Page setInt
INFO: setInt called with offset: 748 and int: 848
Sep 26, 2023 4:20:21 PM edu.yu.dbimpl.file.Page setInt
INFO: setInt called with offset: 752 and int: 852
Sep 26, 2023 4:20:21 PM edu.yu.dbimpl.file.Page setInt
INFO: setInt called with offset: 756 and int: 856
Sep 26, 2023 4:20:21 PM edu.yu.dbimpl.file.Page setInt
INFO: setInt called with offset: 760 and int: 860
Sep 26, 2023 4:20:21 PM edu.yu.dbimpl.file.Page setInt
INFO: setInt called with offset: 764 and int: 864
Sep 26, 2023 4:20:21 PM edu.yu.dbimpl.file.Page setInt
INFO: setInt called with offset: 768 and int: 868
Sep 26, 2023 4:20:21 PM edu.yu.dbimpl.file.Page setInt
INFO: setInt called with offset: 772 and int: 872
Sep 26, 2023 4:20:21 PM edu.yu.dbimpl.file.Page setInt
INFO: setInt called with offset: 776 and int: 876
Sep 26, 2023 4:20:21 PM edu.yu.dbimpl.file.Page setInt
INFO: setInt called with offset: 780 and int: 880
Sep 26, 2023 4:20:21 PM edu.yu.dbimpl.file.Page setInt
INFO: setInt called with offset: 784 and int: 884
Sep 26, 2023 4:20:21 PM edu.yu.dbimpl.file.Page setInt
INFO: setInt called with offset: 788 and int: 888
Sep 26, 2023 4:20:21 PM edu.yu.dbimpl.file.Page setInt
INFO: setInt called with offset: 792 and int: 892
Sep 26, 2023 4:20:21 PM edu.yu.dbimpl.file.Page setInt
INFO: setInt called with offset: 796 and int: 896
Sep 26, 2023 4:20:21 PM edu.yu.dbimpl.file.Page setInt
INFO: setInt called with offset: 800 and int: 900
Sep 26, 2023 4:20:21 PM edu.yu.dbimpl.file.Page setInt
INFO: setInt called with offset: 804 and int: 904
Sep 26, 2023 4:20:21 PM edu.yu.dbimpl.file.Page setInt
INFO: setInt called with offset: 808 and int: 908
Sep 26, 2023 4:20:21 PM edu.yu.dbimpl.file.Page setInt
INFO: setInt called with offset: 812 and int: 912
Sep 26, 2023 4:20:21 PM edu.yu.dbimpl.file.Page setInt
INFO: setInt called with offset: 816 and int: 916
Sep 26, 2023 4:20:21 PM edu.yu.dbimpl.file.Page setInt
INFO: setInt called with offset: 820 and int: 920
Sep 26, 2023 4:20:21 PM edu.yu.dbimpl.file.Page setInt
INFO: setInt called with offset: 824 and int: 924
Sep 26, 2023 4:20:21 PM edu.yu.dbimpl.file.Page setInt
INFO: setInt called with offset: 828 and int: 928
Sep 26, 2023 4:20:21 PM edu.yu.dbimpl.file.Page setInt
INFO: setInt called with offset: 832 and int: 932
Sep 26, 2023 4:20:21 PM edu.yu.dbimpl.file.Page setInt
INFO: setInt called with offset: 836 and int: 936
Sep 26, 2023 4:20:21 PM edu.yu.dbimpl.file.Page setInt
INFO: setInt called with offset: 840 and int: 940
Sep 26, 2023 4:20:21 PM edu.yu.dbimpl.file.Page setInt
INFO: setInt called with offset: 844 and int: 944
Sep 26, 2023 4:20:21 PM edu.yu.dbimpl.file.Page setInt
INFO: setInt called with offset: 848 and int: 948
Sep 26, 2023 4:20:21 PM edu.yu.dbimpl.file.Page setInt
INFO: setInt called with offset: 852 and int: 952
Sep 26, 2023 4:20:21 PM edu.yu.dbimpl.file.Page setInt
INFO: setInt called with offset: 856 and int: 956
Sep 26, 2023 4:20:21 PM edu.yu.dbimpl.file.Page setInt
INFO: setInt called with offset: 860 and int: 960
Sep 26, 2023 4:20:21 PM edu.yu.dbimpl.file.Page setInt
INFO: setInt called with offset: 864 and int: 964
Sep 26, 2023 4:20:21 PM edu.yu.dbimpl.file.Page setInt
INFO: setInt called with offset: 868 and int: 968
Sep 26, 2023 4:20:21 PM edu.yu.dbimpl.file.Page setInt
INFO: setInt called with offset: 872 and int: 972
Sep 26, 2023 4:20:21 PM edu.yu.dbimpl.file.Page setInt
INFO: setInt called with offset: 876 and int: 976
Sep 26, 2023 4:20:21 PM edu.yu.dbimpl.file.Page setInt
INFO: setInt called with offset: 880 and int: 980
Sep 26, 2023 4:20:21 PM edu.yu.dbimpl.file.Page setInt
INFO: setInt called with offset: 884 and int: 984
Sep 26, 2023 4:20:21 PM edu.yu.dbimpl.file.Page setInt
INFO: setInt called with offset: 888 and int: 988
Sep 26, 2023 4:20:21 PM edu.yu.dbimpl.file.Page setInt
INFO: setInt called with offset: 892 and int: 992
Sep 26, 2023 4:20:21 PM edu.yu.dbimpl.file.Page setInt
INFO: setInt called with offset: 896 and int: 996
Sep 26, 2023 4:20:21 PM edu.yu.dbimpl.file.Page setInt
INFO: setInt called with offset: 900 and int: 1000
Sep 26, 2023 4:20:21 PM edu.yu.dbimpl.file.Page setInt
INFO: setInt called with offset: 904 and int: 1004
Sep 26, 2023 4:20:21 PM edu.yu.dbimpl.file.Page setInt
INFO: setInt called with offset: 908 and int: 1008
Sep 26, 2023 4:20:21 PM edu.yu.dbimpl.file.Page setInt
INFO: setInt called with offset: 912 and int: 1012
Sep 26, 2023 4:20:21 PM edu.yu.dbimpl.file.Page setInt
INFO: setInt called with offset: 916 and int: 1016
Sep 26, 2023 4:20:21 PM edu.yu.dbimpl.file.Page setInt
INFO: setInt called with offset: 920 and int: 1020
Sep 26, 2023 4:20:21 PM edu.yu.dbimpl.file.Page setInt
INFO: setInt called with offset: 924 and int: 1024
Sep 26, 2023 4:20:21 PM edu.yu.dbimpl.file.Page setInt
INFO: setInt called with offset: 928 and int: 1028
Sep 26, 2023 4:20:21 PM edu.yu.dbimpl.file.Page setInt
INFO: setInt called with offset: 932 and int: 1032
Sep 26, 2023 4:20:21 PM edu.yu.dbimpl.file.Page setInt
INFO: setInt called with offset: 936 and int: 1036
Sep 26, 2023 4:20:21 PM edu.yu.dbimpl.file.Page setInt
INFO: setInt called with offset: 940 and int: 1040
Sep 26, 2023 4:20:21 PM edu.yu.dbimpl.file.Page setInt
INFO: setInt called with offset: 944 and int: 1044
Sep 26, 2023 4:20:21 PM edu.yu.dbimpl.file.Page setInt
INFO: setInt called with offset: 948 and int: 1048
Sep 26, 2023 4:20:21 PM edu.yu.dbimpl.file.Page setInt
INFO: setInt called with offset: 952 and int: 1052
Sep 26, 2023 4:20:21 PM edu.yu.dbimpl.file.Page setInt
INFO: setInt called with offset: 956 and int: 1056
Sep 26, 2023 4:20:21 PM edu.yu.dbimpl.file.Page setInt
INFO: setInt called with offset: 960 and int: 1060
Sep 26, 2023 4:20:21 PM edu.yu.dbimpl.file.Page setInt
INFO: setInt called with offset: 964 and int: 1064
Sep 26, 2023 4:20:21 PM edu.yu.dbimpl.file.Page setInt
INFO: setInt called with offset: 968 and int: 1068
Sep 26, 2023 4:20:21 PM edu.yu.dbimpl.file.Page setInt
INFO: setInt called with offset: 972 and int: 1072
Sep 26, 2023 4:20:21 PM edu.yu.dbimpl.file.Page setInt
INFO: setInt called with offset: 976 and int: 1076
Sep 26, 2023 4:20:21 PM edu.yu.dbimpl.file.Page setInt
INFO: setInt called with offset: 980 and int: 1080
Sep 26, 2023 4:20:21 PM edu.yu.dbimpl.file.Page setInt
INFO: setInt called with offset: 984 and int: 1084
Sep 26, 2023 4:20:21 PM edu.yu.dbimpl.file.Page setInt
INFO: setInt called with offset: 988 and int: 1088
Sep 26, 2023 4:20:21 PM edu.yu.dbimpl.file.Page setInt
INFO: setInt called with offset: 992 and int: 1092
Sep 26, 2023 4:20:21 PM edu.yu.dbimpl.file.Page setInt
INFO: setInt called with offset: 996 and int: 1096
Sep 26, 2023 4:20:21 PM edu.yu.dbimpl.file.Page getInt
INFO: getInt called with offset: 0
Sep 26, 2023 4:20:21 PM edu.yu.dbimpl.file.Page getInt
INFO: getInt called with offset: 4
Sep 26, 2023 4:20:21 PM edu.yu.dbimpl.file.Page getInt
INFO: getInt called with offset: 8
Sep 26, 2023 4:20:21 PM edu.yu.dbimpl.file.Page getInt
INFO: getInt called with offset: 12
Sep 26, 2023 4:20:21 PM edu.yu.dbimpl.file.Page getInt
INFO: getInt called with offset: 16
Sep 26, 2023 4:20:21 PM edu.yu.dbimpl.file.Page getInt
INFO: getInt called with offset: 20
Sep 26, 2023 4:20:21 PM edu.yu.dbimpl.file.Page getInt
INFO: getInt called with offset: 24
Sep 26, 2023 4:20:21 PM edu.yu.dbimpl.file.Page getInt
INFO: getInt called with offset: 28
Sep 26, 2023 4:20:21 PM edu.yu.dbimpl.file.Page getInt
INFO: getInt called with offset: 32
Sep 26, 2023 4:20:21 PM edu.yu.dbimpl.file.Page getInt
INFO: getInt called with offset: 36
Sep 26, 2023 4:20:21 PM edu.yu.dbimpl.file.Page getInt
INFO: getInt called with offset: 40
Sep 26, 2023 4:20:21 PM edu.yu.dbimpl.file.Page getInt
INFO: getInt called with offset: 44
Sep 26, 2023 4:20:21 PM edu.yu.dbimpl.file.Page getInt
INFO: getInt called with offset: 48
Sep 26, 2023 4:20:21 PM edu.yu.dbimpl.file.Page getInt
INFO: getInt called with offset: 52
Sep 26, 2023 4:20:21 PM edu.yu.dbimpl.file.Page getInt
INFO: getInt called with offset: 56
Sep 26, 2023 4:20:21 PM edu.yu.dbimpl.file.Page getInt
INFO: getInt called with offset: 60
Sep 26, 2023 4:20:21 PM edu.yu.dbimpl.file.Page getInt
INFO: getInt called with offset: 64
Sep 26, 2023 4:20:21 PM edu.yu.dbimpl.file.Page getInt
INFO: getInt called with offset: 68
Sep 26, 2023 4:20:21 PM edu.yu.dbimpl.file.Page getInt
INFO: getInt called with offset: 72
Sep 26, 2023 4:20:21 PM edu.yu.dbimpl.file.Page getInt
INFO: getInt called with offset: 76
Sep 26, 2023 4:20:21 PM edu.yu.dbimpl.file.Page getInt
INFO: getInt called with offset: 80
Sep 26, 2023 4:20:21 PM edu.yu.dbimpl.file.Page getInt
INFO: getInt called with offset: 84
Sep 26, 2023 4:20:21 PM edu.yu.dbimpl.file.Page getInt
INFO: getInt called with offset: 88
Sep 26, 2023 4:20:21 PM edu.yu.dbimpl.file.Page getInt
INFO: getInt called with offset: 92
Sep 26, 2023 4:20:21 PM edu.yu.dbimpl.file.Page getInt
INFO: getInt called with offset: 96
Sep 26, 2023 4:20:21 PM edu.yu.dbimpl.file.Page getInt
INFO: getInt called with offset: 100
Sep 26, 2023 4:20:21 PM edu.yu.dbimpl.file.Page getInt
INFO: getInt called with offset: 104
Sep 26, 2023 4:20:21 PM edu.yu.dbimpl.file.Page getInt
INFO: getInt called with offset: 108
Sep 26, 2023 4:20:21 PM edu.yu.dbimpl.file.Page getInt
INFO: getInt called with offset: 112
Sep 26, 2023 4:20:21 PM edu.yu.dbimpl.file.Page getInt
INFO: getInt called with offset: 116
Sep 26, 2023 4:20:21 PM edu.yu.dbimpl.file.Page getInt
INFO: getInt called with offset: 120
Sep 26, 2023 4:20:21 PM edu.yu.dbimpl.file.Page getInt
INFO: getInt called with offset: 124
Sep 26, 2023 4:20:21 PM edu.yu.dbimpl.file.Page getInt
INFO: getInt called with offset: 128
Sep 26, 2023 4:20:21 PM edu.yu.dbimpl.file.Page getInt
INFO: getInt called with offset: 132
Sep 26, 2023 4:20:21 PM edu.yu.dbimpl.file.Page getInt
INFO: getInt called with offset: 136
Sep 26, 2023 4:20:21 PM edu.yu.dbimpl.file.Page getInt
INFO: getInt called with offset: 140
Sep 26, 2023 4:20:21 PM edu.yu.dbimpl.file.Page getInt
INFO: getInt called with offset: 144
Sep 26, 2023 4:20:21 PM edu.yu.dbimpl.file.Page getInt
INFO: getInt called with offset: 148
Sep 26, 2023 4:20:21 PM edu.yu.dbimpl.file.Page getInt
INFO: getInt called with offset: 152
Sep 26, 2023 4:20:21 PM edu.yu.dbimpl.file.Page getInt
INFO: getInt called with offset: 156
Sep 26, 2023 4:20:21 PM edu.yu.dbimpl.file.Page getInt
INFO: getInt called with offset: 160
Sep 26, 2023 4:20:21 PM edu.yu.dbimpl.file.Page getInt
INFO: getInt called with offset: 164
Sep 26, 2023 4:20:21 PM edu.yu.dbimpl.file.Page getInt
INFO: getInt called with offset: 168
Sep 26, 2023 4:20:21 PM edu.yu.dbimpl.file.Page getInt
INFO: getInt called with offset: 172
Sep 26, 2023 4:20:21 PM edu.yu.dbimpl.file.Page getInt
INFO: getInt called with offset: 176
Sep 26, 2023 4:20:21 PM edu.yu.dbimpl.file.Page getInt
INFO: getInt called with offset: 180
Sep 26, 2023 4:20:21 PM edu.yu.dbimpl.file.Page getInt
INFO: getInt called with offset: 184
Sep 26, 2023 4:20:21 PM edu.yu.dbimpl.file.Page getInt
INFO: getInt called with offset: 188
Sep 26, 2023 4:20:21 PM edu.yu.dbimpl.file.Page getInt
INFO: getInt called with offset: 192
Sep 26, 2023 4:20:21 PM edu.yu.dbimpl.file.Page getInt
INFO: getInt called with offset: 196
Sep 26, 2023 4:20:21 PM edu.yu.dbimpl.file.Page getInt
INFO: getInt called with offset: 200
Sep 26, 2023 4:20:21 PM edu.yu.dbimpl.file.Page getInt
INFO: getInt called with offset: 204
Sep 26, 2023 4:20:21 PM edu.yu.dbimpl.file.Page getInt
INFO: getInt called with offset: 208
Sep 26, 2023 4:20:21 PM edu.yu.dbimpl.file.Page getInt
INFO: getInt called with offset: 212
Sep 26, 2023 4:20:21 PM edu.yu.dbimpl.file.Page getInt
INFO: getInt called with offset: 216
Sep 26, 2023 4:20:21 PM edu.yu.dbimpl.file.Page getInt
INFO: getInt called with offset: 220
Sep 26, 2023 4:20:21 PM edu.yu.dbimpl.file.Page getInt
INFO: getInt called with offset: 224
Sep 26, 2023 4:20:21 PM edu.yu.dbimpl.file.Page getInt
INFO: getInt called with offset: 228
Sep 26, 2023 4:20:21 PM edu.yu.dbimpl.file.Page getInt
INFO: getInt called with offset: 232
Sep 26, 2023 4:20:21 PM edu.yu.dbimpl.file.Page getInt
INFO: getInt called with offset: 236
Sep 26, 2023 4:20:21 PM edu.yu.dbimpl.file.Page getInt
INFO: getInt called with offset: 240
Sep 26, 2023 4:20:21 PM edu.yu.dbimpl.file.Page getInt
INFO: getInt called with offset: 244
Sep 26, 2023 4:20:21 PM edu.yu.dbimpl.file.Page getInt
INFO: getInt called with offset: 248
Sep 26, 2023 4:20:21 PM edu.yu.dbimpl.file.Page getInt
INFO: getInt called with offset: 252
Sep 26, 2023 4:20:21 PM edu.yu.dbimpl.file.Page getInt
INFO: getInt called with offset: 256
Sep 26, 2023 4:20:21 PM edu.yu.dbimpl.file.Page getInt
INFO: getInt called with offset: 260
Sep 26, 2023 4:20:21 PM edu.yu.dbimpl.file.Page getInt
INFO: getInt called with offset: 264
Sep 26, 2023 4:20:21 PM edu.yu.dbimpl.file.Page getInt
INFO: getInt called with offset: 268
Sep 26, 2023 4:20:21 PM edu.yu.dbimpl.file.Page getInt
INFO: getInt called with offset: 272
Sep 26, 2023 4:20:21 PM edu.yu.dbimpl.file.Page getInt
INFO: getInt called with offset: 276
Sep 26, 2023 4:20:21 PM edu.yu.dbimpl.file.Page getInt
INFO: getInt called with offset: 280
Sep 26, 2023 4:20:21 PM edu.yu.dbimpl.file.Page getInt
INFO: getInt called with offset: 284
Sep 26, 2023 4:20:21 PM edu.yu.dbimpl.file.Page getInt
INFO: getInt called with offset: 288
Sep 26, 2023 4:20:21 PM edu.yu.dbimpl.file.Page getInt
INFO: getInt called with offset: 292
Sep 26, 2023 4:20:21 PM edu.yu.dbimpl.file.Page getInt
INFO: getInt called with offset: 296
Sep 26, 2023 4:20:21 PM edu.yu.dbimpl.file.Page getInt
INFO: getInt called with offset: 300
Sep 26, 2023 4:20:21 PM edu.yu.dbimpl.file.Page getInt
INFO: getInt called with offset: 304
Sep 26, 2023 4:20:21 PM edu.yu.dbimpl.file.Page getInt
INFO: getInt called with offset: 308
Sep 26, 2023 4:20:21 PM edu.yu.dbimpl.file.Page getInt
INFO: getInt called with offset: 312
Sep 26, 2023 4:20:21 PM edu.yu.dbimpl.file.Page getInt
INFO: getInt called with offset: 316
Sep 26, 2023 4:20:21 PM edu.yu.dbimpl.file.Page getInt
INFO: getInt called with offset: 320
Sep 26, 2023 4:20:21 PM edu.yu.dbimpl.file.Page getInt
INFO: getInt called with offset: 324
Sep 26, 2023 4:20:21 PM edu.yu.dbimpl.file.Page getInt
INFO: getInt called with offset: 328
Sep 26, 2023 4:20:21 PM edu.yu.dbimpl.file.Page getInt
INFO: getInt called with offset: 332
Sep 26, 2023 4:20:21 PM edu.yu.dbimpl.file.Page getInt
INFO: getInt called with offset: 336
Sep 26, 2023 4:20:21 PM edu.yu.dbimpl.file.Page getInt
INFO: getInt called with offset: 340
Sep 26, 2023 4:20:21 PM edu.yu.dbimpl.file.Page getInt
INFO: getInt called with offset: 344
Sep 26, 2023 4:20:21 PM edu.yu.dbimpl.file.Page getInt
INFO: getInt called with offset: 348
Sep 26, 2023 4:20:21 PM edu.yu.dbimpl.file.Page getInt
INFO: getInt called with offset: 352
Sep 26, 2023 4:20:21 PM edu.yu.dbimpl.file.Page getInt
INFO: getInt called with offset: 356
Sep 26, 2023 4:20:21 PM edu.yu.dbimpl.file.Page getInt
INFO: getInt called with offset: 360
Sep 26, 2023 4:20:21 PM edu.yu.dbimpl.file.Page getInt
INFO: getInt called with offset: 364
Sep 26, 2023 4:20:21 PM edu.yu.dbimpl.file.Page getInt
INFO: getInt called with offset: 368
Sep 26, 2023 4:20:21 PM edu.yu.dbimpl.file.Page getInt
INFO: getInt called with offset: 372
Sep 26, 2023 4:20:21 PM edu.yu.dbimpl.file.Page getInt
INFO: getInt called with offset: 376
Sep 26, 2023 4:20:21 PM edu.yu.dbimpl.file.Page getInt
INFO: getInt called with offset: 380
Sep 26, 2023 4:20:21 PM edu.yu.dbimpl.file.Page getInt
INFO: getInt called with offset: 384
Sep 26, 2023 4:20:21 PM edu.yu.dbimpl.file.Page getInt
INFO: getInt called with offset: 388
Sep 26, 2023 4:20:21 PM edu.yu.dbimpl.file.Page getInt
INFO: getInt called with offset: 392
Sep 26, 2023 4:20:21 PM edu.yu.dbimpl.file.Page getInt
INFO: getInt called with offset: 396
Sep 26, 2023 4:20:21 PM edu.yu.dbimpl.file.Page getInt
INFO: getInt called with offset: 400
Sep 26, 2023 4:20:21 PM edu.yu.dbimpl.file.Page getInt
INFO: getInt called with offset: 404
Sep 26, 2023 4:20:21 PM edu.yu.dbimpl.file.Page getInt
INFO: getInt called with offset: 408
Sep 26, 2023 4:20:21 PM edu.yu.dbimpl.file.Page getInt
INFO: getInt called with offset: 412
Sep 26, 2023 4:20:21 PM edu.yu.dbimpl.file.Page getInt
INFO: getInt called with offset: 416
Sep 26, 2023 4:20:21 PM edu.yu.dbimpl.file.Page getInt
INFO: getInt called with offset: 420
Sep 26, 2023 4:20:21 PM edu.yu.dbimpl.file.Page getInt
INFO: getInt called with offset: 424
Sep 26, 2023 4:20:21 PM edu.yu.dbimpl.file.Page getInt
INFO: getInt called with offset: 428
Sep 26, 2023 4:20:21 PM edu.yu.dbimpl.file.Page getInt
INFO: getInt called with offset: 432
Sep 26, 2023 4:20:21 PM edu.yu.dbimpl.file.Page getInt
INFO: getInt called with offset: 436
Sep 26, 2023 4:20:21 PM edu.yu.dbimpl.file.Page getInt
INFO: getInt called with offset: 440
Sep 26, 2023 4:20:21 PM edu.yu.dbimpl.file.Page getInt
INFO: getInt called with offset: 444
Sep 26, 2023 4:20:21 PM edu.yu.dbimpl.file.Page getInt
INFO: getInt called with offset: 448
Sep 26, 2023 4:20:21 PM edu.yu.dbimpl.file.Page getInt
INFO: getInt called with offset: 452
Sep 26, 2023 4:20:21 PM edu.yu.dbimpl.file.Page getInt
INFO: getInt called with offset: 456
Sep 26, 2023 4:20:21 PM edu.yu.dbimpl.file.Page getInt
INFO: getInt called with offset: 460
Sep 26, 2023 4:20:21 PM edu.yu.dbimpl.file.Page getInt
INFO: getInt called with offset: 464
Sep 26, 2023 4:20:21 PM edu.yu.dbimpl.file.Page getInt
INFO: getInt called with offset: 468
Sep 26, 2023 4:20:21 PM edu.yu.dbimpl.file.Page getInt
INFO: getInt called with offset: 472
Sep 26, 2023 4:20:21 PM edu.yu.dbimpl.file.Page getInt
INFO: getInt called with offset: 476
Sep 26, 2023 4:20:21 PM edu.yu.dbimpl.file.Page getInt
INFO: getInt called with offset: 480
Sep 26, 2023 4:20:21 PM edu.yu.dbimpl.file.Page getInt
INFO: getInt called with offset: 484
Sep 26, 2023 4:20:21 PM edu.yu.dbimpl.file.Page getInt
INFO: getInt called with offset: 488
Sep 26, 2023 4:20:21 PM edu.yu.dbimpl.file.Page getInt
INFO: getInt called with offset: 492
Sep 26, 2023 4:20:21 PM edu.yu.dbimpl.file.Page getInt
INFO: getInt called with offset: 496
Sep 26, 2023 4:20:21 PM edu.yu.dbimpl.file.Page getInt
INFO: getInt called with offset: 500
Sep 26, 2023 4:20:21 PM edu.yu.dbimpl.file.Page getInt
INFO: getInt called with offset: 504
Sep 26, 2023 4:20:21 PM edu.yu.dbimpl.file.Page getInt
INFO: getInt called with offset: 508
Sep 26, 2023 4:20:21 PM edu.yu.dbimpl.file.Page getInt
INFO: getInt called with offset: 512
Sep 26, 2023 4:20:21 PM edu.yu.dbimpl.file.Page getInt
INFO: getInt called with offset: 516
Sep 26, 2023 4:20:21 PM edu.yu.dbimpl.file.Page getInt
INFO: getInt called with offset: 520
Sep 26, 2023 4:20:21 PM edu.yu.dbimpl.file.Page getInt
INFO: getInt called with offset: 524
Sep 26, 2023 4:20:21 PM edu.yu.dbimpl.file.Page getInt
INFO: getInt called with offset: 528
Sep 26, 2023 4:20:21 PM edu.yu.dbimpl.file.Page getInt
INFO: getInt called with offset: 532
Sep 26, 2023 4:20:21 PM edu.yu.dbimpl.file.Page getInt
INFO: getInt called with offset: 536
Sep 26, 2023 4:20:21 PM edu.yu.dbimpl.file.Page getInt
INFO: getInt called with offset: 540
Sep 26, 2023 4:20:21 PM edu.yu.dbimpl.file.Page getInt
INFO: getInt called with offset: 544
Sep 26, 2023 4:20:21 PM edu.yu.dbimpl.file.Page getInt
INFO: getInt called with offset: 548
Sep 26, 2023 4:20:21 PM edu.yu.dbimpl.file.Page getInt
INFO: getInt called with offset: 552
Sep 26, 2023 4:20:21 PM edu.yu.dbimpl.file.Page getInt
INFO: getInt called with offset: 556
Sep 26, 2023 4:20:21 PM edu.yu.dbimpl.file.Page getInt
INFO: getInt called with offset: 560
Sep 26, 2023 4:20:21 PM edu.yu.dbimpl.file.Page getInt
INFO: getInt called with offset: 564
Sep 26, 2023 4:20:21 PM edu.yu.dbimpl.file.Page getInt
INFO: getInt called with offset: 568
Sep 26, 2023 4:20:21 PM edu.yu.dbimpl.file.Page getInt
INFO: getInt called with offset: 572
Sep 26, 2023 4:20:21 PM edu.yu.dbimpl.file.Page getInt
INFO: getInt called with offset: 576
Sep 26, 2023 4:20:21 PM edu.yu.dbimpl.file.Page getInt
INFO: getInt called with offset: 580
Sep 26, 2023 4:20:21 PM edu.yu.dbimpl.file.Page getInt
INFO: getInt called with offset: 584
Sep 26, 2023 4:20:21 PM edu.yu.dbimpl.file.Page getInt
INFO: getInt called with offset: 588
Sep 26, 2023 4:20:21 PM edu.yu.dbimpl.file.Page getInt
INFO: getInt called with offset: 592
Sep 26, 2023 4:20:21 PM edu.yu.dbimpl.file.Page getInt
INFO: getInt called with offset: 596
Sep 26, 2023 4:20:21 PM edu.yu.dbimpl.file.Page getInt
INFO: getInt called with offset: 600
Sep 26, 2023 4:20:21 PM edu.yu.dbimpl.file.Page getInt
INFO: getInt called with offset: 604
Sep 26, 2023 4:20:21 PM edu.yu.dbimpl.file.Page getInt
INFO: getInt called with offset: 608
Sep 26, 2023 4:20:21 PM edu.yu.dbimpl.file.Page getInt
INFO: getInt called with offset: 612
Sep 26, 2023 4:20:21 PM edu.yu.dbimpl.file.Page getInt
INFO: getInt called with offset: 616
Sep 26, 2023 4:20:21 PM edu.yu.dbimpl.file.Page getInt
INFO: getInt called with offset: 620
Sep 26, 2023 4:20:21 PM edu.yu.dbimpl.file.Page getInt
INFO: getInt called with offset: 624
Sep 26, 2023 4:20:21 PM edu.yu.dbimpl.file.Page getInt
INFO: getInt called with offset: 628
Sep 26, 2023 4:20:21 PM edu.yu.dbimpl.file.Page getInt
INFO: getInt called with offset: 632
Sep 26, 2023 4:20:21 PM edu.yu.dbimpl.file.Page getInt
INFO: getInt called with offset: 636
Sep 26, 2023 4:20:21 PM edu.yu.dbimpl.file.Page getInt
INFO: getInt called with offset: 640
Sep 26, 2023 4:20:21 PM edu.yu.dbimpl.file.Page getInt
INFO: getInt called with offset: 644
Sep 26, 2023 4:20:21 PM edu.yu.dbimpl.file.Page getInt
INFO: getInt called with offset: 648
Sep 26, 2023 4:20:21 PM edu.yu.dbimpl.file.Page getInt
INFO: getInt called with offset: 652
Sep 26, 2023 4:20:21 PM edu.yu.dbimpl.file.Page getInt
INFO: getInt called with offset: 656
Sep 26, 2023 4:20:21 PM edu.yu.dbimpl.file.Page getInt
INFO: getInt called with offset: 660
Sep 26, 2023 4:20:21 PM edu.yu.dbimpl.file.Page getInt
INFO: getInt called with offset: 664
Sep 26, 2023 4:20:21 PM edu.yu.dbimpl.file.Page getInt
INFO: getInt called with offset: 668
Sep 26, 2023 4:20:21 PM edu.yu.dbimpl.file.Page getInt
INFO: getInt called with offset: 672
Sep 26, 2023 4:20:21 PM edu.yu.dbimpl.file.Page getInt
INFO: getInt called with offset: 676
Sep 26, 2023 4:20:21 PM edu.yu.dbimpl.file.Page getInt
INFO: getInt called with offset: 680
Sep 26, 2023 4:20:21 PM edu.yu.dbimpl.file.Page getInt
INFO: getInt called with offset: 684
Sep 26, 2023 4:20:21 PM edu.yu.dbimpl.file.Page getInt
INFO: getInt called with offset: 688
Sep 26, 2023 4:20:21 PM edu.yu.dbimpl.file.Page getInt
INFO: getInt called with offset: 692
Sep 26, 2023 4:20:21 PM edu.yu.dbimpl.file.Page getInt
INFO: getInt called with offset: 696
Sep 26, 2023 4:20:21 PM edu.yu.dbimpl.file.Page getInt
INFO: getInt called with offset: 700
Sep 26, 2023 4:20:21 PM edu.yu.dbimpl.file.Page getInt
INFO: getInt called with offset: 704
Sep 26, 2023 4:20:21 PM edu.yu.dbimpl.file.Page getInt
INFO: getInt called with offset: 708
Sep 26, 2023 4:20:21 PM edu.yu.dbimpl.file.Page getInt
INFO: getInt called with offset: 712
Sep 26, 2023 4:20:21 PM edu.yu.dbimpl.file.Page getInt
INFO: getInt called with offset: 716
Sep 26, 2023 4:20:21 PM edu.yu.dbimpl.file.Page getInt
INFO: getInt called with offset: 720
Sep 26, 2023 4:20:21 PM edu.yu.dbimpl.file.Page getInt
INFO: getInt called with offset: 724
Sep 26, 2023 4:20:21 PM edu.yu.dbimpl.file.Page getInt
INFO: getInt called with offset: 728
Sep 26, 2023 4:20:21 PM edu.yu.dbimpl.file.Page getInt
INFO: getInt called with offset: 732
Sep 26, 2023 4:20:21 PM edu.yu.dbimpl.file.Page getInt
INFO: getInt called with offset: 736
Sep 26, 2023 4:20:21 PM edu.yu.dbimpl.file.Page getInt
INFO: getInt called with offset: 740
Sep 26, 2023 4:20:21 PM edu.yu.dbimpl.file.Page getInt
INFO: getInt called with offset: 744
Sep 26, 2023 4:20:21 PM edu.yu.dbimpl.file.Page getInt
INFO: getInt called with offset: 748
Sep 26, 2023 4:20:21 PM edu.yu.dbimpl.file.Page getInt
INFO: getInt called with offset: 752
Sep 26, 2023 4:20:21 PM edu.yu.dbimpl.file.Page getInt
INFO: getInt called with offset: 756
Sep 26, 2023 4:20:21 PM edu.yu.dbimpl.file.Page getInt
INFO: getInt called with offset: 760
Sep 26, 2023 4:20:21 PM edu.yu.dbimpl.file.Page getInt
INFO: getInt called with offset: 764
Sep 26, 2023 4:20:21 PM edu.yu.dbimpl.file.Page getInt
INFO: getInt called with offset: 768
Sep 26, 2023 4:20:21 PM edu.yu.dbimpl.file.Page getInt
INFO: getInt called with offset: 772
Sep 26, 2023 4:20:21 PM edu.yu.dbimpl.file.Page getInt
INFO: getInt called with offset: 776
Sep 26, 2023 4:20:21 PM edu.yu.dbimpl.file.Page getInt
INFO: getInt called with offset: 780
Sep 26, 2023 4:20:21 PM edu.yu.dbimpl.file.Page getInt
INFO: getInt called with offset: 784
Sep 26, 2023 4:20:21 PM edu.yu.dbimpl.file.Page getInt
INFO: getInt called with offset: 788
Sep 26, 2023 4:20:21 PM edu.yu.dbimpl.file.Page getInt
INFO: getInt called with offset: 792
Sep 26, 2023 4:20:21 PM edu.yu.dbimpl.file.Page getInt
INFO: getInt called with offset: 796
Sep 26, 2023 4:20:21 PM edu.yu.dbimpl.file.Page getInt
INFO: getInt called with offset: 800
Sep 26, 2023 4:20:21 PM edu.yu.dbimpl.file.Page getInt
INFO: getInt called with offset: 804
Sep 26, 2023 4:20:21 PM edu.yu.dbimpl.file.Page getInt
INFO: getInt called with offset: 808
Sep 26, 2023 4:20:21 PM edu.yu.dbimpl.file.Page getInt
INFO: getInt called with offset: 812
Sep 26, 2023 4:20:21 PM edu.yu.dbimpl.file.Page getInt
INFO: getInt called with offset: 816
Sep 26, 2023 4:20:21 PM edu.yu.dbimpl.file.Page getInt
INFO: getInt called with offset: 820
Sep 26, 2023 4:20:21 PM edu.yu.dbimpl.file.Page getInt
INFO: getInt called with offset: 824
Sep 26, 2023 4:20:21 PM edu.yu.dbimpl.file.Page getInt
INFO: getInt called with offset: 828
Sep 26, 2023 4:20:21 PM edu.yu.dbimpl.file.Page getInt
INFO: getInt called with offset: 832
Sep 26, 2023 4:20:21 PM edu.yu.dbimpl.file.Page getInt
INFO: getInt called with offset: 836
Sep 26, 2023 4:20:21 PM edu.yu.dbimpl.file.Page getInt
INFO: getInt called with offset: 840
Sep 26, 2023 4:20:21 PM edu.yu.dbimpl.file.Page getInt
INFO: getInt called with offset: 844
Sep 26, 2023 4:20:21 PM edu.yu.dbimpl.file.Page getInt
INFO: getInt called with offset: 848
Sep 26, 2023 4:20:21 PM edu.yu.dbimpl.file.Page getInt
INFO: getInt called with offset: 852
Sep 26, 2023 4:20:21 PM edu.yu.dbimpl.file.Page getInt
INFO: getInt called with offset: 856
Sep 26, 2023 4:20:21 PM edu.yu.dbimpl.file.Page getInt
INFO: getInt called with offset: 860
Sep 26, 2023 4:20:21 PM edu.yu.dbimpl.file.Page getInt
INFO: getInt called with offset: 864
Sep 26, 2023 4:20:21 PM edu.yu.dbimpl.file.Page getInt
INFO: getInt called with offset: 868
Sep 26, 2023 4:20:21 PM edu.yu.dbimpl.file.Page getInt
INFO: getInt called with offset: 872
Sep 26, 2023 4:20:21 PM edu.yu.dbimpl.file.Page getInt
INFO: getInt called with offset: 876
Sep 26, 2023 4:20:21 PM edu.yu.dbimpl.file.Page getInt
INFO: getInt called with offset: 880
Sep 26, 2023 4:20:21 PM edu.yu.dbimpl.file.Page getInt
INFO: getInt called with offset: 884
Sep 26, 2023 4:20:21 PM edu.yu.dbimpl.file.Page getInt
INFO: getInt called with offset: 888
Sep 26, 2023 4:20:21 PM edu.yu.dbimpl.file.Page getInt
INFO: getInt called with offset: 892
Sep 26, 2023 4:20:21 PM edu.yu.dbimpl.file.Page getInt
INFO: getInt called with offset: 896
Sep 26, 2023 4:20:21 PM edu.yu.dbimpl.file.Page getInt
INFO: getInt called with offset: 900
Sep 26, 2023 4:20:21 PM edu.yu.dbimpl.file.Page getInt
INFO: getInt called with offset: 904
Sep 26, 2023 4:20:21 PM edu.yu.dbimpl.file.Page getInt
INFO: getInt called with offset: 908
Sep 26, 2023 4:20:21 PM edu.yu.dbimpl.file.Page getInt
INFO: getInt called with offset: 912
Sep 26, 2023 4:20:21 PM edu.yu.dbimpl.file.Page getInt
INFO: getInt called with offset: 916
Sep 26, 2023 4:20:21 PM edu.yu.dbimpl.file.Page getInt
INFO: getInt called with offset: 920
Sep 26, 2023 4:20:21 PM edu.yu.dbimpl.file.Page getInt
INFO: getInt called with offset: 924
Sep 26, 2023 4:20:21 PM edu.yu.dbimpl.file.Page getInt
INFO: getInt called with offset: 928
Sep 26, 2023 4:20:21 PM edu.yu.dbimpl.file.Page getInt
INFO: getInt called with offset: 932
Sep 26, 2023 4:20:21 PM edu.yu.dbimpl.file.Page getInt
INFO: getInt called with offset: 936
Sep 26, 2023 4:20:21 PM edu.yu.dbimpl.file.Page getInt
INFO: getInt called with offset: 940
Sep 26, 2023 4:20:21 PM edu.yu.dbimpl.file.Page getInt
INFO: getInt called with offset: 944
Sep 26, 2023 4:20:21 PM edu.yu.dbimpl.file.Page getInt
INFO: getInt called with offset: 948
Sep 26, 2023 4:20:21 PM edu.yu.dbimpl.file.Page getInt
INFO: getInt called with offset: 952
Sep 26, 2023 4:20:21 PM edu.yu.dbimpl.file.Page getInt
INFO: getInt called with offset: 956
Sep 26, 2023 4:20:21 PM edu.yu.dbimpl.file.Page getInt
INFO: getInt called with offset: 960
Sep 26, 2023 4:20:21 PM edu.yu.dbimpl.file.Page getInt
INFO: getInt called with offset: 964
Sep 26, 2023 4:20:21 PM edu.yu.dbimpl.file.Page getInt
INFO: getInt called with offset: 968
Sep 26, 2023 4:20:21 PM edu.yu.dbimpl.file.Page getInt
INFO: getInt called with offset: 972
Sep 26, 2023 4:20:21 PM edu.yu.dbimpl.file.Page getInt
INFO: getInt called with offset: 976
Sep 26, 2023 4:20:21 PM edu.yu.dbimpl.file.Page getInt
INFO: getInt called with offset: 980
Sep 26, 2023 4:20:21 PM edu.yu.dbimpl.file.Page getInt
INFO: getInt called with offset: 984
Sep 26, 2023 4:20:21 PM edu.yu.dbimpl.file.Page getInt
INFO: getInt called with offset: 988
Sep 26, 2023 4:20:21 PM edu.yu.dbimpl.file.Page getInt
INFO: getInt called with offset: 992
Sep 26, 2023 4:20:21 PM edu.yu.dbimpl.file.Page getInt
INFO: getInt called with offset: 996
]]></system-err>
  </testcase>
  <testcase name="testSetAndGetBytes2" classname="edu.yu.dbimpl.FirstStageTests" time="0.001">
    <system-err><![CDATA[Sep 26, 2023 4:20:21 PM edu.yu.dbimpl.file.Page <init>
INFO: Page created with blocksize 100
Sep 26, 2023 4:20:21 PM edu.yu.dbimpl.file.Page setBytes
INFO: setBytes called with offset: 10 and byte[]
Sep 26, 2023 4:20:21 PM edu.yu.dbimpl.file.Page getBytes
INFO: getBytes called with offset: 10
]]></system-err>
  </testcase>
  <testcase name="testFileModulePerformance" classname="edu.yu.dbimpl.FirstStageTests" time="1.436">
    <system-out><![CDATA[Execution time: 819 milliseconds
]]></system-out>
    <system-err><![CDATA[Sep 26, 2023 4:20:21 PM edu.yu.dbimpl.file.FileMgr <init>
INFO: FileMgr created
Sep 26, 2023 4:20:21 PM edu.yu.dbimpl.file.FileMgr <init>
INFO: dbDirectory: src/test/java/edu/yu/dbimpl/testingDirectory
Sep 26, 2023 4:20:21 PM edu.yu.dbimpl.file.FileMgr <init>
INFO: blocksize: 4096
Sep 26, 2023 4:20:21 PM edu.yu.dbimpl.file.FileMgr <init>
INFO: isNew: false
Sep 26, 2023 4:20:21 PM edu.yu.dbimpl.file.FileMgr <init>
INFO: dbDirectory exists: true
Sep 26, 2023 4:20:21 PM edu.yu.dbimpl.file.FileMgr <init>
INFO: dbDirectory is deleting temp files at super sonic speed
Sep 26, 2023 4:20:21 PM edu.yu.dbimpl.file.FileMgr append
INFO: append called with filename: testFileModulePerformance0
Sep 26, 2023 4:20:21 PM edu.yu.dbimpl.file.FileMgr append
INFO: Writing to file: src/test/java/edu/yu/dbimpl/testingDirectory/testFileModulePerformance0
Sep 26, 2023 4:20:21 PM edu.yu.dbimpl.file.Page <init>
INFO: Page created with blocksize 50000
Sep 26, 2023 4:20:21 PM edu.yu.dbimpl.file.Page setString
INFO: setString called with offset: 0 and String: Hello, World!0
Sep 26, 2023 4:20:21 PM edu.yu.dbimpl.file.FileMgr write
INFO: write called with BlockIdBase: edu.yu.dbimpl.file.BlockId@58e9e852 and PageBase: edu.yu.dbimpl.file.Page@52238861
Sep 26, 2023 4:20:21 PM edu.yu.dbimpl.file.FileMgr write
INFO: Getting type to write: String
Sep 26, 2023 4:20:21 PM edu.yu.dbimpl.file.FileMgr write
INFO: Writing to file: src/test/java/edu/yu/dbimpl/testingDirectory/testFileModulePerformance0
Sep 26, 2023 4:20:21 PM edu.yu.dbimpl.file.FileMgr write
INFO: Finished write
Sep 26, 2023 4:20:21 PM edu.yu.dbimpl.file.FileMgr read
INFO: read called with BlockIdBase: edu.yu.dbimpl.file.BlockId@58e9e852 and PageBase: edu.yu.dbimpl.file.Page@52238861
Sep 26, 2023 4:20:21 PM edu.yu.dbimpl.file.Page getBytes
INFO: getBytes called with offset: 0
Sep 26, 2023 4:20:21 PM edu.yu.dbimpl.file.FileMgr read
INFO: Getting type to read: String
Sep 26, 2023 4:20:21 PM edu.yu.dbimpl.file.Page setString
INFO: setString called with offset: 0 and String: Hello, World!0
Sep 26, 2023 4:20:21 PM edu.yu.dbimpl.file.FileMgr append
INFO: append called with filename: testFileModulePerformance1
Sep 26, 2023 4:20:21 PM edu.yu.dbimpl.file.FileMgr append
INFO: Writing to file: src/test/java/edu/yu/dbimpl/testingDirectory/testFileModulePerformance1
Sep 26, 2023 4:20:21 PM edu.yu.dbimpl.file.Page <init>
INFO: Page created with blocksize 50000
Sep 26, 2023 4:20:21 PM edu.yu.dbimpl.file.Page setString
INFO: setString called with offset: 0 and String: Hello, World!1
Sep 26, 2023 4:20:21 PM edu.yu.dbimpl.file.FileMgr write
INFO: write called with BlockIdBase: edu.yu.dbimpl.file.BlockId@279e4506 and PageBase: edu.yu.dbimpl.file.Page@4582da06
Sep 26, 2023 4:20:21 PM edu.yu.dbimpl.file.FileMgr write
INFO: Getting type to write: String
Sep 26, 2023 4:20:21 PM edu.yu.dbimpl.file.FileMgr write
INFO: Writing to file: src/test/java/edu/yu/dbimpl/testingDirectory/testFileModulePerformance1
Sep 26, 2023 4:20:21 PM edu.yu.dbimpl.file.FileMgr write
INFO: Finished write
Sep 26, 2023 4:20:21 PM edu.yu.dbimpl.file.FileMgr read
INFO: read called with BlockIdBase: edu.yu.dbimpl.file.BlockId@279e4506 and PageBase: edu.yu.dbimpl.file.Page@4582da06
Sep 26, 2023 4:20:21 PM edu.yu.dbimpl.file.Page getBytes
INFO: getBytes called with offset: 0
Sep 26, 2023 4:20:21 PM edu.yu.dbimpl.file.FileMgr read
INFO: Getting type to read: String
Sep 26, 2023 4:20:21 PM edu.yu.dbimpl.file.Page setString
INFO: setString called with offset: 0 and String: Hello, World!1
Sep 26, 2023 4:20:21 PM edu.yu.dbimpl.file.FileMgr append
INFO: append called with filename: testFileModulePerformance2
Sep 26, 2023 4:20:21 PM edu.yu.dbimpl.file.FileMgr append
INFO: Writing to file: src/test/java/edu/yu/dbimpl/testingDirectory/testFileModulePerformance2
Sep 26, 2023 4:20:21 PM edu.yu.dbimpl.file.Page <init>
INFO: Page created with blocksize 50000
Sep 26, 2023 4:20:21 PM edu.yu.dbimpl.file.Page setString
INFO: setString called with offset: 0 and String: Hello, World!2
Sep 26, 2023 4:20:21 PM edu.yu.dbimpl.file.FileMgr write
INFO: write called with BlockIdBase: edu.yu.dbimpl.file.BlockId@523e019c and PageBase: edu.yu.dbimpl.file.Page@1c10eb3a
Sep 26, 2023 4:20:21 PM edu.yu.dbimpl.file.FileMgr write
INFO: Getting type to write: String
Sep 26, 2023 4:20:21 PM edu.yu.dbimpl.file.FileMgr write
INFO: Writing to file: src/test/java/edu/yu/dbimpl/testingDirectory/testFileModulePerformance2
Sep 26, 2023 4:20:21 PM edu.yu.dbimpl.file.FileMgr write
INFO: Finished write
Sep 26, 2023 4:20:21 PM edu.yu.dbimpl.file.FileMgr read
INFO: read called with BlockIdBase: edu.yu.dbimpl.file.BlockId@523e019c and PageBase: edu.yu.dbimpl.file.Page@1c10eb3a
Sep 26, 2023 4:20:21 PM edu.yu.dbimpl.file.Page getBytes
INFO: getBytes called with offset: 0
Sep 26, 2023 4:20:21 PM edu.yu.dbimpl.file.FileMgr read
INFO: Getting type to read: String
Sep 26, 2023 4:20:21 PM edu.yu.dbimpl.file.Page setString
INFO: setString called with offset: 0 and String: Hello, World!2
Sep 26, 2023 4:20:21 PM edu.yu.dbimpl.file.FileMgr append
INFO: append called with filename: testFileModulePerformance3
Sep 26, 2023 4:20:21 PM edu.yu.dbimpl.file.FileMgr append
INFO: Writing to file: src/test/java/edu/yu/dbimpl/testingDirectory/testFileModulePerformance3
Sep 26, 2023 4:20:21 PM edu.yu.dbimpl.file.Page <init>
INFO: Page created with blocksize 50000
Sep 26, 2023 4:20:21 PM edu.yu.dbimpl.file.Page setString
INFO: setString called with offset: 0 and String: Hello, World!3
Sep 26, 2023 4:20:21 PM edu.yu.dbimpl.file.FileMgr write
INFO: write called with BlockIdBase: edu.yu.dbimpl.file.BlockId@49f32bcb and PageBase: edu.yu.dbimpl.file.Page@1af29a19
Sep 26, 2023 4:20:21 PM edu.yu.dbimpl.file.FileMgr write
INFO: Getting type to write: String
Sep 26, 2023 4:20:21 PM edu.yu.dbimpl.file.FileMgr write
INFO: Writing to file: src/test/java/edu/yu/dbimpl/testingDirectory/testFileModulePerformance3
Sep 26, 2023 4:20:21 PM edu.yu.dbimpl.file.FileMgr write
INFO: Finished write
Sep 26, 2023 4:20:21 PM edu.yu.dbimpl.file.FileMgr read
INFO: read called with BlockIdBase: edu.yu.dbimpl.file.BlockId@49f32bcb and PageBase: edu.yu.dbimpl.file.Page@1af29a19
Sep 26, 2023 4:20:21 PM edu.yu.dbimpl.file.Page getBytes
INFO: getBytes called with offset: 0
Sep 26, 2023 4:20:21 PM edu.yu.dbimpl.file.FileMgr read
INFO: Getting type to read: String
Sep 26, 2023 4:20:21 PM edu.yu.dbimpl.file.Page setString
INFO: setString called with offset: 0 and String: Hello, World!3
Sep 26, 2023 4:20:21 PM edu.yu.dbimpl.file.FileMgr append
INFO: append called with filename: testFileModulePerformance4
Sep 26, 2023 4:20:21 PM edu.yu.dbimpl.file.FileMgr append
INFO: Writing to file: src/test/java/edu/yu/dbimpl/testingDirectory/testFileModulePerformance4
Sep 26, 2023 4:20:21 PM edu.yu.dbimpl.file.Page <init>
INFO: Page created with blocksize 50000
Sep 26, 2023 4:20:21 PM edu.yu.dbimpl.file.Page setString
INFO: setString called with offset: 0 and String: Hello, World!4
Sep 26, 2023 4:20:21 PM edu.yu.dbimpl.file.FileMgr write
INFO: write called with BlockIdBase: edu.yu.dbimpl.file.BlockId@38624a3a and PageBase: edu.yu.dbimpl.file.Page@23b02f37
Sep 26, 2023 4:20:21 PM edu.yu.dbimpl.file.FileMgr write
INFO: Getting type to write: String
Sep 26, 2023 4:20:21 PM edu.yu.dbimpl.file.FileMgr write
INFO: Writing to file: src/test/java/edu/yu/dbimpl/testingDirectory/testFileModulePerformance4
Sep 26, 2023 4:20:21 PM edu.yu.dbimpl.file.FileMgr write
INFO: Finished write
Sep 26, 2023 4:20:21 PM edu.yu.dbimpl.file.FileMgr read
INFO: read called with BlockIdBase: edu.yu.dbimpl.file.BlockId@38624a3a and PageBase: edu.yu.dbimpl.file.Page@23b02f37
Sep 26, 2023 4:20:21 PM edu.yu.dbimpl.file.Page getBytes
INFO: getBytes called with offset: 0
Sep 26, 2023 4:20:21 PM edu.yu.dbimpl.file.FileMgr read
INFO: Getting type to read: String
Sep 26, 2023 4:20:21 PM edu.yu.dbimpl.file.Page setString
INFO: setString called with offset: 0 and String: Hello, World!4
Sep 26, 2023 4:20:21 PM edu.yu.dbimpl.file.FileMgr append
INFO: append called with filename: testFileModulePerformance5
Sep 26, 2023 4:20:21 PM edu.yu.dbimpl.file.FileMgr append
INFO: Writing to file: src/test/java/edu/yu/dbimpl/testingDirectory/testFileModulePerformance5
Sep 26, 2023 4:20:21 PM edu.yu.dbimpl.file.Page <init>
INFO: Page created with blocksize 50000
Sep 26, 2023 4:20:21 PM edu.yu.dbimpl.file.Page setString
INFO: setString called with offset: 0 and String: Hello, World!5
Sep 26, 2023 4:20:21 PM edu.yu.dbimpl.file.FileMgr write
INFO: write called with BlockIdBase: edu.yu.dbimpl.file.BlockId@73cdf5f9 and PageBase: edu.yu.dbimpl.file.Page@7d619bcb
Sep 26, 2023 4:20:21 PM edu.yu.dbimpl.file.FileMgr write
INFO: Getting type to write: String
Sep 26, 2023 4:20:21 PM edu.yu.dbimpl.file.FileMgr write
INFO: Writing to file: src/test/java/edu/yu/dbimpl/testingDirectory/testFileModulePerformance5
Sep 26, 2023 4:20:21 PM edu.yu.dbimpl.file.FileMgr write
INFO: Finished write
Sep 26, 2023 4:20:21 PM edu.yu.dbimpl.file.FileMgr read
INFO: read called with BlockIdBase: edu.yu.dbimpl.file.BlockId@73cdf5f9 and PageBase: edu.yu.dbimpl.file.Page@7d619bcb
Sep 26, 2023 4:20:21 PM edu.yu.dbimpl.file.Page getBytes
INFO: getBytes called with offset: 0
Sep 26, 2023 4:20:21 PM edu.yu.dbimpl.file.FileMgr read
INFO: Getting type to read: String
Sep 26, 2023 4:20:21 PM edu.yu.dbimpl.file.Page setString
INFO: setString called with offset: 0 and String: Hello, World!5
Sep 26, 2023 4:20:21 PM edu.yu.dbimpl.file.FileMgr append
INFO: append called with filename: testFileModulePerformance6
Sep 26, 2023 4:20:21 PM edu.yu.dbimpl.file.FileMgr append
INFO: Writing to file: src/test/java/edu/yu/dbimpl/testingDirectory/testFileModulePerformance6
Sep 26, 2023 4:20:21 PM edu.yu.dbimpl.file.Page <init>
INFO: Page created with blocksize 50000
Sep 26, 2023 4:20:21 PM edu.yu.dbimpl.file.Page setString
INFO: setString called with offset: 0 and String: Hello, World!6
Sep 26, 2023 4:20:21 PM edu.yu.dbimpl.file.FileMgr write
INFO: write called with BlockIdBase: edu.yu.dbimpl.file.BlockId@57f83dc7 and PageBase: edu.yu.dbimpl.file.Page@75937998
Sep 26, 2023 4:20:21 PM edu.yu.dbimpl.file.FileMgr write
INFO: Getting type to write: String
Sep 26, 2023 4:20:21 PM edu.yu.dbimpl.file.FileMgr write
INFO: Writing to file: src/test/java/edu/yu/dbimpl/testingDirectory/testFileModulePerformance6
Sep 26, 2023 4:20:21 PM edu.yu.dbimpl.file.FileMgr write
INFO: Finished write
Sep 26, 2023 4:20:21 PM edu.yu.dbimpl.file.FileMgr read
INFO: read called with BlockIdBase: edu.yu.dbimpl.file.BlockId@57f83dc7 and PageBase: edu.yu.dbimpl.file.Page@75937998
Sep 26, 2023 4:20:21 PM edu.yu.dbimpl.file.Page getBytes
INFO: getBytes called with offset: 0
Sep 26, 2023 4:20:21 PM edu.yu.dbimpl.file.FileMgr read
INFO: Getting type to read: String
Sep 26, 2023 4:20:21 PM edu.yu.dbimpl.file.Page setString
INFO: setString called with offset: 0 and String: Hello, World!6
Sep 26, 2023 4:20:21 PM edu.yu.dbimpl.file.FileMgr append
INFO: append called with filename: testFileModulePerformance7
Sep 26, 2023 4:20:21 PM edu.yu.dbimpl.file.FileMgr append
INFO: Writing to file: src/test/java/edu/yu/dbimpl/testingDirectory/testFileModulePerformance7
Sep 26, 2023 4:20:21 PM edu.yu.dbimpl.file.Page <init>
INFO: Page created with blocksize 50000
Sep 26, 2023 4:20:21 PM edu.yu.dbimpl.file.Page setString
INFO: setString called with offset: 0 and String: Hello, World!7
Sep 26, 2023 4:20:21 PM edu.yu.dbimpl.file.FileMgr write
INFO: write called with BlockIdBase: edu.yu.dbimpl.file.BlockId@696d28ee and PageBase: edu.yu.dbimpl.file.Page@18a349cb
Sep 26, 2023 4:20:21 PM edu.yu.dbimpl.file.FileMgr write
INFO: Getting type to write: String
Sep 26, 2023 4:20:21 PM edu.yu.dbimpl.file.FileMgr write
INFO: Writing to file: src/test/java/edu/yu/dbimpl/testingDirectory/testFileModulePerformance7
Sep 26, 2023 4:20:21 PM edu.yu.dbimpl.file.FileMgr write
INFO: Finished write
Sep 26, 2023 4:20:21 PM edu.yu.dbimpl.file.FileMgr read
INFO: read called with BlockIdBase: edu.yu.dbimpl.file.BlockId@696d28ee and PageBase: edu.yu.dbimpl.file.Page@18a349cb
Sep 26, 2023 4:20:21 PM edu.yu.dbimpl.file.Page getBytes
INFO: getBytes called with offset: 0
Sep 26, 2023 4:20:21 PM edu.yu.dbimpl.file.FileMgr read
INFO: Getting type to read: String
Sep 26, 2023 4:20:21 PM edu.yu.dbimpl.file.Page setString
INFO: setString called with offset: 0 and String: Hello, World!7
Sep 26, 2023 4:20:21 PM edu.yu.dbimpl.file.FileMgr append
INFO: append called with filename: testFileModulePerformance8
Sep 26, 2023 4:20:21 PM edu.yu.dbimpl.file.FileMgr append
INFO: Writing to file: src/test/java/edu/yu/dbimpl/testingDirectory/testFileModulePerformance8
Sep 26, 2023 4:20:21 PM edu.yu.dbimpl.file.Page <init>
INFO: Page created with blocksize 50000
Sep 26, 2023 4:20:21 PM edu.yu.dbimpl.file.Page setString
INFO: setString called with offset: 0 and String: Hello, World!8
Sep 26, 2023 4:20:21 PM edu.yu.dbimpl.file.FileMgr write
INFO: write called with BlockIdBase: edu.yu.dbimpl.file.BlockId@ea3491d and PageBase: edu.yu.dbimpl.file.Page@6012bee8
Sep 26, 2023 4:20:21 PM edu.yu.dbimpl.file.FileMgr write
INFO: Getting type to write: String
Sep 26, 2023 4:20:21 PM edu.yu.dbimpl.file.FileMgr write
INFO: Writing to file: src/test/java/edu/yu/dbimpl/testingDirectory/testFileModulePerformance8
Sep 26, 2023 4:20:21 PM edu.yu.dbimpl.file.FileMgr write
INFO: Finished write
Sep 26, 2023 4:20:21 PM edu.yu.dbimpl.file.FileMgr read
INFO: read called with BlockIdBase: edu.yu.dbimpl.file.BlockId@ea3491d and PageBase: edu.yu.dbimpl.file.Page@6012bee8
Sep 26, 2023 4:20:21 PM edu.yu.dbimpl.file.Page getBytes
INFO: getBytes called with offset: 0
Sep 26, 2023 4:20:21 PM edu.yu.dbimpl.file.FileMgr read
INFO: Getting type to read: String
Sep 26, 2023 4:20:21 PM edu.yu.dbimpl.file.Page setString
INFO: setString called with offset: 0 and String: Hello, World!8
Sep 26, 2023 4:20:21 PM edu.yu.dbimpl.file.FileMgr append
INFO: append called with filename: testFileModulePerformance9
Sep 26, 2023 4:20:21 PM edu.yu.dbimpl.file.FileMgr append
INFO: Writing to file: src/test/java/edu/yu/dbimpl/testingDirectory/testFileModulePerformance9
Sep 26, 2023 4:20:21 PM edu.yu.dbimpl.file.Page <init>
INFO: Page created with blocksize 50000
Sep 26, 2023 4:20:21 PM edu.yu.dbimpl.file.Page setString
INFO: setString called with offset: 0 and String: Hello, World!9
Sep 26, 2023 4:20:21 PM edu.yu.dbimpl.file.FileMgr write
INFO: write called with BlockIdBase: edu.yu.dbimpl.file.BlockId@60b8c05c and PageBase: edu.yu.dbimpl.file.Page@62d72091
Sep 26, 2023 4:20:21 PM edu.yu.dbimpl.file.FileMgr write
INFO: Getting type to write: String
Sep 26, 2023 4:20:21 PM edu.yu.dbimpl.file.FileMgr write
INFO: Writing to file: src/test/java/edu/yu/dbimpl/testingDirectory/testFileModulePerformance9
Sep 26, 2023 4:20:21 PM edu.yu.dbimpl.file.FileMgr write
INFO: Finished write
Sep 26, 2023 4:20:21 PM edu.yu.dbimpl.file.FileMgr read
INFO: read called with BlockIdBase: edu.yu.dbimpl.file.BlockId@60b8c05c and PageBase: edu.yu.dbimpl.file.Page@62d72091
Sep 26, 2023 4:20:21 PM edu.yu.dbimpl.file.Page getBytes
INFO: getBytes called with offset: 0
Sep 26, 2023 4:20:21 PM edu.yu.dbimpl.file.FileMgr read
INFO: Getting type to read: String
Sep 26, 2023 4:20:21 PM edu.yu.dbimpl.file.Page setString
INFO: setString called with offset: 0 and String: Hello, World!9
Sep 26, 2023 4:20:21 PM edu.yu.dbimpl.file.FileMgr append
INFO: append called with filename: testFileModulePerformance10
Sep 26, 2023 4:20:21 PM edu.yu.dbimpl.file.FileMgr append
INFO: Writing to file: src/test/java/edu/yu/dbimpl/testingDirectory/testFileModulePerformance10
Sep 26, 2023 4:20:21 PM edu.yu.dbimpl.file.Page <init>
INFO: Page created with blocksize 50000
Sep 26, 2023 4:20:21 PM edu.yu.dbimpl.file.Page setString
INFO: setString called with offset: 0 and String: Hello, World!10
Sep 26, 2023 4:20:21 PM edu.yu.dbimpl.file.FileMgr write
INFO: write called with BlockIdBase: edu.yu.dbimpl.file.BlockId@76a86677 and PageBase: edu.yu.dbimpl.file.Page@3b863b4
Sep 26, 2023 4:20:21 PM edu.yu.dbimpl.file.FileMgr write
INFO: Getting type to write: String
Sep 26, 2023 4:20:21 PM edu.yu.dbimpl.file.FileMgr write
INFO: Writing to file: src/test/java/edu/yu/dbimpl/testingDirectory/testFileModulePerformance10
Sep 26, 2023 4:20:21 PM edu.yu.dbimpl.file.FileMgr write
INFO: Finished write
Sep 26, 2023 4:20:21 PM edu.yu.dbimpl.file.FileMgr read
INFO: read called with BlockIdBase: edu.yu.dbimpl.file.BlockId@76a86677 and PageBase: edu.yu.dbimpl.file.Page@3b863b4
Sep 26, 2023 4:20:21 PM edu.yu.dbimpl.file.Page getBytes
INFO: getBytes called with offset: 0
Sep 26, 2023 4:20:21 PM edu.yu.dbimpl.file.FileMgr read
INFO: Getting type to read: String
Sep 26, 2023 4:20:21 PM edu.yu.dbimpl.file.Page setString
INFO: setString called with offset: 0 and String: Hello, World!10
Sep 26, 2023 4:20:21 PM edu.yu.dbimpl.file.FileMgr append
INFO: append called with filename: testFileModulePerformance11
Sep 26, 2023 4:20:21 PM edu.yu.dbimpl.file.FileMgr append
INFO: Writing to file: src/test/java/edu/yu/dbimpl/testingDirectory/testFileModulePerformance11
Sep 26, 2023 4:20:21 PM edu.yu.dbimpl.file.Page <init>
INFO: Page created with blocksize 50000
Sep 26, 2023 4:20:21 PM edu.yu.dbimpl.file.Page setString
INFO: setString called with offset: 0 and String: Hello, World!11
Sep 26, 2023 4:20:21 PM edu.yu.dbimpl.file.FileMgr write
INFO: write called with BlockIdBase: edu.yu.dbimpl.file.BlockId@2524f9bf and PageBase: edu.yu.dbimpl.file.Page@7e2c8622
Sep 26, 2023 4:20:21 PM edu.yu.dbimpl.file.FileMgr write
INFO: Getting type to write: String
Sep 26, 2023 4:20:21 PM edu.yu.dbimpl.file.FileMgr write
INFO: Writing to file: src/test/java/edu/yu/dbimpl/testingDirectory/testFileModulePerformance11
Sep 26, 2023 4:20:21 PM edu.yu.dbimpl.file.FileMgr write
INFO: Finished write
Sep 26, 2023 4:20:21 PM edu.yu.dbimpl.file.FileMgr read
INFO: read called with BlockIdBase: edu.yu.dbimpl.file.BlockId@2524f9bf and PageBase: edu.yu.dbimpl.file.Page@7e2c8622
Sep 26, 2023 4:20:21 PM edu.yu.dbimpl.file.Page getBytes
INFO: getBytes called with offset: 0
Sep 26, 2023 4:20:21 PM edu.yu.dbimpl.file.FileMgr read
INFO: Getting type to read: String
Sep 26, 2023 4:20:21 PM edu.yu.dbimpl.file.Page setString
INFO: setString called with offset: 0 and String: Hello, World!11
Sep 26, 2023 4:20:21 PM edu.yu.dbimpl.file.FileMgr append
INFO: append called with filename: testFileModulePerformance12
Sep 26, 2023 4:20:21 PM edu.yu.dbimpl.file.FileMgr append
INFO: Writing to file: src/test/java/edu/yu/dbimpl/testingDirectory/testFileModulePerformance12
Sep 26, 2023 4:20:21 PM edu.yu.dbimpl.file.Page <init>
INFO: Page created with blocksize 50000
Sep 26, 2023 4:20:21 PM edu.yu.dbimpl.file.Page setString
INFO: setString called with offset: 0 and String: Hello, World!12
Sep 26, 2023 4:20:21 PM edu.yu.dbimpl.file.FileMgr write
INFO: write called with BlockIdBase: edu.yu.dbimpl.file.BlockId@4b02dc4e and PageBase: edu.yu.dbimpl.file.Page@b67b359
Sep 26, 2023 4:20:21 PM edu.yu.dbimpl.file.FileMgr write
INFO: Getting type to write: String
Sep 26, 2023 4:20:21 PM edu.yu.dbimpl.file.FileMgr write
INFO: Writing to file: src/test/java/edu/yu/dbimpl/testingDirectory/testFileModulePerformance12
Sep 26, 2023 4:20:21 PM edu.yu.dbimpl.file.FileMgr write
INFO: Finished write
Sep 26, 2023 4:20:21 PM edu.yu.dbimpl.file.FileMgr read
INFO: read called with BlockIdBase: edu.yu.dbimpl.file.BlockId@4b02dc4e and PageBase: edu.yu.dbimpl.file.Page@b67b359
Sep 26, 2023 4:20:21 PM edu.yu.dbimpl.file.Page getBytes
INFO: getBytes called with offset: 0
Sep 26, 2023 4:20:21 PM edu.yu.dbimpl.file.FileMgr read
INFO: Getting type to read: String
Sep 26, 2023 4:20:21 PM edu.yu.dbimpl.file.Page setString
INFO: setString called with offset: 0 and String: Hello, World!12
Sep 26, 2023 4:20:21 PM edu.yu.dbimpl.file.FileMgr append
INFO: append called with filename: testFileModulePerformance13
Sep 26, 2023 4:20:21 PM edu.yu.dbimpl.file.FileMgr append
INFO: Writing to file: src/test/java/edu/yu/dbimpl/testingDirectory/testFileModulePerformance13
Sep 26, 2023 4:20:21 PM edu.yu.dbimpl.file.Page <init>
INFO: Page created with blocksize 50000
Sep 26, 2023 4:20:21 PM edu.yu.dbimpl.file.Page setString
INFO: setString called with offset: 0 and String: Hello, World!13
Sep 26, 2023 4:20:21 PM edu.yu.dbimpl.file.FileMgr write
INFO: write called with BlockIdBase: edu.yu.dbimpl.file.BlockId@98c4a8b and PageBase: edu.yu.dbimpl.file.Page@130bd00e
Sep 26, 2023 4:20:21 PM edu.yu.dbimpl.file.FileMgr write
INFO: Getting type to write: String
Sep 26, 2023 4:20:21 PM edu.yu.dbimpl.file.FileMgr write
INFO: Writing to file: src/test/java/edu/yu/dbimpl/testingDirectory/testFileModulePerformance13
Sep 26, 2023 4:20:21 PM edu.yu.dbimpl.file.FileMgr write
INFO: Finished write
Sep 26, 2023 4:20:21 PM edu.yu.dbimpl.file.FileMgr read
INFO: read called with BlockIdBase: edu.yu.dbimpl.file.BlockId@98c4a8b and PageBase: edu.yu.dbimpl.file.Page@130bd00e
Sep 26, 2023 4:20:21 PM edu.yu.dbimpl.file.Page getBytes
INFO: getBytes called with offset: 0
Sep 26, 2023 4:20:21 PM edu.yu.dbimpl.file.FileMgr read
INFO: Getting type to read: String
Sep 26, 2023 4:20:21 PM edu.yu.dbimpl.file.Page setString
INFO: setString called with offset: 0 and String: Hello, World!13
Sep 26, 2023 4:20:21 PM edu.yu.dbimpl.file.FileMgr append
INFO: append called with filename: testFileModulePerformance14
Sep 26, 2023 4:20:21 PM edu.yu.dbimpl.file.FileMgr append
INFO: Writing to file: src/test/java/edu/yu/dbimpl/testingDirectory/testFileModulePerformance14
Sep 26, 2023 4:20:21 PM edu.yu.dbimpl.file.Page <init>
INFO: Page created with blocksize 50000
Sep 26, 2023 4:20:21 PM edu.yu.dbimpl.file.Page setString
INFO: setString called with offset: 0 and String: Hello, World!14
Sep 26, 2023 4:20:21 PM edu.yu.dbimpl.file.FileMgr write
INFO: write called with BlockIdBase: edu.yu.dbimpl.file.BlockId@4eb69e8d and PageBase: edu.yu.dbimpl.file.Page@78fd1179
Sep 26, 2023 4:20:21 PM edu.yu.dbimpl.file.FileMgr write
INFO: Getting type to write: String
Sep 26, 2023 4:20:21 PM edu.yu.dbimpl.file.FileMgr write
INFO: Writing to file: src/test/java/edu/yu/dbimpl/testingDirectory/testFileModulePerformance14
Sep 26, 2023 4:20:21 PM edu.yu.dbimpl.file.FileMgr write
INFO: Finished write
Sep 26, 2023 4:20:21 PM edu.yu.dbimpl.file.FileMgr read
INFO: read called with BlockIdBase: edu.yu.dbimpl.file.BlockId@4eb69e8d and PageBase: edu.yu.dbimpl.file.Page@78fd1179
Sep 26, 2023 4:20:21 PM edu.yu.dbimpl.file.Page getBytes
INFO: getBytes called with offset: 0
Sep 26, 2023 4:20:21 PM edu.yu.dbimpl.file.FileMgr read
INFO: Getting type to read: String
Sep 26, 2023 4:20:21 PM edu.yu.dbimpl.file.Page setString
INFO: setString called with offset: 0 and String: Hello, World!14
Sep 26, 2023 4:20:21 PM edu.yu.dbimpl.file.FileMgr append
INFO: append called with filename: testFileModulePerformance15
Sep 26, 2023 4:20:21 PM edu.yu.dbimpl.file.FileMgr append
INFO: Writing to file: src/test/java/edu/yu/dbimpl/testingDirectory/testFileModulePerformance15
Sep 26, 2023 4:20:21 PM edu.yu.dbimpl.file.Page <init>
INFO: Page created with blocksize 50000
Sep 26, 2023 4:20:21 PM edu.yu.dbimpl.file.Page setString
INFO: setString called with offset: 0 and String: Hello, World!15
Sep 26, 2023 4:20:21 PM edu.yu.dbimpl.file.FileMgr write
INFO: write called with BlockIdBase: edu.yu.dbimpl.file.BlockId@13cec4ff and PageBase: edu.yu.dbimpl.file.Page@5e08ed28
Sep 26, 2023 4:20:21 PM edu.yu.dbimpl.file.FileMgr write
INFO: Getting type to write: String
Sep 26, 2023 4:20:21 PM edu.yu.dbimpl.file.FileMgr write
INFO: Writing to file: src/test/java/edu/yu/dbimpl/testingDirectory/testFileModulePerformance15
Sep 26, 2023 4:20:21 PM edu.yu.dbimpl.file.FileMgr write
INFO: Finished write
Sep 26, 2023 4:20:21 PM edu.yu.dbimpl.file.FileMgr read
INFO: read called with BlockIdBase: edu.yu.dbimpl.file.BlockId@13cec4ff and PageBase: edu.yu.dbimpl.file.Page@5e08ed28
Sep 26, 2023 4:20:21 PM edu.yu.dbimpl.file.Page getBytes
INFO: getBytes called with offset: 0
Sep 26, 2023 4:20:21 PM edu.yu.dbimpl.file.FileMgr read
INFO: Getting type to read: String
Sep 26, 2023 4:20:21 PM edu.yu.dbimpl.file.Page setString
INFO: setString called with offset: 0 and String: Hello, World!15
Sep 26, 2023 4:20:21 PM edu.yu.dbimpl.file.FileMgr append
INFO: append called with filename: testFileModulePerformance16
Sep 26, 2023 4:20:21 PM edu.yu.dbimpl.file.FileMgr append
INFO: Writing to file: src/test/java/edu/yu/dbimpl/testingDirectory/testFileModulePerformance16
Sep 26, 2023 4:20:21 PM edu.yu.dbimpl.file.Page <init>
INFO: Page created with blocksize 50000
Sep 26, 2023 4:20:21 PM edu.yu.dbimpl.file.Page setString
INFO: setString called with offset: 0 and String: Hello, World!16
Sep 26, 2023 4:20:21 PM edu.yu.dbimpl.file.FileMgr write
INFO: write called with BlockIdBase: edu.yu.dbimpl.file.BlockId@24b05292 and PageBase: edu.yu.dbimpl.file.Page@34d6e9a4
Sep 26, 2023 4:20:21 PM edu.yu.dbimpl.file.FileMgr write
INFO: Getting type to write: String
Sep 26, 2023 4:20:21 PM edu.yu.dbimpl.file.FileMgr write
INFO: Writing to file: src/test/java/edu/yu/dbimpl/testingDirectory/testFileModulePerformance16
Sep 26, 2023 4:20:21 PM edu.yu.dbimpl.file.FileMgr write
INFO: Finished write
Sep 26, 2023 4:20:21 PM edu.yu.dbimpl.file.FileMgr read
INFO: read called with BlockIdBase: edu.yu.dbimpl.file.BlockId@24b05292 and PageBase: edu.yu.dbimpl.file.Page@34d6e9a4
Sep 26, 2023 4:20:21 PM edu.yu.dbimpl.file.Page getBytes
INFO: getBytes called with offset: 0
Sep 26, 2023 4:20:21 PM edu.yu.dbimpl.file.FileMgr read
INFO: Getting type to read: String
Sep 26, 2023 4:20:21 PM edu.yu.dbimpl.file.Page setString
INFO: setString called with offset: 0 and String: Hello, World!16
Sep 26, 2023 4:20:21 PM edu.yu.dbimpl.file.FileMgr append
INFO: append called with filename: testFileModulePerformance17
Sep 26, 2023 4:20:21 PM edu.yu.dbimpl.file.FileMgr append
INFO: Writing to file: src/test/java/edu/yu/dbimpl/testingDirectory/testFileModulePerformance17
Sep 26, 2023 4:20:21 PM edu.yu.dbimpl.file.Page <init>
INFO: Page created with blocksize 50000
Sep 26, 2023 4:20:21 PM edu.yu.dbimpl.file.Page setString
INFO: setString called with offset: 0 and String: Hello, World!17
Sep 26, 2023 4:20:21 PM edu.yu.dbimpl.file.FileMgr write
INFO: write called with BlockIdBase: edu.yu.dbimpl.file.BlockId@515a2afd and PageBase: edu.yu.dbimpl.file.Page@4822fc53
Sep 26, 2023 4:20:21 PM edu.yu.dbimpl.file.FileMgr write
INFO: Getting type to write: String
Sep 26, 2023 4:20:21 PM edu.yu.dbimpl.file.FileMgr write
INFO: Writing to file: src/test/java/edu/yu/dbimpl/testingDirectory/testFileModulePerformance17
Sep 26, 2023 4:20:21 PM edu.yu.dbimpl.file.FileMgr write
INFO: Finished write
Sep 26, 2023 4:20:21 PM edu.yu.dbimpl.file.FileMgr read
INFO: read called with BlockIdBase: edu.yu.dbimpl.file.BlockId@515a2afd and PageBase: edu.yu.dbimpl.file.Page@4822fc53
Sep 26, 2023 4:20:21 PM edu.yu.dbimpl.file.Page getBytes
INFO: getBytes called with offset: 0
Sep 26, 2023 4:20:21 PM edu.yu.dbimpl.file.FileMgr read
INFO: Getting type to read: String
Sep 26, 2023 4:20:21 PM edu.yu.dbimpl.file.Page setString
INFO: setString called with offset: 0 and String: Hello, World!17
Sep 26, 2023 4:20:21 PM edu.yu.dbimpl.file.FileMgr append
INFO: append called with filename: testFileModulePerformance18
Sep 26, 2023 4:20:21 PM edu.yu.dbimpl.file.FileMgr append
INFO: Writing to file: src/test/java/edu/yu/dbimpl/testingDirectory/testFileModulePerformance18
Sep 26, 2023 4:20:21 PM edu.yu.dbimpl.file.Page <init>
INFO: Page created with blocksize 50000
Sep 26, 2023 4:20:21 PM edu.yu.dbimpl.file.Page setString
INFO: setString called with offset: 0 and String: Hello, World!18
Sep 26, 2023 4:20:21 PM edu.yu.dbimpl.file.FileMgr write
INFO: write called with BlockIdBase: edu.yu.dbimpl.file.BlockId@6e200307 and PageBase: edu.yu.dbimpl.file.Page@6db84cae
Sep 26, 2023 4:20:21 PM edu.yu.dbimpl.file.FileMgr write
INFO: Getting type to write: String
Sep 26, 2023 4:20:21 PM edu.yu.dbimpl.file.FileMgr write
INFO: Writing to file: src/test/java/edu/yu/dbimpl/testingDirectory/testFileModulePerformance18
Sep 26, 2023 4:20:21 PM edu.yu.dbimpl.file.FileMgr write
INFO: Finished write
Sep 26, 2023 4:20:21 PM edu.yu.dbimpl.file.FileMgr read
INFO: read called with BlockIdBase: edu.yu.dbimpl.file.BlockId@6e200307 and PageBase: edu.yu.dbimpl.file.Page@6db84cae
Sep 26, 2023 4:20:21 PM edu.yu.dbimpl.file.Page getBytes
INFO: getBytes called with offset: 0
Sep 26, 2023 4:20:21 PM edu.yu.dbimpl.file.FileMgr read
INFO: Getting type to read: String
Sep 26, 2023 4:20:21 PM edu.yu.dbimpl.file.Page setString
INFO: setString called with offset: 0 and String: Hello, World!18
Sep 26, 2023 4:20:21 PM edu.yu.dbimpl.file.FileMgr append
INFO: append called with filename: testFileModulePerformance19
Sep 26, 2023 4:20:21 PM edu.yu.dbimpl.file.FileMgr append
INFO: Writing to file: src/test/java/edu/yu/dbimpl/testingDirectory/testFileModulePerformance19
Sep 26, 2023 4:20:21 PM edu.yu.dbimpl.file.Page <init>
INFO: Page created with blocksize 50000
Sep 26, 2023 4:20:21 PM edu.yu.dbimpl.file.Page setString
INFO: setString called with offset: 0 and String: Hello, World!19
Sep 26, 2023 4:20:21 PM edu.yu.dbimpl.file.FileMgr write
INFO: write called with BlockIdBase: edu.yu.dbimpl.file.BlockId@6db59e26 and PageBase: edu.yu.dbimpl.file.Page@32aa27a7
Sep 26, 2023 4:20:21 PM edu.yu.dbimpl.file.FileMgr write
INFO: Getting type to write: String
Sep 26, 2023 4:20:21 PM edu.yu.dbimpl.file.FileMgr write
INFO: Writing to file: src/test/java/edu/yu/dbimpl/testingDirectory/testFileModulePerformance19
Sep 26, 2023 4:20:21 PM edu.yu.dbimpl.file.FileMgr write
INFO: Finished write
Sep 26, 2023 4:20:21 PM edu.yu.dbimpl.file.FileMgr read
INFO: read called with BlockIdBase: edu.yu.dbimpl.file.BlockId@6db59e26 and PageBase: edu.yu.dbimpl.file.Page@32aa27a7
Sep 26, 2023 4:20:21 PM edu.yu.dbimpl.file.Page getBytes
INFO: getBytes called with offset: 0
Sep 26, 2023 4:20:21 PM edu.yu.dbimpl.file.FileMgr read
INFO: Getting type to read: String
Sep 26, 2023 4:20:21 PM edu.yu.dbimpl.file.Page setString
INFO: setString called with offset: 0 and String: Hello, World!19
Sep 26, 2023 4:20:21 PM edu.yu.dbimpl.file.FileMgr append
INFO: append called with filename: testFileModulePerformance20
Sep 26, 2023 4:20:21 PM edu.yu.dbimpl.file.FileMgr append
INFO: Writing to file: src/test/java/edu/yu/dbimpl/testingDirectory/testFileModulePerformance20
Sep 26, 2023 4:20:21 PM edu.yu.dbimpl.file.Page <init>
INFO: Page created with blocksize 50000
Sep 26, 2023 4:20:21 PM edu.yu.dbimpl.file.Page setString
INFO: setString called with offset: 0 and String: Hello, World!20
Sep 26, 2023 4:20:21 PM edu.yu.dbimpl.file.FileMgr write
INFO: write called with BlockIdBase: edu.yu.dbimpl.file.BlockId@5c7c22ce and PageBase: edu.yu.dbimpl.file.Page@738ed8d3
Sep 26, 2023 4:20:21 PM edu.yu.dbimpl.file.FileMgr write
INFO: Getting type to write: String
Sep 26, 2023 4:20:21 PM edu.yu.dbimpl.file.FileMgr write
INFO: Writing to file: src/test/java/edu/yu/dbimpl/testingDirectory/testFileModulePerformance20
Sep 26, 2023 4:20:21 PM edu.yu.dbimpl.file.FileMgr write
INFO: Finished write
Sep 26, 2023 4:20:21 PM edu.yu.dbimpl.file.FileMgr read
INFO: read called with BlockIdBase: edu.yu.dbimpl.file.BlockId@5c7c22ce and PageBase: edu.yu.dbimpl.file.Page@738ed8d3
Sep 26, 2023 4:20:21 PM edu.yu.dbimpl.file.Page getBytes
INFO: getBytes called with offset: 0
Sep 26, 2023 4:20:21 PM edu.yu.dbimpl.file.FileMgr read
INFO: Getting type to read: String
Sep 26, 2023 4:20:21 PM edu.yu.dbimpl.file.Page setString
INFO: setString called with offset: 0 and String: Hello, World!20
Sep 26, 2023 4:20:21 PM edu.yu.dbimpl.file.FileMgr append
INFO: append called with filename: testFileModulePerformance21
Sep 26, 2023 4:20:21 PM edu.yu.dbimpl.file.FileMgr append
INFO: Writing to file: src/test/java/edu/yu/dbimpl/testingDirectory/testFileModulePerformance21
Sep 26, 2023 4:20:21 PM edu.yu.dbimpl.file.Page <init>
INFO: Page created with blocksize 50000
Sep 26, 2023 4:20:21 PM edu.yu.dbimpl.file.Page setString
INFO: setString called with offset: 0 and String: Hello, World!21
Sep 26, 2023 4:20:21 PM edu.yu.dbimpl.file.FileMgr write
INFO: write called with BlockIdBase: edu.yu.dbimpl.file.BlockId@328b2c2a and PageBase: edu.yu.dbimpl.file.Page@517fb2c3
Sep 26, 2023 4:20:21 PM edu.yu.dbimpl.file.FileMgr write
INFO: Getting type to write: String
Sep 26, 2023 4:20:21 PM edu.yu.dbimpl.file.FileMgr write
INFO: Writing to file: src/test/java/edu/yu/dbimpl/testingDirectory/testFileModulePerformance21
Sep 26, 2023 4:20:21 PM edu.yu.dbimpl.file.FileMgr write
INFO: Finished write
Sep 26, 2023 4:20:21 PM edu.yu.dbimpl.file.FileMgr read
INFO: read called with BlockIdBase: edu.yu.dbimpl.file.BlockId@328b2c2a and PageBase: edu.yu.dbimpl.file.Page@517fb2c3
Sep 26, 2023 4:20:21 PM edu.yu.dbimpl.file.Page getBytes
INFO: getBytes called with offset: 0
Sep 26, 2023 4:20:21 PM edu.yu.dbimpl.file.FileMgr read
INFO: Getting type to read: String
Sep 26, 2023 4:20:21 PM edu.yu.dbimpl.file.Page setString
INFO: setString called with offset: 0 and String: Hello, World!21
Sep 26, 2023 4:20:21 PM edu.yu.dbimpl.file.FileMgr append
INFO: append called with filename: testFileModulePerformance22
Sep 26, 2023 4:20:21 PM edu.yu.dbimpl.file.FileMgr append
INFO: Writing to file: src/test/java/edu/yu/dbimpl/testingDirectory/testFileModulePerformance22
Sep 26, 2023 4:20:21 PM edu.yu.dbimpl.file.Page <init>
INFO: Page created with blocksize 50000
Sep 26, 2023 4:20:21 PM edu.yu.dbimpl.file.Page setString
INFO: setString called with offset: 0 and String: Hello, World!22
Sep 26, 2023 4:20:21 PM edu.yu.dbimpl.file.FileMgr write
INFO: write called with BlockIdBase: edu.yu.dbimpl.file.BlockId@6c289070 and PageBase: edu.yu.dbimpl.file.Page@69e58566
Sep 26, 2023 4:20:21 PM edu.yu.dbimpl.file.FileMgr write
INFO: Getting type to write: String
Sep 26, 2023 4:20:21 PM edu.yu.dbimpl.file.FileMgr write
INFO: Writing to file: src/test/java/edu/yu/dbimpl/testingDirectory/testFileModulePerformance22
Sep 26, 2023 4:20:21 PM edu.yu.dbimpl.file.FileMgr write
INFO: Finished write
Sep 26, 2023 4:20:21 PM edu.yu.dbimpl.file.FileMgr read
INFO: read called with BlockIdBase: edu.yu.dbimpl.file.BlockId@6c289070 and PageBase: edu.yu.dbimpl.file.Page@69e58566
Sep 26, 2023 4:20:21 PM edu.yu.dbimpl.file.Page getBytes
INFO: getBytes called with offset: 0
Sep 26, 2023 4:20:21 PM edu.yu.dbimpl.file.FileMgr read
INFO: Getting type to read: String
Sep 26, 2023 4:20:21 PM edu.yu.dbimpl.file.Page setString
INFO: setString called with offset: 0 and String: Hello, World!22
Sep 26, 2023 4:20:21 PM edu.yu.dbimpl.file.FileMgr append
INFO: append called with filename: testFileModulePerformance23
Sep 26, 2023 4:20:21 PM edu.yu.dbimpl.file.FileMgr append
INFO: Writing to file: src/test/java/edu/yu/dbimpl/testingDirectory/testFileModulePerformance23
Sep 26, 2023 4:20:21 PM edu.yu.dbimpl.file.Page <init>
INFO: Page created with blocksize 50000
Sep 26, 2023 4:20:21 PM edu.yu.dbimpl.file.Page setString
INFO: setString called with offset: 0 and String: Hello, World!23
Sep 26, 2023 4:20:21 PM edu.yu.dbimpl.file.FileMgr write
INFO: write called with BlockIdBase: edu.yu.dbimpl.file.BlockId@2e41e0c and PageBase: edu.yu.dbimpl.file.Page@2e214d39
Sep 26, 2023 4:20:21 PM edu.yu.dbimpl.file.FileMgr write
INFO: Getting type to write: String
Sep 26, 2023 4:20:21 PM edu.yu.dbimpl.file.FileMgr write
INFO: Writing to file: src/test/java/edu/yu/dbimpl/testingDirectory/testFileModulePerformance23
Sep 26, 2023 4:20:21 PM edu.yu.dbimpl.file.FileMgr write
INFO: Finished write
Sep 26, 2023 4:20:21 PM edu.yu.dbimpl.file.FileMgr read
INFO: read called with BlockIdBase: edu.yu.dbimpl.file.BlockId@2e41e0c and PageBase: edu.yu.dbimpl.file.Page@2e214d39
Sep 26, 2023 4:20:21 PM edu.yu.dbimpl.file.Page getBytes
INFO: getBytes called with offset: 0
Sep 26, 2023 4:20:21 PM edu.yu.dbimpl.file.FileMgr read
INFO: Getting type to read: String
Sep 26, 2023 4:20:21 PM edu.yu.dbimpl.file.Page setString
INFO: setString called with offset: 0 and String: Hello, World!23
Sep 26, 2023 4:20:21 PM edu.yu.dbimpl.file.FileMgr append
INFO: append called with filename: testFileModulePerformance24
Sep 26, 2023 4:20:21 PM edu.yu.dbimpl.file.FileMgr append
INFO: Writing to file: src/test/java/edu/yu/dbimpl/testingDirectory/testFileModulePerformance24
Sep 26, 2023 4:20:21 PM edu.yu.dbimpl.file.Page <init>
INFO: Page created with blocksize 50000
Sep 26, 2023 4:20:21 PM edu.yu.dbimpl.file.Page setString
INFO: setString called with offset: 0 and String: Hello, World!24
Sep 26, 2023 4:20:21 PM edu.yu.dbimpl.file.FileMgr write
INFO: write called with BlockIdBase: edu.yu.dbimpl.file.BlockId@622e39d and PageBase: edu.yu.dbimpl.file.Page@43a9988a
Sep 26, 2023 4:20:21 PM edu.yu.dbimpl.file.FileMgr write
INFO: Getting type to write: String
Sep 26, 2023 4:20:21 PM edu.yu.dbimpl.file.FileMgr write
INFO: Writing to file: src/test/java/edu/yu/dbimpl/testingDirectory/testFileModulePerformance24
Sep 26, 2023 4:20:21 PM edu.yu.dbimpl.file.FileMgr write
INFO: Finished write
Sep 26, 2023 4:20:21 PM edu.yu.dbimpl.file.FileMgr read
INFO: read called with BlockIdBase: edu.yu.dbimpl.file.BlockId@622e39d and PageBase: edu.yu.dbimpl.file.Page@43a9988a
Sep 26, 2023 4:20:21 PM edu.yu.dbimpl.file.Page getBytes
INFO: getBytes called with offset: 0
Sep 26, 2023 4:20:21 PM edu.yu.dbimpl.file.FileMgr read
INFO: Getting type to read: String
Sep 26, 2023 4:20:21 PM edu.yu.dbimpl.file.Page setString
INFO: setString called with offset: 0 and String: Hello, World!24
Sep 26, 2023 4:20:21 PM edu.yu.dbimpl.file.FileMgr append
INFO: append called with filename: testFileModulePerformance25
Sep 26, 2023 4:20:21 PM edu.yu.dbimpl.file.FileMgr append
INFO: Writing to file: src/test/java/edu/yu/dbimpl/testingDirectory/testFileModulePerformance25
Sep 26, 2023 4:20:21 PM edu.yu.dbimpl.file.Page <init>
INFO: Page created with blocksize 50000
Sep 26, 2023 4:20:21 PM edu.yu.dbimpl.file.Page setString
INFO: setString called with offset: 0 and String: Hello, World!25
Sep 26, 2023 4:20:21 PM edu.yu.dbimpl.file.FileMgr write
INFO: write called with BlockIdBase: edu.yu.dbimpl.file.BlockId@611ffa8d and PageBase: edu.yu.dbimpl.file.Page@45f32b12
Sep 26, 2023 4:20:21 PM edu.yu.dbimpl.file.FileMgr write
INFO: Getting type to write: String
Sep 26, 2023 4:20:21 PM edu.yu.dbimpl.file.FileMgr write
INFO: Writing to file: src/test/java/edu/yu/dbimpl/testingDirectory/testFileModulePerformance25
Sep 26, 2023 4:20:21 PM edu.yu.dbimpl.file.FileMgr write
INFO: Finished write
Sep 26, 2023 4:20:21 PM edu.yu.dbimpl.file.FileMgr read
INFO: read called with BlockIdBase: edu.yu.dbimpl.file.BlockId@611ffa8d and PageBase: edu.yu.dbimpl.file.Page@45f32b12
Sep 26, 2023 4:20:21 PM edu.yu.dbimpl.file.Page getBytes
INFO: getBytes called with offset: 0
Sep 26, 2023 4:20:21 PM edu.yu.dbimpl.file.FileMgr read
INFO: Getting type to read: String
Sep 26, 2023 4:20:21 PM edu.yu.dbimpl.file.Page setString
INFO: setString called with offset: 0 and String: Hello, World!25
Sep 26, 2023 4:20:21 PM edu.yu.dbimpl.file.FileMgr append
INFO: append called with filename: testFileModulePerformance26
Sep 26, 2023 4:20:21 PM edu.yu.dbimpl.file.FileMgr append
INFO: Writing to file: src/test/java/edu/yu/dbimpl/testingDirectory/testFileModulePerformance26
Sep 26, 2023 4:20:21 PM edu.yu.dbimpl.file.Page <init>
INFO: Page created with blocksize 50000
Sep 26, 2023 4:20:21 PM edu.yu.dbimpl.file.Page setString
INFO: setString called with offset: 0 and String: Hello, World!26
Sep 26, 2023 4:20:21 PM edu.yu.dbimpl.file.FileMgr write
INFO: write called with BlockIdBase: edu.yu.dbimpl.file.BlockId@54dc163a and PageBase: edu.yu.dbimpl.file.Page@5bbeb9e3
Sep 26, 2023 4:20:21 PM edu.yu.dbimpl.file.FileMgr write
INFO: Getting type to write: String
Sep 26, 2023 4:20:21 PM edu.yu.dbimpl.file.FileMgr write
INFO: Writing to file: src/test/java/edu/yu/dbimpl/testingDirectory/testFileModulePerformance26
Sep 26, 2023 4:20:21 PM edu.yu.dbimpl.file.FileMgr write
INFO: Finished write
Sep 26, 2023 4:20:21 PM edu.yu.dbimpl.file.FileMgr read
INFO: read called with BlockIdBase: edu.yu.dbimpl.file.BlockId@54dc163a and PageBase: edu.yu.dbimpl.file.Page@5bbeb9e3
Sep 26, 2023 4:20:21 PM edu.yu.dbimpl.file.Page getBytes
INFO: getBytes called with offset: 0
Sep 26, 2023 4:20:21 PM edu.yu.dbimpl.file.FileMgr read
INFO: Getting type to read: String
Sep 26, 2023 4:20:21 PM edu.yu.dbimpl.file.Page setString
INFO: setString called with offset: 0 and String: Hello, World!26
Sep 26, 2023 4:20:21 PM edu.yu.dbimpl.file.FileMgr append
INFO: append called with filename: testFileModulePerformance27
Sep 26, 2023 4:20:21 PM edu.yu.dbimpl.file.FileMgr append
INFO: Writing to file: src/test/java/edu/yu/dbimpl/testingDirectory/testFileModulePerformance27
Sep 26, 2023 4:20:21 PM edu.yu.dbimpl.file.Page <init>
INFO: Page created with blocksize 50000
Sep 26, 2023 4:20:21 PM edu.yu.dbimpl.file.Page setString
INFO: setString called with offset: 0 and String: Hello, World!27
Sep 26, 2023 4:20:21 PM edu.yu.dbimpl.file.FileMgr write
INFO: write called with BlockIdBase: edu.yu.dbimpl.file.BlockId@456beb8b and PageBase: edu.yu.dbimpl.file.Page@191cf38f
Sep 26, 2023 4:20:21 PM edu.yu.dbimpl.file.FileMgr write
INFO: Getting type to write: String
Sep 26, 2023 4:20:21 PM edu.yu.dbimpl.file.FileMgr write
INFO: Writing to file: src/test/java/edu/yu/dbimpl/testingDirectory/testFileModulePerformance27
Sep 26, 2023 4:20:21 PM edu.yu.dbimpl.file.FileMgr write
INFO: Finished write
Sep 26, 2023 4:20:21 PM edu.yu.dbimpl.file.FileMgr read
INFO: read called with BlockIdBase: edu.yu.dbimpl.file.BlockId@456beb8b and PageBase: edu.yu.dbimpl.file.Page@191cf38f
Sep 26, 2023 4:20:21 PM edu.yu.dbimpl.file.Page getBytes
INFO: getBytes called with offset: 0
Sep 26, 2023 4:20:21 PM edu.yu.dbimpl.file.FileMgr read
INFO: Getting type to read: String
Sep 26, 2023 4:20:21 PM edu.yu.dbimpl.file.Page setString
INFO: setString called with offset: 0 and String: Hello, World!27
Sep 26, 2023 4:20:21 PM edu.yu.dbimpl.file.FileMgr append
INFO: append called with filename: testFileModulePerformance28
Sep 26, 2023 4:20:21 PM edu.yu.dbimpl.file.FileMgr append
INFO: Writing to file: src/test/java/edu/yu/dbimpl/testingDirectory/testFileModulePerformance28
Sep 26, 2023 4:20:21 PM edu.yu.dbimpl.file.Page <init>
INFO: Page created with blocksize 50000
Sep 26, 2023 4:20:21 PM edu.yu.dbimpl.file.Page setString
INFO: setString called with offset: 0 and String: Hello, World!28
Sep 26, 2023 4:20:21 PM edu.yu.dbimpl.file.FileMgr write
INFO: write called with BlockIdBase: edu.yu.dbimpl.file.BlockId@2dc54b50 and PageBase: edu.yu.dbimpl.file.Page@31a9eaa
Sep 26, 2023 4:20:21 PM edu.yu.dbimpl.file.FileMgr write
INFO: Getting type to write: String
Sep 26, 2023 4:20:21 PM edu.yu.dbimpl.file.FileMgr write
INFO: Writing to file: src/test/java/edu/yu/dbimpl/testingDirectory/testFileModulePerformance28
Sep 26, 2023 4:20:21 PM edu.yu.dbimpl.file.FileMgr write
INFO: Finished write
Sep 26, 2023 4:20:21 PM edu.yu.dbimpl.file.FileMgr read
INFO: read called with BlockIdBase: edu.yu.dbimpl.file.BlockId@2dc54b50 and PageBase: edu.yu.dbimpl.file.Page@31a9eaa
Sep 26, 2023 4:20:21 PM edu.yu.dbimpl.file.Page getBytes
INFO: getBytes called with offset: 0
Sep 26, 2023 4:20:21 PM edu.yu.dbimpl.file.FileMgr read
INFO: Getting type to read: String
Sep 26, 2023 4:20:21 PM edu.yu.dbimpl.file.Page setString
INFO: setString called with offset: 0 and String: Hello, World!28
Sep 26, 2023 4:20:21 PM edu.yu.dbimpl.file.FileMgr append
INFO: append called with filename: testFileModulePerformance29
Sep 26, 2023 4:20:21 PM edu.yu.dbimpl.file.FileMgr append
INFO: Writing to file: src/test/java/edu/yu/dbimpl/testingDirectory/testFileModulePerformance29
Sep 26, 2023 4:20:21 PM edu.yu.dbimpl.file.Page <init>
INFO: Page created with blocksize 50000
Sep 26, 2023 4:20:21 PM edu.yu.dbimpl.file.Page setString
INFO: setString called with offset: 0 and String: Hello, World!29
Sep 26, 2023 4:20:21 PM edu.yu.dbimpl.file.FileMgr write
INFO: write called with BlockIdBase: edu.yu.dbimpl.file.BlockId@19370af1 and PageBase: edu.yu.dbimpl.file.Page@67c912d3
Sep 26, 2023 4:20:21 PM edu.yu.dbimpl.file.FileMgr write
INFO: Getting type to write: String
Sep 26, 2023 4:20:21 PM edu.yu.dbimpl.file.FileMgr write
INFO: Writing to file: src/test/java/edu/yu/dbimpl/testingDirectory/testFileModulePerformance29
Sep 26, 2023 4:20:21 PM edu.yu.dbimpl.file.FileMgr write
INFO: Finished write
Sep 26, 2023 4:20:21 PM edu.yu.dbimpl.file.FileMgr read
INFO: read called with BlockIdBase: edu.yu.dbimpl.file.BlockId@19370af1 and PageBase: edu.yu.dbimpl.file.Page@67c912d3
Sep 26, 2023 4:20:21 PM edu.yu.dbimpl.file.Page getBytes
INFO: getBytes called with offset: 0
Sep 26, 2023 4:20:21 PM edu.yu.dbimpl.file.FileMgr read
INFO: Getting type to read: String
Sep 26, 2023 4:20:21 PM edu.yu.dbimpl.file.Page setString
INFO: setString called with offset: 0 and String: Hello, World!29
Sep 26, 2023 4:20:21 PM edu.yu.dbimpl.file.FileMgr append
INFO: append called with filename: testFileModulePerformance30
Sep 26, 2023 4:20:21 PM edu.yu.dbimpl.file.FileMgr append
INFO: Writing to file: src/test/java/edu/yu/dbimpl/testingDirectory/testFileModulePerformance30
Sep 26, 2023 4:20:21 PM edu.yu.dbimpl.file.Page <init>
INFO: Page created with blocksize 50000
Sep 26, 2023 4:20:21 PM edu.yu.dbimpl.file.Page setString
INFO: setString called with offset: 0 and String: Hello, World!30
Sep 26, 2023 4:20:21 PM edu.yu.dbimpl.file.FileMgr write
INFO: write called with BlockIdBase: edu.yu.dbimpl.file.BlockId@60515ab1 and PageBase: edu.yu.dbimpl.file.Page@37e967df
Sep 26, 2023 4:20:21 PM edu.yu.dbimpl.file.FileMgr write
INFO: Getting type to write: String
Sep 26, 2023 4:20:21 PM edu.yu.dbimpl.file.FileMgr write
INFO: Writing to file: src/test/java/edu/yu/dbimpl/testingDirectory/testFileModulePerformance30
Sep 26, 2023 4:20:21 PM edu.yu.dbimpl.file.FileMgr write
INFO: Finished write
Sep 26, 2023 4:20:21 PM edu.yu.dbimpl.file.FileMgr read
INFO: read called with BlockIdBase: edu.yu.dbimpl.file.BlockId@60515ab1 and PageBase: edu.yu.dbimpl.file.Page@37e967df
Sep 26, 2023 4:20:21 PM edu.yu.dbimpl.file.Page getBytes
INFO: getBytes called with offset: 0
Sep 26, 2023 4:20:21 PM edu.yu.dbimpl.file.FileMgr read
INFO: Getting type to read: String
Sep 26, 2023 4:20:21 PM edu.yu.dbimpl.file.Page setString
INFO: setString called with offset: 0 and String: Hello, World!30
Sep 26, 2023 4:20:21 PM edu.yu.dbimpl.file.FileMgr append
INFO: append called with filename: testFileModulePerformance31
Sep 26, 2023 4:20:21 PM edu.yu.dbimpl.file.FileMgr append
INFO: Writing to file: src/test/java/edu/yu/dbimpl/testingDirectory/testFileModulePerformance31
Sep 26, 2023 4:20:21 PM edu.yu.dbimpl.file.Page <init>
INFO: Page created with blocksize 50000
Sep 26, 2023 4:20:21 PM edu.yu.dbimpl.file.Page setString
INFO: setString called with offset: 0 and String: Hello, World!31
Sep 26, 2023 4:20:21 PM edu.yu.dbimpl.file.FileMgr write
INFO: write called with BlockIdBase: edu.yu.dbimpl.file.BlockId@16a89351 and PageBase: edu.yu.dbimpl.file.Page@395854dd
Sep 26, 2023 4:20:21 PM edu.yu.dbimpl.file.FileMgr write
INFO: Getting type to write: String
Sep 26, 2023 4:20:21 PM edu.yu.dbimpl.file.FileMgr write
INFO: Writing to file: src/test/java/edu/yu/dbimpl/testingDirectory/testFileModulePerformance31
Sep 26, 2023 4:20:21 PM edu.yu.dbimpl.file.FileMgr write
INFO: Finished write
Sep 26, 2023 4:20:21 PM edu.yu.dbimpl.file.FileMgr read
INFO: read called with BlockIdBase: edu.yu.dbimpl.file.BlockId@16a89351 and PageBase: edu.yu.dbimpl.file.Page@395854dd
Sep 26, 2023 4:20:21 PM edu.yu.dbimpl.file.Page getBytes
INFO: getBytes called with offset: 0
Sep 26, 2023 4:20:21 PM edu.yu.dbimpl.file.FileMgr read
INFO: Getting type to read: String
Sep 26, 2023 4:20:21 PM edu.yu.dbimpl.file.Page setString
INFO: setString called with offset: 0 and String: Hello, World!31
Sep 26, 2023 4:20:21 PM edu.yu.dbimpl.file.FileMgr append
INFO: append called with filename: testFileModulePerformance32
Sep 26, 2023 4:20:21 PM edu.yu.dbimpl.file.FileMgr append
INFO: Writing to file: src/test/java/edu/yu/dbimpl/testingDirectory/testFileModulePerformance32
Sep 26, 2023 4:20:21 PM edu.yu.dbimpl.file.Page <init>
INFO: Page created with blocksize 50000
Sep 26, 2023 4:20:21 PM edu.yu.dbimpl.file.Page setString
INFO: setString called with offset: 0 and String: Hello, World!32
Sep 26, 2023 4:20:21 PM edu.yu.dbimpl.file.FileMgr write
INFO: write called with BlockIdBase: edu.yu.dbimpl.file.BlockId@53b60595 and PageBase: edu.yu.dbimpl.file.Page@2f9d47a3
Sep 26, 2023 4:20:21 PM edu.yu.dbimpl.file.FileMgr write
INFO: Getting type to write: String
Sep 26, 2023 4:20:21 PM edu.yu.dbimpl.file.FileMgr write
INFO: Writing to file: src/test/java/edu/yu/dbimpl/testingDirectory/testFileModulePerformance32
Sep 26, 2023 4:20:21 PM edu.yu.dbimpl.file.FileMgr write
INFO: Finished write
Sep 26, 2023 4:20:21 PM edu.yu.dbimpl.file.FileMgr read
INFO: read called with BlockIdBase: edu.yu.dbimpl.file.BlockId@53b60595 and PageBase: edu.yu.dbimpl.file.Page@2f9d47a3
Sep 26, 2023 4:20:21 PM edu.yu.dbimpl.file.Page getBytes
INFO: getBytes called with offset: 0
Sep 26, 2023 4:20:21 PM edu.yu.dbimpl.file.FileMgr read
INFO: Getting type to read: String
Sep 26, 2023 4:20:21 PM edu.yu.dbimpl.file.Page setString
INFO: setString called with offset: 0 and String: Hello, World!32
Sep 26, 2023 4:20:21 PM edu.yu.dbimpl.file.FileMgr append
INFO: append called with filename: testFileModulePerformance33
Sep 26, 2023 4:20:21 PM edu.yu.dbimpl.file.FileMgr append
INFO: Writing to file: src/test/java/edu/yu/dbimpl/testingDirectory/testFileModulePerformance33
Sep 26, 2023 4:20:21 PM edu.yu.dbimpl.file.Page <init>
INFO: Page created with blocksize 50000
Sep 26, 2023 4:20:21 PM edu.yu.dbimpl.file.Page setString
INFO: setString called with offset: 0 and String: Hello, World!33
Sep 26, 2023 4:20:21 PM edu.yu.dbimpl.file.FileMgr write
INFO: write called with BlockIdBase: edu.yu.dbimpl.file.BlockId@7d7d7b1a and PageBase: edu.yu.dbimpl.file.Page@67836d4
Sep 26, 2023 4:20:21 PM edu.yu.dbimpl.file.FileMgr write
INFO: Getting type to write: String
Sep 26, 2023 4:20:21 PM edu.yu.dbimpl.file.FileMgr write
INFO: Writing to file: src/test/java/edu/yu/dbimpl/testingDirectory/testFileModulePerformance33
Sep 26, 2023 4:20:21 PM edu.yu.dbimpl.file.FileMgr write
INFO: Finished write
Sep 26, 2023 4:20:21 PM edu.yu.dbimpl.file.FileMgr read
INFO: read called with BlockIdBase: edu.yu.dbimpl.file.BlockId@7d7d7b1a and PageBase: edu.yu.dbimpl.file.Page@67836d4
Sep 26, 2023 4:20:21 PM edu.yu.dbimpl.file.Page getBytes
INFO: getBytes called with offset: 0
Sep 26, 2023 4:20:21 PM edu.yu.dbimpl.file.FileMgr read
INFO: Getting type to read: String
Sep 26, 2023 4:20:21 PM edu.yu.dbimpl.file.Page setString
INFO: setString called with offset: 0 and String: Hello, World!33
Sep 26, 2023 4:20:21 PM edu.yu.dbimpl.file.FileMgr append
INFO: append called with filename: testFileModulePerformance34
Sep 26, 2023 4:20:21 PM edu.yu.dbimpl.file.FileMgr append
INFO: Writing to file: src/test/java/edu/yu/dbimpl/testingDirectory/testFileModulePerformance34
Sep 26, 2023 4:20:21 PM edu.yu.dbimpl.file.Page <init>
INFO: Page created with blocksize 50000
Sep 26, 2023 4:20:21 PM edu.yu.dbimpl.file.Page setString
INFO: setString called with offset: 0 and String: Hello, World!34
Sep 26, 2023 4:20:21 PM edu.yu.dbimpl.file.FileMgr write
INFO: write called with BlockIdBase: edu.yu.dbimpl.file.BlockId@65011123 and PageBase: edu.yu.dbimpl.file.Page@20e4e27f
Sep 26, 2023 4:20:21 PM edu.yu.dbimpl.file.FileMgr write
INFO: Getting type to write: String
Sep 26, 2023 4:20:21 PM edu.yu.dbimpl.file.FileMgr write
INFO: Writing to file: src/test/java/edu/yu/dbimpl/testingDirectory/testFileModulePerformance34
Sep 26, 2023 4:20:21 PM edu.yu.dbimpl.file.FileMgr write
INFO: Finished write
Sep 26, 2023 4:20:21 PM edu.yu.dbimpl.file.FileMgr read
INFO: read called with BlockIdBase: edu.yu.dbimpl.file.BlockId@65011123 and PageBase: edu.yu.dbimpl.file.Page@20e4e27f
Sep 26, 2023 4:20:21 PM edu.yu.dbimpl.file.Page getBytes
INFO: getBytes called with offset: 0
Sep 26, 2023 4:20:21 PM edu.yu.dbimpl.file.FileMgr read
INFO: Getting type to read: String
Sep 26, 2023 4:20:21 PM edu.yu.dbimpl.file.Page setString
INFO: setString called with offset: 0 and String: Hello, World!34
Sep 26, 2023 4:20:21 PM edu.yu.dbimpl.file.FileMgr append
INFO: append called with filename: testFileModulePerformance35
Sep 26, 2023 4:20:21 PM edu.yu.dbimpl.file.FileMgr append
INFO: Writing to file: src/test/java/edu/yu/dbimpl/testingDirectory/testFileModulePerformance35
Sep 26, 2023 4:20:21 PM edu.yu.dbimpl.file.Page <init>
INFO: Page created with blocksize 50000
Sep 26, 2023 4:20:21 PM edu.yu.dbimpl.file.Page setString
INFO: setString called with offset: 0 and String: Hello, World!35
Sep 26, 2023 4:20:21 PM edu.yu.dbimpl.file.FileMgr write
INFO: write called with BlockIdBase: edu.yu.dbimpl.file.BlockId@36d7e8d2 and PageBase: edu.yu.dbimpl.file.Page@715ea64a
Sep 26, 2023 4:20:21 PM edu.yu.dbimpl.file.FileMgr write
INFO: Getting type to write: String
Sep 26, 2023 4:20:21 PM edu.yu.dbimpl.file.FileMgr write
INFO: Writing to file: src/test/java/edu/yu/dbimpl/testingDirectory/testFileModulePerformance35
Sep 26, 2023 4:20:21 PM edu.yu.dbimpl.file.FileMgr write
INFO: Finished write
Sep 26, 2023 4:20:21 PM edu.yu.dbimpl.file.FileMgr read
INFO: read called with BlockIdBase: edu.yu.dbimpl.file.BlockId@36d7e8d2 and PageBase: edu.yu.dbimpl.file.Page@715ea64a
Sep 26, 2023 4:20:21 PM edu.yu.dbimpl.file.Page getBytes
INFO: getBytes called with offset: 0
Sep 26, 2023 4:20:21 PM edu.yu.dbimpl.file.FileMgr read
INFO: Getting type to read: String
Sep 26, 2023 4:20:21 PM edu.yu.dbimpl.file.Page setString
INFO: setString called with offset: 0 and String: Hello, World!35
Sep 26, 2023 4:20:21 PM edu.yu.dbimpl.file.FileMgr append
INFO: append called with filename: testFileModulePerformance36
Sep 26, 2023 4:20:21 PM edu.yu.dbimpl.file.FileMgr append
INFO: Writing to file: src/test/java/edu/yu/dbimpl/testingDirectory/testFileModulePerformance36
Sep 26, 2023 4:20:21 PM edu.yu.dbimpl.file.Page <init>
INFO: Page created with blocksize 50000
Sep 26, 2023 4:20:21 PM edu.yu.dbimpl.file.Page setString
INFO: setString called with offset: 0 and String: Hello, World!36
Sep 26, 2023 4:20:21 PM edu.yu.dbimpl.file.FileMgr write
INFO: write called with BlockIdBase: edu.yu.dbimpl.file.BlockId@1cbb394b and PageBase: edu.yu.dbimpl.file.Page@1b4bc7b9
Sep 26, 2023 4:20:21 PM edu.yu.dbimpl.file.FileMgr write
INFO: Getting type to write: String
Sep 26, 2023 4:20:21 PM edu.yu.dbimpl.file.FileMgr write
INFO: Writing to file: src/test/java/edu/yu/dbimpl/testingDirectory/testFileModulePerformance36
Sep 26, 2023 4:20:21 PM edu.yu.dbimpl.file.FileMgr write
INFO: Finished write
Sep 26, 2023 4:20:21 PM edu.yu.dbimpl.file.FileMgr read
INFO: read called with BlockIdBase: edu.yu.dbimpl.file.BlockId@1cbb394b and PageBase: edu.yu.dbimpl.file.Page@1b4bc7b9
Sep 26, 2023 4:20:21 PM edu.yu.dbimpl.file.Page getBytes
INFO: getBytes called with offset: 0
Sep 26, 2023 4:20:21 PM edu.yu.dbimpl.file.FileMgr read
INFO: Getting type to read: String
Sep 26, 2023 4:20:21 PM edu.yu.dbimpl.file.Page setString
INFO: setString called with offset: 0 and String: Hello, World!36
Sep 26, 2023 4:20:21 PM edu.yu.dbimpl.file.FileMgr append
INFO: append called with filename: testFileModulePerformance37
Sep 26, 2023 4:20:21 PM edu.yu.dbimpl.file.FileMgr append
INFO: Writing to file: src/test/java/edu/yu/dbimpl/testingDirectory/testFileModulePerformance37
Sep 26, 2023 4:20:21 PM edu.yu.dbimpl.file.Page <init>
INFO: Page created with blocksize 50000
Sep 26, 2023 4:20:21 PM edu.yu.dbimpl.file.Page setString
INFO: setString called with offset: 0 and String: Hello, World!37
Sep 26, 2023 4:20:21 PM edu.yu.dbimpl.file.FileMgr write
INFO: write called with BlockIdBase: edu.yu.dbimpl.file.BlockId@12d33d7a and PageBase: edu.yu.dbimpl.file.Page@16bbb59c
Sep 26, 2023 4:20:21 PM edu.yu.dbimpl.file.FileMgr write
INFO: Getting type to write: String
Sep 26, 2023 4:20:21 PM edu.yu.dbimpl.file.FileMgr write
INFO: Writing to file: src/test/java/edu/yu/dbimpl/testingDirectory/testFileModulePerformance37
Sep 26, 2023 4:20:21 PM edu.yu.dbimpl.file.FileMgr write
INFO: Finished write
Sep 26, 2023 4:20:21 PM edu.yu.dbimpl.file.FileMgr read
INFO: read called with BlockIdBase: edu.yu.dbimpl.file.BlockId@12d33d7a and PageBase: edu.yu.dbimpl.file.Page@16bbb59c
Sep 26, 2023 4:20:21 PM edu.yu.dbimpl.file.Page getBytes
INFO: getBytes called with offset: 0
Sep 26, 2023 4:20:21 PM edu.yu.dbimpl.file.FileMgr read
INFO: Getting type to read: String
Sep 26, 2023 4:20:21 PM edu.yu.dbimpl.file.Page setString
INFO: setString called with offset: 0 and String: Hello, World!37
Sep 26, 2023 4:20:21 PM edu.yu.dbimpl.file.FileMgr append
INFO: append called with filename: testFileModulePerformance38
Sep 26, 2023 4:20:21 PM edu.yu.dbimpl.file.FileMgr append
INFO: Writing to file: src/test/java/edu/yu/dbimpl/testingDirectory/testFileModulePerformance38
Sep 26, 2023 4:20:21 PM edu.yu.dbimpl.file.Page <init>
INFO: Page created with blocksize 50000
Sep 26, 2023 4:20:21 PM edu.yu.dbimpl.file.Page setString
INFO: setString called with offset: 0 and String: Hello, World!38
Sep 26, 2023 4:20:21 PM edu.yu.dbimpl.file.FileMgr write
INFO: write called with BlockIdBase: edu.yu.dbimpl.file.BlockId@538fb761 and PageBase: edu.yu.dbimpl.file.Page@163cd4a6
Sep 26, 2023 4:20:21 PM edu.yu.dbimpl.file.FileMgr write
INFO: Getting type to write: String
Sep 26, 2023 4:20:21 PM edu.yu.dbimpl.file.FileMgr write
INFO: Writing to file: src/test/java/edu/yu/dbimpl/testingDirectory/testFileModulePerformance38
Sep 26, 2023 4:20:21 PM edu.yu.dbimpl.file.FileMgr write
INFO: Finished write
Sep 26, 2023 4:20:21 PM edu.yu.dbimpl.file.FileMgr read
INFO: read called with BlockIdBase: edu.yu.dbimpl.file.BlockId@538fb761 and PageBase: edu.yu.dbimpl.file.Page@163cd4a6
Sep 26, 2023 4:20:21 PM edu.yu.dbimpl.file.Page getBytes
INFO: getBytes called with offset: 0
Sep 26, 2023 4:20:21 PM edu.yu.dbimpl.file.FileMgr read
INFO: Getting type to read: String
Sep 26, 2023 4:20:21 PM edu.yu.dbimpl.file.Page setString
INFO: setString called with offset: 0 and String: Hello, World!38
Sep 26, 2023 4:20:21 PM edu.yu.dbimpl.file.FileMgr append
INFO: append called with filename: testFileModulePerformance39
Sep 26, 2023 4:20:21 PM edu.yu.dbimpl.file.FileMgr append
INFO: Writing to file: src/test/java/edu/yu/dbimpl/testingDirectory/testFileModulePerformance39
Sep 26, 2023 4:20:21 PM edu.yu.dbimpl.file.Page <init>
INFO: Page created with blocksize 50000
Sep 26, 2023 4:20:21 PM edu.yu.dbimpl.file.Page setString
INFO: setString called with offset: 0 and String: Hello, World!39
Sep 26, 2023 4:20:21 PM edu.yu.dbimpl.file.FileMgr write
INFO: write called with BlockIdBase: edu.yu.dbimpl.file.BlockId@1d0f03f6 and PageBase: edu.yu.dbimpl.file.Page@5653429e
Sep 26, 2023 4:20:21 PM edu.yu.dbimpl.file.FileMgr write
INFO: Getting type to write: String
Sep 26, 2023 4:20:21 PM edu.yu.dbimpl.file.FileMgr write
INFO: Writing to file: src/test/java/edu/yu/dbimpl/testingDirectory/testFileModulePerformance39
Sep 26, 2023 4:20:21 PM edu.yu.dbimpl.file.FileMgr write
INFO: Finished write
Sep 26, 2023 4:20:21 PM edu.yu.dbimpl.file.FileMgr read
INFO: read called with BlockIdBase: edu.yu.dbimpl.file.BlockId@1d0f03f6 and PageBase: edu.yu.dbimpl.file.Page@5653429e
Sep 26, 2023 4:20:21 PM edu.yu.dbimpl.file.Page getBytes
INFO: getBytes called with offset: 0
Sep 26, 2023 4:20:21 PM edu.yu.dbimpl.file.FileMgr read
INFO: Getting type to read: String
Sep 26, 2023 4:20:21 PM edu.yu.dbimpl.file.Page setString
INFO: setString called with offset: 0 and String: Hello, World!39
Sep 26, 2023 4:20:21 PM edu.yu.dbimpl.file.FileMgr append
INFO: append called with filename: testFileModulePerformance40
Sep 26, 2023 4:20:21 PM edu.yu.dbimpl.file.FileMgr append
INFO: Writing to file: src/test/java/edu/yu/dbimpl/testingDirectory/testFileModulePerformance40
Sep 26, 2023 4:20:21 PM edu.yu.dbimpl.file.Page <init>
INFO: Page created with blocksize 50000
Sep 26, 2023 4:20:21 PM edu.yu.dbimpl.file.Page setString
INFO: setString called with offset: 0 and String: Hello, World!40
Sep 26, 2023 4:20:21 PM edu.yu.dbimpl.file.FileMgr write
INFO: write called with BlockIdBase: edu.yu.dbimpl.file.BlockId@78c9c38a and PageBase: edu.yu.dbimpl.file.Page@8a0a1d1
Sep 26, 2023 4:20:21 PM edu.yu.dbimpl.file.FileMgr write
INFO: Getting type to write: String
Sep 26, 2023 4:20:21 PM edu.yu.dbimpl.file.FileMgr write
INFO: Writing to file: src/test/java/edu/yu/dbimpl/testingDirectory/testFileModulePerformance40
Sep 26, 2023 4:20:21 PM edu.yu.dbimpl.file.FileMgr write
INFO: Finished write
Sep 26, 2023 4:20:21 PM edu.yu.dbimpl.file.FileMgr read
INFO: read called with BlockIdBase: edu.yu.dbimpl.file.BlockId@78c9c38a and PageBase: edu.yu.dbimpl.file.Page@8a0a1d1
Sep 26, 2023 4:20:21 PM edu.yu.dbimpl.file.Page getBytes
INFO: getBytes called with offset: 0
Sep 26, 2023 4:20:21 PM edu.yu.dbimpl.file.FileMgr read
INFO: Getting type to read: String
Sep 26, 2023 4:20:21 PM edu.yu.dbimpl.file.Page setString
INFO: setString called with offset: 0 and String: Hello, World!40
Sep 26, 2023 4:20:21 PM edu.yu.dbimpl.file.FileMgr append
INFO: append called with filename: testFileModulePerformance41
Sep 26, 2023 4:20:21 PM edu.yu.dbimpl.file.FileMgr append
INFO: Writing to file: src/test/java/edu/yu/dbimpl/testingDirectory/testFileModulePerformance41
Sep 26, 2023 4:20:21 PM edu.yu.dbimpl.file.Page <init>
INFO: Page created with blocksize 50000
Sep 26, 2023 4:20:21 PM edu.yu.dbimpl.file.Page setString
INFO: setString called with offset: 0 and String: Hello, World!41
Sep 26, 2023 4:20:21 PM edu.yu.dbimpl.file.FileMgr write
INFO: write called with BlockIdBase: edu.yu.dbimpl.file.BlockId@6dd50380 and PageBase: edu.yu.dbimpl.file.Page@215efb16
Sep 26, 2023 4:20:21 PM edu.yu.dbimpl.file.FileMgr write
INFO: Getting type to write: String
Sep 26, 2023 4:20:21 PM edu.yu.dbimpl.file.FileMgr write
INFO: Writing to file: src/test/java/edu/yu/dbimpl/testingDirectory/testFileModulePerformance41
Sep 26, 2023 4:20:21 PM edu.yu.dbimpl.file.FileMgr write
INFO: Finished write
Sep 26, 2023 4:20:21 PM edu.yu.dbimpl.file.FileMgr read
INFO: read called with BlockIdBase: edu.yu.dbimpl.file.BlockId@6dd50380 and PageBase: edu.yu.dbimpl.file.Page@215efb16
Sep 26, 2023 4:20:21 PM edu.yu.dbimpl.file.Page getBytes
INFO: getBytes called with offset: 0
Sep 26, 2023 4:20:21 PM edu.yu.dbimpl.file.FileMgr read
INFO: Getting type to read: String
Sep 26, 2023 4:20:21 PM edu.yu.dbimpl.file.Page setString
INFO: setString called with offset: 0 and String: Hello, World!41
Sep 26, 2023 4:20:21 PM edu.yu.dbimpl.file.FileMgr append
INFO: append called with filename: testFileModulePerformance42
Sep 26, 2023 4:20:21 PM edu.yu.dbimpl.file.FileMgr append
INFO: Writing to file: src/test/java/edu/yu/dbimpl/testingDirectory/testFileModulePerformance42
Sep 26, 2023 4:20:21 PM edu.yu.dbimpl.file.Page <init>
INFO: Page created with blocksize 50000
Sep 26, 2023 4:20:21 PM edu.yu.dbimpl.file.Page setString
INFO: setString called with offset: 0 and String: Hello, World!42
Sep 26, 2023 4:20:21 PM edu.yu.dbimpl.file.FileMgr write
INFO: write called with BlockIdBase: edu.yu.dbimpl.file.BlockId@173da924 and PageBase: edu.yu.dbimpl.file.Page@1a9e2c3b
Sep 26, 2023 4:20:21 PM edu.yu.dbimpl.file.FileMgr write
INFO: Getting type to write: String
Sep 26, 2023 4:20:21 PM edu.yu.dbimpl.file.FileMgr write
INFO: Writing to file: src/test/java/edu/yu/dbimpl/testingDirectory/testFileModulePerformance42
Sep 26, 2023 4:20:21 PM edu.yu.dbimpl.file.FileMgr write
INFO: Finished write
Sep 26, 2023 4:20:21 PM edu.yu.dbimpl.file.FileMgr read
INFO: read called with BlockIdBase: edu.yu.dbimpl.file.BlockId@173da924 and PageBase: edu.yu.dbimpl.file.Page@1a9e2c3b
Sep 26, 2023 4:20:21 PM edu.yu.dbimpl.file.Page getBytes
INFO: getBytes called with offset: 0
Sep 26, 2023 4:20:21 PM edu.yu.dbimpl.file.FileMgr read
INFO: Getting type to read: String
Sep 26, 2023 4:20:21 PM edu.yu.dbimpl.file.Page setString
INFO: setString called with offset: 0 and String: Hello, World!42
Sep 26, 2023 4:20:21 PM edu.yu.dbimpl.file.FileMgr append
INFO: append called with filename: testFileModulePerformance43
Sep 26, 2023 4:20:21 PM edu.yu.dbimpl.file.FileMgr append
INFO: Writing to file: src/test/java/edu/yu/dbimpl/testingDirectory/testFileModulePerformance43
Sep 26, 2023 4:20:21 PM edu.yu.dbimpl.file.Page <init>
INFO: Page created with blocksize 50000
Sep 26, 2023 4:20:21 PM edu.yu.dbimpl.file.Page setString
INFO: setString called with offset: 0 and String: Hello, World!43
Sep 26, 2023 4:20:21 PM edu.yu.dbimpl.file.FileMgr write
INFO: write called with BlockIdBase: edu.yu.dbimpl.file.BlockId@5f92e5eb and PageBase: edu.yu.dbimpl.file.Page@9423344
Sep 26, 2023 4:20:21 PM edu.yu.dbimpl.file.FileMgr write
INFO: Getting type to write: String
Sep 26, 2023 4:20:21 PM edu.yu.dbimpl.file.FileMgr write
INFO: Writing to file: src/test/java/edu/yu/dbimpl/testingDirectory/testFileModulePerformance43
Sep 26, 2023 4:20:21 PM edu.yu.dbimpl.file.FileMgr write
INFO: Finished write
Sep 26, 2023 4:20:21 PM edu.yu.dbimpl.file.FileMgr read
INFO: read called with BlockIdBase: edu.yu.dbimpl.file.BlockId@5f92e5eb and PageBase: edu.yu.dbimpl.file.Page@9423344
Sep 26, 2023 4:20:21 PM edu.yu.dbimpl.file.Page getBytes
INFO: getBytes called with offset: 0
Sep 26, 2023 4:20:21 PM edu.yu.dbimpl.file.FileMgr read
INFO: Getting type to read: String
Sep 26, 2023 4:20:21 PM edu.yu.dbimpl.file.Page setString
INFO: setString called with offset: 0 and String: Hello, World!43
Sep 26, 2023 4:20:21 PM edu.yu.dbimpl.file.FileMgr append
INFO: append called with filename: testFileModulePerformance44
Sep 26, 2023 4:20:21 PM edu.yu.dbimpl.file.FileMgr append
INFO: Writing to file: src/test/java/edu/yu/dbimpl/testingDirectory/testFileModulePerformance44
Sep 26, 2023 4:20:21 PM edu.yu.dbimpl.file.Page <init>
INFO: Page created with blocksize 50000
Sep 26, 2023 4:20:21 PM edu.yu.dbimpl.file.Page setString
INFO: setString called with offset: 0 and String: Hello, World!44
Sep 26, 2023 4:20:21 PM edu.yu.dbimpl.file.FileMgr write
INFO: write called with BlockIdBase: edu.yu.dbimpl.file.BlockId@73ccdfc1 and PageBase: edu.yu.dbimpl.file.Page@18d8da77
Sep 26, 2023 4:20:21 PM edu.yu.dbimpl.file.FileMgr write
INFO: Getting type to write: String
Sep 26, 2023 4:20:21 PM edu.yu.dbimpl.file.FileMgr write
INFO: Writing to file: src/test/java/edu/yu/dbimpl/testingDirectory/testFileModulePerformance44
Sep 26, 2023 4:20:21 PM edu.yu.dbimpl.file.FileMgr write
INFO: Finished write
Sep 26, 2023 4:20:21 PM edu.yu.dbimpl.file.FileMgr read
INFO: read called with BlockIdBase: edu.yu.dbimpl.file.BlockId@73ccdfc1 and PageBase: edu.yu.dbimpl.file.Page@18d8da77
Sep 26, 2023 4:20:21 PM edu.yu.dbimpl.file.Page getBytes
INFO: getBytes called with offset: 0
Sep 26, 2023 4:20:21 PM edu.yu.dbimpl.file.FileMgr read
INFO: Getting type to read: String
Sep 26, 2023 4:20:21 PM edu.yu.dbimpl.file.Page setString
INFO: setString called with offset: 0 and String: Hello, World!44
Sep 26, 2023 4:20:21 PM edu.yu.dbimpl.file.FileMgr append
INFO: append called with filename: testFileModulePerformance45
Sep 26, 2023 4:20:21 PM edu.yu.dbimpl.file.FileMgr append
INFO: Writing to file: src/test/java/edu/yu/dbimpl/testingDirectory/testFileModulePerformance45
Sep 26, 2023 4:20:21 PM edu.yu.dbimpl.file.Page <init>
INFO: Page created with blocksize 50000
Sep 26, 2023 4:20:21 PM edu.yu.dbimpl.file.Page setString
INFO: setString called with offset: 0 and String: Hello, World!45
Sep 26, 2023 4:20:21 PM edu.yu.dbimpl.file.FileMgr write
INFO: write called with BlockIdBase: edu.yu.dbimpl.file.BlockId@502dc93a and PageBase: edu.yu.dbimpl.file.Page@486d1868
Sep 26, 2023 4:20:21 PM edu.yu.dbimpl.file.FileMgr write
INFO: Getting type to write: String
Sep 26, 2023 4:20:21 PM edu.yu.dbimpl.file.FileMgr write
INFO: Writing to file: src/test/java/edu/yu/dbimpl/testingDirectory/testFileModulePerformance45
Sep 26, 2023 4:20:21 PM edu.yu.dbimpl.file.FileMgr write
INFO: Finished write
Sep 26, 2023 4:20:21 PM edu.yu.dbimpl.file.FileMgr read
INFO: read called with BlockIdBase: edu.yu.dbimpl.file.BlockId@502dc93a and PageBase: edu.yu.dbimpl.file.Page@486d1868
Sep 26, 2023 4:20:21 PM edu.yu.dbimpl.file.Page getBytes
INFO: getBytes called with offset: 0
Sep 26, 2023 4:20:21 PM edu.yu.dbimpl.file.FileMgr read
INFO: Getting type to read: String
Sep 26, 2023 4:20:21 PM edu.yu.dbimpl.file.Page setString
INFO: setString called with offset: 0 and String: Hello, World!45
Sep 26, 2023 4:20:21 PM edu.yu.dbimpl.file.FileMgr append
INFO: append called with filename: testFileModulePerformance46
Sep 26, 2023 4:20:21 PM edu.yu.dbimpl.file.FileMgr append
INFO: Writing to file: src/test/java/edu/yu/dbimpl/testingDirectory/testFileModulePerformance46
Sep 26, 2023 4:20:21 PM edu.yu.dbimpl.file.Page <init>
INFO: Page created with blocksize 50000
Sep 26, 2023 4:20:21 PM edu.yu.dbimpl.file.Page setString
INFO: setString called with offset: 0 and String: Hello, World!46
Sep 26, 2023 4:20:21 PM edu.yu.dbimpl.file.FileMgr write
INFO: write called with BlockIdBase: edu.yu.dbimpl.file.BlockId@5d4af473 and PageBase: edu.yu.dbimpl.file.Page@31f96cf
Sep 26, 2023 4:20:21 PM edu.yu.dbimpl.file.FileMgr write
INFO: Getting type to write: String
Sep 26, 2023 4:20:21 PM edu.yu.dbimpl.file.FileMgr write
INFO: Writing to file: src/test/java/edu/yu/dbimpl/testingDirectory/testFileModulePerformance46
Sep 26, 2023 4:20:21 PM edu.yu.dbimpl.file.FileMgr write
INFO: Finished write
Sep 26, 2023 4:20:21 PM edu.yu.dbimpl.file.FileMgr read
INFO: read called with BlockIdBase: edu.yu.dbimpl.file.BlockId@5d4af473 and PageBase: edu.yu.dbimpl.file.Page@31f96cf
Sep 26, 2023 4:20:21 PM edu.yu.dbimpl.file.Page getBytes
INFO: getBytes called with offset: 0
Sep 26, 2023 4:20:21 PM edu.yu.dbimpl.file.FileMgr read
INFO: Getting type to read: String
Sep 26, 2023 4:20:21 PM edu.yu.dbimpl.file.Page setString
INFO: setString called with offset: 0 and String: Hello, World!46
Sep 26, 2023 4:20:21 PM edu.yu.dbimpl.file.FileMgr append
INFO: append called with filename: testFileModulePerformance47
Sep 26, 2023 4:20:21 PM edu.yu.dbimpl.file.FileMgr append
INFO: Writing to file: src/test/java/edu/yu/dbimpl/testingDirectory/testFileModulePerformance47
Sep 26, 2023 4:20:21 PM edu.yu.dbimpl.file.Page <init>
INFO: Page created with blocksize 50000
Sep 26, 2023 4:20:21 PM edu.yu.dbimpl.file.Page setString
INFO: setString called with offset: 0 and String: Hello, World!47
Sep 26, 2023 4:20:21 PM edu.yu.dbimpl.file.FileMgr write
INFO: write called with BlockIdBase: edu.yu.dbimpl.file.BlockId@3dc5eb8f and PageBase: edu.yu.dbimpl.file.Page@1d4b0a07
Sep 26, 2023 4:20:21 PM edu.yu.dbimpl.file.FileMgr write
INFO: Getting type to write: String
Sep 26, 2023 4:20:21 PM edu.yu.dbimpl.file.FileMgr write
INFO: Writing to file: src/test/java/edu/yu/dbimpl/testingDirectory/testFileModulePerformance47
Sep 26, 2023 4:20:21 PM edu.yu.dbimpl.file.FileMgr write
INFO: Finished write
Sep 26, 2023 4:20:21 PM edu.yu.dbimpl.file.FileMgr read
INFO: read called with BlockIdBase: edu.yu.dbimpl.file.BlockId@3dc5eb8f and PageBase: edu.yu.dbimpl.file.Page@1d4b0a07
Sep 26, 2023 4:20:21 PM edu.yu.dbimpl.file.Page getBytes
INFO: getBytes called with offset: 0
Sep 26, 2023 4:20:21 PM edu.yu.dbimpl.file.FileMgr read
INFO: Getting type to read: String
Sep 26, 2023 4:20:21 PM edu.yu.dbimpl.file.Page setString
INFO: setString called with offset: 0 and String: Hello, World!47
Sep 26, 2023 4:20:21 PM edu.yu.dbimpl.file.FileMgr append
INFO: append called with filename: testFileModulePerformance48
Sep 26, 2023 4:20:21 PM edu.yu.dbimpl.file.FileMgr append
INFO: Writing to file: src/test/java/edu/yu/dbimpl/testingDirectory/testFileModulePerformance48
Sep 26, 2023 4:20:21 PM edu.yu.dbimpl.file.Page <init>
INFO: Page created with blocksize 50000
Sep 26, 2023 4:20:21 PM edu.yu.dbimpl.file.Page setString
INFO: setString called with offset: 0 and String: Hello, World!48
Sep 26, 2023 4:20:21 PM edu.yu.dbimpl.file.FileMgr write
INFO: write called with BlockIdBase: edu.yu.dbimpl.file.BlockId@17a89cb1 and PageBase: edu.yu.dbimpl.file.Page@68fec965
Sep 26, 2023 4:20:21 PM edu.yu.dbimpl.file.FileMgr write
INFO: Getting type to write: String
Sep 26, 2023 4:20:21 PM edu.yu.dbimpl.file.FileMgr write
INFO: Writing to file: src/test/java/edu/yu/dbimpl/testingDirectory/testFileModulePerformance48
Sep 26, 2023 4:20:21 PM edu.yu.dbimpl.file.FileMgr write
INFO: Finished write
Sep 26, 2023 4:20:21 PM edu.yu.dbimpl.file.FileMgr read
INFO: read called with BlockIdBase: edu.yu.dbimpl.file.BlockId@17a89cb1 and PageBase: edu.yu.dbimpl.file.Page@68fec965
Sep 26, 2023 4:20:21 PM edu.yu.dbimpl.file.Page getBytes
INFO: getBytes called with offset: 0
Sep 26, 2023 4:20:21 PM edu.yu.dbimpl.file.FileMgr read
INFO: Getting type to read: String
Sep 26, 2023 4:20:21 PM edu.yu.dbimpl.file.Page setString
INFO: setString called with offset: 0 and String: Hello, World!48
Sep 26, 2023 4:20:21 PM edu.yu.dbimpl.file.FileMgr append
INFO: append called with filename: testFileModulePerformance49
Sep 26, 2023 4:20:21 PM edu.yu.dbimpl.file.FileMgr append
INFO: Writing to file: src/test/java/edu/yu/dbimpl/testingDirectory/testFileModulePerformance49
Sep 26, 2023 4:20:21 PM edu.yu.dbimpl.file.Page <init>
INFO: Page created with blocksize 50000
Sep 26, 2023 4:20:21 PM edu.yu.dbimpl.file.Page setString
INFO: setString called with offset: 0 and String: Hello, World!49
Sep 26, 2023 4:20:21 PM edu.yu.dbimpl.file.FileMgr write
INFO: write called with BlockIdBase: edu.yu.dbimpl.file.BlockId@7af5ce66 and PageBase: edu.yu.dbimpl.file.Page@3f2bf80d
Sep 26, 2023 4:20:21 PM edu.yu.dbimpl.file.FileMgr write
INFO: Getting type to write: String
Sep 26, 2023 4:20:21 PM edu.yu.dbimpl.file.FileMgr write
INFO: Writing to file: src/test/java/edu/yu/dbimpl/testingDirectory/testFileModulePerformance49
Sep 26, 2023 4:20:21 PM edu.yu.dbimpl.file.FileMgr write
INFO: Finished write
Sep 26, 2023 4:20:21 PM edu.yu.dbimpl.file.FileMgr read
INFO: read called with BlockIdBase: edu.yu.dbimpl.file.BlockId@7af5ce66 and PageBase: edu.yu.dbimpl.file.Page@3f2bf80d
Sep 26, 2023 4:20:21 PM edu.yu.dbimpl.file.Page getBytes
INFO: getBytes called with offset: 0
Sep 26, 2023 4:20:21 PM edu.yu.dbimpl.file.FileMgr read
INFO: Getting type to read: String
Sep 26, 2023 4:20:21 PM edu.yu.dbimpl.file.Page setString
INFO: setString called with offset: 0 and String: Hello, World!49
Sep 26, 2023 4:20:21 PM edu.yu.dbimpl.file.FileMgr append
INFO: append called with filename: testFileModulePerformance50
Sep 26, 2023 4:20:21 PM edu.yu.dbimpl.file.FileMgr append
INFO: Writing to file: src/test/java/edu/yu/dbimpl/testingDirectory/testFileModulePerformance50
Sep 26, 2023 4:20:21 PM edu.yu.dbimpl.file.Page <init>
INFO: Page created with blocksize 50000
Sep 26, 2023 4:20:21 PM edu.yu.dbimpl.file.Page setString
INFO: setString called with offset: 0 and String: Hello, World!50
Sep 26, 2023 4:20:21 PM edu.yu.dbimpl.file.FileMgr write
INFO: write called with BlockIdBase: edu.yu.dbimpl.file.BlockId@6cb5a64d and PageBase: edu.yu.dbimpl.file.Page@729eef5f
Sep 26, 2023 4:20:21 PM edu.yu.dbimpl.file.FileMgr write
INFO: Getting type to write: String
Sep 26, 2023 4:20:21 PM edu.yu.dbimpl.file.FileMgr write
INFO: Writing to file: src/test/java/edu/yu/dbimpl/testingDirectory/testFileModulePerformance50
Sep 26, 2023 4:20:21 PM edu.yu.dbimpl.file.FileMgr write
INFO: Finished write
Sep 26, 2023 4:20:21 PM edu.yu.dbimpl.file.FileMgr read
INFO: read called with BlockIdBase: edu.yu.dbimpl.file.BlockId@6cb5a64d and PageBase: edu.yu.dbimpl.file.Page@729eef5f
Sep 26, 2023 4:20:21 PM edu.yu.dbimpl.file.Page getBytes
INFO: getBytes called with offset: 0
Sep 26, 2023 4:20:21 PM edu.yu.dbimpl.file.FileMgr read
INFO: Getting type to read: String
Sep 26, 2023 4:20:21 PM edu.yu.dbimpl.file.Page setString
INFO: setString called with offset: 0 and String: Hello, World!50
Sep 26, 2023 4:20:21 PM edu.yu.dbimpl.file.FileMgr append
INFO: append called with filename: testFileModulePerformance51
Sep 26, 2023 4:20:21 PM edu.yu.dbimpl.file.FileMgr append
INFO: Writing to file: src/test/java/edu/yu/dbimpl/testingDirectory/testFileModulePerformance51
Sep 26, 2023 4:20:21 PM edu.yu.dbimpl.file.Page <init>
INFO: Page created with blocksize 50000
Sep 26, 2023 4:20:21 PM edu.yu.dbimpl.file.Page setString
INFO: setString called with offset: 0 and String: Hello, World!51
Sep 26, 2023 4:20:21 PM edu.yu.dbimpl.file.FileMgr write
INFO: write called with BlockIdBase: edu.yu.dbimpl.file.BlockId@264c9994 and PageBase: edu.yu.dbimpl.file.Page@46c7e6c0
Sep 26, 2023 4:20:21 PM edu.yu.dbimpl.file.FileMgr write
INFO: Getting type to write: String
Sep 26, 2023 4:20:21 PM edu.yu.dbimpl.file.FileMgr write
INFO: Writing to file: src/test/java/edu/yu/dbimpl/testingDirectory/testFileModulePerformance51
Sep 26, 2023 4:20:21 PM edu.yu.dbimpl.file.FileMgr write
INFO: Finished write
Sep 26, 2023 4:20:21 PM edu.yu.dbimpl.file.FileMgr read
INFO: read called with BlockIdBase: edu.yu.dbimpl.file.BlockId@264c9994 and PageBase: edu.yu.dbimpl.file.Page@46c7e6c0
Sep 26, 2023 4:20:21 PM edu.yu.dbimpl.file.Page getBytes
INFO: getBytes called with offset: 0
Sep 26, 2023 4:20:21 PM edu.yu.dbimpl.file.FileMgr read
INFO: Getting type to read: String
Sep 26, 2023 4:20:21 PM edu.yu.dbimpl.file.Page setString
INFO: setString called with offset: 0 and String: Hello, World!51
Sep 26, 2023 4:20:21 PM edu.yu.dbimpl.file.FileMgr append
INFO: append called with filename: testFileModulePerformance52
Sep 26, 2023 4:20:21 PM edu.yu.dbimpl.file.FileMgr append
INFO: Writing to file: src/test/java/edu/yu/dbimpl/testingDirectory/testFileModulePerformance52
Sep 26, 2023 4:20:21 PM edu.yu.dbimpl.file.Page <init>
INFO: Page created with blocksize 50000
Sep 26, 2023 4:20:21 PM edu.yu.dbimpl.file.Page setString
INFO: setString called with offset: 0 and String: Hello, World!52
Sep 26, 2023 4:20:21 PM edu.yu.dbimpl.file.FileMgr write
INFO: write called with BlockIdBase: edu.yu.dbimpl.file.BlockId@701a79b and PageBase: edu.yu.dbimpl.file.Page@2605433
Sep 26, 2023 4:20:21 PM edu.yu.dbimpl.file.FileMgr write
INFO: Getting type to write: String
Sep 26, 2023 4:20:21 PM edu.yu.dbimpl.file.FileMgr write
INFO: Writing to file: src/test/java/edu/yu/dbimpl/testingDirectory/testFileModulePerformance52
Sep 26, 2023 4:20:21 PM edu.yu.dbimpl.file.FileMgr write
INFO: Finished write
Sep 26, 2023 4:20:21 PM edu.yu.dbimpl.file.FileMgr read
INFO: read called with BlockIdBase: edu.yu.dbimpl.file.BlockId@701a79b and PageBase: edu.yu.dbimpl.file.Page@2605433
Sep 26, 2023 4:20:21 PM edu.yu.dbimpl.file.Page getBytes
INFO: getBytes called with offset: 0
Sep 26, 2023 4:20:21 PM edu.yu.dbimpl.file.FileMgr read
INFO: Getting type to read: String
Sep 26, 2023 4:20:21 PM edu.yu.dbimpl.file.Page setString
INFO: setString called with offset: 0 and String: Hello, World!52
Sep 26, 2023 4:20:21 PM edu.yu.dbimpl.file.FileMgr append
INFO: append called with filename: testFileModulePerformance53
Sep 26, 2023 4:20:21 PM edu.yu.dbimpl.file.FileMgr append
INFO: Writing to file: src/test/java/edu/yu/dbimpl/testingDirectory/testFileModulePerformance53
Sep 26, 2023 4:20:21 PM edu.yu.dbimpl.file.Page <init>
INFO: Page created with blocksize 50000
Sep 26, 2023 4:20:21 PM edu.yu.dbimpl.file.Page setString
INFO: setString called with offset: 0 and String: Hello, World!53
Sep 26, 2023 4:20:21 PM edu.yu.dbimpl.file.FileMgr write
INFO: write called with BlockIdBase: edu.yu.dbimpl.file.BlockId@40a2fdd2 and PageBase: edu.yu.dbimpl.file.Page@392af2e0
Sep 26, 2023 4:20:21 PM edu.yu.dbimpl.file.FileMgr write
INFO: Getting type to write: String
Sep 26, 2023 4:20:21 PM edu.yu.dbimpl.file.FileMgr write
INFO: Writing to file: src/test/java/edu/yu/dbimpl/testingDirectory/testFileModulePerformance53
Sep 26, 2023 4:20:21 PM edu.yu.dbimpl.file.FileMgr write
INFO: Finished write
Sep 26, 2023 4:20:21 PM edu.yu.dbimpl.file.FileMgr read
INFO: read called with BlockIdBase: edu.yu.dbimpl.file.BlockId@40a2fdd2 and PageBase: edu.yu.dbimpl.file.Page@392af2e0
Sep 26, 2023 4:20:21 PM edu.yu.dbimpl.file.Page getBytes
INFO: getBytes called with offset: 0
Sep 26, 2023 4:20:21 PM edu.yu.dbimpl.file.FileMgr read
INFO: Getting type to read: String
Sep 26, 2023 4:20:21 PM edu.yu.dbimpl.file.Page setString
INFO: setString called with offset: 0 and String: Hello, World!53
Sep 26, 2023 4:20:21 PM edu.yu.dbimpl.file.FileMgr append
INFO: append called with filename: testFileModulePerformance54
Sep 26, 2023 4:20:21 PM edu.yu.dbimpl.file.FileMgr append
INFO: Writing to file: src/test/java/edu/yu/dbimpl/testingDirectory/testFileModulePerformance54
Sep 26, 2023 4:20:21 PM edu.yu.dbimpl.file.Page <init>
INFO: Page created with blocksize 50000
Sep 26, 2023 4:20:21 PM edu.yu.dbimpl.file.Page setString
INFO: setString called with offset: 0 and String: Hello, World!54
Sep 26, 2023 4:20:21 PM edu.yu.dbimpl.file.FileMgr write
INFO: write called with BlockIdBase: edu.yu.dbimpl.file.BlockId@331da721 and PageBase: edu.yu.dbimpl.file.Page@335cbcbd
Sep 26, 2023 4:20:21 PM edu.yu.dbimpl.file.FileMgr write
INFO: Getting type to write: String
Sep 26, 2023 4:20:21 PM edu.yu.dbimpl.file.FileMgr write
INFO: Writing to file: src/test/java/edu/yu/dbimpl/testingDirectory/testFileModulePerformance54
Sep 26, 2023 4:20:21 PM edu.yu.dbimpl.file.FileMgr write
INFO: Finished write
Sep 26, 2023 4:20:21 PM edu.yu.dbimpl.file.FileMgr read
INFO: read called with BlockIdBase: edu.yu.dbimpl.file.BlockId@331da721 and PageBase: edu.yu.dbimpl.file.Page@335cbcbd
Sep 26, 2023 4:20:21 PM edu.yu.dbimpl.file.Page getBytes
INFO: getBytes called with offset: 0
Sep 26, 2023 4:20:21 PM edu.yu.dbimpl.file.FileMgr read
INFO: Getting type to read: String
Sep 26, 2023 4:20:21 PM edu.yu.dbimpl.file.Page setString
INFO: setString called with offset: 0 and String: Hello, World!54
Sep 26, 2023 4:20:21 PM edu.yu.dbimpl.file.FileMgr append
INFO: append called with filename: testFileModulePerformance55
Sep 26, 2023 4:20:21 PM edu.yu.dbimpl.file.FileMgr append
INFO: Writing to file: src/test/java/edu/yu/dbimpl/testingDirectory/testFileModulePerformance55
Sep 26, 2023 4:20:21 PM edu.yu.dbimpl.file.Page <init>
INFO: Page created with blocksize 50000
Sep 26, 2023 4:20:21 PM edu.yu.dbimpl.file.Page setString
INFO: setString called with offset: 0 and String: Hello, World!55
Sep 26, 2023 4:20:21 PM edu.yu.dbimpl.file.FileMgr write
INFO: write called with BlockIdBase: edu.yu.dbimpl.file.BlockId@64c79b69 and PageBase: edu.yu.dbimpl.file.Page@a94c8e3
Sep 26, 2023 4:20:21 PM edu.yu.dbimpl.file.FileMgr write
INFO: Getting type to write: String
Sep 26, 2023 4:20:21 PM edu.yu.dbimpl.file.FileMgr write
INFO: Writing to file: src/test/java/edu/yu/dbimpl/testingDirectory/testFileModulePerformance55
Sep 26, 2023 4:20:21 PM edu.yu.dbimpl.file.FileMgr write
INFO: Finished write
Sep 26, 2023 4:20:21 PM edu.yu.dbimpl.file.FileMgr read
INFO: read called with BlockIdBase: edu.yu.dbimpl.file.BlockId@64c79b69 and PageBase: edu.yu.dbimpl.file.Page@a94c8e3
Sep 26, 2023 4:20:21 PM edu.yu.dbimpl.file.Page getBytes
INFO: getBytes called with offset: 0
Sep 26, 2023 4:20:21 PM edu.yu.dbimpl.file.FileMgr read
INFO: Getting type to read: String
Sep 26, 2023 4:20:21 PM edu.yu.dbimpl.file.Page setString
INFO: setString called with offset: 0 and String: Hello, World!55
Sep 26, 2023 4:20:21 PM edu.yu.dbimpl.file.FileMgr append
INFO: append called with filename: testFileModulePerformance56
Sep 26, 2023 4:20:21 PM edu.yu.dbimpl.file.FileMgr append
INFO: Writing to file: src/test/java/edu/yu/dbimpl/testingDirectory/testFileModulePerformance56
Sep 26, 2023 4:20:21 PM edu.yu.dbimpl.file.Page <init>
INFO: Page created with blocksize 50000
Sep 26, 2023 4:20:21 PM edu.yu.dbimpl.file.Page setString
INFO: setString called with offset: 0 and String: Hello, World!56
Sep 26, 2023 4:20:21 PM edu.yu.dbimpl.file.FileMgr write
INFO: write called with BlockIdBase: edu.yu.dbimpl.file.BlockId@54ee423f and PageBase: edu.yu.dbimpl.file.Page@281a54b
Sep 26, 2023 4:20:21 PM edu.yu.dbimpl.file.FileMgr write
INFO: Getting type to write: String
Sep 26, 2023 4:20:21 PM edu.yu.dbimpl.file.FileMgr write
INFO: Writing to file: src/test/java/edu/yu/dbimpl/testingDirectory/testFileModulePerformance56
Sep 26, 2023 4:20:21 PM edu.yu.dbimpl.file.FileMgr write
INFO: Finished write
Sep 26, 2023 4:20:21 PM edu.yu.dbimpl.file.FileMgr read
INFO: read called with BlockIdBase: edu.yu.dbimpl.file.BlockId@54ee423f and PageBase: edu.yu.dbimpl.file.Page@281a54b
Sep 26, 2023 4:20:21 PM edu.yu.dbimpl.file.Page getBytes
INFO: getBytes called with offset: 0
Sep 26, 2023 4:20:21 PM edu.yu.dbimpl.file.FileMgr read
INFO: Getting type to read: String
Sep 26, 2023 4:20:21 PM edu.yu.dbimpl.file.Page setString
INFO: setString called with offset: 0 and String: Hello, World!56
Sep 26, 2023 4:20:21 PM edu.yu.dbimpl.file.FileMgr append
INFO: append called with filename: testFileModulePerformance57
Sep 26, 2023 4:20:21 PM edu.yu.dbimpl.file.FileMgr append
INFO: Writing to file: src/test/java/edu/yu/dbimpl/testingDirectory/testFileModulePerformance57
Sep 26, 2023 4:20:21 PM edu.yu.dbimpl.file.Page <init>
INFO: Page created with blocksize 50000
Sep 26, 2023 4:20:21 PM edu.yu.dbimpl.file.Page setString
INFO: setString called with offset: 0 and String: Hello, World!57
Sep 26, 2023 4:20:21 PM edu.yu.dbimpl.file.FileMgr write
INFO: write called with BlockIdBase: edu.yu.dbimpl.file.BlockId@5a457aa1 and PageBase: edu.yu.dbimpl.file.Page@763a72da
Sep 26, 2023 4:20:21 PM edu.yu.dbimpl.file.FileMgr write
INFO: Getting type to write: String
Sep 26, 2023 4:20:21 PM edu.yu.dbimpl.file.FileMgr write
INFO: Writing to file: src/test/java/edu/yu/dbimpl/testingDirectory/testFileModulePerformance57
Sep 26, 2023 4:20:21 PM edu.yu.dbimpl.file.FileMgr write
INFO: Finished write
Sep 26, 2023 4:20:21 PM edu.yu.dbimpl.file.FileMgr read
INFO: read called with BlockIdBase: edu.yu.dbimpl.file.BlockId@5a457aa1 and PageBase: edu.yu.dbimpl.file.Page@763a72da
Sep 26, 2023 4:20:21 PM edu.yu.dbimpl.file.Page getBytes
INFO: getBytes called with offset: 0
Sep 26, 2023 4:20:21 PM edu.yu.dbimpl.file.FileMgr read
INFO: Getting type to read: String
Sep 26, 2023 4:20:21 PM edu.yu.dbimpl.file.Page setString
INFO: setString called with offset: 0 and String: Hello, World!57
Sep 26, 2023 4:20:21 PM edu.yu.dbimpl.file.FileMgr append
INFO: append called with filename: testFileModulePerformance58
Sep 26, 2023 4:20:21 PM edu.yu.dbimpl.file.FileMgr append
INFO: Writing to file: src/test/java/edu/yu/dbimpl/testingDirectory/testFileModulePerformance58
Sep 26, 2023 4:20:21 PM edu.yu.dbimpl.file.Page <init>
INFO: Page created with blocksize 50000
Sep 26, 2023 4:20:21 PM edu.yu.dbimpl.file.Page setString
INFO: setString called with offset: 0 and String: Hello, World!58
Sep 26, 2023 4:20:21 PM edu.yu.dbimpl.file.FileMgr write
INFO: write called with BlockIdBase: edu.yu.dbimpl.file.BlockId@50e32998 and PageBase: edu.yu.dbimpl.file.Page@5fc76532
Sep 26, 2023 4:20:21 PM edu.yu.dbimpl.file.FileMgr write
INFO: Getting type to write: String
Sep 26, 2023 4:20:21 PM edu.yu.dbimpl.file.FileMgr write
INFO: Writing to file: src/test/java/edu/yu/dbimpl/testingDirectory/testFileModulePerformance58
Sep 26, 2023 4:20:21 PM edu.yu.dbimpl.file.FileMgr write
INFO: Finished write
Sep 26, 2023 4:20:21 PM edu.yu.dbimpl.file.FileMgr read
INFO: read called with BlockIdBase: edu.yu.dbimpl.file.BlockId@50e32998 and PageBase: edu.yu.dbimpl.file.Page@5fc76532
Sep 26, 2023 4:20:21 PM edu.yu.dbimpl.file.Page getBytes
INFO: getBytes called with offset: 0
Sep 26, 2023 4:20:21 PM edu.yu.dbimpl.file.FileMgr read
INFO: Getting type to read: String
Sep 26, 2023 4:20:21 PM edu.yu.dbimpl.file.Page setString
INFO: setString called with offset: 0 and String: Hello, World!58
Sep 26, 2023 4:20:21 PM edu.yu.dbimpl.file.FileMgr append
INFO: append called with filename: testFileModulePerformance59
Sep 26, 2023 4:20:21 PM edu.yu.dbimpl.file.FileMgr append
INFO: Writing to file: src/test/java/edu/yu/dbimpl/testingDirectory/testFileModulePerformance59
Sep 26, 2023 4:20:21 PM edu.yu.dbimpl.file.Page <init>
INFO: Page created with blocksize 50000
Sep 26, 2023 4:20:21 PM edu.yu.dbimpl.file.Page setString
INFO: setString called with offset: 0 and String: Hello, World!59
Sep 26, 2023 4:20:21 PM edu.yu.dbimpl.file.FileMgr write
INFO: write called with BlockIdBase: edu.yu.dbimpl.file.BlockId@2e268c19 and PageBase: edu.yu.dbimpl.file.Page@baf87a5
Sep 26, 2023 4:20:21 PM edu.yu.dbimpl.file.FileMgr write
INFO: Getting type to write: String
Sep 26, 2023 4:20:21 PM edu.yu.dbimpl.file.FileMgr write
INFO: Writing to file: src/test/java/edu/yu/dbimpl/testingDirectory/testFileModulePerformance59
Sep 26, 2023 4:20:21 PM edu.yu.dbimpl.file.FileMgr write
INFO: Finished write
Sep 26, 2023 4:20:21 PM edu.yu.dbimpl.file.FileMgr read
INFO: read called with BlockIdBase: edu.yu.dbimpl.file.BlockId@2e268c19 and PageBase: edu.yu.dbimpl.file.Page@baf87a5
Sep 26, 2023 4:20:21 PM edu.yu.dbimpl.file.Page getBytes
INFO: getBytes called with offset: 0
Sep 26, 2023 4:20:21 PM edu.yu.dbimpl.file.FileMgr read
INFO: Getting type to read: String
Sep 26, 2023 4:20:21 PM edu.yu.dbimpl.file.Page setString
INFO: setString called with offset: 0 and String: Hello, World!59
Sep 26, 2023 4:20:21 PM edu.yu.dbimpl.file.FileMgr append
INFO: append called with filename: testFileModulePerformance60
Sep 26, 2023 4:20:21 PM edu.yu.dbimpl.file.FileMgr append
INFO: Writing to file: src/test/java/edu/yu/dbimpl/testingDirectory/testFileModulePerformance60
Sep 26, 2023 4:20:21 PM edu.yu.dbimpl.file.Page <init>
INFO: Page created with blocksize 50000
Sep 26, 2023 4:20:21 PM edu.yu.dbimpl.file.Page setString
INFO: setString called with offset: 0 and String: Hello, World!60
Sep 26, 2023 4:20:21 PM edu.yu.dbimpl.file.FileMgr write
INFO: write called with BlockIdBase: edu.yu.dbimpl.file.BlockId@42c9c0a1 and PageBase: edu.yu.dbimpl.file.Page@2643c33f
Sep 26, 2023 4:20:21 PM edu.yu.dbimpl.file.FileMgr write
INFO: Getting type to write: String
Sep 26, 2023 4:20:21 PM edu.yu.dbimpl.file.FileMgr write
INFO: Writing to file: src/test/java/edu/yu/dbimpl/testingDirectory/testFileModulePerformance60
Sep 26, 2023 4:20:21 PM edu.yu.dbimpl.file.FileMgr write
INFO: Finished write
Sep 26, 2023 4:20:21 PM edu.yu.dbimpl.file.FileMgr read
INFO: read called with BlockIdBase: edu.yu.dbimpl.file.BlockId@42c9c0a1 and PageBase: edu.yu.dbimpl.file.Page@2643c33f
Sep 26, 2023 4:20:21 PM edu.yu.dbimpl.file.Page getBytes
INFO: getBytes called with offset: 0
Sep 26, 2023 4:20:21 PM edu.yu.dbimpl.file.FileMgr read
INFO: Getting type to read: String
Sep 26, 2023 4:20:21 PM edu.yu.dbimpl.file.Page setString
INFO: setString called with offset: 0 and String: Hello, World!60
Sep 26, 2023 4:20:21 PM edu.yu.dbimpl.file.FileMgr append
INFO: append called with filename: testFileModulePerformance61
Sep 26, 2023 4:20:21 PM edu.yu.dbimpl.file.FileMgr append
INFO: Writing to file: src/test/java/edu/yu/dbimpl/testingDirectory/testFileModulePerformance61
Sep 26, 2023 4:20:21 PM edu.yu.dbimpl.file.Page <init>
INFO: Page created with blocksize 50000
Sep 26, 2023 4:20:21 PM edu.yu.dbimpl.file.Page setString
INFO: setString called with offset: 0 and String: Hello, World!61
Sep 26, 2023 4:20:21 PM edu.yu.dbimpl.file.FileMgr write
INFO: write called with BlockIdBase: edu.yu.dbimpl.file.BlockId@3c1fd5aa and PageBase: edu.yu.dbimpl.file.Page@4bfaff23
Sep 26, 2023 4:20:21 PM edu.yu.dbimpl.file.FileMgr write
INFO: Getting type to write: String
Sep 26, 2023 4:20:21 PM edu.yu.dbimpl.file.FileMgr write
INFO: Writing to file: src/test/java/edu/yu/dbimpl/testingDirectory/testFileModulePerformance61
Sep 26, 2023 4:20:21 PM edu.yu.dbimpl.file.FileMgr write
INFO: Finished write
Sep 26, 2023 4:20:21 PM edu.yu.dbimpl.file.FileMgr read
INFO: read called with BlockIdBase: edu.yu.dbimpl.file.BlockId@3c1fd5aa and PageBase: edu.yu.dbimpl.file.Page@4bfaff23
Sep 26, 2023 4:20:21 PM edu.yu.dbimpl.file.Page getBytes
INFO: getBytes called with offset: 0
Sep 26, 2023 4:20:21 PM edu.yu.dbimpl.file.FileMgr read
INFO: Getting type to read: String
Sep 26, 2023 4:20:21 PM edu.yu.dbimpl.file.Page setString
INFO: setString called with offset: 0 and String: Hello, World!61
Sep 26, 2023 4:20:21 PM edu.yu.dbimpl.file.FileMgr append
INFO: append called with filename: testFileModulePerformance62
Sep 26, 2023 4:20:21 PM edu.yu.dbimpl.file.FileMgr append
INFO: Writing to file: src/test/java/edu/yu/dbimpl/testingDirectory/testFileModulePerformance62
Sep 26, 2023 4:20:21 PM edu.yu.dbimpl.file.Page <init>
INFO: Page created with blocksize 50000
Sep 26, 2023 4:20:21 PM edu.yu.dbimpl.file.Page setString
INFO: setString called with offset: 0 and String: Hello, World!62
Sep 26, 2023 4:20:21 PM edu.yu.dbimpl.file.FileMgr write
INFO: write called with BlockIdBase: edu.yu.dbimpl.file.BlockId@47bae235 and PageBase: edu.yu.dbimpl.file.Page@7f588bc6
Sep 26, 2023 4:20:21 PM edu.yu.dbimpl.file.FileMgr write
INFO: Getting type to write: String
Sep 26, 2023 4:20:21 PM edu.yu.dbimpl.file.FileMgr write
INFO: Writing to file: src/test/java/edu/yu/dbimpl/testingDirectory/testFileModulePerformance62
Sep 26, 2023 4:20:21 PM edu.yu.dbimpl.file.FileMgr write
INFO: Finished write
Sep 26, 2023 4:20:21 PM edu.yu.dbimpl.file.FileMgr read
INFO: read called with BlockIdBase: edu.yu.dbimpl.file.BlockId@47bae235 and PageBase: edu.yu.dbimpl.file.Page@7f588bc6
Sep 26, 2023 4:20:21 PM edu.yu.dbimpl.file.Page getBytes
INFO: getBytes called with offset: 0
Sep 26, 2023 4:20:21 PM edu.yu.dbimpl.file.FileMgr read
INFO: Getting type to read: String
Sep 26, 2023 4:20:21 PM edu.yu.dbimpl.file.Page setString
INFO: setString called with offset: 0 and String: Hello, World!62
Sep 26, 2023 4:20:21 PM edu.yu.dbimpl.file.FileMgr append
INFO: append called with filename: testFileModulePerformance63
Sep 26, 2023 4:20:21 PM edu.yu.dbimpl.file.FileMgr append
INFO: Writing to file: src/test/java/edu/yu/dbimpl/testingDirectory/testFileModulePerformance63
Sep 26, 2023 4:20:21 PM edu.yu.dbimpl.file.Page <init>
INFO: Page created with blocksize 50000
Sep 26, 2023 4:20:21 PM edu.yu.dbimpl.file.Page setString
INFO: setString called with offset: 0 and String: Hello, World!63
Sep 26, 2023 4:20:21 PM edu.yu.dbimpl.file.FileMgr write
INFO: write called with BlockIdBase: edu.yu.dbimpl.file.BlockId@3da8a302 and PageBase: edu.yu.dbimpl.file.Page@21b75073
Sep 26, 2023 4:20:21 PM edu.yu.dbimpl.file.FileMgr write
INFO: Getting type to write: String
Sep 26, 2023 4:20:21 PM edu.yu.dbimpl.file.FileMgr write
INFO: Writing to file: src/test/java/edu/yu/dbimpl/testingDirectory/testFileModulePerformance63
Sep 26, 2023 4:20:21 PM edu.yu.dbimpl.file.FileMgr write
INFO: Finished write
Sep 26, 2023 4:20:21 PM edu.yu.dbimpl.file.FileMgr read
INFO: read called with BlockIdBase: edu.yu.dbimpl.file.BlockId@3da8a302 and PageBase: edu.yu.dbimpl.file.Page@21b75073
Sep 26, 2023 4:20:21 PM edu.yu.dbimpl.file.Page getBytes
INFO: getBytes called with offset: 0
Sep 26, 2023 4:20:21 PM edu.yu.dbimpl.file.FileMgr read
INFO: Getting type to read: String
Sep 26, 2023 4:20:21 PM edu.yu.dbimpl.file.Page setString
INFO: setString called with offset: 0 and String: Hello, World!63
Sep 26, 2023 4:20:21 PM edu.yu.dbimpl.file.FileMgr append
INFO: append called with filename: testFileModulePerformance64
Sep 26, 2023 4:20:21 PM edu.yu.dbimpl.file.FileMgr append
INFO: Writing to file: src/test/java/edu/yu/dbimpl/testingDirectory/testFileModulePerformance64
Sep 26, 2023 4:20:21 PM edu.yu.dbimpl.file.Page <init>
INFO: Page created with blocksize 50000
Sep 26, 2023 4:20:21 PM edu.yu.dbimpl.file.Page setString
INFO: setString called with offset: 0 and String: Hello, World!64
Sep 26, 2023 4:20:21 PM edu.yu.dbimpl.file.FileMgr write
INFO: write called with BlockIdBase: edu.yu.dbimpl.file.BlockId@318ca53a and PageBase: edu.yu.dbimpl.file.Page@ab11e76
Sep 26, 2023 4:20:21 PM edu.yu.dbimpl.file.FileMgr write
INFO: Getting type to write: String
Sep 26, 2023 4:20:21 PM edu.yu.dbimpl.file.FileMgr write
INFO: Writing to file: src/test/java/edu/yu/dbimpl/testingDirectory/testFileModulePerformance64
Sep 26, 2023 4:20:21 PM edu.yu.dbimpl.file.FileMgr write
INFO: Finished write
Sep 26, 2023 4:20:21 PM edu.yu.dbimpl.file.FileMgr read
INFO: read called with BlockIdBase: edu.yu.dbimpl.file.BlockId@318ca53a and PageBase: edu.yu.dbimpl.file.Page@ab11e76
Sep 26, 2023 4:20:21 PM edu.yu.dbimpl.file.Page getBytes
INFO: getBytes called with offset: 0
Sep 26, 2023 4:20:21 PM edu.yu.dbimpl.file.FileMgr read
INFO: Getting type to read: String
Sep 26, 2023 4:20:21 PM edu.yu.dbimpl.file.Page setString
INFO: setString called with offset: 0 and String: Hello, World!64
Sep 26, 2023 4:20:21 PM edu.yu.dbimpl.file.FileMgr append
INFO: append called with filename: testFileModulePerformance65
Sep 26, 2023 4:20:21 PM edu.yu.dbimpl.file.FileMgr append
INFO: Writing to file: src/test/java/edu/yu/dbimpl/testingDirectory/testFileModulePerformance65
Sep 26, 2023 4:20:21 PM edu.yu.dbimpl.file.Page <init>
INFO: Page created with blocksize 50000
Sep 26, 2023 4:20:21 PM edu.yu.dbimpl.file.Page setString
INFO: setString called with offset: 0 and String: Hello, World!65
Sep 26, 2023 4:20:21 PM edu.yu.dbimpl.file.FileMgr write
INFO: write called with BlockIdBase: edu.yu.dbimpl.file.BlockId@72f91c91 and PageBase: edu.yu.dbimpl.file.Page@69d6fe75
Sep 26, 2023 4:20:21 PM edu.yu.dbimpl.file.FileMgr write
INFO: Getting type to write: String
Sep 26, 2023 4:20:21 PM edu.yu.dbimpl.file.FileMgr write
INFO: Writing to file: src/test/java/edu/yu/dbimpl/testingDirectory/testFileModulePerformance65
Sep 26, 2023 4:20:21 PM edu.yu.dbimpl.file.FileMgr write
INFO: Finished write
Sep 26, 2023 4:20:21 PM edu.yu.dbimpl.file.FileMgr read
INFO: read called with BlockIdBase: edu.yu.dbimpl.file.BlockId@72f91c91 and PageBase: edu.yu.dbimpl.file.Page@69d6fe75
Sep 26, 2023 4:20:21 PM edu.yu.dbimpl.file.Page getBytes
INFO: getBytes called with offset: 0
Sep 26, 2023 4:20:21 PM edu.yu.dbimpl.file.FileMgr read
INFO: Getting type to read: String
Sep 26, 2023 4:20:21 PM edu.yu.dbimpl.file.Page setString
INFO: setString called with offset: 0 and String: Hello, World!65
Sep 26, 2023 4:20:21 PM edu.yu.dbimpl.file.FileMgr append
INFO: append called with filename: testFileModulePerformance66
Sep 26, 2023 4:20:21 PM edu.yu.dbimpl.file.FileMgr append
INFO: Writing to file: src/test/java/edu/yu/dbimpl/testingDirectory/testFileModulePerformance66
Sep 26, 2023 4:20:21 PM edu.yu.dbimpl.file.Page <init>
INFO: Page created with blocksize 50000
Sep 26, 2023 4:20:21 PM edu.yu.dbimpl.file.Page setString
INFO: setString called with offset: 0 and String: Hello, World!66
Sep 26, 2023 4:20:21 PM edu.yu.dbimpl.file.FileMgr write
INFO: write called with BlockIdBase: edu.yu.dbimpl.file.BlockId@3d273300 and PageBase: edu.yu.dbimpl.file.Page@3fe7c87c
Sep 26, 2023 4:20:21 PM edu.yu.dbimpl.file.FileMgr write
INFO: Getting type to write: String
Sep 26, 2023 4:20:21 PM edu.yu.dbimpl.file.FileMgr write
INFO: Writing to file: src/test/java/edu/yu/dbimpl/testingDirectory/testFileModulePerformance66
Sep 26, 2023 4:20:21 PM edu.yu.dbimpl.file.FileMgr write
INFO: Finished write
Sep 26, 2023 4:20:21 PM edu.yu.dbimpl.file.FileMgr read
INFO: read called with BlockIdBase: edu.yu.dbimpl.file.BlockId@3d273300 and PageBase: edu.yu.dbimpl.file.Page@3fe7c87c
Sep 26, 2023 4:20:21 PM edu.yu.dbimpl.file.Page getBytes
INFO: getBytes called with offset: 0
Sep 26, 2023 4:20:21 PM edu.yu.dbimpl.file.FileMgr read
INFO: Getting type to read: String
Sep 26, 2023 4:20:21 PM edu.yu.dbimpl.file.Page setString
INFO: setString called with offset: 0 and String: Hello, World!66
Sep 26, 2023 4:20:21 PM edu.yu.dbimpl.file.FileMgr append
INFO: append called with filename: testFileModulePerformance67
Sep 26, 2023 4:20:21 PM edu.yu.dbimpl.file.FileMgr append
INFO: Writing to file: src/test/java/edu/yu/dbimpl/testingDirectory/testFileModulePerformance67
Sep 26, 2023 4:20:21 PM edu.yu.dbimpl.file.Page <init>
INFO: Page created with blocksize 50000
Sep 26, 2023 4:20:21 PM edu.yu.dbimpl.file.Page setString
INFO: setString called with offset: 0 and String: Hello, World!67
Sep 26, 2023 4:20:21 PM edu.yu.dbimpl.file.FileMgr write
INFO: write called with BlockIdBase: edu.yu.dbimpl.file.BlockId@5c04685 and PageBase: edu.yu.dbimpl.file.Page@5bbb351e
Sep 26, 2023 4:20:21 PM edu.yu.dbimpl.file.FileMgr write
INFO: Getting type to write: String
Sep 26, 2023 4:20:21 PM edu.yu.dbimpl.file.FileMgr write
INFO: Writing to file: src/test/java/edu/yu/dbimpl/testingDirectory/testFileModulePerformance67
Sep 26, 2023 4:20:21 PM edu.yu.dbimpl.file.FileMgr write
INFO: Finished write
Sep 26, 2023 4:20:21 PM edu.yu.dbimpl.file.FileMgr read
INFO: read called with BlockIdBase: edu.yu.dbimpl.file.BlockId@5c04685 and PageBase: edu.yu.dbimpl.file.Page@5bbb351e
Sep 26, 2023 4:20:21 PM edu.yu.dbimpl.file.Page getBytes
INFO: getBytes called with offset: 0
Sep 26, 2023 4:20:21 PM edu.yu.dbimpl.file.FileMgr read
INFO: Getting type to read: String
Sep 26, 2023 4:20:21 PM edu.yu.dbimpl.file.Page setString
INFO: setString called with offset: 0 and String: Hello, World!67
Sep 26, 2023 4:20:21 PM edu.yu.dbimpl.file.FileMgr append
INFO: append called with filename: testFileModulePerformance68
Sep 26, 2023 4:20:21 PM edu.yu.dbimpl.file.FileMgr append
INFO: Writing to file: src/test/java/edu/yu/dbimpl/testingDirectory/testFileModulePerformance68
Sep 26, 2023 4:20:21 PM edu.yu.dbimpl.file.Page <init>
INFO: Page created with blocksize 50000
Sep 26, 2023 4:20:21 PM edu.yu.dbimpl.file.Page setString
INFO: setString called with offset: 0 and String: Hello, World!68
Sep 26, 2023 4:20:21 PM edu.yu.dbimpl.file.FileMgr write
INFO: write called with BlockIdBase: edu.yu.dbimpl.file.BlockId@5f80b25a and PageBase: edu.yu.dbimpl.file.Page@5e2525fe
Sep 26, 2023 4:20:21 PM edu.yu.dbimpl.file.FileMgr write
INFO: Getting type to write: String
Sep 26, 2023 4:20:21 PM edu.yu.dbimpl.file.FileMgr write
INFO: Writing to file: src/test/java/edu/yu/dbimpl/testingDirectory/testFileModulePerformance68
Sep 26, 2023 4:20:21 PM edu.yu.dbimpl.file.FileMgr write
INFO: Finished write
Sep 26, 2023 4:20:21 PM edu.yu.dbimpl.file.FileMgr read
INFO: read called with BlockIdBase: edu.yu.dbimpl.file.BlockId@5f80b25a and PageBase: edu.yu.dbimpl.file.Page@5e2525fe
Sep 26, 2023 4:20:21 PM edu.yu.dbimpl.file.Page getBytes
INFO: getBytes called with offset: 0
Sep 26, 2023 4:20:21 PM edu.yu.dbimpl.file.FileMgr read
INFO: Getting type to read: String
Sep 26, 2023 4:20:21 PM edu.yu.dbimpl.file.Page setString
INFO: setString called with offset: 0 and String: Hello, World!68
Sep 26, 2023 4:20:21 PM edu.yu.dbimpl.file.FileMgr append
INFO: append called with filename: testFileModulePerformance69
Sep 26, 2023 4:20:21 PM edu.yu.dbimpl.file.FileMgr append
INFO: Writing to file: src/test/java/edu/yu/dbimpl/testingDirectory/testFileModulePerformance69
Sep 26, 2023 4:20:21 PM edu.yu.dbimpl.file.Page <init>
INFO: Page created with blocksize 50000
Sep 26, 2023 4:20:21 PM edu.yu.dbimpl.file.Page setString
INFO: setString called with offset: 0 and String: Hello, World!69
Sep 26, 2023 4:20:21 PM edu.yu.dbimpl.file.FileMgr write
INFO: write called with BlockIdBase: edu.yu.dbimpl.file.BlockId@59d6a4d1 and PageBase: edu.yu.dbimpl.file.Page@5b476930
Sep 26, 2023 4:20:21 PM edu.yu.dbimpl.file.FileMgr write
INFO: Getting type to write: String
Sep 26, 2023 4:20:21 PM edu.yu.dbimpl.file.FileMgr write
INFO: Writing to file: src/test/java/edu/yu/dbimpl/testingDirectory/testFileModulePerformance69
Sep 26, 2023 4:20:21 PM edu.yu.dbimpl.file.FileMgr write
INFO: Finished write
Sep 26, 2023 4:20:21 PM edu.yu.dbimpl.file.FileMgr read
INFO: read called with BlockIdBase: edu.yu.dbimpl.file.BlockId@59d6a4d1 and PageBase: edu.yu.dbimpl.file.Page@5b476930
Sep 26, 2023 4:20:21 PM edu.yu.dbimpl.file.Page getBytes
INFO: getBytes called with offset: 0
Sep 26, 2023 4:20:21 PM edu.yu.dbimpl.file.FileMgr read
INFO: Getting type to read: String
Sep 26, 2023 4:20:21 PM edu.yu.dbimpl.file.Page setString
INFO: setString called with offset: 0 and String: Hello, World!69
Sep 26, 2023 4:20:21 PM edu.yu.dbimpl.file.FileMgr append
INFO: append called with filename: testFileModulePerformance70
Sep 26, 2023 4:20:21 PM edu.yu.dbimpl.file.FileMgr append
INFO: Writing to file: src/test/java/edu/yu/dbimpl/testingDirectory/testFileModulePerformance70
Sep 26, 2023 4:20:21 PM edu.yu.dbimpl.file.Page <init>
INFO: Page created with blocksize 50000
Sep 26, 2023 4:20:21 PM edu.yu.dbimpl.file.Page setString
INFO: setString called with offset: 0 and String: Hello, World!70
Sep 26, 2023 4:20:21 PM edu.yu.dbimpl.file.FileMgr write
INFO: write called with BlockIdBase: edu.yu.dbimpl.file.BlockId@18f1260 and PageBase: edu.yu.dbimpl.file.Page@7672dd7a
Sep 26, 2023 4:20:21 PM edu.yu.dbimpl.file.FileMgr write
INFO: Getting type to write: String
Sep 26, 2023 4:20:21 PM edu.yu.dbimpl.file.FileMgr write
INFO: Writing to file: src/test/java/edu/yu/dbimpl/testingDirectory/testFileModulePerformance70
Sep 26, 2023 4:20:21 PM edu.yu.dbimpl.file.FileMgr write
INFO: Finished write
Sep 26, 2023 4:20:21 PM edu.yu.dbimpl.file.FileMgr read
INFO: read called with BlockIdBase: edu.yu.dbimpl.file.BlockId@18f1260 and PageBase: edu.yu.dbimpl.file.Page@7672dd7a
Sep 26, 2023 4:20:21 PM edu.yu.dbimpl.file.Page getBytes
INFO: getBytes called with offset: 0
Sep 26, 2023 4:20:21 PM edu.yu.dbimpl.file.FileMgr read
INFO: Getting type to read: String
Sep 26, 2023 4:20:21 PM edu.yu.dbimpl.file.Page setString
INFO: setString called with offset: 0 and String: Hello, World!70
Sep 26, 2023 4:20:21 PM edu.yu.dbimpl.file.FileMgr append
INFO: append called with filename: testFileModulePerformance71
Sep 26, 2023 4:20:21 PM edu.yu.dbimpl.file.FileMgr append
INFO: Writing to file: src/test/java/edu/yu/dbimpl/testingDirectory/testFileModulePerformance71
Sep 26, 2023 4:20:21 PM edu.yu.dbimpl.file.Page <init>
INFO: Page created with blocksize 50000
Sep 26, 2023 4:20:21 PM edu.yu.dbimpl.file.Page setString
INFO: setString called with offset: 0 and String: Hello, World!71
Sep 26, 2023 4:20:21 PM edu.yu.dbimpl.file.FileMgr write
INFO: write called with BlockIdBase: edu.yu.dbimpl.file.BlockId@1aee0f49 and PageBase: edu.yu.dbimpl.file.Page@7a80ebcd
Sep 26, 2023 4:20:21 PM edu.yu.dbimpl.file.FileMgr write
INFO: Getting type to write: String
Sep 26, 2023 4:20:21 PM edu.yu.dbimpl.file.FileMgr write
INFO: Writing to file: src/test/java/edu/yu/dbimpl/testingDirectory/testFileModulePerformance71
Sep 26, 2023 4:20:21 PM edu.yu.dbimpl.file.FileMgr write
INFO: Finished write
Sep 26, 2023 4:20:21 PM edu.yu.dbimpl.file.FileMgr read
INFO: read called with BlockIdBase: edu.yu.dbimpl.file.BlockId@1aee0f49 and PageBase: edu.yu.dbimpl.file.Page@7a80ebcd
Sep 26, 2023 4:20:21 PM edu.yu.dbimpl.file.Page getBytes
INFO: getBytes called with offset: 0
Sep 26, 2023 4:20:21 PM edu.yu.dbimpl.file.FileMgr read
INFO: Getting type to read: String
Sep 26, 2023 4:20:21 PM edu.yu.dbimpl.file.Page setString
INFO: setString called with offset: 0 and String: Hello, World!71
Sep 26, 2023 4:20:21 PM edu.yu.dbimpl.file.FileMgr append
INFO: append called with filename: testFileModulePerformance72
Sep 26, 2023 4:20:21 PM edu.yu.dbimpl.file.FileMgr append
INFO: Writing to file: src/test/java/edu/yu/dbimpl/testingDirectory/testFileModulePerformance72
Sep 26, 2023 4:20:21 PM edu.yu.dbimpl.file.Page <init>
INFO: Page created with blocksize 50000
Sep 26, 2023 4:20:21 PM edu.yu.dbimpl.file.Page setString
INFO: setString called with offset: 0 and String: Hello, World!72
Sep 26, 2023 4:20:21 PM edu.yu.dbimpl.file.FileMgr write
INFO: write called with BlockIdBase: edu.yu.dbimpl.file.BlockId@365eaef and PageBase: edu.yu.dbimpl.file.Page@631c6ef4
Sep 26, 2023 4:20:21 PM edu.yu.dbimpl.file.FileMgr write
INFO: Getting type to write: String
Sep 26, 2023 4:20:21 PM edu.yu.dbimpl.file.FileMgr write
INFO: Writing to file: src/test/java/edu/yu/dbimpl/testingDirectory/testFileModulePerformance72
Sep 26, 2023 4:20:21 PM edu.yu.dbimpl.file.FileMgr write
INFO: Finished write
Sep 26, 2023 4:20:21 PM edu.yu.dbimpl.file.FileMgr read
INFO: read called with BlockIdBase: edu.yu.dbimpl.file.BlockId@365eaef and PageBase: edu.yu.dbimpl.file.Page@631c6ef4
Sep 26, 2023 4:20:21 PM edu.yu.dbimpl.file.Page getBytes
INFO: getBytes called with offset: 0
Sep 26, 2023 4:20:21 PM edu.yu.dbimpl.file.FileMgr read
INFO: Getting type to read: String
Sep 26, 2023 4:20:21 PM edu.yu.dbimpl.file.Page setString
INFO: setString called with offset: 0 and String: Hello, World!72
Sep 26, 2023 4:20:21 PM edu.yu.dbimpl.file.FileMgr append
INFO: append called with filename: testFileModulePerformance73
Sep 26, 2023 4:20:21 PM edu.yu.dbimpl.file.FileMgr append
INFO: Writing to file: src/test/java/edu/yu/dbimpl/testingDirectory/testFileModulePerformance73
Sep 26, 2023 4:20:21 PM edu.yu.dbimpl.file.Page <init>
INFO: Page created with blocksize 50000
Sep 26, 2023 4:20:21 PM edu.yu.dbimpl.file.Page setString
INFO: setString called with offset: 0 and String: Hello, World!73
Sep 26, 2023 4:20:21 PM edu.yu.dbimpl.file.FileMgr write
INFO: write called with BlockIdBase: edu.yu.dbimpl.file.BlockId@9e2b199 and PageBase: edu.yu.dbimpl.file.Page@7441edeb
Sep 26, 2023 4:20:21 PM edu.yu.dbimpl.file.FileMgr write
INFO: Getting type to write: String
Sep 26, 2023 4:20:21 PM edu.yu.dbimpl.file.FileMgr write
INFO: Writing to file: src/test/java/edu/yu/dbimpl/testingDirectory/testFileModulePerformance73
Sep 26, 2023 4:20:21 PM edu.yu.dbimpl.file.FileMgr write
INFO: Finished write
Sep 26, 2023 4:20:21 PM edu.yu.dbimpl.file.FileMgr read
INFO: read called with BlockIdBase: edu.yu.dbimpl.file.BlockId@9e2b199 and PageBase: edu.yu.dbimpl.file.Page@7441edeb
Sep 26, 2023 4:20:21 PM edu.yu.dbimpl.file.Page getBytes
INFO: getBytes called with offset: 0
Sep 26, 2023 4:20:21 PM edu.yu.dbimpl.file.FileMgr read
INFO: Getting type to read: String
Sep 26, 2023 4:20:21 PM edu.yu.dbimpl.file.Page setString
INFO: setString called with offset: 0 and String: Hello, World!73
Sep 26, 2023 4:20:21 PM edu.yu.dbimpl.file.FileMgr append
INFO: append called with filename: testFileModulePerformance74
Sep 26, 2023 4:20:21 PM edu.yu.dbimpl.file.FileMgr append
INFO: Writing to file: src/test/java/edu/yu/dbimpl/testingDirectory/testFileModulePerformance74
Sep 26, 2023 4:20:21 PM edu.yu.dbimpl.file.Page <init>
INFO: Page created with blocksize 50000
Sep 26, 2023 4:20:21 PM edu.yu.dbimpl.file.Page setString
INFO: setString called with offset: 0 and String: Hello, World!74
Sep 26, 2023 4:20:21 PM edu.yu.dbimpl.file.FileMgr write
INFO: write called with BlockIdBase: edu.yu.dbimpl.file.BlockId@58df431e and PageBase: edu.yu.dbimpl.file.Page@5834fd3f
Sep 26, 2023 4:20:21 PM edu.yu.dbimpl.file.FileMgr write
INFO: Getting type to write: String
Sep 26, 2023 4:20:21 PM edu.yu.dbimpl.file.FileMgr write
INFO: Writing to file: src/test/java/edu/yu/dbimpl/testingDirectory/testFileModulePerformance74
Sep 26, 2023 4:20:21 PM edu.yu.dbimpl.file.FileMgr write
INFO: Finished write
Sep 26, 2023 4:20:21 PM edu.yu.dbimpl.file.FileMgr read
INFO: read called with BlockIdBase: edu.yu.dbimpl.file.BlockId@58df431e and PageBase: edu.yu.dbimpl.file.Page@5834fd3f
Sep 26, 2023 4:20:21 PM edu.yu.dbimpl.file.Page getBytes
INFO: getBytes called with offset: 0
Sep 26, 2023 4:20:21 PM edu.yu.dbimpl.file.FileMgr read
INFO: Getting type to read: String
Sep 26, 2023 4:20:21 PM edu.yu.dbimpl.file.Page setString
INFO: setString called with offset: 0 and String: Hello, World!74
Sep 26, 2023 4:20:21 PM edu.yu.dbimpl.file.FileMgr append
INFO: append called with filename: testFileModulePerformance75
Sep 26, 2023 4:20:21 PM edu.yu.dbimpl.file.FileMgr append
INFO: Writing to file: src/test/java/edu/yu/dbimpl/testingDirectory/testFileModulePerformance75
Sep 26, 2023 4:20:21 PM edu.yu.dbimpl.file.Page <init>
INFO: Page created with blocksize 50000
Sep 26, 2023 4:20:21 PM edu.yu.dbimpl.file.Page setString
INFO: setString called with offset: 0 and String: Hello, World!75
Sep 26, 2023 4:20:21 PM edu.yu.dbimpl.file.FileMgr write
INFO: write called with BlockIdBase: edu.yu.dbimpl.file.BlockId@4446e1d9 and PageBase: edu.yu.dbimpl.file.Page@3f13720f
Sep 26, 2023 4:20:21 PM edu.yu.dbimpl.file.FileMgr write
INFO: Getting type to write: String
Sep 26, 2023 4:20:21 PM edu.yu.dbimpl.file.FileMgr write
INFO: Writing to file: src/test/java/edu/yu/dbimpl/testingDirectory/testFileModulePerformance75
Sep 26, 2023 4:20:21 PM edu.yu.dbimpl.file.FileMgr write
INFO: Finished write
Sep 26, 2023 4:20:21 PM edu.yu.dbimpl.file.FileMgr read
INFO: read called with BlockIdBase: edu.yu.dbimpl.file.BlockId@4446e1d9 and PageBase: edu.yu.dbimpl.file.Page@3f13720f
Sep 26, 2023 4:20:21 PM edu.yu.dbimpl.file.Page getBytes
INFO: getBytes called with offset: 0
Sep 26, 2023 4:20:21 PM edu.yu.dbimpl.file.FileMgr read
INFO: Getting type to read: String
Sep 26, 2023 4:20:21 PM edu.yu.dbimpl.file.Page setString
INFO: setString called with offset: 0 and String: Hello, World!75
Sep 26, 2023 4:20:21 PM edu.yu.dbimpl.file.FileMgr append
INFO: append called with filename: testFileModulePerformance76
Sep 26, 2023 4:20:21 PM edu.yu.dbimpl.file.FileMgr append
INFO: Writing to file: src/test/java/edu/yu/dbimpl/testingDirectory/testFileModulePerformance76
Sep 26, 2023 4:20:21 PM edu.yu.dbimpl.file.Page <init>
INFO: Page created with blocksize 50000
Sep 26, 2023 4:20:21 PM edu.yu.dbimpl.file.Page setString
INFO: setString called with offset: 0 and String: Hello, World!76
Sep 26, 2023 4:20:21 PM edu.yu.dbimpl.file.FileMgr write
INFO: write called with BlockIdBase: edu.yu.dbimpl.file.BlockId@1df60140 and PageBase: edu.yu.dbimpl.file.Page@62d4dac4
Sep 26, 2023 4:20:21 PM edu.yu.dbimpl.file.FileMgr write
INFO: Getting type to write: String
Sep 26, 2023 4:20:21 PM edu.yu.dbimpl.file.FileMgr write
INFO: Writing to file: src/test/java/edu/yu/dbimpl/testingDirectory/testFileModulePerformance76
Sep 26, 2023 4:20:21 PM edu.yu.dbimpl.file.FileMgr write
INFO: Finished write
Sep 26, 2023 4:20:21 PM edu.yu.dbimpl.file.FileMgr read
INFO: read called with BlockIdBase: edu.yu.dbimpl.file.BlockId@1df60140 and PageBase: edu.yu.dbimpl.file.Page@62d4dac4
Sep 26, 2023 4:20:21 PM edu.yu.dbimpl.file.Page getBytes
INFO: getBytes called with offset: 0
Sep 26, 2023 4:20:21 PM edu.yu.dbimpl.file.FileMgr read
INFO: Getting type to read: String
Sep 26, 2023 4:20:21 PM edu.yu.dbimpl.file.Page setString
INFO: setString called with offset: 0 and String: Hello, World!76
Sep 26, 2023 4:20:21 PM edu.yu.dbimpl.file.FileMgr append
INFO: append called with filename: testFileModulePerformance77
Sep 26, 2023 4:20:21 PM edu.yu.dbimpl.file.FileMgr append
INFO: Writing to file: src/test/java/edu/yu/dbimpl/testingDirectory/testFileModulePerformance77
Sep 26, 2023 4:20:21 PM edu.yu.dbimpl.file.Page <init>
INFO: Page created with blocksize 50000
Sep 26, 2023 4:20:21 PM edu.yu.dbimpl.file.Page setString
INFO: setString called with offset: 0 and String: Hello, World!77
Sep 26, 2023 4:20:21 PM edu.yu.dbimpl.file.FileMgr write
INFO: write called with BlockIdBase: edu.yu.dbimpl.file.BlockId@11efa76e and PageBase: edu.yu.dbimpl.file.Page@35c83c56
Sep 26, 2023 4:20:21 PM edu.yu.dbimpl.file.FileMgr write
INFO: Getting type to write: String
Sep 26, 2023 4:20:21 PM edu.yu.dbimpl.file.FileMgr write
INFO: Writing to file: src/test/java/edu/yu/dbimpl/testingDirectory/testFileModulePerformance77
Sep 26, 2023 4:20:21 PM edu.yu.dbimpl.file.FileMgr write
INFO: Finished write
Sep 26, 2023 4:20:21 PM edu.yu.dbimpl.file.FileMgr read
INFO: read called with BlockIdBase: edu.yu.dbimpl.file.BlockId@11efa76e and PageBase: edu.yu.dbimpl.file.Page@35c83c56
Sep 26, 2023 4:20:21 PM edu.yu.dbimpl.file.Page getBytes
INFO: getBytes called with offset: 0
Sep 26, 2023 4:20:21 PM edu.yu.dbimpl.file.FileMgr read
INFO: Getting type to read: String
Sep 26, 2023 4:20:21 PM edu.yu.dbimpl.file.Page setString
INFO: setString called with offset: 0 and String: Hello, World!77
Sep 26, 2023 4:20:21 PM edu.yu.dbimpl.file.FileMgr append
INFO: append called with filename: testFileModulePerformance78
Sep 26, 2023 4:20:21 PM edu.yu.dbimpl.file.FileMgr append
INFO: Writing to file: src/test/java/edu/yu/dbimpl/testingDirectory/testFileModulePerformance78
Sep 26, 2023 4:20:21 PM edu.yu.dbimpl.file.Page <init>
INFO: Page created with blocksize 50000
Sep 26, 2023 4:20:21 PM edu.yu.dbimpl.file.Page setString
INFO: setString called with offset: 0 and String: Hello, World!78
Sep 26, 2023 4:20:21 PM edu.yu.dbimpl.file.FileMgr write
INFO: write called with BlockIdBase: edu.yu.dbimpl.file.BlockId@1899c7ae and PageBase: edu.yu.dbimpl.file.Page@5cdf2c83
Sep 26, 2023 4:20:21 PM edu.yu.dbimpl.file.FileMgr write
INFO: Getting type to write: String
Sep 26, 2023 4:20:21 PM edu.yu.dbimpl.file.FileMgr write
INFO: Writing to file: src/test/java/edu/yu/dbimpl/testingDirectory/testFileModulePerformance78
Sep 26, 2023 4:20:21 PM edu.yu.dbimpl.file.FileMgr write
INFO: Finished write
Sep 26, 2023 4:20:21 PM edu.yu.dbimpl.file.FileMgr read
INFO: read called with BlockIdBase: edu.yu.dbimpl.file.BlockId@1899c7ae and PageBase: edu.yu.dbimpl.file.Page@5cdf2c83
Sep 26, 2023 4:20:21 PM edu.yu.dbimpl.file.Page getBytes
INFO: getBytes called with offset: 0
Sep 26, 2023 4:20:21 PM edu.yu.dbimpl.file.FileMgr read
INFO: Getting type to read: String
Sep 26, 2023 4:20:21 PM edu.yu.dbimpl.file.Page setString
INFO: setString called with offset: 0 and String: Hello, World!78
Sep 26, 2023 4:20:21 PM edu.yu.dbimpl.file.FileMgr append
INFO: append called with filename: testFileModulePerformance79
Sep 26, 2023 4:20:21 PM edu.yu.dbimpl.file.FileMgr append
INFO: Writing to file: src/test/java/edu/yu/dbimpl/testingDirectory/testFileModulePerformance79
Sep 26, 2023 4:20:21 PM edu.yu.dbimpl.file.Page <init>
INFO: Page created with blocksize 50000
Sep 26, 2023 4:20:21 PM edu.yu.dbimpl.file.Page setString
INFO: setString called with offset: 0 and String: Hello, World!79
Sep 26, 2023 4:20:21 PM edu.yu.dbimpl.file.FileMgr write
INFO: write called with BlockIdBase: edu.yu.dbimpl.file.BlockId@30e734a1 and PageBase: edu.yu.dbimpl.file.Page@44b99467
Sep 26, 2023 4:20:21 PM edu.yu.dbimpl.file.FileMgr write
INFO: Getting type to write: String
Sep 26, 2023 4:20:21 PM edu.yu.dbimpl.file.FileMgr write
INFO: Writing to file: src/test/java/edu/yu/dbimpl/testingDirectory/testFileModulePerformance79
Sep 26, 2023 4:20:21 PM edu.yu.dbimpl.file.FileMgr write
INFO: Finished write
Sep 26, 2023 4:20:21 PM edu.yu.dbimpl.file.FileMgr read
INFO: read called with BlockIdBase: edu.yu.dbimpl.file.BlockId@30e734a1 and PageBase: edu.yu.dbimpl.file.Page@44b99467
Sep 26, 2023 4:20:21 PM edu.yu.dbimpl.file.Page getBytes
INFO: getBytes called with offset: 0
Sep 26, 2023 4:20:21 PM edu.yu.dbimpl.file.FileMgr read
INFO: Getting type to read: String
Sep 26, 2023 4:20:21 PM edu.yu.dbimpl.file.Page setString
INFO: setString called with offset: 0 and String: Hello, World!79
Sep 26, 2023 4:20:21 PM edu.yu.dbimpl.file.FileMgr append
INFO: append called with filename: testFileModulePerformance80
Sep 26, 2023 4:20:21 PM edu.yu.dbimpl.file.FileMgr append
INFO: Writing to file: src/test/java/edu/yu/dbimpl/testingDirectory/testFileModulePerformance80
Sep 26, 2023 4:20:21 PM edu.yu.dbimpl.file.Page <init>
INFO: Page created with blocksize 50000
Sep 26, 2023 4:20:21 PM edu.yu.dbimpl.file.Page setString
INFO: setString called with offset: 0 and String: Hello, World!80
Sep 26, 2023 4:20:21 PM edu.yu.dbimpl.file.FileMgr write
INFO: write called with BlockIdBase: edu.yu.dbimpl.file.BlockId@124b8fe9 and PageBase: edu.yu.dbimpl.file.Page@37d50217
Sep 26, 2023 4:20:21 PM edu.yu.dbimpl.file.FileMgr write
INFO: Getting type to write: String
Sep 26, 2023 4:20:21 PM edu.yu.dbimpl.file.FileMgr write
INFO: Writing to file: src/test/java/edu/yu/dbimpl/testingDirectory/testFileModulePerformance80
Sep 26, 2023 4:20:21 PM edu.yu.dbimpl.file.FileMgr write
INFO: Finished write
Sep 26, 2023 4:20:21 PM edu.yu.dbimpl.file.FileMgr read
INFO: read called with BlockIdBase: edu.yu.dbimpl.file.BlockId@124b8fe9 and PageBase: edu.yu.dbimpl.file.Page@37d50217
Sep 26, 2023 4:20:21 PM edu.yu.dbimpl.file.Page getBytes
INFO: getBytes called with offset: 0
Sep 26, 2023 4:20:21 PM edu.yu.dbimpl.file.FileMgr read
INFO: Getting type to read: String
Sep 26, 2023 4:20:21 PM edu.yu.dbimpl.file.Page setString
INFO: setString called with offset: 0 and String: Hello, World!80
Sep 26, 2023 4:20:21 PM edu.yu.dbimpl.file.FileMgr append
INFO: append called with filename: testFileModulePerformance81
Sep 26, 2023 4:20:21 PM edu.yu.dbimpl.file.FileMgr append
INFO: Writing to file: src/test/java/edu/yu/dbimpl/testingDirectory/testFileModulePerformance81
Sep 26, 2023 4:20:21 PM edu.yu.dbimpl.file.Page <init>
INFO: Page created with blocksize 50000
Sep 26, 2023 4:20:21 PM edu.yu.dbimpl.file.Page setString
INFO: setString called with offset: 0 and String: Hello, World!81
Sep 26, 2023 4:20:21 PM edu.yu.dbimpl.file.FileMgr write
INFO: write called with BlockIdBase: edu.yu.dbimpl.file.BlockId@3e9e7a70 and PageBase: edu.yu.dbimpl.file.Page@360ccb68
Sep 26, 2023 4:20:21 PM edu.yu.dbimpl.file.FileMgr write
INFO: Getting type to write: String
Sep 26, 2023 4:20:21 PM edu.yu.dbimpl.file.FileMgr write
INFO: Writing to file: src/test/java/edu/yu/dbimpl/testingDirectory/testFileModulePerformance81
Sep 26, 2023 4:20:21 PM edu.yu.dbimpl.file.FileMgr write
INFO: Finished write
Sep 26, 2023 4:20:21 PM edu.yu.dbimpl.file.FileMgr read
INFO: read called with BlockIdBase: edu.yu.dbimpl.file.BlockId@3e9e7a70 and PageBase: edu.yu.dbimpl.file.Page@360ccb68
Sep 26, 2023 4:20:21 PM edu.yu.dbimpl.file.Page getBytes
INFO: getBytes called with offset: 0
Sep 26, 2023 4:20:21 PM edu.yu.dbimpl.file.FileMgr read
INFO: Getting type to read: String
Sep 26, 2023 4:20:21 PM edu.yu.dbimpl.file.Page setString
INFO: setString called with offset: 0 and String: Hello, World!81
Sep 26, 2023 4:20:21 PM edu.yu.dbimpl.file.FileMgr append
INFO: append called with filename: testFileModulePerformance82
Sep 26, 2023 4:20:21 PM edu.yu.dbimpl.file.FileMgr append
INFO: Writing to file: src/test/java/edu/yu/dbimpl/testingDirectory/testFileModulePerformance82
Sep 26, 2023 4:20:21 PM edu.yu.dbimpl.file.Page <init>
INFO: Page created with blocksize 50000
Sep 26, 2023 4:20:21 PM edu.yu.dbimpl.file.Page setString
INFO: setString called with offset: 0 and String: Hello, World!82
Sep 26, 2023 4:20:21 PM edu.yu.dbimpl.file.FileMgr write
INFO: write called with BlockIdBase: edu.yu.dbimpl.file.BlockId@78762e87 and PageBase: edu.yu.dbimpl.file.Page@672c4e24
Sep 26, 2023 4:20:21 PM edu.yu.dbimpl.file.FileMgr write
INFO: Getting type to write: String
Sep 26, 2023 4:20:21 PM edu.yu.dbimpl.file.FileMgr write
INFO: Writing to file: src/test/java/edu/yu/dbimpl/testingDirectory/testFileModulePerformance82
Sep 26, 2023 4:20:21 PM edu.yu.dbimpl.file.FileMgr write
INFO: Finished write
Sep 26, 2023 4:20:21 PM edu.yu.dbimpl.file.FileMgr read
INFO: read called with BlockIdBase: edu.yu.dbimpl.file.BlockId@78762e87 and PageBase: edu.yu.dbimpl.file.Page@672c4e24
Sep 26, 2023 4:20:21 PM edu.yu.dbimpl.file.Page getBytes
INFO: getBytes called with offset: 0
Sep 26, 2023 4:20:21 PM edu.yu.dbimpl.file.FileMgr read
INFO: Getting type to read: String
Sep 26, 2023 4:20:21 PM edu.yu.dbimpl.file.Page setString
INFO: setString called with offset: 0 and String: Hello, World!82
Sep 26, 2023 4:20:21 PM edu.yu.dbimpl.file.FileMgr append
INFO: append called with filename: testFileModulePerformance83
Sep 26, 2023 4:20:21 PM edu.yu.dbimpl.file.FileMgr append
INFO: Writing to file: src/test/java/edu/yu/dbimpl/testingDirectory/testFileModulePerformance83
Sep 26, 2023 4:20:21 PM edu.yu.dbimpl.file.Page <init>
INFO: Page created with blocksize 50000
Sep 26, 2023 4:20:21 PM edu.yu.dbimpl.file.Page setString
INFO: setString called with offset: 0 and String: Hello, World!83
Sep 26, 2023 4:20:21 PM edu.yu.dbimpl.file.FileMgr write
INFO: write called with BlockIdBase: edu.yu.dbimpl.file.BlockId@2aacf54b and PageBase: edu.yu.dbimpl.file.Page@7a2b3cfd
Sep 26, 2023 4:20:21 PM edu.yu.dbimpl.file.FileMgr write
INFO: Getting type to write: String
Sep 26, 2023 4:20:21 PM edu.yu.dbimpl.file.FileMgr write
INFO: Writing to file: src/test/java/edu/yu/dbimpl/testingDirectory/testFileModulePerformance83
Sep 26, 2023 4:20:21 PM edu.yu.dbimpl.file.FileMgr write
INFO: Finished write
Sep 26, 2023 4:20:21 PM edu.yu.dbimpl.file.FileMgr read
INFO: read called with BlockIdBase: edu.yu.dbimpl.file.BlockId@2aacf54b and PageBase: edu.yu.dbimpl.file.Page@7a2b3cfd
Sep 26, 2023 4:20:21 PM edu.yu.dbimpl.file.Page getBytes
INFO: getBytes called with offset: 0
Sep 26, 2023 4:20:21 PM edu.yu.dbimpl.file.FileMgr read
INFO: Getting type to read: String
Sep 26, 2023 4:20:21 PM edu.yu.dbimpl.file.Page setString
INFO: setString called with offset: 0 and String: Hello, World!83
Sep 26, 2023 4:20:21 PM edu.yu.dbimpl.file.FileMgr append
INFO: append called with filename: testFileModulePerformance84
Sep 26, 2023 4:20:21 PM edu.yu.dbimpl.file.FileMgr append
INFO: Writing to file: src/test/java/edu/yu/dbimpl/testingDirectory/testFileModulePerformance84
Sep 26, 2023 4:20:21 PM edu.yu.dbimpl.file.Page <init>
INFO: Page created with blocksize 50000
Sep 26, 2023 4:20:21 PM edu.yu.dbimpl.file.Page setString
INFO: setString called with offset: 0 and String: Hello, World!84
Sep 26, 2023 4:20:21 PM edu.yu.dbimpl.file.FileMgr write
INFO: write called with BlockIdBase: edu.yu.dbimpl.file.BlockId@33602729 and PageBase: edu.yu.dbimpl.file.Page@3638120f
Sep 26, 2023 4:20:21 PM edu.yu.dbimpl.file.FileMgr write
INFO: Getting type to write: String
Sep 26, 2023 4:20:21 PM edu.yu.dbimpl.file.FileMgr write
INFO: Writing to file: src/test/java/edu/yu/dbimpl/testingDirectory/testFileModulePerformance84
Sep 26, 2023 4:20:21 PM edu.yu.dbimpl.file.FileMgr write
INFO: Finished write
Sep 26, 2023 4:20:21 PM edu.yu.dbimpl.file.FileMgr read
INFO: read called with BlockIdBase: edu.yu.dbimpl.file.BlockId@33602729 and PageBase: edu.yu.dbimpl.file.Page@3638120f
Sep 26, 2023 4:20:21 PM edu.yu.dbimpl.file.Page getBytes
INFO: getBytes called with offset: 0
Sep 26, 2023 4:20:21 PM edu.yu.dbimpl.file.FileMgr read
INFO: Getting type to read: String
Sep 26, 2023 4:20:21 PM edu.yu.dbimpl.file.Page setString
INFO: setString called with offset: 0 and String: Hello, World!84
Sep 26, 2023 4:20:21 PM edu.yu.dbimpl.file.FileMgr append
INFO: append called with filename: testFileModulePerformance85
Sep 26, 2023 4:20:21 PM edu.yu.dbimpl.file.FileMgr append
INFO: Writing to file: src/test/java/edu/yu/dbimpl/testingDirectory/testFileModulePerformance85
Sep 26, 2023 4:20:21 PM edu.yu.dbimpl.file.Page <init>
INFO: Page created with blocksize 50000
Sep 26, 2023 4:20:21 PM edu.yu.dbimpl.file.Page setString
INFO: setString called with offset: 0 and String: Hello, World!85
Sep 26, 2023 4:20:21 PM edu.yu.dbimpl.file.FileMgr write
INFO: write called with BlockIdBase: edu.yu.dbimpl.file.BlockId@7bf3bf2e and PageBase: edu.yu.dbimpl.file.Page@581cb879
Sep 26, 2023 4:20:21 PM edu.yu.dbimpl.file.FileMgr write
INFO: Getting type to write: String
Sep 26, 2023 4:20:21 PM edu.yu.dbimpl.file.FileMgr write
INFO: Writing to file: src/test/java/edu/yu/dbimpl/testingDirectory/testFileModulePerformance85
Sep 26, 2023 4:20:21 PM edu.yu.dbimpl.file.FileMgr write
INFO: Finished write
Sep 26, 2023 4:20:21 PM edu.yu.dbimpl.file.FileMgr read
INFO: read called with BlockIdBase: edu.yu.dbimpl.file.BlockId@7bf3bf2e and PageBase: edu.yu.dbimpl.file.Page@581cb879
Sep 26, 2023 4:20:21 PM edu.yu.dbimpl.file.Page getBytes
INFO: getBytes called with offset: 0
Sep 26, 2023 4:20:21 PM edu.yu.dbimpl.file.FileMgr read
INFO: Getting type to read: String
Sep 26, 2023 4:20:21 PM edu.yu.dbimpl.file.Page setString
INFO: setString called with offset: 0 and String: Hello, World!85
Sep 26, 2023 4:20:21 PM edu.yu.dbimpl.file.FileMgr append
INFO: append called with filename: testFileModulePerformance86
Sep 26, 2023 4:20:21 PM edu.yu.dbimpl.file.FileMgr append
INFO: Writing to file: src/test/java/edu/yu/dbimpl/testingDirectory/testFileModulePerformance86
Sep 26, 2023 4:20:21 PM edu.yu.dbimpl.file.Page <init>
INFO: Page created with blocksize 50000
Sep 26, 2023 4:20:21 PM edu.yu.dbimpl.file.Page setString
INFO: setString called with offset: 0 and String: Hello, World!86
Sep 26, 2023 4:20:21 PM edu.yu.dbimpl.file.FileMgr write
INFO: write called with BlockIdBase: edu.yu.dbimpl.file.BlockId@6a77953c and PageBase: edu.yu.dbimpl.file.Page@1c294a17
Sep 26, 2023 4:20:21 PM edu.yu.dbimpl.file.FileMgr write
INFO: Getting type to write: String
Sep 26, 2023 4:20:21 PM edu.yu.dbimpl.file.FileMgr write
INFO: Writing to file: src/test/java/edu/yu/dbimpl/testingDirectory/testFileModulePerformance86
Sep 26, 2023 4:20:21 PM edu.yu.dbimpl.file.FileMgr write
INFO: Finished write
Sep 26, 2023 4:20:21 PM edu.yu.dbimpl.file.FileMgr read
INFO: read called with BlockIdBase: edu.yu.dbimpl.file.BlockId@6a77953c and PageBase: edu.yu.dbimpl.file.Page@1c294a17
Sep 26, 2023 4:20:21 PM edu.yu.dbimpl.file.Page getBytes
INFO: getBytes called with offset: 0
Sep 26, 2023 4:20:21 PM edu.yu.dbimpl.file.FileMgr read
INFO: Getting type to read: String
Sep 26, 2023 4:20:21 PM edu.yu.dbimpl.file.Page setString
INFO: setString called with offset: 0 and String: Hello, World!86
Sep 26, 2023 4:20:21 PM edu.yu.dbimpl.file.FileMgr append
INFO: append called with filename: testFileModulePerformance87
Sep 26, 2023 4:20:21 PM edu.yu.dbimpl.file.FileMgr append
INFO: Writing to file: src/test/java/edu/yu/dbimpl/testingDirectory/testFileModulePerformance87
Sep 26, 2023 4:20:21 PM edu.yu.dbimpl.file.Page <init>
INFO: Page created with blocksize 50000
Sep 26, 2023 4:20:21 PM edu.yu.dbimpl.file.Page setString
INFO: setString called with offset: 0 and String: Hello, World!87
Sep 26, 2023 4:20:21 PM edu.yu.dbimpl.file.FileMgr write
INFO: write called with BlockIdBase: edu.yu.dbimpl.file.BlockId@7a458c73 and PageBase: edu.yu.dbimpl.file.Page@47a72c32
Sep 26, 2023 4:20:21 PM edu.yu.dbimpl.file.FileMgr write
INFO: Getting type to write: String
Sep 26, 2023 4:20:21 PM edu.yu.dbimpl.file.FileMgr write
INFO: Writing to file: src/test/java/edu/yu/dbimpl/testingDirectory/testFileModulePerformance87
Sep 26, 2023 4:20:21 PM edu.yu.dbimpl.file.FileMgr write
INFO: Finished write
Sep 26, 2023 4:20:21 PM edu.yu.dbimpl.file.FileMgr read
INFO: read called with BlockIdBase: edu.yu.dbimpl.file.BlockId@7a458c73 and PageBase: edu.yu.dbimpl.file.Page@47a72c32
Sep 26, 2023 4:20:21 PM edu.yu.dbimpl.file.Page getBytes
INFO: getBytes called with offset: 0
Sep 26, 2023 4:20:21 PM edu.yu.dbimpl.file.FileMgr read
INFO: Getting type to read: String
Sep 26, 2023 4:20:21 PM edu.yu.dbimpl.file.Page setString
INFO: setString called with offset: 0 and String: Hello, World!87
Sep 26, 2023 4:20:21 PM edu.yu.dbimpl.file.FileMgr append
INFO: append called with filename: testFileModulePerformance88
Sep 26, 2023 4:20:21 PM edu.yu.dbimpl.file.FileMgr append
INFO: Writing to file: src/test/java/edu/yu/dbimpl/testingDirectory/testFileModulePerformance88
Sep 26, 2023 4:20:21 PM edu.yu.dbimpl.file.Page <init>
INFO: Page created with blocksize 50000
Sep 26, 2023 4:20:21 PM edu.yu.dbimpl.file.Page setString
INFO: setString called with offset: 0 and String: Hello, World!88
Sep 26, 2023 4:20:21 PM edu.yu.dbimpl.file.FileMgr write
INFO: write called with BlockIdBase: edu.yu.dbimpl.file.BlockId@112f8f8f and PageBase: edu.yu.dbimpl.file.Page@4700064f
Sep 26, 2023 4:20:21 PM edu.yu.dbimpl.file.FileMgr write
INFO: Getting type to write: String
Sep 26, 2023 4:20:21 PM edu.yu.dbimpl.file.FileMgr write
INFO: Writing to file: src/test/java/edu/yu/dbimpl/testingDirectory/testFileModulePerformance88
Sep 26, 2023 4:20:21 PM edu.yu.dbimpl.file.FileMgr write
INFO: Finished write
Sep 26, 2023 4:20:21 PM edu.yu.dbimpl.file.FileMgr read
INFO: read called with BlockIdBase: edu.yu.dbimpl.file.BlockId@112f8f8f and PageBase: edu.yu.dbimpl.file.Page@4700064f
Sep 26, 2023 4:20:21 PM edu.yu.dbimpl.file.Page getBytes
INFO: getBytes called with offset: 0
Sep 26, 2023 4:20:21 PM edu.yu.dbimpl.file.FileMgr read
INFO: Getting type to read: String
Sep 26, 2023 4:20:21 PM edu.yu.dbimpl.file.Page setString
INFO: setString called with offset: 0 and String: Hello, World!88
Sep 26, 2023 4:20:21 PM edu.yu.dbimpl.file.FileMgr append
INFO: append called with filename: testFileModulePerformance89
Sep 26, 2023 4:20:21 PM edu.yu.dbimpl.file.FileMgr append
INFO: Writing to file: src/test/java/edu/yu/dbimpl/testingDirectory/testFileModulePerformance89
Sep 26, 2023 4:20:21 PM edu.yu.dbimpl.file.Page <init>
INFO: Page created with blocksize 50000
Sep 26, 2023 4:20:21 PM edu.yu.dbimpl.file.Page setString
INFO: setString called with offset: 0 and String: Hello, World!89
Sep 26, 2023 4:20:21 PM edu.yu.dbimpl.file.FileMgr write
INFO: write called with BlockIdBase: edu.yu.dbimpl.file.BlockId@11703cc8 and PageBase: edu.yu.dbimpl.file.Page@6fc84468
Sep 26, 2023 4:20:21 PM edu.yu.dbimpl.file.FileMgr write
INFO: Getting type to write: String
Sep 26, 2023 4:20:21 PM edu.yu.dbimpl.file.FileMgr write
INFO: Writing to file: src/test/java/edu/yu/dbimpl/testingDirectory/testFileModulePerformance89
Sep 26, 2023 4:20:21 PM edu.yu.dbimpl.file.FileMgr write
INFO: Finished write
Sep 26, 2023 4:20:21 PM edu.yu.dbimpl.file.FileMgr read
INFO: read called with BlockIdBase: edu.yu.dbimpl.file.BlockId@11703cc8 and PageBase: edu.yu.dbimpl.file.Page@6fc84468
Sep 26, 2023 4:20:21 PM edu.yu.dbimpl.file.Page getBytes
INFO: getBytes called with offset: 0
Sep 26, 2023 4:20:21 PM edu.yu.dbimpl.file.FileMgr read
INFO: Getting type to read: String
Sep 26, 2023 4:20:21 PM edu.yu.dbimpl.file.Page setString
INFO: setString called with offset: 0 and String: Hello, World!89
Sep 26, 2023 4:20:21 PM edu.yu.dbimpl.file.FileMgr append
INFO: append called with filename: testFileModulePerformance90
Sep 26, 2023 4:20:21 PM edu.yu.dbimpl.file.FileMgr append
INFO: Writing to file: src/test/java/edu/yu/dbimpl/testingDirectory/testFileModulePerformance90
Sep 26, 2023 4:20:21 PM edu.yu.dbimpl.file.Page <init>
INFO: Page created with blocksize 50000
Sep 26, 2023 4:20:21 PM edu.yu.dbimpl.file.Page setString
INFO: setString called with offset: 0 and String: Hello, World!90
Sep 26, 2023 4:20:21 PM edu.yu.dbimpl.file.FileMgr write
INFO: write called with BlockIdBase: edu.yu.dbimpl.file.BlockId@2f6ede9 and PageBase: edu.yu.dbimpl.file.Page@4583a186
Sep 26, 2023 4:20:21 PM edu.yu.dbimpl.file.FileMgr write
INFO: Getting type to write: String
Sep 26, 2023 4:20:21 PM edu.yu.dbimpl.file.FileMgr write
INFO: Writing to file: src/test/java/edu/yu/dbimpl/testingDirectory/testFileModulePerformance90
Sep 26, 2023 4:20:21 PM edu.yu.dbimpl.file.FileMgr write
INFO: Finished write
Sep 26, 2023 4:20:21 PM edu.yu.dbimpl.file.FileMgr read
INFO: read called with BlockIdBase: edu.yu.dbimpl.file.BlockId@2f6ede9 and PageBase: edu.yu.dbimpl.file.Page@4583a186
Sep 26, 2023 4:20:21 PM edu.yu.dbimpl.file.Page getBytes
INFO: getBytes called with offset: 0
Sep 26, 2023 4:20:21 PM edu.yu.dbimpl.file.FileMgr read
INFO: Getting type to read: String
Sep 26, 2023 4:20:21 PM edu.yu.dbimpl.file.Page setString
INFO: setString called with offset: 0 and String: Hello, World!90
Sep 26, 2023 4:20:21 PM edu.yu.dbimpl.file.FileMgr append
INFO: append called with filename: testFileModulePerformance91
Sep 26, 2023 4:20:21 PM edu.yu.dbimpl.file.FileMgr append
INFO: Writing to file: src/test/java/edu/yu/dbimpl/testingDirectory/testFileModulePerformance91
Sep 26, 2023 4:20:21 PM edu.yu.dbimpl.file.Page <init>
INFO: Page created with blocksize 50000
Sep 26, 2023 4:20:21 PM edu.yu.dbimpl.file.Page setString
INFO: setString called with offset: 0 and String: Hello, World!91
Sep 26, 2023 4:20:21 PM edu.yu.dbimpl.file.FileMgr write
INFO: write called with BlockIdBase: edu.yu.dbimpl.file.BlockId@55854382 and PageBase: edu.yu.dbimpl.file.Page@7843b65e
Sep 26, 2023 4:20:21 PM edu.yu.dbimpl.file.FileMgr write
INFO: Getting type to write: String
Sep 26, 2023 4:20:21 PM edu.yu.dbimpl.file.FileMgr write
INFO: Writing to file: src/test/java/edu/yu/dbimpl/testingDirectory/testFileModulePerformance91
Sep 26, 2023 4:20:21 PM edu.yu.dbimpl.file.FileMgr write
INFO: Finished write
Sep 26, 2023 4:20:21 PM edu.yu.dbimpl.file.FileMgr read
INFO: read called with BlockIdBase: edu.yu.dbimpl.file.BlockId@55854382 and PageBase: edu.yu.dbimpl.file.Page@7843b65e
Sep 26, 2023 4:20:21 PM edu.yu.dbimpl.file.Page getBytes
INFO: getBytes called with offset: 0
Sep 26, 2023 4:20:21 PM edu.yu.dbimpl.file.FileMgr read
INFO: Getting type to read: String
Sep 26, 2023 4:20:21 PM edu.yu.dbimpl.file.Page setString
INFO: setString called with offset: 0 and String: Hello, World!91
Sep 26, 2023 4:20:21 PM edu.yu.dbimpl.file.FileMgr append
INFO: append called with filename: testFileModulePerformance92
Sep 26, 2023 4:20:21 PM edu.yu.dbimpl.file.FileMgr append
INFO: Writing to file: src/test/java/edu/yu/dbimpl/testingDirectory/testFileModulePerformance92
Sep 26, 2023 4:20:21 PM edu.yu.dbimpl.file.Page <init>
INFO: Page created with blocksize 50000
Sep 26, 2023 4:20:21 PM edu.yu.dbimpl.file.Page setString
INFO: setString called with offset: 0 and String: Hello, World!92
Sep 26, 2023 4:20:21 PM edu.yu.dbimpl.file.FileMgr write
INFO: write called with BlockIdBase: edu.yu.dbimpl.file.BlockId@4d6f951a and PageBase: edu.yu.dbimpl.file.Page@15b882a0
Sep 26, 2023 4:20:21 PM edu.yu.dbimpl.file.FileMgr write
INFO: Getting type to write: String
Sep 26, 2023 4:20:21 PM edu.yu.dbimpl.file.FileMgr write
INFO: Writing to file: src/test/java/edu/yu/dbimpl/testingDirectory/testFileModulePerformance92
Sep 26, 2023 4:20:21 PM edu.yu.dbimpl.file.FileMgr write
INFO: Finished write
Sep 26, 2023 4:20:21 PM edu.yu.dbimpl.file.FileMgr read
INFO: read called with BlockIdBase: edu.yu.dbimpl.file.BlockId@4d6f951a and PageBase: edu.yu.dbimpl.file.Page@15b882a0
Sep 26, 2023 4:20:21 PM edu.yu.dbimpl.file.Page getBytes
INFO: getBytes called with offset: 0
Sep 26, 2023 4:20:21 PM edu.yu.dbimpl.file.FileMgr read
INFO: Getting type to read: String
Sep 26, 2023 4:20:21 PM edu.yu.dbimpl.file.Page setString
INFO: setString called with offset: 0 and String: Hello, World!92
Sep 26, 2023 4:20:21 PM edu.yu.dbimpl.file.FileMgr append
INFO: append called with filename: testFileModulePerformance93
Sep 26, 2023 4:20:21 PM edu.yu.dbimpl.file.FileMgr append
INFO: Writing to file: src/test/java/edu/yu/dbimpl/testingDirectory/testFileModulePerformance93
Sep 26, 2023 4:20:21 PM edu.yu.dbimpl.file.Page <init>
INFO: Page created with blocksize 50000
Sep 26, 2023 4:20:21 PM edu.yu.dbimpl.file.Page setString
INFO: setString called with offset: 0 and String: Hello, World!93
Sep 26, 2023 4:20:21 PM edu.yu.dbimpl.file.FileMgr write
INFO: write called with BlockIdBase: edu.yu.dbimpl.file.BlockId@6ade4ac6 and PageBase: edu.yu.dbimpl.file.Page@fcae085
Sep 26, 2023 4:20:21 PM edu.yu.dbimpl.file.FileMgr write
INFO: Getting type to write: String
Sep 26, 2023 4:20:21 PM edu.yu.dbimpl.file.FileMgr write
INFO: Writing to file: src/test/java/edu/yu/dbimpl/testingDirectory/testFileModulePerformance93
Sep 26, 2023 4:20:21 PM edu.yu.dbimpl.file.FileMgr write
INFO: Finished write
Sep 26, 2023 4:20:21 PM edu.yu.dbimpl.file.FileMgr read
INFO: read called with BlockIdBase: edu.yu.dbimpl.file.BlockId@6ade4ac6 and PageBase: edu.yu.dbimpl.file.Page@fcae085
Sep 26, 2023 4:20:21 PM edu.yu.dbimpl.file.Page getBytes
INFO: getBytes called with offset: 0
Sep 26, 2023 4:20:21 PM edu.yu.dbimpl.file.FileMgr read
INFO: Getting type to read: String
Sep 26, 2023 4:20:21 PM edu.yu.dbimpl.file.Page setString
INFO: setString called with offset: 0 and String: Hello, World!93
Sep 26, 2023 4:20:21 PM edu.yu.dbimpl.file.FileMgr append
INFO: append called with filename: testFileModulePerformance94
Sep 26, 2023 4:20:21 PM edu.yu.dbimpl.file.FileMgr append
INFO: Writing to file: src/test/java/edu/yu/dbimpl/testingDirectory/testFileModulePerformance94
Sep 26, 2023 4:20:21 PM edu.yu.dbimpl.file.Page <init>
INFO: Page created with blocksize 50000
Sep 26, 2023 4:20:21 PM edu.yu.dbimpl.file.Page setString
INFO: setString called with offset: 0 and String: Hello, World!94
Sep 26, 2023 4:20:21 PM edu.yu.dbimpl.file.FileMgr write
INFO: write called with BlockIdBase: edu.yu.dbimpl.file.BlockId@3e3c6323 and PageBase: edu.yu.dbimpl.file.Page@6f404bc6
Sep 26, 2023 4:20:21 PM edu.yu.dbimpl.file.FileMgr write
INFO: Getting type to write: String
Sep 26, 2023 4:20:21 PM edu.yu.dbimpl.file.FileMgr write
INFO: Writing to file: src/test/java/edu/yu/dbimpl/testingDirectory/testFileModulePerformance94
Sep 26, 2023 4:20:21 PM edu.yu.dbimpl.file.FileMgr write
INFO: Finished write
Sep 26, 2023 4:20:21 PM edu.yu.dbimpl.file.FileMgr read
INFO: read called with BlockIdBase: edu.yu.dbimpl.file.BlockId@3e3c6323 and PageBase: edu.yu.dbimpl.file.Page@6f404bc6
Sep 26, 2023 4:20:21 PM edu.yu.dbimpl.file.Page getBytes
INFO: getBytes called with offset: 0
Sep 26, 2023 4:20:21 PM edu.yu.dbimpl.file.FileMgr read
INFO: Getting type to read: String
Sep 26, 2023 4:20:21 PM edu.yu.dbimpl.file.Page setString
INFO: setString called with offset: 0 and String: Hello, World!94
Sep 26, 2023 4:20:21 PM edu.yu.dbimpl.file.FileMgr append
INFO: append called with filename: testFileModulePerformance95
Sep 26, 2023 4:20:21 PM edu.yu.dbimpl.file.FileMgr append
INFO: Writing to file: src/test/java/edu/yu/dbimpl/testingDirectory/testFileModulePerformance95
Sep 26, 2023 4:20:21 PM edu.yu.dbimpl.file.Page <init>
INFO: Page created with blocksize 50000
Sep 26, 2023 4:20:21 PM edu.yu.dbimpl.file.Page setString
INFO: setString called with offset: 0 and String: Hello, World!95
Sep 26, 2023 4:20:21 PM edu.yu.dbimpl.file.FileMgr write
INFO: write called with BlockIdBase: edu.yu.dbimpl.file.BlockId@77d0a492 and PageBase: edu.yu.dbimpl.file.Page@2f46bc25
Sep 26, 2023 4:20:21 PM edu.yu.dbimpl.file.FileMgr write
INFO: Getting type to write: String
Sep 26, 2023 4:20:21 PM edu.yu.dbimpl.file.FileMgr write
INFO: Writing to file: src/test/java/edu/yu/dbimpl/testingDirectory/testFileModulePerformance95
Sep 26, 2023 4:20:21 PM edu.yu.dbimpl.file.FileMgr write
INFO: Finished write
Sep 26, 2023 4:20:21 PM edu.yu.dbimpl.file.FileMgr read
INFO: read called with BlockIdBase: edu.yu.dbimpl.file.BlockId@77d0a492 and PageBase: edu.yu.dbimpl.file.Page@2f46bc25
Sep 26, 2023 4:20:21 PM edu.yu.dbimpl.file.Page getBytes
INFO: getBytes called with offset: 0
Sep 26, 2023 4:20:21 PM edu.yu.dbimpl.file.FileMgr read
INFO: Getting type to read: String
Sep 26, 2023 4:20:21 PM edu.yu.dbimpl.file.Page setString
INFO: setString called with offset: 0 and String: Hello, World!95
Sep 26, 2023 4:20:21 PM edu.yu.dbimpl.file.FileMgr append
INFO: append called with filename: testFileModulePerformance96
Sep 26, 2023 4:20:21 PM edu.yu.dbimpl.file.FileMgr append
INFO: Writing to file: src/test/java/edu/yu/dbimpl/testingDirectory/testFileModulePerformance96
Sep 26, 2023 4:20:21 PM edu.yu.dbimpl.file.Page <init>
INFO: Page created with blocksize 50000
Sep 26, 2023 4:20:21 PM edu.yu.dbimpl.file.Page setString
INFO: setString called with offset: 0 and String: Hello, World!96
Sep 26, 2023 4:20:21 PM edu.yu.dbimpl.file.FileMgr write
INFO: write called with BlockIdBase: edu.yu.dbimpl.file.BlockId@72bef795 and PageBase: edu.yu.dbimpl.file.Page@1f4d9c7f
Sep 26, 2023 4:20:21 PM edu.yu.dbimpl.file.FileMgr write
INFO: Getting type to write: String
Sep 26, 2023 4:20:21 PM edu.yu.dbimpl.file.FileMgr write
INFO: Writing to file: src/test/java/edu/yu/dbimpl/testingDirectory/testFileModulePerformance96
Sep 26, 2023 4:20:21 PM edu.yu.dbimpl.file.FileMgr write
INFO: Finished write
Sep 26, 2023 4:20:21 PM edu.yu.dbimpl.file.FileMgr read
INFO: read called with BlockIdBase: edu.yu.dbimpl.file.BlockId@72bef795 and PageBase: edu.yu.dbimpl.file.Page@1f4d9c7f
Sep 26, 2023 4:20:21 PM edu.yu.dbimpl.file.Page getBytes
INFO: getBytes called with offset: 0
Sep 26, 2023 4:20:21 PM edu.yu.dbimpl.file.FileMgr read
INFO: Getting type to read: String
Sep 26, 2023 4:20:21 PM edu.yu.dbimpl.file.Page setString
INFO: setString called with offset: 0 and String: Hello, World!96
Sep 26, 2023 4:20:21 PM edu.yu.dbimpl.file.FileMgr append
INFO: append called with filename: testFileModulePerformance97
Sep 26, 2023 4:20:21 PM edu.yu.dbimpl.file.FileMgr append
INFO: Writing to file: src/test/java/edu/yu/dbimpl/testingDirectory/testFileModulePerformance97
Sep 26, 2023 4:20:21 PM edu.yu.dbimpl.file.Page <init>
INFO: Page created with blocksize 50000
Sep 26, 2023 4:20:21 PM edu.yu.dbimpl.file.Page setString
INFO: setString called with offset: 0 and String: Hello, World!97
Sep 26, 2023 4:20:21 PM edu.yu.dbimpl.file.FileMgr write
INFO: write called with BlockIdBase: edu.yu.dbimpl.file.BlockId@6dcb4f30 and PageBase: edu.yu.dbimpl.file.Page@77f66138
Sep 26, 2023 4:20:21 PM edu.yu.dbimpl.file.FileMgr write
INFO: Getting type to write: String
Sep 26, 2023 4:20:21 PM edu.yu.dbimpl.file.FileMgr write
INFO: Writing to file: src/test/java/edu/yu/dbimpl/testingDirectory/testFileModulePerformance97
Sep 26, 2023 4:20:21 PM edu.yu.dbimpl.file.FileMgr write
INFO: Finished write
Sep 26, 2023 4:20:21 PM edu.yu.dbimpl.file.FileMgr read
INFO: read called with BlockIdBase: edu.yu.dbimpl.file.BlockId@6dcb4f30 and PageBase: edu.yu.dbimpl.file.Page@77f66138
Sep 26, 2023 4:20:21 PM edu.yu.dbimpl.file.Page getBytes
INFO: getBytes called with offset: 0
Sep 26, 2023 4:20:21 PM edu.yu.dbimpl.file.FileMgr read
INFO: Getting type to read: String
Sep 26, 2023 4:20:21 PM edu.yu.dbimpl.file.Page setString
INFO: setString called with offset: 0 and String: Hello, World!97
Sep 26, 2023 4:20:21 PM edu.yu.dbimpl.file.FileMgr append
INFO: append called with filename: testFileModulePerformance98
Sep 26, 2023 4:20:21 PM edu.yu.dbimpl.file.FileMgr append
INFO: Writing to file: src/test/java/edu/yu/dbimpl/testingDirectory/testFileModulePerformance98
Sep 26, 2023 4:20:21 PM edu.yu.dbimpl.file.Page <init>
INFO: Page created with blocksize 50000
Sep 26, 2023 4:20:22 PM edu.yu.dbimpl.file.Page setString
INFO: setString called with offset: 0 and String: Hello, World!98
Sep 26, 2023 4:20:22 PM edu.yu.dbimpl.file.FileMgr write
INFO: write called with BlockIdBase: edu.yu.dbimpl.file.BlockId@7271320c and PageBase: edu.yu.dbimpl.file.Page@12ce659
Sep 26, 2023 4:20:22 PM edu.yu.dbimpl.file.FileMgr write
INFO: Getting type to write: String
Sep 26, 2023 4:20:22 PM edu.yu.dbimpl.file.FileMgr write
INFO: Writing to file: src/test/java/edu/yu/dbimpl/testingDirectory/testFileModulePerformance98
Sep 26, 2023 4:20:22 PM edu.yu.dbimpl.file.FileMgr write
INFO: Finished write
Sep 26, 2023 4:20:22 PM edu.yu.dbimpl.file.FileMgr read
INFO: read called with BlockIdBase: edu.yu.dbimpl.file.BlockId@7271320c and PageBase: edu.yu.dbimpl.file.Page@12ce659
Sep 26, 2023 4:20:22 PM edu.yu.dbimpl.file.Page getBytes
INFO: getBytes called with offset: 0
Sep 26, 2023 4:20:22 PM edu.yu.dbimpl.file.FileMgr read
INFO: Getting type to read: String
Sep 26, 2023 4:20:22 PM edu.yu.dbimpl.file.Page setString
INFO: setString called with offset: 0 and String: Hello, World!98
Sep 26, 2023 4:20:22 PM edu.yu.dbimpl.file.FileMgr append
INFO: append called with filename: testFileModulePerformance99
Sep 26, 2023 4:20:22 PM edu.yu.dbimpl.file.FileMgr append
INFO: Writing to file: src/test/java/edu/yu/dbimpl/testingDirectory/testFileModulePerformance99
Sep 26, 2023 4:20:22 PM edu.yu.dbimpl.file.Page <init>
INFO: Page created with blocksize 50000
Sep 26, 2023 4:20:22 PM edu.yu.dbimpl.file.Page setString
INFO: setString called with offset: 0 and String: Hello, World!99
Sep 26, 2023 4:20:22 PM edu.yu.dbimpl.file.FileMgr write
INFO: write called with BlockIdBase: edu.yu.dbimpl.file.BlockId@36299b83 and PageBase: edu.yu.dbimpl.file.Page@7212d3df
Sep 26, 2023 4:20:22 PM edu.yu.dbimpl.file.FileMgr write
INFO: Getting type to write: String
Sep 26, 2023 4:20:22 PM edu.yu.dbimpl.file.FileMgr write
INFO: Writing to file: src/test/java/edu/yu/dbimpl/testingDirectory/testFileModulePerformance99
Sep 26, 2023 4:20:22 PM edu.yu.dbimpl.file.FileMgr write
INFO: Finished write
Sep 26, 2023 4:20:22 PM edu.yu.dbimpl.file.FileMgr read
INFO: read called with BlockIdBase: edu.yu.dbimpl.file.BlockId@36299b83 and PageBase: edu.yu.dbimpl.file.Page@7212d3df
Sep 26, 2023 4:20:22 PM edu.yu.dbimpl.file.Page getBytes
INFO: getBytes called with offset: 0
Sep 26, 2023 4:20:22 PM edu.yu.dbimpl.file.FileMgr read
INFO: Getting type to read: String
Sep 26, 2023 4:20:22 PM edu.yu.dbimpl.file.Page setString
INFO: setString called with offset: 0 and String: Hello, World!99
Sep 26, 2023 4:20:22 PM edu.yu.dbimpl.file.FileMgr append
INFO: append called with filename: testFileModulePerformance100
Sep 26, 2023 4:20:22 PM edu.yu.dbimpl.file.FileMgr append
INFO: Writing to file: src/test/java/edu/yu/dbimpl/testingDirectory/testFileModulePerformance100
Sep 26, 2023 4:20:22 PM edu.yu.dbimpl.file.Page <init>
INFO: Page created with blocksize 50000
Sep 26, 2023 4:20:22 PM edu.yu.dbimpl.file.Page setString
INFO: setString called with offset: 0 and String: Hello, World!100
Sep 26, 2023 4:20:22 PM edu.yu.dbimpl.file.FileMgr write
INFO: write called with BlockIdBase: edu.yu.dbimpl.file.BlockId@9886ec3 and PageBase: edu.yu.dbimpl.file.Page@6ff05f85
Sep 26, 2023 4:20:22 PM edu.yu.dbimpl.file.FileMgr write
INFO: Getting type to write: String
Sep 26, 2023 4:20:22 PM edu.yu.dbimpl.file.FileMgr write
INFO: Writing to file: src/test/java/edu/yu/dbimpl/testingDirectory/testFileModulePerformance100
Sep 26, 2023 4:20:22 PM edu.yu.dbimpl.file.FileMgr write
INFO: Finished write
Sep 26, 2023 4:20:22 PM edu.yu.dbimpl.file.FileMgr read
INFO: read called with BlockIdBase: edu.yu.dbimpl.file.BlockId@9886ec3 and PageBase: edu.yu.dbimpl.file.Page@6ff05f85
Sep 26, 2023 4:20:22 PM edu.yu.dbimpl.file.Page getBytes
INFO: getBytes called with offset: 0
Sep 26, 2023 4:20:22 PM edu.yu.dbimpl.file.FileMgr read
INFO: Getting type to read: String
Sep 26, 2023 4:20:22 PM edu.yu.dbimpl.file.Page setString
INFO: setString called with offset: 0 and String: Hello, World!100
Sep 26, 2023 4:20:22 PM edu.yu.dbimpl.file.FileMgr append
INFO: append called with filename: testFileModulePerformance101
Sep 26, 2023 4:20:22 PM edu.yu.dbimpl.file.FileMgr append
INFO: Writing to file: src/test/java/edu/yu/dbimpl/testingDirectory/testFileModulePerformance101
Sep 26, 2023 4:20:22 PM edu.yu.dbimpl.file.Page <init>
INFO: Page created with blocksize 50000
Sep 26, 2023 4:20:22 PM edu.yu.dbimpl.file.Page setString
INFO: setString called with offset: 0 and String: Hello, World!101
Sep 26, 2023 4:20:22 PM edu.yu.dbimpl.file.FileMgr write
INFO: write called with BlockIdBase: edu.yu.dbimpl.file.BlockId@15ff247b and PageBase: edu.yu.dbimpl.file.Page@71979130
Sep 26, 2023 4:20:22 PM edu.yu.dbimpl.file.FileMgr write
INFO: Getting type to write: String
Sep 26, 2023 4:20:22 PM edu.yu.dbimpl.file.FileMgr write
INFO: Writing to file: src/test/java/edu/yu/dbimpl/testingDirectory/testFileModulePerformance101
Sep 26, 2023 4:20:22 PM edu.yu.dbimpl.file.FileMgr write
INFO: Finished write
Sep 26, 2023 4:20:22 PM edu.yu.dbimpl.file.FileMgr read
INFO: read called with BlockIdBase: edu.yu.dbimpl.file.BlockId@15ff247b and PageBase: edu.yu.dbimpl.file.Page@71979130
Sep 26, 2023 4:20:22 PM edu.yu.dbimpl.file.Page getBytes
INFO: getBytes called with offset: 0
Sep 26, 2023 4:20:22 PM edu.yu.dbimpl.file.FileMgr read
INFO: Getting type to read: String
Sep 26, 2023 4:20:22 PM edu.yu.dbimpl.file.Page setString
INFO: setString called with offset: 0 and String: Hello, World!101
Sep 26, 2023 4:20:22 PM edu.yu.dbimpl.file.FileMgr append
INFO: append called with filename: testFileModulePerformance102
Sep 26, 2023 4:20:22 PM edu.yu.dbimpl.file.FileMgr append
INFO: Writing to file: src/test/java/edu/yu/dbimpl/testingDirectory/testFileModulePerformance102
Sep 26, 2023 4:20:22 PM edu.yu.dbimpl.file.Page <init>
INFO: Page created with blocksize 50000
Sep 26, 2023 4:20:22 PM edu.yu.dbimpl.file.Page setString
INFO: setString called with offset: 0 and String: Hello, World!102
Sep 26, 2023 4:20:22 PM edu.yu.dbimpl.file.FileMgr write
INFO: write called with BlockIdBase: edu.yu.dbimpl.file.BlockId@3b2317b7 and PageBase: edu.yu.dbimpl.file.Page@56c26b21
Sep 26, 2023 4:20:22 PM edu.yu.dbimpl.file.FileMgr write
INFO: Getting type to write: String
Sep 26, 2023 4:20:22 PM edu.yu.dbimpl.file.FileMgr write
INFO: Writing to file: src/test/java/edu/yu/dbimpl/testingDirectory/testFileModulePerformance102
Sep 26, 2023 4:20:22 PM edu.yu.dbimpl.file.FileMgr write
INFO: Finished write
Sep 26, 2023 4:20:22 PM edu.yu.dbimpl.file.FileMgr read
INFO: read called with BlockIdBase: edu.yu.dbimpl.file.BlockId@3b2317b7 and PageBase: edu.yu.dbimpl.file.Page@56c26b21
Sep 26, 2023 4:20:22 PM edu.yu.dbimpl.file.Page getBytes
INFO: getBytes called with offset: 0
Sep 26, 2023 4:20:22 PM edu.yu.dbimpl.file.FileMgr read
INFO: Getting type to read: String
Sep 26, 2023 4:20:22 PM edu.yu.dbimpl.file.Page setString
INFO: setString called with offset: 0 and String: Hello, World!102
Sep 26, 2023 4:20:22 PM edu.yu.dbimpl.file.FileMgr append
INFO: append called with filename: testFileModulePerformance103
Sep 26, 2023 4:20:22 PM edu.yu.dbimpl.file.FileMgr append
INFO: Writing to file: src/test/java/edu/yu/dbimpl/testingDirectory/testFileModulePerformance103
Sep 26, 2023 4:20:22 PM edu.yu.dbimpl.file.Page <init>
INFO: Page created with blocksize 50000
Sep 26, 2023 4:20:22 PM edu.yu.dbimpl.file.Page setString
INFO: setString called with offset: 0 and String: Hello, World!103
Sep 26, 2023 4:20:22 PM edu.yu.dbimpl.file.FileMgr write
INFO: write called with BlockIdBase: edu.yu.dbimpl.file.BlockId@3a72517e and PageBase: edu.yu.dbimpl.file.Page@77a14911
Sep 26, 2023 4:20:22 PM edu.yu.dbimpl.file.FileMgr write
INFO: Getting type to write: String
Sep 26, 2023 4:20:22 PM edu.yu.dbimpl.file.FileMgr write
INFO: Writing to file: src/test/java/edu/yu/dbimpl/testingDirectory/testFileModulePerformance103
Sep 26, 2023 4:20:22 PM edu.yu.dbimpl.file.FileMgr write
INFO: Finished write
Sep 26, 2023 4:20:22 PM edu.yu.dbimpl.file.FileMgr read
INFO: read called with BlockIdBase: edu.yu.dbimpl.file.BlockId@3a72517e and PageBase: edu.yu.dbimpl.file.Page@77a14911
Sep 26, 2023 4:20:22 PM edu.yu.dbimpl.file.Page getBytes
INFO: getBytes called with offset: 0
Sep 26, 2023 4:20:22 PM edu.yu.dbimpl.file.FileMgr read
INFO: Getting type to read: String
Sep 26, 2023 4:20:22 PM edu.yu.dbimpl.file.Page setString
INFO: setString called with offset: 0 and String: Hello, World!103
Sep 26, 2023 4:20:22 PM edu.yu.dbimpl.file.FileMgr append
INFO: append called with filename: testFileModulePerformance104
Sep 26, 2023 4:20:22 PM edu.yu.dbimpl.file.FileMgr append
INFO: Writing to file: src/test/java/edu/yu/dbimpl/testingDirectory/testFileModulePerformance104
Sep 26, 2023 4:20:22 PM edu.yu.dbimpl.file.Page <init>
INFO: Page created with blocksize 50000
Sep 26, 2023 4:20:22 PM edu.yu.dbimpl.file.Page setString
INFO: setString called with offset: 0 and String: Hello, World!104
Sep 26, 2023 4:20:22 PM edu.yu.dbimpl.file.FileMgr write
INFO: write called with BlockIdBase: edu.yu.dbimpl.file.BlockId@541c76fd and PageBase: edu.yu.dbimpl.file.Page@1142843c
Sep 26, 2023 4:20:22 PM edu.yu.dbimpl.file.FileMgr write
INFO: Getting type to write: String
Sep 26, 2023 4:20:22 PM edu.yu.dbimpl.file.FileMgr write
INFO: Writing to file: src/test/java/edu/yu/dbimpl/testingDirectory/testFileModulePerformance104
Sep 26, 2023 4:20:22 PM edu.yu.dbimpl.file.FileMgr write
INFO: Finished write
Sep 26, 2023 4:20:22 PM edu.yu.dbimpl.file.FileMgr read
INFO: read called with BlockIdBase: edu.yu.dbimpl.file.BlockId@541c76fd and PageBase: edu.yu.dbimpl.file.Page@1142843c
Sep 26, 2023 4:20:22 PM edu.yu.dbimpl.file.Page getBytes
INFO: getBytes called with offset: 0
Sep 26, 2023 4:20:22 PM edu.yu.dbimpl.file.FileMgr read
INFO: Getting type to read: String
Sep 26, 2023 4:20:22 PM edu.yu.dbimpl.file.Page setString
INFO: setString called with offset: 0 and String: Hello, World!104
Sep 26, 2023 4:20:22 PM edu.yu.dbimpl.file.FileMgr append
INFO: append called with filename: testFileModulePerformance105
Sep 26, 2023 4:20:22 PM edu.yu.dbimpl.file.FileMgr append
INFO: Writing to file: src/test/java/edu/yu/dbimpl/testingDirectory/testFileModulePerformance105
Sep 26, 2023 4:20:22 PM edu.yu.dbimpl.file.Page <init>
INFO: Page created with blocksize 50000
Sep 26, 2023 4:20:22 PM edu.yu.dbimpl.file.Page setString
INFO: setString called with offset: 0 and String: Hello, World!105
Sep 26, 2023 4:20:22 PM edu.yu.dbimpl.file.FileMgr write
INFO: write called with BlockIdBase: edu.yu.dbimpl.file.BlockId@3993cecb and PageBase: edu.yu.dbimpl.file.Page@4407f129
Sep 26, 2023 4:20:22 PM edu.yu.dbimpl.file.FileMgr write
INFO: Getting type to write: String
Sep 26, 2023 4:20:22 PM edu.yu.dbimpl.file.FileMgr write
INFO: Writing to file: src/test/java/edu/yu/dbimpl/testingDirectory/testFileModulePerformance105
Sep 26, 2023 4:20:22 PM edu.yu.dbimpl.file.FileMgr write
INFO: Finished write
Sep 26, 2023 4:20:22 PM edu.yu.dbimpl.file.FileMgr read
INFO: read called with BlockIdBase: edu.yu.dbimpl.file.BlockId@3993cecb and PageBase: edu.yu.dbimpl.file.Page@4407f129
Sep 26, 2023 4:20:22 PM edu.yu.dbimpl.file.Page getBytes
INFO: getBytes called with offset: 0
Sep 26, 2023 4:20:22 PM edu.yu.dbimpl.file.FileMgr read
INFO: Getting type to read: String
Sep 26, 2023 4:20:22 PM edu.yu.dbimpl.file.Page setString
INFO: setString called with offset: 0 and String: Hello, World!105
Sep 26, 2023 4:20:22 PM edu.yu.dbimpl.file.FileMgr append
INFO: append called with filename: testFileModulePerformance106
Sep 26, 2023 4:20:22 PM edu.yu.dbimpl.file.FileMgr append
INFO: Writing to file: src/test/java/edu/yu/dbimpl/testingDirectory/testFileModulePerformance106
Sep 26, 2023 4:20:22 PM edu.yu.dbimpl.file.Page <init>
INFO: Page created with blocksize 50000
Sep 26, 2023 4:20:22 PM edu.yu.dbimpl.file.Page setString
INFO: setString called with offset: 0 and String: Hello, World!106
Sep 26, 2023 4:20:22 PM edu.yu.dbimpl.file.FileMgr write
INFO: write called with BlockIdBase: edu.yu.dbimpl.file.BlockId@731bdcca and PageBase: edu.yu.dbimpl.file.Page@76fdd5f1
Sep 26, 2023 4:20:22 PM edu.yu.dbimpl.file.FileMgr write
INFO: Getting type to write: String
Sep 26, 2023 4:20:22 PM edu.yu.dbimpl.file.FileMgr write
INFO: Writing to file: src/test/java/edu/yu/dbimpl/testingDirectory/testFileModulePerformance106
Sep 26, 2023 4:20:22 PM edu.yu.dbimpl.file.FileMgr write
INFO: Finished write
Sep 26, 2023 4:20:22 PM edu.yu.dbimpl.file.FileMgr read
INFO: read called with BlockIdBase: edu.yu.dbimpl.file.BlockId@731bdcca and PageBase: edu.yu.dbimpl.file.Page@76fdd5f1
Sep 26, 2023 4:20:22 PM edu.yu.dbimpl.file.Page getBytes
INFO: getBytes called with offset: 0
Sep 26, 2023 4:20:22 PM edu.yu.dbimpl.file.FileMgr read
INFO: Getting type to read: String
Sep 26, 2023 4:20:22 PM edu.yu.dbimpl.file.Page setString
INFO: setString called with offset: 0 and String: Hello, World!106
Sep 26, 2023 4:20:22 PM edu.yu.dbimpl.file.FileMgr append
INFO: append called with filename: testFileModulePerformance107
Sep 26, 2023 4:20:22 PM edu.yu.dbimpl.file.FileMgr append
INFO: Writing to file: src/test/java/edu/yu/dbimpl/testingDirectory/testFileModulePerformance107
Sep 26, 2023 4:20:22 PM edu.yu.dbimpl.file.Page <init>
INFO: Page created with blocksize 50000
Sep 26, 2023 4:20:22 PM edu.yu.dbimpl.file.Page setString
INFO: setString called with offset: 0 and String: Hello, World!107
Sep 26, 2023 4:20:22 PM edu.yu.dbimpl.file.FileMgr write
INFO: write called with BlockIdBase: edu.yu.dbimpl.file.BlockId@513fb873 and PageBase: edu.yu.dbimpl.file.Page@2a4a95c4
Sep 26, 2023 4:20:22 PM edu.yu.dbimpl.file.FileMgr write
INFO: Getting type to write: String
Sep 26, 2023 4:20:22 PM edu.yu.dbimpl.file.FileMgr write
INFO: Writing to file: src/test/java/edu/yu/dbimpl/testingDirectory/testFileModulePerformance107
Sep 26, 2023 4:20:22 PM edu.yu.dbimpl.file.FileMgr write
INFO: Finished write
Sep 26, 2023 4:20:22 PM edu.yu.dbimpl.file.FileMgr read
INFO: read called with BlockIdBase: edu.yu.dbimpl.file.BlockId@513fb873 and PageBase: edu.yu.dbimpl.file.Page@2a4a95c4
Sep 26, 2023 4:20:22 PM edu.yu.dbimpl.file.Page getBytes
INFO: getBytes called with offset: 0
Sep 26, 2023 4:20:22 PM edu.yu.dbimpl.file.FileMgr read
INFO: Getting type to read: String
Sep 26, 2023 4:20:22 PM edu.yu.dbimpl.file.Page setString
INFO: setString called with offset: 0 and String: Hello, World!107
Sep 26, 2023 4:20:22 PM edu.yu.dbimpl.file.FileMgr append
INFO: append called with filename: testFileModulePerformance108
Sep 26, 2023 4:20:22 PM edu.yu.dbimpl.file.FileMgr append
INFO: Writing to file: src/test/java/edu/yu/dbimpl/testingDirectory/testFileModulePerformance108
Sep 26, 2023 4:20:22 PM edu.yu.dbimpl.file.Page <init>
INFO: Page created with blocksize 50000
Sep 26, 2023 4:20:22 PM edu.yu.dbimpl.file.Page setString
INFO: setString called with offset: 0 and String: Hello, World!108
Sep 26, 2023 4:20:22 PM edu.yu.dbimpl.file.FileMgr write
INFO: write called with BlockIdBase: edu.yu.dbimpl.file.BlockId@71ae1cb and PageBase: edu.yu.dbimpl.file.Page@1f50fe84
Sep 26, 2023 4:20:22 PM edu.yu.dbimpl.file.FileMgr write
INFO: Getting type to write: String
Sep 26, 2023 4:20:22 PM edu.yu.dbimpl.file.FileMgr write
INFO: Writing to file: src/test/java/edu/yu/dbimpl/testingDirectory/testFileModulePerformance108
Sep 26, 2023 4:20:22 PM edu.yu.dbimpl.file.FileMgr write
INFO: Finished write
Sep 26, 2023 4:20:22 PM edu.yu.dbimpl.file.FileMgr read
INFO: read called with BlockIdBase: edu.yu.dbimpl.file.BlockId@71ae1cb and PageBase: edu.yu.dbimpl.file.Page@1f50fe84
Sep 26, 2023 4:20:22 PM edu.yu.dbimpl.file.Page getBytes
INFO: getBytes called with offset: 0
Sep 26, 2023 4:20:22 PM edu.yu.dbimpl.file.FileMgr read
INFO: Getting type to read: String
Sep 26, 2023 4:20:22 PM edu.yu.dbimpl.file.Page setString
INFO: setString called with offset: 0 and String: Hello, World!108
Sep 26, 2023 4:20:22 PM edu.yu.dbimpl.file.FileMgr append
INFO: append called with filename: testFileModulePerformance109
Sep 26, 2023 4:20:22 PM edu.yu.dbimpl.file.FileMgr append
INFO: Writing to file: src/test/java/edu/yu/dbimpl/testingDirectory/testFileModulePerformance109
Sep 26, 2023 4:20:22 PM edu.yu.dbimpl.file.Page <init>
INFO: Page created with blocksize 50000
Sep 26, 2023 4:20:22 PM edu.yu.dbimpl.file.Page setString
INFO: setString called with offset: 0 and String: Hello, World!109
Sep 26, 2023 4:20:22 PM edu.yu.dbimpl.file.FileMgr write
INFO: write called with BlockIdBase: edu.yu.dbimpl.file.BlockId@3380313d and PageBase: edu.yu.dbimpl.file.Page@4d1a763c
Sep 26, 2023 4:20:22 PM edu.yu.dbimpl.file.FileMgr write
INFO: Getting type to write: String
Sep 26, 2023 4:20:22 PM edu.yu.dbimpl.file.FileMgr write
INFO: Writing to file: src/test/java/edu/yu/dbimpl/testingDirectory/testFileModulePerformance109
Sep 26, 2023 4:20:22 PM edu.yu.dbimpl.file.FileMgr write
INFO: Finished write
Sep 26, 2023 4:20:22 PM edu.yu.dbimpl.file.FileMgr read
INFO: read called with BlockIdBase: edu.yu.dbimpl.file.BlockId@3380313d and PageBase: edu.yu.dbimpl.file.Page@4d1a763c
Sep 26, 2023 4:20:22 PM edu.yu.dbimpl.file.Page getBytes
INFO: getBytes called with offset: 0
Sep 26, 2023 4:20:22 PM edu.yu.dbimpl.file.FileMgr read
INFO: Getting type to read: String
Sep 26, 2023 4:20:22 PM edu.yu.dbimpl.file.Page setString
INFO: setString called with offset: 0 and String: Hello, World!109
Sep 26, 2023 4:20:22 PM edu.yu.dbimpl.file.FileMgr append
INFO: append called with filename: testFileModulePerformance110
Sep 26, 2023 4:20:22 PM edu.yu.dbimpl.file.FileMgr append
INFO: Writing to file: src/test/java/edu/yu/dbimpl/testingDirectory/testFileModulePerformance110
Sep 26, 2023 4:20:22 PM edu.yu.dbimpl.file.Page <init>
INFO: Page created with blocksize 50000
Sep 26, 2023 4:20:22 PM edu.yu.dbimpl.file.Page setString
INFO: setString called with offset: 0 and String: Hello, World!110
Sep 26, 2023 4:20:22 PM edu.yu.dbimpl.file.FileMgr write
INFO: write called with BlockIdBase: edu.yu.dbimpl.file.BlockId@1d5ec2ed and PageBase: edu.yu.dbimpl.file.Page@5e2ab1c
Sep 26, 2023 4:20:22 PM edu.yu.dbimpl.file.FileMgr write
INFO: Getting type to write: String
Sep 26, 2023 4:20:22 PM edu.yu.dbimpl.file.FileMgr write
INFO: Writing to file: src/test/java/edu/yu/dbimpl/testingDirectory/testFileModulePerformance110
Sep 26, 2023 4:20:22 PM edu.yu.dbimpl.file.FileMgr write
INFO: Finished write
Sep 26, 2023 4:20:22 PM edu.yu.dbimpl.file.FileMgr read
INFO: read called with BlockIdBase: edu.yu.dbimpl.file.BlockId@1d5ec2ed and PageBase: edu.yu.dbimpl.file.Page@5e2ab1c
Sep 26, 2023 4:20:22 PM edu.yu.dbimpl.file.Page getBytes
INFO: getBytes called with offset: 0
Sep 26, 2023 4:20:22 PM edu.yu.dbimpl.file.FileMgr read
INFO: Getting type to read: String
Sep 26, 2023 4:20:22 PM edu.yu.dbimpl.file.Page setString
INFO: setString called with offset: 0 and String: Hello, World!110
Sep 26, 2023 4:20:22 PM edu.yu.dbimpl.file.FileMgr append
INFO: append called with filename: testFileModulePerformance111
Sep 26, 2023 4:20:22 PM edu.yu.dbimpl.file.FileMgr append
INFO: Writing to file: src/test/java/edu/yu/dbimpl/testingDirectory/testFileModulePerformance111
Sep 26, 2023 4:20:22 PM edu.yu.dbimpl.file.Page <init>
INFO: Page created with blocksize 50000
Sep 26, 2023 4:20:22 PM edu.yu.dbimpl.file.Page setString
INFO: setString called with offset: 0 and String: Hello, World!111
Sep 26, 2023 4:20:22 PM edu.yu.dbimpl.file.FileMgr write
INFO: write called with BlockIdBase: edu.yu.dbimpl.file.BlockId@37596b44 and PageBase: edu.yu.dbimpl.file.Page@29ec5005
Sep 26, 2023 4:20:22 PM edu.yu.dbimpl.file.FileMgr write
INFO: Getting type to write: String
Sep 26, 2023 4:20:22 PM edu.yu.dbimpl.file.FileMgr write
INFO: Writing to file: src/test/java/edu/yu/dbimpl/testingDirectory/testFileModulePerformance111
Sep 26, 2023 4:20:22 PM edu.yu.dbimpl.file.FileMgr write
INFO: Finished write
Sep 26, 2023 4:20:22 PM edu.yu.dbimpl.file.FileMgr read
INFO: read called with BlockIdBase: edu.yu.dbimpl.file.BlockId@37596b44 and PageBase: edu.yu.dbimpl.file.Page@29ec5005
Sep 26, 2023 4:20:22 PM edu.yu.dbimpl.file.Page getBytes
INFO: getBytes called with offset: 0
Sep 26, 2023 4:20:22 PM edu.yu.dbimpl.file.FileMgr read
INFO: Getting type to read: String
Sep 26, 2023 4:20:22 PM edu.yu.dbimpl.file.Page setString
INFO: setString called with offset: 0 and String: Hello, World!111
Sep 26, 2023 4:20:22 PM edu.yu.dbimpl.file.FileMgr append
INFO: append called with filename: testFileModulePerformance112
Sep 26, 2023 4:20:22 PM edu.yu.dbimpl.file.FileMgr append
INFO: Writing to file: src/test/java/edu/yu/dbimpl/testingDirectory/testFileModulePerformance112
Sep 26, 2023 4:20:22 PM edu.yu.dbimpl.file.Page <init>
INFO: Page created with blocksize 50000
Sep 26, 2023 4:20:22 PM edu.yu.dbimpl.file.Page setString
INFO: setString called with offset: 0 and String: Hello, World!112
Sep 26, 2023 4:20:22 PM edu.yu.dbimpl.file.FileMgr write
INFO: write called with BlockIdBase: edu.yu.dbimpl.file.BlockId@42ceb67f and PageBase: edu.yu.dbimpl.file.Page@52e44f71
Sep 26, 2023 4:20:22 PM edu.yu.dbimpl.file.FileMgr write
INFO: Getting type to write: String
Sep 26, 2023 4:20:22 PM edu.yu.dbimpl.file.FileMgr write
INFO: Writing to file: src/test/java/edu/yu/dbimpl/testingDirectory/testFileModulePerformance112
Sep 26, 2023 4:20:22 PM edu.yu.dbimpl.file.FileMgr write
INFO: Finished write
Sep 26, 2023 4:20:22 PM edu.yu.dbimpl.file.FileMgr read
INFO: read called with BlockIdBase: edu.yu.dbimpl.file.BlockId@42ceb67f and PageBase: edu.yu.dbimpl.file.Page@52e44f71
Sep 26, 2023 4:20:22 PM edu.yu.dbimpl.file.Page getBytes
INFO: getBytes called with offset: 0
Sep 26, 2023 4:20:22 PM edu.yu.dbimpl.file.FileMgr read
INFO: Getting type to read: String
Sep 26, 2023 4:20:22 PM edu.yu.dbimpl.file.Page setString
INFO: setString called with offset: 0 and String: Hello, World!112
Sep 26, 2023 4:20:22 PM edu.yu.dbimpl.file.FileMgr append
INFO: append called with filename: testFileModulePerformance113
Sep 26, 2023 4:20:22 PM edu.yu.dbimpl.file.FileMgr append
INFO: Writing to file: src/test/java/edu/yu/dbimpl/testingDirectory/testFileModulePerformance113
Sep 26, 2023 4:20:22 PM edu.yu.dbimpl.file.Page <init>
INFO: Page created with blocksize 50000
Sep 26, 2023 4:20:22 PM edu.yu.dbimpl.file.Page setString
INFO: setString called with offset: 0 and String: Hello, World!113
Sep 26, 2023 4:20:22 PM edu.yu.dbimpl.file.FileMgr write
INFO: write called with BlockIdBase: edu.yu.dbimpl.file.BlockId@2e1b1d22 and PageBase: edu.yu.dbimpl.file.Page@653c0c9c
Sep 26, 2023 4:20:22 PM edu.yu.dbimpl.file.FileMgr write
INFO: Getting type to write: String
Sep 26, 2023 4:20:22 PM edu.yu.dbimpl.file.FileMgr write
INFO: Writing to file: src/test/java/edu/yu/dbimpl/testingDirectory/testFileModulePerformance113
Sep 26, 2023 4:20:22 PM edu.yu.dbimpl.file.FileMgr write
INFO: Finished write
Sep 26, 2023 4:20:22 PM edu.yu.dbimpl.file.FileMgr read
INFO: read called with BlockIdBase: edu.yu.dbimpl.file.BlockId@2e1b1d22 and PageBase: edu.yu.dbimpl.file.Page@653c0c9c
Sep 26, 2023 4:20:22 PM edu.yu.dbimpl.file.Page getBytes
INFO: getBytes called with offset: 0
Sep 26, 2023 4:20:22 PM edu.yu.dbimpl.file.FileMgr read
INFO: Getting type to read: String
Sep 26, 2023 4:20:22 PM edu.yu.dbimpl.file.Page setString
INFO: setString called with offset: 0 and String: Hello, World!113
Sep 26, 2023 4:20:22 PM edu.yu.dbimpl.file.FileMgr append
INFO: append called with filename: testFileModulePerformance114
Sep 26, 2023 4:20:22 PM edu.yu.dbimpl.file.FileMgr append
INFO: Writing to file: src/test/java/edu/yu/dbimpl/testingDirectory/testFileModulePerformance114
Sep 26, 2023 4:20:22 PM edu.yu.dbimpl.file.Page <init>
INFO: Page created with blocksize 50000
Sep 26, 2023 4:20:22 PM edu.yu.dbimpl.file.Page setString
INFO: setString called with offset: 0 and String: Hello, World!114
Sep 26, 2023 4:20:22 PM edu.yu.dbimpl.file.FileMgr write
INFO: write called with BlockIdBase: edu.yu.dbimpl.file.BlockId@5276330a and PageBase: edu.yu.dbimpl.file.Page@221961f2
Sep 26, 2023 4:20:22 PM edu.yu.dbimpl.file.FileMgr write
INFO: Getting type to write: String
Sep 26, 2023 4:20:22 PM edu.yu.dbimpl.file.FileMgr write
INFO: Writing to file: src/test/java/edu/yu/dbimpl/testingDirectory/testFileModulePerformance114
Sep 26, 2023 4:20:22 PM edu.yu.dbimpl.file.FileMgr write
INFO: Finished write
Sep 26, 2023 4:20:22 PM edu.yu.dbimpl.file.FileMgr read
INFO: read called with BlockIdBase: edu.yu.dbimpl.file.BlockId@5276330a and PageBase: edu.yu.dbimpl.file.Page@221961f2
Sep 26, 2023 4:20:22 PM edu.yu.dbimpl.file.Page getBytes
INFO: getBytes called with offset: 0
Sep 26, 2023 4:20:22 PM edu.yu.dbimpl.file.FileMgr read
INFO: Getting type to read: String
Sep 26, 2023 4:20:22 PM edu.yu.dbimpl.file.Page setString
INFO: setString called with offset: 0 and String: Hello, World!114
Sep 26, 2023 4:20:22 PM edu.yu.dbimpl.file.FileMgr append
INFO: append called with filename: testFileModulePerformance115
Sep 26, 2023 4:20:22 PM edu.yu.dbimpl.file.FileMgr append
INFO: Writing to file: src/test/java/edu/yu/dbimpl/testingDirectory/testFileModulePerformance115
Sep 26, 2023 4:20:22 PM edu.yu.dbimpl.file.Page <init>
INFO: Page created with blocksize 50000
Sep 26, 2023 4:20:22 PM edu.yu.dbimpl.file.Page setString
INFO: setString called with offset: 0 and String: Hello, World!115
Sep 26, 2023 4:20:22 PM edu.yu.dbimpl.file.FileMgr write
INFO: write called with BlockIdBase: edu.yu.dbimpl.file.BlockId@541d8a9e and PageBase: edu.yu.dbimpl.file.Page@51c0346d
Sep 26, 2023 4:20:22 PM edu.yu.dbimpl.file.FileMgr write
INFO: Getting type to write: String
Sep 26, 2023 4:20:22 PM edu.yu.dbimpl.file.FileMgr write
INFO: Writing to file: src/test/java/edu/yu/dbimpl/testingDirectory/testFileModulePerformance115
Sep 26, 2023 4:20:22 PM edu.yu.dbimpl.file.FileMgr write
INFO: Finished write
Sep 26, 2023 4:20:22 PM edu.yu.dbimpl.file.FileMgr read
INFO: read called with BlockIdBase: edu.yu.dbimpl.file.BlockId@541d8a9e and PageBase: edu.yu.dbimpl.file.Page@51c0346d
Sep 26, 2023 4:20:22 PM edu.yu.dbimpl.file.Page getBytes
INFO: getBytes called with offset: 0
Sep 26, 2023 4:20:22 PM edu.yu.dbimpl.file.FileMgr read
INFO: Getting type to read: String
Sep 26, 2023 4:20:22 PM edu.yu.dbimpl.file.Page setString
INFO: setString called with offset: 0 and String: Hello, World!115
Sep 26, 2023 4:20:22 PM edu.yu.dbimpl.file.FileMgr append
INFO: append called with filename: testFileModulePerformance116
Sep 26, 2023 4:20:22 PM edu.yu.dbimpl.file.FileMgr append
INFO: Writing to file: src/test/java/edu/yu/dbimpl/testingDirectory/testFileModulePerformance116
Sep 26, 2023 4:20:22 PM edu.yu.dbimpl.file.Page <init>
INFO: Page created with blocksize 50000
Sep 26, 2023 4:20:22 PM edu.yu.dbimpl.file.Page setString
INFO: setString called with offset: 0 and String: Hello, World!116
Sep 26, 2023 4:20:22 PM edu.yu.dbimpl.file.FileMgr write
INFO: write called with BlockIdBase: edu.yu.dbimpl.file.BlockId@32cda33c and PageBase: edu.yu.dbimpl.file.Page@5bb24266
Sep 26, 2023 4:20:22 PM edu.yu.dbimpl.file.FileMgr write
INFO: Getting type to write: String
Sep 26, 2023 4:20:22 PM edu.yu.dbimpl.file.FileMgr write
INFO: Writing to file: src/test/java/edu/yu/dbimpl/testingDirectory/testFileModulePerformance116
Sep 26, 2023 4:20:22 PM edu.yu.dbimpl.file.FileMgr write
INFO: Finished write
Sep 26, 2023 4:20:22 PM edu.yu.dbimpl.file.FileMgr read
INFO: read called with BlockIdBase: edu.yu.dbimpl.file.BlockId@32cda33c and PageBase: edu.yu.dbimpl.file.Page@5bb24266
Sep 26, 2023 4:20:22 PM edu.yu.dbimpl.file.Page getBytes
INFO: getBytes called with offset: 0
Sep 26, 2023 4:20:22 PM edu.yu.dbimpl.file.FileMgr read
INFO: Getting type to read: String
Sep 26, 2023 4:20:22 PM edu.yu.dbimpl.file.Page setString
INFO: setString called with offset: 0 and String: Hello, World!116
Sep 26, 2023 4:20:22 PM edu.yu.dbimpl.file.FileMgr append
INFO: append called with filename: testFileModulePerformance117
Sep 26, 2023 4:20:22 PM edu.yu.dbimpl.file.FileMgr append
INFO: Writing to file: src/test/java/edu/yu/dbimpl/testingDirectory/testFileModulePerformance117
Sep 26, 2023 4:20:22 PM edu.yu.dbimpl.file.Page <init>
INFO: Page created with blocksize 50000
Sep 26, 2023 4:20:22 PM edu.yu.dbimpl.file.Page setString
INFO: setString called with offset: 0 and String: Hello, World!117
Sep 26, 2023 4:20:22 PM edu.yu.dbimpl.file.FileMgr write
INFO: write called with BlockIdBase: edu.yu.dbimpl.file.BlockId@63437af4 and PageBase: edu.yu.dbimpl.file.Page@33f059ad
Sep 26, 2023 4:20:22 PM edu.yu.dbimpl.file.FileMgr write
INFO: Getting type to write: String
Sep 26, 2023 4:20:22 PM edu.yu.dbimpl.file.FileMgr write
INFO: Writing to file: src/test/java/edu/yu/dbimpl/testingDirectory/testFileModulePerformance117
Sep 26, 2023 4:20:22 PM edu.yu.dbimpl.file.FileMgr write
INFO: Finished write
Sep 26, 2023 4:20:22 PM edu.yu.dbimpl.file.FileMgr read
INFO: read called with BlockIdBase: edu.yu.dbimpl.file.BlockId@63437af4 and PageBase: edu.yu.dbimpl.file.Page@33f059ad
Sep 26, 2023 4:20:22 PM edu.yu.dbimpl.file.Page getBytes
INFO: getBytes called with offset: 0
Sep 26, 2023 4:20:22 PM edu.yu.dbimpl.file.FileMgr read
INFO: Getting type to read: String
Sep 26, 2023 4:20:22 PM edu.yu.dbimpl.file.Page setString
INFO: setString called with offset: 0 and String: Hello, World!117
Sep 26, 2023 4:20:22 PM edu.yu.dbimpl.file.FileMgr append
INFO: append called with filename: testFileModulePerformance118
Sep 26, 2023 4:20:22 PM edu.yu.dbimpl.file.FileMgr append
INFO: Writing to file: src/test/java/edu/yu/dbimpl/testingDirectory/testFileModulePerformance118
Sep 26, 2023 4:20:22 PM edu.yu.dbimpl.file.Page <init>
INFO: Page created with blocksize 50000
Sep 26, 2023 4:20:22 PM edu.yu.dbimpl.file.Page setString
INFO: setString called with offset: 0 and String: Hello, World!118
Sep 26, 2023 4:20:22 PM edu.yu.dbimpl.file.FileMgr write
INFO: write called with BlockIdBase: edu.yu.dbimpl.file.BlockId@6c7bc8ac and PageBase: edu.yu.dbimpl.file.Page@25131637
Sep 26, 2023 4:20:22 PM edu.yu.dbimpl.file.FileMgr write
INFO: Getting type to write: String
Sep 26, 2023 4:20:22 PM edu.yu.dbimpl.file.FileMgr write
INFO: Writing to file: src/test/java/edu/yu/dbimpl/testingDirectory/testFileModulePerformance118
Sep 26, 2023 4:20:22 PM edu.yu.dbimpl.file.FileMgr write
INFO: Finished write
Sep 26, 2023 4:20:22 PM edu.yu.dbimpl.file.FileMgr read
INFO: read called with BlockIdBase: edu.yu.dbimpl.file.BlockId@6c7bc8ac and PageBase: edu.yu.dbimpl.file.Page@25131637
Sep 26, 2023 4:20:22 PM edu.yu.dbimpl.file.Page getBytes
INFO: getBytes called with offset: 0
Sep 26, 2023 4:20:22 PM edu.yu.dbimpl.file.FileMgr read
INFO: Getting type to read: String
Sep 26, 2023 4:20:22 PM edu.yu.dbimpl.file.Page setString
INFO: setString called with offset: 0 and String: Hello, World!118
Sep 26, 2023 4:20:22 PM edu.yu.dbimpl.file.FileMgr append
INFO: append called with filename: testFileModulePerformance119
Sep 26, 2023 4:20:22 PM edu.yu.dbimpl.file.FileMgr append
INFO: Writing to file: src/test/java/edu/yu/dbimpl/testingDirectory/testFileModulePerformance119
Sep 26, 2023 4:20:22 PM edu.yu.dbimpl.file.Page <init>
INFO: Page created with blocksize 50000
Sep 26, 2023 4:20:22 PM edu.yu.dbimpl.file.Page setString
INFO: setString called with offset: 0 and String: Hello, World!119
Sep 26, 2023 4:20:22 PM edu.yu.dbimpl.file.FileMgr write
INFO: write called with BlockIdBase: edu.yu.dbimpl.file.BlockId@5d7f4cbb and PageBase: edu.yu.dbimpl.file.Page@6cf34b88
Sep 26, 2023 4:20:22 PM edu.yu.dbimpl.file.FileMgr write
INFO: Getting type to write: String
Sep 26, 2023 4:20:22 PM edu.yu.dbimpl.file.FileMgr write
INFO: Writing to file: src/test/java/edu/yu/dbimpl/testingDirectory/testFileModulePerformance119
Sep 26, 2023 4:20:22 PM edu.yu.dbimpl.file.FileMgr write
INFO: Finished write
Sep 26, 2023 4:20:22 PM edu.yu.dbimpl.file.FileMgr read
INFO: read called with BlockIdBase: edu.yu.dbimpl.file.BlockId@5d7f4cbb and PageBase: edu.yu.dbimpl.file.Page@6cf34b88
Sep 26, 2023 4:20:22 PM edu.yu.dbimpl.file.Page getBytes
INFO: getBytes called with offset: 0
Sep 26, 2023 4:20:22 PM edu.yu.dbimpl.file.FileMgr read
INFO: Getting type to read: String
Sep 26, 2023 4:20:22 PM edu.yu.dbimpl.file.Page setString
INFO: setString called with offset: 0 and String: Hello, World!119
Sep 26, 2023 4:20:22 PM edu.yu.dbimpl.file.FileMgr append
INFO: append called with filename: testFileModulePerformance120
Sep 26, 2023 4:20:22 PM edu.yu.dbimpl.file.FileMgr append
INFO: Writing to file: src/test/java/edu/yu/dbimpl/testingDirectory/testFileModulePerformance120
Sep 26, 2023 4:20:22 PM edu.yu.dbimpl.file.Page <init>
INFO: Page created with blocksize 50000
Sep 26, 2023 4:20:22 PM edu.yu.dbimpl.file.Page setString
INFO: setString called with offset: 0 and String: Hello, World!120
Sep 26, 2023 4:20:22 PM edu.yu.dbimpl.file.FileMgr write
INFO: write called with BlockIdBase: edu.yu.dbimpl.file.BlockId@5e7fc012 and PageBase: edu.yu.dbimpl.file.Page@63e0c744
Sep 26, 2023 4:20:22 PM edu.yu.dbimpl.file.FileMgr write
INFO: Getting type to write: String
Sep 26, 2023 4:20:22 PM edu.yu.dbimpl.file.FileMgr write
INFO: Writing to file: src/test/java/edu/yu/dbimpl/testingDirectory/testFileModulePerformance120
Sep 26, 2023 4:20:22 PM edu.yu.dbimpl.file.FileMgr write
INFO: Finished write
Sep 26, 2023 4:20:22 PM edu.yu.dbimpl.file.FileMgr read
INFO: read called with BlockIdBase: edu.yu.dbimpl.file.BlockId@5e7fc012 and PageBase: edu.yu.dbimpl.file.Page@63e0c744
Sep 26, 2023 4:20:22 PM edu.yu.dbimpl.file.Page getBytes
INFO: getBytes called with offset: 0
Sep 26, 2023 4:20:22 PM edu.yu.dbimpl.file.FileMgr read
INFO: Getting type to read: String
Sep 26, 2023 4:20:22 PM edu.yu.dbimpl.file.Page setString
INFO: setString called with offset: 0 and String: Hello, World!120
Sep 26, 2023 4:20:22 PM edu.yu.dbimpl.file.FileMgr append
INFO: append called with filename: testFileModulePerformance121
Sep 26, 2023 4:20:22 PM edu.yu.dbimpl.file.FileMgr append
INFO: Writing to file: src/test/java/edu/yu/dbimpl/testingDirectory/testFileModulePerformance121
Sep 26, 2023 4:20:22 PM edu.yu.dbimpl.file.Page <init>
INFO: Page created with blocksize 50000
Sep 26, 2023 4:20:22 PM edu.yu.dbimpl.file.Page setString
INFO: setString called with offset: 0 and String: Hello, World!121
Sep 26, 2023 4:20:22 PM edu.yu.dbimpl.file.FileMgr write
INFO: write called with BlockIdBase: edu.yu.dbimpl.file.BlockId@445d4517 and PageBase: edu.yu.dbimpl.file.Page@3284f91f
Sep 26, 2023 4:20:22 PM edu.yu.dbimpl.file.FileMgr write
INFO: Getting type to write: String
Sep 26, 2023 4:20:22 PM edu.yu.dbimpl.file.FileMgr write
INFO: Writing to file: src/test/java/edu/yu/dbimpl/testingDirectory/testFileModulePerformance121
Sep 26, 2023 4:20:22 PM edu.yu.dbimpl.file.FileMgr write
INFO: Finished write
Sep 26, 2023 4:20:22 PM edu.yu.dbimpl.file.FileMgr read
INFO: read called with BlockIdBase: edu.yu.dbimpl.file.BlockId@445d4517 and PageBase: edu.yu.dbimpl.file.Page@3284f91f
Sep 26, 2023 4:20:22 PM edu.yu.dbimpl.file.Page getBytes
INFO: getBytes called with offset: 0
Sep 26, 2023 4:20:22 PM edu.yu.dbimpl.file.FileMgr read
INFO: Getting type to read: String
Sep 26, 2023 4:20:22 PM edu.yu.dbimpl.file.Page setString
INFO: setString called with offset: 0 and String: Hello, World!121
Sep 26, 2023 4:20:22 PM edu.yu.dbimpl.file.FileMgr append
INFO: append called with filename: testFileModulePerformance122
Sep 26, 2023 4:20:22 PM edu.yu.dbimpl.file.FileMgr append
INFO: Writing to file: src/test/java/edu/yu/dbimpl/testingDirectory/testFileModulePerformance122
Sep 26, 2023 4:20:22 PM edu.yu.dbimpl.file.Page <init>
INFO: Page created with blocksize 50000
Sep 26, 2023 4:20:22 PM edu.yu.dbimpl.file.Page setString
INFO: setString called with offset: 0 and String: Hello, World!122
Sep 26, 2023 4:20:22 PM edu.yu.dbimpl.file.FileMgr write
INFO: write called with BlockIdBase: edu.yu.dbimpl.file.BlockId@125bc00d and PageBase: edu.yu.dbimpl.file.Page@77e4ffe5
Sep 26, 2023 4:20:22 PM edu.yu.dbimpl.file.FileMgr write
INFO: Getting type to write: String
Sep 26, 2023 4:20:22 PM edu.yu.dbimpl.file.FileMgr write
INFO: Writing to file: src/test/java/edu/yu/dbimpl/testingDirectory/testFileModulePerformance122
Sep 26, 2023 4:20:22 PM edu.yu.dbimpl.file.FileMgr write
INFO: Finished write
Sep 26, 2023 4:20:22 PM edu.yu.dbimpl.file.FileMgr read
INFO: read called with BlockIdBase: edu.yu.dbimpl.file.BlockId@125bc00d and PageBase: edu.yu.dbimpl.file.Page@77e4ffe5
Sep 26, 2023 4:20:22 PM edu.yu.dbimpl.file.Page getBytes
INFO: getBytes called with offset: 0
Sep 26, 2023 4:20:22 PM edu.yu.dbimpl.file.FileMgr read
INFO: Getting type to read: String
Sep 26, 2023 4:20:22 PM edu.yu.dbimpl.file.Page setString
INFO: setString called with offset: 0 and String: Hello, World!122
Sep 26, 2023 4:20:22 PM edu.yu.dbimpl.file.FileMgr append
INFO: append called with filename: testFileModulePerformance123
Sep 26, 2023 4:20:22 PM edu.yu.dbimpl.file.FileMgr append
INFO: Writing to file: src/test/java/edu/yu/dbimpl/testingDirectory/testFileModulePerformance123
Sep 26, 2023 4:20:22 PM edu.yu.dbimpl.file.Page <init>
INFO: Page created with blocksize 50000
Sep 26, 2023 4:20:22 PM edu.yu.dbimpl.file.Page setString
INFO: setString called with offset: 0 and String: Hello, World!123
Sep 26, 2023 4:20:22 PM edu.yu.dbimpl.file.FileMgr write
INFO: write called with BlockIdBase: edu.yu.dbimpl.file.BlockId@59bf79f3 and PageBase: edu.yu.dbimpl.file.Page@4c663fda
Sep 26, 2023 4:20:22 PM edu.yu.dbimpl.file.FileMgr write
INFO: Getting type to write: String
Sep 26, 2023 4:20:22 PM edu.yu.dbimpl.file.FileMgr write
INFO: Writing to file: src/test/java/edu/yu/dbimpl/testingDirectory/testFileModulePerformance123
Sep 26, 2023 4:20:22 PM edu.yu.dbimpl.file.FileMgr write
INFO: Finished write
Sep 26, 2023 4:20:22 PM edu.yu.dbimpl.file.FileMgr read
INFO: read called with BlockIdBase: edu.yu.dbimpl.file.BlockId@59bf79f3 and PageBase: edu.yu.dbimpl.file.Page@4c663fda
Sep 26, 2023 4:20:22 PM edu.yu.dbimpl.file.Page getBytes
INFO: getBytes called with offset: 0
Sep 26, 2023 4:20:22 PM edu.yu.dbimpl.file.FileMgr read
INFO: Getting type to read: String
Sep 26, 2023 4:20:22 PM edu.yu.dbimpl.file.Page setString
INFO: setString called with offset: 0 and String: Hello, World!123
Sep 26, 2023 4:20:22 PM edu.yu.dbimpl.file.FileMgr append
INFO: append called with filename: testFileModulePerformance124
Sep 26, 2023 4:20:22 PM edu.yu.dbimpl.file.FileMgr append
INFO: Writing to file: src/test/java/edu/yu/dbimpl/testingDirectory/testFileModulePerformance124
Sep 26, 2023 4:20:22 PM edu.yu.dbimpl.file.Page <init>
INFO: Page created with blocksize 50000
Sep 26, 2023 4:20:22 PM edu.yu.dbimpl.file.Page setString
INFO: setString called with offset: 0 and String: Hello, World!124
Sep 26, 2023 4:20:22 PM edu.yu.dbimpl.file.FileMgr write
INFO: write called with BlockIdBase: edu.yu.dbimpl.file.BlockId@f1d5f3 and PageBase: edu.yu.dbimpl.file.Page@50ba19df
Sep 26, 2023 4:20:22 PM edu.yu.dbimpl.file.FileMgr write
INFO: Getting type to write: String
Sep 26, 2023 4:20:22 PM edu.yu.dbimpl.file.FileMgr write
INFO: Writing to file: src/test/java/edu/yu/dbimpl/testingDirectory/testFileModulePerformance124
Sep 26, 2023 4:20:22 PM edu.yu.dbimpl.file.FileMgr write
INFO: Finished write
Sep 26, 2023 4:20:22 PM edu.yu.dbimpl.file.FileMgr read
INFO: read called with BlockIdBase: edu.yu.dbimpl.file.BlockId@f1d5f3 and PageBase: edu.yu.dbimpl.file.Page@50ba19df
Sep 26, 2023 4:20:22 PM edu.yu.dbimpl.file.Page getBytes
INFO: getBytes called with offset: 0
Sep 26, 2023 4:20:22 PM edu.yu.dbimpl.file.FileMgr read
INFO: Getting type to read: String
Sep 26, 2023 4:20:22 PM edu.yu.dbimpl.file.Page setString
INFO: setString called with offset: 0 and String: Hello, World!124
Sep 26, 2023 4:20:22 PM edu.yu.dbimpl.file.FileMgr append
INFO: append called with filename: testFileModulePerformance125
Sep 26, 2023 4:20:22 PM edu.yu.dbimpl.file.FileMgr append
INFO: Writing to file: src/test/java/edu/yu/dbimpl/testingDirectory/testFileModulePerformance125
Sep 26, 2023 4:20:22 PM edu.yu.dbimpl.file.Page <init>
INFO: Page created with blocksize 50000
Sep 26, 2023 4:20:22 PM edu.yu.dbimpl.file.Page setString
INFO: setString called with offset: 0 and String: Hello, World!125
Sep 26, 2023 4:20:22 PM edu.yu.dbimpl.file.FileMgr write
INFO: write called with BlockIdBase: edu.yu.dbimpl.file.BlockId@726882da and PageBase: edu.yu.dbimpl.file.Page@f0deba2
Sep 26, 2023 4:20:22 PM edu.yu.dbimpl.file.FileMgr write
INFO: Getting type to write: String
Sep 26, 2023 4:20:22 PM edu.yu.dbimpl.file.FileMgr write
INFO: Writing to file: src/test/java/edu/yu/dbimpl/testingDirectory/testFileModulePerformance125
Sep 26, 2023 4:20:22 PM edu.yu.dbimpl.file.FileMgr write
INFO: Finished write
Sep 26, 2023 4:20:22 PM edu.yu.dbimpl.file.FileMgr read
INFO: read called with BlockIdBase: edu.yu.dbimpl.file.BlockId@726882da and PageBase: edu.yu.dbimpl.file.Page@f0deba2
Sep 26, 2023 4:20:22 PM edu.yu.dbimpl.file.Page getBytes
INFO: getBytes called with offset: 0
Sep 26, 2023 4:20:22 PM edu.yu.dbimpl.file.FileMgr read
INFO: Getting type to read: String
Sep 26, 2023 4:20:22 PM edu.yu.dbimpl.file.Page setString
INFO: setString called with offset: 0 and String: Hello, World!125
Sep 26, 2023 4:20:22 PM edu.yu.dbimpl.file.FileMgr append
INFO: append called with filename: testFileModulePerformance126
Sep 26, 2023 4:20:22 PM edu.yu.dbimpl.file.FileMgr append
INFO: Writing to file: src/test/java/edu/yu/dbimpl/testingDirectory/testFileModulePerformance126
Sep 26, 2023 4:20:22 PM edu.yu.dbimpl.file.Page <init>
INFO: Page created with blocksize 50000
Sep 26, 2023 4:20:22 PM edu.yu.dbimpl.file.Page setString
INFO: setString called with offset: 0 and String: Hello, World!126
Sep 26, 2023 4:20:22 PM edu.yu.dbimpl.file.FileMgr write
INFO: write called with BlockIdBase: edu.yu.dbimpl.file.BlockId@1ddf9fd and PageBase: edu.yu.dbimpl.file.Page@1297cf8
Sep 26, 2023 4:20:22 PM edu.yu.dbimpl.file.FileMgr write
INFO: Getting type to write: String
Sep 26, 2023 4:20:22 PM edu.yu.dbimpl.file.FileMgr write
INFO: Writing to file: src/test/java/edu/yu/dbimpl/testingDirectory/testFileModulePerformance126
Sep 26, 2023 4:20:22 PM edu.yu.dbimpl.file.FileMgr write
INFO: Finished write
Sep 26, 2023 4:20:22 PM edu.yu.dbimpl.file.FileMgr read
INFO: read called with BlockIdBase: edu.yu.dbimpl.file.BlockId@1ddf9fd and PageBase: edu.yu.dbimpl.file.Page@1297cf8
Sep 26, 2023 4:20:22 PM edu.yu.dbimpl.file.Page getBytes
INFO: getBytes called with offset: 0
Sep 26, 2023 4:20:22 PM edu.yu.dbimpl.file.FileMgr read
INFO: Getting type to read: String
Sep 26, 2023 4:20:22 PM edu.yu.dbimpl.file.Page setString
INFO: setString called with offset: 0 and String: Hello, World!126
Sep 26, 2023 4:20:22 PM edu.yu.dbimpl.file.FileMgr append
INFO: append called with filename: testFileModulePerformance127
Sep 26, 2023 4:20:22 PM edu.yu.dbimpl.file.FileMgr append
INFO: Writing to file: src/test/java/edu/yu/dbimpl/testingDirectory/testFileModulePerformance127
Sep 26, 2023 4:20:22 PM edu.yu.dbimpl.file.Page <init>
INFO: Page created with blocksize 50000
Sep 26, 2023 4:20:22 PM edu.yu.dbimpl.file.Page setString
INFO: setString called with offset: 0 and String: Hello, World!127
Sep 26, 2023 4:20:22 PM edu.yu.dbimpl.file.FileMgr write
INFO: write called with BlockIdBase: edu.yu.dbimpl.file.BlockId@37e15055 and PageBase: edu.yu.dbimpl.file.Page@57d1edf0
Sep 26, 2023 4:20:22 PM edu.yu.dbimpl.file.FileMgr write
INFO: Getting type to write: String
Sep 26, 2023 4:20:22 PM edu.yu.dbimpl.file.FileMgr write
INFO: Writing to file: src/test/java/edu/yu/dbimpl/testingDirectory/testFileModulePerformance127
Sep 26, 2023 4:20:22 PM edu.yu.dbimpl.file.FileMgr write
INFO: Finished write
Sep 26, 2023 4:20:22 PM edu.yu.dbimpl.file.FileMgr read
INFO: read called with BlockIdBase: edu.yu.dbimpl.file.BlockId@37e15055 and PageBase: edu.yu.dbimpl.file.Page@57d1edf0
Sep 26, 2023 4:20:22 PM edu.yu.dbimpl.file.Page getBytes
INFO: getBytes called with offset: 0
Sep 26, 2023 4:20:22 PM edu.yu.dbimpl.file.FileMgr read
INFO: Getting type to read: String
Sep 26, 2023 4:20:22 PM edu.yu.dbimpl.file.Page setString
INFO: setString called with offset: 0 and String: Hello, World!127
Sep 26, 2023 4:20:22 PM edu.yu.dbimpl.file.FileMgr append
INFO: append called with filename: testFileModulePerformance128
Sep 26, 2023 4:20:22 PM edu.yu.dbimpl.file.FileMgr append
INFO: Writing to file: src/test/java/edu/yu/dbimpl/testingDirectory/testFileModulePerformance128
Sep 26, 2023 4:20:22 PM edu.yu.dbimpl.file.Page <init>
INFO: Page created with blocksize 50000
Sep 26, 2023 4:20:22 PM edu.yu.dbimpl.file.Page setString
INFO: setString called with offset: 0 and String: Hello, World!128
Sep 26, 2023 4:20:22 PM edu.yu.dbimpl.file.FileMgr write
INFO: write called with BlockIdBase: edu.yu.dbimpl.file.BlockId@39adf4e6 and PageBase: edu.yu.dbimpl.file.Page@73299197
Sep 26, 2023 4:20:22 PM edu.yu.dbimpl.file.FileMgr write
INFO: Getting type to write: String
Sep 26, 2023 4:20:22 PM edu.yu.dbimpl.file.FileMgr write
INFO: Writing to file: src/test/java/edu/yu/dbimpl/testingDirectory/testFileModulePerformance128
Sep 26, 2023 4:20:22 PM edu.yu.dbimpl.file.FileMgr write
INFO: Finished write
Sep 26, 2023 4:20:22 PM edu.yu.dbimpl.file.FileMgr read
INFO: read called with BlockIdBase: edu.yu.dbimpl.file.BlockId@39adf4e6 and PageBase: edu.yu.dbimpl.file.Page@73299197
Sep 26, 2023 4:20:22 PM edu.yu.dbimpl.file.Page getBytes
INFO: getBytes called with offset: 0
Sep 26, 2023 4:20:22 PM edu.yu.dbimpl.file.FileMgr read
INFO: Getting type to read: String
Sep 26, 2023 4:20:22 PM edu.yu.dbimpl.file.Page setString
INFO: setString called with offset: 0 and String: Hello, World!128
Sep 26, 2023 4:20:22 PM edu.yu.dbimpl.file.FileMgr append
INFO: append called with filename: testFileModulePerformance129
Sep 26, 2023 4:20:22 PM edu.yu.dbimpl.file.FileMgr append
INFO: Writing to file: src/test/java/edu/yu/dbimpl/testingDirectory/testFileModulePerformance129
Sep 26, 2023 4:20:22 PM edu.yu.dbimpl.file.Page <init>
INFO: Page created with blocksize 50000
Sep 26, 2023 4:20:22 PM edu.yu.dbimpl.file.Page setString
INFO: setString called with offset: 0 and String: Hello, World!129
Sep 26, 2023 4:20:22 PM edu.yu.dbimpl.file.FileMgr write
INFO: write called with BlockIdBase: edu.yu.dbimpl.file.BlockId@4ef7145f and PageBase: edu.yu.dbimpl.file.Page@1611ce1c
Sep 26, 2023 4:20:22 PM edu.yu.dbimpl.file.FileMgr write
INFO: Getting type to write: String
Sep 26, 2023 4:20:22 PM edu.yu.dbimpl.file.FileMgr write
INFO: Writing to file: src/test/java/edu/yu/dbimpl/testingDirectory/testFileModulePerformance129
Sep 26, 2023 4:20:22 PM edu.yu.dbimpl.file.FileMgr write
INFO: Finished write
Sep 26, 2023 4:20:22 PM edu.yu.dbimpl.file.FileMgr read
INFO: read called with BlockIdBase: edu.yu.dbimpl.file.BlockId@4ef7145f and PageBase: edu.yu.dbimpl.file.Page@1611ce1c
Sep 26, 2023 4:20:22 PM edu.yu.dbimpl.file.Page getBytes
INFO: getBytes called with offset: 0
Sep 26, 2023 4:20:22 PM edu.yu.dbimpl.file.FileMgr read
INFO: Getting type to read: String
Sep 26, 2023 4:20:22 PM edu.yu.dbimpl.file.Page setString
INFO: setString called with offset: 0 and String: Hello, World!129
Sep 26, 2023 4:20:22 PM edu.yu.dbimpl.file.FileMgr append
INFO: append called with filename: testFileModulePerformance130
Sep 26, 2023 4:20:22 PM edu.yu.dbimpl.file.FileMgr append
INFO: Writing to file: src/test/java/edu/yu/dbimpl/testingDirectory/testFileModulePerformance130
Sep 26, 2023 4:20:22 PM edu.yu.dbimpl.file.Page <init>
INFO: Page created with blocksize 50000
Sep 26, 2023 4:20:22 PM edu.yu.dbimpl.file.Page setString
INFO: setString called with offset: 0 and String: Hello, World!130
Sep 26, 2023 4:20:22 PM edu.yu.dbimpl.file.FileMgr write
INFO: write called with BlockIdBase: edu.yu.dbimpl.file.BlockId@40cd02fc and PageBase: edu.yu.dbimpl.file.Page@7fd7965b
Sep 26, 2023 4:20:22 PM edu.yu.dbimpl.file.FileMgr write
INFO: Getting type to write: String
Sep 26, 2023 4:20:22 PM edu.yu.dbimpl.file.FileMgr write
INFO: Writing to file: src/test/java/edu/yu/dbimpl/testingDirectory/testFileModulePerformance130
Sep 26, 2023 4:20:22 PM edu.yu.dbimpl.file.FileMgr write
INFO: Finished write
Sep 26, 2023 4:20:22 PM edu.yu.dbimpl.file.FileMgr read
INFO: read called with BlockIdBase: edu.yu.dbimpl.file.BlockId@40cd02fc and PageBase: edu.yu.dbimpl.file.Page@7fd7965b
Sep 26, 2023 4:20:22 PM edu.yu.dbimpl.file.Page getBytes
INFO: getBytes called with offset: 0
Sep 26, 2023 4:20:22 PM edu.yu.dbimpl.file.FileMgr read
INFO: Getting type to read: String
Sep 26, 2023 4:20:22 PM edu.yu.dbimpl.file.Page setString
INFO: setString called with offset: 0 and String: Hello, World!130
Sep 26, 2023 4:20:22 PM edu.yu.dbimpl.file.FileMgr append
INFO: append called with filename: testFileModulePerformance131
Sep 26, 2023 4:20:22 PM edu.yu.dbimpl.file.FileMgr append
INFO: Writing to file: src/test/java/edu/yu/dbimpl/testingDirectory/testFileModulePerformance131
Sep 26, 2023 4:20:22 PM edu.yu.dbimpl.file.Page <init>
INFO: Page created with blocksize 50000
Sep 26, 2023 4:20:22 PM edu.yu.dbimpl.file.Page setString
INFO: setString called with offset: 0 and String: Hello, World!131
Sep 26, 2023 4:20:22 PM edu.yu.dbimpl.file.FileMgr write
INFO: write called with BlockIdBase: edu.yu.dbimpl.file.BlockId@9742012 and PageBase: edu.yu.dbimpl.file.Page@118d7e0e
Sep 26, 2023 4:20:22 PM edu.yu.dbimpl.file.FileMgr write
INFO: Getting type to write: String
Sep 26, 2023 4:20:22 PM edu.yu.dbimpl.file.FileMgr write
INFO: Writing to file: src/test/java/edu/yu/dbimpl/testingDirectory/testFileModulePerformance131
Sep 26, 2023 4:20:22 PM edu.yu.dbimpl.file.FileMgr write
INFO: Finished write
Sep 26, 2023 4:20:22 PM edu.yu.dbimpl.file.FileMgr read
INFO: read called with BlockIdBase: edu.yu.dbimpl.file.BlockId@9742012 and PageBase: edu.yu.dbimpl.file.Page@118d7e0e
Sep 26, 2023 4:20:22 PM edu.yu.dbimpl.file.Page getBytes
INFO: getBytes called with offset: 0
Sep 26, 2023 4:20:22 PM edu.yu.dbimpl.file.FileMgr read
INFO: Getting type to read: String
Sep 26, 2023 4:20:22 PM edu.yu.dbimpl.file.Page setString
INFO: setString called with offset: 0 and String: Hello, World!131
Sep 26, 2023 4:20:22 PM edu.yu.dbimpl.file.FileMgr append
INFO: append called with filename: testFileModulePerformance132
Sep 26, 2023 4:20:22 PM edu.yu.dbimpl.file.FileMgr append
INFO: Writing to file: src/test/java/edu/yu/dbimpl/testingDirectory/testFileModulePerformance132
Sep 26, 2023 4:20:22 PM edu.yu.dbimpl.file.Page <init>
INFO: Page created with blocksize 50000
Sep 26, 2023 4:20:22 PM edu.yu.dbimpl.file.Page setString
INFO: setString called with offset: 0 and String: Hello, World!132
Sep 26, 2023 4:20:22 PM edu.yu.dbimpl.file.FileMgr write
INFO: write called with BlockIdBase: edu.yu.dbimpl.file.BlockId@39ff4421 and PageBase: edu.yu.dbimpl.file.Page@7a59780b
Sep 26, 2023 4:20:22 PM edu.yu.dbimpl.file.FileMgr write
INFO: Getting type to write: String
Sep 26, 2023 4:20:22 PM edu.yu.dbimpl.file.FileMgr write
INFO: Writing to file: src/test/java/edu/yu/dbimpl/testingDirectory/testFileModulePerformance132
Sep 26, 2023 4:20:22 PM edu.yu.dbimpl.file.FileMgr write
INFO: Finished write
Sep 26, 2023 4:20:22 PM edu.yu.dbimpl.file.FileMgr read
INFO: read called with BlockIdBase: edu.yu.dbimpl.file.BlockId@39ff4421 and PageBase: edu.yu.dbimpl.file.Page@7a59780b
Sep 26, 2023 4:20:22 PM edu.yu.dbimpl.file.Page getBytes
INFO: getBytes called with offset: 0
Sep 26, 2023 4:20:22 PM edu.yu.dbimpl.file.FileMgr read
INFO: Getting type to read: String
Sep 26, 2023 4:20:22 PM edu.yu.dbimpl.file.Page setString
INFO: setString called with offset: 0 and String: Hello, World!132
Sep 26, 2023 4:20:22 PM edu.yu.dbimpl.file.FileMgr append
INFO: append called with filename: testFileModulePerformance133
Sep 26, 2023 4:20:22 PM edu.yu.dbimpl.file.FileMgr append
INFO: Writing to file: src/test/java/edu/yu/dbimpl/testingDirectory/testFileModulePerformance133
Sep 26, 2023 4:20:22 PM edu.yu.dbimpl.file.Page <init>
INFO: Page created with blocksize 50000
Sep 26, 2023 4:20:22 PM edu.yu.dbimpl.file.Page setString
INFO: setString called with offset: 0 and String: Hello, World!133
Sep 26, 2023 4:20:22 PM edu.yu.dbimpl.file.FileMgr write
INFO: write called with BlockIdBase: edu.yu.dbimpl.file.BlockId@5205b3e2 and PageBase: edu.yu.dbimpl.file.Page@2802caa2
Sep 26, 2023 4:20:22 PM edu.yu.dbimpl.file.FileMgr write
INFO: Getting type to write: String
Sep 26, 2023 4:20:22 PM edu.yu.dbimpl.file.FileMgr write
INFO: Writing to file: src/test/java/edu/yu/dbimpl/testingDirectory/testFileModulePerformance133
Sep 26, 2023 4:20:22 PM edu.yu.dbimpl.file.FileMgr write
INFO: Finished write
Sep 26, 2023 4:20:22 PM edu.yu.dbimpl.file.FileMgr read
INFO: read called with BlockIdBase: edu.yu.dbimpl.file.BlockId@5205b3e2 and PageBase: edu.yu.dbimpl.file.Page@2802caa2
Sep 26, 2023 4:20:22 PM edu.yu.dbimpl.file.Page getBytes
INFO: getBytes called with offset: 0
Sep 26, 2023 4:20:22 PM edu.yu.dbimpl.file.FileMgr read
INFO: Getting type to read: String
Sep 26, 2023 4:20:22 PM edu.yu.dbimpl.file.Page setString
INFO: setString called with offset: 0 and String: Hello, World!133
Sep 26, 2023 4:20:22 PM edu.yu.dbimpl.file.FileMgr append
INFO: append called with filename: testFileModulePerformance134
Sep 26, 2023 4:20:22 PM edu.yu.dbimpl.file.FileMgr append
INFO: Writing to file: src/test/java/edu/yu/dbimpl/testingDirectory/testFileModulePerformance134
Sep 26, 2023 4:20:22 PM edu.yu.dbimpl.file.Page <init>
INFO: Page created with blocksize 50000
Sep 26, 2023 4:20:22 PM edu.yu.dbimpl.file.Page setString
INFO: setString called with offset: 0 and String: Hello, World!134
Sep 26, 2023 4:20:22 PM edu.yu.dbimpl.file.FileMgr write
INFO: write called with BlockIdBase: edu.yu.dbimpl.file.BlockId@6b9f5dcf and PageBase: edu.yu.dbimpl.file.Page@5ab7e997
Sep 26, 2023 4:20:22 PM edu.yu.dbimpl.file.FileMgr write
INFO: Getting type to write: String
Sep 26, 2023 4:20:22 PM edu.yu.dbimpl.file.FileMgr write
INFO: Writing to file: src/test/java/edu/yu/dbimpl/testingDirectory/testFileModulePerformance134
Sep 26, 2023 4:20:22 PM edu.yu.dbimpl.file.FileMgr write
INFO: Finished write
Sep 26, 2023 4:20:22 PM edu.yu.dbimpl.file.FileMgr read
INFO: read called with BlockIdBase: edu.yu.dbimpl.file.BlockId@6b9f5dcf and PageBase: edu.yu.dbimpl.file.Page@5ab7e997
Sep 26, 2023 4:20:22 PM edu.yu.dbimpl.file.Page getBytes
INFO: getBytes called with offset: 0
Sep 26, 2023 4:20:22 PM edu.yu.dbimpl.file.FileMgr read
INFO: Getting type to read: String
Sep 26, 2023 4:20:22 PM edu.yu.dbimpl.file.Page setString
INFO: setString called with offset: 0 and String: Hello, World!134
Sep 26, 2023 4:20:22 PM edu.yu.dbimpl.file.FileMgr append
INFO: append called with filename: testFileModulePerformance135
Sep 26, 2023 4:20:22 PM edu.yu.dbimpl.file.FileMgr append
INFO: Writing to file: src/test/java/edu/yu/dbimpl/testingDirectory/testFileModulePerformance135
Sep 26, 2023 4:20:22 PM edu.yu.dbimpl.file.Page <init>
INFO: Page created with blocksize 50000
Sep 26, 2023 4:20:22 PM edu.yu.dbimpl.file.Page setString
INFO: setString called with offset: 0 and String: Hello, World!135
Sep 26, 2023 4:20:22 PM edu.yu.dbimpl.file.FileMgr write
INFO: write called with BlockIdBase: edu.yu.dbimpl.file.BlockId@2552cb80 and PageBase: edu.yu.dbimpl.file.Page@1b3b5252
Sep 26, 2023 4:20:22 PM edu.yu.dbimpl.file.FileMgr write
INFO: Getting type to write: String
Sep 26, 2023 4:20:22 PM edu.yu.dbimpl.file.FileMgr write
INFO: Writing to file: src/test/java/edu/yu/dbimpl/testingDirectory/testFileModulePerformance135
Sep 26, 2023 4:20:22 PM edu.yu.dbimpl.file.FileMgr write
INFO: Finished write
Sep 26, 2023 4:20:22 PM edu.yu.dbimpl.file.FileMgr read
INFO: read called with BlockIdBase: edu.yu.dbimpl.file.BlockId@2552cb80 and PageBase: edu.yu.dbimpl.file.Page@1b3b5252
Sep 26, 2023 4:20:22 PM edu.yu.dbimpl.file.Page getBytes
INFO: getBytes called with offset: 0
Sep 26, 2023 4:20:22 PM edu.yu.dbimpl.file.FileMgr read
INFO: Getting type to read: String
Sep 26, 2023 4:20:22 PM edu.yu.dbimpl.file.Page setString
INFO: setString called with offset: 0 and String: Hello, World!135
Sep 26, 2023 4:20:22 PM edu.yu.dbimpl.file.FileMgr append
INFO: append called with filename: testFileModulePerformance136
Sep 26, 2023 4:20:22 PM edu.yu.dbimpl.file.FileMgr append
INFO: Writing to file: src/test/java/edu/yu/dbimpl/testingDirectory/testFileModulePerformance136
Sep 26, 2023 4:20:22 PM edu.yu.dbimpl.file.Page <init>
INFO: Page created with blocksize 50000
Sep 26, 2023 4:20:22 PM edu.yu.dbimpl.file.Page setString
INFO: setString called with offset: 0 and String: Hello, World!136
Sep 26, 2023 4:20:22 PM edu.yu.dbimpl.file.FileMgr write
INFO: write called with BlockIdBase: edu.yu.dbimpl.file.BlockId@adb15df and PageBase: edu.yu.dbimpl.file.Page@6f45be42
Sep 26, 2023 4:20:22 PM edu.yu.dbimpl.file.FileMgr write
INFO: Getting type to write: String
Sep 26, 2023 4:20:22 PM edu.yu.dbimpl.file.FileMgr write
INFO: Writing to file: src/test/java/edu/yu/dbimpl/testingDirectory/testFileModulePerformance136
Sep 26, 2023 4:20:22 PM edu.yu.dbimpl.file.FileMgr write
INFO: Finished write
Sep 26, 2023 4:20:22 PM edu.yu.dbimpl.file.FileMgr read
INFO: read called with BlockIdBase: edu.yu.dbimpl.file.BlockId@adb15df and PageBase: edu.yu.dbimpl.file.Page@6f45be42
Sep 26, 2023 4:20:22 PM edu.yu.dbimpl.file.Page getBytes
INFO: getBytes called with offset: 0
Sep 26, 2023 4:20:22 PM edu.yu.dbimpl.file.FileMgr read
INFO: Getting type to read: String
Sep 26, 2023 4:20:22 PM edu.yu.dbimpl.file.Page setString
INFO: setString called with offset: 0 and String: Hello, World!136
Sep 26, 2023 4:20:22 PM edu.yu.dbimpl.file.FileMgr append
INFO: append called with filename: testFileModulePerformance137
Sep 26, 2023 4:20:22 PM edu.yu.dbimpl.file.FileMgr append
INFO: Writing to file: src/test/java/edu/yu/dbimpl/testingDirectory/testFileModulePerformance137
Sep 26, 2023 4:20:22 PM edu.yu.dbimpl.file.Page <init>
INFO: Page created with blocksize 50000
Sep 26, 2023 4:20:22 PM edu.yu.dbimpl.file.Page setString
INFO: setString called with offset: 0 and String: Hello, World!137
Sep 26, 2023 4:20:22 PM edu.yu.dbimpl.file.FileMgr write
INFO: write called with BlockIdBase: edu.yu.dbimpl.file.BlockId@5c7876e1 and PageBase: edu.yu.dbimpl.file.Page@1d9016fe
Sep 26, 2023 4:20:22 PM edu.yu.dbimpl.file.FileMgr write
INFO: Getting type to write: String
Sep 26, 2023 4:20:22 PM edu.yu.dbimpl.file.FileMgr write
INFO: Writing to file: src/test/java/edu/yu/dbimpl/testingDirectory/testFileModulePerformance137
Sep 26, 2023 4:20:22 PM edu.yu.dbimpl.file.FileMgr write
INFO: Finished write
Sep 26, 2023 4:20:22 PM edu.yu.dbimpl.file.FileMgr read
INFO: read called with BlockIdBase: edu.yu.dbimpl.file.BlockId@5c7876e1 and PageBase: edu.yu.dbimpl.file.Page@1d9016fe
Sep 26, 2023 4:20:22 PM edu.yu.dbimpl.file.Page getBytes
INFO: getBytes called with offset: 0
Sep 26, 2023 4:20:22 PM edu.yu.dbimpl.file.FileMgr read
INFO: Getting type to read: String
Sep 26, 2023 4:20:22 PM edu.yu.dbimpl.file.Page setString
INFO: setString called with offset: 0 and String: Hello, World!137
Sep 26, 2023 4:20:22 PM edu.yu.dbimpl.file.FileMgr append
INFO: append called with filename: testFileModulePerformance138
Sep 26, 2023 4:20:22 PM edu.yu.dbimpl.file.FileMgr append
INFO: Writing to file: src/test/java/edu/yu/dbimpl/testingDirectory/testFileModulePerformance138
Sep 26, 2023 4:20:22 PM edu.yu.dbimpl.file.Page <init>
INFO: Page created with blocksize 50000
Sep 26, 2023 4:20:22 PM edu.yu.dbimpl.file.Page setString
INFO: setString called with offset: 0 and String: Hello, World!138
Sep 26, 2023 4:20:22 PM edu.yu.dbimpl.file.FileMgr write
INFO: write called with BlockIdBase: edu.yu.dbimpl.file.BlockId@4f378d7e and PageBase: edu.yu.dbimpl.file.Page@dc28d74
Sep 26, 2023 4:20:22 PM edu.yu.dbimpl.file.FileMgr write
INFO: Getting type to write: String
Sep 26, 2023 4:20:22 PM edu.yu.dbimpl.file.FileMgr write
INFO: Writing to file: src/test/java/edu/yu/dbimpl/testingDirectory/testFileModulePerformance138
Sep 26, 2023 4:20:22 PM edu.yu.dbimpl.file.FileMgr write
INFO: Finished write
Sep 26, 2023 4:20:22 PM edu.yu.dbimpl.file.FileMgr read
INFO: read called with BlockIdBase: edu.yu.dbimpl.file.BlockId@4f378d7e and PageBase: edu.yu.dbimpl.file.Page@dc28d74
Sep 26, 2023 4:20:22 PM edu.yu.dbimpl.file.Page getBytes
INFO: getBytes called with offset: 0
Sep 26, 2023 4:20:22 PM edu.yu.dbimpl.file.FileMgr read
INFO: Getting type to read: String
Sep 26, 2023 4:20:22 PM edu.yu.dbimpl.file.Page setString
INFO: setString called with offset: 0 and String: Hello, World!138
Sep 26, 2023 4:20:22 PM edu.yu.dbimpl.file.FileMgr append
INFO: append called with filename: testFileModulePerformance139
Sep 26, 2023 4:20:22 PM edu.yu.dbimpl.file.FileMgr append
INFO: Writing to file: src/test/java/edu/yu/dbimpl/testingDirectory/testFileModulePerformance139
Sep 26, 2023 4:20:22 PM edu.yu.dbimpl.file.Page <init>
INFO: Page created with blocksize 50000
Sep 26, 2023 4:20:22 PM edu.yu.dbimpl.file.Page setString
INFO: setString called with offset: 0 and String: Hello, World!139
Sep 26, 2023 4:20:22 PM edu.yu.dbimpl.file.FileMgr write
INFO: write called with BlockIdBase: edu.yu.dbimpl.file.BlockId@12922d53 and PageBase: edu.yu.dbimpl.file.Page@f28ee19
Sep 26, 2023 4:20:22 PM edu.yu.dbimpl.file.FileMgr write
INFO: Getting type to write: String
Sep 26, 2023 4:20:22 PM edu.yu.dbimpl.file.FileMgr write
INFO: Writing to file: src/test/java/edu/yu/dbimpl/testingDirectory/testFileModulePerformance139
Sep 26, 2023 4:20:22 PM edu.yu.dbimpl.file.FileMgr write
INFO: Finished write
Sep 26, 2023 4:20:22 PM edu.yu.dbimpl.file.FileMgr read
INFO: read called with BlockIdBase: edu.yu.dbimpl.file.BlockId@12922d53 and PageBase: edu.yu.dbimpl.file.Page@f28ee19
Sep 26, 2023 4:20:22 PM edu.yu.dbimpl.file.Page getBytes
INFO: getBytes called with offset: 0
Sep 26, 2023 4:20:22 PM edu.yu.dbimpl.file.FileMgr read
INFO: Getting type to read: String
Sep 26, 2023 4:20:22 PM edu.yu.dbimpl.file.Page setString
INFO: setString called with offset: 0 and String: Hello, World!139
Sep 26, 2023 4:20:22 PM edu.yu.dbimpl.file.FileMgr append
INFO: append called with filename: testFileModulePerformance140
Sep 26, 2023 4:20:22 PM edu.yu.dbimpl.file.FileMgr append
INFO: Writing to file: src/test/java/edu/yu/dbimpl/testingDirectory/testFileModulePerformance140
Sep 26, 2023 4:20:22 PM edu.yu.dbimpl.file.Page <init>
INFO: Page created with blocksize 50000
Sep 26, 2023 4:20:22 PM edu.yu.dbimpl.file.Page setString
INFO: setString called with offset: 0 and String: Hello, World!140
Sep 26, 2023 4:20:22 PM edu.yu.dbimpl.file.FileMgr write
INFO: write called with BlockIdBase: edu.yu.dbimpl.file.BlockId@7c07deff and PageBase: edu.yu.dbimpl.file.Page@65374526
Sep 26, 2023 4:20:22 PM edu.yu.dbimpl.file.FileMgr write
INFO: Getting type to write: String
Sep 26, 2023 4:20:22 PM edu.yu.dbimpl.file.FileMgr write
INFO: Writing to file: src/test/java/edu/yu/dbimpl/testingDirectory/testFileModulePerformance140
Sep 26, 2023 4:20:22 PM edu.yu.dbimpl.file.FileMgr write
INFO: Finished write
Sep 26, 2023 4:20:22 PM edu.yu.dbimpl.file.FileMgr read
INFO: read called with BlockIdBase: edu.yu.dbimpl.file.BlockId@7c07deff and PageBase: edu.yu.dbimpl.file.Page@65374526
Sep 26, 2023 4:20:22 PM edu.yu.dbimpl.file.Page getBytes
INFO: getBytes called with offset: 0
Sep 26, 2023 4:20:22 PM edu.yu.dbimpl.file.FileMgr read
INFO: Getting type to read: String
Sep 26, 2023 4:20:22 PM edu.yu.dbimpl.file.Page setString
INFO: setString called with offset: 0 and String: Hello, World!140
Sep 26, 2023 4:20:22 PM edu.yu.dbimpl.file.FileMgr append
INFO: append called with filename: testFileModulePerformance141
Sep 26, 2023 4:20:22 PM edu.yu.dbimpl.file.FileMgr append
INFO: Writing to file: src/test/java/edu/yu/dbimpl/testingDirectory/testFileModulePerformance141
Sep 26, 2023 4:20:22 PM edu.yu.dbimpl.file.Page <init>
INFO: Page created with blocksize 50000
Sep 26, 2023 4:20:22 PM edu.yu.dbimpl.file.Page setString
INFO: setString called with offset: 0 and String: Hello, World!141
Sep 26, 2023 4:20:22 PM edu.yu.dbimpl.file.FileMgr write
INFO: write called with BlockIdBase: edu.yu.dbimpl.file.BlockId@664c0466 and PageBase: edu.yu.dbimpl.file.Page@2edc6690
Sep 26, 2023 4:20:22 PM edu.yu.dbimpl.file.FileMgr write
INFO: Getting type to write: String
Sep 26, 2023 4:20:22 PM edu.yu.dbimpl.file.FileMgr write
INFO: Writing to file: src/test/java/edu/yu/dbimpl/testingDirectory/testFileModulePerformance141
Sep 26, 2023 4:20:22 PM edu.yu.dbimpl.file.FileMgr write
INFO: Finished write
Sep 26, 2023 4:20:22 PM edu.yu.dbimpl.file.FileMgr read
INFO: read called with BlockIdBase: edu.yu.dbimpl.file.BlockId@664c0466 and PageBase: edu.yu.dbimpl.file.Page@2edc6690
Sep 26, 2023 4:20:22 PM edu.yu.dbimpl.file.Page getBytes
INFO: getBytes called with offset: 0
Sep 26, 2023 4:20:22 PM edu.yu.dbimpl.file.FileMgr read
INFO: Getting type to read: String
Sep 26, 2023 4:20:22 PM edu.yu.dbimpl.file.Page setString
INFO: setString called with offset: 0 and String: Hello, World!141
Sep 26, 2023 4:20:22 PM edu.yu.dbimpl.file.FileMgr append
INFO: append called with filename: testFileModulePerformance142
Sep 26, 2023 4:20:22 PM edu.yu.dbimpl.file.FileMgr append
INFO: Writing to file: src/test/java/edu/yu/dbimpl/testingDirectory/testFileModulePerformance142
Sep 26, 2023 4:20:22 PM edu.yu.dbimpl.file.Page <init>
INFO: Page created with blocksize 50000
Sep 26, 2023 4:20:22 PM edu.yu.dbimpl.file.Page setString
INFO: setString called with offset: 0 and String: Hello, World!142
Sep 26, 2023 4:20:22 PM edu.yu.dbimpl.file.FileMgr write
INFO: write called with BlockIdBase: edu.yu.dbimpl.file.BlockId@6ceeb592 and PageBase: edu.yu.dbimpl.file.Page@332fc35c
Sep 26, 2023 4:20:22 PM edu.yu.dbimpl.file.FileMgr write
INFO: Getting type to write: String
Sep 26, 2023 4:20:22 PM edu.yu.dbimpl.file.FileMgr write
INFO: Writing to file: src/test/java/edu/yu/dbimpl/testingDirectory/testFileModulePerformance142
Sep 26, 2023 4:20:22 PM edu.yu.dbimpl.file.FileMgr write
INFO: Finished write
Sep 26, 2023 4:20:22 PM edu.yu.dbimpl.file.FileMgr read
INFO: read called with BlockIdBase: edu.yu.dbimpl.file.BlockId@6ceeb592 and PageBase: edu.yu.dbimpl.file.Page@332fc35c
Sep 26, 2023 4:20:22 PM edu.yu.dbimpl.file.Page getBytes
INFO: getBytes called with offset: 0
Sep 26, 2023 4:20:22 PM edu.yu.dbimpl.file.FileMgr read
INFO: Getting type to read: String
Sep 26, 2023 4:20:22 PM edu.yu.dbimpl.file.Page setString
INFO: setString called with offset: 0 and String: Hello, World!142
Sep 26, 2023 4:20:22 PM edu.yu.dbimpl.file.FileMgr append
INFO: append called with filename: testFileModulePerformance143
Sep 26, 2023 4:20:22 PM edu.yu.dbimpl.file.FileMgr append
INFO: Writing to file: src/test/java/edu/yu/dbimpl/testingDirectory/testFileModulePerformance143
Sep 26, 2023 4:20:22 PM edu.yu.dbimpl.file.Page <init>
INFO: Page created with blocksize 50000
Sep 26, 2023 4:20:22 PM edu.yu.dbimpl.file.Page setString
INFO: setString called with offset: 0 and String: Hello, World!143
Sep 26, 2023 4:20:22 PM edu.yu.dbimpl.file.FileMgr write
INFO: write called with BlockIdBase: edu.yu.dbimpl.file.BlockId@35c69e6b and PageBase: edu.yu.dbimpl.file.Page@78e386a5
Sep 26, 2023 4:20:22 PM edu.yu.dbimpl.file.FileMgr write
INFO: Getting type to write: String
Sep 26, 2023 4:20:22 PM edu.yu.dbimpl.file.FileMgr write
INFO: Writing to file: src/test/java/edu/yu/dbimpl/testingDirectory/testFileModulePerformance143
Sep 26, 2023 4:20:22 PM edu.yu.dbimpl.file.FileMgr write
INFO: Finished write
Sep 26, 2023 4:20:22 PM edu.yu.dbimpl.file.FileMgr read
INFO: read called with BlockIdBase: edu.yu.dbimpl.file.BlockId@35c69e6b and PageBase: edu.yu.dbimpl.file.Page@78e386a5
Sep 26, 2023 4:20:22 PM edu.yu.dbimpl.file.Page getBytes
INFO: getBytes called with offset: 0
Sep 26, 2023 4:20:22 PM edu.yu.dbimpl.file.FileMgr read
INFO: Getting type to read: String
Sep 26, 2023 4:20:22 PM edu.yu.dbimpl.file.Page setString
INFO: setString called with offset: 0 and String: Hello, World!143
Sep 26, 2023 4:20:22 PM edu.yu.dbimpl.file.FileMgr append
INFO: append called with filename: testFileModulePerformance144
Sep 26, 2023 4:20:22 PM edu.yu.dbimpl.file.FileMgr append
INFO: Writing to file: src/test/java/edu/yu/dbimpl/testingDirectory/testFileModulePerformance144
Sep 26, 2023 4:20:22 PM edu.yu.dbimpl.file.Page <init>
INFO: Page created with blocksize 50000
Sep 26, 2023 4:20:22 PM edu.yu.dbimpl.file.Page setString
INFO: setString called with offset: 0 and String: Hello, World!144
Sep 26, 2023 4:20:22 PM edu.yu.dbimpl.file.FileMgr write
INFO: write called with BlockIdBase: edu.yu.dbimpl.file.BlockId@6138ee0e and PageBase: edu.yu.dbimpl.file.Page@2c40e456
Sep 26, 2023 4:20:22 PM edu.yu.dbimpl.file.FileMgr write
INFO: Getting type to write: String
Sep 26, 2023 4:20:22 PM edu.yu.dbimpl.file.FileMgr write
INFO: Writing to file: src/test/java/edu/yu/dbimpl/testingDirectory/testFileModulePerformance144
Sep 26, 2023 4:20:22 PM edu.yu.dbimpl.file.FileMgr write
INFO: Finished write
Sep 26, 2023 4:20:22 PM edu.yu.dbimpl.file.FileMgr read
INFO: read called with BlockIdBase: edu.yu.dbimpl.file.BlockId@6138ee0e and PageBase: edu.yu.dbimpl.file.Page@2c40e456
Sep 26, 2023 4:20:22 PM edu.yu.dbimpl.file.Page getBytes
INFO: getBytes called with offset: 0
Sep 26, 2023 4:20:22 PM edu.yu.dbimpl.file.FileMgr read
INFO: Getting type to read: String
Sep 26, 2023 4:20:22 PM edu.yu.dbimpl.file.Page setString
INFO: setString called with offset: 0 and String: Hello, World!144
Sep 26, 2023 4:20:22 PM edu.yu.dbimpl.file.FileMgr append
INFO: append called with filename: testFileModulePerformance145
Sep 26, 2023 4:20:22 PM edu.yu.dbimpl.file.FileMgr append
INFO: Writing to file: src/test/java/edu/yu/dbimpl/testingDirectory/testFileModulePerformance145
Sep 26, 2023 4:20:22 PM edu.yu.dbimpl.file.Page <init>
INFO: Page created with blocksize 50000
Sep 26, 2023 4:20:22 PM edu.yu.dbimpl.file.Page setString
INFO: setString called with offset: 0 and String: Hello, World!145
Sep 26, 2023 4:20:22 PM edu.yu.dbimpl.file.FileMgr write
INFO: write called with BlockIdBase: edu.yu.dbimpl.file.BlockId@2df40273 and PageBase: edu.yu.dbimpl.file.Page@49467fc6
Sep 26, 2023 4:20:22 PM edu.yu.dbimpl.file.FileMgr write
INFO: Getting type to write: String
Sep 26, 2023 4:20:22 PM edu.yu.dbimpl.file.FileMgr write
INFO: Writing to file: src/test/java/edu/yu/dbimpl/testingDirectory/testFileModulePerformance145
Sep 26, 2023 4:20:22 PM edu.yu.dbimpl.file.FileMgr write
INFO: Finished write
Sep 26, 2023 4:20:22 PM edu.yu.dbimpl.file.FileMgr read
INFO: read called with BlockIdBase: edu.yu.dbimpl.file.BlockId@2df40273 and PageBase: edu.yu.dbimpl.file.Page@49467fc6
Sep 26, 2023 4:20:22 PM edu.yu.dbimpl.file.Page getBytes
INFO: getBytes called with offset: 0
Sep 26, 2023 4:20:22 PM edu.yu.dbimpl.file.FileMgr read
INFO: Getting type to read: String
Sep 26, 2023 4:20:22 PM edu.yu.dbimpl.file.Page setString
INFO: setString called with offset: 0 and String: Hello, World!145
Sep 26, 2023 4:20:22 PM edu.yu.dbimpl.file.FileMgr append
INFO: append called with filename: testFileModulePerformance146
Sep 26, 2023 4:20:22 PM edu.yu.dbimpl.file.FileMgr append
INFO: Writing to file: src/test/java/edu/yu/dbimpl/testingDirectory/testFileModulePerformance146
Sep 26, 2023 4:20:22 PM edu.yu.dbimpl.file.Page <init>
INFO: Page created with blocksize 50000
Sep 26, 2023 4:20:22 PM edu.yu.dbimpl.file.Page setString
INFO: setString called with offset: 0 and String: Hello, World!146
Sep 26, 2023 4:20:22 PM edu.yu.dbimpl.file.FileMgr write
INFO: write called with BlockIdBase: edu.yu.dbimpl.file.BlockId@6f28a07e and PageBase: edu.yu.dbimpl.file.Page@44e19b99
Sep 26, 2023 4:20:22 PM edu.yu.dbimpl.file.FileMgr write
INFO: Getting type to write: String
Sep 26, 2023 4:20:22 PM edu.yu.dbimpl.file.FileMgr write
INFO: Writing to file: src/test/java/edu/yu/dbimpl/testingDirectory/testFileModulePerformance146
Sep 26, 2023 4:20:22 PM edu.yu.dbimpl.file.FileMgr write
INFO: Finished write
Sep 26, 2023 4:20:22 PM edu.yu.dbimpl.file.FileMgr read
INFO: read called with BlockIdBase: edu.yu.dbimpl.file.BlockId@6f28a07e and PageBase: edu.yu.dbimpl.file.Page@44e19b99
Sep 26, 2023 4:20:22 PM edu.yu.dbimpl.file.Page getBytes
INFO: getBytes called with offset: 0
Sep 26, 2023 4:20:22 PM edu.yu.dbimpl.file.FileMgr read
INFO: Getting type to read: String
Sep 26, 2023 4:20:22 PM edu.yu.dbimpl.file.Page setString
INFO: setString called with offset: 0 and String: Hello, World!146
Sep 26, 2023 4:20:22 PM edu.yu.dbimpl.file.FileMgr append
INFO: append called with filename: testFileModulePerformance147
Sep 26, 2023 4:20:22 PM edu.yu.dbimpl.file.FileMgr append
INFO: Writing to file: src/test/java/edu/yu/dbimpl/testingDirectory/testFileModulePerformance147
Sep 26, 2023 4:20:22 PM edu.yu.dbimpl.file.Page <init>
INFO: Page created with blocksize 50000
Sep 26, 2023 4:20:22 PM edu.yu.dbimpl.file.Page setString
INFO: setString called with offset: 0 and String: Hello, World!147
Sep 26, 2023 4:20:22 PM edu.yu.dbimpl.file.FileMgr write
INFO: write called with BlockIdBase: edu.yu.dbimpl.file.BlockId@498bfeec and PageBase: edu.yu.dbimpl.file.Page@33490054
Sep 26, 2023 4:20:22 PM edu.yu.dbimpl.file.FileMgr write
INFO: Getting type to write: String
Sep 26, 2023 4:20:22 PM edu.yu.dbimpl.file.FileMgr write
INFO: Writing to file: src/test/java/edu/yu/dbimpl/testingDirectory/testFileModulePerformance147
Sep 26, 2023 4:20:22 PM edu.yu.dbimpl.file.FileMgr write
INFO: Finished write
Sep 26, 2023 4:20:22 PM edu.yu.dbimpl.file.FileMgr read
INFO: read called with BlockIdBase: edu.yu.dbimpl.file.BlockId@498bfeec and PageBase: edu.yu.dbimpl.file.Page@33490054
Sep 26, 2023 4:20:22 PM edu.yu.dbimpl.file.Page getBytes
INFO: getBytes called with offset: 0
Sep 26, 2023 4:20:22 PM edu.yu.dbimpl.file.FileMgr read
INFO: Getting type to read: String
Sep 26, 2023 4:20:22 PM edu.yu.dbimpl.file.Page setString
INFO: setString called with offset: 0 and String: Hello, World!147
Sep 26, 2023 4:20:22 PM edu.yu.dbimpl.file.FileMgr append
INFO: append called with filename: testFileModulePerformance148
Sep 26, 2023 4:20:22 PM edu.yu.dbimpl.file.FileMgr append
INFO: Writing to file: src/test/java/edu/yu/dbimpl/testingDirectory/testFileModulePerformance148
Sep 26, 2023 4:20:22 PM edu.yu.dbimpl.file.Page <init>
INFO: Page created with blocksize 50000
Sep 26, 2023 4:20:22 PM edu.yu.dbimpl.file.Page setString
INFO: setString called with offset: 0 and String: Hello, World!148
Sep 26, 2023 4:20:22 PM edu.yu.dbimpl.file.FileMgr write
INFO: write called with BlockIdBase: edu.yu.dbimpl.file.BlockId@19487d13 and PageBase: edu.yu.dbimpl.file.Page@51bd10f0
Sep 26, 2023 4:20:22 PM edu.yu.dbimpl.file.FileMgr write
INFO: Getting type to write: String
Sep 26, 2023 4:20:22 PM edu.yu.dbimpl.file.FileMgr write
INFO: Writing to file: src/test/java/edu/yu/dbimpl/testingDirectory/testFileModulePerformance148
Sep 26, 2023 4:20:22 PM edu.yu.dbimpl.file.FileMgr write
INFO: Finished write
Sep 26, 2023 4:20:22 PM edu.yu.dbimpl.file.FileMgr read
INFO: read called with BlockIdBase: edu.yu.dbimpl.file.BlockId@19487d13 and PageBase: edu.yu.dbimpl.file.Page@51bd10f0
Sep 26, 2023 4:20:22 PM edu.yu.dbimpl.file.Page getBytes
INFO: getBytes called with offset: 0
Sep 26, 2023 4:20:22 PM edu.yu.dbimpl.file.FileMgr read
INFO: Getting type to read: String
Sep 26, 2023 4:20:22 PM edu.yu.dbimpl.file.Page setString
INFO: setString called with offset: 0 and String: Hello, World!148
Sep 26, 2023 4:20:22 PM edu.yu.dbimpl.file.FileMgr append
INFO: append called with filename: testFileModulePerformance149
Sep 26, 2023 4:20:22 PM edu.yu.dbimpl.file.FileMgr append
INFO: Writing to file: src/test/java/edu/yu/dbimpl/testingDirectory/testFileModulePerformance149
Sep 26, 2023 4:20:22 PM edu.yu.dbimpl.file.Page <init>
INFO: Page created with blocksize 50000
Sep 26, 2023 4:20:22 PM edu.yu.dbimpl.file.Page setString
INFO: setString called with offset: 0 and String: Hello, World!149
Sep 26, 2023 4:20:22 PM edu.yu.dbimpl.file.FileMgr write
INFO: write called with BlockIdBase: edu.yu.dbimpl.file.BlockId@47d7e8b5 and PageBase: edu.yu.dbimpl.file.Page@3ce71bbb
Sep 26, 2023 4:20:22 PM edu.yu.dbimpl.file.FileMgr write
INFO: Getting type to write: String
Sep 26, 2023 4:20:22 PM edu.yu.dbimpl.file.FileMgr write
INFO: Writing to file: src/test/java/edu/yu/dbimpl/testingDirectory/testFileModulePerformance149
Sep 26, 2023 4:20:22 PM edu.yu.dbimpl.file.FileMgr write
INFO: Finished write
Sep 26, 2023 4:20:22 PM edu.yu.dbimpl.file.FileMgr read
INFO: read called with BlockIdBase: edu.yu.dbimpl.file.BlockId@47d7e8b5 and PageBase: edu.yu.dbimpl.file.Page@3ce71bbb
Sep 26, 2023 4:20:22 PM edu.yu.dbimpl.file.Page getBytes
INFO: getBytes called with offset: 0
Sep 26, 2023 4:20:22 PM edu.yu.dbimpl.file.FileMgr read
INFO: Getting type to read: String
Sep 26, 2023 4:20:22 PM edu.yu.dbimpl.file.Page setString
INFO: setString called with offset: 0 and String: Hello, World!149
Sep 26, 2023 4:20:22 PM edu.yu.dbimpl.file.FileMgr append
INFO: append called with filename: testFileModulePerformance150
Sep 26, 2023 4:20:22 PM edu.yu.dbimpl.file.FileMgr append
INFO: Writing to file: src/test/java/edu/yu/dbimpl/testingDirectory/testFileModulePerformance150
Sep 26, 2023 4:20:22 PM edu.yu.dbimpl.file.Page <init>
INFO: Page created with blocksize 50000
Sep 26, 2023 4:20:22 PM edu.yu.dbimpl.file.Page setString
INFO: setString called with offset: 0 and String: Hello, World!150
Sep 26, 2023 4:20:22 PM edu.yu.dbimpl.file.FileMgr write
INFO: write called with BlockIdBase: edu.yu.dbimpl.file.BlockId@661d49d1 and PageBase: edu.yu.dbimpl.file.Page@5f1eff72
Sep 26, 2023 4:20:22 PM edu.yu.dbimpl.file.FileMgr write
INFO: Getting type to write: String
Sep 26, 2023 4:20:22 PM edu.yu.dbimpl.file.FileMgr write
INFO: Writing to file: src/test/java/edu/yu/dbimpl/testingDirectory/testFileModulePerformance150
Sep 26, 2023 4:20:22 PM edu.yu.dbimpl.file.FileMgr write
INFO: Finished write
Sep 26, 2023 4:20:22 PM edu.yu.dbimpl.file.FileMgr read
INFO: read called with BlockIdBase: edu.yu.dbimpl.file.BlockId@661d49d1 and PageBase: edu.yu.dbimpl.file.Page@5f1eff72
Sep 26, 2023 4:20:22 PM edu.yu.dbimpl.file.Page getBytes
INFO: getBytes called with offset: 0
Sep 26, 2023 4:20:22 PM edu.yu.dbimpl.file.FileMgr read
INFO: Getting type to read: String
Sep 26, 2023 4:20:22 PM edu.yu.dbimpl.file.Page setString
INFO: setString called with offset: 0 and String: Hello, World!150
Sep 26, 2023 4:20:22 PM edu.yu.dbimpl.file.FileMgr append
INFO: append called with filename: testFileModulePerformance151
Sep 26, 2023 4:20:22 PM edu.yu.dbimpl.file.FileMgr append
INFO: Writing to file: src/test/java/edu/yu/dbimpl/testingDirectory/testFileModulePerformance151
Sep 26, 2023 4:20:22 PM edu.yu.dbimpl.file.Page <init>
INFO: Page created with blocksize 50000
Sep 26, 2023 4:20:22 PM edu.yu.dbimpl.file.Page setString
INFO: setString called with offset: 0 and String: Hello, World!151
Sep 26, 2023 4:20:22 PM edu.yu.dbimpl.file.FileMgr write
INFO: write called with BlockIdBase: edu.yu.dbimpl.file.BlockId@27f43664 and PageBase: edu.yu.dbimpl.file.Page@234adbe2
Sep 26, 2023 4:20:22 PM edu.yu.dbimpl.file.FileMgr write
INFO: Getting type to write: String
Sep 26, 2023 4:20:22 PM edu.yu.dbimpl.file.FileMgr write
INFO: Writing to file: src/test/java/edu/yu/dbimpl/testingDirectory/testFileModulePerformance151
Sep 26, 2023 4:20:22 PM edu.yu.dbimpl.file.FileMgr write
INFO: Finished write
Sep 26, 2023 4:20:22 PM edu.yu.dbimpl.file.FileMgr read
INFO: read called with BlockIdBase: edu.yu.dbimpl.file.BlockId@27f43664 and PageBase: edu.yu.dbimpl.file.Page@234adbe2
Sep 26, 2023 4:20:22 PM edu.yu.dbimpl.file.Page getBytes
INFO: getBytes called with offset: 0
Sep 26, 2023 4:20:22 PM edu.yu.dbimpl.file.FileMgr read
INFO: Getting type to read: String
Sep 26, 2023 4:20:22 PM edu.yu.dbimpl.file.Page setString
INFO: setString called with offset: 0 and String: Hello, World!151
Sep 26, 2023 4:20:22 PM edu.yu.dbimpl.file.FileMgr append
INFO: append called with filename: testFileModulePerformance152
Sep 26, 2023 4:20:22 PM edu.yu.dbimpl.file.FileMgr append
INFO: Writing to file: src/test/java/edu/yu/dbimpl/testingDirectory/testFileModulePerformance152
Sep 26, 2023 4:20:22 PM edu.yu.dbimpl.file.Page <init>
INFO: Page created with blocksize 50000
Sep 26, 2023 4:20:22 PM edu.yu.dbimpl.file.Page setString
INFO: setString called with offset: 0 and String: Hello, World!152
Sep 26, 2023 4:20:22 PM edu.yu.dbimpl.file.FileMgr write
INFO: write called with BlockIdBase: edu.yu.dbimpl.file.BlockId@2f154d9b and PageBase: edu.yu.dbimpl.file.Page@7d8c264
Sep 26, 2023 4:20:22 PM edu.yu.dbimpl.file.FileMgr write
INFO: Getting type to write: String
Sep 26, 2023 4:20:22 PM edu.yu.dbimpl.file.FileMgr write
INFO: Writing to file: src/test/java/edu/yu/dbimpl/testingDirectory/testFileModulePerformance152
Sep 26, 2023 4:20:22 PM edu.yu.dbimpl.file.FileMgr write
INFO: Finished write
Sep 26, 2023 4:20:22 PM edu.yu.dbimpl.file.FileMgr read
INFO: read called with BlockIdBase: edu.yu.dbimpl.file.BlockId@2f154d9b and PageBase: edu.yu.dbimpl.file.Page@7d8c264
Sep 26, 2023 4:20:22 PM edu.yu.dbimpl.file.Page getBytes
INFO: getBytes called with offset: 0
Sep 26, 2023 4:20:22 PM edu.yu.dbimpl.file.FileMgr read
INFO: Getting type to read: String
Sep 26, 2023 4:20:22 PM edu.yu.dbimpl.file.Page setString
INFO: setString called with offset: 0 and String: Hello, World!152
Sep 26, 2023 4:20:22 PM edu.yu.dbimpl.file.FileMgr append
INFO: append called with filename: testFileModulePerformance153
Sep 26, 2023 4:20:22 PM edu.yu.dbimpl.file.FileMgr append
INFO: Writing to file: src/test/java/edu/yu/dbimpl/testingDirectory/testFileModulePerformance153
Sep 26, 2023 4:20:22 PM edu.yu.dbimpl.file.Page <init>
INFO: Page created with blocksize 50000
Sep 26, 2023 4:20:22 PM edu.yu.dbimpl.file.Page setString
INFO: setString called with offset: 0 and String: Hello, World!153
Sep 26, 2023 4:20:22 PM edu.yu.dbimpl.file.FileMgr write
INFO: write called with BlockIdBase: edu.yu.dbimpl.file.BlockId@19993ed and PageBase: edu.yu.dbimpl.file.Page@7479cdf7
Sep 26, 2023 4:20:22 PM edu.yu.dbimpl.file.FileMgr write
INFO: Getting type to write: String
Sep 26, 2023 4:20:22 PM edu.yu.dbimpl.file.FileMgr write
INFO: Writing to file: src/test/java/edu/yu/dbimpl/testingDirectory/testFileModulePerformance153
Sep 26, 2023 4:20:22 PM edu.yu.dbimpl.file.FileMgr write
INFO: Finished write
Sep 26, 2023 4:20:22 PM edu.yu.dbimpl.file.FileMgr read
INFO: read called with BlockIdBase: edu.yu.dbimpl.file.BlockId@19993ed and PageBase: edu.yu.dbimpl.file.Page@7479cdf7
Sep 26, 2023 4:20:22 PM edu.yu.dbimpl.file.Page getBytes
INFO: getBytes called with offset: 0
Sep 26, 2023 4:20:22 PM edu.yu.dbimpl.file.FileMgr read
INFO: Getting type to read: String
Sep 26, 2023 4:20:22 PM edu.yu.dbimpl.file.Page setString
INFO: setString called with offset: 0 and String: Hello, World!153
Sep 26, 2023 4:20:22 PM edu.yu.dbimpl.file.FileMgr append
INFO: append called with filename: testFileModulePerformance154
Sep 26, 2023 4:20:22 PM edu.yu.dbimpl.file.FileMgr append
INFO: Writing to file: src/test/java/edu/yu/dbimpl/testingDirectory/testFileModulePerformance154
Sep 26, 2023 4:20:22 PM edu.yu.dbimpl.file.Page <init>
INFO: Page created with blocksize 50000
Sep 26, 2023 4:20:22 PM edu.yu.dbimpl.file.Page setString
INFO: setString called with offset: 0 and String: Hello, World!154
Sep 26, 2023 4:20:22 PM edu.yu.dbimpl.file.FileMgr write
INFO: write called with BlockIdBase: edu.yu.dbimpl.file.BlockId@71852f76 and PageBase: edu.yu.dbimpl.file.Page@308f18c0
Sep 26, 2023 4:20:22 PM edu.yu.dbimpl.file.FileMgr write
INFO: Getting type to write: String
Sep 26, 2023 4:20:22 PM edu.yu.dbimpl.file.FileMgr write
INFO: Writing to file: src/test/java/edu/yu/dbimpl/testingDirectory/testFileModulePerformance154
Sep 26, 2023 4:20:22 PM edu.yu.dbimpl.file.FileMgr write
INFO: Finished write
Sep 26, 2023 4:20:22 PM edu.yu.dbimpl.file.FileMgr read
INFO: read called with BlockIdBase: edu.yu.dbimpl.file.BlockId@71852f76 and PageBase: edu.yu.dbimpl.file.Page@308f18c0
Sep 26, 2023 4:20:22 PM edu.yu.dbimpl.file.Page getBytes
INFO: getBytes called with offset: 0
Sep 26, 2023 4:20:22 PM edu.yu.dbimpl.file.FileMgr read
INFO: Getting type to read: String
Sep 26, 2023 4:20:22 PM edu.yu.dbimpl.file.Page setString
INFO: setString called with offset: 0 and String: Hello, World!154
Sep 26, 2023 4:20:22 PM edu.yu.dbimpl.file.FileMgr append
INFO: append called with filename: testFileModulePerformance155
Sep 26, 2023 4:20:22 PM edu.yu.dbimpl.file.FileMgr append
INFO: Writing to file: src/test/java/edu/yu/dbimpl/testingDirectory/testFileModulePerformance155
Sep 26, 2023 4:20:22 PM edu.yu.dbimpl.file.Page <init>
INFO: Page created with blocksize 50000
Sep 26, 2023 4:20:22 PM edu.yu.dbimpl.file.Page setString
INFO: setString called with offset: 0 and String: Hello, World!155
Sep 26, 2023 4:20:22 PM edu.yu.dbimpl.file.FileMgr write
INFO: write called with BlockIdBase: edu.yu.dbimpl.file.BlockId@7d44e3c7 and PageBase: edu.yu.dbimpl.file.Page@47e89fed
Sep 26, 2023 4:20:22 PM edu.yu.dbimpl.file.FileMgr write
INFO: Getting type to write: String
Sep 26, 2023 4:20:22 PM edu.yu.dbimpl.file.FileMgr write
INFO: Writing to file: src/test/java/edu/yu/dbimpl/testingDirectory/testFileModulePerformance155
Sep 26, 2023 4:20:22 PM edu.yu.dbimpl.file.FileMgr write
INFO: Finished write
Sep 26, 2023 4:20:22 PM edu.yu.dbimpl.file.FileMgr read
INFO: read called with BlockIdBase: edu.yu.dbimpl.file.BlockId@7d44e3c7 and PageBase: edu.yu.dbimpl.file.Page@47e89fed
Sep 26, 2023 4:20:22 PM edu.yu.dbimpl.file.Page getBytes
INFO: getBytes called with offset: 0
Sep 26, 2023 4:20:22 PM edu.yu.dbimpl.file.FileMgr read
INFO: Getting type to read: String
Sep 26, 2023 4:20:22 PM edu.yu.dbimpl.file.Page setString
INFO: setString called with offset: 0 and String: Hello, World!155
Sep 26, 2023 4:20:22 PM edu.yu.dbimpl.file.FileMgr append
INFO: append called with filename: testFileModulePerformance156
Sep 26, 2023 4:20:22 PM edu.yu.dbimpl.file.FileMgr append
INFO: Writing to file: src/test/java/edu/yu/dbimpl/testingDirectory/testFileModulePerformance156
Sep 26, 2023 4:20:22 PM edu.yu.dbimpl.file.Page <init>
INFO: Page created with blocksize 50000
Sep 26, 2023 4:20:22 PM edu.yu.dbimpl.file.Page setString
INFO: setString called with offset: 0 and String: Hello, World!156
Sep 26, 2023 4:20:22 PM edu.yu.dbimpl.file.FileMgr write
INFO: write called with BlockIdBase: edu.yu.dbimpl.file.BlockId@1fcef6f9 and PageBase: edu.yu.dbimpl.file.Page@57cfb4d8
Sep 26, 2023 4:20:22 PM edu.yu.dbimpl.file.FileMgr write
INFO: Getting type to write: String
Sep 26, 2023 4:20:22 PM edu.yu.dbimpl.file.FileMgr write
INFO: Writing to file: src/test/java/edu/yu/dbimpl/testingDirectory/testFileModulePerformance156
Sep 26, 2023 4:20:22 PM edu.yu.dbimpl.file.FileMgr write
INFO: Finished write
Sep 26, 2023 4:20:22 PM edu.yu.dbimpl.file.FileMgr read
INFO: read called with BlockIdBase: edu.yu.dbimpl.file.BlockId@1fcef6f9 and PageBase: edu.yu.dbimpl.file.Page@57cfb4d8
Sep 26, 2023 4:20:22 PM edu.yu.dbimpl.file.Page getBytes
INFO: getBytes called with offset: 0
Sep 26, 2023 4:20:22 PM edu.yu.dbimpl.file.FileMgr read
INFO: Getting type to read: String
Sep 26, 2023 4:20:22 PM edu.yu.dbimpl.file.Page setString
INFO: setString called with offset: 0 and String: Hello, World!156
Sep 26, 2023 4:20:22 PM edu.yu.dbimpl.file.FileMgr append
INFO: append called with filename: testFileModulePerformance157
Sep 26, 2023 4:20:22 PM edu.yu.dbimpl.file.FileMgr append
INFO: Writing to file: src/test/java/edu/yu/dbimpl/testingDirectory/testFileModulePerformance157
Sep 26, 2023 4:20:22 PM edu.yu.dbimpl.file.Page <init>
INFO: Page created with blocksize 50000
Sep 26, 2023 4:20:22 PM edu.yu.dbimpl.file.Page setString
INFO: setString called with offset: 0 and String: Hello, World!157
Sep 26, 2023 4:20:22 PM edu.yu.dbimpl.file.FileMgr write
INFO: write called with BlockIdBase: edu.yu.dbimpl.file.BlockId@d4f2f3d and PageBase: edu.yu.dbimpl.file.Page@e5bce8e
Sep 26, 2023 4:20:22 PM edu.yu.dbimpl.file.FileMgr write
INFO: Getting type to write: String
Sep 26, 2023 4:20:22 PM edu.yu.dbimpl.file.FileMgr write
INFO: Writing to file: src/test/java/edu/yu/dbimpl/testingDirectory/testFileModulePerformance157
Sep 26, 2023 4:20:22 PM edu.yu.dbimpl.file.FileMgr write
INFO: Finished write
Sep 26, 2023 4:20:22 PM edu.yu.dbimpl.file.FileMgr read
INFO: read called with BlockIdBase: edu.yu.dbimpl.file.BlockId@d4f2f3d and PageBase: edu.yu.dbimpl.file.Page@e5bce8e
Sep 26, 2023 4:20:22 PM edu.yu.dbimpl.file.Page getBytes
INFO: getBytes called with offset: 0
Sep 26, 2023 4:20:22 PM edu.yu.dbimpl.file.FileMgr read
INFO: Getting type to read: String
Sep 26, 2023 4:20:22 PM edu.yu.dbimpl.file.Page setString
INFO: setString called with offset: 0 and String: Hello, World!157
Sep 26, 2023 4:20:22 PM edu.yu.dbimpl.file.FileMgr append
INFO: append called with filename: testFileModulePerformance158
Sep 26, 2023 4:20:22 PM edu.yu.dbimpl.file.FileMgr append
INFO: Writing to file: src/test/java/edu/yu/dbimpl/testingDirectory/testFileModulePerformance158
Sep 26, 2023 4:20:22 PM edu.yu.dbimpl.file.Page <init>
INFO: Page created with blocksize 50000
Sep 26, 2023 4:20:22 PM edu.yu.dbimpl.file.Page setString
INFO: setString called with offset: 0 and String: Hello, World!158
Sep 26, 2023 4:20:22 PM edu.yu.dbimpl.file.FileMgr write
INFO: write called with BlockIdBase: edu.yu.dbimpl.file.BlockId@66ca8882 and PageBase: edu.yu.dbimpl.file.Page@4c0989f7
Sep 26, 2023 4:20:22 PM edu.yu.dbimpl.file.FileMgr write
INFO: Getting type to write: String
Sep 26, 2023 4:20:22 PM edu.yu.dbimpl.file.FileMgr write
INFO: Writing to file: src/test/java/edu/yu/dbimpl/testingDirectory/testFileModulePerformance158
Sep 26, 2023 4:20:22 PM edu.yu.dbimpl.file.FileMgr write
INFO: Finished write
Sep 26, 2023 4:20:22 PM edu.yu.dbimpl.file.FileMgr read
INFO: read called with BlockIdBase: edu.yu.dbimpl.file.BlockId@66ca8882 and PageBase: edu.yu.dbimpl.file.Page@4c0989f7
Sep 26, 2023 4:20:22 PM edu.yu.dbimpl.file.Page getBytes
INFO: getBytes called with offset: 0
Sep 26, 2023 4:20:22 PM edu.yu.dbimpl.file.FileMgr read
INFO: Getting type to read: String
Sep 26, 2023 4:20:22 PM edu.yu.dbimpl.file.Page setString
INFO: setString called with offset: 0 and String: Hello, World!158
Sep 26, 2023 4:20:22 PM edu.yu.dbimpl.file.FileMgr append
INFO: append called with filename: testFileModulePerformance159
Sep 26, 2023 4:20:22 PM edu.yu.dbimpl.file.FileMgr append
INFO: Writing to file: src/test/java/edu/yu/dbimpl/testingDirectory/testFileModulePerformance159
Sep 26, 2023 4:20:22 PM edu.yu.dbimpl.file.Page <init>
INFO: Page created with blocksize 50000
Sep 26, 2023 4:20:22 PM edu.yu.dbimpl.file.Page setString
INFO: setString called with offset: 0 and String: Hello, World!159
Sep 26, 2023 4:20:22 PM edu.yu.dbimpl.file.FileMgr write
INFO: write called with BlockIdBase: edu.yu.dbimpl.file.BlockId@384b718c and PageBase: edu.yu.dbimpl.file.Page@68b4e7b5
Sep 26, 2023 4:20:22 PM edu.yu.dbimpl.file.FileMgr write
INFO: Getting type to write: String
Sep 26, 2023 4:20:22 PM edu.yu.dbimpl.file.FileMgr write
INFO: Writing to file: src/test/java/edu/yu/dbimpl/testingDirectory/testFileModulePerformance159
Sep 26, 2023 4:20:22 PM edu.yu.dbimpl.file.FileMgr write
INFO: Finished write
Sep 26, 2023 4:20:22 PM edu.yu.dbimpl.file.FileMgr read
INFO: read called with BlockIdBase: edu.yu.dbimpl.file.BlockId@384b718c and PageBase: edu.yu.dbimpl.file.Page@68b4e7b5
Sep 26, 2023 4:20:22 PM edu.yu.dbimpl.file.Page getBytes
INFO: getBytes called with offset: 0
Sep 26, 2023 4:20:22 PM edu.yu.dbimpl.file.FileMgr read
INFO: Getting type to read: String
Sep 26, 2023 4:20:22 PM edu.yu.dbimpl.file.Page setString
INFO: setString called with offset: 0 and String: Hello, World!159
Sep 26, 2023 4:20:22 PM edu.yu.dbimpl.file.FileMgr append
INFO: append called with filename: testFileModulePerformance160
Sep 26, 2023 4:20:22 PM edu.yu.dbimpl.file.FileMgr append
INFO: Writing to file: src/test/java/edu/yu/dbimpl/testingDirectory/testFileModulePerformance160
Sep 26, 2023 4:20:22 PM edu.yu.dbimpl.file.Page <init>
INFO: Page created with blocksize 50000
Sep 26, 2023 4:20:22 PM edu.yu.dbimpl.file.Page setString
INFO: setString called with offset: 0 and String: Hello, World!160
Sep 26, 2023 4:20:22 PM edu.yu.dbimpl.file.FileMgr write
INFO: write called with BlockIdBase: edu.yu.dbimpl.file.BlockId@5a88ecb9 and PageBase: edu.yu.dbimpl.file.Page@5ace902e
Sep 26, 2023 4:20:22 PM edu.yu.dbimpl.file.FileMgr write
INFO: Getting type to write: String
Sep 26, 2023 4:20:22 PM edu.yu.dbimpl.file.FileMgr write
INFO: Writing to file: src/test/java/edu/yu/dbimpl/testingDirectory/testFileModulePerformance160
Sep 26, 2023 4:20:22 PM edu.yu.dbimpl.file.FileMgr write
INFO: Finished write
Sep 26, 2023 4:20:22 PM edu.yu.dbimpl.file.FileMgr read
INFO: read called with BlockIdBase: edu.yu.dbimpl.file.BlockId@5a88ecb9 and PageBase: edu.yu.dbimpl.file.Page@5ace902e
Sep 26, 2023 4:20:22 PM edu.yu.dbimpl.file.Page getBytes
INFO: getBytes called with offset: 0
Sep 26, 2023 4:20:22 PM edu.yu.dbimpl.file.FileMgr read
INFO: Getting type to read: String
Sep 26, 2023 4:20:22 PM edu.yu.dbimpl.file.Page setString
INFO: setString called with offset: 0 and String: Hello, World!160
Sep 26, 2023 4:20:22 PM edu.yu.dbimpl.file.FileMgr append
INFO: append called with filename: testFileModulePerformance161
Sep 26, 2023 4:20:22 PM edu.yu.dbimpl.file.FileMgr append
INFO: Writing to file: src/test/java/edu/yu/dbimpl/testingDirectory/testFileModulePerformance161
Sep 26, 2023 4:20:22 PM edu.yu.dbimpl.file.Page <init>
INFO: Page created with blocksize 50000
Sep 26, 2023 4:20:22 PM edu.yu.dbimpl.file.Page setString
INFO: setString called with offset: 0 and String: Hello, World!161
Sep 26, 2023 4:20:22 PM edu.yu.dbimpl.file.FileMgr write
INFO: write called with BlockIdBase: edu.yu.dbimpl.file.BlockId@396a4dea and PageBase: edu.yu.dbimpl.file.Page@76ac8c3d
Sep 26, 2023 4:20:22 PM edu.yu.dbimpl.file.FileMgr write
INFO: Getting type to write: String
Sep 26, 2023 4:20:22 PM edu.yu.dbimpl.file.FileMgr write
INFO: Writing to file: src/test/java/edu/yu/dbimpl/testingDirectory/testFileModulePerformance161
Sep 26, 2023 4:20:22 PM edu.yu.dbimpl.file.FileMgr write
INFO: Finished write
Sep 26, 2023 4:20:22 PM edu.yu.dbimpl.file.FileMgr read
INFO: read called with BlockIdBase: edu.yu.dbimpl.file.BlockId@396a4dea and PageBase: edu.yu.dbimpl.file.Page@76ac8c3d
Sep 26, 2023 4:20:22 PM edu.yu.dbimpl.file.Page getBytes
INFO: getBytes called with offset: 0
Sep 26, 2023 4:20:22 PM edu.yu.dbimpl.file.FileMgr read
INFO: Getting type to read: String
Sep 26, 2023 4:20:22 PM edu.yu.dbimpl.file.Page setString
INFO: setString called with offset: 0 and String: Hello, World!161
Sep 26, 2023 4:20:22 PM edu.yu.dbimpl.file.FileMgr append
INFO: append called with filename: testFileModulePerformance162
Sep 26, 2023 4:20:22 PM edu.yu.dbimpl.file.FileMgr append
INFO: Writing to file: src/test/java/edu/yu/dbimpl/testingDirectory/testFileModulePerformance162
Sep 26, 2023 4:20:22 PM edu.yu.dbimpl.file.Page <init>
INFO: Page created with blocksize 50000
Sep 26, 2023 4:20:22 PM edu.yu.dbimpl.file.Page setString
INFO: setString called with offset: 0 and String: Hello, World!162
Sep 26, 2023 4:20:22 PM edu.yu.dbimpl.file.FileMgr write
INFO: write called with BlockIdBase: edu.yu.dbimpl.file.BlockId@6b5c4b75 and PageBase: edu.yu.dbimpl.file.Page@453de9d0
Sep 26, 2023 4:20:22 PM edu.yu.dbimpl.file.FileMgr write
INFO: Getting type to write: String
Sep 26, 2023 4:20:22 PM edu.yu.dbimpl.file.FileMgr write
INFO: Writing to file: src/test/java/edu/yu/dbimpl/testingDirectory/testFileModulePerformance162
Sep 26, 2023 4:20:22 PM edu.yu.dbimpl.file.FileMgr write
INFO: Finished write
Sep 26, 2023 4:20:22 PM edu.yu.dbimpl.file.FileMgr read
INFO: read called with BlockIdBase: edu.yu.dbimpl.file.BlockId@6b5c4b75 and PageBase: edu.yu.dbimpl.file.Page@453de9d0
Sep 26, 2023 4:20:22 PM edu.yu.dbimpl.file.Page getBytes
INFO: getBytes called with offset: 0
Sep 26, 2023 4:20:22 PM edu.yu.dbimpl.file.FileMgr read
INFO: Getting type to read: String
Sep 26, 2023 4:20:22 PM edu.yu.dbimpl.file.Page setString
INFO: setString called with offset: 0 and String: Hello, World!162
Sep 26, 2023 4:20:22 PM edu.yu.dbimpl.file.FileMgr append
INFO: append called with filename: testFileModulePerformance163
Sep 26, 2023 4:20:22 PM edu.yu.dbimpl.file.FileMgr append
INFO: Writing to file: src/test/java/edu/yu/dbimpl/testingDirectory/testFileModulePerformance163
Sep 26, 2023 4:20:22 PM edu.yu.dbimpl.file.Page <init>
INFO: Page created with blocksize 50000
Sep 26, 2023 4:20:22 PM edu.yu.dbimpl.file.Page setString
INFO: setString called with offset: 0 and String: Hello, World!163
Sep 26, 2023 4:20:22 PM edu.yu.dbimpl.file.FileMgr write
INFO: write called with BlockIdBase: edu.yu.dbimpl.file.BlockId@2e53f980 and PageBase: edu.yu.dbimpl.file.Page@3c8c5513
Sep 26, 2023 4:20:22 PM edu.yu.dbimpl.file.FileMgr write
INFO: Getting type to write: String
Sep 26, 2023 4:20:22 PM edu.yu.dbimpl.file.FileMgr write
INFO: Writing to file: src/test/java/edu/yu/dbimpl/testingDirectory/testFileModulePerformance163
Sep 26, 2023 4:20:22 PM edu.yu.dbimpl.file.FileMgr write
INFO: Finished write
Sep 26, 2023 4:20:22 PM edu.yu.dbimpl.file.FileMgr read
INFO: read called with BlockIdBase: edu.yu.dbimpl.file.BlockId@2e53f980 and PageBase: edu.yu.dbimpl.file.Page@3c8c5513
Sep 26, 2023 4:20:22 PM edu.yu.dbimpl.file.Page getBytes
INFO: getBytes called with offset: 0
Sep 26, 2023 4:20:22 PM edu.yu.dbimpl.file.FileMgr read
INFO: Getting type to read: String
Sep 26, 2023 4:20:22 PM edu.yu.dbimpl.file.Page setString
INFO: setString called with offset: 0 and String: Hello, World!163
Sep 26, 2023 4:20:22 PM edu.yu.dbimpl.file.FileMgr append
INFO: append called with filename: testFileModulePerformance164
Sep 26, 2023 4:20:22 PM edu.yu.dbimpl.file.FileMgr append
INFO: Writing to file: src/test/java/edu/yu/dbimpl/testingDirectory/testFileModulePerformance164
Sep 26, 2023 4:20:22 PM edu.yu.dbimpl.file.Page <init>
INFO: Page created with blocksize 50000
Sep 26, 2023 4:20:22 PM edu.yu.dbimpl.file.Page setString
INFO: setString called with offset: 0 and String: Hello, World!164
Sep 26, 2023 4:20:22 PM edu.yu.dbimpl.file.FileMgr write
INFO: write called with BlockIdBase: edu.yu.dbimpl.file.BlockId@3502b614 and PageBase: edu.yu.dbimpl.file.Page@1fdbba0d
Sep 26, 2023 4:20:22 PM edu.yu.dbimpl.file.FileMgr write
INFO: Getting type to write: String
Sep 26, 2023 4:20:22 PM edu.yu.dbimpl.file.FileMgr write
INFO: Writing to file: src/test/java/edu/yu/dbimpl/testingDirectory/testFileModulePerformance164
Sep 26, 2023 4:20:22 PM edu.yu.dbimpl.file.FileMgr write
INFO: Finished write
Sep 26, 2023 4:20:22 PM edu.yu.dbimpl.file.FileMgr read
INFO: read called with BlockIdBase: edu.yu.dbimpl.file.BlockId@3502b614 and PageBase: edu.yu.dbimpl.file.Page@1fdbba0d
Sep 26, 2023 4:20:22 PM edu.yu.dbimpl.file.Page getBytes
INFO: getBytes called with offset: 0
Sep 26, 2023 4:20:22 PM edu.yu.dbimpl.file.FileMgr read
INFO: Getting type to read: String
Sep 26, 2023 4:20:22 PM edu.yu.dbimpl.file.Page setString
INFO: setString called with offset: 0 and String: Hello, World!164
Sep 26, 2023 4:20:22 PM edu.yu.dbimpl.file.FileMgr append
INFO: append called with filename: testFileModulePerformance165
Sep 26, 2023 4:20:22 PM edu.yu.dbimpl.file.FileMgr append
INFO: Writing to file: src/test/java/edu/yu/dbimpl/testingDirectory/testFileModulePerformance165
Sep 26, 2023 4:20:22 PM edu.yu.dbimpl.file.Page <init>
INFO: Page created with blocksize 50000
Sep 26, 2023 4:20:22 PM edu.yu.dbimpl.file.Page setString
INFO: setString called with offset: 0 and String: Hello, World!165
Sep 26, 2023 4:20:22 PM edu.yu.dbimpl.file.FileMgr write
INFO: write called with BlockIdBase: edu.yu.dbimpl.file.BlockId@2ef5df8f and PageBase: edu.yu.dbimpl.file.Page@708f238f
Sep 26, 2023 4:20:22 PM edu.yu.dbimpl.file.FileMgr write
INFO: Getting type to write: String
Sep 26, 2023 4:20:22 PM edu.yu.dbimpl.file.FileMgr write
INFO: Writing to file: src/test/java/edu/yu/dbimpl/testingDirectory/testFileModulePerformance165
Sep 26, 2023 4:20:22 PM edu.yu.dbimpl.file.FileMgr write
INFO: Finished write
Sep 26, 2023 4:20:22 PM edu.yu.dbimpl.file.FileMgr read
INFO: read called with BlockIdBase: edu.yu.dbimpl.file.BlockId@2ef5df8f and PageBase: edu.yu.dbimpl.file.Page@708f238f
Sep 26, 2023 4:20:22 PM edu.yu.dbimpl.file.Page getBytes
INFO: getBytes called with offset: 0
Sep 26, 2023 4:20:22 PM edu.yu.dbimpl.file.FileMgr read
INFO: Getting type to read: String
Sep 26, 2023 4:20:22 PM edu.yu.dbimpl.file.Page setString
INFO: setString called with offset: 0 and String: Hello, World!165
Sep 26, 2023 4:20:22 PM edu.yu.dbimpl.file.FileMgr append
INFO: append called with filename: testFileModulePerformance166
Sep 26, 2023 4:20:22 PM edu.yu.dbimpl.file.FileMgr append
INFO: Writing to file: src/test/java/edu/yu/dbimpl/testingDirectory/testFileModulePerformance166
Sep 26, 2023 4:20:22 PM edu.yu.dbimpl.file.Page <init>
INFO: Page created with blocksize 50000
Sep 26, 2023 4:20:22 PM edu.yu.dbimpl.file.Page setString
INFO: setString called with offset: 0 and String: Hello, World!166
Sep 26, 2023 4:20:22 PM edu.yu.dbimpl.file.FileMgr write
INFO: write called with BlockIdBase: edu.yu.dbimpl.file.BlockId@509d999c and PageBase: edu.yu.dbimpl.file.Page@12544a50
Sep 26, 2023 4:20:22 PM edu.yu.dbimpl.file.FileMgr write
INFO: Getting type to write: String
Sep 26, 2023 4:20:22 PM edu.yu.dbimpl.file.FileMgr write
INFO: Writing to file: src/test/java/edu/yu/dbimpl/testingDirectory/testFileModulePerformance166
Sep 26, 2023 4:20:22 PM edu.yu.dbimpl.file.FileMgr write
INFO: Finished write
Sep 26, 2023 4:20:22 PM edu.yu.dbimpl.file.FileMgr read
INFO: read called with BlockIdBase: edu.yu.dbimpl.file.BlockId@509d999c and PageBase: edu.yu.dbimpl.file.Page@12544a50
Sep 26, 2023 4:20:22 PM edu.yu.dbimpl.file.Page getBytes
INFO: getBytes called with offset: 0
Sep 26, 2023 4:20:22 PM edu.yu.dbimpl.file.FileMgr read
INFO: Getting type to read: String
Sep 26, 2023 4:20:22 PM edu.yu.dbimpl.file.Page setString
INFO: setString called with offset: 0 and String: Hello, World!166
Sep 26, 2023 4:20:22 PM edu.yu.dbimpl.file.FileMgr append
INFO: append called with filename: testFileModulePerformance167
Sep 26, 2023 4:20:22 PM edu.yu.dbimpl.file.FileMgr append
INFO: Writing to file: src/test/java/edu/yu/dbimpl/testingDirectory/testFileModulePerformance167
Sep 26, 2023 4:20:22 PM edu.yu.dbimpl.file.Page <init>
INFO: Page created with blocksize 50000
Sep 26, 2023 4:20:22 PM edu.yu.dbimpl.file.Page setString
INFO: setString called with offset: 0 and String: Hello, World!167
Sep 26, 2023 4:20:22 PM edu.yu.dbimpl.file.FileMgr write
INFO: write called with BlockIdBase: edu.yu.dbimpl.file.BlockId@125df632 and PageBase: edu.yu.dbimpl.file.Page@1b472cad
Sep 26, 2023 4:20:22 PM edu.yu.dbimpl.file.FileMgr write
INFO: Getting type to write: String
Sep 26, 2023 4:20:22 PM edu.yu.dbimpl.file.FileMgr write
INFO: Writing to file: src/test/java/edu/yu/dbimpl/testingDirectory/testFileModulePerformance167
Sep 26, 2023 4:20:22 PM edu.yu.dbimpl.file.FileMgr write
INFO: Finished write
Sep 26, 2023 4:20:22 PM edu.yu.dbimpl.file.FileMgr read
INFO: read called with BlockIdBase: edu.yu.dbimpl.file.BlockId@125df632 and PageBase: edu.yu.dbimpl.file.Page@1b472cad
Sep 26, 2023 4:20:22 PM edu.yu.dbimpl.file.Page getBytes
INFO: getBytes called with offset: 0
Sep 26, 2023 4:20:22 PM edu.yu.dbimpl.file.FileMgr read
INFO: Getting type to read: String
Sep 26, 2023 4:20:22 PM edu.yu.dbimpl.file.Page setString
INFO: setString called with offset: 0 and String: Hello, World!167
Sep 26, 2023 4:20:22 PM edu.yu.dbimpl.file.FileMgr append
INFO: append called with filename: testFileModulePerformance168
Sep 26, 2023 4:20:22 PM edu.yu.dbimpl.file.FileMgr append
INFO: Writing to file: src/test/java/edu/yu/dbimpl/testingDirectory/testFileModulePerformance168
Sep 26, 2023 4:20:22 PM edu.yu.dbimpl.file.Page <init>
INFO: Page created with blocksize 50000
Sep 26, 2023 4:20:22 PM edu.yu.dbimpl.file.Page setString
INFO: setString called with offset: 0 and String: Hello, World!168
Sep 26, 2023 4:20:22 PM edu.yu.dbimpl.file.FileMgr write
INFO: write called with BlockIdBase: edu.yu.dbimpl.file.BlockId@27aa0720 and PageBase: edu.yu.dbimpl.file.Page@179cdf4f
Sep 26, 2023 4:20:22 PM edu.yu.dbimpl.file.FileMgr write
INFO: Getting type to write: String
Sep 26, 2023 4:20:22 PM edu.yu.dbimpl.file.FileMgr write
INFO: Writing to file: src/test/java/edu/yu/dbimpl/testingDirectory/testFileModulePerformance168
Sep 26, 2023 4:20:22 PM edu.yu.dbimpl.file.FileMgr write
INFO: Finished write
Sep 26, 2023 4:20:22 PM edu.yu.dbimpl.file.FileMgr read
INFO: read called with BlockIdBase: edu.yu.dbimpl.file.BlockId@27aa0720 and PageBase: edu.yu.dbimpl.file.Page@179cdf4f
Sep 26, 2023 4:20:22 PM edu.yu.dbimpl.file.Page getBytes
INFO: getBytes called with offset: 0
Sep 26, 2023 4:20:22 PM edu.yu.dbimpl.file.FileMgr read
INFO: Getting type to read: String
Sep 26, 2023 4:20:22 PM edu.yu.dbimpl.file.Page setString
INFO: setString called with offset: 0 and String: Hello, World!168
Sep 26, 2023 4:20:22 PM edu.yu.dbimpl.file.FileMgr append
INFO: append called with filename: testFileModulePerformance169
Sep 26, 2023 4:20:22 PM edu.yu.dbimpl.file.FileMgr append
INFO: Writing to file: src/test/java/edu/yu/dbimpl/testingDirectory/testFileModulePerformance169
Sep 26, 2023 4:20:22 PM edu.yu.dbimpl.file.Page <init>
INFO: Page created with blocksize 50000
Sep 26, 2023 4:20:22 PM edu.yu.dbimpl.file.Page setString
INFO: setString called with offset: 0 and String: Hello, World!169
Sep 26, 2023 4:20:22 PM edu.yu.dbimpl.file.FileMgr write
INFO: write called with BlockIdBase: edu.yu.dbimpl.file.BlockId@6a0d47e8 and PageBase: edu.yu.dbimpl.file.Page@480d3c40
Sep 26, 2023 4:20:22 PM edu.yu.dbimpl.file.FileMgr write
INFO: Getting type to write: String
Sep 26, 2023 4:20:22 PM edu.yu.dbimpl.file.FileMgr write
INFO: Writing to file: src/test/java/edu/yu/dbimpl/testingDirectory/testFileModulePerformance169
Sep 26, 2023 4:20:22 PM edu.yu.dbimpl.file.FileMgr write
INFO: Finished write
Sep 26, 2023 4:20:22 PM edu.yu.dbimpl.file.FileMgr read
INFO: read called with BlockIdBase: edu.yu.dbimpl.file.BlockId@6a0d47e8 and PageBase: edu.yu.dbimpl.file.Page@480d3c40
Sep 26, 2023 4:20:22 PM edu.yu.dbimpl.file.Page getBytes
INFO: getBytes called with offset: 0
Sep 26, 2023 4:20:22 PM edu.yu.dbimpl.file.FileMgr read
INFO: Getting type to read: String
Sep 26, 2023 4:20:22 PM edu.yu.dbimpl.file.Page setString
INFO: setString called with offset: 0 and String: Hello, World!169
Sep 26, 2023 4:20:22 PM edu.yu.dbimpl.file.FileMgr append
INFO: append called with filename: testFileModulePerformance170
Sep 26, 2023 4:20:22 PM edu.yu.dbimpl.file.FileMgr append
INFO: Writing to file: src/test/java/edu/yu/dbimpl/testingDirectory/testFileModulePerformance170
Sep 26, 2023 4:20:22 PM edu.yu.dbimpl.file.Page <init>
INFO: Page created with blocksize 50000
Sep 26, 2023 4:20:22 PM edu.yu.dbimpl.file.Page setString
INFO: setString called with offset: 0 and String: Hello, World!170
Sep 26, 2023 4:20:22 PM edu.yu.dbimpl.file.FileMgr write
INFO: write called with BlockIdBase: edu.yu.dbimpl.file.BlockId@3f69b166 and PageBase: edu.yu.dbimpl.file.Page@4e7e7763
Sep 26, 2023 4:20:22 PM edu.yu.dbimpl.file.FileMgr write
INFO: Getting type to write: String
Sep 26, 2023 4:20:22 PM edu.yu.dbimpl.file.FileMgr write
INFO: Writing to file: src/test/java/edu/yu/dbimpl/testingDirectory/testFileModulePerformance170
Sep 26, 2023 4:20:22 PM edu.yu.dbimpl.file.FileMgr write
INFO: Finished write
Sep 26, 2023 4:20:22 PM edu.yu.dbimpl.file.FileMgr read
INFO: read called with BlockIdBase: edu.yu.dbimpl.file.BlockId@3f69b166 and PageBase: edu.yu.dbimpl.file.Page@4e7e7763
Sep 26, 2023 4:20:22 PM edu.yu.dbimpl.file.Page getBytes
INFO: getBytes called with offset: 0
Sep 26, 2023 4:20:22 PM edu.yu.dbimpl.file.FileMgr read
INFO: Getting type to read: String
Sep 26, 2023 4:20:22 PM edu.yu.dbimpl.file.Page setString
INFO: setString called with offset: 0 and String: Hello, World!170
Sep 26, 2023 4:20:22 PM edu.yu.dbimpl.file.FileMgr append
INFO: append called with filename: testFileModulePerformance171
Sep 26, 2023 4:20:22 PM edu.yu.dbimpl.file.FileMgr append
INFO: Writing to file: src/test/java/edu/yu/dbimpl/testingDirectory/testFileModulePerformance171
Sep 26, 2023 4:20:22 PM edu.yu.dbimpl.file.Page <init>
INFO: Page created with blocksize 50000
Sep 26, 2023 4:20:22 PM edu.yu.dbimpl.file.Page setString
INFO: setString called with offset: 0 and String: Hello, World!171
Sep 26, 2023 4:20:22 PM edu.yu.dbimpl.file.FileMgr write
INFO: write called with BlockIdBase: edu.yu.dbimpl.file.BlockId@4ecc4b43 and PageBase: edu.yu.dbimpl.file.Page@6f8281e6
Sep 26, 2023 4:20:22 PM edu.yu.dbimpl.file.FileMgr write
INFO: Getting type to write: String
Sep 26, 2023 4:20:22 PM edu.yu.dbimpl.file.FileMgr write
INFO: Writing to file: src/test/java/edu/yu/dbimpl/testingDirectory/testFileModulePerformance171
Sep 26, 2023 4:20:22 PM edu.yu.dbimpl.file.FileMgr write
INFO: Finished write
Sep 26, 2023 4:20:22 PM edu.yu.dbimpl.file.FileMgr read
INFO: read called with BlockIdBase: edu.yu.dbimpl.file.BlockId@4ecc4b43 and PageBase: edu.yu.dbimpl.file.Page@6f8281e6
Sep 26, 2023 4:20:22 PM edu.yu.dbimpl.file.Page getBytes
INFO: getBytes called with offset: 0
Sep 26, 2023 4:20:22 PM edu.yu.dbimpl.file.FileMgr read
INFO: Getting type to read: String
Sep 26, 2023 4:20:22 PM edu.yu.dbimpl.file.Page setString
INFO: setString called with offset: 0 and String: Hello, World!171
Sep 26, 2023 4:20:22 PM edu.yu.dbimpl.file.FileMgr append
INFO: append called with filename: testFileModulePerformance172
Sep 26, 2023 4:20:22 PM edu.yu.dbimpl.file.FileMgr append
INFO: Writing to file: src/test/java/edu/yu/dbimpl/testingDirectory/testFileModulePerformance172
Sep 26, 2023 4:20:22 PM edu.yu.dbimpl.file.Page <init>
INFO: Page created with blocksize 50000
Sep 26, 2023 4:20:22 PM edu.yu.dbimpl.file.Page setString
INFO: setString called with offset: 0 and String: Hello, World!172
Sep 26, 2023 4:20:22 PM edu.yu.dbimpl.file.FileMgr write
INFO: write called with BlockIdBase: edu.yu.dbimpl.file.BlockId@1d12eff1 and PageBase: edu.yu.dbimpl.file.Page@206a465f
Sep 26, 2023 4:20:22 PM edu.yu.dbimpl.file.FileMgr write
INFO: Getting type to write: String
Sep 26, 2023 4:20:22 PM edu.yu.dbimpl.file.FileMgr write
INFO: Writing to file: src/test/java/edu/yu/dbimpl/testingDirectory/testFileModulePerformance172
Sep 26, 2023 4:20:22 PM edu.yu.dbimpl.file.FileMgr write
INFO: Finished write
Sep 26, 2023 4:20:22 PM edu.yu.dbimpl.file.FileMgr read
INFO: read called with BlockIdBase: edu.yu.dbimpl.file.BlockId@1d12eff1 and PageBase: edu.yu.dbimpl.file.Page@206a465f
Sep 26, 2023 4:20:22 PM edu.yu.dbimpl.file.Page getBytes
INFO: getBytes called with offset: 0
Sep 26, 2023 4:20:22 PM edu.yu.dbimpl.file.FileMgr read
INFO: Getting type to read: String
Sep 26, 2023 4:20:22 PM edu.yu.dbimpl.file.Page setString
INFO: setString called with offset: 0 and String: Hello, World!172
Sep 26, 2023 4:20:22 PM edu.yu.dbimpl.file.FileMgr append
INFO: append called with filename: testFileModulePerformance173
Sep 26, 2023 4:20:22 PM edu.yu.dbimpl.file.FileMgr append
INFO: Writing to file: src/test/java/edu/yu/dbimpl/testingDirectory/testFileModulePerformance173
Sep 26, 2023 4:20:22 PM edu.yu.dbimpl.file.Page <init>
INFO: Page created with blocksize 50000
Sep 26, 2023 4:20:22 PM edu.yu.dbimpl.file.Page setString
INFO: setString called with offset: 0 and String: Hello, World!173
Sep 26, 2023 4:20:22 PM edu.yu.dbimpl.file.FileMgr write
INFO: write called with BlockIdBase: edu.yu.dbimpl.file.BlockId@c509742 and PageBase: edu.yu.dbimpl.file.Page@77a6aa9f
Sep 26, 2023 4:20:22 PM edu.yu.dbimpl.file.FileMgr write
INFO: Getting type to write: String
Sep 26, 2023 4:20:22 PM edu.yu.dbimpl.file.FileMgr write
INFO: Writing to file: src/test/java/edu/yu/dbimpl/testingDirectory/testFileModulePerformance173
Sep 26, 2023 4:20:22 PM edu.yu.dbimpl.file.FileMgr write
INFO: Finished write
Sep 26, 2023 4:20:22 PM edu.yu.dbimpl.file.FileMgr read
INFO: read called with BlockIdBase: edu.yu.dbimpl.file.BlockId@c509742 and PageBase: edu.yu.dbimpl.file.Page@77a6aa9f
Sep 26, 2023 4:20:22 PM edu.yu.dbimpl.file.Page getBytes
INFO: getBytes called with offset: 0
Sep 26, 2023 4:20:22 PM edu.yu.dbimpl.file.FileMgr read
INFO: Getting type to read: String
Sep 26, 2023 4:20:22 PM edu.yu.dbimpl.file.Page setString
INFO: setString called with offset: 0 and String: Hello, World!173
Sep 26, 2023 4:20:22 PM edu.yu.dbimpl.file.FileMgr append
INFO: append called with filename: testFileModulePerformance174
Sep 26, 2023 4:20:22 PM edu.yu.dbimpl.file.FileMgr append
INFO: Writing to file: src/test/java/edu/yu/dbimpl/testingDirectory/testFileModulePerformance174
Sep 26, 2023 4:20:22 PM edu.yu.dbimpl.file.Page <init>
INFO: Page created with blocksize 50000
Sep 26, 2023 4:20:22 PM edu.yu.dbimpl.file.Page setString
INFO: setString called with offset: 0 and String: Hello, World!174
Sep 26, 2023 4:20:22 PM edu.yu.dbimpl.file.FileMgr write
INFO: write called with BlockIdBase: edu.yu.dbimpl.file.BlockId@7d41aefd and PageBase: edu.yu.dbimpl.file.Page@feb57b4
Sep 26, 2023 4:20:22 PM edu.yu.dbimpl.file.FileMgr write
INFO: Getting type to write: String
Sep 26, 2023 4:20:22 PM edu.yu.dbimpl.file.FileMgr write
INFO: Writing to file: src/test/java/edu/yu/dbimpl/testingDirectory/testFileModulePerformance174
Sep 26, 2023 4:20:22 PM edu.yu.dbimpl.file.FileMgr write
INFO: Finished write
Sep 26, 2023 4:20:22 PM edu.yu.dbimpl.file.FileMgr read
INFO: read called with BlockIdBase: edu.yu.dbimpl.file.BlockId@7d41aefd and PageBase: edu.yu.dbimpl.file.Page@feb57b4
Sep 26, 2023 4:20:22 PM edu.yu.dbimpl.file.Page getBytes
INFO: getBytes called with offset: 0
Sep 26, 2023 4:20:22 PM edu.yu.dbimpl.file.FileMgr read
INFO: Getting type to read: String
Sep 26, 2023 4:20:22 PM edu.yu.dbimpl.file.Page setString
INFO: setString called with offset: 0 and String: Hello, World!174
Sep 26, 2023 4:20:22 PM edu.yu.dbimpl.file.FileMgr append
INFO: append called with filename: testFileModulePerformance175
Sep 26, 2023 4:20:22 PM edu.yu.dbimpl.file.FileMgr append
INFO: Writing to file: src/test/java/edu/yu/dbimpl/testingDirectory/testFileModulePerformance175
Sep 26, 2023 4:20:22 PM edu.yu.dbimpl.file.Page <init>
INFO: Page created with blocksize 50000
Sep 26, 2023 4:20:22 PM edu.yu.dbimpl.file.Page setString
INFO: setString called with offset: 0 and String: Hello, World!175
Sep 26, 2023 4:20:22 PM edu.yu.dbimpl.file.FileMgr write
INFO: write called with BlockIdBase: edu.yu.dbimpl.file.BlockId@7893b8c and PageBase: edu.yu.dbimpl.file.Page@45398bb0
Sep 26, 2023 4:20:22 PM edu.yu.dbimpl.file.FileMgr write
INFO: Getting type to write: String
Sep 26, 2023 4:20:22 PM edu.yu.dbimpl.file.FileMgr write
INFO: Writing to file: src/test/java/edu/yu/dbimpl/testingDirectory/testFileModulePerformance175
Sep 26, 2023 4:20:22 PM edu.yu.dbimpl.file.FileMgr write
INFO: Finished write
Sep 26, 2023 4:20:22 PM edu.yu.dbimpl.file.FileMgr read
INFO: read called with BlockIdBase: edu.yu.dbimpl.file.BlockId@7893b8c and PageBase: edu.yu.dbimpl.file.Page@45398bb0
Sep 26, 2023 4:20:22 PM edu.yu.dbimpl.file.Page getBytes
INFO: getBytes called with offset: 0
Sep 26, 2023 4:20:22 PM edu.yu.dbimpl.file.FileMgr read
INFO: Getting type to read: String
Sep 26, 2023 4:20:22 PM edu.yu.dbimpl.file.Page setString
INFO: setString called with offset: 0 and String: Hello, World!175
Sep 26, 2023 4:20:22 PM edu.yu.dbimpl.file.FileMgr append
INFO: append called with filename: testFileModulePerformance176
Sep 26, 2023 4:20:22 PM edu.yu.dbimpl.file.FileMgr append
INFO: Writing to file: src/test/java/edu/yu/dbimpl/testingDirectory/testFileModulePerformance176
Sep 26, 2023 4:20:22 PM edu.yu.dbimpl.file.Page <init>
INFO: Page created with blocksize 50000
Sep 26, 2023 4:20:22 PM edu.yu.dbimpl.file.Page setString
INFO: setString called with offset: 0 and String: Hello, World!176
Sep 26, 2023 4:20:22 PM edu.yu.dbimpl.file.FileMgr write
INFO: write called with BlockIdBase: edu.yu.dbimpl.file.BlockId@35ffe3ac and PageBase: edu.yu.dbimpl.file.Page@60fc4450
Sep 26, 2023 4:20:22 PM edu.yu.dbimpl.file.FileMgr write
INFO: Getting type to write: String
Sep 26, 2023 4:20:22 PM edu.yu.dbimpl.file.FileMgr write
INFO: Writing to file: src/test/java/edu/yu/dbimpl/testingDirectory/testFileModulePerformance176
Sep 26, 2023 4:20:22 PM edu.yu.dbimpl.file.FileMgr write
INFO: Finished write
Sep 26, 2023 4:20:22 PM edu.yu.dbimpl.file.FileMgr read
INFO: read called with BlockIdBase: edu.yu.dbimpl.file.BlockId@35ffe3ac and PageBase: edu.yu.dbimpl.file.Page@60fc4450
Sep 26, 2023 4:20:22 PM edu.yu.dbimpl.file.Page getBytes
INFO: getBytes called with offset: 0
Sep 26, 2023 4:20:22 PM edu.yu.dbimpl.file.FileMgr read
INFO: Getting type to read: String
Sep 26, 2023 4:20:22 PM edu.yu.dbimpl.file.Page setString
INFO: setString called with offset: 0 and String: Hello, World!176
Sep 26, 2023 4:20:22 PM edu.yu.dbimpl.file.FileMgr append
INFO: append called with filename: testFileModulePerformance177
Sep 26, 2023 4:20:22 PM edu.yu.dbimpl.file.FileMgr append
INFO: Writing to file: src/test/java/edu/yu/dbimpl/testingDirectory/testFileModulePerformance177
Sep 26, 2023 4:20:22 PM edu.yu.dbimpl.file.Page <init>
INFO: Page created with blocksize 50000
Sep 26, 2023 4:20:22 PM edu.yu.dbimpl.file.Page setString
INFO: setString called with offset: 0 and String: Hello, World!177
Sep 26, 2023 4:20:22 PM edu.yu.dbimpl.file.FileMgr write
INFO: write called with BlockIdBase: edu.yu.dbimpl.file.BlockId@2e674698 and PageBase: edu.yu.dbimpl.file.Page@270a3cef
Sep 26, 2023 4:20:22 PM edu.yu.dbimpl.file.FileMgr write
INFO: Getting type to write: String
Sep 26, 2023 4:20:22 PM edu.yu.dbimpl.file.FileMgr write
INFO: Writing to file: src/test/java/edu/yu/dbimpl/testingDirectory/testFileModulePerformance177
Sep 26, 2023 4:20:22 PM edu.yu.dbimpl.file.FileMgr write
INFO: Finished write
Sep 26, 2023 4:20:22 PM edu.yu.dbimpl.file.FileMgr read
INFO: read called with BlockIdBase: edu.yu.dbimpl.file.BlockId@2e674698 and PageBase: edu.yu.dbimpl.file.Page@270a3cef
Sep 26, 2023 4:20:22 PM edu.yu.dbimpl.file.Page getBytes
INFO: getBytes called with offset: 0
Sep 26, 2023 4:20:22 PM edu.yu.dbimpl.file.FileMgr read
INFO: Getting type to read: String
Sep 26, 2023 4:20:22 PM edu.yu.dbimpl.file.Page setString
INFO: setString called with offset: 0 and String: Hello, World!177
Sep 26, 2023 4:20:22 PM edu.yu.dbimpl.file.FileMgr append
INFO: append called with filename: testFileModulePerformance178
Sep 26, 2023 4:20:22 PM edu.yu.dbimpl.file.FileMgr append
INFO: Writing to file: src/test/java/edu/yu/dbimpl/testingDirectory/testFileModulePerformance178
Sep 26, 2023 4:20:22 PM edu.yu.dbimpl.file.Page <init>
INFO: Page created with blocksize 50000
Sep 26, 2023 4:20:22 PM edu.yu.dbimpl.file.Page setString
INFO: setString called with offset: 0 and String: Hello, World!178
Sep 26, 2023 4:20:22 PM edu.yu.dbimpl.file.FileMgr write
INFO: write called with BlockIdBase: edu.yu.dbimpl.file.BlockId@6d224921 and PageBase: edu.yu.dbimpl.file.Page@6f7e5e11
Sep 26, 2023 4:20:22 PM edu.yu.dbimpl.file.FileMgr write
INFO: Getting type to write: String
Sep 26, 2023 4:20:22 PM edu.yu.dbimpl.file.FileMgr write
INFO: Writing to file: src/test/java/edu/yu/dbimpl/testingDirectory/testFileModulePerformance178
Sep 26, 2023 4:20:22 PM edu.yu.dbimpl.file.FileMgr write
INFO: Finished write
Sep 26, 2023 4:20:22 PM edu.yu.dbimpl.file.FileMgr read
INFO: read called with BlockIdBase: edu.yu.dbimpl.file.BlockId@6d224921 and PageBase: edu.yu.dbimpl.file.Page@6f7e5e11
Sep 26, 2023 4:20:22 PM edu.yu.dbimpl.file.Page getBytes
INFO: getBytes called with offset: 0
Sep 26, 2023 4:20:22 PM edu.yu.dbimpl.file.FileMgr read
INFO: Getting type to read: String
Sep 26, 2023 4:20:22 PM edu.yu.dbimpl.file.Page setString
INFO: setString called with offset: 0 and String: Hello, World!178
Sep 26, 2023 4:20:22 PM edu.yu.dbimpl.file.FileMgr append
INFO: append called with filename: testFileModulePerformance179
Sep 26, 2023 4:20:22 PM edu.yu.dbimpl.file.FileMgr append
INFO: Writing to file: src/test/java/edu/yu/dbimpl/testingDirectory/testFileModulePerformance179
Sep 26, 2023 4:20:22 PM edu.yu.dbimpl.file.Page <init>
INFO: Page created with blocksize 50000
Sep 26, 2023 4:20:22 PM edu.yu.dbimpl.file.Page setString
INFO: setString called with offset: 0 and String: Hello, World!179
Sep 26, 2023 4:20:22 PM edu.yu.dbimpl.file.FileMgr write
INFO: write called with BlockIdBase: edu.yu.dbimpl.file.BlockId@7bb996e0 and PageBase: edu.yu.dbimpl.file.Page@da2303c
Sep 26, 2023 4:20:22 PM edu.yu.dbimpl.file.FileMgr write
INFO: Getting type to write: String
Sep 26, 2023 4:20:22 PM edu.yu.dbimpl.file.FileMgr write
INFO: Writing to file: src/test/java/edu/yu/dbimpl/testingDirectory/testFileModulePerformance179
Sep 26, 2023 4:20:22 PM edu.yu.dbimpl.file.FileMgr write
INFO: Finished write
Sep 26, 2023 4:20:22 PM edu.yu.dbimpl.file.FileMgr read
INFO: read called with BlockIdBase: edu.yu.dbimpl.file.BlockId@7bb996e0 and PageBase: edu.yu.dbimpl.file.Page@da2303c
Sep 26, 2023 4:20:22 PM edu.yu.dbimpl.file.Page getBytes
INFO: getBytes called with offset: 0
Sep 26, 2023 4:20:22 PM edu.yu.dbimpl.file.FileMgr read
INFO: Getting type to read: String
Sep 26, 2023 4:20:22 PM edu.yu.dbimpl.file.Page setString
INFO: setString called with offset: 0 and String: Hello, World!179
Sep 26, 2023 4:20:22 PM edu.yu.dbimpl.file.FileMgr append
INFO: append called with filename: testFileModulePerformance180
Sep 26, 2023 4:20:22 PM edu.yu.dbimpl.file.FileMgr append
INFO: Writing to file: src/test/java/edu/yu/dbimpl/testingDirectory/testFileModulePerformance180
Sep 26, 2023 4:20:22 PM edu.yu.dbimpl.file.Page <init>
INFO: Page created with blocksize 50000
Sep 26, 2023 4:20:22 PM edu.yu.dbimpl.file.Page setString
INFO: setString called with offset: 0 and String: Hello, World!180
Sep 26, 2023 4:20:22 PM edu.yu.dbimpl.file.FileMgr write
INFO: write called with BlockIdBase: edu.yu.dbimpl.file.BlockId@72b60be8 and PageBase: edu.yu.dbimpl.file.Page@6f254d79
Sep 26, 2023 4:20:22 PM edu.yu.dbimpl.file.FileMgr write
INFO: Getting type to write: String
Sep 26, 2023 4:20:22 PM edu.yu.dbimpl.file.FileMgr write
INFO: Writing to file: src/test/java/edu/yu/dbimpl/testingDirectory/testFileModulePerformance180
Sep 26, 2023 4:20:22 PM edu.yu.dbimpl.file.FileMgr write
INFO: Finished write
Sep 26, 2023 4:20:22 PM edu.yu.dbimpl.file.FileMgr read
INFO: read called with BlockIdBase: edu.yu.dbimpl.file.BlockId@72b60be8 and PageBase: edu.yu.dbimpl.file.Page@6f254d79
Sep 26, 2023 4:20:22 PM edu.yu.dbimpl.file.Page getBytes
INFO: getBytes called with offset: 0
Sep 26, 2023 4:20:22 PM edu.yu.dbimpl.file.FileMgr read
INFO: Getting type to read: String
Sep 26, 2023 4:20:22 PM edu.yu.dbimpl.file.Page setString
INFO: setString called with offset: 0 and String: Hello, World!180
Sep 26, 2023 4:20:22 PM edu.yu.dbimpl.file.FileMgr append
INFO: append called with filename: testFileModulePerformance181
Sep 26, 2023 4:20:22 PM edu.yu.dbimpl.file.FileMgr append
INFO: Writing to file: src/test/java/edu/yu/dbimpl/testingDirectory/testFileModulePerformance181
Sep 26, 2023 4:20:22 PM edu.yu.dbimpl.file.Page <init>
INFO: Page created with blocksize 50000
Sep 26, 2023 4:20:22 PM edu.yu.dbimpl.file.Page setString
INFO: setString called with offset: 0 and String: Hello, World!181
Sep 26, 2023 4:20:22 PM edu.yu.dbimpl.file.FileMgr write
INFO: write called with BlockIdBase: edu.yu.dbimpl.file.BlockId@589cc8eb and PageBase: edu.yu.dbimpl.file.Page@44233014
Sep 26, 2023 4:20:22 PM edu.yu.dbimpl.file.FileMgr write
INFO: Getting type to write: String
Sep 26, 2023 4:20:22 PM edu.yu.dbimpl.file.FileMgr write
INFO: Writing to file: src/test/java/edu/yu/dbimpl/testingDirectory/testFileModulePerformance181
Sep 26, 2023 4:20:22 PM edu.yu.dbimpl.file.FileMgr write
INFO: Finished write
Sep 26, 2023 4:20:22 PM edu.yu.dbimpl.file.FileMgr read
INFO: read called with BlockIdBase: edu.yu.dbimpl.file.BlockId@589cc8eb and PageBase: edu.yu.dbimpl.file.Page@44233014
Sep 26, 2023 4:20:22 PM edu.yu.dbimpl.file.Page getBytes
INFO: getBytes called with offset: 0
Sep 26, 2023 4:20:22 PM edu.yu.dbimpl.file.FileMgr read
INFO: Getting type to read: String
Sep 26, 2023 4:20:22 PM edu.yu.dbimpl.file.Page setString
INFO: setString called with offset: 0 and String: Hello, World!181
Sep 26, 2023 4:20:22 PM edu.yu.dbimpl.file.FileMgr append
INFO: append called with filename: testFileModulePerformance182
Sep 26, 2023 4:20:22 PM edu.yu.dbimpl.file.FileMgr append
INFO: Writing to file: src/test/java/edu/yu/dbimpl/testingDirectory/testFileModulePerformance182
Sep 26, 2023 4:20:22 PM edu.yu.dbimpl.file.Page <init>
INFO: Page created with blocksize 50000
Sep 26, 2023 4:20:22 PM edu.yu.dbimpl.file.Page setString
INFO: setString called with offset: 0 and String: Hello, World!182
Sep 26, 2023 4:20:22 PM edu.yu.dbimpl.file.FileMgr write
INFO: write called with BlockIdBase: edu.yu.dbimpl.file.BlockId@6888a33 and PageBase: edu.yu.dbimpl.file.Page@4303511e
Sep 26, 2023 4:20:22 PM edu.yu.dbimpl.file.FileMgr write
INFO: Getting type to write: String
Sep 26, 2023 4:20:22 PM edu.yu.dbimpl.file.FileMgr write
INFO: Writing to file: src/test/java/edu/yu/dbimpl/testingDirectory/testFileModulePerformance182
Sep 26, 2023 4:20:22 PM edu.yu.dbimpl.file.FileMgr write
INFO: Finished write
Sep 26, 2023 4:20:22 PM edu.yu.dbimpl.file.FileMgr read
INFO: read called with BlockIdBase: edu.yu.dbimpl.file.BlockId@6888a33 and PageBase: edu.yu.dbimpl.file.Page@4303511e
Sep 26, 2023 4:20:22 PM edu.yu.dbimpl.file.Page getBytes
INFO: getBytes called with offset: 0
Sep 26, 2023 4:20:22 PM edu.yu.dbimpl.file.FileMgr read
INFO: Getting type to read: String
Sep 26, 2023 4:20:22 PM edu.yu.dbimpl.file.Page setString
INFO: setString called with offset: 0 and String: Hello, World!182
Sep 26, 2023 4:20:22 PM edu.yu.dbimpl.file.FileMgr append
INFO: append called with filename: testFileModulePerformance183
Sep 26, 2023 4:20:22 PM edu.yu.dbimpl.file.FileMgr append
INFO: Writing to file: src/test/java/edu/yu/dbimpl/testingDirectory/testFileModulePerformance183
Sep 26, 2023 4:20:22 PM edu.yu.dbimpl.file.Page <init>
INFO: Page created with blocksize 50000
Sep 26, 2023 4:20:22 PM edu.yu.dbimpl.file.Page setString
INFO: setString called with offset: 0 and String: Hello, World!183
Sep 26, 2023 4:20:22 PM edu.yu.dbimpl.file.FileMgr write
INFO: write called with BlockIdBase: edu.yu.dbimpl.file.BlockId@7d661205 and PageBase: edu.yu.dbimpl.file.Page@20183e2d
Sep 26, 2023 4:20:22 PM edu.yu.dbimpl.file.FileMgr write
INFO: Getting type to write: String
Sep 26, 2023 4:20:22 PM edu.yu.dbimpl.file.FileMgr write
INFO: Writing to file: src/test/java/edu/yu/dbimpl/testingDirectory/testFileModulePerformance183
Sep 26, 2023 4:20:22 PM edu.yu.dbimpl.file.FileMgr write
INFO: Finished write
Sep 26, 2023 4:20:22 PM edu.yu.dbimpl.file.FileMgr read
INFO: read called with BlockIdBase: edu.yu.dbimpl.file.BlockId@7d661205 and PageBase: edu.yu.dbimpl.file.Page@20183e2d
Sep 26, 2023 4:20:22 PM edu.yu.dbimpl.file.Page getBytes
INFO: getBytes called with offset: 0
Sep 26, 2023 4:20:22 PM edu.yu.dbimpl.file.FileMgr read
INFO: Getting type to read: String
Sep 26, 2023 4:20:22 PM edu.yu.dbimpl.file.Page setString
INFO: setString called with offset: 0 and String: Hello, World!183
Sep 26, 2023 4:20:22 PM edu.yu.dbimpl.file.FileMgr append
INFO: append called with filename: testFileModulePerformance184
Sep 26, 2023 4:20:22 PM edu.yu.dbimpl.file.FileMgr append
INFO: Writing to file: src/test/java/edu/yu/dbimpl/testingDirectory/testFileModulePerformance184
Sep 26, 2023 4:20:22 PM edu.yu.dbimpl.file.Page <init>
INFO: Page created with blocksize 50000
Sep 26, 2023 4:20:22 PM edu.yu.dbimpl.file.Page setString
INFO: setString called with offset: 0 and String: Hello, World!184
Sep 26, 2023 4:20:22 PM edu.yu.dbimpl.file.FileMgr write
INFO: write called with BlockIdBase: edu.yu.dbimpl.file.BlockId@6203f10f and PageBase: edu.yu.dbimpl.file.Page@3bd1c7f0
Sep 26, 2023 4:20:22 PM edu.yu.dbimpl.file.FileMgr write
INFO: Getting type to write: String
Sep 26, 2023 4:20:22 PM edu.yu.dbimpl.file.FileMgr write
INFO: Writing to file: src/test/java/edu/yu/dbimpl/testingDirectory/testFileModulePerformance184
Sep 26, 2023 4:20:22 PM edu.yu.dbimpl.file.FileMgr write
INFO: Finished write
Sep 26, 2023 4:20:22 PM edu.yu.dbimpl.file.FileMgr read
INFO: read called with BlockIdBase: edu.yu.dbimpl.file.BlockId@6203f10f and PageBase: edu.yu.dbimpl.file.Page@3bd1c7f0
Sep 26, 2023 4:20:22 PM edu.yu.dbimpl.file.Page getBytes
INFO: getBytes called with offset: 0
Sep 26, 2023 4:20:22 PM edu.yu.dbimpl.file.FileMgr read
INFO: Getting type to read: String
Sep 26, 2023 4:20:22 PM edu.yu.dbimpl.file.Page setString
INFO: setString called with offset: 0 and String: Hello, World!184
Sep 26, 2023 4:20:22 PM edu.yu.dbimpl.file.FileMgr append
INFO: append called with filename: testFileModulePerformance185
Sep 26, 2023 4:20:22 PM edu.yu.dbimpl.file.FileMgr append
INFO: Writing to file: src/test/java/edu/yu/dbimpl/testingDirectory/testFileModulePerformance185
Sep 26, 2023 4:20:22 PM edu.yu.dbimpl.file.Page <init>
INFO: Page created with blocksize 50000
Sep 26, 2023 4:20:22 PM edu.yu.dbimpl.file.Page setString
INFO: setString called with offset: 0 and String: Hello, World!185
Sep 26, 2023 4:20:22 PM edu.yu.dbimpl.file.FileMgr write
INFO: write called with BlockIdBase: edu.yu.dbimpl.file.BlockId@76ea1cb5 and PageBase: edu.yu.dbimpl.file.Page@17e2ad13
Sep 26, 2023 4:20:22 PM edu.yu.dbimpl.file.FileMgr write
INFO: Getting type to write: String
Sep 26, 2023 4:20:22 PM edu.yu.dbimpl.file.FileMgr write
INFO: Writing to file: src/test/java/edu/yu/dbimpl/testingDirectory/testFileModulePerformance185
Sep 26, 2023 4:20:22 PM edu.yu.dbimpl.file.FileMgr write
INFO: Finished write
Sep 26, 2023 4:20:22 PM edu.yu.dbimpl.file.FileMgr read
INFO: read called with BlockIdBase: edu.yu.dbimpl.file.BlockId@76ea1cb5 and PageBase: edu.yu.dbimpl.file.Page@17e2ad13
Sep 26, 2023 4:20:22 PM edu.yu.dbimpl.file.Page getBytes
INFO: getBytes called with offset: 0
Sep 26, 2023 4:20:22 PM edu.yu.dbimpl.file.FileMgr read
INFO: Getting type to read: String
Sep 26, 2023 4:20:22 PM edu.yu.dbimpl.file.Page setString
INFO: setString called with offset: 0 and String: Hello, World!185
Sep 26, 2023 4:20:22 PM edu.yu.dbimpl.file.FileMgr append
INFO: append called with filename: testFileModulePerformance186
Sep 26, 2023 4:20:22 PM edu.yu.dbimpl.file.FileMgr append
INFO: Writing to file: src/test/java/edu/yu/dbimpl/testingDirectory/testFileModulePerformance186
Sep 26, 2023 4:20:22 PM edu.yu.dbimpl.file.Page <init>
INFO: Page created with blocksize 50000
Sep 26, 2023 4:20:22 PM edu.yu.dbimpl.file.Page setString
INFO: setString called with offset: 0 and String: Hello, World!186
Sep 26, 2023 4:20:22 PM edu.yu.dbimpl.file.FileMgr write
INFO: write called with BlockIdBase: edu.yu.dbimpl.file.BlockId@6a94bd69 and PageBase: edu.yu.dbimpl.file.Page@5f4f198c
Sep 26, 2023 4:20:22 PM edu.yu.dbimpl.file.FileMgr write
INFO: Getting type to write: String
Sep 26, 2023 4:20:22 PM edu.yu.dbimpl.file.FileMgr write
INFO: Writing to file: src/test/java/edu/yu/dbimpl/testingDirectory/testFileModulePerformance186
Sep 26, 2023 4:20:22 PM edu.yu.dbimpl.file.FileMgr write
INFO: Finished write
Sep 26, 2023 4:20:22 PM edu.yu.dbimpl.file.FileMgr read
INFO: read called with BlockIdBase: edu.yu.dbimpl.file.BlockId@6a94bd69 and PageBase: edu.yu.dbimpl.file.Page@5f4f198c
Sep 26, 2023 4:20:22 PM edu.yu.dbimpl.file.Page getBytes
INFO: getBytes called with offset: 0
Sep 26, 2023 4:20:22 PM edu.yu.dbimpl.file.FileMgr read
INFO: Getting type to read: String
Sep 26, 2023 4:20:22 PM edu.yu.dbimpl.file.Page setString
INFO: setString called with offset: 0 and String: Hello, World!186
Sep 26, 2023 4:20:22 PM edu.yu.dbimpl.file.FileMgr append
INFO: append called with filename: testFileModulePerformance187
Sep 26, 2023 4:20:22 PM edu.yu.dbimpl.file.FileMgr append
INFO: Writing to file: src/test/java/edu/yu/dbimpl/testingDirectory/testFileModulePerformance187
Sep 26, 2023 4:20:22 PM edu.yu.dbimpl.file.Page <init>
INFO: Page created with blocksize 50000
Sep 26, 2023 4:20:22 PM edu.yu.dbimpl.file.Page setString
INFO: setString called with offset: 0 and String: Hello, World!187
Sep 26, 2023 4:20:22 PM edu.yu.dbimpl.file.FileMgr write
INFO: write called with BlockIdBase: edu.yu.dbimpl.file.BlockId@7966a964 and PageBase: edu.yu.dbimpl.file.Page@7b6e196e
Sep 26, 2023 4:20:22 PM edu.yu.dbimpl.file.FileMgr write
INFO: Getting type to write: String
Sep 26, 2023 4:20:22 PM edu.yu.dbimpl.file.FileMgr write
INFO: Writing to file: src/test/java/edu/yu/dbimpl/testingDirectory/testFileModulePerformance187
Sep 26, 2023 4:20:22 PM edu.yu.dbimpl.file.FileMgr write
INFO: Finished write
Sep 26, 2023 4:20:22 PM edu.yu.dbimpl.file.FileMgr read
INFO: read called with BlockIdBase: edu.yu.dbimpl.file.BlockId@7966a964 and PageBase: edu.yu.dbimpl.file.Page@7b6e196e
Sep 26, 2023 4:20:22 PM edu.yu.dbimpl.file.Page getBytes
INFO: getBytes called with offset: 0
Sep 26, 2023 4:20:22 PM edu.yu.dbimpl.file.FileMgr read
INFO: Getting type to read: String
Sep 26, 2023 4:20:22 PM edu.yu.dbimpl.file.Page setString
INFO: setString called with offset: 0 and String: Hello, World!187
Sep 26, 2023 4:20:22 PM edu.yu.dbimpl.file.FileMgr append
INFO: append called with filename: testFileModulePerformance188
Sep 26, 2023 4:20:22 PM edu.yu.dbimpl.file.FileMgr append
INFO: Writing to file: src/test/java/edu/yu/dbimpl/testingDirectory/testFileModulePerformance188
Sep 26, 2023 4:20:22 PM edu.yu.dbimpl.file.Page <init>
INFO: Page created with blocksize 50000
Sep 26, 2023 4:20:22 PM edu.yu.dbimpl.file.Page setString
INFO: setString called with offset: 0 and String: Hello, World!188
Sep 26, 2023 4:20:22 PM edu.yu.dbimpl.file.FileMgr write
INFO: write called with BlockIdBase: edu.yu.dbimpl.file.BlockId@34de8c9f and PageBase: edu.yu.dbimpl.file.Page@137a70f1
Sep 26, 2023 4:20:22 PM edu.yu.dbimpl.file.FileMgr write
INFO: Getting type to write: String
Sep 26, 2023 4:20:22 PM edu.yu.dbimpl.file.FileMgr write
INFO: Writing to file: src/test/java/edu/yu/dbimpl/testingDirectory/testFileModulePerformance188
Sep 26, 2023 4:20:22 PM edu.yu.dbimpl.file.FileMgr write
INFO: Finished write
Sep 26, 2023 4:20:22 PM edu.yu.dbimpl.file.FileMgr read
INFO: read called with BlockIdBase: edu.yu.dbimpl.file.BlockId@34de8c9f and PageBase: edu.yu.dbimpl.file.Page@137a70f1
Sep 26, 2023 4:20:22 PM edu.yu.dbimpl.file.Page getBytes
INFO: getBytes called with offset: 0
Sep 26, 2023 4:20:22 PM edu.yu.dbimpl.file.FileMgr read
INFO: Getting type to read: String
Sep 26, 2023 4:20:22 PM edu.yu.dbimpl.file.Page setString
INFO: setString called with offset: 0 and String: Hello, World!188
Sep 26, 2023 4:20:22 PM edu.yu.dbimpl.file.FileMgr append
INFO: append called with filename: testFileModulePerformance189
Sep 26, 2023 4:20:22 PM edu.yu.dbimpl.file.FileMgr append
INFO: Writing to file: src/test/java/edu/yu/dbimpl/testingDirectory/testFileModulePerformance189
Sep 26, 2023 4:20:22 PM edu.yu.dbimpl.file.Page <init>
INFO: Page created with blocksize 50000
Sep 26, 2023 4:20:22 PM edu.yu.dbimpl.file.Page setString
INFO: setString called with offset: 0 and String: Hello, World!189
Sep 26, 2023 4:20:22 PM edu.yu.dbimpl.file.FileMgr write
INFO: write called with BlockIdBase: edu.yu.dbimpl.file.BlockId@5f1bd673 and PageBase: edu.yu.dbimpl.file.Page@54351197
Sep 26, 2023 4:20:22 PM edu.yu.dbimpl.file.FileMgr write
INFO: Getting type to write: String
Sep 26, 2023 4:20:22 PM edu.yu.dbimpl.file.FileMgr write
INFO: Writing to file: src/test/java/edu/yu/dbimpl/testingDirectory/testFileModulePerformance189
Sep 26, 2023 4:20:22 PM edu.yu.dbimpl.file.FileMgr write
INFO: Finished write
Sep 26, 2023 4:20:22 PM edu.yu.dbimpl.file.FileMgr read
INFO: read called with BlockIdBase: edu.yu.dbimpl.file.BlockId@5f1bd673 and PageBase: edu.yu.dbimpl.file.Page@54351197
Sep 26, 2023 4:20:22 PM edu.yu.dbimpl.file.Page getBytes
INFO: getBytes called with offset: 0
Sep 26, 2023 4:20:22 PM edu.yu.dbimpl.file.FileMgr read
INFO: Getting type to read: String
Sep 26, 2023 4:20:22 PM edu.yu.dbimpl.file.Page setString
INFO: setString called with offset: 0 and String: Hello, World!189
Sep 26, 2023 4:20:22 PM edu.yu.dbimpl.file.FileMgr append
INFO: append called with filename: testFileModulePerformance190
Sep 26, 2023 4:20:22 PM edu.yu.dbimpl.file.FileMgr append
INFO: Writing to file: src/test/java/edu/yu/dbimpl/testingDirectory/testFileModulePerformance190
Sep 26, 2023 4:20:22 PM edu.yu.dbimpl.file.Page <init>
INFO: Page created with blocksize 50000
Sep 26, 2023 4:20:22 PM edu.yu.dbimpl.file.Page setString
INFO: setString called with offset: 0 and String: Hello, World!190
Sep 26, 2023 4:20:22 PM edu.yu.dbimpl.file.FileMgr write
INFO: write called with BlockIdBase: edu.yu.dbimpl.file.BlockId@144fc5fa and PageBase: edu.yu.dbimpl.file.Page@5472c27a
Sep 26, 2023 4:20:22 PM edu.yu.dbimpl.file.FileMgr write
INFO: Getting type to write: String
Sep 26, 2023 4:20:22 PM edu.yu.dbimpl.file.FileMgr write
INFO: Writing to file: src/test/java/edu/yu/dbimpl/testingDirectory/testFileModulePerformance190
Sep 26, 2023 4:20:22 PM edu.yu.dbimpl.file.FileMgr write
INFO: Finished write
Sep 26, 2023 4:20:22 PM edu.yu.dbimpl.file.FileMgr read
INFO: read called with BlockIdBase: edu.yu.dbimpl.file.BlockId@144fc5fa and PageBase: edu.yu.dbimpl.file.Page@5472c27a
Sep 26, 2023 4:20:22 PM edu.yu.dbimpl.file.Page getBytes
INFO: getBytes called with offset: 0
Sep 26, 2023 4:20:22 PM edu.yu.dbimpl.file.FileMgr read
INFO: Getting type to read: String
Sep 26, 2023 4:20:22 PM edu.yu.dbimpl.file.Page setString
INFO: setString called with offset: 0 and String: Hello, World!190
Sep 26, 2023 4:20:22 PM edu.yu.dbimpl.file.FileMgr append
INFO: append called with filename: testFileModulePerformance191
Sep 26, 2023 4:20:22 PM edu.yu.dbimpl.file.FileMgr append
INFO: Writing to file: src/test/java/edu/yu/dbimpl/testingDirectory/testFileModulePerformance191
Sep 26, 2023 4:20:22 PM edu.yu.dbimpl.file.Page <init>
INFO: Page created with blocksize 50000
Sep 26, 2023 4:20:22 PM edu.yu.dbimpl.file.Page setString
INFO: setString called with offset: 0 and String: Hello, World!191
Sep 26, 2023 4:20:22 PM edu.yu.dbimpl.file.FileMgr write
INFO: write called with BlockIdBase: edu.yu.dbimpl.file.BlockId@555b3ec9 and PageBase: edu.yu.dbimpl.file.Page@299e245c
Sep 26, 2023 4:20:22 PM edu.yu.dbimpl.file.FileMgr write
INFO: Getting type to write: String
Sep 26, 2023 4:20:22 PM edu.yu.dbimpl.file.FileMgr write
INFO: Writing to file: src/test/java/edu/yu/dbimpl/testingDirectory/testFileModulePerformance191
Sep 26, 2023 4:20:22 PM edu.yu.dbimpl.file.FileMgr write
INFO: Finished write
Sep 26, 2023 4:20:22 PM edu.yu.dbimpl.file.FileMgr read
INFO: read called with BlockIdBase: edu.yu.dbimpl.file.BlockId@555b3ec9 and PageBase: edu.yu.dbimpl.file.Page@299e245c
Sep 26, 2023 4:20:22 PM edu.yu.dbimpl.file.Page getBytes
INFO: getBytes called with offset: 0
Sep 26, 2023 4:20:22 PM edu.yu.dbimpl.file.FileMgr read
INFO: Getting type to read: String
Sep 26, 2023 4:20:22 PM edu.yu.dbimpl.file.Page setString
INFO: setString called with offset: 0 and String: Hello, World!191
Sep 26, 2023 4:20:22 PM edu.yu.dbimpl.file.FileMgr append
INFO: append called with filename: testFileModulePerformance192
Sep 26, 2023 4:20:22 PM edu.yu.dbimpl.file.FileMgr append
INFO: Writing to file: src/test/java/edu/yu/dbimpl/testingDirectory/testFileModulePerformance192
Sep 26, 2023 4:20:22 PM edu.yu.dbimpl.file.Page <init>
INFO: Page created with blocksize 50000
Sep 26, 2023 4:20:22 PM edu.yu.dbimpl.file.Page setString
INFO: setString called with offset: 0 and String: Hello, World!192
Sep 26, 2023 4:20:22 PM edu.yu.dbimpl.file.FileMgr write
INFO: write called with BlockIdBase: edu.yu.dbimpl.file.BlockId@43945480 and PageBase: edu.yu.dbimpl.file.Page@1b72f9a
Sep 26, 2023 4:20:22 PM edu.yu.dbimpl.file.FileMgr write
INFO: Getting type to write: String
Sep 26, 2023 4:20:22 PM edu.yu.dbimpl.file.FileMgr write
INFO: Writing to file: src/test/java/edu/yu/dbimpl/testingDirectory/testFileModulePerformance192
Sep 26, 2023 4:20:22 PM edu.yu.dbimpl.file.FileMgr write
INFO: Finished write
Sep 26, 2023 4:20:22 PM edu.yu.dbimpl.file.FileMgr read
INFO: read called with BlockIdBase: edu.yu.dbimpl.file.BlockId@43945480 and PageBase: edu.yu.dbimpl.file.Page@1b72f9a
Sep 26, 2023 4:20:22 PM edu.yu.dbimpl.file.Page getBytes
INFO: getBytes called with offset: 0
Sep 26, 2023 4:20:22 PM edu.yu.dbimpl.file.FileMgr read
INFO: Getting type to read: String
Sep 26, 2023 4:20:22 PM edu.yu.dbimpl.file.Page setString
INFO: setString called with offset: 0 and String: Hello, World!192
Sep 26, 2023 4:20:22 PM edu.yu.dbimpl.file.FileMgr append
INFO: append called with filename: testFileModulePerformance193
Sep 26, 2023 4:20:22 PM edu.yu.dbimpl.file.FileMgr append
INFO: Writing to file: src/test/java/edu/yu/dbimpl/testingDirectory/testFileModulePerformance193
Sep 26, 2023 4:20:22 PM edu.yu.dbimpl.file.Page <init>
INFO: Page created with blocksize 50000
Sep 26, 2023 4:20:22 PM edu.yu.dbimpl.file.Page setString
INFO: setString called with offset: 0 and String: Hello, World!193
Sep 26, 2023 4:20:22 PM edu.yu.dbimpl.file.FileMgr write
INFO: write called with BlockIdBase: edu.yu.dbimpl.file.BlockId@d96f413 and PageBase: edu.yu.dbimpl.file.Page@55f29d39
Sep 26, 2023 4:20:22 PM edu.yu.dbimpl.file.FileMgr write
INFO: Getting type to write: String
Sep 26, 2023 4:20:22 PM edu.yu.dbimpl.file.FileMgr write
INFO: Writing to file: src/test/java/edu/yu/dbimpl/testingDirectory/testFileModulePerformance193
Sep 26, 2023 4:20:22 PM edu.yu.dbimpl.file.FileMgr write
INFO: Finished write
Sep 26, 2023 4:20:22 PM edu.yu.dbimpl.file.FileMgr read
INFO: read called with BlockIdBase: edu.yu.dbimpl.file.BlockId@d96f413 and PageBase: edu.yu.dbimpl.file.Page@55f29d39
Sep 26, 2023 4:20:22 PM edu.yu.dbimpl.file.Page getBytes
INFO: getBytes called with offset: 0
Sep 26, 2023 4:20:22 PM edu.yu.dbimpl.file.FileMgr read
INFO: Getting type to read: String
Sep 26, 2023 4:20:22 PM edu.yu.dbimpl.file.Page setString
INFO: setString called with offset: 0 and String: Hello, World!193
Sep 26, 2023 4:20:22 PM edu.yu.dbimpl.file.FileMgr append
INFO: append called with filename: testFileModulePerformance194
Sep 26, 2023 4:20:22 PM edu.yu.dbimpl.file.FileMgr append
INFO: Writing to file: src/test/java/edu/yu/dbimpl/testingDirectory/testFileModulePerformance194
Sep 26, 2023 4:20:22 PM edu.yu.dbimpl.file.Page <init>
INFO: Page created with blocksize 50000
Sep 26, 2023 4:20:22 PM edu.yu.dbimpl.file.Page setString
INFO: setString called with offset: 0 and String: Hello, World!194
Sep 26, 2023 4:20:22 PM edu.yu.dbimpl.file.FileMgr write
INFO: write called with BlockIdBase: edu.yu.dbimpl.file.BlockId@3423f353 and PageBase: edu.yu.dbimpl.file.Page@c50d1b2
Sep 26, 2023 4:20:22 PM edu.yu.dbimpl.file.FileMgr write
INFO: Getting type to write: String
Sep 26, 2023 4:20:22 PM edu.yu.dbimpl.file.FileMgr write
INFO: Writing to file: src/test/java/edu/yu/dbimpl/testingDirectory/testFileModulePerformance194
Sep 26, 2023 4:20:22 PM edu.yu.dbimpl.file.FileMgr write
INFO: Finished write
Sep 26, 2023 4:20:22 PM edu.yu.dbimpl.file.FileMgr read
INFO: read called with BlockIdBase: edu.yu.dbimpl.file.BlockId@3423f353 and PageBase: edu.yu.dbimpl.file.Page@c50d1b2
Sep 26, 2023 4:20:22 PM edu.yu.dbimpl.file.Page getBytes
INFO: getBytes called with offset: 0
Sep 26, 2023 4:20:22 PM edu.yu.dbimpl.file.FileMgr read
INFO: Getting type to read: String
Sep 26, 2023 4:20:22 PM edu.yu.dbimpl.file.Page setString
INFO: setString called with offset: 0 and String: Hello, World!194
Sep 26, 2023 4:20:22 PM edu.yu.dbimpl.file.FileMgr append
INFO: append called with filename: testFileModulePerformance195
Sep 26, 2023 4:20:22 PM edu.yu.dbimpl.file.FileMgr append
INFO: Writing to file: src/test/java/edu/yu/dbimpl/testingDirectory/testFileModulePerformance195
Sep 26, 2023 4:20:22 PM edu.yu.dbimpl.file.Page <init>
INFO: Page created with blocksize 50000
Sep 26, 2023 4:20:22 PM edu.yu.dbimpl.file.Page setString
INFO: setString called with offset: 0 and String: Hello, World!195
Sep 26, 2023 4:20:22 PM edu.yu.dbimpl.file.FileMgr write
INFO: write called with BlockIdBase: edu.yu.dbimpl.file.BlockId@365c8a47 and PageBase: edu.yu.dbimpl.file.Page@7786c2e0
Sep 26, 2023 4:20:22 PM edu.yu.dbimpl.file.FileMgr write
INFO: Getting type to write: String
Sep 26, 2023 4:20:22 PM edu.yu.dbimpl.file.FileMgr write
INFO: Writing to file: src/test/java/edu/yu/dbimpl/testingDirectory/testFileModulePerformance195
Sep 26, 2023 4:20:22 PM edu.yu.dbimpl.file.FileMgr write
INFO: Finished write
Sep 26, 2023 4:20:22 PM edu.yu.dbimpl.file.FileMgr read
INFO: read called with BlockIdBase: edu.yu.dbimpl.file.BlockId@365c8a47 and PageBase: edu.yu.dbimpl.file.Page@7786c2e0
Sep 26, 2023 4:20:22 PM edu.yu.dbimpl.file.Page getBytes
INFO: getBytes called with offset: 0
Sep 26, 2023 4:20:22 PM edu.yu.dbimpl.file.FileMgr read
INFO: Getting type to read: String
Sep 26, 2023 4:20:22 PM edu.yu.dbimpl.file.Page setString
INFO: setString called with offset: 0 and String: Hello, World!195
Sep 26, 2023 4:20:22 PM edu.yu.dbimpl.file.FileMgr append
INFO: append called with filename: testFileModulePerformance196
Sep 26, 2023 4:20:22 PM edu.yu.dbimpl.file.FileMgr append
INFO: Writing to file: src/test/java/edu/yu/dbimpl/testingDirectory/testFileModulePerformance196
Sep 26, 2023 4:20:22 PM edu.yu.dbimpl.file.Page <init>
INFO: Page created with blocksize 50000
Sep 26, 2023 4:20:22 PM edu.yu.dbimpl.file.Page setString
INFO: setString called with offset: 0 and String: Hello, World!196
Sep 26, 2023 4:20:22 PM edu.yu.dbimpl.file.FileMgr write
INFO: write called with BlockIdBase: edu.yu.dbimpl.file.BlockId@5c940e28 and PageBase: edu.yu.dbimpl.file.Page@56c39949
Sep 26, 2023 4:20:22 PM edu.yu.dbimpl.file.FileMgr write
INFO: Getting type to write: String
Sep 26, 2023 4:20:22 PM edu.yu.dbimpl.file.FileMgr write
INFO: Writing to file: src/test/java/edu/yu/dbimpl/testingDirectory/testFileModulePerformance196
Sep 26, 2023 4:20:22 PM edu.yu.dbimpl.file.FileMgr write
INFO: Finished write
Sep 26, 2023 4:20:22 PM edu.yu.dbimpl.file.FileMgr read
INFO: read called with BlockIdBase: edu.yu.dbimpl.file.BlockId@5c940e28 and PageBase: edu.yu.dbimpl.file.Page@56c39949
Sep 26, 2023 4:20:22 PM edu.yu.dbimpl.file.Page getBytes
INFO: getBytes called with offset: 0
Sep 26, 2023 4:20:22 PM edu.yu.dbimpl.file.FileMgr read
INFO: Getting type to read: String
Sep 26, 2023 4:20:22 PM edu.yu.dbimpl.file.Page setString
INFO: setString called with offset: 0 and String: Hello, World!196
Sep 26, 2023 4:20:22 PM edu.yu.dbimpl.file.FileMgr append
INFO: append called with filename: testFileModulePerformance197
Sep 26, 2023 4:20:22 PM edu.yu.dbimpl.file.FileMgr append
INFO: Writing to file: src/test/java/edu/yu/dbimpl/testingDirectory/testFileModulePerformance197
Sep 26, 2023 4:20:22 PM edu.yu.dbimpl.file.Page <init>
INFO: Page created with blocksize 50000
Sep 26, 2023 4:20:22 PM edu.yu.dbimpl.file.Page setString
INFO: setString called with offset: 0 and String: Hello, World!197
Sep 26, 2023 4:20:22 PM edu.yu.dbimpl.file.FileMgr write
INFO: write called with BlockIdBase: edu.yu.dbimpl.file.BlockId@41f3f64 and PageBase: edu.yu.dbimpl.file.Page@454f6cc5
Sep 26, 2023 4:20:22 PM edu.yu.dbimpl.file.FileMgr write
INFO: Getting type to write: String
Sep 26, 2023 4:20:22 PM edu.yu.dbimpl.file.FileMgr write
INFO: Writing to file: src/test/java/edu/yu/dbimpl/testingDirectory/testFileModulePerformance197
Sep 26, 2023 4:20:22 PM edu.yu.dbimpl.file.FileMgr write
INFO: Finished write
Sep 26, 2023 4:20:22 PM edu.yu.dbimpl.file.FileMgr read
INFO: read called with BlockIdBase: edu.yu.dbimpl.file.BlockId@41f3f64 and PageBase: edu.yu.dbimpl.file.Page@454f6cc5
Sep 26, 2023 4:20:22 PM edu.yu.dbimpl.file.Page getBytes
INFO: getBytes called with offset: 0
Sep 26, 2023 4:20:22 PM edu.yu.dbimpl.file.FileMgr read
INFO: Getting type to read: String
Sep 26, 2023 4:20:22 PM edu.yu.dbimpl.file.Page setString
INFO: setString called with offset: 0 and String: Hello, World!197
Sep 26, 2023 4:20:22 PM edu.yu.dbimpl.file.FileMgr append
INFO: append called with filename: testFileModulePerformance198
Sep 26, 2023 4:20:22 PM edu.yu.dbimpl.file.FileMgr append
INFO: Writing to file: src/test/java/edu/yu/dbimpl/testingDirectory/testFileModulePerformance198
Sep 26, 2023 4:20:22 PM edu.yu.dbimpl.file.Page <init>
INFO: Page created with blocksize 50000
Sep 26, 2023 4:20:22 PM edu.yu.dbimpl.file.Page setString
INFO: setString called with offset: 0 and String: Hello, World!198
Sep 26, 2023 4:20:22 PM edu.yu.dbimpl.file.FileMgr write
INFO: write called with BlockIdBase: edu.yu.dbimpl.file.BlockId@3956df0a and PageBase: edu.yu.dbimpl.file.Page@739500b8
Sep 26, 2023 4:20:22 PM edu.yu.dbimpl.file.FileMgr write
INFO: Getting type to write: String
Sep 26, 2023 4:20:22 PM edu.yu.dbimpl.file.FileMgr write
INFO: Writing to file: src/test/java/edu/yu/dbimpl/testingDirectory/testFileModulePerformance198
Sep 26, 2023 4:20:22 PM edu.yu.dbimpl.file.FileMgr write
INFO: Finished write
Sep 26, 2023 4:20:22 PM edu.yu.dbimpl.file.FileMgr read
INFO: read called with BlockIdBase: edu.yu.dbimpl.file.BlockId@3956df0a and PageBase: edu.yu.dbimpl.file.Page@739500b8
Sep 26, 2023 4:20:22 PM edu.yu.dbimpl.file.Page getBytes
INFO: getBytes called with offset: 0
Sep 26, 2023 4:20:22 PM edu.yu.dbimpl.file.FileMgr read
INFO: Getting type to read: String
Sep 26, 2023 4:20:22 PM edu.yu.dbimpl.file.Page setString
INFO: setString called with offset: 0 and String: Hello, World!198
Sep 26, 2023 4:20:22 PM edu.yu.dbimpl.file.FileMgr append
INFO: append called with filename: testFileModulePerformance199
Sep 26, 2023 4:20:22 PM edu.yu.dbimpl.file.FileMgr append
INFO: Writing to file: src/test/java/edu/yu/dbimpl/testingDirectory/testFileModulePerformance199
Sep 26, 2023 4:20:22 PM edu.yu.dbimpl.file.Page <init>
INFO: Page created with blocksize 50000
Sep 26, 2023 4:20:22 PM edu.yu.dbimpl.file.Page setString
INFO: setString called with offset: 0 and String: Hello, World!199
Sep 26, 2023 4:20:22 PM edu.yu.dbimpl.file.FileMgr write
INFO: write called with BlockIdBase: edu.yu.dbimpl.file.BlockId@e8ce5b1 and PageBase: edu.yu.dbimpl.file.Page@301b89e1
Sep 26, 2023 4:20:22 PM edu.yu.dbimpl.file.FileMgr write
INFO: Getting type to write: String
Sep 26, 2023 4:20:22 PM edu.yu.dbimpl.file.FileMgr write
INFO: Writing to file: src/test/java/edu/yu/dbimpl/testingDirectory/testFileModulePerformance199
Sep 26, 2023 4:20:22 PM edu.yu.dbimpl.file.FileMgr write
INFO: Finished write
Sep 26, 2023 4:20:22 PM edu.yu.dbimpl.file.FileMgr read
INFO: read called with BlockIdBase: edu.yu.dbimpl.file.BlockId@e8ce5b1 and PageBase: edu.yu.dbimpl.file.Page@301b89e1
Sep 26, 2023 4:20:22 PM edu.yu.dbimpl.file.Page getBytes
INFO: getBytes called with offset: 0
Sep 26, 2023 4:20:22 PM edu.yu.dbimpl.file.FileMgr read
INFO: Getting type to read: String
Sep 26, 2023 4:20:22 PM edu.yu.dbimpl.file.Page setString
INFO: setString called with offset: 0 and String: Hello, World!199
Sep 26, 2023 4:20:22 PM edu.yu.dbimpl.file.FileMgr append
INFO: append called with filename: testFileModulePerformance200
Sep 26, 2023 4:20:22 PM edu.yu.dbimpl.file.FileMgr append
INFO: Writing to file: src/test/java/edu/yu/dbimpl/testingDirectory/testFileModulePerformance200
Sep 26, 2023 4:20:22 PM edu.yu.dbimpl.file.Page <init>
INFO: Page created with blocksize 50000
Sep 26, 2023 4:20:22 PM edu.yu.dbimpl.file.Page setString
INFO: setString called with offset: 0 and String: Hello, World!200
Sep 26, 2023 4:20:22 PM edu.yu.dbimpl.file.FileMgr write
INFO: write called with BlockIdBase: edu.yu.dbimpl.file.BlockId@3f3abe67 and PageBase: edu.yu.dbimpl.file.Page@64f1e9f8
Sep 26, 2023 4:20:22 PM edu.yu.dbimpl.file.FileMgr write
INFO: Getting type to write: String
Sep 26, 2023 4:20:22 PM edu.yu.dbimpl.file.FileMgr write
INFO: Writing to file: src/test/java/edu/yu/dbimpl/testingDirectory/testFileModulePerformance200
Sep 26, 2023 4:20:22 PM edu.yu.dbimpl.file.FileMgr write
INFO: Finished write
Sep 26, 2023 4:20:22 PM edu.yu.dbimpl.file.FileMgr read
INFO: read called with BlockIdBase: edu.yu.dbimpl.file.BlockId@3f3abe67 and PageBase: edu.yu.dbimpl.file.Page@64f1e9f8
Sep 26, 2023 4:20:22 PM edu.yu.dbimpl.file.Page getBytes
INFO: getBytes called with offset: 0
Sep 26, 2023 4:20:22 PM edu.yu.dbimpl.file.FileMgr read
INFO: Getting type to read: String
Sep 26, 2023 4:20:22 PM edu.yu.dbimpl.file.Page setString
INFO: setString called with offset: 0 and String: Hello, World!200
Sep 26, 2023 4:20:22 PM edu.yu.dbimpl.file.FileMgr append
INFO: append called with filename: testFileModulePerformance201
Sep 26, 2023 4:20:22 PM edu.yu.dbimpl.file.FileMgr append
INFO: Writing to file: src/test/java/edu/yu/dbimpl/testingDirectory/testFileModulePerformance201
Sep 26, 2023 4:20:22 PM edu.yu.dbimpl.file.Page <init>
INFO: Page created with blocksize 50000
Sep 26, 2023 4:20:22 PM edu.yu.dbimpl.file.Page setString
INFO: setString called with offset: 0 and String: Hello, World!201
Sep 26, 2023 4:20:22 PM edu.yu.dbimpl.file.FileMgr write
INFO: write called with BlockIdBase: edu.yu.dbimpl.file.BlockId@d3929ba and PageBase: edu.yu.dbimpl.file.Page@6101fd7d
Sep 26, 2023 4:20:22 PM edu.yu.dbimpl.file.FileMgr write
INFO: Getting type to write: String
Sep 26, 2023 4:20:22 PM edu.yu.dbimpl.file.FileMgr write
INFO: Writing to file: src/test/java/edu/yu/dbimpl/testingDirectory/testFileModulePerformance201
Sep 26, 2023 4:20:22 PM edu.yu.dbimpl.file.FileMgr write
INFO: Finished write
Sep 26, 2023 4:20:22 PM edu.yu.dbimpl.file.FileMgr read
INFO: read called with BlockIdBase: edu.yu.dbimpl.file.BlockId@d3929ba and PageBase: edu.yu.dbimpl.file.Page@6101fd7d
Sep 26, 2023 4:20:22 PM edu.yu.dbimpl.file.Page getBytes
INFO: getBytes called with offset: 0
Sep 26, 2023 4:20:22 PM edu.yu.dbimpl.file.FileMgr read
INFO: Getting type to read: String
Sep 26, 2023 4:20:22 PM edu.yu.dbimpl.file.Page setString
INFO: setString called with offset: 0 and String: Hello, World!201
Sep 26, 2023 4:20:22 PM edu.yu.dbimpl.file.FileMgr append
INFO: append called with filename: testFileModulePerformance202
Sep 26, 2023 4:20:22 PM edu.yu.dbimpl.file.FileMgr append
INFO: Writing to file: src/test/java/edu/yu/dbimpl/testingDirectory/testFileModulePerformance202
Sep 26, 2023 4:20:22 PM edu.yu.dbimpl.file.Page <init>
INFO: Page created with blocksize 50000
Sep 26, 2023 4:20:22 PM edu.yu.dbimpl.file.Page setString
INFO: setString called with offset: 0 and String: Hello, World!202
Sep 26, 2023 4:20:22 PM edu.yu.dbimpl.file.FileMgr write
INFO: write called with BlockIdBase: edu.yu.dbimpl.file.BlockId@b22bebc and PageBase: edu.yu.dbimpl.file.Page@60773809
Sep 26, 2023 4:20:22 PM edu.yu.dbimpl.file.FileMgr write
INFO: Getting type to write: String
Sep 26, 2023 4:20:22 PM edu.yu.dbimpl.file.FileMgr write
INFO: Writing to file: src/test/java/edu/yu/dbimpl/testingDirectory/testFileModulePerformance202
Sep 26, 2023 4:20:22 PM edu.yu.dbimpl.file.FileMgr write
INFO: Finished write
Sep 26, 2023 4:20:22 PM edu.yu.dbimpl.file.FileMgr read
INFO: read called with BlockIdBase: edu.yu.dbimpl.file.BlockId@b22bebc and PageBase: edu.yu.dbimpl.file.Page@60773809
Sep 26, 2023 4:20:22 PM edu.yu.dbimpl.file.Page getBytes
INFO: getBytes called with offset: 0
Sep 26, 2023 4:20:22 PM edu.yu.dbimpl.file.FileMgr read
INFO: Getting type to read: String
Sep 26, 2023 4:20:22 PM edu.yu.dbimpl.file.Page setString
INFO: setString called with offset: 0 and String: Hello, World!202
Sep 26, 2023 4:20:22 PM edu.yu.dbimpl.file.FileMgr append
INFO: append called with filename: testFileModulePerformance203
Sep 26, 2023 4:20:22 PM edu.yu.dbimpl.file.FileMgr append
INFO: Writing to file: src/test/java/edu/yu/dbimpl/testingDirectory/testFileModulePerformance203
Sep 26, 2023 4:20:22 PM edu.yu.dbimpl.file.Page <init>
INFO: Page created with blocksize 50000
Sep 26, 2023 4:20:22 PM edu.yu.dbimpl.file.Page setString
INFO: setString called with offset: 0 and String: Hello, World!203
Sep 26, 2023 4:20:22 PM edu.yu.dbimpl.file.FileMgr write
INFO: write called with BlockIdBase: edu.yu.dbimpl.file.BlockId@24c7b944 and PageBase: edu.yu.dbimpl.file.Page@4a4352b4
Sep 26, 2023 4:20:22 PM edu.yu.dbimpl.file.FileMgr write
INFO: Getting type to write: String
Sep 26, 2023 4:20:22 PM edu.yu.dbimpl.file.FileMgr write
INFO: Writing to file: src/test/java/edu/yu/dbimpl/testingDirectory/testFileModulePerformance203
Sep 26, 2023 4:20:22 PM edu.yu.dbimpl.file.FileMgr write
INFO: Finished write
Sep 26, 2023 4:20:22 PM edu.yu.dbimpl.file.FileMgr read
INFO: read called with BlockIdBase: edu.yu.dbimpl.file.BlockId@24c7b944 and PageBase: edu.yu.dbimpl.file.Page@4a4352b4
Sep 26, 2023 4:20:22 PM edu.yu.dbimpl.file.Page getBytes
INFO: getBytes called with offset: 0
Sep 26, 2023 4:20:22 PM edu.yu.dbimpl.file.FileMgr read
INFO: Getting type to read: String
Sep 26, 2023 4:20:22 PM edu.yu.dbimpl.file.Page setString
INFO: setString called with offset: 0 and String: Hello, World!203
Sep 26, 2023 4:20:22 PM edu.yu.dbimpl.file.FileMgr append
INFO: append called with filename: testFileModulePerformance204
Sep 26, 2023 4:20:22 PM edu.yu.dbimpl.file.FileMgr append
INFO: Writing to file: src/test/java/edu/yu/dbimpl/testingDirectory/testFileModulePerformance204
Sep 26, 2023 4:20:22 PM edu.yu.dbimpl.file.Page <init>
INFO: Page created with blocksize 50000
Sep 26, 2023 4:20:22 PM edu.yu.dbimpl.file.Page setString
INFO: setString called with offset: 0 and String: Hello, World!204
Sep 26, 2023 4:20:22 PM edu.yu.dbimpl.file.FileMgr write
INFO: write called with BlockIdBase: edu.yu.dbimpl.file.BlockId@540ac21e and PageBase: edu.yu.dbimpl.file.Page@d640fe6
Sep 26, 2023 4:20:22 PM edu.yu.dbimpl.file.FileMgr write
INFO: Getting type to write: String
Sep 26, 2023 4:20:22 PM edu.yu.dbimpl.file.FileMgr write
INFO: Writing to file: src/test/java/edu/yu/dbimpl/testingDirectory/testFileModulePerformance204
Sep 26, 2023 4:20:22 PM edu.yu.dbimpl.file.FileMgr write
INFO: Finished write
Sep 26, 2023 4:20:22 PM edu.yu.dbimpl.file.FileMgr read
INFO: read called with BlockIdBase: edu.yu.dbimpl.file.BlockId@540ac21e and PageBase: edu.yu.dbimpl.file.Page@d640fe6
Sep 26, 2023 4:20:22 PM edu.yu.dbimpl.file.Page getBytes
INFO: getBytes called with offset: 0
Sep 26, 2023 4:20:22 PM edu.yu.dbimpl.file.FileMgr read
INFO: Getting type to read: String
Sep 26, 2023 4:20:22 PM edu.yu.dbimpl.file.Page setString
INFO: setString called with offset: 0 and String: Hello, World!204
Sep 26, 2023 4:20:22 PM edu.yu.dbimpl.file.FileMgr append
INFO: append called with filename: testFileModulePerformance205
Sep 26, 2023 4:20:22 PM edu.yu.dbimpl.file.FileMgr append
INFO: Writing to file: src/test/java/edu/yu/dbimpl/testingDirectory/testFileModulePerformance205
Sep 26, 2023 4:20:22 PM edu.yu.dbimpl.file.Page <init>
INFO: Page created with blocksize 50000
Sep 26, 2023 4:20:22 PM edu.yu.dbimpl.file.Page setString
INFO: setString called with offset: 0 and String: Hello, World!205
Sep 26, 2023 4:20:22 PM edu.yu.dbimpl.file.FileMgr write
INFO: write called with BlockIdBase: edu.yu.dbimpl.file.BlockId@14f08a97 and PageBase: edu.yu.dbimpl.file.Page@44f6ac4f
Sep 26, 2023 4:20:22 PM edu.yu.dbimpl.file.FileMgr write
INFO: Getting type to write: String
Sep 26, 2023 4:20:22 PM edu.yu.dbimpl.file.FileMgr write
INFO: Writing to file: src/test/java/edu/yu/dbimpl/testingDirectory/testFileModulePerformance205
Sep 26, 2023 4:20:22 PM edu.yu.dbimpl.file.FileMgr write
INFO: Finished write
Sep 26, 2023 4:20:22 PM edu.yu.dbimpl.file.FileMgr read
INFO: read called with BlockIdBase: edu.yu.dbimpl.file.BlockId@14f08a97 and PageBase: edu.yu.dbimpl.file.Page@44f6ac4f
Sep 26, 2023 4:20:22 PM edu.yu.dbimpl.file.Page getBytes
INFO: getBytes called with offset: 0
Sep 26, 2023 4:20:22 PM edu.yu.dbimpl.file.FileMgr read
INFO: Getting type to read: String
Sep 26, 2023 4:20:22 PM edu.yu.dbimpl.file.Page setString
INFO: setString called with offset: 0 and String: Hello, World!205
Sep 26, 2023 4:20:22 PM edu.yu.dbimpl.file.FileMgr append
INFO: append called with filename: testFileModulePerformance206
Sep 26, 2023 4:20:22 PM edu.yu.dbimpl.file.FileMgr append
INFO: Writing to file: src/test/java/edu/yu/dbimpl/testingDirectory/testFileModulePerformance206
Sep 26, 2023 4:20:22 PM edu.yu.dbimpl.file.Page <init>
INFO: Page created with blocksize 50000
Sep 26, 2023 4:20:22 PM edu.yu.dbimpl.file.Page setString
INFO: setString called with offset: 0 and String: Hello, World!206
Sep 26, 2023 4:20:22 PM edu.yu.dbimpl.file.FileMgr write
INFO: write called with BlockIdBase: edu.yu.dbimpl.file.BlockId@46ee9cfd and PageBase: edu.yu.dbimpl.file.Page@6b58a0f9
Sep 26, 2023 4:20:22 PM edu.yu.dbimpl.file.FileMgr write
INFO: Getting type to write: String
Sep 26, 2023 4:20:22 PM edu.yu.dbimpl.file.FileMgr write
INFO: Writing to file: src/test/java/edu/yu/dbimpl/testingDirectory/testFileModulePerformance206
Sep 26, 2023 4:20:22 PM edu.yu.dbimpl.file.FileMgr write
INFO: Finished write
Sep 26, 2023 4:20:22 PM edu.yu.dbimpl.file.FileMgr read
INFO: read called with BlockIdBase: edu.yu.dbimpl.file.BlockId@46ee9cfd and PageBase: edu.yu.dbimpl.file.Page@6b58a0f9
Sep 26, 2023 4:20:22 PM edu.yu.dbimpl.file.Page getBytes
INFO: getBytes called with offset: 0
Sep 26, 2023 4:20:22 PM edu.yu.dbimpl.file.FileMgr read
INFO: Getting type to read: String
Sep 26, 2023 4:20:22 PM edu.yu.dbimpl.file.Page setString
INFO: setString called with offset: 0 and String: Hello, World!206
Sep 26, 2023 4:20:22 PM edu.yu.dbimpl.file.FileMgr append
INFO: append called with filename: testFileModulePerformance207
Sep 26, 2023 4:20:22 PM edu.yu.dbimpl.file.FileMgr append
INFO: Writing to file: src/test/java/edu/yu/dbimpl/testingDirectory/testFileModulePerformance207
Sep 26, 2023 4:20:22 PM edu.yu.dbimpl.file.Page <init>
INFO: Page created with blocksize 50000
Sep 26, 2023 4:20:22 PM edu.yu.dbimpl.file.Page setString
INFO: setString called with offset: 0 and String: Hello, World!207
Sep 26, 2023 4:20:22 PM edu.yu.dbimpl.file.FileMgr write
INFO: write called with BlockIdBase: edu.yu.dbimpl.file.BlockId@7b6c3b37 and PageBase: edu.yu.dbimpl.file.Page@a8964c1
Sep 26, 2023 4:20:22 PM edu.yu.dbimpl.file.FileMgr write
INFO: Getting type to write: String
Sep 26, 2023 4:20:22 PM edu.yu.dbimpl.file.FileMgr write
INFO: Writing to file: src/test/java/edu/yu/dbimpl/testingDirectory/testFileModulePerformance207
Sep 26, 2023 4:20:22 PM edu.yu.dbimpl.file.FileMgr write
INFO: Finished write
Sep 26, 2023 4:20:22 PM edu.yu.dbimpl.file.FileMgr read
INFO: read called with BlockIdBase: edu.yu.dbimpl.file.BlockId@7b6c3b37 and PageBase: edu.yu.dbimpl.file.Page@a8964c1
Sep 26, 2023 4:20:22 PM edu.yu.dbimpl.file.Page getBytes
INFO: getBytes called with offset: 0
Sep 26, 2023 4:20:22 PM edu.yu.dbimpl.file.FileMgr read
INFO: Getting type to read: String
Sep 26, 2023 4:20:22 PM edu.yu.dbimpl.file.Page setString
INFO: setString called with offset: 0 and String: Hello, World!207
Sep 26, 2023 4:20:22 PM edu.yu.dbimpl.file.FileMgr append
INFO: append called with filename: testFileModulePerformance208
Sep 26, 2023 4:20:22 PM edu.yu.dbimpl.file.FileMgr append
INFO: Writing to file: src/test/java/edu/yu/dbimpl/testingDirectory/testFileModulePerformance208
Sep 26, 2023 4:20:22 PM edu.yu.dbimpl.file.Page <init>
INFO: Page created with blocksize 50000
Sep 26, 2023 4:20:22 PM edu.yu.dbimpl.file.Page setString
INFO: setString called with offset: 0 and String: Hello, World!208
Sep 26, 2023 4:20:22 PM edu.yu.dbimpl.file.FileMgr write
INFO: write called with BlockIdBase: edu.yu.dbimpl.file.BlockId@38320819 and PageBase: edu.yu.dbimpl.file.Page@16c3388e
Sep 26, 2023 4:20:22 PM edu.yu.dbimpl.file.FileMgr write
INFO: Getting type to write: String
Sep 26, 2023 4:20:22 PM edu.yu.dbimpl.file.FileMgr write
INFO: Writing to file: src/test/java/edu/yu/dbimpl/testingDirectory/testFileModulePerformance208
Sep 26, 2023 4:20:22 PM edu.yu.dbimpl.file.FileMgr write
INFO: Finished write
Sep 26, 2023 4:20:22 PM edu.yu.dbimpl.file.FileMgr read
INFO: read called with BlockIdBase: edu.yu.dbimpl.file.BlockId@38320819 and PageBase: edu.yu.dbimpl.file.Page@16c3388e
Sep 26, 2023 4:20:22 PM edu.yu.dbimpl.file.Page getBytes
INFO: getBytes called with offset: 0
Sep 26, 2023 4:20:22 PM edu.yu.dbimpl.file.FileMgr read
INFO: Getting type to read: String
Sep 26, 2023 4:20:22 PM edu.yu.dbimpl.file.Page setString
INFO: setString called with offset: 0 and String: Hello, World!208
Sep 26, 2023 4:20:22 PM edu.yu.dbimpl.file.FileMgr append
INFO: append called with filename: testFileModulePerformance209
Sep 26, 2023 4:20:22 PM edu.yu.dbimpl.file.FileMgr append
INFO: Writing to file: src/test/java/edu/yu/dbimpl/testingDirectory/testFileModulePerformance209
Sep 26, 2023 4:20:22 PM edu.yu.dbimpl.file.Page <init>
INFO: Page created with blocksize 50000
Sep 26, 2023 4:20:22 PM edu.yu.dbimpl.file.Page setString
INFO: setString called with offset: 0 and String: Hello, World!209
Sep 26, 2023 4:20:22 PM edu.yu.dbimpl.file.FileMgr write
INFO: write called with BlockIdBase: edu.yu.dbimpl.file.BlockId@cec1ce2 and PageBase: edu.yu.dbimpl.file.Page@4d82ded2
Sep 26, 2023 4:20:22 PM edu.yu.dbimpl.file.FileMgr write
INFO: Getting type to write: String
Sep 26, 2023 4:20:22 PM edu.yu.dbimpl.file.FileMgr write
INFO: Writing to file: src/test/java/edu/yu/dbimpl/testingDirectory/testFileModulePerformance209
Sep 26, 2023 4:20:22 PM edu.yu.dbimpl.file.FileMgr write
INFO: Finished write
Sep 26, 2023 4:20:22 PM edu.yu.dbimpl.file.FileMgr read
INFO: read called with BlockIdBase: edu.yu.dbimpl.file.BlockId@cec1ce2 and PageBase: edu.yu.dbimpl.file.Page@4d82ded2
Sep 26, 2023 4:20:22 PM edu.yu.dbimpl.file.Page getBytes
INFO: getBytes called with offset: 0
Sep 26, 2023 4:20:22 PM edu.yu.dbimpl.file.FileMgr read
INFO: Getting type to read: String
Sep 26, 2023 4:20:22 PM edu.yu.dbimpl.file.Page setString
INFO: setString called with offset: 0 and String: Hello, World!209
Sep 26, 2023 4:20:22 PM edu.yu.dbimpl.file.FileMgr append
INFO: append called with filename: testFileModulePerformance210
Sep 26, 2023 4:20:22 PM edu.yu.dbimpl.file.FileMgr append
INFO: Writing to file: src/test/java/edu/yu/dbimpl/testingDirectory/testFileModulePerformance210
Sep 26, 2023 4:20:22 PM edu.yu.dbimpl.file.Page <init>
INFO: Page created with blocksize 50000
Sep 26, 2023 4:20:22 PM edu.yu.dbimpl.file.Page setString
INFO: setString called with offset: 0 and String: Hello, World!210
Sep 26, 2023 4:20:22 PM edu.yu.dbimpl.file.FileMgr write
INFO: write called with BlockIdBase: edu.yu.dbimpl.file.BlockId@655875bb and PageBase: edu.yu.dbimpl.file.Page@6ad036d6
Sep 26, 2023 4:20:22 PM edu.yu.dbimpl.file.FileMgr write
INFO: Getting type to write: String
Sep 26, 2023 4:20:22 PM edu.yu.dbimpl.file.FileMgr write
INFO: Writing to file: src/test/java/edu/yu/dbimpl/testingDirectory/testFileModulePerformance210
Sep 26, 2023 4:20:22 PM edu.yu.dbimpl.file.FileMgr write
INFO: Finished write
Sep 26, 2023 4:20:22 PM edu.yu.dbimpl.file.FileMgr read
INFO: read called with BlockIdBase: edu.yu.dbimpl.file.BlockId@655875bb and PageBase: edu.yu.dbimpl.file.Page@6ad036d6
Sep 26, 2023 4:20:22 PM edu.yu.dbimpl.file.Page getBytes
INFO: getBytes called with offset: 0
Sep 26, 2023 4:20:22 PM edu.yu.dbimpl.file.FileMgr read
INFO: Getting type to read: String
Sep 26, 2023 4:20:22 PM edu.yu.dbimpl.file.Page setString
INFO: setString called with offset: 0 and String: Hello, World!210
Sep 26, 2023 4:20:22 PM edu.yu.dbimpl.file.FileMgr append
INFO: append called with filename: testFileModulePerformance211
Sep 26, 2023 4:20:22 PM edu.yu.dbimpl.file.FileMgr append
INFO: Writing to file: src/test/java/edu/yu/dbimpl/testingDirectory/testFileModulePerformance211
Sep 26, 2023 4:20:22 PM edu.yu.dbimpl.file.Page <init>
INFO: Page created with blocksize 50000
Sep 26, 2023 4:20:22 PM edu.yu.dbimpl.file.Page setString
INFO: setString called with offset: 0 and String: Hello, World!211
Sep 26, 2023 4:20:22 PM edu.yu.dbimpl.file.FileMgr write
INFO: write called with BlockIdBase: edu.yu.dbimpl.file.BlockId@6b72c62 and PageBase: edu.yu.dbimpl.file.Page@5d180628
Sep 26, 2023 4:20:22 PM edu.yu.dbimpl.file.FileMgr write
INFO: Getting type to write: String
Sep 26, 2023 4:20:22 PM edu.yu.dbimpl.file.FileMgr write
INFO: Writing to file: src/test/java/edu/yu/dbimpl/testingDirectory/testFileModulePerformance211
Sep 26, 2023 4:20:22 PM edu.yu.dbimpl.file.FileMgr write
INFO: Finished write
Sep 26, 2023 4:20:22 PM edu.yu.dbimpl.file.FileMgr read
INFO: read called with BlockIdBase: edu.yu.dbimpl.file.BlockId@6b72c62 and PageBase: edu.yu.dbimpl.file.Page@5d180628
Sep 26, 2023 4:20:22 PM edu.yu.dbimpl.file.Page getBytes
INFO: getBytes called with offset: 0
Sep 26, 2023 4:20:22 PM edu.yu.dbimpl.file.FileMgr read
INFO: Getting type to read: String
Sep 26, 2023 4:20:22 PM edu.yu.dbimpl.file.Page setString
INFO: setString called with offset: 0 and String: Hello, World!211
Sep 26, 2023 4:20:22 PM edu.yu.dbimpl.file.FileMgr append
INFO: append called with filename: testFileModulePerformance212
Sep 26, 2023 4:20:22 PM edu.yu.dbimpl.file.FileMgr append
INFO: Writing to file: src/test/java/edu/yu/dbimpl/testingDirectory/testFileModulePerformance212
Sep 26, 2023 4:20:22 PM edu.yu.dbimpl.file.Page <init>
INFO: Page created with blocksize 50000
Sep 26, 2023 4:20:22 PM edu.yu.dbimpl.file.Page setString
INFO: setString called with offset: 0 and String: Hello, World!212
Sep 26, 2023 4:20:22 PM edu.yu.dbimpl.file.FileMgr write
INFO: write called with BlockIdBase: edu.yu.dbimpl.file.BlockId@7b4b559d and PageBase: edu.yu.dbimpl.file.Page@1046aaa4
Sep 26, 2023 4:20:22 PM edu.yu.dbimpl.file.FileMgr write
INFO: Getting type to write: String
Sep 26, 2023 4:20:22 PM edu.yu.dbimpl.file.FileMgr write
INFO: Writing to file: src/test/java/edu/yu/dbimpl/testingDirectory/testFileModulePerformance212
Sep 26, 2023 4:20:22 PM edu.yu.dbimpl.file.FileMgr write
INFO: Finished write
Sep 26, 2023 4:20:22 PM edu.yu.dbimpl.file.FileMgr read
INFO: read called with BlockIdBase: edu.yu.dbimpl.file.BlockId@7b4b559d and PageBase: edu.yu.dbimpl.file.Page@1046aaa4
Sep 26, 2023 4:20:22 PM edu.yu.dbimpl.file.Page getBytes
INFO: getBytes called with offset: 0
Sep 26, 2023 4:20:22 PM edu.yu.dbimpl.file.FileMgr read
INFO: Getting type to read: String
Sep 26, 2023 4:20:22 PM edu.yu.dbimpl.file.Page setString
INFO: setString called with offset: 0 and String: Hello, World!212
Sep 26, 2023 4:20:22 PM edu.yu.dbimpl.file.FileMgr append
INFO: append called with filename: testFileModulePerformance213
Sep 26, 2023 4:20:22 PM edu.yu.dbimpl.file.FileMgr append
INFO: Writing to file: src/test/java/edu/yu/dbimpl/testingDirectory/testFileModulePerformance213
Sep 26, 2023 4:20:22 PM edu.yu.dbimpl.file.Page <init>
INFO: Page created with blocksize 50000
Sep 26, 2023 4:20:22 PM edu.yu.dbimpl.file.Page setString
INFO: setString called with offset: 0 and String: Hello, World!213
Sep 26, 2023 4:20:22 PM edu.yu.dbimpl.file.FileMgr write
INFO: write called with BlockIdBase: edu.yu.dbimpl.file.BlockId@2fad50f2 and PageBase: edu.yu.dbimpl.file.Page@32192a69
Sep 26, 2023 4:20:22 PM edu.yu.dbimpl.file.FileMgr write
INFO: Getting type to write: String
Sep 26, 2023 4:20:22 PM edu.yu.dbimpl.file.FileMgr write
INFO: Writing to file: src/test/java/edu/yu/dbimpl/testingDirectory/testFileModulePerformance213
Sep 26, 2023 4:20:22 PM edu.yu.dbimpl.file.FileMgr write
INFO: Finished write
Sep 26, 2023 4:20:22 PM edu.yu.dbimpl.file.FileMgr read
INFO: read called with BlockIdBase: edu.yu.dbimpl.file.BlockId@2fad50f2 and PageBase: edu.yu.dbimpl.file.Page@32192a69
Sep 26, 2023 4:20:22 PM edu.yu.dbimpl.file.Page getBytes
INFO: getBytes called with offset: 0
Sep 26, 2023 4:20:22 PM edu.yu.dbimpl.file.FileMgr read
INFO: Getting type to read: String
Sep 26, 2023 4:20:22 PM edu.yu.dbimpl.file.Page setString
INFO: setString called with offset: 0 and String: Hello, World!213
Sep 26, 2023 4:20:22 PM edu.yu.dbimpl.file.FileMgr append
INFO: append called with filename: testFileModulePerformance214
Sep 26, 2023 4:20:22 PM edu.yu.dbimpl.file.FileMgr append
INFO: Writing to file: src/test/java/edu/yu/dbimpl/testingDirectory/testFileModulePerformance214
Sep 26, 2023 4:20:22 PM edu.yu.dbimpl.file.Page <init>
INFO: Page created with blocksize 50000
Sep 26, 2023 4:20:22 PM edu.yu.dbimpl.file.Page setString
INFO: setString called with offset: 0 and String: Hello, World!214
Sep 26, 2023 4:20:22 PM edu.yu.dbimpl.file.FileMgr write
INFO: write called with BlockIdBase: edu.yu.dbimpl.file.BlockId@135f760a and PageBase: edu.yu.dbimpl.file.Page@36e9fd4f
Sep 26, 2023 4:20:22 PM edu.yu.dbimpl.file.FileMgr write
INFO: Getting type to write: String
Sep 26, 2023 4:20:22 PM edu.yu.dbimpl.file.FileMgr write
INFO: Writing to file: src/test/java/edu/yu/dbimpl/testingDirectory/testFileModulePerformance214
Sep 26, 2023 4:20:22 PM edu.yu.dbimpl.file.FileMgr write
INFO: Finished write
Sep 26, 2023 4:20:22 PM edu.yu.dbimpl.file.FileMgr read
INFO: read called with BlockIdBase: edu.yu.dbimpl.file.BlockId@135f760a and PageBase: edu.yu.dbimpl.file.Page@36e9fd4f
Sep 26, 2023 4:20:22 PM edu.yu.dbimpl.file.Page getBytes
INFO: getBytes called with offset: 0
Sep 26, 2023 4:20:22 PM edu.yu.dbimpl.file.FileMgr read
INFO: Getting type to read: String
Sep 26, 2023 4:20:22 PM edu.yu.dbimpl.file.Page setString
INFO: setString called with offset: 0 and String: Hello, World!214
Sep 26, 2023 4:20:22 PM edu.yu.dbimpl.file.FileMgr append
INFO: append called with filename: testFileModulePerformance215
Sep 26, 2023 4:20:22 PM edu.yu.dbimpl.file.FileMgr append
INFO: Writing to file: src/test/java/edu/yu/dbimpl/testingDirectory/testFileModulePerformance215
Sep 26, 2023 4:20:22 PM edu.yu.dbimpl.file.Page <init>
INFO: Page created with blocksize 50000
Sep 26, 2023 4:20:22 PM edu.yu.dbimpl.file.Page setString
INFO: setString called with offset: 0 and String: Hello, World!215
Sep 26, 2023 4:20:22 PM edu.yu.dbimpl.file.FileMgr write
INFO: write called with BlockIdBase: edu.yu.dbimpl.file.BlockId@730611a0 and PageBase: edu.yu.dbimpl.file.Page@8b727cb
Sep 26, 2023 4:20:22 PM edu.yu.dbimpl.file.FileMgr write
INFO: Getting type to write: String
Sep 26, 2023 4:20:22 PM edu.yu.dbimpl.file.FileMgr write
INFO: Writing to file: src/test/java/edu/yu/dbimpl/testingDirectory/testFileModulePerformance215
Sep 26, 2023 4:20:22 PM edu.yu.dbimpl.file.FileMgr write
INFO: Finished write
Sep 26, 2023 4:20:22 PM edu.yu.dbimpl.file.FileMgr read
INFO: read called with BlockIdBase: edu.yu.dbimpl.file.BlockId@730611a0 and PageBase: edu.yu.dbimpl.file.Page@8b727cb
Sep 26, 2023 4:20:22 PM edu.yu.dbimpl.file.Page getBytes
INFO: getBytes called with offset: 0
Sep 26, 2023 4:20:22 PM edu.yu.dbimpl.file.FileMgr read
INFO: Getting type to read: String
Sep 26, 2023 4:20:22 PM edu.yu.dbimpl.file.Page setString
INFO: setString called with offset: 0 and String: Hello, World!215
Sep 26, 2023 4:20:22 PM edu.yu.dbimpl.file.FileMgr append
INFO: append called with filename: testFileModulePerformance216
Sep 26, 2023 4:20:22 PM edu.yu.dbimpl.file.FileMgr append
INFO: Writing to file: src/test/java/edu/yu/dbimpl/testingDirectory/testFileModulePerformance216
Sep 26, 2023 4:20:22 PM edu.yu.dbimpl.file.Page <init>
INFO: Page created with blocksize 50000
Sep 26, 2023 4:20:22 PM edu.yu.dbimpl.file.Page setString
INFO: setString called with offset: 0 and String: Hello, World!216
Sep 26, 2023 4:20:22 PM edu.yu.dbimpl.file.FileMgr write
INFO: write called with BlockIdBase: edu.yu.dbimpl.file.BlockId@6030eff1 and PageBase: edu.yu.dbimpl.file.Page@194a653d
Sep 26, 2023 4:20:22 PM edu.yu.dbimpl.file.FileMgr write
INFO: Getting type to write: String
Sep 26, 2023 4:20:22 PM edu.yu.dbimpl.file.FileMgr write
INFO: Writing to file: src/test/java/edu/yu/dbimpl/testingDirectory/testFileModulePerformance216
Sep 26, 2023 4:20:22 PM edu.yu.dbimpl.file.FileMgr write
INFO: Finished write
Sep 26, 2023 4:20:22 PM edu.yu.dbimpl.file.FileMgr read
INFO: read called with BlockIdBase: edu.yu.dbimpl.file.BlockId@6030eff1 and PageBase: edu.yu.dbimpl.file.Page@194a653d
Sep 26, 2023 4:20:22 PM edu.yu.dbimpl.file.Page getBytes
INFO: getBytes called with offset: 0
Sep 26, 2023 4:20:22 PM edu.yu.dbimpl.file.FileMgr read
INFO: Getting type to read: String
Sep 26, 2023 4:20:22 PM edu.yu.dbimpl.file.Page setString
INFO: setString called with offset: 0 and String: Hello, World!216
Sep 26, 2023 4:20:22 PM edu.yu.dbimpl.file.FileMgr append
INFO: append called with filename: testFileModulePerformance217
Sep 26, 2023 4:20:22 PM edu.yu.dbimpl.file.FileMgr append
INFO: Writing to file: src/test/java/edu/yu/dbimpl/testingDirectory/testFileModulePerformance217
Sep 26, 2023 4:20:22 PM edu.yu.dbimpl.file.Page <init>
INFO: Page created with blocksize 50000
Sep 26, 2023 4:20:22 PM edu.yu.dbimpl.file.Page setString
INFO: setString called with offset: 0 and String: Hello, World!217
Sep 26, 2023 4:20:22 PM edu.yu.dbimpl.file.FileMgr write
INFO: write called with BlockIdBase: edu.yu.dbimpl.file.BlockId@5a02fca5 and PageBase: edu.yu.dbimpl.file.Page@6b3a1151
Sep 26, 2023 4:20:22 PM edu.yu.dbimpl.file.FileMgr write
INFO: Getting type to write: String
Sep 26, 2023 4:20:22 PM edu.yu.dbimpl.file.FileMgr write
INFO: Writing to file: src/test/java/edu/yu/dbimpl/testingDirectory/testFileModulePerformance217
Sep 26, 2023 4:20:22 PM edu.yu.dbimpl.file.FileMgr write
INFO: Finished write
Sep 26, 2023 4:20:22 PM edu.yu.dbimpl.file.FileMgr read
INFO: read called with BlockIdBase: edu.yu.dbimpl.file.BlockId@5a02fca5 and PageBase: edu.yu.dbimpl.file.Page@6b3a1151
Sep 26, 2023 4:20:22 PM edu.yu.dbimpl.file.Page getBytes
INFO: getBytes called with offset: 0
Sep 26, 2023 4:20:22 PM edu.yu.dbimpl.file.FileMgr read
INFO: Getting type to read: String
Sep 26, 2023 4:20:22 PM edu.yu.dbimpl.file.Page setString
INFO: setString called with offset: 0 and String: Hello, World!217
Sep 26, 2023 4:20:22 PM edu.yu.dbimpl.file.FileMgr append
INFO: append called with filename: testFileModulePerformance218
Sep 26, 2023 4:20:22 PM edu.yu.dbimpl.file.FileMgr append
INFO: Writing to file: src/test/java/edu/yu/dbimpl/testingDirectory/testFileModulePerformance218
Sep 26, 2023 4:20:22 PM edu.yu.dbimpl.file.Page <init>
INFO: Page created with blocksize 50000
Sep 26, 2023 4:20:22 PM edu.yu.dbimpl.file.Page setString
INFO: setString called with offset: 0 and String: Hello, World!218
Sep 26, 2023 4:20:22 PM edu.yu.dbimpl.file.FileMgr write
INFO: write called with BlockIdBase: edu.yu.dbimpl.file.BlockId@c9234a0 and PageBase: edu.yu.dbimpl.file.Page@46bbcb82
Sep 26, 2023 4:20:22 PM edu.yu.dbimpl.file.FileMgr write
INFO: Getting type to write: String
Sep 26, 2023 4:20:22 PM edu.yu.dbimpl.file.FileMgr write
INFO: Writing to file: src/test/java/edu/yu/dbimpl/testingDirectory/testFileModulePerformance218
Sep 26, 2023 4:20:22 PM edu.yu.dbimpl.file.FileMgr write
INFO: Finished write
Sep 26, 2023 4:20:22 PM edu.yu.dbimpl.file.FileMgr read
INFO: read called with BlockIdBase: edu.yu.dbimpl.file.BlockId@c9234a0 and PageBase: edu.yu.dbimpl.file.Page@46bbcb82
Sep 26, 2023 4:20:22 PM edu.yu.dbimpl.file.Page getBytes
INFO: getBytes called with offset: 0
Sep 26, 2023 4:20:22 PM edu.yu.dbimpl.file.FileMgr read
INFO: Getting type to read: String
Sep 26, 2023 4:20:22 PM edu.yu.dbimpl.file.Page setString
INFO: setString called with offset: 0 and String: Hello, World!218
Sep 26, 2023 4:20:22 PM edu.yu.dbimpl.file.FileMgr append
INFO: append called with filename: testFileModulePerformance219
Sep 26, 2023 4:20:22 PM edu.yu.dbimpl.file.FileMgr append
INFO: Writing to file: src/test/java/edu/yu/dbimpl/testingDirectory/testFileModulePerformance219
Sep 26, 2023 4:20:22 PM edu.yu.dbimpl.file.Page <init>
INFO: Page created with blocksize 50000
Sep 26, 2023 4:20:22 PM edu.yu.dbimpl.file.Page setString
INFO: setString called with offset: 0 and String: Hello, World!219
Sep 26, 2023 4:20:22 PM edu.yu.dbimpl.file.FileMgr write
INFO: write called with BlockIdBase: edu.yu.dbimpl.file.BlockId@b91e024 and PageBase: edu.yu.dbimpl.file.Page@309ac89e
Sep 26, 2023 4:20:22 PM edu.yu.dbimpl.file.FileMgr write
INFO: Getting type to write: String
Sep 26, 2023 4:20:22 PM edu.yu.dbimpl.file.FileMgr write
INFO: Writing to file: src/test/java/edu/yu/dbimpl/testingDirectory/testFileModulePerformance219
Sep 26, 2023 4:20:22 PM edu.yu.dbimpl.file.FileMgr write
INFO: Finished write
Sep 26, 2023 4:20:22 PM edu.yu.dbimpl.file.FileMgr read
INFO: read called with BlockIdBase: edu.yu.dbimpl.file.BlockId@b91e024 and PageBase: edu.yu.dbimpl.file.Page@309ac89e
Sep 26, 2023 4:20:22 PM edu.yu.dbimpl.file.Page getBytes
INFO: getBytes called with offset: 0
Sep 26, 2023 4:20:22 PM edu.yu.dbimpl.file.FileMgr read
INFO: Getting type to read: String
Sep 26, 2023 4:20:22 PM edu.yu.dbimpl.file.Page setString
INFO: setString called with offset: 0 and String: Hello, World!219
Sep 26, 2023 4:20:22 PM edu.yu.dbimpl.file.FileMgr append
INFO: append called with filename: testFileModulePerformance220
Sep 26, 2023 4:20:22 PM edu.yu.dbimpl.file.FileMgr append
INFO: Writing to file: src/test/java/edu/yu/dbimpl/testingDirectory/testFileModulePerformance220
Sep 26, 2023 4:20:22 PM edu.yu.dbimpl.file.Page <init>
INFO: Page created with blocksize 50000
Sep 26, 2023 4:20:22 PM edu.yu.dbimpl.file.Page setString
INFO: setString called with offset: 0 and String: Hello, World!220
Sep 26, 2023 4:20:22 PM edu.yu.dbimpl.file.FileMgr write
INFO: write called with BlockIdBase: edu.yu.dbimpl.file.BlockId@2db0dd19 and PageBase: edu.yu.dbimpl.file.Page@354ff4f6
Sep 26, 2023 4:20:22 PM edu.yu.dbimpl.file.FileMgr write
INFO: Getting type to write: String
Sep 26, 2023 4:20:22 PM edu.yu.dbimpl.file.FileMgr write
INFO: Writing to file: src/test/java/edu/yu/dbimpl/testingDirectory/testFileModulePerformance220
Sep 26, 2023 4:20:22 PM edu.yu.dbimpl.file.FileMgr write
INFO: Finished write
Sep 26, 2023 4:20:22 PM edu.yu.dbimpl.file.FileMgr read
INFO: read called with BlockIdBase: edu.yu.dbimpl.file.BlockId@2db0dd19 and PageBase: edu.yu.dbimpl.file.Page@354ff4f6
Sep 26, 2023 4:20:22 PM edu.yu.dbimpl.file.Page getBytes
INFO: getBytes called with offset: 0
Sep 26, 2023 4:20:22 PM edu.yu.dbimpl.file.FileMgr read
INFO: Getting type to read: String
Sep 26, 2023 4:20:22 PM edu.yu.dbimpl.file.Page setString
INFO: setString called with offset: 0 and String: Hello, World!220
Sep 26, 2023 4:20:22 PM edu.yu.dbimpl.file.FileMgr append
INFO: append called with filename: testFileModulePerformance221
Sep 26, 2023 4:20:22 PM edu.yu.dbimpl.file.FileMgr append
INFO: Writing to file: src/test/java/edu/yu/dbimpl/testingDirectory/testFileModulePerformance221
Sep 26, 2023 4:20:22 PM edu.yu.dbimpl.file.Page <init>
INFO: Page created with blocksize 50000
Sep 26, 2023 4:20:22 PM edu.yu.dbimpl.file.Page setString
INFO: setString called with offset: 0 and String: Hello, World!221
Sep 26, 2023 4:20:22 PM edu.yu.dbimpl.file.FileMgr write
INFO: write called with BlockIdBase: edu.yu.dbimpl.file.BlockId@315bb2bb and PageBase: edu.yu.dbimpl.file.Page@57e35236
Sep 26, 2023 4:20:22 PM edu.yu.dbimpl.file.FileMgr write
INFO: Getting type to write: String
Sep 26, 2023 4:20:22 PM edu.yu.dbimpl.file.FileMgr write
INFO: Writing to file: src/test/java/edu/yu/dbimpl/testingDirectory/testFileModulePerformance221
Sep 26, 2023 4:20:22 PM edu.yu.dbimpl.file.FileMgr write
INFO: Finished write
Sep 26, 2023 4:20:22 PM edu.yu.dbimpl.file.FileMgr read
INFO: read called with BlockIdBase: edu.yu.dbimpl.file.BlockId@315bb2bb and PageBase: edu.yu.dbimpl.file.Page@57e35236
Sep 26, 2023 4:20:22 PM edu.yu.dbimpl.file.Page getBytes
INFO: getBytes called with offset: 0
Sep 26, 2023 4:20:22 PM edu.yu.dbimpl.file.FileMgr read
INFO: Getting type to read: String
Sep 26, 2023 4:20:22 PM edu.yu.dbimpl.file.Page setString
INFO: setString called with offset: 0 and String: Hello, World!221
Sep 26, 2023 4:20:22 PM edu.yu.dbimpl.file.FileMgr append
INFO: append called with filename: testFileModulePerformance222
Sep 26, 2023 4:20:22 PM edu.yu.dbimpl.file.FileMgr append
INFO: Writing to file: src/test/java/edu/yu/dbimpl/testingDirectory/testFileModulePerformance222
Sep 26, 2023 4:20:22 PM edu.yu.dbimpl.file.Page <init>
INFO: Page created with blocksize 50000
Sep 26, 2023 4:20:22 PM edu.yu.dbimpl.file.Page setString
INFO: setString called with offset: 0 and String: Hello, World!222
Sep 26, 2023 4:20:22 PM edu.yu.dbimpl.file.FileMgr write
INFO: write called with BlockIdBase: edu.yu.dbimpl.file.BlockId@7c9015c6 and PageBase: edu.yu.dbimpl.file.Page@36b2b6e6
Sep 26, 2023 4:20:22 PM edu.yu.dbimpl.file.FileMgr write
INFO: Getting type to write: String
Sep 26, 2023 4:20:22 PM edu.yu.dbimpl.file.FileMgr write
INFO: Writing to file: src/test/java/edu/yu/dbimpl/testingDirectory/testFileModulePerformance222
Sep 26, 2023 4:20:22 PM edu.yu.dbimpl.file.FileMgr write
INFO: Finished write
Sep 26, 2023 4:20:22 PM edu.yu.dbimpl.file.FileMgr read
INFO: read called with BlockIdBase: edu.yu.dbimpl.file.BlockId@7c9015c6 and PageBase: edu.yu.dbimpl.file.Page@36b2b6e6
Sep 26, 2023 4:20:22 PM edu.yu.dbimpl.file.Page getBytes
INFO: getBytes called with offset: 0
Sep 26, 2023 4:20:22 PM edu.yu.dbimpl.file.FileMgr read
INFO: Getting type to read: String
Sep 26, 2023 4:20:22 PM edu.yu.dbimpl.file.Page setString
INFO: setString called with offset: 0 and String: Hello, World!222
Sep 26, 2023 4:20:22 PM edu.yu.dbimpl.file.FileMgr append
INFO: append called with filename: testFileModulePerformance223
Sep 26, 2023 4:20:22 PM edu.yu.dbimpl.file.FileMgr append
INFO: Writing to file: src/test/java/edu/yu/dbimpl/testingDirectory/testFileModulePerformance223
Sep 26, 2023 4:20:22 PM edu.yu.dbimpl.file.Page <init>
INFO: Page created with blocksize 50000
Sep 26, 2023 4:20:22 PM edu.yu.dbimpl.file.Page setString
INFO: setString called with offset: 0 and String: Hello, World!223
Sep 26, 2023 4:20:22 PM edu.yu.dbimpl.file.FileMgr write
INFO: write called with BlockIdBase: edu.yu.dbimpl.file.BlockId@5a9004e1 and PageBase: edu.yu.dbimpl.file.Page@17af9f67
Sep 26, 2023 4:20:22 PM edu.yu.dbimpl.file.FileMgr write
INFO: Getting type to write: String
Sep 26, 2023 4:20:22 PM edu.yu.dbimpl.file.FileMgr write
INFO: Writing to file: src/test/java/edu/yu/dbimpl/testingDirectory/testFileModulePerformance223
Sep 26, 2023 4:20:22 PM edu.yu.dbimpl.file.FileMgr write
INFO: Finished write
Sep 26, 2023 4:20:22 PM edu.yu.dbimpl.file.FileMgr read
INFO: read called with BlockIdBase: edu.yu.dbimpl.file.BlockId@5a9004e1 and PageBase: edu.yu.dbimpl.file.Page@17af9f67
Sep 26, 2023 4:20:22 PM edu.yu.dbimpl.file.Page getBytes
INFO: getBytes called with offset: 0
Sep 26, 2023 4:20:22 PM edu.yu.dbimpl.file.FileMgr read
INFO: Getting type to read: String
Sep 26, 2023 4:20:22 PM edu.yu.dbimpl.file.Page setString
INFO: setString called with offset: 0 and String: Hello, World!223
Sep 26, 2023 4:20:22 PM edu.yu.dbimpl.file.FileMgr append
INFO: append called with filename: testFileModulePerformance224
Sep 26, 2023 4:20:22 PM edu.yu.dbimpl.file.FileMgr append
INFO: Writing to file: src/test/java/edu/yu/dbimpl/testingDirectory/testFileModulePerformance224
Sep 26, 2023 4:20:22 PM edu.yu.dbimpl.file.Page <init>
INFO: Page created with blocksize 50000
Sep 26, 2023 4:20:22 PM edu.yu.dbimpl.file.Page setString
INFO: setString called with offset: 0 and String: Hello, World!224
Sep 26, 2023 4:20:22 PM edu.yu.dbimpl.file.FileMgr write
INFO: write called with BlockIdBase: edu.yu.dbimpl.file.BlockId@6b6d8671 and PageBase: edu.yu.dbimpl.file.Page@484b187c
Sep 26, 2023 4:20:22 PM edu.yu.dbimpl.file.FileMgr write
INFO: Getting type to write: String
Sep 26, 2023 4:20:22 PM edu.yu.dbimpl.file.FileMgr write
INFO: Writing to file: src/test/java/edu/yu/dbimpl/testingDirectory/testFileModulePerformance224
Sep 26, 2023 4:20:22 PM edu.yu.dbimpl.file.FileMgr write
INFO: Finished write
Sep 26, 2023 4:20:22 PM edu.yu.dbimpl.file.FileMgr read
INFO: read called with BlockIdBase: edu.yu.dbimpl.file.BlockId@6b6d8671 and PageBase: edu.yu.dbimpl.file.Page@484b187c
Sep 26, 2023 4:20:22 PM edu.yu.dbimpl.file.Page getBytes
INFO: getBytes called with offset: 0
Sep 26, 2023 4:20:22 PM edu.yu.dbimpl.file.FileMgr read
INFO: Getting type to read: String
Sep 26, 2023 4:20:22 PM edu.yu.dbimpl.file.Page setString
INFO: setString called with offset: 0 and String: Hello, World!224
Sep 26, 2023 4:20:22 PM edu.yu.dbimpl.file.FileMgr append
INFO: append called with filename: testFileModulePerformance225
Sep 26, 2023 4:20:22 PM edu.yu.dbimpl.file.FileMgr append
INFO: Writing to file: src/test/java/edu/yu/dbimpl/testingDirectory/testFileModulePerformance225
Sep 26, 2023 4:20:22 PM edu.yu.dbimpl.file.Page <init>
INFO: Page created with blocksize 50000
Sep 26, 2023 4:20:22 PM edu.yu.dbimpl.file.Page setString
INFO: setString called with offset: 0 and String: Hello, World!225
Sep 26, 2023 4:20:22 PM edu.yu.dbimpl.file.FileMgr write
INFO: write called with BlockIdBase: edu.yu.dbimpl.file.BlockId@1226ba98 and PageBase: edu.yu.dbimpl.file.Page@79194b1c
Sep 26, 2023 4:20:22 PM edu.yu.dbimpl.file.FileMgr write
INFO: Getting type to write: String
Sep 26, 2023 4:20:22 PM edu.yu.dbimpl.file.FileMgr write
INFO: Writing to file: src/test/java/edu/yu/dbimpl/testingDirectory/testFileModulePerformance225
Sep 26, 2023 4:20:22 PM edu.yu.dbimpl.file.FileMgr write
INFO: Finished write
Sep 26, 2023 4:20:22 PM edu.yu.dbimpl.file.FileMgr read
INFO: read called with BlockIdBase: edu.yu.dbimpl.file.BlockId@1226ba98 and PageBase: edu.yu.dbimpl.file.Page@79194b1c
Sep 26, 2023 4:20:22 PM edu.yu.dbimpl.file.Page getBytes
INFO: getBytes called with offset: 0
Sep 26, 2023 4:20:22 PM edu.yu.dbimpl.file.FileMgr read
INFO: Getting type to read: String
Sep 26, 2023 4:20:22 PM edu.yu.dbimpl.file.Page setString
INFO: setString called with offset: 0 and String: Hello, World!225
Sep 26, 2023 4:20:22 PM edu.yu.dbimpl.file.FileMgr append
INFO: append called with filename: testFileModulePerformance226
Sep 26, 2023 4:20:22 PM edu.yu.dbimpl.file.FileMgr append
INFO: Writing to file: src/test/java/edu/yu/dbimpl/testingDirectory/testFileModulePerformance226
Sep 26, 2023 4:20:22 PM edu.yu.dbimpl.file.Page <init>
INFO: Page created with blocksize 50000
Sep 26, 2023 4:20:22 PM edu.yu.dbimpl.file.Page setString
INFO: setString called with offset: 0 and String: Hello, World!226
Sep 26, 2023 4:20:22 PM edu.yu.dbimpl.file.FileMgr write
INFO: write called with BlockIdBase: edu.yu.dbimpl.file.BlockId@7ec01440 and PageBase: edu.yu.dbimpl.file.Page@6ed87b1c
Sep 26, 2023 4:20:22 PM edu.yu.dbimpl.file.FileMgr write
INFO: Getting type to write: String
Sep 26, 2023 4:20:22 PM edu.yu.dbimpl.file.FileMgr write
INFO: Writing to file: src/test/java/edu/yu/dbimpl/testingDirectory/testFileModulePerformance226
Sep 26, 2023 4:20:22 PM edu.yu.dbimpl.file.FileMgr write
INFO: Finished write
Sep 26, 2023 4:20:22 PM edu.yu.dbimpl.file.FileMgr read
INFO: read called with BlockIdBase: edu.yu.dbimpl.file.BlockId@7ec01440 and PageBase: edu.yu.dbimpl.file.Page@6ed87b1c
Sep 26, 2023 4:20:22 PM edu.yu.dbimpl.file.Page getBytes
INFO: getBytes called with offset: 0
Sep 26, 2023 4:20:22 PM edu.yu.dbimpl.file.FileMgr read
INFO: Getting type to read: String
Sep 26, 2023 4:20:22 PM edu.yu.dbimpl.file.Page setString
INFO: setString called with offset: 0 and String: Hello, World!226
Sep 26, 2023 4:20:22 PM edu.yu.dbimpl.file.FileMgr append
INFO: append called with filename: testFileModulePerformance227
Sep 26, 2023 4:20:22 PM edu.yu.dbimpl.file.FileMgr append
INFO: Writing to file: src/test/java/edu/yu/dbimpl/testingDirectory/testFileModulePerformance227
Sep 26, 2023 4:20:22 PM edu.yu.dbimpl.file.Page <init>
INFO: Page created with blocksize 50000
Sep 26, 2023 4:20:22 PM edu.yu.dbimpl.file.Page setString
INFO: setString called with offset: 0 and String: Hello, World!227
Sep 26, 2023 4:20:22 PM edu.yu.dbimpl.file.FileMgr write
INFO: write called with BlockIdBase: edu.yu.dbimpl.file.BlockId@490dfe25 and PageBase: edu.yu.dbimpl.file.Page@7aff1db3
Sep 26, 2023 4:20:22 PM edu.yu.dbimpl.file.FileMgr write
INFO: Getting type to write: String
Sep 26, 2023 4:20:22 PM edu.yu.dbimpl.file.FileMgr write
INFO: Writing to file: src/test/java/edu/yu/dbimpl/testingDirectory/testFileModulePerformance227
Sep 26, 2023 4:20:22 PM edu.yu.dbimpl.file.FileMgr write
INFO: Finished write
Sep 26, 2023 4:20:22 PM edu.yu.dbimpl.file.FileMgr read
INFO: read called with BlockIdBase: edu.yu.dbimpl.file.BlockId@490dfe25 and PageBase: edu.yu.dbimpl.file.Page@7aff1db3
Sep 26, 2023 4:20:22 PM edu.yu.dbimpl.file.Page getBytes
INFO: getBytes called with offset: 0
Sep 26, 2023 4:20:22 PM edu.yu.dbimpl.file.FileMgr read
INFO: Getting type to read: String
Sep 26, 2023 4:20:22 PM edu.yu.dbimpl.file.Page setString
INFO: setString called with offset: 0 and String: Hello, World!227
Sep 26, 2023 4:20:22 PM edu.yu.dbimpl.file.FileMgr append
INFO: append called with filename: testFileModulePerformance228
Sep 26, 2023 4:20:22 PM edu.yu.dbimpl.file.FileMgr append
INFO: Writing to file: src/test/java/edu/yu/dbimpl/testingDirectory/testFileModulePerformance228
Sep 26, 2023 4:20:22 PM edu.yu.dbimpl.file.Page <init>
INFO: Page created with blocksize 50000
Sep 26, 2023 4:20:22 PM edu.yu.dbimpl.file.Page setString
INFO: setString called with offset: 0 and String: Hello, World!228
Sep 26, 2023 4:20:22 PM edu.yu.dbimpl.file.FileMgr write
INFO: write called with BlockIdBase: edu.yu.dbimpl.file.BlockId@46374b8 and PageBase: edu.yu.dbimpl.file.Page@29ceefb3
Sep 26, 2023 4:20:22 PM edu.yu.dbimpl.file.FileMgr write
INFO: Getting type to write: String
Sep 26, 2023 4:20:22 PM edu.yu.dbimpl.file.FileMgr write
INFO: Writing to file: src/test/java/edu/yu/dbimpl/testingDirectory/testFileModulePerformance228
Sep 26, 2023 4:20:22 PM edu.yu.dbimpl.file.FileMgr write
INFO: Finished write
Sep 26, 2023 4:20:22 PM edu.yu.dbimpl.file.FileMgr read
INFO: read called with BlockIdBase: edu.yu.dbimpl.file.BlockId@46374b8 and PageBase: edu.yu.dbimpl.file.Page@29ceefb3
Sep 26, 2023 4:20:22 PM edu.yu.dbimpl.file.Page getBytes
INFO: getBytes called with offset: 0
Sep 26, 2023 4:20:22 PM edu.yu.dbimpl.file.FileMgr read
INFO: Getting type to read: String
Sep 26, 2023 4:20:22 PM edu.yu.dbimpl.file.Page setString
INFO: setString called with offset: 0 and String: Hello, World!228
Sep 26, 2023 4:20:22 PM edu.yu.dbimpl.file.FileMgr append
INFO: append called with filename: testFileModulePerformance229
Sep 26, 2023 4:20:22 PM edu.yu.dbimpl.file.FileMgr append
INFO: Writing to file: src/test/java/edu/yu/dbimpl/testingDirectory/testFileModulePerformance229
Sep 26, 2023 4:20:22 PM edu.yu.dbimpl.file.Page <init>
INFO: Page created with blocksize 50000
Sep 26, 2023 4:20:22 PM edu.yu.dbimpl.file.Page setString
INFO: setString called with offset: 0 and String: Hello, World!229
Sep 26, 2023 4:20:22 PM edu.yu.dbimpl.file.FileMgr write
INFO: write called with BlockIdBase: edu.yu.dbimpl.file.BlockId@f14d079 and PageBase: edu.yu.dbimpl.file.Page@d0456ad
Sep 26, 2023 4:20:22 PM edu.yu.dbimpl.file.FileMgr write
INFO: Getting type to write: String
Sep 26, 2023 4:20:22 PM edu.yu.dbimpl.file.FileMgr write
INFO: Writing to file: src/test/java/edu/yu/dbimpl/testingDirectory/testFileModulePerformance229
Sep 26, 2023 4:20:22 PM edu.yu.dbimpl.file.FileMgr write
INFO: Finished write
Sep 26, 2023 4:20:22 PM edu.yu.dbimpl.file.FileMgr read
INFO: read called with BlockIdBase: edu.yu.dbimpl.file.BlockId@f14d079 and PageBase: edu.yu.dbimpl.file.Page@d0456ad
Sep 26, 2023 4:20:22 PM edu.yu.dbimpl.file.Page getBytes
INFO: getBytes called with offset: 0
Sep 26, 2023 4:20:22 PM edu.yu.dbimpl.file.FileMgr read
INFO: Getting type to read: String
Sep 26, 2023 4:20:22 PM edu.yu.dbimpl.file.Page setString
INFO: setString called with offset: 0 and String: Hello, World!229
Sep 26, 2023 4:20:22 PM edu.yu.dbimpl.file.FileMgr append
INFO: append called with filename: testFileModulePerformance230
Sep 26, 2023 4:20:22 PM edu.yu.dbimpl.file.FileMgr append
INFO: Writing to file: src/test/java/edu/yu/dbimpl/testingDirectory/testFileModulePerformance230
Sep 26, 2023 4:20:22 PM edu.yu.dbimpl.file.Page <init>
INFO: Page created with blocksize 50000
Sep 26, 2023 4:20:22 PM edu.yu.dbimpl.file.Page setString
INFO: setString called with offset: 0 and String: Hello, World!230
Sep 26, 2023 4:20:22 PM edu.yu.dbimpl.file.FileMgr write
INFO: write called with BlockIdBase: edu.yu.dbimpl.file.BlockId@12dd3501 and PageBase: edu.yu.dbimpl.file.Page@4cb0e39e
Sep 26, 2023 4:20:22 PM edu.yu.dbimpl.file.FileMgr write
INFO: Getting type to write: String
Sep 26, 2023 4:20:22 PM edu.yu.dbimpl.file.FileMgr write
INFO: Writing to file: src/test/java/edu/yu/dbimpl/testingDirectory/testFileModulePerformance230
Sep 26, 2023 4:20:22 PM edu.yu.dbimpl.file.FileMgr write
INFO: Finished write
Sep 26, 2023 4:20:22 PM edu.yu.dbimpl.file.FileMgr read
INFO: read called with BlockIdBase: edu.yu.dbimpl.file.BlockId@12dd3501 and PageBase: edu.yu.dbimpl.file.Page@4cb0e39e
Sep 26, 2023 4:20:22 PM edu.yu.dbimpl.file.Page getBytes
INFO: getBytes called with offset: 0
Sep 26, 2023 4:20:22 PM edu.yu.dbimpl.file.FileMgr read
INFO: Getting type to read: String
Sep 26, 2023 4:20:22 PM edu.yu.dbimpl.file.Page setString
INFO: setString called with offset: 0 and String: Hello, World!230
Sep 26, 2023 4:20:22 PM edu.yu.dbimpl.file.FileMgr append
INFO: append called with filename: testFileModulePerformance231
Sep 26, 2023 4:20:22 PM edu.yu.dbimpl.file.FileMgr append
INFO: Writing to file: src/test/java/edu/yu/dbimpl/testingDirectory/testFileModulePerformance231
Sep 26, 2023 4:20:22 PM edu.yu.dbimpl.file.Page <init>
INFO: Page created with blocksize 50000
Sep 26, 2023 4:20:22 PM edu.yu.dbimpl.file.Page setString
INFO: setString called with offset: 0 and String: Hello, World!231
Sep 26, 2023 4:20:22 PM edu.yu.dbimpl.file.FileMgr write
INFO: write called with BlockIdBase: edu.yu.dbimpl.file.BlockId@650e6569 and PageBase: edu.yu.dbimpl.file.Page@4a10e65b
Sep 26, 2023 4:20:22 PM edu.yu.dbimpl.file.FileMgr write
INFO: Getting type to write: String
Sep 26, 2023 4:20:22 PM edu.yu.dbimpl.file.FileMgr write
INFO: Writing to file: src/test/java/edu/yu/dbimpl/testingDirectory/testFileModulePerformance231
Sep 26, 2023 4:20:22 PM edu.yu.dbimpl.file.FileMgr write
INFO: Finished write
Sep 26, 2023 4:20:22 PM edu.yu.dbimpl.file.FileMgr read
INFO: read called with BlockIdBase: edu.yu.dbimpl.file.BlockId@650e6569 and PageBase: edu.yu.dbimpl.file.Page@4a10e65b
Sep 26, 2023 4:20:22 PM edu.yu.dbimpl.file.Page getBytes
INFO: getBytes called with offset: 0
Sep 26, 2023 4:20:22 PM edu.yu.dbimpl.file.FileMgr read
INFO: Getting type to read: String
Sep 26, 2023 4:20:22 PM edu.yu.dbimpl.file.Page setString
INFO: setString called with offset: 0 and String: Hello, World!231
Sep 26, 2023 4:20:22 PM edu.yu.dbimpl.file.FileMgr append
INFO: append called with filename: testFileModulePerformance232
Sep 26, 2023 4:20:22 PM edu.yu.dbimpl.file.FileMgr append
INFO: Writing to file: src/test/java/edu/yu/dbimpl/testingDirectory/testFileModulePerformance232
Sep 26, 2023 4:20:22 PM edu.yu.dbimpl.file.Page <init>
INFO: Page created with blocksize 50000
Sep 26, 2023 4:20:22 PM edu.yu.dbimpl.file.Page setString
INFO: setString called with offset: 0 and String: Hello, World!232
Sep 26, 2023 4:20:22 PM edu.yu.dbimpl.file.FileMgr write
INFO: write called with BlockIdBase: edu.yu.dbimpl.file.BlockId@311eb725 and PageBase: edu.yu.dbimpl.file.Page@7a791e8b
Sep 26, 2023 4:20:22 PM edu.yu.dbimpl.file.FileMgr write
INFO: Getting type to write: String
Sep 26, 2023 4:20:22 PM edu.yu.dbimpl.file.FileMgr write
INFO: Writing to file: src/test/java/edu/yu/dbimpl/testingDirectory/testFileModulePerformance232
Sep 26, 2023 4:20:22 PM edu.yu.dbimpl.file.FileMgr write
INFO: Finished write
Sep 26, 2023 4:20:22 PM edu.yu.dbimpl.file.FileMgr read
INFO: read called with BlockIdBase: edu.yu.dbimpl.file.BlockId@311eb725 and PageBase: edu.yu.dbimpl.file.Page@7a791e8b
Sep 26, 2023 4:20:22 PM edu.yu.dbimpl.file.Page getBytes
INFO: getBytes called with offset: 0
Sep 26, 2023 4:20:22 PM edu.yu.dbimpl.file.FileMgr read
INFO: Getting type to read: String
Sep 26, 2023 4:20:22 PM edu.yu.dbimpl.file.Page setString
INFO: setString called with offset: 0 and String: Hello, World!232
Sep 26, 2023 4:20:22 PM edu.yu.dbimpl.file.FileMgr append
INFO: append called with filename: testFileModulePerformance233
Sep 26, 2023 4:20:22 PM edu.yu.dbimpl.file.FileMgr append
INFO: Writing to file: src/test/java/edu/yu/dbimpl/testingDirectory/testFileModulePerformance233
Sep 26, 2023 4:20:22 PM edu.yu.dbimpl.file.Page <init>
INFO: Page created with blocksize 50000
Sep 26, 2023 4:20:22 PM edu.yu.dbimpl.file.Page setString
INFO: setString called with offset: 0 and String: Hello, World!233
Sep 26, 2023 4:20:22 PM edu.yu.dbimpl.file.FileMgr write
INFO: write called with BlockIdBase: edu.yu.dbimpl.file.BlockId@6c4a1980 and PageBase: edu.yu.dbimpl.file.Page@2125086c
Sep 26, 2023 4:20:22 PM edu.yu.dbimpl.file.FileMgr write
INFO: Getting type to write: String
Sep 26, 2023 4:20:22 PM edu.yu.dbimpl.file.FileMgr write
INFO: Writing to file: src/test/java/edu/yu/dbimpl/testingDirectory/testFileModulePerformance233
Sep 26, 2023 4:20:22 PM edu.yu.dbimpl.file.FileMgr write
INFO: Finished write
Sep 26, 2023 4:20:22 PM edu.yu.dbimpl.file.FileMgr read
INFO: read called with BlockIdBase: edu.yu.dbimpl.file.BlockId@6c4a1980 and PageBase: edu.yu.dbimpl.file.Page@2125086c
Sep 26, 2023 4:20:22 PM edu.yu.dbimpl.file.Page getBytes
INFO: getBytes called with offset: 0
Sep 26, 2023 4:20:22 PM edu.yu.dbimpl.file.FileMgr read
INFO: Getting type to read: String
Sep 26, 2023 4:20:22 PM edu.yu.dbimpl.file.Page setString
INFO: setString called with offset: 0 and String: Hello, World!233
Sep 26, 2023 4:20:22 PM edu.yu.dbimpl.file.FileMgr append
INFO: append called with filename: testFileModulePerformance234
Sep 26, 2023 4:20:22 PM edu.yu.dbimpl.file.FileMgr append
INFO: Writing to file: src/test/java/edu/yu/dbimpl/testingDirectory/testFileModulePerformance234
Sep 26, 2023 4:20:22 PM edu.yu.dbimpl.file.Page <init>
INFO: Page created with blocksize 50000
Sep 26, 2023 4:20:22 PM edu.yu.dbimpl.file.Page setString
INFO: setString called with offset: 0 and String: Hello, World!234
Sep 26, 2023 4:20:22 PM edu.yu.dbimpl.file.FileMgr write
INFO: write called with BlockIdBase: edu.yu.dbimpl.file.BlockId@65c634f2 and PageBase: edu.yu.dbimpl.file.Page@57f9f387
Sep 26, 2023 4:20:22 PM edu.yu.dbimpl.file.FileMgr write
INFO: Getting type to write: String
Sep 26, 2023 4:20:22 PM edu.yu.dbimpl.file.FileMgr write
INFO: Writing to file: src/test/java/edu/yu/dbimpl/testingDirectory/testFileModulePerformance234
Sep 26, 2023 4:20:22 PM edu.yu.dbimpl.file.FileMgr write
INFO: Finished write
Sep 26, 2023 4:20:22 PM edu.yu.dbimpl.file.FileMgr read
INFO: read called with BlockIdBase: edu.yu.dbimpl.file.BlockId@65c634f2 and PageBase: edu.yu.dbimpl.file.Page@57f9f387
Sep 26, 2023 4:20:22 PM edu.yu.dbimpl.file.Page getBytes
INFO: getBytes called with offset: 0
Sep 26, 2023 4:20:22 PM edu.yu.dbimpl.file.FileMgr read
INFO: Getting type to read: String
Sep 26, 2023 4:20:22 PM edu.yu.dbimpl.file.Page setString
INFO: setString called with offset: 0 and String: Hello, World!234
Sep 26, 2023 4:20:22 PM edu.yu.dbimpl.file.FileMgr append
INFO: append called with filename: testFileModulePerformance235
Sep 26, 2023 4:20:22 PM edu.yu.dbimpl.file.FileMgr append
INFO: Writing to file: src/test/java/edu/yu/dbimpl/testingDirectory/testFileModulePerformance235
Sep 26, 2023 4:20:22 PM edu.yu.dbimpl.file.Page <init>
INFO: Page created with blocksize 50000
Sep 26, 2023 4:20:22 PM edu.yu.dbimpl.file.Page setString
INFO: setString called with offset: 0 and String: Hello, World!235
Sep 26, 2023 4:20:22 PM edu.yu.dbimpl.file.FileMgr write
INFO: write called with BlockIdBase: edu.yu.dbimpl.file.BlockId@6b4376e1 and PageBase: edu.yu.dbimpl.file.Page@622c658d
Sep 26, 2023 4:20:22 PM edu.yu.dbimpl.file.FileMgr write
INFO: Getting type to write: String
Sep 26, 2023 4:20:22 PM edu.yu.dbimpl.file.FileMgr write
INFO: Writing to file: src/test/java/edu/yu/dbimpl/testingDirectory/testFileModulePerformance235
Sep 26, 2023 4:20:22 PM edu.yu.dbimpl.file.FileMgr write
INFO: Finished write
Sep 26, 2023 4:20:22 PM edu.yu.dbimpl.file.FileMgr read
INFO: read called with BlockIdBase: edu.yu.dbimpl.file.BlockId@6b4376e1 and PageBase: edu.yu.dbimpl.file.Page@622c658d
Sep 26, 2023 4:20:22 PM edu.yu.dbimpl.file.Page getBytes
INFO: getBytes called with offset: 0
Sep 26, 2023 4:20:22 PM edu.yu.dbimpl.file.FileMgr read
INFO: Getting type to read: String
Sep 26, 2023 4:20:22 PM edu.yu.dbimpl.file.Page setString
INFO: setString called with offset: 0 and String: Hello, World!235
Sep 26, 2023 4:20:22 PM edu.yu.dbimpl.file.FileMgr append
INFO: append called with filename: testFileModulePerformance236
Sep 26, 2023 4:20:22 PM edu.yu.dbimpl.file.FileMgr append
INFO: Writing to file: src/test/java/edu/yu/dbimpl/testingDirectory/testFileModulePerformance236
Sep 26, 2023 4:20:22 PM edu.yu.dbimpl.file.Page <init>
INFO: Page created with blocksize 50000
Sep 26, 2023 4:20:22 PM edu.yu.dbimpl.file.Page setString
INFO: setString called with offset: 0 and String: Hello, World!236
Sep 26, 2023 4:20:22 PM edu.yu.dbimpl.file.FileMgr write
INFO: write called with BlockIdBase: edu.yu.dbimpl.file.BlockId@3619bc9e and PageBase: edu.yu.dbimpl.file.Page@2e640411
Sep 26, 2023 4:20:22 PM edu.yu.dbimpl.file.FileMgr write
INFO: Getting type to write: String
Sep 26, 2023 4:20:22 PM edu.yu.dbimpl.file.FileMgr write
INFO: Writing to file: src/test/java/edu/yu/dbimpl/testingDirectory/testFileModulePerformance236
Sep 26, 2023 4:20:22 PM edu.yu.dbimpl.file.FileMgr write
INFO: Finished write
Sep 26, 2023 4:20:22 PM edu.yu.dbimpl.file.FileMgr read
INFO: read called with BlockIdBase: edu.yu.dbimpl.file.BlockId@3619bc9e and PageBase: edu.yu.dbimpl.file.Page@2e640411
Sep 26, 2023 4:20:22 PM edu.yu.dbimpl.file.Page getBytes
INFO: getBytes called with offset: 0
Sep 26, 2023 4:20:22 PM edu.yu.dbimpl.file.FileMgr read
INFO: Getting type to read: String
Sep 26, 2023 4:20:22 PM edu.yu.dbimpl.file.Page setString
INFO: setString called with offset: 0 and String: Hello, World!236
Sep 26, 2023 4:20:22 PM edu.yu.dbimpl.file.FileMgr append
INFO: append called with filename: testFileModulePerformance237
Sep 26, 2023 4:20:22 PM edu.yu.dbimpl.file.FileMgr append
INFO: Writing to file: src/test/java/edu/yu/dbimpl/testingDirectory/testFileModulePerformance237
Sep 26, 2023 4:20:22 PM edu.yu.dbimpl.file.Page <init>
INFO: Page created with blocksize 50000
Sep 26, 2023 4:20:22 PM edu.yu.dbimpl.file.Page setString
INFO: setString called with offset: 0 and String: Hello, World!237
Sep 26, 2023 4:20:22 PM edu.yu.dbimpl.file.FileMgr write
INFO: write called with BlockIdBase: edu.yu.dbimpl.file.BlockId@5e609b42 and PageBase: edu.yu.dbimpl.file.Page@5fe19d0e
Sep 26, 2023 4:20:22 PM edu.yu.dbimpl.file.FileMgr write
INFO: Getting type to write: String
Sep 26, 2023 4:20:22 PM edu.yu.dbimpl.file.FileMgr write
INFO: Writing to file: src/test/java/edu/yu/dbimpl/testingDirectory/testFileModulePerformance237
Sep 26, 2023 4:20:22 PM edu.yu.dbimpl.file.FileMgr write
INFO: Finished write
Sep 26, 2023 4:20:22 PM edu.yu.dbimpl.file.FileMgr read
INFO: read called with BlockIdBase: edu.yu.dbimpl.file.BlockId@5e609b42 and PageBase: edu.yu.dbimpl.file.Page@5fe19d0e
Sep 26, 2023 4:20:22 PM edu.yu.dbimpl.file.Page getBytes
INFO: getBytes called with offset: 0
Sep 26, 2023 4:20:22 PM edu.yu.dbimpl.file.FileMgr read
INFO: Getting type to read: String
Sep 26, 2023 4:20:22 PM edu.yu.dbimpl.file.Page setString
INFO: setString called with offset: 0 and String: Hello, World!237
Sep 26, 2023 4:20:22 PM edu.yu.dbimpl.file.FileMgr append
INFO: append called with filename: testFileModulePerformance238
Sep 26, 2023 4:20:22 PM edu.yu.dbimpl.file.FileMgr append
INFO: Writing to file: src/test/java/edu/yu/dbimpl/testingDirectory/testFileModulePerformance238
Sep 26, 2023 4:20:22 PM edu.yu.dbimpl.file.Page <init>
INFO: Page created with blocksize 50000
Sep 26, 2023 4:20:22 PM edu.yu.dbimpl.file.Page setString
INFO: setString called with offset: 0 and String: Hello, World!238
Sep 26, 2023 4:20:22 PM edu.yu.dbimpl.file.FileMgr write
INFO: write called with BlockIdBase: edu.yu.dbimpl.file.BlockId@24673720 and PageBase: edu.yu.dbimpl.file.Page@2aadeb31
Sep 26, 2023 4:20:22 PM edu.yu.dbimpl.file.FileMgr write
INFO: Getting type to write: String
Sep 26, 2023 4:20:22 PM edu.yu.dbimpl.file.FileMgr write
INFO: Writing to file: src/test/java/edu/yu/dbimpl/testingDirectory/testFileModulePerformance238
Sep 26, 2023 4:20:22 PM edu.yu.dbimpl.file.FileMgr write
INFO: Finished write
Sep 26, 2023 4:20:22 PM edu.yu.dbimpl.file.FileMgr read
INFO: read called with BlockIdBase: edu.yu.dbimpl.file.BlockId@24673720 and PageBase: edu.yu.dbimpl.file.Page@2aadeb31
Sep 26, 2023 4:20:22 PM edu.yu.dbimpl.file.Page getBytes
INFO: getBytes called with offset: 0
Sep 26, 2023 4:20:22 PM edu.yu.dbimpl.file.FileMgr read
INFO: Getting type to read: String
Sep 26, 2023 4:20:22 PM edu.yu.dbimpl.file.Page setString
INFO: setString called with offset: 0 and String: Hello, World!238
Sep 26, 2023 4:20:22 PM edu.yu.dbimpl.file.FileMgr append
INFO: append called with filename: testFileModulePerformance239
Sep 26, 2023 4:20:22 PM edu.yu.dbimpl.file.FileMgr append
INFO: Writing to file: src/test/java/edu/yu/dbimpl/testingDirectory/testFileModulePerformance239
Sep 26, 2023 4:20:22 PM edu.yu.dbimpl.file.Page <init>
INFO: Page created with blocksize 50000
Sep 26, 2023 4:20:22 PM edu.yu.dbimpl.file.Page setString
INFO: setString called with offset: 0 and String: Hello, World!239
Sep 26, 2023 4:20:22 PM edu.yu.dbimpl.file.FileMgr write
INFO: write called with BlockIdBase: edu.yu.dbimpl.file.BlockId@704ddfad and PageBase: edu.yu.dbimpl.file.Page@23973547
Sep 26, 2023 4:20:22 PM edu.yu.dbimpl.file.FileMgr write
INFO: Getting type to write: String
Sep 26, 2023 4:20:22 PM edu.yu.dbimpl.file.FileMgr write
INFO: Writing to file: src/test/java/edu/yu/dbimpl/testingDirectory/testFileModulePerformance239
Sep 26, 2023 4:20:22 PM edu.yu.dbimpl.file.FileMgr write
INFO: Finished write
Sep 26, 2023 4:20:22 PM edu.yu.dbimpl.file.FileMgr read
INFO: read called with BlockIdBase: edu.yu.dbimpl.file.BlockId@704ddfad and PageBase: edu.yu.dbimpl.file.Page@23973547
Sep 26, 2023 4:20:22 PM edu.yu.dbimpl.file.Page getBytes
INFO: getBytes called with offset: 0
Sep 26, 2023 4:20:22 PM edu.yu.dbimpl.file.FileMgr read
INFO: Getting type to read: String
Sep 26, 2023 4:20:22 PM edu.yu.dbimpl.file.Page setString
INFO: setString called with offset: 0 and String: Hello, World!239
Sep 26, 2023 4:20:22 PM edu.yu.dbimpl.file.FileMgr append
INFO: append called with filename: testFileModulePerformance240
Sep 26, 2023 4:20:22 PM edu.yu.dbimpl.file.FileMgr append
INFO: Writing to file: src/test/java/edu/yu/dbimpl/testingDirectory/testFileModulePerformance240
Sep 26, 2023 4:20:22 PM edu.yu.dbimpl.file.Page <init>
INFO: Page created with blocksize 50000
Sep 26, 2023 4:20:22 PM edu.yu.dbimpl.file.Page setString
INFO: setString called with offset: 0 and String: Hello, World!240
Sep 26, 2023 4:20:22 PM edu.yu.dbimpl.file.FileMgr write
INFO: write called with BlockIdBase: edu.yu.dbimpl.file.BlockId@3ed4c822 and PageBase: edu.yu.dbimpl.file.Page@7b6558aa
Sep 26, 2023 4:20:22 PM edu.yu.dbimpl.file.FileMgr write
INFO: Getting type to write: String
Sep 26, 2023 4:20:22 PM edu.yu.dbimpl.file.FileMgr write
INFO: Writing to file: src/test/java/edu/yu/dbimpl/testingDirectory/testFileModulePerformance240
Sep 26, 2023 4:20:22 PM edu.yu.dbimpl.file.FileMgr write
INFO: Finished write
Sep 26, 2023 4:20:22 PM edu.yu.dbimpl.file.FileMgr read
INFO: read called with BlockIdBase: edu.yu.dbimpl.file.BlockId@3ed4c822 and PageBase: edu.yu.dbimpl.file.Page@7b6558aa
Sep 26, 2023 4:20:22 PM edu.yu.dbimpl.file.Page getBytes
INFO: getBytes called with offset: 0
Sep 26, 2023 4:20:22 PM edu.yu.dbimpl.file.FileMgr read
INFO: Getting type to read: String
Sep 26, 2023 4:20:22 PM edu.yu.dbimpl.file.Page setString
INFO: setString called with offset: 0 and String: Hello, World!240
Sep 26, 2023 4:20:22 PM edu.yu.dbimpl.file.FileMgr append
INFO: append called with filename: testFileModulePerformance241
Sep 26, 2023 4:20:22 PM edu.yu.dbimpl.file.FileMgr append
INFO: Writing to file: src/test/java/edu/yu/dbimpl/testingDirectory/testFileModulePerformance241
Sep 26, 2023 4:20:22 PM edu.yu.dbimpl.file.Page <init>
INFO: Page created with blocksize 50000
Sep 26, 2023 4:20:22 PM edu.yu.dbimpl.file.Page setString
INFO: setString called with offset: 0 and String: Hello, World!241
Sep 26, 2023 4:20:22 PM edu.yu.dbimpl.file.FileMgr write
INFO: write called with BlockIdBase: edu.yu.dbimpl.file.BlockId@65cb50dc and PageBase: edu.yu.dbimpl.file.Page@7fec6c2f
Sep 26, 2023 4:20:22 PM edu.yu.dbimpl.file.FileMgr write
INFO: Getting type to write: String
Sep 26, 2023 4:20:22 PM edu.yu.dbimpl.file.FileMgr write
INFO: Writing to file: src/test/java/edu/yu/dbimpl/testingDirectory/testFileModulePerformance241
Sep 26, 2023 4:20:22 PM edu.yu.dbimpl.file.FileMgr write
INFO: Finished write
Sep 26, 2023 4:20:22 PM edu.yu.dbimpl.file.FileMgr read
INFO: read called with BlockIdBase: edu.yu.dbimpl.file.BlockId@65cb50dc and PageBase: edu.yu.dbimpl.file.Page@7fec6c2f
Sep 26, 2023 4:20:22 PM edu.yu.dbimpl.file.Page getBytes
INFO: getBytes called with offset: 0
Sep 26, 2023 4:20:22 PM edu.yu.dbimpl.file.FileMgr read
INFO: Getting type to read: String
Sep 26, 2023 4:20:22 PM edu.yu.dbimpl.file.Page setString
INFO: setString called with offset: 0 and String: Hello, World!241
Sep 26, 2023 4:20:22 PM edu.yu.dbimpl.file.FileMgr append
INFO: append called with filename: testFileModulePerformance242
Sep 26, 2023 4:20:22 PM edu.yu.dbimpl.file.FileMgr append
INFO: Writing to file: src/test/java/edu/yu/dbimpl/testingDirectory/testFileModulePerformance242
Sep 26, 2023 4:20:22 PM edu.yu.dbimpl.file.Page <init>
INFO: Page created with blocksize 50000
Sep 26, 2023 4:20:22 PM edu.yu.dbimpl.file.Page setString
INFO: setString called with offset: 0 and String: Hello, World!242
Sep 26, 2023 4:20:22 PM edu.yu.dbimpl.file.FileMgr write
INFO: write called with BlockIdBase: edu.yu.dbimpl.file.BlockId@67e12e28 and PageBase: edu.yu.dbimpl.file.Page@36109a76
Sep 26, 2023 4:20:22 PM edu.yu.dbimpl.file.FileMgr write
INFO: Getting type to write: String
Sep 26, 2023 4:20:22 PM edu.yu.dbimpl.file.FileMgr write
INFO: Writing to file: src/test/java/edu/yu/dbimpl/testingDirectory/testFileModulePerformance242
Sep 26, 2023 4:20:22 PM edu.yu.dbimpl.file.FileMgr write
INFO: Finished write
Sep 26, 2023 4:20:22 PM edu.yu.dbimpl.file.FileMgr read
INFO: read called with BlockIdBase: edu.yu.dbimpl.file.BlockId@67e12e28 and PageBase: edu.yu.dbimpl.file.Page@36109a76
Sep 26, 2023 4:20:22 PM edu.yu.dbimpl.file.Page getBytes
INFO: getBytes called with offset: 0
Sep 26, 2023 4:20:22 PM edu.yu.dbimpl.file.FileMgr read
INFO: Getting type to read: String
Sep 26, 2023 4:20:22 PM edu.yu.dbimpl.file.Page setString
INFO: setString called with offset: 0 and String: Hello, World!242
Sep 26, 2023 4:20:22 PM edu.yu.dbimpl.file.FileMgr append
INFO: append called with filename: testFileModulePerformance243
Sep 26, 2023 4:20:22 PM edu.yu.dbimpl.file.FileMgr append
INFO: Writing to file: src/test/java/edu/yu/dbimpl/testingDirectory/testFileModulePerformance243
Sep 26, 2023 4:20:22 PM edu.yu.dbimpl.file.Page <init>
INFO: Page created with blocksize 50000
Sep 26, 2023 4:20:22 PM edu.yu.dbimpl.file.Page setString
INFO: setString called with offset: 0 and String: Hello, World!243
Sep 26, 2023 4:20:22 PM edu.yu.dbimpl.file.FileMgr write
INFO: write called with BlockIdBase: edu.yu.dbimpl.file.BlockId@96271d8 and PageBase: edu.yu.dbimpl.file.Page@15f3f9cf
Sep 26, 2023 4:20:22 PM edu.yu.dbimpl.file.FileMgr write
INFO: Getting type to write: String
Sep 26, 2023 4:20:22 PM edu.yu.dbimpl.file.FileMgr write
INFO: Writing to file: src/test/java/edu/yu/dbimpl/testingDirectory/testFileModulePerformance243
Sep 26, 2023 4:20:22 PM edu.yu.dbimpl.file.FileMgr write
INFO: Finished write
Sep 26, 2023 4:20:22 PM edu.yu.dbimpl.file.FileMgr read
INFO: read called with BlockIdBase: edu.yu.dbimpl.file.BlockId@96271d8 and PageBase: edu.yu.dbimpl.file.Page@15f3f9cf
Sep 26, 2023 4:20:22 PM edu.yu.dbimpl.file.Page getBytes
INFO: getBytes called with offset: 0
Sep 26, 2023 4:20:22 PM edu.yu.dbimpl.file.FileMgr read
INFO: Getting type to read: String
Sep 26, 2023 4:20:22 PM edu.yu.dbimpl.file.Page setString
INFO: setString called with offset: 0 and String: Hello, World!243
Sep 26, 2023 4:20:22 PM edu.yu.dbimpl.file.FileMgr append
INFO: append called with filename: testFileModulePerformance244
Sep 26, 2023 4:20:22 PM edu.yu.dbimpl.file.FileMgr append
INFO: Writing to file: src/test/java/edu/yu/dbimpl/testingDirectory/testFileModulePerformance244
Sep 26, 2023 4:20:22 PM edu.yu.dbimpl.file.Page <init>
INFO: Page created with blocksize 50000
Sep 26, 2023 4:20:22 PM edu.yu.dbimpl.file.Page setString
INFO: setString called with offset: 0 and String: Hello, World!244
Sep 26, 2023 4:20:22 PM edu.yu.dbimpl.file.FileMgr write
INFO: write called with BlockIdBase: edu.yu.dbimpl.file.BlockId@7b8d1537 and PageBase: edu.yu.dbimpl.file.Page@497cf31a
Sep 26, 2023 4:20:22 PM edu.yu.dbimpl.file.FileMgr write
INFO: Getting type to write: String
Sep 26, 2023 4:20:22 PM edu.yu.dbimpl.file.FileMgr write
INFO: Writing to file: src/test/java/edu/yu/dbimpl/testingDirectory/testFileModulePerformance244
Sep 26, 2023 4:20:22 PM edu.yu.dbimpl.file.FileMgr write
INFO: Finished write
Sep 26, 2023 4:20:22 PM edu.yu.dbimpl.file.FileMgr read
INFO: read called with BlockIdBase: edu.yu.dbimpl.file.BlockId@7b8d1537 and PageBase: edu.yu.dbimpl.file.Page@497cf31a
Sep 26, 2023 4:20:22 PM edu.yu.dbimpl.file.Page getBytes
INFO: getBytes called with offset: 0
Sep 26, 2023 4:20:22 PM edu.yu.dbimpl.file.FileMgr read
INFO: Getting type to read: String
Sep 26, 2023 4:20:22 PM edu.yu.dbimpl.file.Page setString
INFO: setString called with offset: 0 and String: Hello, World!244
Sep 26, 2023 4:20:22 PM edu.yu.dbimpl.file.FileMgr append
INFO: append called with filename: testFileModulePerformance245
Sep 26, 2023 4:20:22 PM edu.yu.dbimpl.file.FileMgr append
INFO: Writing to file: src/test/java/edu/yu/dbimpl/testingDirectory/testFileModulePerformance245
Sep 26, 2023 4:20:22 PM edu.yu.dbimpl.file.Page <init>
INFO: Page created with blocksize 50000
Sep 26, 2023 4:20:22 PM edu.yu.dbimpl.file.Page setString
INFO: setString called with offset: 0 and String: Hello, World!245
Sep 26, 2023 4:20:22 PM edu.yu.dbimpl.file.FileMgr write
INFO: write called with BlockIdBase: edu.yu.dbimpl.file.BlockId@530aa75c and PageBase: edu.yu.dbimpl.file.Page@593d0173
Sep 26, 2023 4:20:22 PM edu.yu.dbimpl.file.FileMgr write
INFO: Getting type to write: String
Sep 26, 2023 4:20:22 PM edu.yu.dbimpl.file.FileMgr write
INFO: Writing to file: src/test/java/edu/yu/dbimpl/testingDirectory/testFileModulePerformance245
Sep 26, 2023 4:20:22 PM edu.yu.dbimpl.file.FileMgr write
INFO: Finished write
Sep 26, 2023 4:20:22 PM edu.yu.dbimpl.file.FileMgr read
INFO: read called with BlockIdBase: edu.yu.dbimpl.file.BlockId@530aa75c and PageBase: edu.yu.dbimpl.file.Page@593d0173
Sep 26, 2023 4:20:22 PM edu.yu.dbimpl.file.Page getBytes
INFO: getBytes called with offset: 0
Sep 26, 2023 4:20:22 PM edu.yu.dbimpl.file.FileMgr read
INFO: Getting type to read: String
Sep 26, 2023 4:20:22 PM edu.yu.dbimpl.file.Page setString
INFO: setString called with offset: 0 and String: Hello, World!245
Sep 26, 2023 4:20:22 PM edu.yu.dbimpl.file.FileMgr append
INFO: append called with filename: testFileModulePerformance246
Sep 26, 2023 4:20:22 PM edu.yu.dbimpl.file.FileMgr append
INFO: Writing to file: src/test/java/edu/yu/dbimpl/testingDirectory/testFileModulePerformance246
Sep 26, 2023 4:20:22 PM edu.yu.dbimpl.file.Page <init>
INFO: Page created with blocksize 50000
Sep 26, 2023 4:20:22 PM edu.yu.dbimpl.file.Page setString
INFO: setString called with offset: 0 and String: Hello, World!246
Sep 26, 2023 4:20:22 PM edu.yu.dbimpl.file.FileMgr write
INFO: write called with BlockIdBase: edu.yu.dbimpl.file.BlockId@4a0a93ce and PageBase: edu.yu.dbimpl.file.Page@64404db6
Sep 26, 2023 4:20:22 PM edu.yu.dbimpl.file.FileMgr write
INFO: Getting type to write: String
Sep 26, 2023 4:20:22 PM edu.yu.dbimpl.file.FileMgr write
INFO: Writing to file: src/test/java/edu/yu/dbimpl/testingDirectory/testFileModulePerformance246
Sep 26, 2023 4:20:22 PM edu.yu.dbimpl.file.FileMgr write
INFO: Finished write
Sep 26, 2023 4:20:22 PM edu.yu.dbimpl.file.FileMgr read
INFO: read called with BlockIdBase: edu.yu.dbimpl.file.BlockId@4a0a93ce and PageBase: edu.yu.dbimpl.file.Page@64404db6
Sep 26, 2023 4:20:22 PM edu.yu.dbimpl.file.Page getBytes
INFO: getBytes called with offset: 0
Sep 26, 2023 4:20:22 PM edu.yu.dbimpl.file.FileMgr read
INFO: Getting type to read: String
Sep 26, 2023 4:20:22 PM edu.yu.dbimpl.file.Page setString
INFO: setString called with offset: 0 and String: Hello, World!246
Sep 26, 2023 4:20:22 PM edu.yu.dbimpl.file.FileMgr append
INFO: append called with filename: testFileModulePerformance247
Sep 26, 2023 4:20:22 PM edu.yu.dbimpl.file.FileMgr append
INFO: Writing to file: src/test/java/edu/yu/dbimpl/testingDirectory/testFileModulePerformance247
Sep 26, 2023 4:20:22 PM edu.yu.dbimpl.file.Page <init>
INFO: Page created with blocksize 50000
Sep 26, 2023 4:20:22 PM edu.yu.dbimpl.file.Page setString
INFO: setString called with offset: 0 and String: Hello, World!247
Sep 26, 2023 4:20:22 PM edu.yu.dbimpl.file.FileMgr write
INFO: write called with BlockIdBase: edu.yu.dbimpl.file.BlockId@62f63625 and PageBase: edu.yu.dbimpl.file.Page@53f18591
Sep 26, 2023 4:20:22 PM edu.yu.dbimpl.file.FileMgr write
INFO: Getting type to write: String
Sep 26, 2023 4:20:22 PM edu.yu.dbimpl.file.FileMgr write
INFO: Writing to file: src/test/java/edu/yu/dbimpl/testingDirectory/testFileModulePerformance247
Sep 26, 2023 4:20:22 PM edu.yu.dbimpl.file.FileMgr write
INFO: Finished write
Sep 26, 2023 4:20:22 PM edu.yu.dbimpl.file.FileMgr read
INFO: read called with BlockIdBase: edu.yu.dbimpl.file.BlockId@62f63625 and PageBase: edu.yu.dbimpl.file.Page@53f18591
Sep 26, 2023 4:20:22 PM edu.yu.dbimpl.file.Page getBytes
INFO: getBytes called with offset: 0
Sep 26, 2023 4:20:22 PM edu.yu.dbimpl.file.FileMgr read
INFO: Getting type to read: String
Sep 26, 2023 4:20:22 PM edu.yu.dbimpl.file.Page setString
INFO: setString called with offset: 0 and String: Hello, World!247
Sep 26, 2023 4:20:22 PM edu.yu.dbimpl.file.FileMgr append
INFO: append called with filename: testFileModulePerformance248
Sep 26, 2023 4:20:22 PM edu.yu.dbimpl.file.FileMgr append
INFO: Writing to file: src/test/java/edu/yu/dbimpl/testingDirectory/testFileModulePerformance248
Sep 26, 2023 4:20:22 PM edu.yu.dbimpl.file.Page <init>
INFO: Page created with blocksize 50000
Sep 26, 2023 4:20:22 PM edu.yu.dbimpl.file.Page setString
INFO: setString called with offset: 0 and String: Hello, World!248
Sep 26, 2023 4:20:22 PM edu.yu.dbimpl.file.FileMgr write
INFO: write called with BlockIdBase: edu.yu.dbimpl.file.BlockId@4dfbe8c2 and PageBase: edu.yu.dbimpl.file.Page@2bb03136
Sep 26, 2023 4:20:22 PM edu.yu.dbimpl.file.FileMgr write
INFO: Getting type to write: String
Sep 26, 2023 4:20:22 PM edu.yu.dbimpl.file.FileMgr write
INFO: Writing to file: src/test/java/edu/yu/dbimpl/testingDirectory/testFileModulePerformance248
Sep 26, 2023 4:20:22 PM edu.yu.dbimpl.file.FileMgr write
INFO: Finished write
Sep 26, 2023 4:20:22 PM edu.yu.dbimpl.file.FileMgr read
INFO: read called with BlockIdBase: edu.yu.dbimpl.file.BlockId@4dfbe8c2 and PageBase: edu.yu.dbimpl.file.Page@2bb03136
Sep 26, 2023 4:20:22 PM edu.yu.dbimpl.file.Page getBytes
INFO: getBytes called with offset: 0
Sep 26, 2023 4:20:22 PM edu.yu.dbimpl.file.FileMgr read
INFO: Getting type to read: String
Sep 26, 2023 4:20:22 PM edu.yu.dbimpl.file.Page setString
INFO: setString called with offset: 0 and String: Hello, World!248
Sep 26, 2023 4:20:22 PM edu.yu.dbimpl.file.FileMgr append
INFO: append called with filename: testFileModulePerformance249
Sep 26, 2023 4:20:22 PM edu.yu.dbimpl.file.FileMgr append
INFO: Writing to file: src/test/java/edu/yu/dbimpl/testingDirectory/testFileModulePerformance249
Sep 26, 2023 4:20:22 PM edu.yu.dbimpl.file.Page <init>
INFO: Page created with blocksize 50000
Sep 26, 2023 4:20:22 PM edu.yu.dbimpl.file.Page setString
INFO: setString called with offset: 0 and String: Hello, World!249
Sep 26, 2023 4:20:22 PM edu.yu.dbimpl.file.FileMgr write
INFO: write called with BlockIdBase: edu.yu.dbimpl.file.BlockId@78a46d7b and PageBase: edu.yu.dbimpl.file.Page@2726b2f3
Sep 26, 2023 4:20:22 PM edu.yu.dbimpl.file.FileMgr write
INFO: Getting type to write: String
Sep 26, 2023 4:20:22 PM edu.yu.dbimpl.file.FileMgr write
INFO: Writing to file: src/test/java/edu/yu/dbimpl/testingDirectory/testFileModulePerformance249
Sep 26, 2023 4:20:22 PM edu.yu.dbimpl.file.FileMgr write
INFO: Finished write
Sep 26, 2023 4:20:22 PM edu.yu.dbimpl.file.FileMgr read
INFO: read called with BlockIdBase: edu.yu.dbimpl.file.BlockId@78a46d7b and PageBase: edu.yu.dbimpl.file.Page@2726b2f3
Sep 26, 2023 4:20:22 PM edu.yu.dbimpl.file.Page getBytes
INFO: getBytes called with offset: 0
Sep 26, 2023 4:20:22 PM edu.yu.dbimpl.file.FileMgr read
INFO: Getting type to read: String
Sep 26, 2023 4:20:22 PM edu.yu.dbimpl.file.Page setString
INFO: setString called with offset: 0 and String: Hello, World!249
Sep 26, 2023 4:20:22 PM edu.yu.dbimpl.file.FileMgr append
INFO: append called with filename: testFileModulePerformance250
Sep 26, 2023 4:20:22 PM edu.yu.dbimpl.file.FileMgr append
INFO: Writing to file: src/test/java/edu/yu/dbimpl/testingDirectory/testFileModulePerformance250
Sep 26, 2023 4:20:22 PM edu.yu.dbimpl.file.Page <init>
INFO: Page created with blocksize 50000
Sep 26, 2023 4:20:22 PM edu.yu.dbimpl.file.Page setString
INFO: setString called with offset: 0 and String: Hello, World!250
Sep 26, 2023 4:20:22 PM edu.yu.dbimpl.file.FileMgr write
INFO: write called with BlockIdBase: edu.yu.dbimpl.file.BlockId@3509f32d and PageBase: edu.yu.dbimpl.file.Page@1f9a5d3b
Sep 26, 2023 4:20:22 PM edu.yu.dbimpl.file.FileMgr write
INFO: Getting type to write: String
Sep 26, 2023 4:20:22 PM edu.yu.dbimpl.file.FileMgr write
INFO: Writing to file: src/test/java/edu/yu/dbimpl/testingDirectory/testFileModulePerformance250
Sep 26, 2023 4:20:22 PM edu.yu.dbimpl.file.FileMgr write
INFO: Finished write
Sep 26, 2023 4:20:22 PM edu.yu.dbimpl.file.FileMgr read
INFO: read called with BlockIdBase: edu.yu.dbimpl.file.BlockId@3509f32d and PageBase: edu.yu.dbimpl.file.Page@1f9a5d3b
Sep 26, 2023 4:20:22 PM edu.yu.dbimpl.file.Page getBytes
INFO: getBytes called with offset: 0
Sep 26, 2023 4:20:22 PM edu.yu.dbimpl.file.FileMgr read
INFO: Getting type to read: String
Sep 26, 2023 4:20:22 PM edu.yu.dbimpl.file.Page setString
INFO: setString called with offset: 0 and String: Hello, World!250
Sep 26, 2023 4:20:22 PM edu.yu.dbimpl.file.FileMgr append
INFO: append called with filename: testFileModulePerformance251
Sep 26, 2023 4:20:22 PM edu.yu.dbimpl.file.FileMgr append
INFO: Writing to file: src/test/java/edu/yu/dbimpl/testingDirectory/testFileModulePerformance251
Sep 26, 2023 4:20:22 PM edu.yu.dbimpl.file.Page <init>
INFO: Page created with blocksize 50000
Sep 26, 2023 4:20:22 PM edu.yu.dbimpl.file.Page setString
INFO: setString called with offset: 0 and String: Hello, World!251
Sep 26, 2023 4:20:22 PM edu.yu.dbimpl.file.FileMgr write
INFO: write called with BlockIdBase: edu.yu.dbimpl.file.BlockId@440e2406 and PageBase: edu.yu.dbimpl.file.Page@56adb75e
Sep 26, 2023 4:20:22 PM edu.yu.dbimpl.file.FileMgr write
INFO: Getting type to write: String
Sep 26, 2023 4:20:22 PM edu.yu.dbimpl.file.FileMgr write
INFO: Writing to file: src/test/java/edu/yu/dbimpl/testingDirectory/testFileModulePerformance251
Sep 26, 2023 4:20:22 PM edu.yu.dbimpl.file.FileMgr write
INFO: Finished write
Sep 26, 2023 4:20:22 PM edu.yu.dbimpl.file.FileMgr read
INFO: read called with BlockIdBase: edu.yu.dbimpl.file.BlockId@440e2406 and PageBase: edu.yu.dbimpl.file.Page@56adb75e
Sep 26, 2023 4:20:22 PM edu.yu.dbimpl.file.Page getBytes
INFO: getBytes called with offset: 0
Sep 26, 2023 4:20:22 PM edu.yu.dbimpl.file.FileMgr read
INFO: Getting type to read: String
Sep 26, 2023 4:20:22 PM edu.yu.dbimpl.file.Page setString
INFO: setString called with offset: 0 and String: Hello, World!251
Sep 26, 2023 4:20:22 PM edu.yu.dbimpl.file.FileMgr append
INFO: append called with filename: testFileModulePerformance252
Sep 26, 2023 4:20:22 PM edu.yu.dbimpl.file.FileMgr append
INFO: Writing to file: src/test/java/edu/yu/dbimpl/testingDirectory/testFileModulePerformance252
Sep 26, 2023 4:20:22 PM edu.yu.dbimpl.file.Page <init>
INFO: Page created with blocksize 50000
Sep 26, 2023 4:20:22 PM edu.yu.dbimpl.file.Page setString
INFO: setString called with offset: 0 and String: Hello, World!252
Sep 26, 2023 4:20:22 PM edu.yu.dbimpl.file.FileMgr write
INFO: write called with BlockIdBase: edu.yu.dbimpl.file.BlockId@2cc7b63d and PageBase: edu.yu.dbimpl.file.Page@6179551b
Sep 26, 2023 4:20:22 PM edu.yu.dbimpl.file.FileMgr write
INFO: Getting type to write: String
Sep 26, 2023 4:20:22 PM edu.yu.dbimpl.file.FileMgr write
INFO: Writing to file: src/test/java/edu/yu/dbimpl/testingDirectory/testFileModulePerformance252
Sep 26, 2023 4:20:22 PM edu.yu.dbimpl.file.FileMgr write
INFO: Finished write
Sep 26, 2023 4:20:22 PM edu.yu.dbimpl.file.FileMgr read
INFO: read called with BlockIdBase: edu.yu.dbimpl.file.BlockId@2cc7b63d and PageBase: edu.yu.dbimpl.file.Page@6179551b
Sep 26, 2023 4:20:22 PM edu.yu.dbimpl.file.Page getBytes
INFO: getBytes called with offset: 0
Sep 26, 2023 4:20:22 PM edu.yu.dbimpl.file.FileMgr read
INFO: Getting type to read: String
Sep 26, 2023 4:20:22 PM edu.yu.dbimpl.file.Page setString
INFO: setString called with offset: 0 and String: Hello, World!252
Sep 26, 2023 4:20:22 PM edu.yu.dbimpl.file.FileMgr append
INFO: append called with filename: testFileModulePerformance253
Sep 26, 2023 4:20:22 PM edu.yu.dbimpl.file.FileMgr append
INFO: Writing to file: src/test/java/edu/yu/dbimpl/testingDirectory/testFileModulePerformance253
Sep 26, 2023 4:20:22 PM edu.yu.dbimpl.file.Page <init>
INFO: Page created with blocksize 50000
Sep 26, 2023 4:20:22 PM edu.yu.dbimpl.file.Page setString
INFO: setString called with offset: 0 and String: Hello, World!253
Sep 26, 2023 4:20:22 PM edu.yu.dbimpl.file.FileMgr write
INFO: write called with BlockIdBase: edu.yu.dbimpl.file.BlockId@54626326 and PageBase: edu.yu.dbimpl.file.Page@6f4e39b3
Sep 26, 2023 4:20:22 PM edu.yu.dbimpl.file.FileMgr write
INFO: Getting type to write: String
Sep 26, 2023 4:20:22 PM edu.yu.dbimpl.file.FileMgr write
INFO: Writing to file: src/test/java/edu/yu/dbimpl/testingDirectory/testFileModulePerformance253
Sep 26, 2023 4:20:22 PM edu.yu.dbimpl.file.FileMgr write
INFO: Finished write
Sep 26, 2023 4:20:22 PM edu.yu.dbimpl.file.FileMgr read
INFO: read called with BlockIdBase: edu.yu.dbimpl.file.BlockId@54626326 and PageBase: edu.yu.dbimpl.file.Page@6f4e39b3
Sep 26, 2023 4:20:22 PM edu.yu.dbimpl.file.Page getBytes
INFO: getBytes called with offset: 0
Sep 26, 2023 4:20:22 PM edu.yu.dbimpl.file.FileMgr read
INFO: Getting type to read: String
Sep 26, 2023 4:20:22 PM edu.yu.dbimpl.file.Page setString
INFO: setString called with offset: 0 and String: Hello, World!253
Sep 26, 2023 4:20:22 PM edu.yu.dbimpl.file.FileMgr append
INFO: append called with filename: testFileModulePerformance254
Sep 26, 2023 4:20:22 PM edu.yu.dbimpl.file.FileMgr append
INFO: Writing to file: src/test/java/edu/yu/dbimpl/testingDirectory/testFileModulePerformance254
Sep 26, 2023 4:20:22 PM edu.yu.dbimpl.file.Page <init>
INFO: Page created with blocksize 50000
Sep 26, 2023 4:20:22 PM edu.yu.dbimpl.file.Page setString
INFO: setString called with offset: 0 and String: Hello, World!254
Sep 26, 2023 4:20:22 PM edu.yu.dbimpl.file.FileMgr write
INFO: write called with BlockIdBase: edu.yu.dbimpl.file.BlockId@7ea91c39 and PageBase: edu.yu.dbimpl.file.Page@55d35f7a
Sep 26, 2023 4:20:22 PM edu.yu.dbimpl.file.FileMgr write
INFO: Getting type to write: String
Sep 26, 2023 4:20:22 PM edu.yu.dbimpl.file.FileMgr write
INFO: Writing to file: src/test/java/edu/yu/dbimpl/testingDirectory/testFileModulePerformance254
Sep 26, 2023 4:20:22 PM edu.yu.dbimpl.file.FileMgr write
INFO: Finished write
Sep 26, 2023 4:20:22 PM edu.yu.dbimpl.file.FileMgr read
INFO: read called with BlockIdBase: edu.yu.dbimpl.file.BlockId@7ea91c39 and PageBase: edu.yu.dbimpl.file.Page@55d35f7a
Sep 26, 2023 4:20:22 PM edu.yu.dbimpl.file.Page getBytes
INFO: getBytes called with offset: 0
Sep 26, 2023 4:20:22 PM edu.yu.dbimpl.file.FileMgr read
INFO: Getting type to read: String
Sep 26, 2023 4:20:22 PM edu.yu.dbimpl.file.Page setString
INFO: setString called with offset: 0 and String: Hello, World!254
Sep 26, 2023 4:20:22 PM edu.yu.dbimpl.file.FileMgr append
INFO: append called with filename: testFileModulePerformance255
Sep 26, 2023 4:20:22 PM edu.yu.dbimpl.file.FileMgr append
INFO: Writing to file: src/test/java/edu/yu/dbimpl/testingDirectory/testFileModulePerformance255
Sep 26, 2023 4:20:22 PM edu.yu.dbimpl.file.Page <init>
INFO: Page created with blocksize 50000
Sep 26, 2023 4:20:22 PM edu.yu.dbimpl.file.Page setString
INFO: setString called with offset: 0 and String: Hello, World!255
Sep 26, 2023 4:20:22 PM edu.yu.dbimpl.file.FileMgr write
INFO: write called with BlockIdBase: edu.yu.dbimpl.file.BlockId@12ef7db5 and PageBase: edu.yu.dbimpl.file.Page@c725dfa
Sep 26, 2023 4:20:22 PM edu.yu.dbimpl.file.FileMgr write
INFO: Getting type to write: String
Sep 26, 2023 4:20:22 PM edu.yu.dbimpl.file.FileMgr write
INFO: Writing to file: src/test/java/edu/yu/dbimpl/testingDirectory/testFileModulePerformance255
Sep 26, 2023 4:20:22 PM edu.yu.dbimpl.file.FileMgr write
INFO: Finished write
Sep 26, 2023 4:20:22 PM edu.yu.dbimpl.file.FileMgr read
INFO: read called with BlockIdBase: edu.yu.dbimpl.file.BlockId@12ef7db5 and PageBase: edu.yu.dbimpl.file.Page@c725dfa
Sep 26, 2023 4:20:22 PM edu.yu.dbimpl.file.Page getBytes
INFO: getBytes called with offset: 0
Sep 26, 2023 4:20:22 PM edu.yu.dbimpl.file.FileMgr read
INFO: Getting type to read: String
Sep 26, 2023 4:20:22 PM edu.yu.dbimpl.file.Page setString
INFO: setString called with offset: 0 and String: Hello, World!255
Sep 26, 2023 4:20:22 PM edu.yu.dbimpl.file.FileMgr append
INFO: append called with filename: testFileModulePerformance256
Sep 26, 2023 4:20:22 PM edu.yu.dbimpl.file.FileMgr append
INFO: Writing to file: src/test/java/edu/yu/dbimpl/testingDirectory/testFileModulePerformance256
Sep 26, 2023 4:20:22 PM edu.yu.dbimpl.file.Page <init>
INFO: Page created with blocksize 50000
Sep 26, 2023 4:20:22 PM edu.yu.dbimpl.file.Page setString
INFO: setString called with offset: 0 and String: Hello, World!256
Sep 26, 2023 4:20:22 PM edu.yu.dbimpl.file.FileMgr write
INFO: write called with BlockIdBase: edu.yu.dbimpl.file.BlockId@3a8cc099 and PageBase: edu.yu.dbimpl.file.Page@756b703d
Sep 26, 2023 4:20:22 PM edu.yu.dbimpl.file.FileMgr write
INFO: Getting type to write: String
Sep 26, 2023 4:20:22 PM edu.yu.dbimpl.file.FileMgr write
INFO: Writing to file: src/test/java/edu/yu/dbimpl/testingDirectory/testFileModulePerformance256
Sep 26, 2023 4:20:22 PM edu.yu.dbimpl.file.FileMgr write
INFO: Finished write
Sep 26, 2023 4:20:22 PM edu.yu.dbimpl.file.FileMgr read
INFO: read called with BlockIdBase: edu.yu.dbimpl.file.BlockId@3a8cc099 and PageBase: edu.yu.dbimpl.file.Page@756b703d
Sep 26, 2023 4:20:22 PM edu.yu.dbimpl.file.Page getBytes
INFO: getBytes called with offset: 0
Sep 26, 2023 4:20:22 PM edu.yu.dbimpl.file.FileMgr read
INFO: Getting type to read: String
Sep 26, 2023 4:20:22 PM edu.yu.dbimpl.file.Page setString
INFO: setString called with offset: 0 and String: Hello, World!256
Sep 26, 2023 4:20:22 PM edu.yu.dbimpl.file.FileMgr append
INFO: append called with filename: testFileModulePerformance257
Sep 26, 2023 4:20:22 PM edu.yu.dbimpl.file.FileMgr append
INFO: Writing to file: src/test/java/edu/yu/dbimpl/testingDirectory/testFileModulePerformance257
Sep 26, 2023 4:20:22 PM edu.yu.dbimpl.file.Page <init>
INFO: Page created with blocksize 50000
Sep 26, 2023 4:20:22 PM edu.yu.dbimpl.file.Page setString
INFO: setString called with offset: 0 and String: Hello, World!257
Sep 26, 2023 4:20:22 PM edu.yu.dbimpl.file.FileMgr write
INFO: write called with BlockIdBase: edu.yu.dbimpl.file.BlockId@1c00a9f0 and PageBase: edu.yu.dbimpl.file.Page@203ba07
Sep 26, 2023 4:20:22 PM edu.yu.dbimpl.file.FileMgr write
INFO: Getting type to write: String
Sep 26, 2023 4:20:22 PM edu.yu.dbimpl.file.FileMgr write
INFO: Writing to file: src/test/java/edu/yu/dbimpl/testingDirectory/testFileModulePerformance257
Sep 26, 2023 4:20:22 PM edu.yu.dbimpl.file.FileMgr write
INFO: Finished write
Sep 26, 2023 4:20:22 PM edu.yu.dbimpl.file.FileMgr read
INFO: read called with BlockIdBase: edu.yu.dbimpl.file.BlockId@1c00a9f0 and PageBase: edu.yu.dbimpl.file.Page@203ba07
Sep 26, 2023 4:20:22 PM edu.yu.dbimpl.file.Page getBytes
INFO: getBytes called with offset: 0
Sep 26, 2023 4:20:22 PM edu.yu.dbimpl.file.FileMgr read
INFO: Getting type to read: String
Sep 26, 2023 4:20:22 PM edu.yu.dbimpl.file.Page setString
INFO: setString called with offset: 0 and String: Hello, World!257
Sep 26, 2023 4:20:22 PM edu.yu.dbimpl.file.FileMgr append
INFO: append called with filename: testFileModulePerformance258
Sep 26, 2023 4:20:22 PM edu.yu.dbimpl.file.FileMgr append
INFO: Writing to file: src/test/java/edu/yu/dbimpl/testingDirectory/testFileModulePerformance258
Sep 26, 2023 4:20:22 PM edu.yu.dbimpl.file.Page <init>
INFO: Page created with blocksize 50000
Sep 26, 2023 4:20:22 PM edu.yu.dbimpl.file.Page setString
INFO: setString called with offset: 0 and String: Hello, World!258
Sep 26, 2023 4:20:22 PM edu.yu.dbimpl.file.FileMgr write
INFO: write called with BlockIdBase: edu.yu.dbimpl.file.BlockId@5e572ad6 and PageBase: edu.yu.dbimpl.file.Page@709353b9
Sep 26, 2023 4:20:22 PM edu.yu.dbimpl.file.FileMgr write
INFO: Getting type to write: String
Sep 26, 2023 4:20:22 PM edu.yu.dbimpl.file.FileMgr write
INFO: Writing to file: src/test/java/edu/yu/dbimpl/testingDirectory/testFileModulePerformance258
Sep 26, 2023 4:20:22 PM edu.yu.dbimpl.file.FileMgr write
INFO: Finished write
Sep 26, 2023 4:20:22 PM edu.yu.dbimpl.file.FileMgr read
INFO: read called with BlockIdBase: edu.yu.dbimpl.file.BlockId@5e572ad6 and PageBase: edu.yu.dbimpl.file.Page@709353b9
Sep 26, 2023 4:20:22 PM edu.yu.dbimpl.file.Page getBytes
INFO: getBytes called with offset: 0
Sep 26, 2023 4:20:22 PM edu.yu.dbimpl.file.FileMgr read
INFO: Getting type to read: String
Sep 26, 2023 4:20:22 PM edu.yu.dbimpl.file.Page setString
INFO: setString called with offset: 0 and String: Hello, World!258
Sep 26, 2023 4:20:22 PM edu.yu.dbimpl.file.FileMgr append
INFO: append called with filename: testFileModulePerformance259
Sep 26, 2023 4:20:22 PM edu.yu.dbimpl.file.FileMgr append
INFO: Writing to file: src/test/java/edu/yu/dbimpl/testingDirectory/testFileModulePerformance259
Sep 26, 2023 4:20:22 PM edu.yu.dbimpl.file.Page <init>
INFO: Page created with blocksize 50000
Sep 26, 2023 4:20:22 PM edu.yu.dbimpl.file.Page setString
INFO: setString called with offset: 0 and String: Hello, World!259
Sep 26, 2023 4:20:22 PM edu.yu.dbimpl.file.FileMgr write
INFO: write called with BlockIdBase: edu.yu.dbimpl.file.BlockId@69c53b72 and PageBase: edu.yu.dbimpl.file.Page@768967cf
Sep 26, 2023 4:20:22 PM edu.yu.dbimpl.file.FileMgr write
INFO: Getting type to write: String
Sep 26, 2023 4:20:22 PM edu.yu.dbimpl.file.FileMgr write
INFO: Writing to file: src/test/java/edu/yu/dbimpl/testingDirectory/testFileModulePerformance259
Sep 26, 2023 4:20:22 PM edu.yu.dbimpl.file.FileMgr write
INFO: Finished write
Sep 26, 2023 4:20:22 PM edu.yu.dbimpl.file.FileMgr read
INFO: read called with BlockIdBase: edu.yu.dbimpl.file.BlockId@69c53b72 and PageBase: edu.yu.dbimpl.file.Page@768967cf
Sep 26, 2023 4:20:22 PM edu.yu.dbimpl.file.Page getBytes
INFO: getBytes called with offset: 0
Sep 26, 2023 4:20:22 PM edu.yu.dbimpl.file.FileMgr read
INFO: Getting type to read: String
Sep 26, 2023 4:20:22 PM edu.yu.dbimpl.file.Page setString
INFO: setString called with offset: 0 and String: Hello, World!259
Sep 26, 2023 4:20:22 PM edu.yu.dbimpl.file.FileMgr append
INFO: append called with filename: testFileModulePerformance260
Sep 26, 2023 4:20:22 PM edu.yu.dbimpl.file.FileMgr append
INFO: Writing to file: src/test/java/edu/yu/dbimpl/testingDirectory/testFileModulePerformance260
Sep 26, 2023 4:20:22 PM edu.yu.dbimpl.file.Page <init>
INFO: Page created with blocksize 50000
Sep 26, 2023 4:20:22 PM edu.yu.dbimpl.file.Page setString
INFO: setString called with offset: 0 and String: Hello, World!260
Sep 26, 2023 4:20:22 PM edu.yu.dbimpl.file.FileMgr write
INFO: write called with BlockIdBase: edu.yu.dbimpl.file.BlockId@116fe252 and PageBase: edu.yu.dbimpl.file.Page@7b8b755d
Sep 26, 2023 4:20:22 PM edu.yu.dbimpl.file.FileMgr write
INFO: Getting type to write: String
Sep 26, 2023 4:20:22 PM edu.yu.dbimpl.file.FileMgr write
INFO: Writing to file: src/test/java/edu/yu/dbimpl/testingDirectory/testFileModulePerformance260
Sep 26, 2023 4:20:22 PM edu.yu.dbimpl.file.FileMgr write
INFO: Finished write
Sep 26, 2023 4:20:22 PM edu.yu.dbimpl.file.FileMgr read
INFO: read called with BlockIdBase: edu.yu.dbimpl.file.BlockId@116fe252 and PageBase: edu.yu.dbimpl.file.Page@7b8b755d
Sep 26, 2023 4:20:22 PM edu.yu.dbimpl.file.Page getBytes
INFO: getBytes called with offset: 0
Sep 26, 2023 4:20:22 PM edu.yu.dbimpl.file.FileMgr read
INFO: Getting type to read: String
Sep 26, 2023 4:20:22 PM edu.yu.dbimpl.file.Page setString
INFO: setString called with offset: 0 and String: Hello, World!260
Sep 26, 2023 4:20:22 PM edu.yu.dbimpl.file.FileMgr append
INFO: append called with filename: testFileModulePerformance261
Sep 26, 2023 4:20:22 PM edu.yu.dbimpl.file.FileMgr append
INFO: Writing to file: src/test/java/edu/yu/dbimpl/testingDirectory/testFileModulePerformance261
Sep 26, 2023 4:20:22 PM edu.yu.dbimpl.file.Page <init>
INFO: Page created with blocksize 50000
Sep 26, 2023 4:20:22 PM edu.yu.dbimpl.file.Page setString
INFO: setString called with offset: 0 and String: Hello, World!261
Sep 26, 2023 4:20:22 PM edu.yu.dbimpl.file.FileMgr write
INFO: write called with BlockIdBase: edu.yu.dbimpl.file.BlockId@3bd5dff5 and PageBase: edu.yu.dbimpl.file.Page@6df605f
Sep 26, 2023 4:20:22 PM edu.yu.dbimpl.file.FileMgr write
INFO: Getting type to write: String
Sep 26, 2023 4:20:22 PM edu.yu.dbimpl.file.FileMgr write
INFO: Writing to file: src/test/java/edu/yu/dbimpl/testingDirectory/testFileModulePerformance261
Sep 26, 2023 4:20:22 PM edu.yu.dbimpl.file.FileMgr write
INFO: Finished write
Sep 26, 2023 4:20:22 PM edu.yu.dbimpl.file.FileMgr read
INFO: read called with BlockIdBase: edu.yu.dbimpl.file.BlockId@3bd5dff5 and PageBase: edu.yu.dbimpl.file.Page@6df605f
Sep 26, 2023 4:20:22 PM edu.yu.dbimpl.file.Page getBytes
INFO: getBytes called with offset: 0
Sep 26, 2023 4:20:22 PM edu.yu.dbimpl.file.FileMgr read
INFO: Getting type to read: String
Sep 26, 2023 4:20:22 PM edu.yu.dbimpl.file.Page setString
INFO: setString called with offset: 0 and String: Hello, World!261
Sep 26, 2023 4:20:22 PM edu.yu.dbimpl.file.FileMgr append
INFO: append called with filename: testFileModulePerformance262
Sep 26, 2023 4:20:22 PM edu.yu.dbimpl.file.FileMgr append
INFO: Writing to file: src/test/java/edu/yu/dbimpl/testingDirectory/testFileModulePerformance262
Sep 26, 2023 4:20:22 PM edu.yu.dbimpl.file.Page <init>
INFO: Page created with blocksize 50000
Sep 26, 2023 4:20:22 PM edu.yu.dbimpl.file.Page setString
INFO: setString called with offset: 0 and String: Hello, World!262
Sep 26, 2023 4:20:22 PM edu.yu.dbimpl.file.FileMgr write
INFO: write called with BlockIdBase: edu.yu.dbimpl.file.BlockId@68cc6fa4 and PageBase: edu.yu.dbimpl.file.Page@484dde7d
Sep 26, 2023 4:20:22 PM edu.yu.dbimpl.file.FileMgr write
INFO: Getting type to write: String
Sep 26, 2023 4:20:22 PM edu.yu.dbimpl.file.FileMgr write
INFO: Writing to file: src/test/java/edu/yu/dbimpl/testingDirectory/testFileModulePerformance262
Sep 26, 2023 4:20:22 PM edu.yu.dbimpl.file.FileMgr write
INFO: Finished write
Sep 26, 2023 4:20:22 PM edu.yu.dbimpl.file.FileMgr read
INFO: read called with BlockIdBase: edu.yu.dbimpl.file.BlockId@68cc6fa4 and PageBase: edu.yu.dbimpl.file.Page@484dde7d
Sep 26, 2023 4:20:22 PM edu.yu.dbimpl.file.Page getBytes
INFO: getBytes called with offset: 0
Sep 26, 2023 4:20:22 PM edu.yu.dbimpl.file.FileMgr read
INFO: Getting type to read: String
Sep 26, 2023 4:20:22 PM edu.yu.dbimpl.file.Page setString
INFO: setString called with offset: 0 and String: Hello, World!262
Sep 26, 2023 4:20:22 PM edu.yu.dbimpl.file.FileMgr append
INFO: append called with filename: testFileModulePerformance263
Sep 26, 2023 4:20:22 PM edu.yu.dbimpl.file.FileMgr append
INFO: Writing to file: src/test/java/edu/yu/dbimpl/testingDirectory/testFileModulePerformance263
Sep 26, 2023 4:20:22 PM edu.yu.dbimpl.file.Page <init>
INFO: Page created with blocksize 50000
Sep 26, 2023 4:20:22 PM edu.yu.dbimpl.file.Page setString
INFO: setString called with offset: 0 and String: Hello, World!263
Sep 26, 2023 4:20:22 PM edu.yu.dbimpl.file.FileMgr write
INFO: write called with BlockIdBase: edu.yu.dbimpl.file.BlockId@5d729af6 and PageBase: edu.yu.dbimpl.file.Page@2052c49f
Sep 26, 2023 4:20:22 PM edu.yu.dbimpl.file.FileMgr write
INFO: Getting type to write: String
Sep 26, 2023 4:20:22 PM edu.yu.dbimpl.file.FileMgr write
INFO: Writing to file: src/test/java/edu/yu/dbimpl/testingDirectory/testFileModulePerformance263
Sep 26, 2023 4:20:22 PM edu.yu.dbimpl.file.FileMgr write
INFO: Finished write
Sep 26, 2023 4:20:22 PM edu.yu.dbimpl.file.FileMgr read
INFO: read called with BlockIdBase: edu.yu.dbimpl.file.BlockId@5d729af6 and PageBase: edu.yu.dbimpl.file.Page@2052c49f
Sep 26, 2023 4:20:22 PM edu.yu.dbimpl.file.Page getBytes
INFO: getBytes called with offset: 0
Sep 26, 2023 4:20:22 PM edu.yu.dbimpl.file.FileMgr read
INFO: Getting type to read: String
Sep 26, 2023 4:20:22 PM edu.yu.dbimpl.file.Page setString
INFO: setString called with offset: 0 and String: Hello, World!263
Sep 26, 2023 4:20:22 PM edu.yu.dbimpl.file.FileMgr append
INFO: append called with filename: testFileModulePerformance264
Sep 26, 2023 4:20:22 PM edu.yu.dbimpl.file.FileMgr append
INFO: Writing to file: src/test/java/edu/yu/dbimpl/testingDirectory/testFileModulePerformance264
Sep 26, 2023 4:20:22 PM edu.yu.dbimpl.file.Page <init>
INFO: Page created with blocksize 50000
Sep 26, 2023 4:20:22 PM edu.yu.dbimpl.file.Page setString
INFO: setString called with offset: 0 and String: Hello, World!264
Sep 26, 2023 4:20:22 PM edu.yu.dbimpl.file.FileMgr write
INFO: write called with BlockIdBase: edu.yu.dbimpl.file.BlockId@2be83e7e and PageBase: edu.yu.dbimpl.file.Page@df0b348
Sep 26, 2023 4:20:22 PM edu.yu.dbimpl.file.FileMgr write
INFO: Getting type to write: String
Sep 26, 2023 4:20:22 PM edu.yu.dbimpl.file.FileMgr write
INFO: Writing to file: src/test/java/edu/yu/dbimpl/testingDirectory/testFileModulePerformance264
Sep 26, 2023 4:20:22 PM edu.yu.dbimpl.file.FileMgr write
INFO: Finished write
Sep 26, 2023 4:20:22 PM edu.yu.dbimpl.file.FileMgr read
INFO: read called with BlockIdBase: edu.yu.dbimpl.file.BlockId@2be83e7e and PageBase: edu.yu.dbimpl.file.Page@df0b348
Sep 26, 2023 4:20:22 PM edu.yu.dbimpl.file.Page getBytes
INFO: getBytes called with offset: 0
Sep 26, 2023 4:20:22 PM edu.yu.dbimpl.file.FileMgr read
INFO: Getting type to read: String
Sep 26, 2023 4:20:22 PM edu.yu.dbimpl.file.Page setString
INFO: setString called with offset: 0 and String: Hello, World!264
Sep 26, 2023 4:20:22 PM edu.yu.dbimpl.file.FileMgr append
INFO: append called with filename: testFileModulePerformance265
Sep 26, 2023 4:20:22 PM edu.yu.dbimpl.file.FileMgr append
INFO: Writing to file: src/test/java/edu/yu/dbimpl/testingDirectory/testFileModulePerformance265
Sep 26, 2023 4:20:22 PM edu.yu.dbimpl.file.Page <init>
INFO: Page created with blocksize 50000
Sep 26, 2023 4:20:22 PM edu.yu.dbimpl.file.Page setString
INFO: setString called with offset: 0 and String: Hello, World!265
Sep 26, 2023 4:20:22 PM edu.yu.dbimpl.file.FileMgr write
INFO: write called with BlockIdBase: edu.yu.dbimpl.file.BlockId@441c2d2a and PageBase: edu.yu.dbimpl.file.Page@72dc7f0a
Sep 26, 2023 4:20:22 PM edu.yu.dbimpl.file.FileMgr write
INFO: Getting type to write: String
Sep 26, 2023 4:20:22 PM edu.yu.dbimpl.file.FileMgr write
INFO: Writing to file: src/test/java/edu/yu/dbimpl/testingDirectory/testFileModulePerformance265
Sep 26, 2023 4:20:22 PM edu.yu.dbimpl.file.FileMgr write
INFO: Finished write
Sep 26, 2023 4:20:22 PM edu.yu.dbimpl.file.FileMgr read
INFO: read called with BlockIdBase: edu.yu.dbimpl.file.BlockId@441c2d2a and PageBase: edu.yu.dbimpl.file.Page@72dc7f0a
Sep 26, 2023 4:20:22 PM edu.yu.dbimpl.file.Page getBytes
INFO: getBytes called with offset: 0
Sep 26, 2023 4:20:22 PM edu.yu.dbimpl.file.FileMgr read
INFO: Getting type to read: String
Sep 26, 2023 4:20:22 PM edu.yu.dbimpl.file.Page setString
INFO: setString called with offset: 0 and String: Hello, World!265
Sep 26, 2023 4:20:22 PM edu.yu.dbimpl.file.FileMgr append
INFO: append called with filename: testFileModulePerformance266
Sep 26, 2023 4:20:22 PM edu.yu.dbimpl.file.FileMgr append
INFO: Writing to file: src/test/java/edu/yu/dbimpl/testingDirectory/testFileModulePerformance266
Sep 26, 2023 4:20:22 PM edu.yu.dbimpl.file.Page <init>
INFO: Page created with blocksize 50000
Sep 26, 2023 4:20:22 PM edu.yu.dbimpl.file.Page setString
INFO: setString called with offset: 0 and String: Hello, World!266
Sep 26, 2023 4:20:22 PM edu.yu.dbimpl.file.FileMgr write
INFO: write called with BlockIdBase: edu.yu.dbimpl.file.BlockId@18ada4e1 and PageBase: edu.yu.dbimpl.file.Page@10cf3e4f
Sep 26, 2023 4:20:22 PM edu.yu.dbimpl.file.FileMgr write
INFO: Getting type to write: String
Sep 26, 2023 4:20:22 PM edu.yu.dbimpl.file.FileMgr write
INFO: Writing to file: src/test/java/edu/yu/dbimpl/testingDirectory/testFileModulePerformance266
Sep 26, 2023 4:20:22 PM edu.yu.dbimpl.file.FileMgr write
INFO: Finished write
Sep 26, 2023 4:20:22 PM edu.yu.dbimpl.file.FileMgr read
INFO: read called with BlockIdBase: edu.yu.dbimpl.file.BlockId@18ada4e1 and PageBase: edu.yu.dbimpl.file.Page@10cf3e4f
Sep 26, 2023 4:20:22 PM edu.yu.dbimpl.file.Page getBytes
INFO: getBytes called with offset: 0
Sep 26, 2023 4:20:22 PM edu.yu.dbimpl.file.FileMgr read
INFO: Getting type to read: String
Sep 26, 2023 4:20:22 PM edu.yu.dbimpl.file.Page setString
INFO: setString called with offset: 0 and String: Hello, World!266
Sep 26, 2023 4:20:22 PM edu.yu.dbimpl.file.FileMgr append
INFO: append called with filename: testFileModulePerformance267
Sep 26, 2023 4:20:22 PM edu.yu.dbimpl.file.FileMgr append
INFO: Writing to file: src/test/java/edu/yu/dbimpl/testingDirectory/testFileModulePerformance267
Sep 26, 2023 4:20:22 PM edu.yu.dbimpl.file.Page <init>
INFO: Page created with blocksize 50000
Sep 26, 2023 4:20:22 PM edu.yu.dbimpl.file.Page setString
INFO: setString called with offset: 0 and String: Hello, World!267
Sep 26, 2023 4:20:22 PM edu.yu.dbimpl.file.FileMgr write
INFO: write called with BlockIdBase: edu.yu.dbimpl.file.BlockId@359f3401 and PageBase: edu.yu.dbimpl.file.Page@242a3997
Sep 26, 2023 4:20:22 PM edu.yu.dbimpl.file.FileMgr write
INFO: Getting type to write: String
Sep 26, 2023 4:20:22 PM edu.yu.dbimpl.file.FileMgr write
INFO: Writing to file: src/test/java/edu/yu/dbimpl/testingDirectory/testFileModulePerformance267
Sep 26, 2023 4:20:22 PM edu.yu.dbimpl.file.FileMgr write
INFO: Finished write
Sep 26, 2023 4:20:22 PM edu.yu.dbimpl.file.FileMgr read
INFO: read called with BlockIdBase: edu.yu.dbimpl.file.BlockId@359f3401 and PageBase: edu.yu.dbimpl.file.Page@242a3997
Sep 26, 2023 4:20:22 PM edu.yu.dbimpl.file.Page getBytes
INFO: getBytes called with offset: 0
Sep 26, 2023 4:20:22 PM edu.yu.dbimpl.file.FileMgr read
INFO: Getting type to read: String
Sep 26, 2023 4:20:22 PM edu.yu.dbimpl.file.Page setString
INFO: setString called with offset: 0 and String: Hello, World!267
Sep 26, 2023 4:20:22 PM edu.yu.dbimpl.file.FileMgr append
INFO: append called with filename: testFileModulePerformance268
Sep 26, 2023 4:20:22 PM edu.yu.dbimpl.file.FileMgr append
INFO: Writing to file: src/test/java/edu/yu/dbimpl/testingDirectory/testFileModulePerformance268
Sep 26, 2023 4:20:22 PM edu.yu.dbimpl.file.Page <init>
INFO: Page created with blocksize 50000
Sep 26, 2023 4:20:22 PM edu.yu.dbimpl.file.Page setString
INFO: setString called with offset: 0 and String: Hello, World!268
Sep 26, 2023 4:20:22 PM edu.yu.dbimpl.file.FileMgr write
INFO: write called with BlockIdBase: edu.yu.dbimpl.file.BlockId@51d50b5f and PageBase: edu.yu.dbimpl.file.Page@38816a6c
Sep 26, 2023 4:20:22 PM edu.yu.dbimpl.file.FileMgr write
INFO: Getting type to write: String
Sep 26, 2023 4:20:22 PM edu.yu.dbimpl.file.FileMgr write
INFO: Writing to file: src/test/java/edu/yu/dbimpl/testingDirectory/testFileModulePerformance268
Sep 26, 2023 4:20:22 PM edu.yu.dbimpl.file.FileMgr write
INFO: Finished write
Sep 26, 2023 4:20:22 PM edu.yu.dbimpl.file.FileMgr read
INFO: read called with BlockIdBase: edu.yu.dbimpl.file.BlockId@51d50b5f and PageBase: edu.yu.dbimpl.file.Page@38816a6c
Sep 26, 2023 4:20:22 PM edu.yu.dbimpl.file.Page getBytes
INFO: getBytes called with offset: 0
Sep 26, 2023 4:20:22 PM edu.yu.dbimpl.file.FileMgr read
INFO: Getting type to read: String
Sep 26, 2023 4:20:22 PM edu.yu.dbimpl.file.Page setString
INFO: setString called with offset: 0 and String: Hello, World!268
Sep 26, 2023 4:20:22 PM edu.yu.dbimpl.file.FileMgr append
INFO: append called with filename: testFileModulePerformance269
Sep 26, 2023 4:20:22 PM edu.yu.dbimpl.file.FileMgr append
INFO: Writing to file: src/test/java/edu/yu/dbimpl/testingDirectory/testFileModulePerformance269
Sep 26, 2023 4:20:22 PM edu.yu.dbimpl.file.Page <init>
INFO: Page created with blocksize 50000
Sep 26, 2023 4:20:22 PM edu.yu.dbimpl.file.Page setString
INFO: setString called with offset: 0 and String: Hello, World!269
Sep 26, 2023 4:20:22 PM edu.yu.dbimpl.file.FileMgr write
INFO: write called with BlockIdBase: edu.yu.dbimpl.file.BlockId@74727e41 and PageBase: edu.yu.dbimpl.file.Page@16117d9
Sep 26, 2023 4:20:22 PM edu.yu.dbimpl.file.FileMgr write
INFO: Getting type to write: String
Sep 26, 2023 4:20:22 PM edu.yu.dbimpl.file.FileMgr write
INFO: Writing to file: src/test/java/edu/yu/dbimpl/testingDirectory/testFileModulePerformance269
Sep 26, 2023 4:20:22 PM edu.yu.dbimpl.file.FileMgr write
INFO: Finished write
Sep 26, 2023 4:20:22 PM edu.yu.dbimpl.file.FileMgr read
INFO: read called with BlockIdBase: edu.yu.dbimpl.file.BlockId@74727e41 and PageBase: edu.yu.dbimpl.file.Page@16117d9
Sep 26, 2023 4:20:22 PM edu.yu.dbimpl.file.Page getBytes
INFO: getBytes called with offset: 0
Sep 26, 2023 4:20:22 PM edu.yu.dbimpl.file.FileMgr read
INFO: Getting type to read: String
Sep 26, 2023 4:20:22 PM edu.yu.dbimpl.file.Page setString
INFO: setString called with offset: 0 and String: Hello, World!269
Sep 26, 2023 4:20:22 PM edu.yu.dbimpl.file.FileMgr append
INFO: append called with filename: testFileModulePerformance270
Sep 26, 2023 4:20:22 PM edu.yu.dbimpl.file.FileMgr append
INFO: Writing to file: src/test/java/edu/yu/dbimpl/testingDirectory/testFileModulePerformance270
Sep 26, 2023 4:20:22 PM edu.yu.dbimpl.file.Page <init>
INFO: Page created with blocksize 50000
Sep 26, 2023 4:20:22 PM edu.yu.dbimpl.file.Page setString
INFO: setString called with offset: 0 and String: Hello, World!270
Sep 26, 2023 4:20:22 PM edu.yu.dbimpl.file.FileMgr write
INFO: write called with BlockIdBase: edu.yu.dbimpl.file.BlockId@78977b59 and PageBase: edu.yu.dbimpl.file.Page@4bf6bc2d
Sep 26, 2023 4:20:22 PM edu.yu.dbimpl.file.FileMgr write
INFO: Getting type to write: String
Sep 26, 2023 4:20:22 PM edu.yu.dbimpl.file.FileMgr write
INFO: Writing to file: src/test/java/edu/yu/dbimpl/testingDirectory/testFileModulePerformance270
Sep 26, 2023 4:20:22 PM edu.yu.dbimpl.file.FileMgr write
INFO: Finished write
Sep 26, 2023 4:20:22 PM edu.yu.dbimpl.file.FileMgr read
INFO: read called with BlockIdBase: edu.yu.dbimpl.file.BlockId@78977b59 and PageBase: edu.yu.dbimpl.file.Page@4bf6bc2d
Sep 26, 2023 4:20:22 PM edu.yu.dbimpl.file.Page getBytes
INFO: getBytes called with offset: 0
Sep 26, 2023 4:20:22 PM edu.yu.dbimpl.file.FileMgr read
INFO: Getting type to read: String
Sep 26, 2023 4:20:22 PM edu.yu.dbimpl.file.Page setString
INFO: setString called with offset: 0 and String: Hello, World!270
Sep 26, 2023 4:20:22 PM edu.yu.dbimpl.file.FileMgr append
INFO: append called with filename: testFileModulePerformance271
Sep 26, 2023 4:20:22 PM edu.yu.dbimpl.file.FileMgr append
INFO: Writing to file: src/test/java/edu/yu/dbimpl/testingDirectory/testFileModulePerformance271
Sep 26, 2023 4:20:22 PM edu.yu.dbimpl.file.Page <init>
INFO: Page created with blocksize 50000
Sep 26, 2023 4:20:22 PM edu.yu.dbimpl.file.Page setString
INFO: setString called with offset: 0 and String: Hello, World!271
Sep 26, 2023 4:20:22 PM edu.yu.dbimpl.file.FileMgr write
INFO: write called with BlockIdBase: edu.yu.dbimpl.file.BlockId@2c914364 and PageBase: edu.yu.dbimpl.file.Page@25c756f0
Sep 26, 2023 4:20:22 PM edu.yu.dbimpl.file.FileMgr write
INFO: Getting type to write: String
Sep 26, 2023 4:20:22 PM edu.yu.dbimpl.file.FileMgr write
INFO: Writing to file: src/test/java/edu/yu/dbimpl/testingDirectory/testFileModulePerformance271
Sep 26, 2023 4:20:22 PM edu.yu.dbimpl.file.FileMgr write
INFO: Finished write
Sep 26, 2023 4:20:22 PM edu.yu.dbimpl.file.FileMgr read
INFO: read called with BlockIdBase: edu.yu.dbimpl.file.BlockId@2c914364 and PageBase: edu.yu.dbimpl.file.Page@25c756f0
Sep 26, 2023 4:20:22 PM edu.yu.dbimpl.file.Page getBytes
INFO: getBytes called with offset: 0
Sep 26, 2023 4:20:22 PM edu.yu.dbimpl.file.FileMgr read
INFO: Getting type to read: String
Sep 26, 2023 4:20:22 PM edu.yu.dbimpl.file.Page setString
INFO: setString called with offset: 0 and String: Hello, World!271
Sep 26, 2023 4:20:22 PM edu.yu.dbimpl.file.FileMgr append
INFO: append called with filename: testFileModulePerformance272
Sep 26, 2023 4:20:22 PM edu.yu.dbimpl.file.FileMgr append
INFO: Writing to file: src/test/java/edu/yu/dbimpl/testingDirectory/testFileModulePerformance272
Sep 26, 2023 4:20:22 PM edu.yu.dbimpl.file.Page <init>
INFO: Page created with blocksize 50000
Sep 26, 2023 4:20:22 PM edu.yu.dbimpl.file.Page setString
INFO: setString called with offset: 0 and String: Hello, World!272
Sep 26, 2023 4:20:22 PM edu.yu.dbimpl.file.FileMgr write
INFO: write called with BlockIdBase: edu.yu.dbimpl.file.BlockId@66c9aca2 and PageBase: edu.yu.dbimpl.file.Page@18206382
Sep 26, 2023 4:20:22 PM edu.yu.dbimpl.file.FileMgr write
INFO: Getting type to write: String
Sep 26, 2023 4:20:22 PM edu.yu.dbimpl.file.FileMgr write
INFO: Writing to file: src/test/java/edu/yu/dbimpl/testingDirectory/testFileModulePerformance272
Sep 26, 2023 4:20:22 PM edu.yu.dbimpl.file.FileMgr write
INFO: Finished write
Sep 26, 2023 4:20:22 PM edu.yu.dbimpl.file.FileMgr read
INFO: read called with BlockIdBase: edu.yu.dbimpl.file.BlockId@66c9aca2 and PageBase: edu.yu.dbimpl.file.Page@18206382
Sep 26, 2023 4:20:22 PM edu.yu.dbimpl.file.Page getBytes
INFO: getBytes called with offset: 0
Sep 26, 2023 4:20:22 PM edu.yu.dbimpl.file.FileMgr read
INFO: Getting type to read: String
Sep 26, 2023 4:20:22 PM edu.yu.dbimpl.file.Page setString
INFO: setString called with offset: 0 and String: Hello, World!272
Sep 26, 2023 4:20:22 PM edu.yu.dbimpl.file.FileMgr append
INFO: append called with filename: testFileModulePerformance273
Sep 26, 2023 4:20:22 PM edu.yu.dbimpl.file.FileMgr append
INFO: Writing to file: src/test/java/edu/yu/dbimpl/testingDirectory/testFileModulePerformance273
Sep 26, 2023 4:20:22 PM edu.yu.dbimpl.file.Page <init>
INFO: Page created with blocksize 50000
Sep 26, 2023 4:20:22 PM edu.yu.dbimpl.file.Page setString
INFO: setString called with offset: 0 and String: Hello, World!273
Sep 26, 2023 4:20:22 PM edu.yu.dbimpl.file.FileMgr write
INFO: write called with BlockIdBase: edu.yu.dbimpl.file.BlockId@3e8c9981 and PageBase: edu.yu.dbimpl.file.Page@21e32876
Sep 26, 2023 4:20:22 PM edu.yu.dbimpl.file.FileMgr write
INFO: Getting type to write: String
Sep 26, 2023 4:20:22 PM edu.yu.dbimpl.file.FileMgr write
INFO: Writing to file: src/test/java/edu/yu/dbimpl/testingDirectory/testFileModulePerformance273
Sep 26, 2023 4:20:22 PM edu.yu.dbimpl.file.FileMgr write
INFO: Finished write
Sep 26, 2023 4:20:22 PM edu.yu.dbimpl.file.FileMgr read
INFO: read called with BlockIdBase: edu.yu.dbimpl.file.BlockId@3e8c9981 and PageBase: edu.yu.dbimpl.file.Page@21e32876
Sep 26, 2023 4:20:22 PM edu.yu.dbimpl.file.Page getBytes
INFO: getBytes called with offset: 0
Sep 26, 2023 4:20:22 PM edu.yu.dbimpl.file.FileMgr read
INFO: Getting type to read: String
Sep 26, 2023 4:20:22 PM edu.yu.dbimpl.file.Page setString
INFO: setString called with offset: 0 and String: Hello, World!273
Sep 26, 2023 4:20:22 PM edu.yu.dbimpl.file.FileMgr append
INFO: append called with filename: testFileModulePerformance274
Sep 26, 2023 4:20:22 PM edu.yu.dbimpl.file.FileMgr append
INFO: Writing to file: src/test/java/edu/yu/dbimpl/testingDirectory/testFileModulePerformance274
Sep 26, 2023 4:20:22 PM edu.yu.dbimpl.file.Page <init>
INFO: Page created with blocksize 50000
Sep 26, 2023 4:20:22 PM edu.yu.dbimpl.file.Page setString
INFO: setString called with offset: 0 and String: Hello, World!274
Sep 26, 2023 4:20:22 PM edu.yu.dbimpl.file.FileMgr write
INFO: write called with BlockIdBase: edu.yu.dbimpl.file.BlockId@a642c54 and PageBase: edu.yu.dbimpl.file.Page@11c372e9
Sep 26, 2023 4:20:22 PM edu.yu.dbimpl.file.FileMgr write
INFO: Getting type to write: String
Sep 26, 2023 4:20:22 PM edu.yu.dbimpl.file.FileMgr write
INFO: Writing to file: src/test/java/edu/yu/dbimpl/testingDirectory/testFileModulePerformance274
Sep 26, 2023 4:20:22 PM edu.yu.dbimpl.file.FileMgr write
INFO: Finished write
Sep 26, 2023 4:20:22 PM edu.yu.dbimpl.file.FileMgr read
INFO: read called with BlockIdBase: edu.yu.dbimpl.file.BlockId@a642c54 and PageBase: edu.yu.dbimpl.file.Page@11c372e9
Sep 26, 2023 4:20:22 PM edu.yu.dbimpl.file.Page getBytes
INFO: getBytes called with offset: 0
Sep 26, 2023 4:20:22 PM edu.yu.dbimpl.file.FileMgr read
INFO: Getting type to read: String
Sep 26, 2023 4:20:22 PM edu.yu.dbimpl.file.Page setString
INFO: setString called with offset: 0 and String: Hello, World!274
Sep 26, 2023 4:20:22 PM edu.yu.dbimpl.file.FileMgr append
INFO: append called with filename: testFileModulePerformance275
Sep 26, 2023 4:20:22 PM edu.yu.dbimpl.file.FileMgr append
INFO: Writing to file: src/test/java/edu/yu/dbimpl/testingDirectory/testFileModulePerformance275
Sep 26, 2023 4:20:22 PM edu.yu.dbimpl.file.Page <init>
INFO: Page created with blocksize 50000
Sep 26, 2023 4:20:22 PM edu.yu.dbimpl.file.Page setString
INFO: setString called with offset: 0 and String: Hello, World!275
Sep 26, 2023 4:20:22 PM edu.yu.dbimpl.file.FileMgr write
INFO: write called with BlockIdBase: edu.yu.dbimpl.file.BlockId@4b59a1c1 and PageBase: edu.yu.dbimpl.file.Page@73418044
Sep 26, 2023 4:20:22 PM edu.yu.dbimpl.file.FileMgr write
INFO: Getting type to write: String
Sep 26, 2023 4:20:22 PM edu.yu.dbimpl.file.FileMgr write
INFO: Writing to file: src/test/java/edu/yu/dbimpl/testingDirectory/testFileModulePerformance275
Sep 26, 2023 4:20:22 PM edu.yu.dbimpl.file.FileMgr write
INFO: Finished write
Sep 26, 2023 4:20:22 PM edu.yu.dbimpl.file.FileMgr read
INFO: read called with BlockIdBase: edu.yu.dbimpl.file.BlockId@4b59a1c1 and PageBase: edu.yu.dbimpl.file.Page@73418044
Sep 26, 2023 4:20:22 PM edu.yu.dbimpl.file.Page getBytes
INFO: getBytes called with offset: 0
Sep 26, 2023 4:20:22 PM edu.yu.dbimpl.file.FileMgr read
INFO: Getting type to read: String
Sep 26, 2023 4:20:22 PM edu.yu.dbimpl.file.Page setString
INFO: setString called with offset: 0 and String: Hello, World!275
Sep 26, 2023 4:20:22 PM edu.yu.dbimpl.file.FileMgr append
INFO: append called with filename: testFileModulePerformance276
Sep 26, 2023 4:20:22 PM edu.yu.dbimpl.file.FileMgr append
INFO: Writing to file: src/test/java/edu/yu/dbimpl/testingDirectory/testFileModulePerformance276
Sep 26, 2023 4:20:22 PM edu.yu.dbimpl.file.Page <init>
INFO: Page created with blocksize 50000
Sep 26, 2023 4:20:22 PM edu.yu.dbimpl.file.Page setString
INFO: setString called with offset: 0 and String: Hello, World!276
Sep 26, 2023 4:20:22 PM edu.yu.dbimpl.file.FileMgr write
INFO: write called with BlockIdBase: edu.yu.dbimpl.file.BlockId@58ec04f4 and PageBase: edu.yu.dbimpl.file.Page@52b2713a
Sep 26, 2023 4:20:22 PM edu.yu.dbimpl.file.FileMgr write
INFO: Getting type to write: String
Sep 26, 2023 4:20:22 PM edu.yu.dbimpl.file.FileMgr write
INFO: Writing to file: src/test/java/edu/yu/dbimpl/testingDirectory/testFileModulePerformance276
Sep 26, 2023 4:20:22 PM edu.yu.dbimpl.file.FileMgr write
INFO: Finished write
Sep 26, 2023 4:20:22 PM edu.yu.dbimpl.file.FileMgr read
INFO: read called with BlockIdBase: edu.yu.dbimpl.file.BlockId@58ec04f4 and PageBase: edu.yu.dbimpl.file.Page@52b2713a
Sep 26, 2023 4:20:22 PM edu.yu.dbimpl.file.Page getBytes
INFO: getBytes called with offset: 0
Sep 26, 2023 4:20:22 PM edu.yu.dbimpl.file.FileMgr read
INFO: Getting type to read: String
Sep 26, 2023 4:20:22 PM edu.yu.dbimpl.file.Page setString
INFO: setString called with offset: 0 and String: Hello, World!276
Sep 26, 2023 4:20:22 PM edu.yu.dbimpl.file.FileMgr append
INFO: append called with filename: testFileModulePerformance277
Sep 26, 2023 4:20:22 PM edu.yu.dbimpl.file.FileMgr append
INFO: Writing to file: src/test/java/edu/yu/dbimpl/testingDirectory/testFileModulePerformance277
Sep 26, 2023 4:20:22 PM edu.yu.dbimpl.file.Page <init>
INFO: Page created with blocksize 50000
Sep 26, 2023 4:20:22 PM edu.yu.dbimpl.file.Page setString
INFO: setString called with offset: 0 and String: Hello, World!277
Sep 26, 2023 4:20:22 PM edu.yu.dbimpl.file.FileMgr write
INFO: write called with BlockIdBase: edu.yu.dbimpl.file.BlockId@54e39504 and PageBase: edu.yu.dbimpl.file.Page@2bdf6c7c
Sep 26, 2023 4:20:22 PM edu.yu.dbimpl.file.FileMgr write
INFO: Getting type to write: String
Sep 26, 2023 4:20:22 PM edu.yu.dbimpl.file.FileMgr write
INFO: Writing to file: src/test/java/edu/yu/dbimpl/testingDirectory/testFileModulePerformance277
Sep 26, 2023 4:20:22 PM edu.yu.dbimpl.file.FileMgr write
INFO: Finished write
Sep 26, 2023 4:20:22 PM edu.yu.dbimpl.file.FileMgr read
INFO: read called with BlockIdBase: edu.yu.dbimpl.file.BlockId@54e39504 and PageBase: edu.yu.dbimpl.file.Page@2bdf6c7c
Sep 26, 2023 4:20:22 PM edu.yu.dbimpl.file.Page getBytes
INFO: getBytes called with offset: 0
Sep 26, 2023 4:20:22 PM edu.yu.dbimpl.file.FileMgr read
INFO: Getting type to read: String
Sep 26, 2023 4:20:22 PM edu.yu.dbimpl.file.Page setString
INFO: setString called with offset: 0 and String: Hello, World!277
Sep 26, 2023 4:20:22 PM edu.yu.dbimpl.file.FileMgr append
INFO: append called with filename: testFileModulePerformance278
Sep 26, 2023 4:20:22 PM edu.yu.dbimpl.file.FileMgr append
INFO: Writing to file: src/test/java/edu/yu/dbimpl/testingDirectory/testFileModulePerformance278
Sep 26, 2023 4:20:22 PM edu.yu.dbimpl.file.Page <init>
INFO: Page created with blocksize 50000
Sep 26, 2023 4:20:22 PM edu.yu.dbimpl.file.Page setString
INFO: setString called with offset: 0 and String: Hello, World!278
Sep 26, 2023 4:20:22 PM edu.yu.dbimpl.file.FileMgr write
INFO: write called with BlockIdBase: edu.yu.dbimpl.file.BlockId@13ac1657 and PageBase: edu.yu.dbimpl.file.Page@52d68eb9
Sep 26, 2023 4:20:22 PM edu.yu.dbimpl.file.FileMgr write
INFO: Getting type to write: String
Sep 26, 2023 4:20:22 PM edu.yu.dbimpl.file.FileMgr write
INFO: Writing to file: src/test/java/edu/yu/dbimpl/testingDirectory/testFileModulePerformance278
Sep 26, 2023 4:20:22 PM edu.yu.dbimpl.file.FileMgr write
INFO: Finished write
Sep 26, 2023 4:20:22 PM edu.yu.dbimpl.file.FileMgr read
INFO: read called with BlockIdBase: edu.yu.dbimpl.file.BlockId@13ac1657 and PageBase: edu.yu.dbimpl.file.Page@52d68eb9
Sep 26, 2023 4:20:22 PM edu.yu.dbimpl.file.Page getBytes
INFO: getBytes called with offset: 0
Sep 26, 2023 4:20:22 PM edu.yu.dbimpl.file.FileMgr read
INFO: Getting type to read: String
Sep 26, 2023 4:20:22 PM edu.yu.dbimpl.file.Page setString
INFO: setString called with offset: 0 and String: Hello, World!278
Sep 26, 2023 4:20:22 PM edu.yu.dbimpl.file.FileMgr append
INFO: append called with filename: testFileModulePerformance279
Sep 26, 2023 4:20:22 PM edu.yu.dbimpl.file.FileMgr append
INFO: Writing to file: src/test/java/edu/yu/dbimpl/testingDirectory/testFileModulePerformance279
Sep 26, 2023 4:20:22 PM edu.yu.dbimpl.file.Page <init>
INFO: Page created with blocksize 50000
Sep 26, 2023 4:20:22 PM edu.yu.dbimpl.file.Page setString
INFO: setString called with offset: 0 and String: Hello, World!279
Sep 26, 2023 4:20:22 PM edu.yu.dbimpl.file.FileMgr write
INFO: write called with BlockIdBase: edu.yu.dbimpl.file.BlockId@1a557a52 and PageBase: edu.yu.dbimpl.file.Page@4ab959e8
Sep 26, 2023 4:20:22 PM edu.yu.dbimpl.file.FileMgr write
INFO: Getting type to write: String
Sep 26, 2023 4:20:22 PM edu.yu.dbimpl.file.FileMgr write
INFO: Writing to file: src/test/java/edu/yu/dbimpl/testingDirectory/testFileModulePerformance279
Sep 26, 2023 4:20:22 PM edu.yu.dbimpl.file.FileMgr write
INFO: Finished write
Sep 26, 2023 4:20:22 PM edu.yu.dbimpl.file.FileMgr read
INFO: read called with BlockIdBase: edu.yu.dbimpl.file.BlockId@1a557a52 and PageBase: edu.yu.dbimpl.file.Page@4ab959e8
Sep 26, 2023 4:20:22 PM edu.yu.dbimpl.file.Page getBytes
INFO: getBytes called with offset: 0
Sep 26, 2023 4:20:22 PM edu.yu.dbimpl.file.FileMgr read
INFO: Getting type to read: String
Sep 26, 2023 4:20:22 PM edu.yu.dbimpl.file.Page setString
INFO: setString called with offset: 0 and String: Hello, World!279
Sep 26, 2023 4:20:22 PM edu.yu.dbimpl.file.FileMgr append
INFO: append called with filename: testFileModulePerformance280
Sep 26, 2023 4:20:22 PM edu.yu.dbimpl.file.FileMgr append
INFO: Writing to file: src/test/java/edu/yu/dbimpl/testingDirectory/testFileModulePerformance280
Sep 26, 2023 4:20:22 PM edu.yu.dbimpl.file.Page <init>
INFO: Page created with blocksize 50000
Sep 26, 2023 4:20:22 PM edu.yu.dbimpl.file.Page setString
INFO: setString called with offset: 0 and String: Hello, World!280
Sep 26, 2023 4:20:22 PM edu.yu.dbimpl.file.FileMgr write
INFO: write called with BlockIdBase: edu.yu.dbimpl.file.BlockId@39d4f046 and PageBase: edu.yu.dbimpl.file.Page@5f910283
Sep 26, 2023 4:20:22 PM edu.yu.dbimpl.file.FileMgr write
INFO: Getting type to write: String
Sep 26, 2023 4:20:22 PM edu.yu.dbimpl.file.FileMgr write
INFO: Writing to file: src/test/java/edu/yu/dbimpl/testingDirectory/testFileModulePerformance280
Sep 26, 2023 4:20:22 PM edu.yu.dbimpl.file.FileMgr write
INFO: Finished write
Sep 26, 2023 4:20:22 PM edu.yu.dbimpl.file.FileMgr read
INFO: read called with BlockIdBase: edu.yu.dbimpl.file.BlockId@39d4f046 and PageBase: edu.yu.dbimpl.file.Page@5f910283
Sep 26, 2023 4:20:22 PM edu.yu.dbimpl.file.Page getBytes
INFO: getBytes called with offset: 0
Sep 26, 2023 4:20:22 PM edu.yu.dbimpl.file.FileMgr read
INFO: Getting type to read: String
Sep 26, 2023 4:20:22 PM edu.yu.dbimpl.file.Page setString
INFO: setString called with offset: 0 and String: Hello, World!280
Sep 26, 2023 4:20:22 PM edu.yu.dbimpl.file.FileMgr append
INFO: append called with filename: testFileModulePerformance281
Sep 26, 2023 4:20:22 PM edu.yu.dbimpl.file.FileMgr append
INFO: Writing to file: src/test/java/edu/yu/dbimpl/testingDirectory/testFileModulePerformance281
Sep 26, 2023 4:20:22 PM edu.yu.dbimpl.file.Page <init>
INFO: Page created with blocksize 50000
Sep 26, 2023 4:20:22 PM edu.yu.dbimpl.file.Page setString
INFO: setString called with offset: 0 and String: Hello, World!281
Sep 26, 2023 4:20:22 PM edu.yu.dbimpl.file.FileMgr write
INFO: write called with BlockIdBase: edu.yu.dbimpl.file.BlockId@6e2764c9 and PageBase: edu.yu.dbimpl.file.Page@6e5106fc
Sep 26, 2023 4:20:22 PM edu.yu.dbimpl.file.FileMgr write
INFO: Getting type to write: String
Sep 26, 2023 4:20:22 PM edu.yu.dbimpl.file.FileMgr write
INFO: Writing to file: src/test/java/edu/yu/dbimpl/testingDirectory/testFileModulePerformance281
Sep 26, 2023 4:20:22 PM edu.yu.dbimpl.file.FileMgr write
INFO: Finished write
Sep 26, 2023 4:20:22 PM edu.yu.dbimpl.file.FileMgr read
INFO: read called with BlockIdBase: edu.yu.dbimpl.file.BlockId@6e2764c9 and PageBase: edu.yu.dbimpl.file.Page@6e5106fc
Sep 26, 2023 4:20:22 PM edu.yu.dbimpl.file.Page getBytes
INFO: getBytes called with offset: 0
Sep 26, 2023 4:20:22 PM edu.yu.dbimpl.file.FileMgr read
INFO: Getting type to read: String
Sep 26, 2023 4:20:22 PM edu.yu.dbimpl.file.Page setString
INFO: setString called with offset: 0 and String: Hello, World!281
Sep 26, 2023 4:20:22 PM edu.yu.dbimpl.file.FileMgr append
INFO: append called with filename: testFileModulePerformance282
Sep 26, 2023 4:20:22 PM edu.yu.dbimpl.file.FileMgr append
INFO: Writing to file: src/test/java/edu/yu/dbimpl/testingDirectory/testFileModulePerformance282
Sep 26, 2023 4:20:22 PM edu.yu.dbimpl.file.Page <init>
INFO: Page created with blocksize 50000
Sep 26, 2023 4:20:22 PM edu.yu.dbimpl.file.Page setString
INFO: setString called with offset: 0 and String: Hello, World!282
Sep 26, 2023 4:20:22 PM edu.yu.dbimpl.file.FileMgr write
INFO: write called with BlockIdBase: edu.yu.dbimpl.file.BlockId@70199db0 and PageBase: edu.yu.dbimpl.file.Page@274b0c2a
Sep 26, 2023 4:20:22 PM edu.yu.dbimpl.file.FileMgr write
INFO: Getting type to write: String
Sep 26, 2023 4:20:22 PM edu.yu.dbimpl.file.FileMgr write
INFO: Writing to file: src/test/java/edu/yu/dbimpl/testingDirectory/testFileModulePerformance282
Sep 26, 2023 4:20:22 PM edu.yu.dbimpl.file.FileMgr write
INFO: Finished write
Sep 26, 2023 4:20:22 PM edu.yu.dbimpl.file.FileMgr read
INFO: read called with BlockIdBase: edu.yu.dbimpl.file.BlockId@70199db0 and PageBase: edu.yu.dbimpl.file.Page@274b0c2a
Sep 26, 2023 4:20:22 PM edu.yu.dbimpl.file.Page getBytes
INFO: getBytes called with offset: 0
Sep 26, 2023 4:20:22 PM edu.yu.dbimpl.file.FileMgr read
INFO: Getting type to read: String
Sep 26, 2023 4:20:22 PM edu.yu.dbimpl.file.Page setString
INFO: setString called with offset: 0 and String: Hello, World!282
Sep 26, 2023 4:20:22 PM edu.yu.dbimpl.file.FileMgr append
INFO: append called with filename: testFileModulePerformance283
Sep 26, 2023 4:20:22 PM edu.yu.dbimpl.file.FileMgr append
INFO: Writing to file: src/test/java/edu/yu/dbimpl/testingDirectory/testFileModulePerformance283
Sep 26, 2023 4:20:22 PM edu.yu.dbimpl.file.Page <init>
INFO: Page created with blocksize 50000
Sep 26, 2023 4:20:22 PM edu.yu.dbimpl.file.Page setString
INFO: setString called with offset: 0 and String: Hello, World!283
Sep 26, 2023 4:20:22 PM edu.yu.dbimpl.file.FileMgr write
INFO: write called with BlockIdBase: edu.yu.dbimpl.file.BlockId@721f3526 and PageBase: edu.yu.dbimpl.file.Page@149fab7f
Sep 26, 2023 4:20:22 PM edu.yu.dbimpl.file.FileMgr write
INFO: Getting type to write: String
Sep 26, 2023 4:20:22 PM edu.yu.dbimpl.file.FileMgr write
INFO: Writing to file: src/test/java/edu/yu/dbimpl/testingDirectory/testFileModulePerformance283
Sep 26, 2023 4:20:22 PM edu.yu.dbimpl.file.FileMgr write
INFO: Finished write
Sep 26, 2023 4:20:22 PM edu.yu.dbimpl.file.FileMgr read
INFO: read called with BlockIdBase: edu.yu.dbimpl.file.BlockId@721f3526 and PageBase: edu.yu.dbimpl.file.Page@149fab7f
Sep 26, 2023 4:20:22 PM edu.yu.dbimpl.file.Page getBytes
INFO: getBytes called with offset: 0
Sep 26, 2023 4:20:22 PM edu.yu.dbimpl.file.FileMgr read
INFO: Getting type to read: String
Sep 26, 2023 4:20:22 PM edu.yu.dbimpl.file.Page setString
INFO: setString called with offset: 0 and String: Hello, World!283
Sep 26, 2023 4:20:22 PM edu.yu.dbimpl.file.FileMgr append
INFO: append called with filename: testFileModulePerformance284
Sep 26, 2023 4:20:22 PM edu.yu.dbimpl.file.FileMgr append
INFO: Writing to file: src/test/java/edu/yu/dbimpl/testingDirectory/testFileModulePerformance284
Sep 26, 2023 4:20:22 PM edu.yu.dbimpl.file.Page <init>
INFO: Page created with blocksize 50000
Sep 26, 2023 4:20:22 PM edu.yu.dbimpl.file.Page setString
INFO: setString called with offset: 0 and String: Hello, World!284
Sep 26, 2023 4:20:22 PM edu.yu.dbimpl.file.FileMgr write
INFO: write called with BlockIdBase: edu.yu.dbimpl.file.BlockId@28d74041 and PageBase: edu.yu.dbimpl.file.Page@5702232d
Sep 26, 2023 4:20:22 PM edu.yu.dbimpl.file.FileMgr write
INFO: Getting type to write: String
Sep 26, 2023 4:20:22 PM edu.yu.dbimpl.file.FileMgr write
INFO: Writing to file: src/test/java/edu/yu/dbimpl/testingDirectory/testFileModulePerformance284
Sep 26, 2023 4:20:22 PM edu.yu.dbimpl.file.FileMgr write
INFO: Finished write
Sep 26, 2023 4:20:22 PM edu.yu.dbimpl.file.FileMgr read
INFO: read called with BlockIdBase: edu.yu.dbimpl.file.BlockId@28d74041 and PageBase: edu.yu.dbimpl.file.Page@5702232d
Sep 26, 2023 4:20:22 PM edu.yu.dbimpl.file.Page getBytes
INFO: getBytes called with offset: 0
Sep 26, 2023 4:20:22 PM edu.yu.dbimpl.file.FileMgr read
INFO: Getting type to read: String
Sep 26, 2023 4:20:22 PM edu.yu.dbimpl.file.Page setString
INFO: setString called with offset: 0 and String: Hello, World!284
Sep 26, 2023 4:20:22 PM edu.yu.dbimpl.file.FileMgr append
INFO: append called with filename: testFileModulePerformance285
Sep 26, 2023 4:20:22 PM edu.yu.dbimpl.file.FileMgr append
INFO: Writing to file: src/test/java/edu/yu/dbimpl/testingDirectory/testFileModulePerformance285
Sep 26, 2023 4:20:22 PM edu.yu.dbimpl.file.Page <init>
INFO: Page created with blocksize 50000
Sep 26, 2023 4:20:22 PM edu.yu.dbimpl.file.Page setString
INFO: setString called with offset: 0 and String: Hello, World!285
Sep 26, 2023 4:20:22 PM edu.yu.dbimpl.file.FileMgr write
INFO: write called with BlockIdBase: edu.yu.dbimpl.file.BlockId@5cbf9aee and PageBase: edu.yu.dbimpl.file.Page@35920655
Sep 26, 2023 4:20:22 PM edu.yu.dbimpl.file.FileMgr write
INFO: Getting type to write: String
Sep 26, 2023 4:20:22 PM edu.yu.dbimpl.file.FileMgr write
INFO: Writing to file: src/test/java/edu/yu/dbimpl/testingDirectory/testFileModulePerformance285
Sep 26, 2023 4:20:22 PM edu.yu.dbimpl.file.FileMgr write
INFO: Finished write
Sep 26, 2023 4:20:22 PM edu.yu.dbimpl.file.FileMgr read
INFO: read called with BlockIdBase: edu.yu.dbimpl.file.BlockId@5cbf9aee and PageBase: edu.yu.dbimpl.file.Page@35920655
Sep 26, 2023 4:20:22 PM edu.yu.dbimpl.file.Page getBytes
INFO: getBytes called with offset: 0
Sep 26, 2023 4:20:22 PM edu.yu.dbimpl.file.FileMgr read
INFO: Getting type to read: String
Sep 26, 2023 4:20:22 PM edu.yu.dbimpl.file.Page setString
INFO: setString called with offset: 0 and String: Hello, World!285
Sep 26, 2023 4:20:22 PM edu.yu.dbimpl.file.FileMgr append
INFO: append called with filename: testFileModulePerformance286
Sep 26, 2023 4:20:22 PM edu.yu.dbimpl.file.FileMgr append
INFO: Writing to file: src/test/java/edu/yu/dbimpl/testingDirectory/testFileModulePerformance286
Sep 26, 2023 4:20:22 PM edu.yu.dbimpl.file.Page <init>
INFO: Page created with blocksize 50000
Sep 26, 2023 4:20:22 PM edu.yu.dbimpl.file.Page setString
INFO: setString called with offset: 0 and String: Hello, World!286
Sep 26, 2023 4:20:22 PM edu.yu.dbimpl.file.FileMgr write
INFO: write called with BlockIdBase: edu.yu.dbimpl.file.BlockId@27558dee and PageBase: edu.yu.dbimpl.file.Page@6108c962
Sep 26, 2023 4:20:22 PM edu.yu.dbimpl.file.FileMgr write
INFO: Getting type to write: String
Sep 26, 2023 4:20:22 PM edu.yu.dbimpl.file.FileMgr write
INFO: Writing to file: src/test/java/edu/yu/dbimpl/testingDirectory/testFileModulePerformance286
Sep 26, 2023 4:20:22 PM edu.yu.dbimpl.file.FileMgr write
INFO: Finished write
Sep 26, 2023 4:20:22 PM edu.yu.dbimpl.file.FileMgr read
INFO: read called with BlockIdBase: edu.yu.dbimpl.file.BlockId@27558dee and PageBase: edu.yu.dbimpl.file.Page@6108c962
Sep 26, 2023 4:20:22 PM edu.yu.dbimpl.file.Page getBytes
INFO: getBytes called with offset: 0
Sep 26, 2023 4:20:22 PM edu.yu.dbimpl.file.FileMgr read
INFO: Getting type to read: String
Sep 26, 2023 4:20:22 PM edu.yu.dbimpl.file.Page setString
INFO: setString called with offset: 0 and String: Hello, World!286
Sep 26, 2023 4:20:22 PM edu.yu.dbimpl.file.FileMgr append
INFO: append called with filename: testFileModulePerformance287
Sep 26, 2023 4:20:22 PM edu.yu.dbimpl.file.FileMgr append
INFO: Writing to file: src/test/java/edu/yu/dbimpl/testingDirectory/testFileModulePerformance287
Sep 26, 2023 4:20:22 PM edu.yu.dbimpl.file.Page <init>
INFO: Page created with blocksize 50000
Sep 26, 2023 4:20:22 PM edu.yu.dbimpl.file.Page setString
INFO: setString called with offset: 0 and String: Hello, World!287
Sep 26, 2023 4:20:22 PM edu.yu.dbimpl.file.FileMgr write
INFO: write called with BlockIdBase: edu.yu.dbimpl.file.BlockId@41c05747 and PageBase: edu.yu.dbimpl.file.Page@64455184
Sep 26, 2023 4:20:22 PM edu.yu.dbimpl.file.FileMgr write
INFO: Getting type to write: String
Sep 26, 2023 4:20:22 PM edu.yu.dbimpl.file.FileMgr write
INFO: Writing to file: src/test/java/edu/yu/dbimpl/testingDirectory/testFileModulePerformance287
Sep 26, 2023 4:20:22 PM edu.yu.dbimpl.file.FileMgr write
INFO: Finished write
Sep 26, 2023 4:20:22 PM edu.yu.dbimpl.file.FileMgr read
INFO: read called with BlockIdBase: edu.yu.dbimpl.file.BlockId@41c05747 and PageBase: edu.yu.dbimpl.file.Page@64455184
Sep 26, 2023 4:20:22 PM edu.yu.dbimpl.file.Page getBytes
INFO: getBytes called with offset: 0
Sep 26, 2023 4:20:22 PM edu.yu.dbimpl.file.FileMgr read
INFO: Getting type to read: String
Sep 26, 2023 4:20:22 PM edu.yu.dbimpl.file.Page setString
INFO: setString called with offset: 0 and String: Hello, World!287
Sep 26, 2023 4:20:22 PM edu.yu.dbimpl.file.FileMgr append
INFO: append called with filename: testFileModulePerformance288
Sep 26, 2023 4:20:22 PM edu.yu.dbimpl.file.FileMgr append
INFO: Writing to file: src/test/java/edu/yu/dbimpl/testingDirectory/testFileModulePerformance288
Sep 26, 2023 4:20:22 PM edu.yu.dbimpl.file.Page <init>
INFO: Page created with blocksize 50000
Sep 26, 2023 4:20:22 PM edu.yu.dbimpl.file.Page setString
INFO: setString called with offset: 0 and String: Hello, World!288
Sep 26, 2023 4:20:22 PM edu.yu.dbimpl.file.FileMgr write
INFO: write called with BlockIdBase: edu.yu.dbimpl.file.BlockId@6f749a1f and PageBase: edu.yu.dbimpl.file.Page@48900d4a
Sep 26, 2023 4:20:22 PM edu.yu.dbimpl.file.FileMgr write
INFO: Getting type to write: String
Sep 26, 2023 4:20:22 PM edu.yu.dbimpl.file.FileMgr write
INFO: Writing to file: src/test/java/edu/yu/dbimpl/testingDirectory/testFileModulePerformance288
Sep 26, 2023 4:20:22 PM edu.yu.dbimpl.file.FileMgr write
INFO: Finished write
Sep 26, 2023 4:20:22 PM edu.yu.dbimpl.file.FileMgr read
INFO: read called with BlockIdBase: edu.yu.dbimpl.file.BlockId@6f749a1f and PageBase: edu.yu.dbimpl.file.Page@48900d4a
Sep 26, 2023 4:20:22 PM edu.yu.dbimpl.file.Page getBytes
INFO: getBytes called with offset: 0
Sep 26, 2023 4:20:22 PM edu.yu.dbimpl.file.FileMgr read
INFO: Getting type to read: String
Sep 26, 2023 4:20:22 PM edu.yu.dbimpl.file.Page setString
INFO: setString called with offset: 0 and String: Hello, World!288
Sep 26, 2023 4:20:22 PM edu.yu.dbimpl.file.FileMgr append
INFO: append called with filename: testFileModulePerformance289
Sep 26, 2023 4:20:22 PM edu.yu.dbimpl.file.FileMgr append
INFO: Writing to file: src/test/java/edu/yu/dbimpl/testingDirectory/testFileModulePerformance289
Sep 26, 2023 4:20:22 PM edu.yu.dbimpl.file.Page <init>
INFO: Page created with blocksize 50000
Sep 26, 2023 4:20:22 PM edu.yu.dbimpl.file.Page setString
INFO: setString called with offset: 0 and String: Hello, World!289
Sep 26, 2023 4:20:22 PM edu.yu.dbimpl.file.FileMgr write
INFO: write called with BlockIdBase: edu.yu.dbimpl.file.BlockId@ba90170 and PageBase: edu.yu.dbimpl.file.Page@452ea8f0
Sep 26, 2023 4:20:22 PM edu.yu.dbimpl.file.FileMgr write
INFO: Getting type to write: String
Sep 26, 2023 4:20:22 PM edu.yu.dbimpl.file.FileMgr write
INFO: Writing to file: src/test/java/edu/yu/dbimpl/testingDirectory/testFileModulePerformance289
Sep 26, 2023 4:20:22 PM edu.yu.dbimpl.file.FileMgr write
INFO: Finished write
Sep 26, 2023 4:20:22 PM edu.yu.dbimpl.file.FileMgr read
INFO: read called with BlockIdBase: edu.yu.dbimpl.file.BlockId@ba90170 and PageBase: edu.yu.dbimpl.file.Page@452ea8f0
Sep 26, 2023 4:20:22 PM edu.yu.dbimpl.file.Page getBytes
INFO: getBytes called with offset: 0
Sep 26, 2023 4:20:22 PM edu.yu.dbimpl.file.FileMgr read
INFO: Getting type to read: String
Sep 26, 2023 4:20:22 PM edu.yu.dbimpl.file.Page setString
INFO: setString called with offset: 0 and String: Hello, World!289
Sep 26, 2023 4:20:22 PM edu.yu.dbimpl.file.FileMgr append
INFO: append called with filename: testFileModulePerformance290
Sep 26, 2023 4:20:22 PM edu.yu.dbimpl.file.FileMgr append
INFO: Writing to file: src/test/java/edu/yu/dbimpl/testingDirectory/testFileModulePerformance290
Sep 26, 2023 4:20:22 PM edu.yu.dbimpl.file.Page <init>
INFO: Page created with blocksize 50000
Sep 26, 2023 4:20:22 PM edu.yu.dbimpl.file.Page setString
INFO: setString called with offset: 0 and String: Hello, World!290
Sep 26, 2023 4:20:22 PM edu.yu.dbimpl.file.FileMgr write
INFO: write called with BlockIdBase: edu.yu.dbimpl.file.BlockId@e417628 and PageBase: edu.yu.dbimpl.file.Page@46f3d0f7
Sep 26, 2023 4:20:22 PM edu.yu.dbimpl.file.FileMgr write
INFO: Getting type to write: String
Sep 26, 2023 4:20:22 PM edu.yu.dbimpl.file.FileMgr write
INFO: Writing to file: src/test/java/edu/yu/dbimpl/testingDirectory/testFileModulePerformance290
Sep 26, 2023 4:20:22 PM edu.yu.dbimpl.file.FileMgr write
INFO: Finished write
Sep 26, 2023 4:20:22 PM edu.yu.dbimpl.file.FileMgr read
INFO: read called with BlockIdBase: edu.yu.dbimpl.file.BlockId@e417628 and PageBase: edu.yu.dbimpl.file.Page@46f3d0f7
Sep 26, 2023 4:20:22 PM edu.yu.dbimpl.file.Page getBytes
INFO: getBytes called with offset: 0
Sep 26, 2023 4:20:22 PM edu.yu.dbimpl.file.FileMgr read
INFO: Getting type to read: String
Sep 26, 2023 4:20:22 PM edu.yu.dbimpl.file.Page setString
INFO: setString called with offset: 0 and String: Hello, World!290
Sep 26, 2023 4:20:22 PM edu.yu.dbimpl.file.FileMgr append
INFO: append called with filename: testFileModulePerformance291
Sep 26, 2023 4:20:22 PM edu.yu.dbimpl.file.FileMgr append
INFO: Writing to file: src/test/java/edu/yu/dbimpl/testingDirectory/testFileModulePerformance291
Sep 26, 2023 4:20:22 PM edu.yu.dbimpl.file.Page <init>
INFO: Page created with blocksize 50000
Sep 26, 2023 4:20:22 PM edu.yu.dbimpl.file.Page setString
INFO: setString called with offset: 0 and String: Hello, World!291
Sep 26, 2023 4:20:22 PM edu.yu.dbimpl.file.FileMgr write
INFO: write called with BlockIdBase: edu.yu.dbimpl.file.BlockId@592fbd8 and PageBase: edu.yu.dbimpl.file.Page@354baab2
Sep 26, 2023 4:20:22 PM edu.yu.dbimpl.file.FileMgr write
INFO: Getting type to write: String
Sep 26, 2023 4:20:22 PM edu.yu.dbimpl.file.FileMgr write
INFO: Writing to file: src/test/java/edu/yu/dbimpl/testingDirectory/testFileModulePerformance291
Sep 26, 2023 4:20:22 PM edu.yu.dbimpl.file.FileMgr write
INFO: Finished write
Sep 26, 2023 4:20:22 PM edu.yu.dbimpl.file.FileMgr read
INFO: read called with BlockIdBase: edu.yu.dbimpl.file.BlockId@592fbd8 and PageBase: edu.yu.dbimpl.file.Page@354baab2
Sep 26, 2023 4:20:22 PM edu.yu.dbimpl.file.Page getBytes
INFO: getBytes called with offset: 0
Sep 26, 2023 4:20:22 PM edu.yu.dbimpl.file.FileMgr read
INFO: Getting type to read: String
Sep 26, 2023 4:20:22 PM edu.yu.dbimpl.file.Page setString
INFO: setString called with offset: 0 and String: Hello, World!291
Sep 26, 2023 4:20:22 PM edu.yu.dbimpl.file.FileMgr append
INFO: append called with filename: testFileModulePerformance292
Sep 26, 2023 4:20:22 PM edu.yu.dbimpl.file.FileMgr append
INFO: Writing to file: src/test/java/edu/yu/dbimpl/testingDirectory/testFileModulePerformance292
Sep 26, 2023 4:20:22 PM edu.yu.dbimpl.file.Page <init>
INFO: Page created with blocksize 50000
Sep 26, 2023 4:20:22 PM edu.yu.dbimpl.file.Page setString
INFO: setString called with offset: 0 and String: Hello, World!292
Sep 26, 2023 4:20:22 PM edu.yu.dbimpl.file.FileMgr write
INFO: write called with BlockIdBase: edu.yu.dbimpl.file.BlockId@30be6a05 and PageBase: edu.yu.dbimpl.file.Page@6812708d
Sep 26, 2023 4:20:22 PM edu.yu.dbimpl.file.FileMgr write
INFO: Getting type to write: String
Sep 26, 2023 4:20:22 PM edu.yu.dbimpl.file.FileMgr write
INFO: Writing to file: src/test/java/edu/yu/dbimpl/testingDirectory/testFileModulePerformance292
Sep 26, 2023 4:20:22 PM edu.yu.dbimpl.file.FileMgr write
INFO: Finished write
Sep 26, 2023 4:20:22 PM edu.yu.dbimpl.file.FileMgr read
INFO: read called with BlockIdBase: edu.yu.dbimpl.file.BlockId@30be6a05 and PageBase: edu.yu.dbimpl.file.Page@6812708d
Sep 26, 2023 4:20:22 PM edu.yu.dbimpl.file.Page getBytes
INFO: getBytes called with offset: 0
Sep 26, 2023 4:20:22 PM edu.yu.dbimpl.file.FileMgr read
INFO: Getting type to read: String
Sep 26, 2023 4:20:22 PM edu.yu.dbimpl.file.Page setString
INFO: setString called with offset: 0 and String: Hello, World!292
Sep 26, 2023 4:20:22 PM edu.yu.dbimpl.file.FileMgr append
INFO: append called with filename: testFileModulePerformance293
Sep 26, 2023 4:20:22 PM edu.yu.dbimpl.file.FileMgr append
INFO: Writing to file: src/test/java/edu/yu/dbimpl/testingDirectory/testFileModulePerformance293
Sep 26, 2023 4:20:22 PM edu.yu.dbimpl.file.Page <init>
INFO: Page created with blocksize 50000
Sep 26, 2023 4:20:22 PM edu.yu.dbimpl.file.Page setString
INFO: setString called with offset: 0 and String: Hello, World!293
Sep 26, 2023 4:20:22 PM edu.yu.dbimpl.file.FileMgr write
INFO: write called with BlockIdBase: edu.yu.dbimpl.file.BlockId@7a4c1a6c and PageBase: edu.yu.dbimpl.file.Page@123a21ad
Sep 26, 2023 4:20:22 PM edu.yu.dbimpl.file.FileMgr write
INFO: Getting type to write: String
Sep 26, 2023 4:20:22 PM edu.yu.dbimpl.file.FileMgr write
INFO: Writing to file: src/test/java/edu/yu/dbimpl/testingDirectory/testFileModulePerformance293
Sep 26, 2023 4:20:22 PM edu.yu.dbimpl.file.FileMgr write
INFO: Finished write
Sep 26, 2023 4:20:22 PM edu.yu.dbimpl.file.FileMgr read
INFO: read called with BlockIdBase: edu.yu.dbimpl.file.BlockId@7a4c1a6c and PageBase: edu.yu.dbimpl.file.Page@123a21ad
Sep 26, 2023 4:20:22 PM edu.yu.dbimpl.file.Page getBytes
INFO: getBytes called with offset: 0
Sep 26, 2023 4:20:22 PM edu.yu.dbimpl.file.FileMgr read
INFO: Getting type to read: String
Sep 26, 2023 4:20:22 PM edu.yu.dbimpl.file.Page setString
INFO: setString called with offset: 0 and String: Hello, World!293
Sep 26, 2023 4:20:22 PM edu.yu.dbimpl.file.FileMgr append
INFO: append called with filename: testFileModulePerformance294
Sep 26, 2023 4:20:22 PM edu.yu.dbimpl.file.FileMgr append
INFO: Writing to file: src/test/java/edu/yu/dbimpl/testingDirectory/testFileModulePerformance294
Sep 26, 2023 4:20:22 PM edu.yu.dbimpl.file.Page <init>
INFO: Page created with blocksize 50000
Sep 26, 2023 4:20:22 PM edu.yu.dbimpl.file.Page setString
INFO: setString called with offset: 0 and String: Hello, World!294
Sep 26, 2023 4:20:22 PM edu.yu.dbimpl.file.FileMgr write
INFO: write called with BlockIdBase: edu.yu.dbimpl.file.BlockId@51179fad and PageBase: edu.yu.dbimpl.file.Page@2afa1b1a
Sep 26, 2023 4:20:22 PM edu.yu.dbimpl.file.FileMgr write
INFO: Getting type to write: String
Sep 26, 2023 4:20:22 PM edu.yu.dbimpl.file.FileMgr write
INFO: Writing to file: src/test/java/edu/yu/dbimpl/testingDirectory/testFileModulePerformance294
Sep 26, 2023 4:20:22 PM edu.yu.dbimpl.file.FileMgr write
INFO: Finished write
Sep 26, 2023 4:20:22 PM edu.yu.dbimpl.file.FileMgr read
INFO: read called with BlockIdBase: edu.yu.dbimpl.file.BlockId@51179fad and PageBase: edu.yu.dbimpl.file.Page@2afa1b1a
Sep 26, 2023 4:20:22 PM edu.yu.dbimpl.file.Page getBytes
INFO: getBytes called with offset: 0
Sep 26, 2023 4:20:22 PM edu.yu.dbimpl.file.FileMgr read
INFO: Getting type to read: String
Sep 26, 2023 4:20:22 PM edu.yu.dbimpl.file.Page setString
INFO: setString called with offset: 0 and String: Hello, World!294
Sep 26, 2023 4:20:22 PM edu.yu.dbimpl.file.FileMgr append
INFO: append called with filename: testFileModulePerformance295
Sep 26, 2023 4:20:22 PM edu.yu.dbimpl.file.FileMgr append
INFO: Writing to file: src/test/java/edu/yu/dbimpl/testingDirectory/testFileModulePerformance295
Sep 26, 2023 4:20:22 PM edu.yu.dbimpl.file.Page <init>
INFO: Page created with blocksize 50000
Sep 26, 2023 4:20:22 PM edu.yu.dbimpl.file.Page setString
INFO: setString called with offset: 0 and String: Hello, World!295
Sep 26, 2023 4:20:22 PM edu.yu.dbimpl.file.FileMgr write
INFO: write called with BlockIdBase: edu.yu.dbimpl.file.BlockId@30fffb53 and PageBase: edu.yu.dbimpl.file.Page@738b93a8
Sep 26, 2023 4:20:22 PM edu.yu.dbimpl.file.FileMgr write
INFO: Getting type to write: String
Sep 26, 2023 4:20:22 PM edu.yu.dbimpl.file.FileMgr write
INFO: Writing to file: src/test/java/edu/yu/dbimpl/testingDirectory/testFileModulePerformance295
Sep 26, 2023 4:20:22 PM edu.yu.dbimpl.file.FileMgr write
INFO: Finished write
Sep 26, 2023 4:20:22 PM edu.yu.dbimpl.file.FileMgr read
INFO: read called with BlockIdBase: edu.yu.dbimpl.file.BlockId@30fffb53 and PageBase: edu.yu.dbimpl.file.Page@738b93a8
Sep 26, 2023 4:20:22 PM edu.yu.dbimpl.file.Page getBytes
INFO: getBytes called with offset: 0
Sep 26, 2023 4:20:22 PM edu.yu.dbimpl.file.FileMgr read
INFO: Getting type to read: String
Sep 26, 2023 4:20:22 PM edu.yu.dbimpl.file.Page setString
INFO: setString called with offset: 0 and String: Hello, World!295
Sep 26, 2023 4:20:22 PM edu.yu.dbimpl.file.FileMgr append
INFO: append called with filename: testFileModulePerformance296
Sep 26, 2023 4:20:22 PM edu.yu.dbimpl.file.FileMgr append
INFO: Writing to file: src/test/java/edu/yu/dbimpl/testingDirectory/testFileModulePerformance296
Sep 26, 2023 4:20:22 PM edu.yu.dbimpl.file.Page <init>
INFO: Page created with blocksize 50000
Sep 26, 2023 4:20:22 PM edu.yu.dbimpl.file.Page setString
INFO: setString called with offset: 0 and String: Hello, World!296
Sep 26, 2023 4:20:22 PM edu.yu.dbimpl.file.FileMgr write
INFO: write called with BlockIdBase: edu.yu.dbimpl.file.BlockId@1e8c9083 and PageBase: edu.yu.dbimpl.file.Page@64547a83
Sep 26, 2023 4:20:22 PM edu.yu.dbimpl.file.FileMgr write
INFO: Getting type to write: String
Sep 26, 2023 4:20:22 PM edu.yu.dbimpl.file.FileMgr write
INFO: Writing to file: src/test/java/edu/yu/dbimpl/testingDirectory/testFileModulePerformance296
Sep 26, 2023 4:20:22 PM edu.yu.dbimpl.file.FileMgr write
INFO: Finished write
Sep 26, 2023 4:20:22 PM edu.yu.dbimpl.file.FileMgr read
INFO: read called with BlockIdBase: edu.yu.dbimpl.file.BlockId@1e8c9083 and PageBase: edu.yu.dbimpl.file.Page@64547a83
Sep 26, 2023 4:20:22 PM edu.yu.dbimpl.file.Page getBytes
INFO: getBytes called with offset: 0
Sep 26, 2023 4:20:22 PM edu.yu.dbimpl.file.FileMgr read
INFO: Getting type to read: String
Sep 26, 2023 4:20:22 PM edu.yu.dbimpl.file.Page setString
INFO: setString called with offset: 0 and String: Hello, World!296
Sep 26, 2023 4:20:22 PM edu.yu.dbimpl.file.FileMgr append
INFO: append called with filename: testFileModulePerformance297
Sep 26, 2023 4:20:22 PM edu.yu.dbimpl.file.FileMgr append
INFO: Writing to file: src/test/java/edu/yu/dbimpl/testingDirectory/testFileModulePerformance297
Sep 26, 2023 4:20:22 PM edu.yu.dbimpl.file.Page <init>
INFO: Page created with blocksize 50000
Sep 26, 2023 4:20:22 PM edu.yu.dbimpl.file.Page setString
INFO: setString called with offset: 0 and String: Hello, World!297
Sep 26, 2023 4:20:22 PM edu.yu.dbimpl.file.FileMgr write
INFO: write called with BlockIdBase: edu.yu.dbimpl.file.BlockId@2b3e2039 and PageBase: edu.yu.dbimpl.file.Page@487f025
Sep 26, 2023 4:20:22 PM edu.yu.dbimpl.file.FileMgr write
INFO: Getting type to write: String
Sep 26, 2023 4:20:22 PM edu.yu.dbimpl.file.FileMgr write
INFO: Writing to file: src/test/java/edu/yu/dbimpl/testingDirectory/testFileModulePerformance297
Sep 26, 2023 4:20:22 PM edu.yu.dbimpl.file.FileMgr write
INFO: Finished write
Sep 26, 2023 4:20:22 PM edu.yu.dbimpl.file.FileMgr read
INFO: read called with BlockIdBase: edu.yu.dbimpl.file.BlockId@2b3e2039 and PageBase: edu.yu.dbimpl.file.Page@487f025
Sep 26, 2023 4:20:22 PM edu.yu.dbimpl.file.Page getBytes
INFO: getBytes called with offset: 0
Sep 26, 2023 4:20:22 PM edu.yu.dbimpl.file.FileMgr read
INFO: Getting type to read: String
Sep 26, 2023 4:20:22 PM edu.yu.dbimpl.file.Page setString
INFO: setString called with offset: 0 and String: Hello, World!297
Sep 26, 2023 4:20:22 PM edu.yu.dbimpl.file.FileMgr append
INFO: append called with filename: testFileModulePerformance298
Sep 26, 2023 4:20:22 PM edu.yu.dbimpl.file.FileMgr append
INFO: Writing to file: src/test/java/edu/yu/dbimpl/testingDirectory/testFileModulePerformance298
Sep 26, 2023 4:20:22 PM edu.yu.dbimpl.file.Page <init>
INFO: Page created with blocksize 50000
Sep 26, 2023 4:20:22 PM edu.yu.dbimpl.file.Page setString
INFO: setString called with offset: 0 and String: Hello, World!298
Sep 26, 2023 4:20:22 PM edu.yu.dbimpl.file.FileMgr write
INFO: write called with BlockIdBase: edu.yu.dbimpl.file.BlockId@7ef570be and PageBase: edu.yu.dbimpl.file.Page@39329d81
Sep 26, 2023 4:20:22 PM edu.yu.dbimpl.file.FileMgr write
INFO: Getting type to write: String
Sep 26, 2023 4:20:22 PM edu.yu.dbimpl.file.FileMgr write
INFO: Writing to file: src/test/java/edu/yu/dbimpl/testingDirectory/testFileModulePerformance298
Sep 26, 2023 4:20:22 PM edu.yu.dbimpl.file.FileMgr write
INFO: Finished write
Sep 26, 2023 4:20:22 PM edu.yu.dbimpl.file.FileMgr read
INFO: read called with BlockIdBase: edu.yu.dbimpl.file.BlockId@7ef570be and PageBase: edu.yu.dbimpl.file.Page@39329d81
Sep 26, 2023 4:20:22 PM edu.yu.dbimpl.file.Page getBytes
INFO: getBytes called with offset: 0
Sep 26, 2023 4:20:22 PM edu.yu.dbimpl.file.FileMgr read
INFO: Getting type to read: String
Sep 26, 2023 4:20:22 PM edu.yu.dbimpl.file.Page setString
INFO: setString called with offset: 0 and String: Hello, World!298
Sep 26, 2023 4:20:22 PM edu.yu.dbimpl.file.FileMgr append
INFO: append called with filename: testFileModulePerformance299
Sep 26, 2023 4:20:22 PM edu.yu.dbimpl.file.FileMgr append
INFO: Writing to file: src/test/java/edu/yu/dbimpl/testingDirectory/testFileModulePerformance299
Sep 26, 2023 4:20:22 PM edu.yu.dbimpl.file.Page <init>
INFO: Page created with blocksize 50000
Sep 26, 2023 4:20:22 PM edu.yu.dbimpl.file.Page setString
INFO: setString called with offset: 0 and String: Hello, World!299
Sep 26, 2023 4:20:22 PM edu.yu.dbimpl.file.FileMgr write
INFO: write called with BlockIdBase: edu.yu.dbimpl.file.BlockId@63574d76 and PageBase: edu.yu.dbimpl.file.Page@586a9fe1
Sep 26, 2023 4:20:22 PM edu.yu.dbimpl.file.FileMgr write
INFO: Getting type to write: String
Sep 26, 2023 4:20:22 PM edu.yu.dbimpl.file.FileMgr write
INFO: Writing to file: src/test/java/edu/yu/dbimpl/testingDirectory/testFileModulePerformance299
Sep 26, 2023 4:20:22 PM edu.yu.dbimpl.file.FileMgr write
INFO: Finished write
Sep 26, 2023 4:20:22 PM edu.yu.dbimpl.file.FileMgr read
INFO: read called with BlockIdBase: edu.yu.dbimpl.file.BlockId@63574d76 and PageBase: edu.yu.dbimpl.file.Page@586a9fe1
Sep 26, 2023 4:20:22 PM edu.yu.dbimpl.file.Page getBytes
INFO: getBytes called with offset: 0
Sep 26, 2023 4:20:22 PM edu.yu.dbimpl.file.FileMgr read
INFO: Getting type to read: String
Sep 26, 2023 4:20:22 PM edu.yu.dbimpl.file.Page setString
INFO: setString called with offset: 0 and String: Hello, World!299
Sep 26, 2023 4:20:22 PM edu.yu.dbimpl.file.FileMgr append
INFO: append called with filename: testFileModulePerformance300
Sep 26, 2023 4:20:22 PM edu.yu.dbimpl.file.FileMgr append
INFO: Writing to file: src/test/java/edu/yu/dbimpl/testingDirectory/testFileModulePerformance300
Sep 26, 2023 4:20:22 PM edu.yu.dbimpl.file.Page <init>
INFO: Page created with blocksize 50000
Sep 26, 2023 4:20:22 PM edu.yu.dbimpl.file.Page setString
INFO: setString called with offset: 0 and String: Hello, World!300
Sep 26, 2023 4:20:22 PM edu.yu.dbimpl.file.FileMgr write
INFO: write called with BlockIdBase: edu.yu.dbimpl.file.BlockId@dcf64d2 and PageBase: edu.yu.dbimpl.file.Page@20bc3e7f
Sep 26, 2023 4:20:22 PM edu.yu.dbimpl.file.FileMgr write
INFO: Getting type to write: String
Sep 26, 2023 4:20:22 PM edu.yu.dbimpl.file.FileMgr write
INFO: Writing to file: src/test/java/edu/yu/dbimpl/testingDirectory/testFileModulePerformance300
Sep 26, 2023 4:20:22 PM edu.yu.dbimpl.file.FileMgr write
INFO: Finished write
Sep 26, 2023 4:20:22 PM edu.yu.dbimpl.file.FileMgr read
INFO: read called with BlockIdBase: edu.yu.dbimpl.file.BlockId@dcf64d2 and PageBase: edu.yu.dbimpl.file.Page@20bc3e7f
Sep 26, 2023 4:20:22 PM edu.yu.dbimpl.file.Page getBytes
INFO: getBytes called with offset: 0
Sep 26, 2023 4:20:22 PM edu.yu.dbimpl.file.FileMgr read
INFO: Getting type to read: String
Sep 26, 2023 4:20:22 PM edu.yu.dbimpl.file.Page setString
INFO: setString called with offset: 0 and String: Hello, World!300
Sep 26, 2023 4:20:22 PM edu.yu.dbimpl.file.FileMgr append
INFO: append called with filename: testFileModulePerformance301
Sep 26, 2023 4:20:22 PM edu.yu.dbimpl.file.FileMgr append
INFO: Writing to file: src/test/java/edu/yu/dbimpl/testingDirectory/testFileModulePerformance301
Sep 26, 2023 4:20:22 PM edu.yu.dbimpl.file.Page <init>
INFO: Page created with blocksize 50000
Sep 26, 2023 4:20:22 PM edu.yu.dbimpl.file.Page setString
INFO: setString called with offset: 0 and String: Hello, World!301
Sep 26, 2023 4:20:22 PM edu.yu.dbimpl.file.FileMgr write
INFO: write called with BlockIdBase: edu.yu.dbimpl.file.BlockId@7959fbe3 and PageBase: edu.yu.dbimpl.file.Page@75c0e6be
Sep 26, 2023 4:20:22 PM edu.yu.dbimpl.file.FileMgr write
INFO: Getting type to write: String
Sep 26, 2023 4:20:22 PM edu.yu.dbimpl.file.FileMgr write
INFO: Writing to file: src/test/java/edu/yu/dbimpl/testingDirectory/testFileModulePerformance301
Sep 26, 2023 4:20:22 PM edu.yu.dbimpl.file.FileMgr write
INFO: Finished write
Sep 26, 2023 4:20:22 PM edu.yu.dbimpl.file.FileMgr read
INFO: read called with BlockIdBase: edu.yu.dbimpl.file.BlockId@7959fbe3 and PageBase: edu.yu.dbimpl.file.Page@75c0e6be
Sep 26, 2023 4:20:22 PM edu.yu.dbimpl.file.Page getBytes
INFO: getBytes called with offset: 0
Sep 26, 2023 4:20:22 PM edu.yu.dbimpl.file.FileMgr read
INFO: Getting type to read: String
Sep 26, 2023 4:20:22 PM edu.yu.dbimpl.file.Page setString
INFO: setString called with offset: 0 and String: Hello, World!301
Sep 26, 2023 4:20:22 PM edu.yu.dbimpl.file.FileMgr append
INFO: append called with filename: testFileModulePerformance302
Sep 26, 2023 4:20:22 PM edu.yu.dbimpl.file.FileMgr append
INFO: Writing to file: src/test/java/edu/yu/dbimpl/testingDirectory/testFileModulePerformance302
Sep 26, 2023 4:20:22 PM edu.yu.dbimpl.file.Page <init>
INFO: Page created with blocksize 50000
Sep 26, 2023 4:20:22 PM edu.yu.dbimpl.file.Page setString
INFO: setString called with offset: 0 and String: Hello, World!302
Sep 26, 2023 4:20:22 PM edu.yu.dbimpl.file.FileMgr write
INFO: write called with BlockIdBase: edu.yu.dbimpl.file.BlockId@3dfe520 and PageBase: edu.yu.dbimpl.file.Page@42516ce2
Sep 26, 2023 4:20:22 PM edu.yu.dbimpl.file.FileMgr write
INFO: Getting type to write: String
Sep 26, 2023 4:20:22 PM edu.yu.dbimpl.file.FileMgr write
INFO: Writing to file: src/test/java/edu/yu/dbimpl/testingDirectory/testFileModulePerformance302
Sep 26, 2023 4:20:22 PM edu.yu.dbimpl.file.FileMgr write
INFO: Finished write
Sep 26, 2023 4:20:22 PM edu.yu.dbimpl.file.FileMgr read
INFO: read called with BlockIdBase: edu.yu.dbimpl.file.BlockId@3dfe520 and PageBase: edu.yu.dbimpl.file.Page@42516ce2
Sep 26, 2023 4:20:22 PM edu.yu.dbimpl.file.Page getBytes
INFO: getBytes called with offset: 0
Sep 26, 2023 4:20:22 PM edu.yu.dbimpl.file.FileMgr read
INFO: Getting type to read: String
Sep 26, 2023 4:20:22 PM edu.yu.dbimpl.file.Page setString
INFO: setString called with offset: 0 and String: Hello, World!302
Sep 26, 2023 4:20:22 PM edu.yu.dbimpl.file.FileMgr append
INFO: append called with filename: testFileModulePerformance303
Sep 26, 2023 4:20:22 PM edu.yu.dbimpl.file.FileMgr append
INFO: Writing to file: src/test/java/edu/yu/dbimpl/testingDirectory/testFileModulePerformance303
Sep 26, 2023 4:20:22 PM edu.yu.dbimpl.file.Page <init>
INFO: Page created with blocksize 50000
Sep 26, 2023 4:20:22 PM edu.yu.dbimpl.file.Page setString
INFO: setString called with offset: 0 and String: Hello, World!303
Sep 26, 2023 4:20:22 PM edu.yu.dbimpl.file.FileMgr write
INFO: write called with BlockIdBase: edu.yu.dbimpl.file.BlockId@74e111a8 and PageBase: edu.yu.dbimpl.file.Page@6e6ec9c
Sep 26, 2023 4:20:22 PM edu.yu.dbimpl.file.FileMgr write
INFO: Getting type to write: String
Sep 26, 2023 4:20:22 PM edu.yu.dbimpl.file.FileMgr write
INFO: Writing to file: src/test/java/edu/yu/dbimpl/testingDirectory/testFileModulePerformance303
Sep 26, 2023 4:20:22 PM edu.yu.dbimpl.file.FileMgr write
INFO: Finished write
Sep 26, 2023 4:20:22 PM edu.yu.dbimpl.file.FileMgr read
INFO: read called with BlockIdBase: edu.yu.dbimpl.file.BlockId@74e111a8 and PageBase: edu.yu.dbimpl.file.Page@6e6ec9c
Sep 26, 2023 4:20:22 PM edu.yu.dbimpl.file.Page getBytes
INFO: getBytes called with offset: 0
Sep 26, 2023 4:20:22 PM edu.yu.dbimpl.file.FileMgr read
INFO: Getting type to read: String
Sep 26, 2023 4:20:22 PM edu.yu.dbimpl.file.Page setString
INFO: setString called with offset: 0 and String: Hello, World!303
Sep 26, 2023 4:20:22 PM edu.yu.dbimpl.file.FileMgr append
INFO: append called with filename: testFileModulePerformance304
Sep 26, 2023 4:20:22 PM edu.yu.dbimpl.file.FileMgr append
INFO: Writing to file: src/test/java/edu/yu/dbimpl/testingDirectory/testFileModulePerformance304
Sep 26, 2023 4:20:22 PM edu.yu.dbimpl.file.Page <init>
INFO: Page created with blocksize 50000
Sep 26, 2023 4:20:22 PM edu.yu.dbimpl.file.Page setString
INFO: setString called with offset: 0 and String: Hello, World!304
Sep 26, 2023 4:20:22 PM edu.yu.dbimpl.file.FileMgr write
INFO: write called with BlockIdBase: edu.yu.dbimpl.file.BlockId@7aecff85 and PageBase: edu.yu.dbimpl.file.Page@3393aa46
Sep 26, 2023 4:20:22 PM edu.yu.dbimpl.file.FileMgr write
INFO: Getting type to write: String
Sep 26, 2023 4:20:22 PM edu.yu.dbimpl.file.FileMgr write
INFO: Writing to file: src/test/java/edu/yu/dbimpl/testingDirectory/testFileModulePerformance304
Sep 26, 2023 4:20:22 PM edu.yu.dbimpl.file.FileMgr write
INFO: Finished write
Sep 26, 2023 4:20:22 PM edu.yu.dbimpl.file.FileMgr read
INFO: read called with BlockIdBase: edu.yu.dbimpl.file.BlockId@7aecff85 and PageBase: edu.yu.dbimpl.file.Page@3393aa46
Sep 26, 2023 4:20:22 PM edu.yu.dbimpl.file.Page getBytes
INFO: getBytes called with offset: 0
Sep 26, 2023 4:20:22 PM edu.yu.dbimpl.file.FileMgr read
INFO: Getting type to read: String
Sep 26, 2023 4:20:22 PM edu.yu.dbimpl.file.Page setString
INFO: setString called with offset: 0 and String: Hello, World!304
Sep 26, 2023 4:20:22 PM edu.yu.dbimpl.file.FileMgr append
INFO: append called with filename: testFileModulePerformance305
Sep 26, 2023 4:20:22 PM edu.yu.dbimpl.file.FileMgr append
INFO: Writing to file: src/test/java/edu/yu/dbimpl/testingDirectory/testFileModulePerformance305
Sep 26, 2023 4:20:22 PM edu.yu.dbimpl.file.Page <init>
INFO: Page created with blocksize 50000
Sep 26, 2023 4:20:22 PM edu.yu.dbimpl.file.Page setString
INFO: setString called with offset: 0 and String: Hello, World!305
Sep 26, 2023 4:20:22 PM edu.yu.dbimpl.file.FileMgr write
INFO: write called with BlockIdBase: edu.yu.dbimpl.file.BlockId@4f0381cd and PageBase: edu.yu.dbimpl.file.Page@7eb006bd
Sep 26, 2023 4:20:22 PM edu.yu.dbimpl.file.FileMgr write
INFO: Getting type to write: String
Sep 26, 2023 4:20:22 PM edu.yu.dbimpl.file.FileMgr write
INFO: Writing to file: src/test/java/edu/yu/dbimpl/testingDirectory/testFileModulePerformance305
Sep 26, 2023 4:20:22 PM edu.yu.dbimpl.file.FileMgr write
INFO: Finished write
Sep 26, 2023 4:20:22 PM edu.yu.dbimpl.file.FileMgr read
INFO: read called with BlockIdBase: edu.yu.dbimpl.file.BlockId@4f0381cd and PageBase: edu.yu.dbimpl.file.Page@7eb006bd
Sep 26, 2023 4:20:22 PM edu.yu.dbimpl.file.Page getBytes
INFO: getBytes called with offset: 0
Sep 26, 2023 4:20:22 PM edu.yu.dbimpl.file.FileMgr read
INFO: Getting type to read: String
Sep 26, 2023 4:20:22 PM edu.yu.dbimpl.file.Page setString
INFO: setString called with offset: 0 and String: Hello, World!305
Sep 26, 2023 4:20:22 PM edu.yu.dbimpl.file.FileMgr append
INFO: append called with filename: testFileModulePerformance306
Sep 26, 2023 4:20:22 PM edu.yu.dbimpl.file.FileMgr append
INFO: Writing to file: src/test/java/edu/yu/dbimpl/testingDirectory/testFileModulePerformance306
Sep 26, 2023 4:20:22 PM edu.yu.dbimpl.file.Page <init>
INFO: Page created with blocksize 50000
Sep 26, 2023 4:20:22 PM edu.yu.dbimpl.file.Page setString
INFO: setString called with offset: 0 and String: Hello, World!306
Sep 26, 2023 4:20:22 PM edu.yu.dbimpl.file.FileMgr write
INFO: write called with BlockIdBase: edu.yu.dbimpl.file.BlockId@633dce39 and PageBase: edu.yu.dbimpl.file.Page@4dd28982
Sep 26, 2023 4:20:22 PM edu.yu.dbimpl.file.FileMgr write
INFO: Getting type to write: String
Sep 26, 2023 4:20:22 PM edu.yu.dbimpl.file.FileMgr write
INFO: Writing to file: src/test/java/edu/yu/dbimpl/testingDirectory/testFileModulePerformance306
Sep 26, 2023 4:20:22 PM edu.yu.dbimpl.file.FileMgr write
INFO: Finished write
Sep 26, 2023 4:20:22 PM edu.yu.dbimpl.file.FileMgr read
INFO: read called with BlockIdBase: edu.yu.dbimpl.file.BlockId@633dce39 and PageBase: edu.yu.dbimpl.file.Page@4dd28982
Sep 26, 2023 4:20:22 PM edu.yu.dbimpl.file.Page getBytes
INFO: getBytes called with offset: 0
Sep 26, 2023 4:20:22 PM edu.yu.dbimpl.file.FileMgr read
INFO: Getting type to read: String
Sep 26, 2023 4:20:22 PM edu.yu.dbimpl.file.Page setString
INFO: setString called with offset: 0 and String: Hello, World!306
Sep 26, 2023 4:20:22 PM edu.yu.dbimpl.file.FileMgr append
INFO: append called with filename: testFileModulePerformance307
Sep 26, 2023 4:20:22 PM edu.yu.dbimpl.file.FileMgr append
INFO: Writing to file: src/test/java/edu/yu/dbimpl/testingDirectory/testFileModulePerformance307
Sep 26, 2023 4:20:22 PM edu.yu.dbimpl.file.Page <init>
INFO: Page created with blocksize 50000
Sep 26, 2023 4:20:22 PM edu.yu.dbimpl.file.Page setString
INFO: setString called with offset: 0 and String: Hello, World!307
Sep 26, 2023 4:20:22 PM edu.yu.dbimpl.file.FileMgr write
INFO: write called with BlockIdBase: edu.yu.dbimpl.file.BlockId@1e8c741c and PageBase: edu.yu.dbimpl.file.Page@60f70c9e
Sep 26, 2023 4:20:22 PM edu.yu.dbimpl.file.FileMgr write
INFO: Getting type to write: String
Sep 26, 2023 4:20:22 PM edu.yu.dbimpl.file.FileMgr write
INFO: Writing to file: src/test/java/edu/yu/dbimpl/testingDirectory/testFileModulePerformance307
Sep 26, 2023 4:20:22 PM edu.yu.dbimpl.file.FileMgr write
INFO: Finished write
Sep 26, 2023 4:20:22 PM edu.yu.dbimpl.file.FileMgr read
INFO: read called with BlockIdBase: edu.yu.dbimpl.file.BlockId@1e8c741c and PageBase: edu.yu.dbimpl.file.Page@60f70c9e
Sep 26, 2023 4:20:22 PM edu.yu.dbimpl.file.Page getBytes
INFO: getBytes called with offset: 0
Sep 26, 2023 4:20:22 PM edu.yu.dbimpl.file.FileMgr read
INFO: Getting type to read: String
Sep 26, 2023 4:20:22 PM edu.yu.dbimpl.file.Page setString
INFO: setString called with offset: 0 and String: Hello, World!307
Sep 26, 2023 4:20:22 PM edu.yu.dbimpl.file.FileMgr append
INFO: append called with filename: testFileModulePerformance308
Sep 26, 2023 4:20:22 PM edu.yu.dbimpl.file.FileMgr append
INFO: Writing to file: src/test/java/edu/yu/dbimpl/testingDirectory/testFileModulePerformance308
Sep 26, 2023 4:20:22 PM edu.yu.dbimpl.file.Page <init>
INFO: Page created with blocksize 50000
Sep 26, 2023 4:20:22 PM edu.yu.dbimpl.file.Page setString
INFO: setString called with offset: 0 and String: Hello, World!308
Sep 26, 2023 4:20:22 PM edu.yu.dbimpl.file.FileMgr write
INFO: write called with BlockIdBase: edu.yu.dbimpl.file.BlockId@6db64abf and PageBase: edu.yu.dbimpl.file.Page@34714012
Sep 26, 2023 4:20:22 PM edu.yu.dbimpl.file.FileMgr write
INFO: Getting type to write: String
Sep 26, 2023 4:20:22 PM edu.yu.dbimpl.file.FileMgr write
INFO: Writing to file: src/test/java/edu/yu/dbimpl/testingDirectory/testFileModulePerformance308
Sep 26, 2023 4:20:22 PM edu.yu.dbimpl.file.FileMgr write
INFO: Finished write
Sep 26, 2023 4:20:22 PM edu.yu.dbimpl.file.FileMgr read
INFO: read called with BlockIdBase: edu.yu.dbimpl.file.BlockId@6db64abf and PageBase: edu.yu.dbimpl.file.Page@34714012
Sep 26, 2023 4:20:22 PM edu.yu.dbimpl.file.Page getBytes
INFO: getBytes called with offset: 0
Sep 26, 2023 4:20:22 PM edu.yu.dbimpl.file.FileMgr read
INFO: Getting type to read: String
Sep 26, 2023 4:20:22 PM edu.yu.dbimpl.file.Page setString
INFO: setString called with offset: 0 and String: Hello, World!308
Sep 26, 2023 4:20:22 PM edu.yu.dbimpl.file.FileMgr append
INFO: append called with filename: testFileModulePerformance309
Sep 26, 2023 4:20:22 PM edu.yu.dbimpl.file.FileMgr append
INFO: Writing to file: src/test/java/edu/yu/dbimpl/testingDirectory/testFileModulePerformance309
Sep 26, 2023 4:20:22 PM edu.yu.dbimpl.file.Page <init>
INFO: Page created with blocksize 50000
Sep 26, 2023 4:20:22 PM edu.yu.dbimpl.file.Page setString
INFO: setString called with offset: 0 and String: Hello, World!309
Sep 26, 2023 4:20:22 PM edu.yu.dbimpl.file.FileMgr write
INFO: write called with BlockIdBase: edu.yu.dbimpl.file.BlockId@49a0fe14 and PageBase: edu.yu.dbimpl.file.Page@11eb8842
Sep 26, 2023 4:20:22 PM edu.yu.dbimpl.file.FileMgr write
INFO: Getting type to write: String
Sep 26, 2023 4:20:22 PM edu.yu.dbimpl.file.FileMgr write
INFO: Writing to file: src/test/java/edu/yu/dbimpl/testingDirectory/testFileModulePerformance309
Sep 26, 2023 4:20:22 PM edu.yu.dbimpl.file.FileMgr write
INFO: Finished write
Sep 26, 2023 4:20:22 PM edu.yu.dbimpl.file.FileMgr read
INFO: read called with BlockIdBase: edu.yu.dbimpl.file.BlockId@49a0fe14 and PageBase: edu.yu.dbimpl.file.Page@11eb8842
Sep 26, 2023 4:20:22 PM edu.yu.dbimpl.file.Page getBytes
INFO: getBytes called with offset: 0
Sep 26, 2023 4:20:22 PM edu.yu.dbimpl.file.FileMgr read
INFO: Getting type to read: String
Sep 26, 2023 4:20:22 PM edu.yu.dbimpl.file.Page setString
INFO: setString called with offset: 0 and String: Hello, World!309
Sep 26, 2023 4:20:22 PM edu.yu.dbimpl.file.FileMgr append
INFO: append called with filename: testFileModulePerformance310
Sep 26, 2023 4:20:22 PM edu.yu.dbimpl.file.FileMgr append
INFO: Writing to file: src/test/java/edu/yu/dbimpl/testingDirectory/testFileModulePerformance310
Sep 26, 2023 4:20:22 PM edu.yu.dbimpl.file.Page <init>
INFO: Page created with blocksize 50000
Sep 26, 2023 4:20:22 PM edu.yu.dbimpl.file.Page setString
INFO: setString called with offset: 0 and String: Hello, World!310
Sep 26, 2023 4:20:22 PM edu.yu.dbimpl.file.FileMgr write
INFO: write called with BlockIdBase: edu.yu.dbimpl.file.BlockId@4ed7db72 and PageBase: edu.yu.dbimpl.file.Page@7018636a
Sep 26, 2023 4:20:22 PM edu.yu.dbimpl.file.FileMgr write
INFO: Getting type to write: String
Sep 26, 2023 4:20:22 PM edu.yu.dbimpl.file.FileMgr write
INFO: Writing to file: src/test/java/edu/yu/dbimpl/testingDirectory/testFileModulePerformance310
Sep 26, 2023 4:20:22 PM edu.yu.dbimpl.file.FileMgr write
INFO: Finished write
Sep 26, 2023 4:20:22 PM edu.yu.dbimpl.file.FileMgr read
INFO: read called with BlockIdBase: edu.yu.dbimpl.file.BlockId@4ed7db72 and PageBase: edu.yu.dbimpl.file.Page@7018636a
Sep 26, 2023 4:20:22 PM edu.yu.dbimpl.file.Page getBytes
INFO: getBytes called with offset: 0
Sep 26, 2023 4:20:22 PM edu.yu.dbimpl.file.FileMgr read
INFO: Getting type to read: String
Sep 26, 2023 4:20:22 PM edu.yu.dbimpl.file.Page setString
INFO: setString called with offset: 0 and String: Hello, World!310
Sep 26, 2023 4:20:22 PM edu.yu.dbimpl.file.FileMgr append
INFO: append called with filename: testFileModulePerformance311
Sep 26, 2023 4:20:22 PM edu.yu.dbimpl.file.FileMgr append
INFO: Writing to file: src/test/java/edu/yu/dbimpl/testingDirectory/testFileModulePerformance311
Sep 26, 2023 4:20:22 PM edu.yu.dbimpl.file.Page <init>
INFO: Page created with blocksize 50000
Sep 26, 2023 4:20:22 PM edu.yu.dbimpl.file.Page setString
INFO: setString called with offset: 0 and String: Hello, World!311
Sep 26, 2023 4:20:22 PM edu.yu.dbimpl.file.FileMgr write
INFO: write called with BlockIdBase: edu.yu.dbimpl.file.BlockId@3e866323 and PageBase: edu.yu.dbimpl.file.Page@73624529
Sep 26, 2023 4:20:22 PM edu.yu.dbimpl.file.FileMgr write
INFO: Getting type to write: String
Sep 26, 2023 4:20:22 PM edu.yu.dbimpl.file.FileMgr write
INFO: Writing to file: src/test/java/edu/yu/dbimpl/testingDirectory/testFileModulePerformance311
Sep 26, 2023 4:20:22 PM edu.yu.dbimpl.file.FileMgr write
INFO: Finished write
Sep 26, 2023 4:20:22 PM edu.yu.dbimpl.file.FileMgr read
INFO: read called with BlockIdBase: edu.yu.dbimpl.file.BlockId@3e866323 and PageBase: edu.yu.dbimpl.file.Page@73624529
Sep 26, 2023 4:20:22 PM edu.yu.dbimpl.file.Page getBytes
INFO: getBytes called with offset: 0
Sep 26, 2023 4:20:22 PM edu.yu.dbimpl.file.FileMgr read
INFO: Getting type to read: String
Sep 26, 2023 4:20:22 PM edu.yu.dbimpl.file.Page setString
INFO: setString called with offset: 0 and String: Hello, World!311
Sep 26, 2023 4:20:22 PM edu.yu.dbimpl.file.FileMgr append
INFO: append called with filename: testFileModulePerformance312
Sep 26, 2023 4:20:22 PM edu.yu.dbimpl.file.FileMgr append
INFO: Writing to file: src/test/java/edu/yu/dbimpl/testingDirectory/testFileModulePerformance312
Sep 26, 2023 4:20:22 PM edu.yu.dbimpl.file.Page <init>
INFO: Page created with blocksize 50000
Sep 26, 2023 4:20:22 PM edu.yu.dbimpl.file.Page setString
INFO: setString called with offset: 0 and String: Hello, World!312
Sep 26, 2023 4:20:22 PM edu.yu.dbimpl.file.FileMgr write
INFO: write called with BlockIdBase: edu.yu.dbimpl.file.BlockId@31e1c7c and PageBase: edu.yu.dbimpl.file.Page@30ae3c46
Sep 26, 2023 4:20:22 PM edu.yu.dbimpl.file.FileMgr write
INFO: Getting type to write: String
Sep 26, 2023 4:20:22 PM edu.yu.dbimpl.file.FileMgr write
INFO: Writing to file: src/test/java/edu/yu/dbimpl/testingDirectory/testFileModulePerformance312
Sep 26, 2023 4:20:22 PM edu.yu.dbimpl.file.FileMgr write
INFO: Finished write
Sep 26, 2023 4:20:22 PM edu.yu.dbimpl.file.FileMgr read
INFO: read called with BlockIdBase: edu.yu.dbimpl.file.BlockId@31e1c7c and PageBase: edu.yu.dbimpl.file.Page@30ae3c46
Sep 26, 2023 4:20:22 PM edu.yu.dbimpl.file.Page getBytes
INFO: getBytes called with offset: 0
Sep 26, 2023 4:20:22 PM edu.yu.dbimpl.file.FileMgr read
INFO: Getting type to read: String
Sep 26, 2023 4:20:22 PM edu.yu.dbimpl.file.Page setString
INFO: setString called with offset: 0 and String: Hello, World!312
Sep 26, 2023 4:20:22 PM edu.yu.dbimpl.file.FileMgr append
INFO: append called with filename: testFileModulePerformance313
Sep 26, 2023 4:20:22 PM edu.yu.dbimpl.file.FileMgr append
INFO: Writing to file: src/test/java/edu/yu/dbimpl/testingDirectory/testFileModulePerformance313
Sep 26, 2023 4:20:22 PM edu.yu.dbimpl.file.Page <init>
INFO: Page created with blocksize 50000
Sep 26, 2023 4:20:22 PM edu.yu.dbimpl.file.Page setString
INFO: setString called with offset: 0 and String: Hello, World!313
Sep 26, 2023 4:20:22 PM edu.yu.dbimpl.file.FileMgr write
INFO: write called with BlockIdBase: edu.yu.dbimpl.file.BlockId@3dbcde0b and PageBase: edu.yu.dbimpl.file.Page@5c168f98
Sep 26, 2023 4:20:22 PM edu.yu.dbimpl.file.FileMgr write
INFO: Getting type to write: String
Sep 26, 2023 4:20:22 PM edu.yu.dbimpl.file.FileMgr write
INFO: Writing to file: src/test/java/edu/yu/dbimpl/testingDirectory/testFileModulePerformance313
Sep 26, 2023 4:20:22 PM edu.yu.dbimpl.file.FileMgr write
INFO: Finished write
Sep 26, 2023 4:20:22 PM edu.yu.dbimpl.file.FileMgr read
INFO: read called with BlockIdBase: edu.yu.dbimpl.file.BlockId@3dbcde0b and PageBase: edu.yu.dbimpl.file.Page@5c168f98
Sep 26, 2023 4:20:22 PM edu.yu.dbimpl.file.Page getBytes
INFO: getBytes called with offset: 0
Sep 26, 2023 4:20:22 PM edu.yu.dbimpl.file.FileMgr read
INFO: Getting type to read: String
Sep 26, 2023 4:20:22 PM edu.yu.dbimpl.file.Page setString
INFO: setString called with offset: 0 and String: Hello, World!313
Sep 26, 2023 4:20:22 PM edu.yu.dbimpl.file.FileMgr append
INFO: append called with filename: testFileModulePerformance314
Sep 26, 2023 4:20:22 PM edu.yu.dbimpl.file.FileMgr append
INFO: Writing to file: src/test/java/edu/yu/dbimpl/testingDirectory/testFileModulePerformance314
Sep 26, 2023 4:20:22 PM edu.yu.dbimpl.file.Page <init>
INFO: Page created with blocksize 50000
Sep 26, 2023 4:20:22 PM edu.yu.dbimpl.file.Page setString
INFO: setString called with offset: 0 and String: Hello, World!314
Sep 26, 2023 4:20:22 PM edu.yu.dbimpl.file.FileMgr write
INFO: write called with BlockIdBase: edu.yu.dbimpl.file.BlockId@2f98859a and PageBase: edu.yu.dbimpl.file.Page@6e95c023
Sep 26, 2023 4:20:22 PM edu.yu.dbimpl.file.FileMgr write
INFO: Getting type to write: String
Sep 26, 2023 4:20:22 PM edu.yu.dbimpl.file.FileMgr write
INFO: Writing to file: src/test/java/edu/yu/dbimpl/testingDirectory/testFileModulePerformance314
Sep 26, 2023 4:20:22 PM edu.yu.dbimpl.file.FileMgr write
INFO: Finished write
Sep 26, 2023 4:20:22 PM edu.yu.dbimpl.file.FileMgr read
INFO: read called with BlockIdBase: edu.yu.dbimpl.file.BlockId@2f98859a and PageBase: edu.yu.dbimpl.file.Page@6e95c023
Sep 26, 2023 4:20:22 PM edu.yu.dbimpl.file.Page getBytes
INFO: getBytes called with offset: 0
Sep 26, 2023 4:20:22 PM edu.yu.dbimpl.file.FileMgr read
INFO: Getting type to read: String
Sep 26, 2023 4:20:22 PM edu.yu.dbimpl.file.Page setString
INFO: setString called with offset: 0 and String: Hello, World!314
Sep 26, 2023 4:20:22 PM edu.yu.dbimpl.file.FileMgr append
INFO: append called with filename: testFileModulePerformance315
Sep 26, 2023 4:20:22 PM edu.yu.dbimpl.file.FileMgr append
INFO: Writing to file: src/test/java/edu/yu/dbimpl/testingDirectory/testFileModulePerformance315
Sep 26, 2023 4:20:22 PM edu.yu.dbimpl.file.Page <init>
INFO: Page created with blocksize 50000
Sep 26, 2023 4:20:22 PM edu.yu.dbimpl.file.Page setString
INFO: setString called with offset: 0 and String: Hello, World!315
Sep 26, 2023 4:20:22 PM edu.yu.dbimpl.file.FileMgr write
INFO: write called with BlockIdBase: edu.yu.dbimpl.file.BlockId@3582077c and PageBase: edu.yu.dbimpl.file.Page@5d00241b
Sep 26, 2023 4:20:22 PM edu.yu.dbimpl.file.FileMgr write
INFO: Getting type to write: String
Sep 26, 2023 4:20:22 PM edu.yu.dbimpl.file.FileMgr write
INFO: Writing to file: src/test/java/edu/yu/dbimpl/testingDirectory/testFileModulePerformance315
Sep 26, 2023 4:20:22 PM edu.yu.dbimpl.file.FileMgr write
INFO: Finished write
Sep 26, 2023 4:20:22 PM edu.yu.dbimpl.file.FileMgr read
INFO: read called with BlockIdBase: edu.yu.dbimpl.file.BlockId@3582077c and PageBase: edu.yu.dbimpl.file.Page@5d00241b
Sep 26, 2023 4:20:22 PM edu.yu.dbimpl.file.Page getBytes
INFO: getBytes called with offset: 0
Sep 26, 2023 4:20:22 PM edu.yu.dbimpl.file.FileMgr read
INFO: Getting type to read: String
Sep 26, 2023 4:20:22 PM edu.yu.dbimpl.file.Page setString
INFO: setString called with offset: 0 and String: Hello, World!315
Sep 26, 2023 4:20:22 PM edu.yu.dbimpl.file.FileMgr append
INFO: append called with filename: testFileModulePerformance316
Sep 26, 2023 4:20:22 PM edu.yu.dbimpl.file.FileMgr append
INFO: Writing to file: src/test/java/edu/yu/dbimpl/testingDirectory/testFileModulePerformance316
Sep 26, 2023 4:20:22 PM edu.yu.dbimpl.file.Page <init>
INFO: Page created with blocksize 50000
Sep 26, 2023 4:20:22 PM edu.yu.dbimpl.file.Page setString
INFO: setString called with offset: 0 and String: Hello, World!316
Sep 26, 2023 4:20:22 PM edu.yu.dbimpl.file.FileMgr write
INFO: write called with BlockIdBase: edu.yu.dbimpl.file.BlockId@365fde74 and PageBase: edu.yu.dbimpl.file.Page@760b9444
Sep 26, 2023 4:20:22 PM edu.yu.dbimpl.file.FileMgr write
INFO: Getting type to write: String
Sep 26, 2023 4:20:22 PM edu.yu.dbimpl.file.FileMgr write
INFO: Writing to file: src/test/java/edu/yu/dbimpl/testingDirectory/testFileModulePerformance316
Sep 26, 2023 4:20:22 PM edu.yu.dbimpl.file.FileMgr write
INFO: Finished write
Sep 26, 2023 4:20:22 PM edu.yu.dbimpl.file.FileMgr read
INFO: read called with BlockIdBase: edu.yu.dbimpl.file.BlockId@365fde74 and PageBase: edu.yu.dbimpl.file.Page@760b9444
Sep 26, 2023 4:20:22 PM edu.yu.dbimpl.file.Page getBytes
INFO: getBytes called with offset: 0
Sep 26, 2023 4:20:22 PM edu.yu.dbimpl.file.FileMgr read
INFO: Getting type to read: String
Sep 26, 2023 4:20:22 PM edu.yu.dbimpl.file.Page setString
INFO: setString called with offset: 0 and String: Hello, World!316
Sep 26, 2023 4:20:22 PM edu.yu.dbimpl.file.FileMgr append
INFO: append called with filename: testFileModulePerformance317
Sep 26, 2023 4:20:22 PM edu.yu.dbimpl.file.FileMgr append
INFO: Writing to file: src/test/java/edu/yu/dbimpl/testingDirectory/testFileModulePerformance317
Sep 26, 2023 4:20:22 PM edu.yu.dbimpl.file.Page <init>
INFO: Page created with blocksize 50000
Sep 26, 2023 4:20:22 PM edu.yu.dbimpl.file.Page setString
INFO: setString called with offset: 0 and String: Hello, World!317
Sep 26, 2023 4:20:22 PM edu.yu.dbimpl.file.FileMgr write
INFO: write called with BlockIdBase: edu.yu.dbimpl.file.BlockId@5397d41e and PageBase: edu.yu.dbimpl.file.Page@f6b128b
Sep 26, 2023 4:20:22 PM edu.yu.dbimpl.file.FileMgr write
INFO: Getting type to write: String
Sep 26, 2023 4:20:22 PM edu.yu.dbimpl.file.FileMgr write
INFO: Writing to file: src/test/java/edu/yu/dbimpl/testingDirectory/testFileModulePerformance317
Sep 26, 2023 4:20:22 PM edu.yu.dbimpl.file.FileMgr write
INFO: Finished write
Sep 26, 2023 4:20:22 PM edu.yu.dbimpl.file.FileMgr read
INFO: read called with BlockIdBase: edu.yu.dbimpl.file.BlockId@5397d41e and PageBase: edu.yu.dbimpl.file.Page@f6b128b
Sep 26, 2023 4:20:22 PM edu.yu.dbimpl.file.Page getBytes
INFO: getBytes called with offset: 0
Sep 26, 2023 4:20:22 PM edu.yu.dbimpl.file.FileMgr read
INFO: Getting type to read: String
Sep 26, 2023 4:20:22 PM edu.yu.dbimpl.file.Page setString
INFO: setString called with offset: 0 and String: Hello, World!317
Sep 26, 2023 4:20:22 PM edu.yu.dbimpl.file.FileMgr append
INFO: append called with filename: testFileModulePerformance318
Sep 26, 2023 4:20:22 PM edu.yu.dbimpl.file.FileMgr append
INFO: Writing to file: src/test/java/edu/yu/dbimpl/testingDirectory/testFileModulePerformance318
Sep 26, 2023 4:20:22 PM edu.yu.dbimpl.file.Page <init>
INFO: Page created with blocksize 50000
Sep 26, 2023 4:20:22 PM edu.yu.dbimpl.file.Page setString
INFO: setString called with offset: 0 and String: Hello, World!318
Sep 26, 2023 4:20:22 PM edu.yu.dbimpl.file.FileMgr write
INFO: write called with BlockIdBase: edu.yu.dbimpl.file.BlockId@470fc16c and PageBase: edu.yu.dbimpl.file.Page@6d0cc47d
Sep 26, 2023 4:20:22 PM edu.yu.dbimpl.file.FileMgr write
INFO: Getting type to write: String
Sep 26, 2023 4:20:22 PM edu.yu.dbimpl.file.FileMgr write
INFO: Writing to file: src/test/java/edu/yu/dbimpl/testingDirectory/testFileModulePerformance318
Sep 26, 2023 4:20:22 PM edu.yu.dbimpl.file.FileMgr write
INFO: Finished write
Sep 26, 2023 4:20:22 PM edu.yu.dbimpl.file.FileMgr read
INFO: read called with BlockIdBase: edu.yu.dbimpl.file.BlockId@470fc16c and PageBase: edu.yu.dbimpl.file.Page@6d0cc47d
Sep 26, 2023 4:20:22 PM edu.yu.dbimpl.file.Page getBytes
INFO: getBytes called with offset: 0
Sep 26, 2023 4:20:22 PM edu.yu.dbimpl.file.FileMgr read
INFO: Getting type to read: String
Sep 26, 2023 4:20:22 PM edu.yu.dbimpl.file.Page setString
INFO: setString called with offset: 0 and String: Hello, World!318
Sep 26, 2023 4:20:22 PM edu.yu.dbimpl.file.FileMgr append
INFO: append called with filename: testFileModulePerformance319
Sep 26, 2023 4:20:22 PM edu.yu.dbimpl.file.FileMgr append
INFO: Writing to file: src/test/java/edu/yu/dbimpl/testingDirectory/testFileModulePerformance319
Sep 26, 2023 4:20:22 PM edu.yu.dbimpl.file.Page <init>
INFO: Page created with blocksize 50000
Sep 26, 2023 4:20:22 PM edu.yu.dbimpl.file.Page setString
INFO: setString called with offset: 0 and String: Hello, World!319
Sep 26, 2023 4:20:22 PM edu.yu.dbimpl.file.FileMgr write
INFO: write called with BlockIdBase: edu.yu.dbimpl.file.BlockId@56dae6 and PageBase: edu.yu.dbimpl.file.Page@57fe6f2d
Sep 26, 2023 4:20:22 PM edu.yu.dbimpl.file.FileMgr write
INFO: Getting type to write: String
Sep 26, 2023 4:20:22 PM edu.yu.dbimpl.file.FileMgr write
INFO: Writing to file: src/test/java/edu/yu/dbimpl/testingDirectory/testFileModulePerformance319
Sep 26, 2023 4:20:22 PM edu.yu.dbimpl.file.FileMgr write
INFO: Finished write
Sep 26, 2023 4:20:22 PM edu.yu.dbimpl.file.FileMgr read
INFO: read called with BlockIdBase: edu.yu.dbimpl.file.BlockId@56dae6 and PageBase: edu.yu.dbimpl.file.Page@57fe6f2d
Sep 26, 2023 4:20:22 PM edu.yu.dbimpl.file.Page getBytes
INFO: getBytes called with offset: 0
Sep 26, 2023 4:20:22 PM edu.yu.dbimpl.file.FileMgr read
INFO: Getting type to read: String
Sep 26, 2023 4:20:22 PM edu.yu.dbimpl.file.Page setString
INFO: setString called with offset: 0 and String: Hello, World!319
Sep 26, 2023 4:20:22 PM edu.yu.dbimpl.file.FileMgr append
INFO: append called with filename: testFileModulePerformance320
Sep 26, 2023 4:20:22 PM edu.yu.dbimpl.file.FileMgr append
INFO: Writing to file: src/test/java/edu/yu/dbimpl/testingDirectory/testFileModulePerformance320
Sep 26, 2023 4:20:22 PM edu.yu.dbimpl.file.Page <init>
INFO: Page created with blocksize 50000
Sep 26, 2023 4:20:22 PM edu.yu.dbimpl.file.Page setString
INFO: setString called with offset: 0 and String: Hello, World!320
Sep 26, 2023 4:20:22 PM edu.yu.dbimpl.file.FileMgr write
INFO: write called with BlockIdBase: edu.yu.dbimpl.file.BlockId@6e43c01f and PageBase: edu.yu.dbimpl.file.Page@6567de86
Sep 26, 2023 4:20:22 PM edu.yu.dbimpl.file.FileMgr write
INFO: Getting type to write: String
Sep 26, 2023 4:20:22 PM edu.yu.dbimpl.file.FileMgr write
INFO: Writing to file: src/test/java/edu/yu/dbimpl/testingDirectory/testFileModulePerformance320
Sep 26, 2023 4:20:22 PM edu.yu.dbimpl.file.FileMgr write
INFO: Finished write
Sep 26, 2023 4:20:22 PM edu.yu.dbimpl.file.FileMgr read
INFO: read called with BlockIdBase: edu.yu.dbimpl.file.BlockId@6e43c01f and PageBase: edu.yu.dbimpl.file.Page@6567de86
Sep 26, 2023 4:20:22 PM edu.yu.dbimpl.file.Page getBytes
INFO: getBytes called with offset: 0
Sep 26, 2023 4:20:22 PM edu.yu.dbimpl.file.FileMgr read
INFO: Getting type to read: String
Sep 26, 2023 4:20:22 PM edu.yu.dbimpl.file.Page setString
INFO: setString called with offset: 0 and String: Hello, World!320
Sep 26, 2023 4:20:22 PM edu.yu.dbimpl.file.FileMgr append
INFO: append called with filename: testFileModulePerformance321
Sep 26, 2023 4:20:22 PM edu.yu.dbimpl.file.FileMgr append
INFO: Writing to file: src/test/java/edu/yu/dbimpl/testingDirectory/testFileModulePerformance321
Sep 26, 2023 4:20:22 PM edu.yu.dbimpl.file.Page <init>
INFO: Page created with blocksize 50000
Sep 26, 2023 4:20:22 PM edu.yu.dbimpl.file.Page setString
INFO: setString called with offset: 0 and String: Hello, World!321
Sep 26, 2023 4:20:22 PM edu.yu.dbimpl.file.FileMgr write
INFO: write called with BlockIdBase: edu.yu.dbimpl.file.BlockId@5350a926 and PageBase: edu.yu.dbimpl.file.Page@77732366
Sep 26, 2023 4:20:22 PM edu.yu.dbimpl.file.FileMgr write
INFO: Getting type to write: String
Sep 26, 2023 4:20:22 PM edu.yu.dbimpl.file.FileMgr write
INFO: Writing to file: src/test/java/edu/yu/dbimpl/testingDirectory/testFileModulePerformance321
Sep 26, 2023 4:20:22 PM edu.yu.dbimpl.file.FileMgr write
INFO: Finished write
Sep 26, 2023 4:20:22 PM edu.yu.dbimpl.file.FileMgr read
INFO: read called with BlockIdBase: edu.yu.dbimpl.file.BlockId@5350a926 and PageBase: edu.yu.dbimpl.file.Page@77732366
Sep 26, 2023 4:20:22 PM edu.yu.dbimpl.file.Page getBytes
INFO: getBytes called with offset: 0
Sep 26, 2023 4:20:22 PM edu.yu.dbimpl.file.FileMgr read
INFO: Getting type to read: String
Sep 26, 2023 4:20:22 PM edu.yu.dbimpl.file.Page setString
INFO: setString called with offset: 0 and String: Hello, World!321
Sep 26, 2023 4:20:22 PM edu.yu.dbimpl.file.FileMgr append
INFO: append called with filename: testFileModulePerformance322
Sep 26, 2023 4:20:22 PM edu.yu.dbimpl.file.FileMgr append
INFO: Writing to file: src/test/java/edu/yu/dbimpl/testingDirectory/testFileModulePerformance322
Sep 26, 2023 4:20:22 PM edu.yu.dbimpl.file.Page <init>
INFO: Page created with blocksize 50000
Sep 26, 2023 4:20:22 PM edu.yu.dbimpl.file.Page setString
INFO: setString called with offset: 0 and String: Hello, World!322
Sep 26, 2023 4:20:22 PM edu.yu.dbimpl.file.FileMgr write
INFO: write called with BlockIdBase: edu.yu.dbimpl.file.BlockId@7c046af and PageBase: edu.yu.dbimpl.file.Page@5c883b3f
Sep 26, 2023 4:20:22 PM edu.yu.dbimpl.file.FileMgr write
INFO: Getting type to write: String
Sep 26, 2023 4:20:22 PM edu.yu.dbimpl.file.FileMgr write
INFO: Writing to file: src/test/java/edu/yu/dbimpl/testingDirectory/testFileModulePerformance322
Sep 26, 2023 4:20:22 PM edu.yu.dbimpl.file.FileMgr write
INFO: Finished write
Sep 26, 2023 4:20:22 PM edu.yu.dbimpl.file.FileMgr read
INFO: read called with BlockIdBase: edu.yu.dbimpl.file.BlockId@7c046af and PageBase: edu.yu.dbimpl.file.Page@5c883b3f
Sep 26, 2023 4:20:22 PM edu.yu.dbimpl.file.Page getBytes
INFO: getBytes called with offset: 0
Sep 26, 2023 4:20:22 PM edu.yu.dbimpl.file.FileMgr read
INFO: Getting type to read: String
Sep 26, 2023 4:20:22 PM edu.yu.dbimpl.file.Page setString
INFO: setString called with offset: 0 and String: Hello, World!322
Sep 26, 2023 4:20:22 PM edu.yu.dbimpl.file.FileMgr append
INFO: append called with filename: testFileModulePerformance323
Sep 26, 2023 4:20:22 PM edu.yu.dbimpl.file.FileMgr append
INFO: Writing to file: src/test/java/edu/yu/dbimpl/testingDirectory/testFileModulePerformance323
Sep 26, 2023 4:20:22 PM edu.yu.dbimpl.file.Page <init>
INFO: Page created with blocksize 50000
Sep 26, 2023 4:20:22 PM edu.yu.dbimpl.file.Page setString
INFO: setString called with offset: 0 and String: Hello, World!323
Sep 26, 2023 4:20:22 PM edu.yu.dbimpl.file.FileMgr write
INFO: write called with BlockIdBase: edu.yu.dbimpl.file.BlockId@a47a011 and PageBase: edu.yu.dbimpl.file.Page@6441da2c
Sep 26, 2023 4:20:22 PM edu.yu.dbimpl.file.FileMgr write
INFO: Getting type to write: String
Sep 26, 2023 4:20:22 PM edu.yu.dbimpl.file.FileMgr write
INFO: Writing to file: src/test/java/edu/yu/dbimpl/testingDirectory/testFileModulePerformance323
Sep 26, 2023 4:20:22 PM edu.yu.dbimpl.file.FileMgr write
INFO: Finished write
Sep 26, 2023 4:20:22 PM edu.yu.dbimpl.file.FileMgr read
INFO: read called with BlockIdBase: edu.yu.dbimpl.file.BlockId@a47a011 and PageBase: edu.yu.dbimpl.file.Page@6441da2c
Sep 26, 2023 4:20:22 PM edu.yu.dbimpl.file.Page getBytes
INFO: getBytes called with offset: 0
Sep 26, 2023 4:20:22 PM edu.yu.dbimpl.file.FileMgr read
INFO: Getting type to read: String
Sep 26, 2023 4:20:22 PM edu.yu.dbimpl.file.Page setString
INFO: setString called with offset: 0 and String: Hello, World!323
Sep 26, 2023 4:20:22 PM edu.yu.dbimpl.file.FileMgr append
INFO: append called with filename: testFileModulePerformance324
Sep 26, 2023 4:20:22 PM edu.yu.dbimpl.file.FileMgr append
INFO: Writing to file: src/test/java/edu/yu/dbimpl/testingDirectory/testFileModulePerformance324
Sep 26, 2023 4:20:22 PM edu.yu.dbimpl.file.Page <init>
INFO: Page created with blocksize 50000
Sep 26, 2023 4:20:22 PM edu.yu.dbimpl.file.Page setString
INFO: setString called with offset: 0 and String: Hello, World!324
Sep 26, 2023 4:20:22 PM edu.yu.dbimpl.file.FileMgr write
INFO: write called with BlockIdBase: edu.yu.dbimpl.file.BlockId@61b11d35 and PageBase: edu.yu.dbimpl.file.Page@7c7d83ff
Sep 26, 2023 4:20:22 PM edu.yu.dbimpl.file.FileMgr write
INFO: Getting type to write: String
Sep 26, 2023 4:20:22 PM edu.yu.dbimpl.file.FileMgr write
INFO: Writing to file: src/test/java/edu/yu/dbimpl/testingDirectory/testFileModulePerformance324
Sep 26, 2023 4:20:22 PM edu.yu.dbimpl.file.FileMgr write
INFO: Finished write
Sep 26, 2023 4:20:22 PM edu.yu.dbimpl.file.FileMgr read
INFO: read called with BlockIdBase: edu.yu.dbimpl.file.BlockId@61b11d35 and PageBase: edu.yu.dbimpl.file.Page@7c7d83ff
Sep 26, 2023 4:20:22 PM edu.yu.dbimpl.file.Page getBytes
INFO: getBytes called with offset: 0
Sep 26, 2023 4:20:22 PM edu.yu.dbimpl.file.FileMgr read
INFO: Getting type to read: String
Sep 26, 2023 4:20:22 PM edu.yu.dbimpl.file.Page setString
INFO: setString called with offset: 0 and String: Hello, World!324
Sep 26, 2023 4:20:22 PM edu.yu.dbimpl.file.FileMgr append
INFO: append called with filename: testFileModulePerformance325
Sep 26, 2023 4:20:22 PM edu.yu.dbimpl.file.FileMgr append
INFO: Writing to file: src/test/java/edu/yu/dbimpl/testingDirectory/testFileModulePerformance325
Sep 26, 2023 4:20:22 PM edu.yu.dbimpl.file.Page <init>
INFO: Page created with blocksize 50000
Sep 26, 2023 4:20:22 PM edu.yu.dbimpl.file.Page setString
INFO: setString called with offset: 0 and String: Hello, World!325
Sep 26, 2023 4:20:22 PM edu.yu.dbimpl.file.FileMgr write
INFO: write called with BlockIdBase: edu.yu.dbimpl.file.BlockId@4b0df349 and PageBase: edu.yu.dbimpl.file.Page@21f7c0be
Sep 26, 2023 4:20:22 PM edu.yu.dbimpl.file.FileMgr write
INFO: Getting type to write: String
Sep 26, 2023 4:20:22 PM edu.yu.dbimpl.file.FileMgr write
INFO: Writing to file: src/test/java/edu/yu/dbimpl/testingDirectory/testFileModulePerformance325
Sep 26, 2023 4:20:22 PM edu.yu.dbimpl.file.FileMgr write
INFO: Finished write
Sep 26, 2023 4:20:22 PM edu.yu.dbimpl.file.FileMgr read
INFO: read called with BlockIdBase: edu.yu.dbimpl.file.BlockId@4b0df349 and PageBase: edu.yu.dbimpl.file.Page@21f7c0be
Sep 26, 2023 4:20:22 PM edu.yu.dbimpl.file.Page getBytes
INFO: getBytes called with offset: 0
Sep 26, 2023 4:20:22 PM edu.yu.dbimpl.file.FileMgr read
INFO: Getting type to read: String
Sep 26, 2023 4:20:22 PM edu.yu.dbimpl.file.Page setString
INFO: setString called with offset: 0 and String: Hello, World!325
Sep 26, 2023 4:20:22 PM edu.yu.dbimpl.file.FileMgr append
INFO: append called with filename: testFileModulePerformance326
Sep 26, 2023 4:20:22 PM edu.yu.dbimpl.file.FileMgr append
INFO: Writing to file: src/test/java/edu/yu/dbimpl/testingDirectory/testFileModulePerformance326
Sep 26, 2023 4:20:22 PM edu.yu.dbimpl.file.Page <init>
INFO: Page created with blocksize 50000
Sep 26, 2023 4:20:22 PM edu.yu.dbimpl.file.Page setString
INFO: setString called with offset: 0 and String: Hello, World!326
Sep 26, 2023 4:20:22 PM edu.yu.dbimpl.file.FileMgr write
INFO: write called with BlockIdBase: edu.yu.dbimpl.file.BlockId@48463900 and PageBase: edu.yu.dbimpl.file.Page@5834298c
Sep 26, 2023 4:20:22 PM edu.yu.dbimpl.file.FileMgr write
INFO: Getting type to write: String
Sep 26, 2023 4:20:22 PM edu.yu.dbimpl.file.FileMgr write
INFO: Writing to file: src/test/java/edu/yu/dbimpl/testingDirectory/testFileModulePerformance326
Sep 26, 2023 4:20:22 PM edu.yu.dbimpl.file.FileMgr write
INFO: Finished write
Sep 26, 2023 4:20:22 PM edu.yu.dbimpl.file.FileMgr read
INFO: read called with BlockIdBase: edu.yu.dbimpl.file.BlockId@48463900 and PageBase: edu.yu.dbimpl.file.Page@5834298c
Sep 26, 2023 4:20:22 PM edu.yu.dbimpl.file.Page getBytes
INFO: getBytes called with offset: 0
Sep 26, 2023 4:20:22 PM edu.yu.dbimpl.file.FileMgr read
INFO: Getting type to read: String
Sep 26, 2023 4:20:22 PM edu.yu.dbimpl.file.Page setString
INFO: setString called with offset: 0 and String: Hello, World!326
Sep 26, 2023 4:20:22 PM edu.yu.dbimpl.file.FileMgr append
INFO: append called with filename: testFileModulePerformance327
Sep 26, 2023 4:20:22 PM edu.yu.dbimpl.file.FileMgr append
INFO: Writing to file: src/test/java/edu/yu/dbimpl/testingDirectory/testFileModulePerformance327
Sep 26, 2023 4:20:22 PM edu.yu.dbimpl.file.Page <init>
INFO: Page created with blocksize 50000
Sep 26, 2023 4:20:22 PM edu.yu.dbimpl.file.Page setString
INFO: setString called with offset: 0 and String: Hello, World!327
Sep 26, 2023 4:20:22 PM edu.yu.dbimpl.file.FileMgr write
INFO: write called with BlockIdBase: edu.yu.dbimpl.file.BlockId@7c070e78 and PageBase: edu.yu.dbimpl.file.Page@63ead376
Sep 26, 2023 4:20:22 PM edu.yu.dbimpl.file.FileMgr write
INFO: Getting type to write: String
Sep 26, 2023 4:20:22 PM edu.yu.dbimpl.file.FileMgr write
INFO: Writing to file: src/test/java/edu/yu/dbimpl/testingDirectory/testFileModulePerformance327
Sep 26, 2023 4:20:22 PM edu.yu.dbimpl.file.FileMgr write
INFO: Finished write
Sep 26, 2023 4:20:22 PM edu.yu.dbimpl.file.FileMgr read
INFO: read called with BlockIdBase: edu.yu.dbimpl.file.BlockId@7c070e78 and PageBase: edu.yu.dbimpl.file.Page@63ead376
Sep 26, 2023 4:20:22 PM edu.yu.dbimpl.file.Page getBytes
INFO: getBytes called with offset: 0
Sep 26, 2023 4:20:22 PM edu.yu.dbimpl.file.FileMgr read
INFO: Getting type to read: String
Sep 26, 2023 4:20:22 PM edu.yu.dbimpl.file.Page setString
INFO: setString called with offset: 0 and String: Hello, World!327
Sep 26, 2023 4:20:22 PM edu.yu.dbimpl.file.FileMgr append
INFO: append called with filename: testFileModulePerformance328
Sep 26, 2023 4:20:22 PM edu.yu.dbimpl.file.FileMgr append
INFO: Writing to file: src/test/java/edu/yu/dbimpl/testingDirectory/testFileModulePerformance328
Sep 26, 2023 4:20:22 PM edu.yu.dbimpl.file.Page <init>
INFO: Page created with blocksize 50000
Sep 26, 2023 4:20:22 PM edu.yu.dbimpl.file.Page setString
INFO: setString called with offset: 0 and String: Hello, World!328
Sep 26, 2023 4:20:22 PM edu.yu.dbimpl.file.FileMgr write
INFO: write called with BlockIdBase: edu.yu.dbimpl.file.BlockId@1a1d7832 and PageBase: edu.yu.dbimpl.file.Page@639c5ab4
Sep 26, 2023 4:20:22 PM edu.yu.dbimpl.file.FileMgr write
INFO: Getting type to write: String
Sep 26, 2023 4:20:22 PM edu.yu.dbimpl.file.FileMgr write
INFO: Writing to file: src/test/java/edu/yu/dbimpl/testingDirectory/testFileModulePerformance328
Sep 26, 2023 4:20:22 PM edu.yu.dbimpl.file.FileMgr write
INFO: Finished write
Sep 26, 2023 4:20:22 PM edu.yu.dbimpl.file.FileMgr read
INFO: read called with BlockIdBase: edu.yu.dbimpl.file.BlockId@1a1d7832 and PageBase: edu.yu.dbimpl.file.Page@639c5ab4
Sep 26, 2023 4:20:22 PM edu.yu.dbimpl.file.Page getBytes
INFO: getBytes called with offset: 0
Sep 26, 2023 4:20:22 PM edu.yu.dbimpl.file.FileMgr read
INFO: Getting type to read: String
Sep 26, 2023 4:20:22 PM edu.yu.dbimpl.file.Page setString
INFO: setString called with offset: 0 and String: Hello, World!328
Sep 26, 2023 4:20:22 PM edu.yu.dbimpl.file.FileMgr append
INFO: append called with filename: testFileModulePerformance329
Sep 26, 2023 4:20:22 PM edu.yu.dbimpl.file.FileMgr append
INFO: Writing to file: src/test/java/edu/yu/dbimpl/testingDirectory/testFileModulePerformance329
Sep 26, 2023 4:20:22 PM edu.yu.dbimpl.file.Page <init>
INFO: Page created with blocksize 50000
Sep 26, 2023 4:20:22 PM edu.yu.dbimpl.file.Page setString
INFO: setString called with offset: 0 and String: Hello, World!329
Sep 26, 2023 4:20:22 PM edu.yu.dbimpl.file.FileMgr write
INFO: write called with BlockIdBase: edu.yu.dbimpl.file.BlockId@272cec71 and PageBase: edu.yu.dbimpl.file.Page@12e8ea81
Sep 26, 2023 4:20:22 PM edu.yu.dbimpl.file.FileMgr write
INFO: Getting type to write: String
Sep 26, 2023 4:20:22 PM edu.yu.dbimpl.file.FileMgr write
INFO: Writing to file: src/test/java/edu/yu/dbimpl/testingDirectory/testFileModulePerformance329
Sep 26, 2023 4:20:22 PM edu.yu.dbimpl.file.FileMgr write
INFO: Finished write
Sep 26, 2023 4:20:22 PM edu.yu.dbimpl.file.FileMgr read
INFO: read called with BlockIdBase: edu.yu.dbimpl.file.BlockId@272cec71 and PageBase: edu.yu.dbimpl.file.Page@12e8ea81
Sep 26, 2023 4:20:22 PM edu.yu.dbimpl.file.Page getBytes
INFO: getBytes called with offset: 0
Sep 26, 2023 4:20:22 PM edu.yu.dbimpl.file.FileMgr read
INFO: Getting type to read: String
Sep 26, 2023 4:20:22 PM edu.yu.dbimpl.file.Page setString
INFO: setString called with offset: 0 and String: Hello, World!329
Sep 26, 2023 4:20:22 PM edu.yu.dbimpl.file.FileMgr append
INFO: append called with filename: testFileModulePerformance330
Sep 26, 2023 4:20:22 PM edu.yu.dbimpl.file.FileMgr append
INFO: Writing to file: src/test/java/edu/yu/dbimpl/testingDirectory/testFileModulePerformance330
Sep 26, 2023 4:20:22 PM edu.yu.dbimpl.file.Page <init>
INFO: Page created with blocksize 50000
Sep 26, 2023 4:20:22 PM edu.yu.dbimpl.file.Page setString
INFO: setString called with offset: 0 and String: Hello, World!330
Sep 26, 2023 4:20:22 PM edu.yu.dbimpl.file.FileMgr write
INFO: write called with BlockIdBase: edu.yu.dbimpl.file.BlockId@6345dc06 and PageBase: edu.yu.dbimpl.file.Page@628d6320
Sep 26, 2023 4:20:22 PM edu.yu.dbimpl.file.FileMgr write
INFO: Getting type to write: String
Sep 26, 2023 4:20:22 PM edu.yu.dbimpl.file.FileMgr write
INFO: Writing to file: src/test/java/edu/yu/dbimpl/testingDirectory/testFileModulePerformance330
Sep 26, 2023 4:20:22 PM edu.yu.dbimpl.file.FileMgr write
INFO: Finished write
Sep 26, 2023 4:20:22 PM edu.yu.dbimpl.file.FileMgr read
INFO: read called with BlockIdBase: edu.yu.dbimpl.file.BlockId@6345dc06 and PageBase: edu.yu.dbimpl.file.Page@628d6320
Sep 26, 2023 4:20:22 PM edu.yu.dbimpl.file.Page getBytes
INFO: getBytes called with offset: 0
Sep 26, 2023 4:20:22 PM edu.yu.dbimpl.file.FileMgr read
INFO: Getting type to read: String
Sep 26, 2023 4:20:22 PM edu.yu.dbimpl.file.Page setString
INFO: setString called with offset: 0 and String: Hello, World!330
Sep 26, 2023 4:20:22 PM edu.yu.dbimpl.file.FileMgr append
INFO: append called with filename: testFileModulePerformance331
Sep 26, 2023 4:20:22 PM edu.yu.dbimpl.file.FileMgr append
INFO: Writing to file: src/test/java/edu/yu/dbimpl/testingDirectory/testFileModulePerformance331
Sep 26, 2023 4:20:22 PM edu.yu.dbimpl.file.Page <init>
INFO: Page created with blocksize 50000
Sep 26, 2023 4:20:22 PM edu.yu.dbimpl.file.Page setString
INFO: setString called with offset: 0 and String: Hello, World!331
Sep 26, 2023 4:20:22 PM edu.yu.dbimpl.file.FileMgr write
INFO: write called with BlockIdBase: edu.yu.dbimpl.file.BlockId@22025464 and PageBase: edu.yu.dbimpl.file.Page@77eb0e47
Sep 26, 2023 4:20:22 PM edu.yu.dbimpl.file.FileMgr write
INFO: Getting type to write: String
Sep 26, 2023 4:20:22 PM edu.yu.dbimpl.file.FileMgr write
INFO: Writing to file: src/test/java/edu/yu/dbimpl/testingDirectory/testFileModulePerformance331
Sep 26, 2023 4:20:22 PM edu.yu.dbimpl.file.FileMgr write
INFO: Finished write
Sep 26, 2023 4:20:22 PM edu.yu.dbimpl.file.FileMgr read
INFO: read called with BlockIdBase: edu.yu.dbimpl.file.BlockId@22025464 and PageBase: edu.yu.dbimpl.file.Page@77eb0e47
Sep 26, 2023 4:20:22 PM edu.yu.dbimpl.file.Page getBytes
INFO: getBytes called with offset: 0
Sep 26, 2023 4:20:22 PM edu.yu.dbimpl.file.FileMgr read
INFO: Getting type to read: String
Sep 26, 2023 4:20:22 PM edu.yu.dbimpl.file.Page setString
INFO: setString called with offset: 0 and String: Hello, World!331
Sep 26, 2023 4:20:22 PM edu.yu.dbimpl.file.FileMgr append
INFO: append called with filename: testFileModulePerformance332
Sep 26, 2023 4:20:22 PM edu.yu.dbimpl.file.FileMgr append
INFO: Writing to file: src/test/java/edu/yu/dbimpl/testingDirectory/testFileModulePerformance332
Sep 26, 2023 4:20:22 PM edu.yu.dbimpl.file.Page <init>
INFO: Page created with blocksize 50000
Sep 26, 2023 4:20:22 PM edu.yu.dbimpl.file.Page setString
INFO: setString called with offset: 0 and String: Hello, World!332
Sep 26, 2023 4:20:22 PM edu.yu.dbimpl.file.FileMgr write
INFO: write called with BlockIdBase: edu.yu.dbimpl.file.BlockId@3a034950 and PageBase: edu.yu.dbimpl.file.Page@331eb953
Sep 26, 2023 4:20:22 PM edu.yu.dbimpl.file.FileMgr write
INFO: Getting type to write: String
Sep 26, 2023 4:20:22 PM edu.yu.dbimpl.file.FileMgr write
INFO: Writing to file: src/test/java/edu/yu/dbimpl/testingDirectory/testFileModulePerformance332
Sep 26, 2023 4:20:22 PM edu.yu.dbimpl.file.FileMgr write
INFO: Finished write
Sep 26, 2023 4:20:22 PM edu.yu.dbimpl.file.FileMgr read
INFO: read called with BlockIdBase: edu.yu.dbimpl.file.BlockId@3a034950 and PageBase: edu.yu.dbimpl.file.Page@331eb953
Sep 26, 2023 4:20:22 PM edu.yu.dbimpl.file.Page getBytes
INFO: getBytes called with offset: 0
Sep 26, 2023 4:20:22 PM edu.yu.dbimpl.file.FileMgr read
INFO: Getting type to read: String
Sep 26, 2023 4:20:22 PM edu.yu.dbimpl.file.Page setString
INFO: setString called with offset: 0 and String: Hello, World!332
Sep 26, 2023 4:20:22 PM edu.yu.dbimpl.file.FileMgr append
INFO: append called with filename: testFileModulePerformance333
Sep 26, 2023 4:20:22 PM edu.yu.dbimpl.file.FileMgr append
INFO: Writing to file: src/test/java/edu/yu/dbimpl/testingDirectory/testFileModulePerformance333
Sep 26, 2023 4:20:22 PM edu.yu.dbimpl.file.Page <init>
INFO: Page created with blocksize 50000
Sep 26, 2023 4:20:22 PM edu.yu.dbimpl.file.Page setString
INFO: setString called with offset: 0 and String: Hello, World!333
Sep 26, 2023 4:20:22 PM edu.yu.dbimpl.file.FileMgr write
INFO: write called with BlockIdBase: edu.yu.dbimpl.file.BlockId@38f7a20 and PageBase: edu.yu.dbimpl.file.Page@2c39c520
Sep 26, 2023 4:20:22 PM edu.yu.dbimpl.file.FileMgr write
INFO: Getting type to write: String
Sep 26, 2023 4:20:22 PM edu.yu.dbimpl.file.FileMgr write
INFO: Writing to file: src/test/java/edu/yu/dbimpl/testingDirectory/testFileModulePerformance333
Sep 26, 2023 4:20:22 PM edu.yu.dbimpl.file.FileMgr write
INFO: Finished write
Sep 26, 2023 4:20:22 PM edu.yu.dbimpl.file.FileMgr read
INFO: read called with BlockIdBase: edu.yu.dbimpl.file.BlockId@38f7a20 and PageBase: edu.yu.dbimpl.file.Page@2c39c520
Sep 26, 2023 4:20:22 PM edu.yu.dbimpl.file.Page getBytes
INFO: getBytes called with offset: 0
Sep 26, 2023 4:20:22 PM edu.yu.dbimpl.file.FileMgr read
INFO: Getting type to read: String
Sep 26, 2023 4:20:22 PM edu.yu.dbimpl.file.Page setString
INFO: setString called with offset: 0 and String: Hello, World!333
Sep 26, 2023 4:20:22 PM edu.yu.dbimpl.file.FileMgr append
INFO: append called with filename: testFileModulePerformance334
Sep 26, 2023 4:20:22 PM edu.yu.dbimpl.file.FileMgr append
INFO: Writing to file: src/test/java/edu/yu/dbimpl/testingDirectory/testFileModulePerformance334
Sep 26, 2023 4:20:22 PM edu.yu.dbimpl.file.Page <init>
INFO: Page created with blocksize 50000
Sep 26, 2023 4:20:22 PM edu.yu.dbimpl.file.Page setString
INFO: setString called with offset: 0 and String: Hello, World!334
Sep 26, 2023 4:20:22 PM edu.yu.dbimpl.file.FileMgr write
INFO: write called with BlockIdBase: edu.yu.dbimpl.file.BlockId@c50503e and PageBase: edu.yu.dbimpl.file.Page@4ac2b4c6
Sep 26, 2023 4:20:22 PM edu.yu.dbimpl.file.FileMgr write
INFO: Getting type to write: String
Sep 26, 2023 4:20:22 PM edu.yu.dbimpl.file.FileMgr write
INFO: Writing to file: src/test/java/edu/yu/dbimpl/testingDirectory/testFileModulePerformance334
Sep 26, 2023 4:20:22 PM edu.yu.dbimpl.file.FileMgr write
INFO: Finished write
Sep 26, 2023 4:20:22 PM edu.yu.dbimpl.file.FileMgr read
INFO: read called with BlockIdBase: edu.yu.dbimpl.file.BlockId@c50503e and PageBase: edu.yu.dbimpl.file.Page@4ac2b4c6
Sep 26, 2023 4:20:22 PM edu.yu.dbimpl.file.Page getBytes
INFO: getBytes called with offset: 0
Sep 26, 2023 4:20:22 PM edu.yu.dbimpl.file.FileMgr read
INFO: Getting type to read: String
Sep 26, 2023 4:20:22 PM edu.yu.dbimpl.file.Page setString
INFO: setString called with offset: 0 and String: Hello, World!334
Sep 26, 2023 4:20:22 PM edu.yu.dbimpl.file.FileMgr append
INFO: append called with filename: testFileModulePerformance335
Sep 26, 2023 4:20:22 PM edu.yu.dbimpl.file.FileMgr append
INFO: Writing to file: src/test/java/edu/yu/dbimpl/testingDirectory/testFileModulePerformance335
Sep 26, 2023 4:20:22 PM edu.yu.dbimpl.file.Page <init>
INFO: Page created with blocksize 50000
Sep 26, 2023 4:20:22 PM edu.yu.dbimpl.file.Page setString
INFO: setString called with offset: 0 and String: Hello, World!335
Sep 26, 2023 4:20:22 PM edu.yu.dbimpl.file.FileMgr write
INFO: write called with BlockIdBase: edu.yu.dbimpl.file.BlockId@326489c4 and PageBase: edu.yu.dbimpl.file.Page@50165a6d
Sep 26, 2023 4:20:22 PM edu.yu.dbimpl.file.FileMgr write
INFO: Getting type to write: String
Sep 26, 2023 4:20:22 PM edu.yu.dbimpl.file.FileMgr write
INFO: Writing to file: src/test/java/edu/yu/dbimpl/testingDirectory/testFileModulePerformance335
Sep 26, 2023 4:20:22 PM edu.yu.dbimpl.file.FileMgr write
INFO: Finished write
Sep 26, 2023 4:20:22 PM edu.yu.dbimpl.file.FileMgr read
INFO: read called with BlockIdBase: edu.yu.dbimpl.file.BlockId@326489c4 and PageBase: edu.yu.dbimpl.file.Page@50165a6d
Sep 26, 2023 4:20:22 PM edu.yu.dbimpl.file.Page getBytes
INFO: getBytes called with offset: 0
Sep 26, 2023 4:20:22 PM edu.yu.dbimpl.file.FileMgr read
INFO: Getting type to read: String
Sep 26, 2023 4:20:22 PM edu.yu.dbimpl.file.Page setString
INFO: setString called with offset: 0 and String: Hello, World!335
Sep 26, 2023 4:20:22 PM edu.yu.dbimpl.file.FileMgr append
INFO: append called with filename: testFileModulePerformance336
Sep 26, 2023 4:20:22 PM edu.yu.dbimpl.file.FileMgr append
INFO: Writing to file: src/test/java/edu/yu/dbimpl/testingDirectory/testFileModulePerformance336
Sep 26, 2023 4:20:22 PM edu.yu.dbimpl.file.Page <init>
INFO: Page created with blocksize 50000
Sep 26, 2023 4:20:22 PM edu.yu.dbimpl.file.Page setString
INFO: setString called with offset: 0 and String: Hello, World!336
Sep 26, 2023 4:20:22 PM edu.yu.dbimpl.file.FileMgr write
INFO: write called with BlockIdBase: edu.yu.dbimpl.file.BlockId@5ec921f1 and PageBase: edu.yu.dbimpl.file.Page@172ca6a
Sep 26, 2023 4:20:22 PM edu.yu.dbimpl.file.FileMgr write
INFO: Getting type to write: String
Sep 26, 2023 4:20:22 PM edu.yu.dbimpl.file.FileMgr write
INFO: Writing to file: src/test/java/edu/yu/dbimpl/testingDirectory/testFileModulePerformance336
Sep 26, 2023 4:20:22 PM edu.yu.dbimpl.file.FileMgr write
INFO: Finished write
Sep 26, 2023 4:20:22 PM edu.yu.dbimpl.file.FileMgr read
INFO: read called with BlockIdBase: edu.yu.dbimpl.file.BlockId@5ec921f1 and PageBase: edu.yu.dbimpl.file.Page@172ca6a
Sep 26, 2023 4:20:22 PM edu.yu.dbimpl.file.Page getBytes
INFO: getBytes called with offset: 0
Sep 26, 2023 4:20:22 PM edu.yu.dbimpl.file.FileMgr read
INFO: Getting type to read: String
Sep 26, 2023 4:20:22 PM edu.yu.dbimpl.file.Page setString
INFO: setString called with offset: 0 and String: Hello, World!336
Sep 26, 2023 4:20:22 PM edu.yu.dbimpl.file.FileMgr append
INFO: append called with filename: testFileModulePerformance337
Sep 26, 2023 4:20:22 PM edu.yu.dbimpl.file.FileMgr append
INFO: Writing to file: src/test/java/edu/yu/dbimpl/testingDirectory/testFileModulePerformance337
Sep 26, 2023 4:20:22 PM edu.yu.dbimpl.file.Page <init>
INFO: Page created with blocksize 50000
Sep 26, 2023 4:20:22 PM edu.yu.dbimpl.file.Page setString
INFO: setString called with offset: 0 and String: Hello, World!337
Sep 26, 2023 4:20:22 PM edu.yu.dbimpl.file.FileMgr write
INFO: write called with BlockIdBase: edu.yu.dbimpl.file.BlockId@174e5929 and PageBase: edu.yu.dbimpl.file.Page@7569bc9f
Sep 26, 2023 4:20:22 PM edu.yu.dbimpl.file.FileMgr write
INFO: Getting type to write: String
Sep 26, 2023 4:20:22 PM edu.yu.dbimpl.file.FileMgr write
INFO: Writing to file: src/test/java/edu/yu/dbimpl/testingDirectory/testFileModulePerformance337
Sep 26, 2023 4:20:22 PM edu.yu.dbimpl.file.FileMgr write
INFO: Finished write
Sep 26, 2023 4:20:22 PM edu.yu.dbimpl.file.FileMgr read
INFO: read called with BlockIdBase: edu.yu.dbimpl.file.BlockId@174e5929 and PageBase: edu.yu.dbimpl.file.Page@7569bc9f
Sep 26, 2023 4:20:22 PM edu.yu.dbimpl.file.Page getBytes
INFO: getBytes called with offset: 0
Sep 26, 2023 4:20:22 PM edu.yu.dbimpl.file.FileMgr read
INFO: Getting type to read: String
Sep 26, 2023 4:20:22 PM edu.yu.dbimpl.file.Page setString
INFO: setString called with offset: 0 and String: Hello, World!337
Sep 26, 2023 4:20:22 PM edu.yu.dbimpl.file.FileMgr append
INFO: append called with filename: testFileModulePerformance338
Sep 26, 2023 4:20:22 PM edu.yu.dbimpl.file.FileMgr append
INFO: Writing to file: src/test/java/edu/yu/dbimpl/testingDirectory/testFileModulePerformance338
Sep 26, 2023 4:20:22 PM edu.yu.dbimpl.file.Page <init>
INFO: Page created with blocksize 50000
Sep 26, 2023 4:20:22 PM edu.yu.dbimpl.file.Page setString
INFO: setString called with offset: 0 and String: Hello, World!338
Sep 26, 2023 4:20:22 PM edu.yu.dbimpl.file.FileMgr write
INFO: write called with BlockIdBase: edu.yu.dbimpl.file.BlockId@62b8dd6a and PageBase: edu.yu.dbimpl.file.Page@758e6acd
Sep 26, 2023 4:20:22 PM edu.yu.dbimpl.file.FileMgr write
INFO: Getting type to write: String
Sep 26, 2023 4:20:22 PM edu.yu.dbimpl.file.FileMgr write
INFO: Writing to file: src/test/java/edu/yu/dbimpl/testingDirectory/testFileModulePerformance338
Sep 26, 2023 4:20:22 PM edu.yu.dbimpl.file.FileMgr write
INFO: Finished write
Sep 26, 2023 4:20:22 PM edu.yu.dbimpl.file.FileMgr read
INFO: read called with BlockIdBase: edu.yu.dbimpl.file.BlockId@62b8dd6a and PageBase: edu.yu.dbimpl.file.Page@758e6acd
Sep 26, 2023 4:20:22 PM edu.yu.dbimpl.file.Page getBytes
INFO: getBytes called with offset: 0
Sep 26, 2023 4:20:22 PM edu.yu.dbimpl.file.FileMgr read
INFO: Getting type to read: String
Sep 26, 2023 4:20:22 PM edu.yu.dbimpl.file.Page setString
INFO: setString called with offset: 0 and String: Hello, World!338
Sep 26, 2023 4:20:22 PM edu.yu.dbimpl.file.FileMgr append
INFO: append called with filename: testFileModulePerformance339
Sep 26, 2023 4:20:22 PM edu.yu.dbimpl.file.FileMgr append
INFO: Writing to file: src/test/java/edu/yu/dbimpl/testingDirectory/testFileModulePerformance339
Sep 26, 2023 4:20:22 PM edu.yu.dbimpl.file.Page <init>
INFO: Page created with blocksize 50000
Sep 26, 2023 4:20:22 PM edu.yu.dbimpl.file.Page setString
INFO: setString called with offset: 0 and String: Hello, World!339
Sep 26, 2023 4:20:22 PM edu.yu.dbimpl.file.FileMgr write
INFO: write called with BlockIdBase: edu.yu.dbimpl.file.BlockId@10ecf244 and PageBase: edu.yu.dbimpl.file.Page@28592982
Sep 26, 2023 4:20:22 PM edu.yu.dbimpl.file.FileMgr write
INFO: Getting type to write: String
Sep 26, 2023 4:20:22 PM edu.yu.dbimpl.file.FileMgr write
INFO: Writing to file: src/test/java/edu/yu/dbimpl/testingDirectory/testFileModulePerformance339
Sep 26, 2023 4:20:22 PM edu.yu.dbimpl.file.FileMgr write
INFO: Finished write
Sep 26, 2023 4:20:22 PM edu.yu.dbimpl.file.FileMgr read
INFO: read called with BlockIdBase: edu.yu.dbimpl.file.BlockId@10ecf244 and PageBase: edu.yu.dbimpl.file.Page@28592982
Sep 26, 2023 4:20:22 PM edu.yu.dbimpl.file.Page getBytes
INFO: getBytes called with offset: 0
Sep 26, 2023 4:20:22 PM edu.yu.dbimpl.file.FileMgr read
INFO: Getting type to read: String
Sep 26, 2023 4:20:22 PM edu.yu.dbimpl.file.Page setString
INFO: setString called with offset: 0 and String: Hello, World!339
Sep 26, 2023 4:20:22 PM edu.yu.dbimpl.file.FileMgr append
INFO: append called with filename: testFileModulePerformance340
Sep 26, 2023 4:20:22 PM edu.yu.dbimpl.file.FileMgr append
INFO: Writing to file: src/test/java/edu/yu/dbimpl/testingDirectory/testFileModulePerformance340
Sep 26, 2023 4:20:22 PM edu.yu.dbimpl.file.Page <init>
INFO: Page created with blocksize 50000
Sep 26, 2023 4:20:22 PM edu.yu.dbimpl.file.Page setString
INFO: setString called with offset: 0 and String: Hello, World!340
Sep 26, 2023 4:20:22 PM edu.yu.dbimpl.file.FileMgr write
INFO: write called with BlockIdBase: edu.yu.dbimpl.file.BlockId@caee26e and PageBase: edu.yu.dbimpl.file.Page@a703934
Sep 26, 2023 4:20:22 PM edu.yu.dbimpl.file.FileMgr write
INFO: Getting type to write: String
Sep 26, 2023 4:20:22 PM edu.yu.dbimpl.file.FileMgr write
INFO: Writing to file: src/test/java/edu/yu/dbimpl/testingDirectory/testFileModulePerformance340
Sep 26, 2023 4:20:22 PM edu.yu.dbimpl.file.FileMgr write
INFO: Finished write
Sep 26, 2023 4:20:22 PM edu.yu.dbimpl.file.FileMgr read
INFO: read called with BlockIdBase: edu.yu.dbimpl.file.BlockId@caee26e and PageBase: edu.yu.dbimpl.file.Page@a703934
Sep 26, 2023 4:20:22 PM edu.yu.dbimpl.file.Page getBytes
INFO: getBytes called with offset: 0
Sep 26, 2023 4:20:22 PM edu.yu.dbimpl.file.FileMgr read
INFO: Getting type to read: String
Sep 26, 2023 4:20:22 PM edu.yu.dbimpl.file.Page setString
INFO: setString called with offset: 0 and String: Hello, World!340
Sep 26, 2023 4:20:22 PM edu.yu.dbimpl.file.FileMgr append
INFO: append called with filename: testFileModulePerformance341
Sep 26, 2023 4:20:22 PM edu.yu.dbimpl.file.FileMgr append
INFO: Writing to file: src/test/java/edu/yu/dbimpl/testingDirectory/testFileModulePerformance341
Sep 26, 2023 4:20:22 PM edu.yu.dbimpl.file.Page <init>
INFO: Page created with blocksize 50000
Sep 26, 2023 4:20:22 PM edu.yu.dbimpl.file.Page setString
INFO: setString called with offset: 0 and String: Hello, World!341
Sep 26, 2023 4:20:22 PM edu.yu.dbimpl.file.FileMgr write
INFO: write called with BlockIdBase: edu.yu.dbimpl.file.BlockId@7df994ec and PageBase: edu.yu.dbimpl.file.Page@1c8da7e8
Sep 26, 2023 4:20:22 PM edu.yu.dbimpl.file.FileMgr write
INFO: Getting type to write: String
Sep 26, 2023 4:20:22 PM edu.yu.dbimpl.file.FileMgr write
INFO: Writing to file: src/test/java/edu/yu/dbimpl/testingDirectory/testFileModulePerformance341
Sep 26, 2023 4:20:22 PM edu.yu.dbimpl.file.FileMgr write
INFO: Finished write
Sep 26, 2023 4:20:22 PM edu.yu.dbimpl.file.FileMgr read
INFO: read called with BlockIdBase: edu.yu.dbimpl.file.BlockId@7df994ec and PageBase: edu.yu.dbimpl.file.Page@1c8da7e8
Sep 26, 2023 4:20:22 PM edu.yu.dbimpl.file.Page getBytes
INFO: getBytes called with offset: 0
Sep 26, 2023 4:20:22 PM edu.yu.dbimpl.file.FileMgr read
INFO: Getting type to read: String
Sep 26, 2023 4:20:22 PM edu.yu.dbimpl.file.Page setString
INFO: setString called with offset: 0 and String: Hello, World!341
Sep 26, 2023 4:20:22 PM edu.yu.dbimpl.file.FileMgr append
INFO: append called with filename: testFileModulePerformance342
Sep 26, 2023 4:20:22 PM edu.yu.dbimpl.file.FileMgr append
INFO: Writing to file: src/test/java/edu/yu/dbimpl/testingDirectory/testFileModulePerformance342
Sep 26, 2023 4:20:22 PM edu.yu.dbimpl.file.Page <init>
INFO: Page created with blocksize 50000
Sep 26, 2023 4:20:22 PM edu.yu.dbimpl.file.Page setString
INFO: setString called with offset: 0 and String: Hello, World!342
Sep 26, 2023 4:20:22 PM edu.yu.dbimpl.file.FileMgr write
INFO: write called with BlockIdBase: edu.yu.dbimpl.file.BlockId@674b9b85 and PageBase: edu.yu.dbimpl.file.Page@6c79a7c1
Sep 26, 2023 4:20:22 PM edu.yu.dbimpl.file.FileMgr write
INFO: Getting type to write: String
Sep 26, 2023 4:20:22 PM edu.yu.dbimpl.file.FileMgr write
INFO: Writing to file: src/test/java/edu/yu/dbimpl/testingDirectory/testFileModulePerformance342
Sep 26, 2023 4:20:22 PM edu.yu.dbimpl.file.FileMgr write
INFO: Finished write
Sep 26, 2023 4:20:22 PM edu.yu.dbimpl.file.FileMgr read
INFO: read called with BlockIdBase: edu.yu.dbimpl.file.BlockId@674b9b85 and PageBase: edu.yu.dbimpl.file.Page@6c79a7c1
Sep 26, 2023 4:20:22 PM edu.yu.dbimpl.file.Page getBytes
INFO: getBytes called with offset: 0
Sep 26, 2023 4:20:22 PM edu.yu.dbimpl.file.FileMgr read
INFO: Getting type to read: String
Sep 26, 2023 4:20:22 PM edu.yu.dbimpl.file.Page setString
INFO: setString called with offset: 0 and String: Hello, World!342
Sep 26, 2023 4:20:22 PM edu.yu.dbimpl.file.FileMgr append
INFO: append called with filename: testFileModulePerformance343
Sep 26, 2023 4:20:22 PM edu.yu.dbimpl.file.FileMgr append
INFO: Writing to file: src/test/java/edu/yu/dbimpl/testingDirectory/testFileModulePerformance343
Sep 26, 2023 4:20:22 PM edu.yu.dbimpl.file.Page <init>
INFO: Page created with blocksize 50000
Sep 26, 2023 4:20:22 PM edu.yu.dbimpl.file.Page setString
INFO: setString called with offset: 0 and String: Hello, World!343
Sep 26, 2023 4:20:22 PM edu.yu.dbimpl.file.FileMgr write
INFO: write called with BlockIdBase: edu.yu.dbimpl.file.BlockId@5d160056 and PageBase: edu.yu.dbimpl.file.Page@2c555efb
Sep 26, 2023 4:20:22 PM edu.yu.dbimpl.file.FileMgr write
INFO: Getting type to write: String
Sep 26, 2023 4:20:22 PM edu.yu.dbimpl.file.FileMgr write
INFO: Writing to file: src/test/java/edu/yu/dbimpl/testingDirectory/testFileModulePerformance343
Sep 26, 2023 4:20:22 PM edu.yu.dbimpl.file.FileMgr write
INFO: Finished write
Sep 26, 2023 4:20:22 PM edu.yu.dbimpl.file.FileMgr read
INFO: read called with BlockIdBase: edu.yu.dbimpl.file.BlockId@5d160056 and PageBase: edu.yu.dbimpl.file.Page@2c555efb
Sep 26, 2023 4:20:22 PM edu.yu.dbimpl.file.Page getBytes
INFO: getBytes called with offset: 0
Sep 26, 2023 4:20:22 PM edu.yu.dbimpl.file.FileMgr read
INFO: Getting type to read: String
Sep 26, 2023 4:20:22 PM edu.yu.dbimpl.file.Page setString
INFO: setString called with offset: 0 and String: Hello, World!343
Sep 26, 2023 4:20:22 PM edu.yu.dbimpl.file.FileMgr append
INFO: append called with filename: testFileModulePerformance344
Sep 26, 2023 4:20:22 PM edu.yu.dbimpl.file.FileMgr append
INFO: Writing to file: src/test/java/edu/yu/dbimpl/testingDirectory/testFileModulePerformance344
Sep 26, 2023 4:20:22 PM edu.yu.dbimpl.file.Page <init>
INFO: Page created with blocksize 50000
Sep 26, 2023 4:20:22 PM edu.yu.dbimpl.file.Page setString
INFO: setString called with offset: 0 and String: Hello, World!344
Sep 26, 2023 4:20:22 PM edu.yu.dbimpl.file.FileMgr write
INFO: write called with BlockIdBase: edu.yu.dbimpl.file.BlockId@17796f47 and PageBase: edu.yu.dbimpl.file.Page@369f85c6
Sep 26, 2023 4:20:22 PM edu.yu.dbimpl.file.FileMgr write
INFO: Getting type to write: String
Sep 26, 2023 4:20:22 PM edu.yu.dbimpl.file.FileMgr write
INFO: Writing to file: src/test/java/edu/yu/dbimpl/testingDirectory/testFileModulePerformance344
Sep 26, 2023 4:20:22 PM edu.yu.dbimpl.file.FileMgr write
INFO: Finished write
Sep 26, 2023 4:20:22 PM edu.yu.dbimpl.file.FileMgr read
INFO: read called with BlockIdBase: edu.yu.dbimpl.file.BlockId@17796f47 and PageBase: edu.yu.dbimpl.file.Page@369f85c6
Sep 26, 2023 4:20:22 PM edu.yu.dbimpl.file.Page getBytes
INFO: getBytes called with offset: 0
Sep 26, 2023 4:20:22 PM edu.yu.dbimpl.file.FileMgr read
INFO: Getting type to read: String
Sep 26, 2023 4:20:22 PM edu.yu.dbimpl.file.Page setString
INFO: setString called with offset: 0 and String: Hello, World!344
Sep 26, 2023 4:20:22 PM edu.yu.dbimpl.file.FileMgr append
INFO: append called with filename: testFileModulePerformance345
Sep 26, 2023 4:20:22 PM edu.yu.dbimpl.file.FileMgr append
INFO: Writing to file: src/test/java/edu/yu/dbimpl/testingDirectory/testFileModulePerformance345
Sep 26, 2023 4:20:22 PM edu.yu.dbimpl.file.Page <init>
INFO: Page created with blocksize 50000
Sep 26, 2023 4:20:22 PM edu.yu.dbimpl.file.Page setString
INFO: setString called with offset: 0 and String: Hello, World!345
Sep 26, 2023 4:20:22 PM edu.yu.dbimpl.file.FileMgr write
INFO: write called with BlockIdBase: edu.yu.dbimpl.file.BlockId@5b6637f3 and PageBase: edu.yu.dbimpl.file.Page@5dc218e2
Sep 26, 2023 4:20:22 PM edu.yu.dbimpl.file.FileMgr write
INFO: Getting type to write: String
Sep 26, 2023 4:20:22 PM edu.yu.dbimpl.file.FileMgr write
INFO: Writing to file: src/test/java/edu/yu/dbimpl/testingDirectory/testFileModulePerformance345
Sep 26, 2023 4:20:22 PM edu.yu.dbimpl.file.FileMgr write
INFO: Finished write
Sep 26, 2023 4:20:22 PM edu.yu.dbimpl.file.FileMgr read
INFO: read called with BlockIdBase: edu.yu.dbimpl.file.BlockId@5b6637f3 and PageBase: edu.yu.dbimpl.file.Page@5dc218e2
Sep 26, 2023 4:20:22 PM edu.yu.dbimpl.file.Page getBytes
INFO: getBytes called with offset: 0
Sep 26, 2023 4:20:22 PM edu.yu.dbimpl.file.FileMgr read
INFO: Getting type to read: String
Sep 26, 2023 4:20:22 PM edu.yu.dbimpl.file.Page setString
INFO: setString called with offset: 0 and String: Hello, World!345
Sep 26, 2023 4:20:22 PM edu.yu.dbimpl.file.FileMgr append
INFO: append called with filename: testFileModulePerformance346
Sep 26, 2023 4:20:22 PM edu.yu.dbimpl.file.FileMgr append
INFO: Writing to file: src/test/java/edu/yu/dbimpl/testingDirectory/testFileModulePerformance346
Sep 26, 2023 4:20:22 PM edu.yu.dbimpl.file.Page <init>
INFO: Page created with blocksize 50000
Sep 26, 2023 4:20:22 PM edu.yu.dbimpl.file.Page setString
INFO: setString called with offset: 0 and String: Hello, World!346
Sep 26, 2023 4:20:22 PM edu.yu.dbimpl.file.FileMgr write
INFO: write called with BlockIdBase: edu.yu.dbimpl.file.BlockId@11d474a and PageBase: edu.yu.dbimpl.file.Page@4be6531a
Sep 26, 2023 4:20:22 PM edu.yu.dbimpl.file.FileMgr write
INFO: Getting type to write: String
Sep 26, 2023 4:20:22 PM edu.yu.dbimpl.file.FileMgr write
INFO: Writing to file: src/test/java/edu/yu/dbimpl/testingDirectory/testFileModulePerformance346
Sep 26, 2023 4:20:22 PM edu.yu.dbimpl.file.FileMgr write
INFO: Finished write
Sep 26, 2023 4:20:22 PM edu.yu.dbimpl.file.FileMgr read
INFO: read called with BlockIdBase: edu.yu.dbimpl.file.BlockId@11d474a and PageBase: edu.yu.dbimpl.file.Page@4be6531a
Sep 26, 2023 4:20:22 PM edu.yu.dbimpl.file.Page getBytes
INFO: getBytes called with offset: 0
Sep 26, 2023 4:20:22 PM edu.yu.dbimpl.file.FileMgr read
INFO: Getting type to read: String
Sep 26, 2023 4:20:22 PM edu.yu.dbimpl.file.Page setString
INFO: setString called with offset: 0 and String: Hello, World!346
Sep 26, 2023 4:20:22 PM edu.yu.dbimpl.file.FileMgr append
INFO: append called with filename: testFileModulePerformance347
Sep 26, 2023 4:20:22 PM edu.yu.dbimpl.file.FileMgr append
INFO: Writing to file: src/test/java/edu/yu/dbimpl/testingDirectory/testFileModulePerformance347
Sep 26, 2023 4:20:22 PM edu.yu.dbimpl.file.Page <init>
INFO: Page created with blocksize 50000
Sep 26, 2023 4:20:22 PM edu.yu.dbimpl.file.Page setString
INFO: setString called with offset: 0 and String: Hello, World!347
Sep 26, 2023 4:20:22 PM edu.yu.dbimpl.file.FileMgr write
INFO: write called with BlockIdBase: edu.yu.dbimpl.file.BlockId@21553c3a and PageBase: edu.yu.dbimpl.file.Page@6c1d25fa
Sep 26, 2023 4:20:22 PM edu.yu.dbimpl.file.FileMgr write
INFO: Getting type to write: String
Sep 26, 2023 4:20:22 PM edu.yu.dbimpl.file.FileMgr write
INFO: Writing to file: src/test/java/edu/yu/dbimpl/testingDirectory/testFileModulePerformance347
Sep 26, 2023 4:20:22 PM edu.yu.dbimpl.file.FileMgr write
INFO: Finished write
Sep 26, 2023 4:20:22 PM edu.yu.dbimpl.file.FileMgr read
INFO: read called with BlockIdBase: edu.yu.dbimpl.file.BlockId@21553c3a and PageBase: edu.yu.dbimpl.file.Page@6c1d25fa
Sep 26, 2023 4:20:22 PM edu.yu.dbimpl.file.Page getBytes
INFO: getBytes called with offset: 0
Sep 26, 2023 4:20:22 PM edu.yu.dbimpl.file.FileMgr read
INFO: Getting type to read: String
Sep 26, 2023 4:20:22 PM edu.yu.dbimpl.file.Page setString
INFO: setString called with offset: 0 and String: Hello, World!347
Sep 26, 2023 4:20:22 PM edu.yu.dbimpl.file.FileMgr append
INFO: append called with filename: testFileModulePerformance348
Sep 26, 2023 4:20:22 PM edu.yu.dbimpl.file.FileMgr append
INFO: Writing to file: src/test/java/edu/yu/dbimpl/testingDirectory/testFileModulePerformance348
Sep 26, 2023 4:20:22 PM edu.yu.dbimpl.file.Page <init>
INFO: Page created with blocksize 50000
Sep 26, 2023 4:20:22 PM edu.yu.dbimpl.file.Page setString
INFO: setString called with offset: 0 and String: Hello, World!348
Sep 26, 2023 4:20:22 PM edu.yu.dbimpl.file.FileMgr write
INFO: write called with BlockIdBase: edu.yu.dbimpl.file.BlockId@7510824 and PageBase: edu.yu.dbimpl.file.Page@7ed6e557
Sep 26, 2023 4:20:22 PM edu.yu.dbimpl.file.FileMgr write
INFO: Getting type to write: String
Sep 26, 2023 4:20:22 PM edu.yu.dbimpl.file.FileMgr write
INFO: Writing to file: src/test/java/edu/yu/dbimpl/testingDirectory/testFileModulePerformance348
Sep 26, 2023 4:20:22 PM edu.yu.dbimpl.file.FileMgr write
INFO: Finished write
Sep 26, 2023 4:20:22 PM edu.yu.dbimpl.file.FileMgr read
INFO: read called with BlockIdBase: edu.yu.dbimpl.file.BlockId@7510824 and PageBase: edu.yu.dbimpl.file.Page@7ed6e557
Sep 26, 2023 4:20:22 PM edu.yu.dbimpl.file.Page getBytes
INFO: getBytes called with offset: 0
Sep 26, 2023 4:20:22 PM edu.yu.dbimpl.file.FileMgr read
INFO: Getting type to read: String
Sep 26, 2023 4:20:22 PM edu.yu.dbimpl.file.Page setString
INFO: setString called with offset: 0 and String: Hello, World!348
Sep 26, 2023 4:20:22 PM edu.yu.dbimpl.file.FileMgr append
INFO: append called with filename: testFileModulePerformance349
Sep 26, 2023 4:20:22 PM edu.yu.dbimpl.file.FileMgr append
INFO: Writing to file: src/test/java/edu/yu/dbimpl/testingDirectory/testFileModulePerformance349
Sep 26, 2023 4:20:22 PM edu.yu.dbimpl.file.Page <init>
INFO: Page created with blocksize 50000
Sep 26, 2023 4:20:22 PM edu.yu.dbimpl.file.Page setString
INFO: setString called with offset: 0 and String: Hello, World!349
Sep 26, 2023 4:20:22 PM edu.yu.dbimpl.file.FileMgr write
INFO: write called with BlockIdBase: edu.yu.dbimpl.file.BlockId@766ab25b and PageBase: edu.yu.dbimpl.file.Page@735d7b99
Sep 26, 2023 4:20:22 PM edu.yu.dbimpl.file.FileMgr write
INFO: Getting type to write: String
Sep 26, 2023 4:20:22 PM edu.yu.dbimpl.file.FileMgr write
INFO: Writing to file: src/test/java/edu/yu/dbimpl/testingDirectory/testFileModulePerformance349
Sep 26, 2023 4:20:22 PM edu.yu.dbimpl.file.FileMgr write
INFO: Finished write
Sep 26, 2023 4:20:22 PM edu.yu.dbimpl.file.FileMgr read
INFO: read called with BlockIdBase: edu.yu.dbimpl.file.BlockId@766ab25b and PageBase: edu.yu.dbimpl.file.Page@735d7b99
Sep 26, 2023 4:20:22 PM edu.yu.dbimpl.file.Page getBytes
INFO: getBytes called with offset: 0
Sep 26, 2023 4:20:22 PM edu.yu.dbimpl.file.FileMgr read
INFO: Getting type to read: String
Sep 26, 2023 4:20:22 PM edu.yu.dbimpl.file.Page setString
INFO: setString called with offset: 0 and String: Hello, World!349
Sep 26, 2023 4:20:22 PM edu.yu.dbimpl.file.FileMgr append
INFO: append called with filename: testFileModulePerformance350
Sep 26, 2023 4:20:22 PM edu.yu.dbimpl.file.FileMgr append
INFO: Writing to file: src/test/java/edu/yu/dbimpl/testingDirectory/testFileModulePerformance350
Sep 26, 2023 4:20:22 PM edu.yu.dbimpl.file.Page <init>
INFO: Page created with blocksize 50000
Sep 26, 2023 4:20:22 PM edu.yu.dbimpl.file.Page setString
INFO: setString called with offset: 0 and String: Hello, World!350
Sep 26, 2023 4:20:22 PM edu.yu.dbimpl.file.FileMgr write
INFO: write called with BlockIdBase: edu.yu.dbimpl.file.BlockId@7c424dfe and PageBase: edu.yu.dbimpl.file.Page@3577e37c
Sep 26, 2023 4:20:22 PM edu.yu.dbimpl.file.FileMgr write
INFO: Getting type to write: String
Sep 26, 2023 4:20:22 PM edu.yu.dbimpl.file.FileMgr write
INFO: Writing to file: src/test/java/edu/yu/dbimpl/testingDirectory/testFileModulePerformance350
Sep 26, 2023 4:20:22 PM edu.yu.dbimpl.file.FileMgr write
INFO: Finished write
Sep 26, 2023 4:20:22 PM edu.yu.dbimpl.file.FileMgr read
INFO: read called with BlockIdBase: edu.yu.dbimpl.file.BlockId@7c424dfe and PageBase: edu.yu.dbimpl.file.Page@3577e37c
Sep 26, 2023 4:20:22 PM edu.yu.dbimpl.file.Page getBytes
INFO: getBytes called with offset: 0
Sep 26, 2023 4:20:22 PM edu.yu.dbimpl.file.FileMgr read
INFO: Getting type to read: String
Sep 26, 2023 4:20:22 PM edu.yu.dbimpl.file.Page setString
INFO: setString called with offset: 0 and String: Hello, World!350
Sep 26, 2023 4:20:22 PM edu.yu.dbimpl.file.FileMgr append
INFO: append called with filename: testFileModulePerformance351
Sep 26, 2023 4:20:22 PM edu.yu.dbimpl.file.FileMgr append
INFO: Writing to file: src/test/java/edu/yu/dbimpl/testingDirectory/testFileModulePerformance351
Sep 26, 2023 4:20:22 PM edu.yu.dbimpl.file.Page <init>
INFO: Page created with blocksize 50000
Sep 26, 2023 4:20:22 PM edu.yu.dbimpl.file.Page setString
INFO: setString called with offset: 0 and String: Hello, World!351
Sep 26, 2023 4:20:22 PM edu.yu.dbimpl.file.FileMgr write
INFO: write called with BlockIdBase: edu.yu.dbimpl.file.BlockId@16ac67e3 and PageBase: edu.yu.dbimpl.file.Page@eb5471c
Sep 26, 2023 4:20:22 PM edu.yu.dbimpl.file.FileMgr write
INFO: Getting type to write: String
Sep 26, 2023 4:20:22 PM edu.yu.dbimpl.file.FileMgr write
INFO: Writing to file: src/test/java/edu/yu/dbimpl/testingDirectory/testFileModulePerformance351
Sep 26, 2023 4:20:22 PM edu.yu.dbimpl.file.FileMgr write
INFO: Finished write
Sep 26, 2023 4:20:22 PM edu.yu.dbimpl.file.FileMgr read
INFO: read called with BlockIdBase: edu.yu.dbimpl.file.BlockId@16ac67e3 and PageBase: edu.yu.dbimpl.file.Page@eb5471c
Sep 26, 2023 4:20:22 PM edu.yu.dbimpl.file.Page getBytes
INFO: getBytes called with offset: 0
Sep 26, 2023 4:20:22 PM edu.yu.dbimpl.file.FileMgr read
INFO: Getting type to read: String
Sep 26, 2023 4:20:22 PM edu.yu.dbimpl.file.Page setString
INFO: setString called with offset: 0 and String: Hello, World!351
Sep 26, 2023 4:20:22 PM edu.yu.dbimpl.file.FileMgr append
INFO: append called with filename: testFileModulePerformance352
Sep 26, 2023 4:20:22 PM edu.yu.dbimpl.file.FileMgr append
INFO: Writing to file: src/test/java/edu/yu/dbimpl/testingDirectory/testFileModulePerformance352
Sep 26, 2023 4:20:22 PM edu.yu.dbimpl.file.Page <init>
INFO: Page created with blocksize 50000
Sep 26, 2023 4:20:22 PM edu.yu.dbimpl.file.Page setString
INFO: setString called with offset: 0 and String: Hello, World!352
Sep 26, 2023 4:20:22 PM edu.yu.dbimpl.file.FileMgr write
INFO: write called with BlockIdBase: edu.yu.dbimpl.file.BlockId@60f6d689 and PageBase: edu.yu.dbimpl.file.Page@6a90b5e8
Sep 26, 2023 4:20:22 PM edu.yu.dbimpl.file.FileMgr write
INFO: Getting type to write: String
Sep 26, 2023 4:20:22 PM edu.yu.dbimpl.file.FileMgr write
INFO: Writing to file: src/test/java/edu/yu/dbimpl/testingDirectory/testFileModulePerformance352
Sep 26, 2023 4:20:22 PM edu.yu.dbimpl.file.FileMgr write
INFO: Finished write
Sep 26, 2023 4:20:22 PM edu.yu.dbimpl.file.FileMgr read
INFO: read called with BlockIdBase: edu.yu.dbimpl.file.BlockId@60f6d689 and PageBase: edu.yu.dbimpl.file.Page@6a90b5e8
Sep 26, 2023 4:20:22 PM edu.yu.dbimpl.file.Page getBytes
INFO: getBytes called with offset: 0
Sep 26, 2023 4:20:22 PM edu.yu.dbimpl.file.FileMgr read
INFO: Getting type to read: String
Sep 26, 2023 4:20:22 PM edu.yu.dbimpl.file.Page setString
INFO: setString called with offset: 0 and String: Hello, World!352
Sep 26, 2023 4:20:22 PM edu.yu.dbimpl.file.FileMgr append
INFO: append called with filename: testFileModulePerformance353
Sep 26, 2023 4:20:22 PM edu.yu.dbimpl.file.FileMgr append
INFO: Writing to file: src/test/java/edu/yu/dbimpl/testingDirectory/testFileModulePerformance353
Sep 26, 2023 4:20:22 PM edu.yu.dbimpl.file.Page <init>
INFO: Page created with blocksize 50000
Sep 26, 2023 4:20:22 PM edu.yu.dbimpl.file.Page setString
INFO: setString called with offset: 0 and String: Hello, World!353
Sep 26, 2023 4:20:22 PM edu.yu.dbimpl.file.FileMgr write
INFO: write called with BlockIdBase: edu.yu.dbimpl.file.BlockId@1ff65426 and PageBase: edu.yu.dbimpl.file.Page@3bdf6d63
Sep 26, 2023 4:20:22 PM edu.yu.dbimpl.file.FileMgr write
INFO: Getting type to write: String
Sep 26, 2023 4:20:22 PM edu.yu.dbimpl.file.FileMgr write
INFO: Writing to file: src/test/java/edu/yu/dbimpl/testingDirectory/testFileModulePerformance353
Sep 26, 2023 4:20:22 PM edu.yu.dbimpl.file.FileMgr write
INFO: Finished write
Sep 26, 2023 4:20:22 PM edu.yu.dbimpl.file.FileMgr read
INFO: read called with BlockIdBase: edu.yu.dbimpl.file.BlockId@1ff65426 and PageBase: edu.yu.dbimpl.file.Page@3bdf6d63
Sep 26, 2023 4:20:22 PM edu.yu.dbimpl.file.Page getBytes
INFO: getBytes called with offset: 0
Sep 26, 2023 4:20:22 PM edu.yu.dbimpl.file.FileMgr read
INFO: Getting type to read: String
Sep 26, 2023 4:20:22 PM edu.yu.dbimpl.file.Page setString
INFO: setString called with offset: 0 and String: Hello, World!353
Sep 26, 2023 4:20:22 PM edu.yu.dbimpl.file.FileMgr append
INFO: append called with filename: testFileModulePerformance354
Sep 26, 2023 4:20:22 PM edu.yu.dbimpl.file.FileMgr append
INFO: Writing to file: src/test/java/edu/yu/dbimpl/testingDirectory/testFileModulePerformance354
Sep 26, 2023 4:20:22 PM edu.yu.dbimpl.file.Page <init>
INFO: Page created with blocksize 50000
Sep 26, 2023 4:20:22 PM edu.yu.dbimpl.file.Page setString
INFO: setString called with offset: 0 and String: Hello, World!354
Sep 26, 2023 4:20:22 PM edu.yu.dbimpl.file.FileMgr write
INFO: write called with BlockIdBase: edu.yu.dbimpl.file.BlockId@6d4bb60f and PageBase: edu.yu.dbimpl.file.Page@29b61bb
Sep 26, 2023 4:20:22 PM edu.yu.dbimpl.file.FileMgr write
INFO: Getting type to write: String
Sep 26, 2023 4:20:22 PM edu.yu.dbimpl.file.FileMgr write
INFO: Writing to file: src/test/java/edu/yu/dbimpl/testingDirectory/testFileModulePerformance354
Sep 26, 2023 4:20:22 PM edu.yu.dbimpl.file.FileMgr write
INFO: Finished write
Sep 26, 2023 4:20:22 PM edu.yu.dbimpl.file.FileMgr read
INFO: read called with BlockIdBase: edu.yu.dbimpl.file.BlockId@6d4bb60f and PageBase: edu.yu.dbimpl.file.Page@29b61bb
Sep 26, 2023 4:20:22 PM edu.yu.dbimpl.file.Page getBytes
INFO: getBytes called with offset: 0
Sep 26, 2023 4:20:22 PM edu.yu.dbimpl.file.FileMgr read
INFO: Getting type to read: String
Sep 26, 2023 4:20:22 PM edu.yu.dbimpl.file.Page setString
INFO: setString called with offset: 0 and String: Hello, World!354
Sep 26, 2023 4:20:22 PM edu.yu.dbimpl.file.FileMgr append
INFO: append called with filename: testFileModulePerformance355
Sep 26, 2023 4:20:22 PM edu.yu.dbimpl.file.FileMgr append
INFO: Writing to file: src/test/java/edu/yu/dbimpl/testingDirectory/testFileModulePerformance355
Sep 26, 2023 4:20:22 PM edu.yu.dbimpl.file.Page <init>
INFO: Page created with blocksize 50000
Sep 26, 2023 4:20:22 PM edu.yu.dbimpl.file.Page setString
INFO: setString called with offset: 0 and String: Hello, World!355
Sep 26, 2023 4:20:22 PM edu.yu.dbimpl.file.FileMgr write
INFO: write called with BlockIdBase: edu.yu.dbimpl.file.BlockId@2fe152aa and PageBase: edu.yu.dbimpl.file.Page@6f959640
Sep 26, 2023 4:20:22 PM edu.yu.dbimpl.file.FileMgr write
INFO: Getting type to write: String
Sep 26, 2023 4:20:22 PM edu.yu.dbimpl.file.FileMgr write
INFO: Writing to file: src/test/java/edu/yu/dbimpl/testingDirectory/testFileModulePerformance355
Sep 26, 2023 4:20:22 PM edu.yu.dbimpl.file.FileMgr write
INFO: Finished write
Sep 26, 2023 4:20:22 PM edu.yu.dbimpl.file.FileMgr read
INFO: read called with BlockIdBase: edu.yu.dbimpl.file.BlockId@2fe152aa and PageBase: edu.yu.dbimpl.file.Page@6f959640
Sep 26, 2023 4:20:22 PM edu.yu.dbimpl.file.Page getBytes
INFO: getBytes called with offset: 0
Sep 26, 2023 4:20:22 PM edu.yu.dbimpl.file.FileMgr read
INFO: Getting type to read: String
Sep 26, 2023 4:20:22 PM edu.yu.dbimpl.file.Page setString
INFO: setString called with offset: 0 and String: Hello, World!355
Sep 26, 2023 4:20:22 PM edu.yu.dbimpl.file.FileMgr append
INFO: append called with filename: testFileModulePerformance356
Sep 26, 2023 4:20:22 PM edu.yu.dbimpl.file.FileMgr append
INFO: Writing to file: src/test/java/edu/yu/dbimpl/testingDirectory/testFileModulePerformance356
Sep 26, 2023 4:20:22 PM edu.yu.dbimpl.file.Page <init>
INFO: Page created with blocksize 50000
Sep 26, 2023 4:20:22 PM edu.yu.dbimpl.file.Page setString
INFO: setString called with offset: 0 and String: Hello, World!356
Sep 26, 2023 4:20:22 PM edu.yu.dbimpl.file.FileMgr write
INFO: write called with BlockIdBase: edu.yu.dbimpl.file.BlockId@5fdebe73 and PageBase: edu.yu.dbimpl.file.Page@6919a8a
Sep 26, 2023 4:20:22 PM edu.yu.dbimpl.file.FileMgr write
INFO: Getting type to write: String
Sep 26, 2023 4:20:22 PM edu.yu.dbimpl.file.FileMgr write
INFO: Writing to file: src/test/java/edu/yu/dbimpl/testingDirectory/testFileModulePerformance356
Sep 26, 2023 4:20:22 PM edu.yu.dbimpl.file.FileMgr write
INFO: Finished write
Sep 26, 2023 4:20:22 PM edu.yu.dbimpl.file.FileMgr read
INFO: read called with BlockIdBase: edu.yu.dbimpl.file.BlockId@5fdebe73 and PageBase: edu.yu.dbimpl.file.Page@6919a8a
Sep 26, 2023 4:20:22 PM edu.yu.dbimpl.file.Page getBytes
INFO: getBytes called with offset: 0
Sep 26, 2023 4:20:22 PM edu.yu.dbimpl.file.FileMgr read
INFO: Getting type to read: String
Sep 26, 2023 4:20:22 PM edu.yu.dbimpl.file.Page setString
INFO: setString called with offset: 0 and String: Hello, World!356
Sep 26, 2023 4:20:22 PM edu.yu.dbimpl.file.FileMgr append
INFO: append called with filename: testFileModulePerformance357
Sep 26, 2023 4:20:22 PM edu.yu.dbimpl.file.FileMgr append
INFO: Writing to file: src/test/java/edu/yu/dbimpl/testingDirectory/testFileModulePerformance357
Sep 26, 2023 4:20:22 PM edu.yu.dbimpl.file.Page <init>
INFO: Page created with blocksize 50000
Sep 26, 2023 4:20:22 PM edu.yu.dbimpl.file.Page setString
INFO: setString called with offset: 0 and String: Hello, World!357
Sep 26, 2023 4:20:22 PM edu.yu.dbimpl.file.FileMgr write
INFO: write called with BlockIdBase: edu.yu.dbimpl.file.BlockId@23c0fcf0 and PageBase: edu.yu.dbimpl.file.Page@60a4595e
Sep 26, 2023 4:20:22 PM edu.yu.dbimpl.file.FileMgr write
INFO: Getting type to write: String
Sep 26, 2023 4:20:22 PM edu.yu.dbimpl.file.FileMgr write
INFO: Writing to file: src/test/java/edu/yu/dbimpl/testingDirectory/testFileModulePerformance357
Sep 26, 2023 4:20:22 PM edu.yu.dbimpl.file.FileMgr write
INFO: Finished write
Sep 26, 2023 4:20:22 PM edu.yu.dbimpl.file.FileMgr read
INFO: read called with BlockIdBase: edu.yu.dbimpl.file.BlockId@23c0fcf0 and PageBase: edu.yu.dbimpl.file.Page@60a4595e
Sep 26, 2023 4:20:22 PM edu.yu.dbimpl.file.Page getBytes
INFO: getBytes called with offset: 0
Sep 26, 2023 4:20:22 PM edu.yu.dbimpl.file.FileMgr read
INFO: Getting type to read: String
Sep 26, 2023 4:20:22 PM edu.yu.dbimpl.file.Page setString
INFO: setString called with offset: 0 and String: Hello, World!357
Sep 26, 2023 4:20:22 PM edu.yu.dbimpl.file.FileMgr append
INFO: append called with filename: testFileModulePerformance358
Sep 26, 2023 4:20:22 PM edu.yu.dbimpl.file.FileMgr append
INFO: Writing to file: src/test/java/edu/yu/dbimpl/testingDirectory/testFileModulePerformance358
Sep 26, 2023 4:20:22 PM edu.yu.dbimpl.file.Page <init>
INFO: Page created with blocksize 50000
Sep 26, 2023 4:20:22 PM edu.yu.dbimpl.file.Page setString
INFO: setString called with offset: 0 and String: Hello, World!358
Sep 26, 2023 4:20:22 PM edu.yu.dbimpl.file.FileMgr write
INFO: write called with BlockIdBase: edu.yu.dbimpl.file.BlockId@4a234e1f and PageBase: edu.yu.dbimpl.file.Page@406cc81b
Sep 26, 2023 4:20:22 PM edu.yu.dbimpl.file.FileMgr write
INFO: Getting type to write: String
Sep 26, 2023 4:20:22 PM edu.yu.dbimpl.file.FileMgr write
INFO: Writing to file: src/test/java/edu/yu/dbimpl/testingDirectory/testFileModulePerformance358
Sep 26, 2023 4:20:22 PM edu.yu.dbimpl.file.FileMgr write
INFO: Finished write
Sep 26, 2023 4:20:22 PM edu.yu.dbimpl.file.FileMgr read
INFO: read called with BlockIdBase: edu.yu.dbimpl.file.BlockId@4a234e1f and PageBase: edu.yu.dbimpl.file.Page@406cc81b
Sep 26, 2023 4:20:22 PM edu.yu.dbimpl.file.Page getBytes
INFO: getBytes called with offset: 0
Sep 26, 2023 4:20:22 PM edu.yu.dbimpl.file.FileMgr read
INFO: Getting type to read: String
Sep 26, 2023 4:20:22 PM edu.yu.dbimpl.file.Page setString
INFO: setString called with offset: 0 and String: Hello, World!358
Sep 26, 2023 4:20:22 PM edu.yu.dbimpl.file.FileMgr append
INFO: append called with filename: testFileModulePerformance359
Sep 26, 2023 4:20:22 PM edu.yu.dbimpl.file.FileMgr append
INFO: Writing to file: src/test/java/edu/yu/dbimpl/testingDirectory/testFileModulePerformance359
Sep 26, 2023 4:20:22 PM edu.yu.dbimpl.file.Page <init>
INFO: Page created with blocksize 50000
Sep 26, 2023 4:20:22 PM edu.yu.dbimpl.file.Page setString
INFO: setString called with offset: 0 and String: Hello, World!359
Sep 26, 2023 4:20:22 PM edu.yu.dbimpl.file.FileMgr write
INFO: write called with BlockIdBase: edu.yu.dbimpl.file.BlockId@64ef9b9a and PageBase: edu.yu.dbimpl.file.Page@264340f0
Sep 26, 2023 4:20:22 PM edu.yu.dbimpl.file.FileMgr write
INFO: Getting type to write: String
Sep 26, 2023 4:20:22 PM edu.yu.dbimpl.file.FileMgr write
INFO: Writing to file: src/test/java/edu/yu/dbimpl/testingDirectory/testFileModulePerformance359
Sep 26, 2023 4:20:22 PM edu.yu.dbimpl.file.FileMgr write
INFO: Finished write
Sep 26, 2023 4:20:22 PM edu.yu.dbimpl.file.FileMgr read
INFO: read called with BlockIdBase: edu.yu.dbimpl.file.BlockId@64ef9b9a and PageBase: edu.yu.dbimpl.file.Page@264340f0
Sep 26, 2023 4:20:22 PM edu.yu.dbimpl.file.Page getBytes
INFO: getBytes called with offset: 0
Sep 26, 2023 4:20:22 PM edu.yu.dbimpl.file.FileMgr read
INFO: Getting type to read: String
Sep 26, 2023 4:20:22 PM edu.yu.dbimpl.file.Page setString
INFO: setString called with offset: 0 and String: Hello, World!359
Sep 26, 2023 4:20:22 PM edu.yu.dbimpl.file.FileMgr append
INFO: append called with filename: testFileModulePerformance360
Sep 26, 2023 4:20:22 PM edu.yu.dbimpl.file.FileMgr append
INFO: Writing to file: src/test/java/edu/yu/dbimpl/testingDirectory/testFileModulePerformance360
Sep 26, 2023 4:20:22 PM edu.yu.dbimpl.file.Page <init>
INFO: Page created with blocksize 50000
Sep 26, 2023 4:20:22 PM edu.yu.dbimpl.file.Page setString
INFO: setString called with offset: 0 and String: Hello, World!360
Sep 26, 2023 4:20:22 PM edu.yu.dbimpl.file.FileMgr write
INFO: write called with BlockIdBase: edu.yu.dbimpl.file.BlockId@7640a191 and PageBase: edu.yu.dbimpl.file.Page@504a9352
Sep 26, 2023 4:20:22 PM edu.yu.dbimpl.file.FileMgr write
INFO: Getting type to write: String
Sep 26, 2023 4:20:22 PM edu.yu.dbimpl.file.FileMgr write
INFO: Writing to file: src/test/java/edu/yu/dbimpl/testingDirectory/testFileModulePerformance360
Sep 26, 2023 4:20:22 PM edu.yu.dbimpl.file.FileMgr write
INFO: Finished write
Sep 26, 2023 4:20:22 PM edu.yu.dbimpl.file.FileMgr read
INFO: read called with BlockIdBase: edu.yu.dbimpl.file.BlockId@7640a191 and PageBase: edu.yu.dbimpl.file.Page@504a9352
Sep 26, 2023 4:20:22 PM edu.yu.dbimpl.file.Page getBytes
INFO: getBytes called with offset: 0
Sep 26, 2023 4:20:22 PM edu.yu.dbimpl.file.FileMgr read
INFO: Getting type to read: String
Sep 26, 2023 4:20:22 PM edu.yu.dbimpl.file.Page setString
INFO: setString called with offset: 0 and String: Hello, World!360
Sep 26, 2023 4:20:22 PM edu.yu.dbimpl.file.FileMgr append
INFO: append called with filename: testFileModulePerformance361
Sep 26, 2023 4:20:22 PM edu.yu.dbimpl.file.FileMgr append
INFO: Writing to file: src/test/java/edu/yu/dbimpl/testingDirectory/testFileModulePerformance361
Sep 26, 2023 4:20:22 PM edu.yu.dbimpl.file.Page <init>
INFO: Page created with blocksize 50000
Sep 26, 2023 4:20:22 PM edu.yu.dbimpl.file.Page setString
INFO: setString called with offset: 0 and String: Hello, World!361
Sep 26, 2023 4:20:22 PM edu.yu.dbimpl.file.FileMgr write
INFO: write called with BlockIdBase: edu.yu.dbimpl.file.BlockId@48e1e18a and PageBase: edu.yu.dbimpl.file.Page@74997ca6
Sep 26, 2023 4:20:22 PM edu.yu.dbimpl.file.FileMgr write
INFO: Getting type to write: String
Sep 26, 2023 4:20:22 PM edu.yu.dbimpl.file.FileMgr write
INFO: Writing to file: src/test/java/edu/yu/dbimpl/testingDirectory/testFileModulePerformance361
Sep 26, 2023 4:20:22 PM edu.yu.dbimpl.file.FileMgr write
INFO: Finished write
Sep 26, 2023 4:20:22 PM edu.yu.dbimpl.file.FileMgr read
INFO: read called with BlockIdBase: edu.yu.dbimpl.file.BlockId@48e1e18a and PageBase: edu.yu.dbimpl.file.Page@74997ca6
Sep 26, 2023 4:20:22 PM edu.yu.dbimpl.file.Page getBytes
INFO: getBytes called with offset: 0
Sep 26, 2023 4:20:22 PM edu.yu.dbimpl.file.FileMgr read
INFO: Getting type to read: String
Sep 26, 2023 4:20:22 PM edu.yu.dbimpl.file.Page setString
INFO: setString called with offset: 0 and String: Hello, World!361
Sep 26, 2023 4:20:22 PM edu.yu.dbimpl.file.FileMgr append
INFO: append called with filename: testFileModulePerformance362
Sep 26, 2023 4:20:22 PM edu.yu.dbimpl.file.FileMgr append
INFO: Writing to file: src/test/java/edu/yu/dbimpl/testingDirectory/testFileModulePerformance362
Sep 26, 2023 4:20:22 PM edu.yu.dbimpl.file.Page <init>
INFO: Page created with blocksize 50000
Sep 26, 2023 4:20:22 PM edu.yu.dbimpl.file.Page setString
INFO: setString called with offset: 0 and String: Hello, World!362
Sep 26, 2023 4:20:22 PM edu.yu.dbimpl.file.FileMgr write
INFO: write called with BlockIdBase: edu.yu.dbimpl.file.BlockId@7a6078d and PageBase: edu.yu.dbimpl.file.Page@372c428
Sep 26, 2023 4:20:22 PM edu.yu.dbimpl.file.FileMgr write
INFO: Getting type to write: String
Sep 26, 2023 4:20:22 PM edu.yu.dbimpl.file.FileMgr write
INFO: Writing to file: src/test/java/edu/yu/dbimpl/testingDirectory/testFileModulePerformance362
Sep 26, 2023 4:20:22 PM edu.yu.dbimpl.file.FileMgr write
INFO: Finished write
Sep 26, 2023 4:20:22 PM edu.yu.dbimpl.file.FileMgr read
INFO: read called with BlockIdBase: edu.yu.dbimpl.file.BlockId@7a6078d and PageBase: edu.yu.dbimpl.file.Page@372c428
Sep 26, 2023 4:20:22 PM edu.yu.dbimpl.file.Page getBytes
INFO: getBytes called with offset: 0
Sep 26, 2023 4:20:22 PM edu.yu.dbimpl.file.FileMgr read
INFO: Getting type to read: String
Sep 26, 2023 4:20:22 PM edu.yu.dbimpl.file.Page setString
INFO: setString called with offset: 0 and String: Hello, World!362
Sep 26, 2023 4:20:22 PM edu.yu.dbimpl.file.FileMgr append
INFO: append called with filename: testFileModulePerformance363
Sep 26, 2023 4:20:22 PM edu.yu.dbimpl.file.FileMgr append
INFO: Writing to file: src/test/java/edu/yu/dbimpl/testingDirectory/testFileModulePerformance363
Sep 26, 2023 4:20:22 PM edu.yu.dbimpl.file.Page <init>
INFO: Page created with blocksize 50000
Sep 26, 2023 4:20:22 PM edu.yu.dbimpl.file.Page setString
INFO: setString called with offset: 0 and String: Hello, World!363
Sep 26, 2023 4:20:22 PM edu.yu.dbimpl.file.FileMgr write
INFO: write called with BlockIdBase: edu.yu.dbimpl.file.BlockId@4458887d and PageBase: edu.yu.dbimpl.file.Page@7b1bb01c
Sep 26, 2023 4:20:22 PM edu.yu.dbimpl.file.FileMgr write
INFO: Getting type to write: String
Sep 26, 2023 4:20:22 PM edu.yu.dbimpl.file.FileMgr write
INFO: Writing to file: src/test/java/edu/yu/dbimpl/testingDirectory/testFileModulePerformance363
Sep 26, 2023 4:20:22 PM edu.yu.dbimpl.file.FileMgr write
INFO: Finished write
Sep 26, 2023 4:20:22 PM edu.yu.dbimpl.file.FileMgr read
INFO: read called with BlockIdBase: edu.yu.dbimpl.file.BlockId@4458887d and PageBase: edu.yu.dbimpl.file.Page@7b1bb01c
Sep 26, 2023 4:20:22 PM edu.yu.dbimpl.file.Page getBytes
INFO: getBytes called with offset: 0
Sep 26, 2023 4:20:22 PM edu.yu.dbimpl.file.FileMgr read
INFO: Getting type to read: String
Sep 26, 2023 4:20:22 PM edu.yu.dbimpl.file.Page setString
INFO: setString called with offset: 0 and String: Hello, World!363
Sep 26, 2023 4:20:22 PM edu.yu.dbimpl.file.FileMgr append
INFO: append called with filename: testFileModulePerformance364
Sep 26, 2023 4:20:22 PM edu.yu.dbimpl.file.FileMgr append
INFO: Writing to file: src/test/java/edu/yu/dbimpl/testingDirectory/testFileModulePerformance364
Sep 26, 2023 4:20:22 PM edu.yu.dbimpl.file.Page <init>
INFO: Page created with blocksize 50000
Sep 26, 2023 4:20:22 PM edu.yu.dbimpl.file.Page setString
INFO: setString called with offset: 0 and String: Hello, World!364
Sep 26, 2023 4:20:22 PM edu.yu.dbimpl.file.FileMgr write
INFO: write called with BlockIdBase: edu.yu.dbimpl.file.BlockId@4c364a9d and PageBase: edu.yu.dbimpl.file.Page@597084b7
Sep 26, 2023 4:20:22 PM edu.yu.dbimpl.file.FileMgr write
INFO: Getting type to write: String
Sep 26, 2023 4:20:22 PM edu.yu.dbimpl.file.FileMgr write
INFO: Writing to file: src/test/java/edu/yu/dbimpl/testingDirectory/testFileModulePerformance364
Sep 26, 2023 4:20:22 PM edu.yu.dbimpl.file.FileMgr write
INFO: Finished write
Sep 26, 2023 4:20:22 PM edu.yu.dbimpl.file.FileMgr read
INFO: read called with BlockIdBase: edu.yu.dbimpl.file.BlockId@4c364a9d and PageBase: edu.yu.dbimpl.file.Page@597084b7
Sep 26, 2023 4:20:22 PM edu.yu.dbimpl.file.Page getBytes
INFO: getBytes called with offset: 0
Sep 26, 2023 4:20:22 PM edu.yu.dbimpl.file.FileMgr read
INFO: Getting type to read: String
Sep 26, 2023 4:20:22 PM edu.yu.dbimpl.file.Page setString
INFO: setString called with offset: 0 and String: Hello, World!364
Sep 26, 2023 4:20:22 PM edu.yu.dbimpl.file.FileMgr append
INFO: append called with filename: testFileModulePerformance365
Sep 26, 2023 4:20:22 PM edu.yu.dbimpl.file.FileMgr append
INFO: Writing to file: src/test/java/edu/yu/dbimpl/testingDirectory/testFileModulePerformance365
Sep 26, 2023 4:20:22 PM edu.yu.dbimpl.file.Page <init>
INFO: Page created with blocksize 50000
Sep 26, 2023 4:20:22 PM edu.yu.dbimpl.file.Page setString
INFO: setString called with offset: 0 and String: Hello, World!365
Sep 26, 2023 4:20:22 PM edu.yu.dbimpl.file.FileMgr write
INFO: write called with BlockIdBase: edu.yu.dbimpl.file.BlockId@59ebe484 and PageBase: edu.yu.dbimpl.file.Page@7fd624f5
Sep 26, 2023 4:20:22 PM edu.yu.dbimpl.file.FileMgr write
INFO: Getting type to write: String
Sep 26, 2023 4:20:22 PM edu.yu.dbimpl.file.FileMgr write
INFO: Writing to file: src/test/java/edu/yu/dbimpl/testingDirectory/testFileModulePerformance365
Sep 26, 2023 4:20:22 PM edu.yu.dbimpl.file.FileMgr write
INFO: Finished write
Sep 26, 2023 4:20:22 PM edu.yu.dbimpl.file.FileMgr read
INFO: read called with BlockIdBase: edu.yu.dbimpl.file.BlockId@59ebe484 and PageBase: edu.yu.dbimpl.file.Page@7fd624f5
Sep 26, 2023 4:20:22 PM edu.yu.dbimpl.file.Page getBytes
INFO: getBytes called with offset: 0
Sep 26, 2023 4:20:22 PM edu.yu.dbimpl.file.FileMgr read
INFO: Getting type to read: String
Sep 26, 2023 4:20:22 PM edu.yu.dbimpl.file.Page setString
INFO: setString called with offset: 0 and String: Hello, World!365
Sep 26, 2023 4:20:22 PM edu.yu.dbimpl.file.FileMgr append
INFO: append called with filename: testFileModulePerformance366
Sep 26, 2023 4:20:22 PM edu.yu.dbimpl.file.FileMgr append
INFO: Writing to file: src/test/java/edu/yu/dbimpl/testingDirectory/testFileModulePerformance366
Sep 26, 2023 4:20:22 PM edu.yu.dbimpl.file.Page <init>
INFO: Page created with blocksize 50000
Sep 26, 2023 4:20:22 PM edu.yu.dbimpl.file.Page setString
INFO: setString called with offset: 0 and String: Hello, World!366
Sep 26, 2023 4:20:22 PM edu.yu.dbimpl.file.FileMgr write
INFO: write called with BlockIdBase: edu.yu.dbimpl.file.BlockId@1cafb30 and PageBase: edu.yu.dbimpl.file.Page@5cc28282
Sep 26, 2023 4:20:22 PM edu.yu.dbimpl.file.FileMgr write
INFO: Getting type to write: String
Sep 26, 2023 4:20:22 PM edu.yu.dbimpl.file.FileMgr write
INFO: Writing to file: src/test/java/edu/yu/dbimpl/testingDirectory/testFileModulePerformance366
Sep 26, 2023 4:20:22 PM edu.yu.dbimpl.file.FileMgr write
INFO: Finished write
Sep 26, 2023 4:20:22 PM edu.yu.dbimpl.file.FileMgr read
INFO: read called with BlockIdBase: edu.yu.dbimpl.file.BlockId@1cafb30 and PageBase: edu.yu.dbimpl.file.Page@5cc28282
Sep 26, 2023 4:20:22 PM edu.yu.dbimpl.file.Page getBytes
INFO: getBytes called with offset: 0
Sep 26, 2023 4:20:22 PM edu.yu.dbimpl.file.FileMgr read
INFO: Getting type to read: String
Sep 26, 2023 4:20:22 PM edu.yu.dbimpl.file.Page setString
INFO: setString called with offset: 0 and String: Hello, World!366
Sep 26, 2023 4:20:22 PM edu.yu.dbimpl.file.FileMgr append
INFO: append called with filename: testFileModulePerformance367
Sep 26, 2023 4:20:22 PM edu.yu.dbimpl.file.FileMgr append
INFO: Writing to file: src/test/java/edu/yu/dbimpl/testingDirectory/testFileModulePerformance367
Sep 26, 2023 4:20:22 PM edu.yu.dbimpl.file.Page <init>
INFO: Page created with blocksize 50000
Sep 26, 2023 4:20:22 PM edu.yu.dbimpl.file.Page setString
INFO: setString called with offset: 0 and String: Hello, World!367
Sep 26, 2023 4:20:22 PM edu.yu.dbimpl.file.FileMgr write
INFO: write called with BlockIdBase: edu.yu.dbimpl.file.BlockId@5a0b925a and PageBase: edu.yu.dbimpl.file.Page@14b4f462
Sep 26, 2023 4:20:22 PM edu.yu.dbimpl.file.FileMgr write
INFO: Getting type to write: String
Sep 26, 2023 4:20:22 PM edu.yu.dbimpl.file.FileMgr write
INFO: Writing to file: src/test/java/edu/yu/dbimpl/testingDirectory/testFileModulePerformance367
Sep 26, 2023 4:20:22 PM edu.yu.dbimpl.file.FileMgr write
INFO: Finished write
Sep 26, 2023 4:20:22 PM edu.yu.dbimpl.file.FileMgr read
INFO: read called with BlockIdBase: edu.yu.dbimpl.file.BlockId@5a0b925a and PageBase: edu.yu.dbimpl.file.Page@14b4f462
Sep 26, 2023 4:20:22 PM edu.yu.dbimpl.file.Page getBytes
INFO: getBytes called with offset: 0
Sep 26, 2023 4:20:22 PM edu.yu.dbimpl.file.FileMgr read
INFO: Getting type to read: String
Sep 26, 2023 4:20:22 PM edu.yu.dbimpl.file.Page setString
INFO: setString called with offset: 0 and String: Hello, World!367
Sep 26, 2023 4:20:22 PM edu.yu.dbimpl.file.FileMgr append
INFO: append called with filename: testFileModulePerformance368
Sep 26, 2023 4:20:22 PM edu.yu.dbimpl.file.FileMgr append
INFO: Writing to file: src/test/java/edu/yu/dbimpl/testingDirectory/testFileModulePerformance368
Sep 26, 2023 4:20:22 PM edu.yu.dbimpl.file.Page <init>
INFO: Page created with blocksize 50000
Sep 26, 2023 4:20:22 PM edu.yu.dbimpl.file.Page setString
INFO: setString called with offset: 0 and String: Hello, World!368
Sep 26, 2023 4:20:22 PM edu.yu.dbimpl.file.FileMgr write
INFO: write called with BlockIdBase: edu.yu.dbimpl.file.BlockId@42718ebf and PageBase: edu.yu.dbimpl.file.Page@a6fc2e1
Sep 26, 2023 4:20:22 PM edu.yu.dbimpl.file.FileMgr write
INFO: Getting type to write: String
Sep 26, 2023 4:20:22 PM edu.yu.dbimpl.file.FileMgr write
INFO: Writing to file: src/test/java/edu/yu/dbimpl/testingDirectory/testFileModulePerformance368
Sep 26, 2023 4:20:22 PM edu.yu.dbimpl.file.FileMgr write
INFO: Finished write
Sep 26, 2023 4:20:22 PM edu.yu.dbimpl.file.FileMgr read
INFO: read called with BlockIdBase: edu.yu.dbimpl.file.BlockId@42718ebf and PageBase: edu.yu.dbimpl.file.Page@a6fc2e1
Sep 26, 2023 4:20:22 PM edu.yu.dbimpl.file.Page getBytes
INFO: getBytes called with offset: 0
Sep 26, 2023 4:20:22 PM edu.yu.dbimpl.file.FileMgr read
INFO: Getting type to read: String
Sep 26, 2023 4:20:22 PM edu.yu.dbimpl.file.Page setString
INFO: setString called with offset: 0 and String: Hello, World!368
Sep 26, 2023 4:20:22 PM edu.yu.dbimpl.file.FileMgr append
INFO: append called with filename: testFileModulePerformance369
Sep 26, 2023 4:20:22 PM edu.yu.dbimpl.file.FileMgr append
INFO: Writing to file: src/test/java/edu/yu/dbimpl/testingDirectory/testFileModulePerformance369
Sep 26, 2023 4:20:22 PM edu.yu.dbimpl.file.Page <init>
INFO: Page created with blocksize 50000
Sep 26, 2023 4:20:22 PM edu.yu.dbimpl.file.Page setString
INFO: setString called with offset: 0 and String: Hello, World!369
Sep 26, 2023 4:20:22 PM edu.yu.dbimpl.file.FileMgr write
INFO: write called with BlockIdBase: edu.yu.dbimpl.file.BlockId@c7008b4 and PageBase: edu.yu.dbimpl.file.Page@3f54fabc
Sep 26, 2023 4:20:22 PM edu.yu.dbimpl.file.FileMgr write
INFO: Getting type to write: String
Sep 26, 2023 4:20:22 PM edu.yu.dbimpl.file.FileMgr write
INFO: Writing to file: src/test/java/edu/yu/dbimpl/testingDirectory/testFileModulePerformance369
Sep 26, 2023 4:20:22 PM edu.yu.dbimpl.file.FileMgr write
INFO: Finished write
Sep 26, 2023 4:20:22 PM edu.yu.dbimpl.file.FileMgr read
INFO: read called with BlockIdBase: edu.yu.dbimpl.file.BlockId@c7008b4 and PageBase: edu.yu.dbimpl.file.Page@3f54fabc
Sep 26, 2023 4:20:22 PM edu.yu.dbimpl.file.Page getBytes
INFO: getBytes called with offset: 0
Sep 26, 2023 4:20:22 PM edu.yu.dbimpl.file.FileMgr read
INFO: Getting type to read: String
Sep 26, 2023 4:20:22 PM edu.yu.dbimpl.file.Page setString
INFO: setString called with offset: 0 and String: Hello, World!369
Sep 26, 2023 4:20:22 PM edu.yu.dbimpl.file.FileMgr append
INFO: append called with filename: testFileModulePerformance370
Sep 26, 2023 4:20:22 PM edu.yu.dbimpl.file.FileMgr append
INFO: Writing to file: src/test/java/edu/yu/dbimpl/testingDirectory/testFileModulePerformance370
Sep 26, 2023 4:20:22 PM edu.yu.dbimpl.file.Page <init>
INFO: Page created with blocksize 50000
Sep 26, 2023 4:20:22 PM edu.yu.dbimpl.file.Page setString
INFO: setString called with offset: 0 and String: Hello, World!370
Sep 26, 2023 4:20:22 PM edu.yu.dbimpl.file.FileMgr write
INFO: write called with BlockIdBase: edu.yu.dbimpl.file.BlockId@719e8f9f and PageBase: edu.yu.dbimpl.file.Page@5122387
Sep 26, 2023 4:20:22 PM edu.yu.dbimpl.file.FileMgr write
INFO: Getting type to write: String
Sep 26, 2023 4:20:22 PM edu.yu.dbimpl.file.FileMgr write
INFO: Writing to file: src/test/java/edu/yu/dbimpl/testingDirectory/testFileModulePerformance370
Sep 26, 2023 4:20:22 PM edu.yu.dbimpl.file.FileMgr write
INFO: Finished write
Sep 26, 2023 4:20:22 PM edu.yu.dbimpl.file.FileMgr read
INFO: read called with BlockIdBase: edu.yu.dbimpl.file.BlockId@719e8f9f and PageBase: edu.yu.dbimpl.file.Page@5122387
Sep 26, 2023 4:20:22 PM edu.yu.dbimpl.file.Page getBytes
INFO: getBytes called with offset: 0
Sep 26, 2023 4:20:22 PM edu.yu.dbimpl.file.FileMgr read
INFO: Getting type to read: String
Sep 26, 2023 4:20:22 PM edu.yu.dbimpl.file.Page setString
INFO: setString called with offset: 0 and String: Hello, World!370
Sep 26, 2023 4:20:22 PM edu.yu.dbimpl.file.FileMgr append
INFO: append called with filename: testFileModulePerformance371
Sep 26, 2023 4:20:22 PM edu.yu.dbimpl.file.FileMgr append
INFO: Writing to file: src/test/java/edu/yu/dbimpl/testingDirectory/testFileModulePerformance371
Sep 26, 2023 4:20:22 PM edu.yu.dbimpl.file.Page <init>
INFO: Page created with blocksize 50000
Sep 26, 2023 4:20:22 PM edu.yu.dbimpl.file.Page setString
INFO: setString called with offset: 0 and String: Hello, World!371
Sep 26, 2023 4:20:22 PM edu.yu.dbimpl.file.FileMgr write
INFO: write called with BlockIdBase: edu.yu.dbimpl.file.BlockId@9abbe39 and PageBase: edu.yu.dbimpl.file.Page@11b234aa
Sep 26, 2023 4:20:22 PM edu.yu.dbimpl.file.FileMgr write
INFO: Getting type to write: String
Sep 26, 2023 4:20:22 PM edu.yu.dbimpl.file.FileMgr write
INFO: Writing to file: src/test/java/edu/yu/dbimpl/testingDirectory/testFileModulePerformance371
Sep 26, 2023 4:20:22 PM edu.yu.dbimpl.file.FileMgr write
INFO: Finished write
Sep 26, 2023 4:20:22 PM edu.yu.dbimpl.file.FileMgr read
INFO: read called with BlockIdBase: edu.yu.dbimpl.file.BlockId@9abbe39 and PageBase: edu.yu.dbimpl.file.Page@11b234aa
Sep 26, 2023 4:20:22 PM edu.yu.dbimpl.file.Page getBytes
INFO: getBytes called with offset: 0
Sep 26, 2023 4:20:22 PM edu.yu.dbimpl.file.FileMgr read
INFO: Getting type to read: String
Sep 26, 2023 4:20:22 PM edu.yu.dbimpl.file.Page setString
INFO: setString called with offset: 0 and String: Hello, World!371
Sep 26, 2023 4:20:22 PM edu.yu.dbimpl.file.FileMgr append
INFO: append called with filename: testFileModulePerformance372
Sep 26, 2023 4:20:22 PM edu.yu.dbimpl.file.FileMgr append
INFO: Writing to file: src/test/java/edu/yu/dbimpl/testingDirectory/testFileModulePerformance372
Sep 26, 2023 4:20:22 PM edu.yu.dbimpl.file.Page <init>
INFO: Page created with blocksize 50000
Sep 26, 2023 4:20:22 PM edu.yu.dbimpl.file.Page setString
INFO: setString called with offset: 0 and String: Hello, World!372
Sep 26, 2023 4:20:22 PM edu.yu.dbimpl.file.FileMgr write
INFO: write called with BlockIdBase: edu.yu.dbimpl.file.BlockId@1455a374 and PageBase: edu.yu.dbimpl.file.Page@cfb462
Sep 26, 2023 4:20:22 PM edu.yu.dbimpl.file.FileMgr write
INFO: Getting type to write: String
Sep 26, 2023 4:20:22 PM edu.yu.dbimpl.file.FileMgr write
INFO: Writing to file: src/test/java/edu/yu/dbimpl/testingDirectory/testFileModulePerformance372
Sep 26, 2023 4:20:22 PM edu.yu.dbimpl.file.FileMgr write
INFO: Finished write
Sep 26, 2023 4:20:22 PM edu.yu.dbimpl.file.FileMgr read
INFO: read called with BlockIdBase: edu.yu.dbimpl.file.BlockId@1455a374 and PageBase: edu.yu.dbimpl.file.Page@cfb462
Sep 26, 2023 4:20:22 PM edu.yu.dbimpl.file.Page getBytes
INFO: getBytes called with offset: 0
Sep 26, 2023 4:20:22 PM edu.yu.dbimpl.file.FileMgr read
INFO: Getting type to read: String
Sep 26, 2023 4:20:22 PM edu.yu.dbimpl.file.Page setString
INFO: setString called with offset: 0 and String: Hello, World!372
Sep 26, 2023 4:20:22 PM edu.yu.dbimpl.file.FileMgr append
INFO: append called with filename: testFileModulePerformance373
Sep 26, 2023 4:20:22 PM edu.yu.dbimpl.file.FileMgr append
INFO: Writing to file: src/test/java/edu/yu/dbimpl/testingDirectory/testFileModulePerformance373
Sep 26, 2023 4:20:22 PM edu.yu.dbimpl.file.Page <init>
INFO: Page created with blocksize 50000
Sep 26, 2023 4:20:22 PM edu.yu.dbimpl.file.Page setString
INFO: setString called with offset: 0 and String: Hello, World!373
Sep 26, 2023 4:20:22 PM edu.yu.dbimpl.file.FileMgr write
INFO: write called with BlockIdBase: edu.yu.dbimpl.file.BlockId@54418834 and PageBase: edu.yu.dbimpl.file.Page@54d6f172
Sep 26, 2023 4:20:22 PM edu.yu.dbimpl.file.FileMgr write
INFO: Getting type to write: String
Sep 26, 2023 4:20:22 PM edu.yu.dbimpl.file.FileMgr write
INFO: Writing to file: src/test/java/edu/yu/dbimpl/testingDirectory/testFileModulePerformance373
Sep 26, 2023 4:20:22 PM edu.yu.dbimpl.file.FileMgr write
INFO: Finished write
Sep 26, 2023 4:20:22 PM edu.yu.dbimpl.file.FileMgr read
INFO: read called with BlockIdBase: edu.yu.dbimpl.file.BlockId@54418834 and PageBase: edu.yu.dbimpl.file.Page@54d6f172
Sep 26, 2023 4:20:22 PM edu.yu.dbimpl.file.Page getBytes
INFO: getBytes called with offset: 0
Sep 26, 2023 4:20:22 PM edu.yu.dbimpl.file.FileMgr read
INFO: Getting type to read: String
Sep 26, 2023 4:20:22 PM edu.yu.dbimpl.file.Page setString
INFO: setString called with offset: 0 and String: Hello, World!373
Sep 26, 2023 4:20:22 PM edu.yu.dbimpl.file.FileMgr append
INFO: append called with filename: testFileModulePerformance374
Sep 26, 2023 4:20:22 PM edu.yu.dbimpl.file.FileMgr append
INFO: Writing to file: src/test/java/edu/yu/dbimpl/testingDirectory/testFileModulePerformance374
Sep 26, 2023 4:20:22 PM edu.yu.dbimpl.file.Page <init>
INFO: Page created with blocksize 50000
Sep 26, 2023 4:20:22 PM edu.yu.dbimpl.file.Page setString
INFO: setString called with offset: 0 and String: Hello, World!374
Sep 26, 2023 4:20:22 PM edu.yu.dbimpl.file.FileMgr write
INFO: write called with BlockIdBase: edu.yu.dbimpl.file.BlockId@6d21a69f and PageBase: edu.yu.dbimpl.file.Page@10b063fd
Sep 26, 2023 4:20:22 PM edu.yu.dbimpl.file.FileMgr write
INFO: Getting type to write: String
Sep 26, 2023 4:20:22 PM edu.yu.dbimpl.file.FileMgr write
INFO: Writing to file: src/test/java/edu/yu/dbimpl/testingDirectory/testFileModulePerformance374
Sep 26, 2023 4:20:22 PM edu.yu.dbimpl.file.FileMgr write
INFO: Finished write
Sep 26, 2023 4:20:22 PM edu.yu.dbimpl.file.FileMgr read
INFO: read called with BlockIdBase: edu.yu.dbimpl.file.BlockId@6d21a69f and PageBase: edu.yu.dbimpl.file.Page@10b063fd
Sep 26, 2023 4:20:22 PM edu.yu.dbimpl.file.Page getBytes
INFO: getBytes called with offset: 0
Sep 26, 2023 4:20:22 PM edu.yu.dbimpl.file.FileMgr read
INFO: Getting type to read: String
Sep 26, 2023 4:20:22 PM edu.yu.dbimpl.file.Page setString
INFO: setString called with offset: 0 and String: Hello, World!374
Sep 26, 2023 4:20:22 PM edu.yu.dbimpl.file.FileMgr append
INFO: append called with filename: testFileModulePerformance375
Sep 26, 2023 4:20:22 PM edu.yu.dbimpl.file.FileMgr append
INFO: Writing to file: src/test/java/edu/yu/dbimpl/testingDirectory/testFileModulePerformance375
Sep 26, 2023 4:20:22 PM edu.yu.dbimpl.file.Page <init>
INFO: Page created with blocksize 50000
Sep 26, 2023 4:20:22 PM edu.yu.dbimpl.file.Page setString
INFO: setString called with offset: 0 and String: Hello, World!375
Sep 26, 2023 4:20:22 PM edu.yu.dbimpl.file.FileMgr write
INFO: write called with BlockIdBase: edu.yu.dbimpl.file.BlockId@48e859f7 and PageBase: edu.yu.dbimpl.file.Page@2bd67cf9
Sep 26, 2023 4:20:22 PM edu.yu.dbimpl.file.FileMgr write
INFO: Getting type to write: String
Sep 26, 2023 4:20:22 PM edu.yu.dbimpl.file.FileMgr write
INFO: Writing to file: src/test/java/edu/yu/dbimpl/testingDirectory/testFileModulePerformance375
Sep 26, 2023 4:20:22 PM edu.yu.dbimpl.file.FileMgr write
INFO: Finished write
Sep 26, 2023 4:20:22 PM edu.yu.dbimpl.file.FileMgr read
INFO: read called with BlockIdBase: edu.yu.dbimpl.file.BlockId@48e859f7 and PageBase: edu.yu.dbimpl.file.Page@2bd67cf9
Sep 26, 2023 4:20:22 PM edu.yu.dbimpl.file.Page getBytes
INFO: getBytes called with offset: 0
Sep 26, 2023 4:20:22 PM edu.yu.dbimpl.file.FileMgr read
INFO: Getting type to read: String
Sep 26, 2023 4:20:22 PM edu.yu.dbimpl.file.Page setString
INFO: setString called with offset: 0 and String: Hello, World!375
Sep 26, 2023 4:20:22 PM edu.yu.dbimpl.file.FileMgr append
INFO: append called with filename: testFileModulePerformance376
Sep 26, 2023 4:20:22 PM edu.yu.dbimpl.file.FileMgr append
INFO: Writing to file: src/test/java/edu/yu/dbimpl/testingDirectory/testFileModulePerformance376
Sep 26, 2023 4:20:22 PM edu.yu.dbimpl.file.Page <init>
INFO: Page created with blocksize 50000
Sep 26, 2023 4:20:22 PM edu.yu.dbimpl.file.Page setString
INFO: setString called with offset: 0 and String: Hello, World!376
Sep 26, 2023 4:20:22 PM edu.yu.dbimpl.file.FileMgr write
INFO: write called with BlockIdBase: edu.yu.dbimpl.file.BlockId@4ba32242 and PageBase: edu.yu.dbimpl.file.Page@581f1f40
Sep 26, 2023 4:20:22 PM edu.yu.dbimpl.file.FileMgr write
INFO: Getting type to write: String
Sep 26, 2023 4:20:22 PM edu.yu.dbimpl.file.FileMgr write
INFO: Writing to file: src/test/java/edu/yu/dbimpl/testingDirectory/testFileModulePerformance376
Sep 26, 2023 4:20:22 PM edu.yu.dbimpl.file.FileMgr write
INFO: Finished write
Sep 26, 2023 4:20:22 PM edu.yu.dbimpl.file.FileMgr read
INFO: read called with BlockIdBase: edu.yu.dbimpl.file.BlockId@4ba32242 and PageBase: edu.yu.dbimpl.file.Page@581f1f40
Sep 26, 2023 4:20:22 PM edu.yu.dbimpl.file.Page getBytes
INFO: getBytes called with offset: 0
Sep 26, 2023 4:20:22 PM edu.yu.dbimpl.file.FileMgr read
INFO: Getting type to read: String
Sep 26, 2023 4:20:22 PM edu.yu.dbimpl.file.Page setString
INFO: setString called with offset: 0 and String: Hello, World!376
Sep 26, 2023 4:20:22 PM edu.yu.dbimpl.file.FileMgr append
INFO: append called with filename: testFileModulePerformance377
Sep 26, 2023 4:20:22 PM edu.yu.dbimpl.file.FileMgr append
INFO: Writing to file: src/test/java/edu/yu/dbimpl/testingDirectory/testFileModulePerformance377
Sep 26, 2023 4:20:22 PM edu.yu.dbimpl.file.Page <init>
INFO: Page created with blocksize 50000
Sep 26, 2023 4:20:22 PM edu.yu.dbimpl.file.Page setString
INFO: setString called with offset: 0 and String: Hello, World!377
Sep 26, 2023 4:20:22 PM edu.yu.dbimpl.file.FileMgr write
INFO: write called with BlockIdBase: edu.yu.dbimpl.file.BlockId@52b2c255 and PageBase: edu.yu.dbimpl.file.Page@4a9b4d4e
Sep 26, 2023 4:20:22 PM edu.yu.dbimpl.file.FileMgr write
INFO: Getting type to write: String
Sep 26, 2023 4:20:22 PM edu.yu.dbimpl.file.FileMgr write
INFO: Writing to file: src/test/java/edu/yu/dbimpl/testingDirectory/testFileModulePerformance377
Sep 26, 2023 4:20:22 PM edu.yu.dbimpl.file.FileMgr write
INFO: Finished write
Sep 26, 2023 4:20:22 PM edu.yu.dbimpl.file.FileMgr read
INFO: read called with BlockIdBase: edu.yu.dbimpl.file.BlockId@52b2c255 and PageBase: edu.yu.dbimpl.file.Page@4a9b4d4e
Sep 26, 2023 4:20:22 PM edu.yu.dbimpl.file.Page getBytes
INFO: getBytes called with offset: 0
Sep 26, 2023 4:20:22 PM edu.yu.dbimpl.file.FileMgr read
INFO: Getting type to read: String
Sep 26, 2023 4:20:22 PM edu.yu.dbimpl.file.Page setString
INFO: setString called with offset: 0 and String: Hello, World!377
Sep 26, 2023 4:20:22 PM edu.yu.dbimpl.file.FileMgr append
INFO: append called with filename: testFileModulePerformance378
Sep 26, 2023 4:20:22 PM edu.yu.dbimpl.file.FileMgr append
INFO: Writing to file: src/test/java/edu/yu/dbimpl/testingDirectory/testFileModulePerformance378
Sep 26, 2023 4:20:22 PM edu.yu.dbimpl.file.Page <init>
INFO: Page created with blocksize 50000
Sep 26, 2023 4:20:22 PM edu.yu.dbimpl.file.Page setString
INFO: setString called with offset: 0 and String: Hello, World!378
Sep 26, 2023 4:20:22 PM edu.yu.dbimpl.file.FileMgr write
INFO: write called with BlockIdBase: edu.yu.dbimpl.file.BlockId@18f8c76d and PageBase: edu.yu.dbimpl.file.Page@383d2e2d
Sep 26, 2023 4:20:22 PM edu.yu.dbimpl.file.FileMgr write
INFO: Getting type to write: String
Sep 26, 2023 4:20:22 PM edu.yu.dbimpl.file.FileMgr write
INFO: Writing to file: src/test/java/edu/yu/dbimpl/testingDirectory/testFileModulePerformance378
Sep 26, 2023 4:20:22 PM edu.yu.dbimpl.file.FileMgr write
INFO: Finished write
Sep 26, 2023 4:20:22 PM edu.yu.dbimpl.file.FileMgr read
INFO: read called with BlockIdBase: edu.yu.dbimpl.file.BlockId@18f8c76d and PageBase: edu.yu.dbimpl.file.Page@383d2e2d
Sep 26, 2023 4:20:22 PM edu.yu.dbimpl.file.Page getBytes
INFO: getBytes called with offset: 0
Sep 26, 2023 4:20:22 PM edu.yu.dbimpl.file.FileMgr read
INFO: Getting type to read: String
Sep 26, 2023 4:20:22 PM edu.yu.dbimpl.file.Page setString
INFO: setString called with offset: 0 and String: Hello, World!378
Sep 26, 2023 4:20:22 PM edu.yu.dbimpl.file.FileMgr append
INFO: append called with filename: testFileModulePerformance379
Sep 26, 2023 4:20:22 PM edu.yu.dbimpl.file.FileMgr append
INFO: Writing to file: src/test/java/edu/yu/dbimpl/testingDirectory/testFileModulePerformance379
Sep 26, 2023 4:20:22 PM edu.yu.dbimpl.file.Page <init>
INFO: Page created with blocksize 50000
Sep 26, 2023 4:20:22 PM edu.yu.dbimpl.file.Page setString
INFO: setString called with offset: 0 and String: Hello, World!379
Sep 26, 2023 4:20:22 PM edu.yu.dbimpl.file.FileMgr write
INFO: write called with BlockIdBase: edu.yu.dbimpl.file.BlockId@7c59f315 and PageBase: edu.yu.dbimpl.file.Page@6c3830ed
Sep 26, 2023 4:20:22 PM edu.yu.dbimpl.file.FileMgr write
INFO: Getting type to write: String
Sep 26, 2023 4:20:22 PM edu.yu.dbimpl.file.FileMgr write
INFO: Writing to file: src/test/java/edu/yu/dbimpl/testingDirectory/testFileModulePerformance379
Sep 26, 2023 4:20:22 PM edu.yu.dbimpl.file.FileMgr write
INFO: Finished write
Sep 26, 2023 4:20:22 PM edu.yu.dbimpl.file.FileMgr read
INFO: read called with BlockIdBase: edu.yu.dbimpl.file.BlockId@7c59f315 and PageBase: edu.yu.dbimpl.file.Page@6c3830ed
Sep 26, 2023 4:20:22 PM edu.yu.dbimpl.file.Page getBytes
INFO: getBytes called with offset: 0
Sep 26, 2023 4:20:22 PM edu.yu.dbimpl.file.FileMgr read
INFO: Getting type to read: String
Sep 26, 2023 4:20:22 PM edu.yu.dbimpl.file.Page setString
INFO: setString called with offset: 0 and String: Hello, World!379
Sep 26, 2023 4:20:22 PM edu.yu.dbimpl.file.FileMgr append
INFO: append called with filename: testFileModulePerformance380
Sep 26, 2023 4:20:22 PM edu.yu.dbimpl.file.FileMgr append
INFO: Writing to file: src/test/java/edu/yu/dbimpl/testingDirectory/testFileModulePerformance380
Sep 26, 2023 4:20:22 PM edu.yu.dbimpl.file.Page <init>
INFO: Page created with blocksize 50000
Sep 26, 2023 4:20:22 PM edu.yu.dbimpl.file.Page setString
INFO: setString called with offset: 0 and String: Hello, World!380
Sep 26, 2023 4:20:22 PM edu.yu.dbimpl.file.FileMgr write
INFO: write called with BlockIdBase: edu.yu.dbimpl.file.BlockId@32a541a8 and PageBase: edu.yu.dbimpl.file.Page@63b85d97
Sep 26, 2023 4:20:22 PM edu.yu.dbimpl.file.FileMgr write
INFO: Getting type to write: String
Sep 26, 2023 4:20:22 PM edu.yu.dbimpl.file.FileMgr write
INFO: Writing to file: src/test/java/edu/yu/dbimpl/testingDirectory/testFileModulePerformance380
Sep 26, 2023 4:20:22 PM edu.yu.dbimpl.file.FileMgr write
INFO: Finished write
Sep 26, 2023 4:20:22 PM edu.yu.dbimpl.file.FileMgr read
INFO: read called with BlockIdBase: edu.yu.dbimpl.file.BlockId@32a541a8 and PageBase: edu.yu.dbimpl.file.Page@63b85d97
Sep 26, 2023 4:20:22 PM edu.yu.dbimpl.file.Page getBytes
INFO: getBytes called with offset: 0
Sep 26, 2023 4:20:22 PM edu.yu.dbimpl.file.FileMgr read
INFO: Getting type to read: String
Sep 26, 2023 4:20:22 PM edu.yu.dbimpl.file.Page setString
INFO: setString called with offset: 0 and String: Hello, World!380
Sep 26, 2023 4:20:22 PM edu.yu.dbimpl.file.FileMgr append
INFO: append called with filename: testFileModulePerformance381
Sep 26, 2023 4:20:22 PM edu.yu.dbimpl.file.FileMgr append
INFO: Writing to file: src/test/java/edu/yu/dbimpl/testingDirectory/testFileModulePerformance381
Sep 26, 2023 4:20:22 PM edu.yu.dbimpl.file.Page <init>
INFO: Page created with blocksize 50000
Sep 26, 2023 4:20:22 PM edu.yu.dbimpl.file.Page setString
INFO: setString called with offset: 0 and String: Hello, World!381
Sep 26, 2023 4:20:22 PM edu.yu.dbimpl.file.FileMgr write
INFO: write called with BlockIdBase: edu.yu.dbimpl.file.BlockId@50cadbae and PageBase: edu.yu.dbimpl.file.Page@7d583602
Sep 26, 2023 4:20:22 PM edu.yu.dbimpl.file.FileMgr write
INFO: Getting type to write: String
Sep 26, 2023 4:20:22 PM edu.yu.dbimpl.file.FileMgr write
INFO: Writing to file: src/test/java/edu/yu/dbimpl/testingDirectory/testFileModulePerformance381
Sep 26, 2023 4:20:22 PM edu.yu.dbimpl.file.FileMgr write
INFO: Finished write
Sep 26, 2023 4:20:22 PM edu.yu.dbimpl.file.FileMgr read
INFO: read called with BlockIdBase: edu.yu.dbimpl.file.BlockId@50cadbae and PageBase: edu.yu.dbimpl.file.Page@7d583602
Sep 26, 2023 4:20:22 PM edu.yu.dbimpl.file.Page getBytes
INFO: getBytes called with offset: 0
Sep 26, 2023 4:20:22 PM edu.yu.dbimpl.file.FileMgr read
INFO: Getting type to read: String
Sep 26, 2023 4:20:22 PM edu.yu.dbimpl.file.Page setString
INFO: setString called with offset: 0 and String: Hello, World!381
Sep 26, 2023 4:20:22 PM edu.yu.dbimpl.file.FileMgr append
INFO: append called with filename: testFileModulePerformance382
Sep 26, 2023 4:20:22 PM edu.yu.dbimpl.file.FileMgr append
INFO: Writing to file: src/test/java/edu/yu/dbimpl/testingDirectory/testFileModulePerformance382
Sep 26, 2023 4:20:22 PM edu.yu.dbimpl.file.Page <init>
INFO: Page created with blocksize 50000
Sep 26, 2023 4:20:22 PM edu.yu.dbimpl.file.Page setString
INFO: setString called with offset: 0 and String: Hello, World!382
Sep 26, 2023 4:20:22 PM edu.yu.dbimpl.file.FileMgr write
INFO: write called with BlockIdBase: edu.yu.dbimpl.file.BlockId@65689000 and PageBase: edu.yu.dbimpl.file.Page@441d3ddf
Sep 26, 2023 4:20:22 PM edu.yu.dbimpl.file.FileMgr write
INFO: Getting type to write: String
Sep 26, 2023 4:20:22 PM edu.yu.dbimpl.file.FileMgr write
INFO: Writing to file: src/test/java/edu/yu/dbimpl/testingDirectory/testFileModulePerformance382
Sep 26, 2023 4:20:22 PM edu.yu.dbimpl.file.FileMgr write
INFO: Finished write
Sep 26, 2023 4:20:22 PM edu.yu.dbimpl.file.FileMgr read
INFO: read called with BlockIdBase: edu.yu.dbimpl.file.BlockId@65689000 and PageBase: edu.yu.dbimpl.file.Page@441d3ddf
Sep 26, 2023 4:20:22 PM edu.yu.dbimpl.file.Page getBytes
INFO: getBytes called with offset: 0
Sep 26, 2023 4:20:22 PM edu.yu.dbimpl.file.FileMgr read
INFO: Getting type to read: String
Sep 26, 2023 4:20:22 PM edu.yu.dbimpl.file.Page setString
INFO: setString called with offset: 0 and String: Hello, World!382
Sep 26, 2023 4:20:22 PM edu.yu.dbimpl.file.FileMgr append
INFO: append called with filename: testFileModulePerformance383
Sep 26, 2023 4:20:22 PM edu.yu.dbimpl.file.FileMgr append
INFO: Writing to file: src/test/java/edu/yu/dbimpl/testingDirectory/testFileModulePerformance383
Sep 26, 2023 4:20:22 PM edu.yu.dbimpl.file.Page <init>
INFO: Page created with blocksize 50000
Sep 26, 2023 4:20:22 PM edu.yu.dbimpl.file.Page setString
INFO: setString called with offset: 0 and String: Hello, World!383
Sep 26, 2023 4:20:22 PM edu.yu.dbimpl.file.FileMgr write
INFO: write called with BlockIdBase: edu.yu.dbimpl.file.BlockId@420c9959 and PageBase: edu.yu.dbimpl.file.Page@7e584f3c
Sep 26, 2023 4:20:22 PM edu.yu.dbimpl.file.FileMgr write
INFO: Getting type to write: String
Sep 26, 2023 4:20:22 PM edu.yu.dbimpl.file.FileMgr write
INFO: Writing to file: src/test/java/edu/yu/dbimpl/testingDirectory/testFileModulePerformance383
Sep 26, 2023 4:20:22 PM edu.yu.dbimpl.file.FileMgr write
INFO: Finished write
Sep 26, 2023 4:20:22 PM edu.yu.dbimpl.file.FileMgr read
INFO: read called with BlockIdBase: edu.yu.dbimpl.file.BlockId@420c9959 and PageBase: edu.yu.dbimpl.file.Page@7e584f3c
Sep 26, 2023 4:20:22 PM edu.yu.dbimpl.file.Page getBytes
INFO: getBytes called with offset: 0
Sep 26, 2023 4:20:22 PM edu.yu.dbimpl.file.FileMgr read
INFO: Getting type to read: String
Sep 26, 2023 4:20:22 PM edu.yu.dbimpl.file.Page setString
INFO: setString called with offset: 0 and String: Hello, World!383
Sep 26, 2023 4:20:22 PM edu.yu.dbimpl.file.FileMgr append
INFO: append called with filename: testFileModulePerformance384
Sep 26, 2023 4:20:22 PM edu.yu.dbimpl.file.FileMgr append
INFO: Writing to file: src/test/java/edu/yu/dbimpl/testingDirectory/testFileModulePerformance384
Sep 26, 2023 4:20:22 PM edu.yu.dbimpl.file.Page <init>
INFO: Page created with blocksize 50000
Sep 26, 2023 4:20:22 PM edu.yu.dbimpl.file.Page setString
INFO: setString called with offset: 0 and String: Hello, World!384
Sep 26, 2023 4:20:22 PM edu.yu.dbimpl.file.FileMgr write
INFO: write called with BlockIdBase: edu.yu.dbimpl.file.BlockId@5f113867 and PageBase: edu.yu.dbimpl.file.Page@72cf159f
Sep 26, 2023 4:20:22 PM edu.yu.dbimpl.file.FileMgr write
INFO: Getting type to write: String
Sep 26, 2023 4:20:22 PM edu.yu.dbimpl.file.FileMgr write
INFO: Writing to file: src/test/java/edu/yu/dbimpl/testingDirectory/testFileModulePerformance384
Sep 26, 2023 4:20:22 PM edu.yu.dbimpl.file.FileMgr write
INFO: Finished write
Sep 26, 2023 4:20:22 PM edu.yu.dbimpl.file.FileMgr read
INFO: read called with BlockIdBase: edu.yu.dbimpl.file.BlockId@5f113867 and PageBase: edu.yu.dbimpl.file.Page@72cf159f
Sep 26, 2023 4:20:22 PM edu.yu.dbimpl.file.Page getBytes
INFO: getBytes called with offset: 0
Sep 26, 2023 4:20:22 PM edu.yu.dbimpl.file.FileMgr read
INFO: Getting type to read: String
Sep 26, 2023 4:20:22 PM edu.yu.dbimpl.file.Page setString
INFO: setString called with offset: 0 and String: Hello, World!384
Sep 26, 2023 4:20:22 PM edu.yu.dbimpl.file.FileMgr append
INFO: append called with filename: testFileModulePerformance385
Sep 26, 2023 4:20:22 PM edu.yu.dbimpl.file.FileMgr append
INFO: Writing to file: src/test/java/edu/yu/dbimpl/testingDirectory/testFileModulePerformance385
Sep 26, 2023 4:20:22 PM edu.yu.dbimpl.file.Page <init>
INFO: Page created with blocksize 50000
Sep 26, 2023 4:20:22 PM edu.yu.dbimpl.file.Page setString
INFO: setString called with offset: 0 and String: Hello, World!385
Sep 26, 2023 4:20:22 PM edu.yu.dbimpl.file.FileMgr write
INFO: write called with BlockIdBase: edu.yu.dbimpl.file.BlockId@54af9cce and PageBase: edu.yu.dbimpl.file.Page@683218c8
Sep 26, 2023 4:20:22 PM edu.yu.dbimpl.file.FileMgr write
INFO: Getting type to write: String
Sep 26, 2023 4:20:22 PM edu.yu.dbimpl.file.FileMgr write
INFO: Writing to file: src/test/java/edu/yu/dbimpl/testingDirectory/testFileModulePerformance385
Sep 26, 2023 4:20:22 PM edu.yu.dbimpl.file.FileMgr write
INFO: Finished write
Sep 26, 2023 4:20:22 PM edu.yu.dbimpl.file.FileMgr read
INFO: read called with BlockIdBase: edu.yu.dbimpl.file.BlockId@54af9cce and PageBase: edu.yu.dbimpl.file.Page@683218c8
Sep 26, 2023 4:20:22 PM edu.yu.dbimpl.file.Page getBytes
INFO: getBytes called with offset: 0
Sep 26, 2023 4:20:22 PM edu.yu.dbimpl.file.FileMgr read
INFO: Getting type to read: String
Sep 26, 2023 4:20:22 PM edu.yu.dbimpl.file.Page setString
INFO: setString called with offset: 0 and String: Hello, World!385
Sep 26, 2023 4:20:22 PM edu.yu.dbimpl.file.FileMgr append
INFO: append called with filename: testFileModulePerformance386
Sep 26, 2023 4:20:22 PM edu.yu.dbimpl.file.FileMgr append
INFO: Writing to file: src/test/java/edu/yu/dbimpl/testingDirectory/testFileModulePerformance386
Sep 26, 2023 4:20:22 PM edu.yu.dbimpl.file.Page <init>
INFO: Page created with blocksize 50000
Sep 26, 2023 4:20:22 PM edu.yu.dbimpl.file.Page setString
INFO: setString called with offset: 0 and String: Hello, World!386
Sep 26, 2023 4:20:22 PM edu.yu.dbimpl.file.FileMgr write
INFO: write called with BlockIdBase: edu.yu.dbimpl.file.BlockId@3eb6d7a9 and PageBase: edu.yu.dbimpl.file.Page@345f4e0d
Sep 26, 2023 4:20:22 PM edu.yu.dbimpl.file.FileMgr write
INFO: Getting type to write: String
Sep 26, 2023 4:20:22 PM edu.yu.dbimpl.file.FileMgr write
INFO: Writing to file: src/test/java/edu/yu/dbimpl/testingDirectory/testFileModulePerformance386
Sep 26, 2023 4:20:22 PM edu.yu.dbimpl.file.FileMgr write
INFO: Finished write
Sep 26, 2023 4:20:22 PM edu.yu.dbimpl.file.FileMgr read
INFO: read called with BlockIdBase: edu.yu.dbimpl.file.BlockId@3eb6d7a9 and PageBase: edu.yu.dbimpl.file.Page@345f4e0d
Sep 26, 2023 4:20:22 PM edu.yu.dbimpl.file.Page getBytes
INFO: getBytes called with offset: 0
Sep 26, 2023 4:20:22 PM edu.yu.dbimpl.file.FileMgr read
INFO: Getting type to read: String
Sep 26, 2023 4:20:22 PM edu.yu.dbimpl.file.Page setString
INFO: setString called with offset: 0 and String: Hello, World!386
Sep 26, 2023 4:20:22 PM edu.yu.dbimpl.file.FileMgr append
INFO: append called with filename: testFileModulePerformance387
Sep 26, 2023 4:20:22 PM edu.yu.dbimpl.file.FileMgr append
INFO: Writing to file: src/test/java/edu/yu/dbimpl/testingDirectory/testFileModulePerformance387
Sep 26, 2023 4:20:22 PM edu.yu.dbimpl.file.Page <init>
INFO: Page created with blocksize 50000
Sep 26, 2023 4:20:22 PM edu.yu.dbimpl.file.Page setString
INFO: setString called with offset: 0 and String: Hello, World!387
Sep 26, 2023 4:20:22 PM edu.yu.dbimpl.file.FileMgr write
INFO: write called with BlockIdBase: edu.yu.dbimpl.file.BlockId@1c3eeda4 and PageBase: edu.yu.dbimpl.file.Page@64b242b3
Sep 26, 2023 4:20:22 PM edu.yu.dbimpl.file.FileMgr write
INFO: Getting type to write: String
Sep 26, 2023 4:20:22 PM edu.yu.dbimpl.file.FileMgr write
INFO: Writing to file: src/test/java/edu/yu/dbimpl/testingDirectory/testFileModulePerformance387
Sep 26, 2023 4:20:22 PM edu.yu.dbimpl.file.FileMgr write
INFO: Finished write
Sep 26, 2023 4:20:22 PM edu.yu.dbimpl.file.FileMgr read
INFO: read called with BlockIdBase: edu.yu.dbimpl.file.BlockId@1c3eeda4 and PageBase: edu.yu.dbimpl.file.Page@64b242b3
Sep 26, 2023 4:20:22 PM edu.yu.dbimpl.file.Page getBytes
INFO: getBytes called with offset: 0
Sep 26, 2023 4:20:22 PM edu.yu.dbimpl.file.FileMgr read
INFO: Getting type to read: String
Sep 26, 2023 4:20:22 PM edu.yu.dbimpl.file.Page setString
INFO: setString called with offset: 0 and String: Hello, World!387
Sep 26, 2023 4:20:22 PM edu.yu.dbimpl.file.FileMgr append
INFO: append called with filename: testFileModulePerformance388
Sep 26, 2023 4:20:22 PM edu.yu.dbimpl.file.FileMgr append
INFO: Writing to file: src/test/java/edu/yu/dbimpl/testingDirectory/testFileModulePerformance388
Sep 26, 2023 4:20:22 PM edu.yu.dbimpl.file.Page <init>
INFO: Page created with blocksize 50000
Sep 26, 2023 4:20:22 PM edu.yu.dbimpl.file.Page setString
INFO: setString called with offset: 0 and String: Hello, World!388
Sep 26, 2023 4:20:22 PM edu.yu.dbimpl.file.FileMgr write
INFO: write called with BlockIdBase: edu.yu.dbimpl.file.BlockId@6cb1da13 and PageBase: edu.yu.dbimpl.file.Page@2250deae
Sep 26, 2023 4:20:22 PM edu.yu.dbimpl.file.FileMgr write
INFO: Getting type to write: String
Sep 26, 2023 4:20:22 PM edu.yu.dbimpl.file.FileMgr write
INFO: Writing to file: src/test/java/edu/yu/dbimpl/testingDirectory/testFileModulePerformance388
Sep 26, 2023 4:20:22 PM edu.yu.dbimpl.file.FileMgr write
INFO: Finished write
Sep 26, 2023 4:20:22 PM edu.yu.dbimpl.file.FileMgr read
INFO: read called with BlockIdBase: edu.yu.dbimpl.file.BlockId@6cb1da13 and PageBase: edu.yu.dbimpl.file.Page@2250deae
Sep 26, 2023 4:20:22 PM edu.yu.dbimpl.file.Page getBytes
INFO: getBytes called with offset: 0
Sep 26, 2023 4:20:22 PM edu.yu.dbimpl.file.FileMgr read
INFO: Getting type to read: String
Sep 26, 2023 4:20:22 PM edu.yu.dbimpl.file.Page setString
INFO: setString called with offset: 0 and String: Hello, World!388
Sep 26, 2023 4:20:22 PM edu.yu.dbimpl.file.FileMgr append
INFO: append called with filename: testFileModulePerformance389
Sep 26, 2023 4:20:22 PM edu.yu.dbimpl.file.FileMgr append
INFO: Writing to file: src/test/java/edu/yu/dbimpl/testingDirectory/testFileModulePerformance389
Sep 26, 2023 4:20:22 PM edu.yu.dbimpl.file.Page <init>
INFO: Page created with blocksize 50000
Sep 26, 2023 4:20:22 PM edu.yu.dbimpl.file.Page setString
INFO: setString called with offset: 0 and String: Hello, World!389
Sep 26, 2023 4:20:22 PM edu.yu.dbimpl.file.FileMgr write
INFO: write called with BlockIdBase: edu.yu.dbimpl.file.BlockId@49e8548d and PageBase: edu.yu.dbimpl.file.Page@3fb920d9
Sep 26, 2023 4:20:22 PM edu.yu.dbimpl.file.FileMgr write
INFO: Getting type to write: String
Sep 26, 2023 4:20:22 PM edu.yu.dbimpl.file.FileMgr write
INFO: Writing to file: src/test/java/edu/yu/dbimpl/testingDirectory/testFileModulePerformance389
Sep 26, 2023 4:20:22 PM edu.yu.dbimpl.file.FileMgr write
INFO: Finished write
Sep 26, 2023 4:20:22 PM edu.yu.dbimpl.file.FileMgr read
INFO: read called with BlockIdBase: edu.yu.dbimpl.file.BlockId@49e8548d and PageBase: edu.yu.dbimpl.file.Page@3fb920d9
Sep 26, 2023 4:20:22 PM edu.yu.dbimpl.file.Page getBytes
INFO: getBytes called with offset: 0
Sep 26, 2023 4:20:22 PM edu.yu.dbimpl.file.FileMgr read
INFO: Getting type to read: String
Sep 26, 2023 4:20:22 PM edu.yu.dbimpl.file.Page setString
INFO: setString called with offset: 0 and String: Hello, World!389
Sep 26, 2023 4:20:22 PM edu.yu.dbimpl.file.FileMgr append
INFO: append called with filename: testFileModulePerformance390
Sep 26, 2023 4:20:22 PM edu.yu.dbimpl.file.FileMgr append
INFO: Writing to file: src/test/java/edu/yu/dbimpl/testingDirectory/testFileModulePerformance390
Sep 26, 2023 4:20:22 PM edu.yu.dbimpl.file.Page <init>
INFO: Page created with blocksize 50000
Sep 26, 2023 4:20:22 PM edu.yu.dbimpl.file.Page setString
INFO: setString called with offset: 0 and String: Hello, World!390
Sep 26, 2023 4:20:22 PM edu.yu.dbimpl.file.FileMgr write
INFO: write called with BlockIdBase: edu.yu.dbimpl.file.BlockId@5d3a147f and PageBase: edu.yu.dbimpl.file.Page@79bb14d8
Sep 26, 2023 4:20:22 PM edu.yu.dbimpl.file.FileMgr write
INFO: Getting type to write: String
Sep 26, 2023 4:20:22 PM edu.yu.dbimpl.file.FileMgr write
INFO: Writing to file: src/test/java/edu/yu/dbimpl/testingDirectory/testFileModulePerformance390
Sep 26, 2023 4:20:22 PM edu.yu.dbimpl.file.FileMgr write
INFO: Finished write
Sep 26, 2023 4:20:22 PM edu.yu.dbimpl.file.FileMgr read
INFO: read called with BlockIdBase: edu.yu.dbimpl.file.BlockId@5d3a147f and PageBase: edu.yu.dbimpl.file.Page@79bb14d8
Sep 26, 2023 4:20:22 PM edu.yu.dbimpl.file.Page getBytes
INFO: getBytes called with offset: 0
Sep 26, 2023 4:20:22 PM edu.yu.dbimpl.file.FileMgr read
INFO: Getting type to read: String
Sep 26, 2023 4:20:22 PM edu.yu.dbimpl.file.Page setString
INFO: setString called with offset: 0 and String: Hello, World!390
Sep 26, 2023 4:20:22 PM edu.yu.dbimpl.file.FileMgr append
INFO: append called with filename: testFileModulePerformance391
Sep 26, 2023 4:20:22 PM edu.yu.dbimpl.file.FileMgr append
INFO: Writing to file: src/test/java/edu/yu/dbimpl/testingDirectory/testFileModulePerformance391
Sep 26, 2023 4:20:22 PM edu.yu.dbimpl.file.Page <init>
INFO: Page created with blocksize 50000
Sep 26, 2023 4:20:22 PM edu.yu.dbimpl.file.Page setString
INFO: setString called with offset: 0 and String: Hello, World!391
Sep 26, 2023 4:20:22 PM edu.yu.dbimpl.file.FileMgr write
INFO: write called with BlockIdBase: edu.yu.dbimpl.file.BlockId@72fc6b5e and PageBase: edu.yu.dbimpl.file.Page@4353230
Sep 26, 2023 4:20:22 PM edu.yu.dbimpl.file.FileMgr write
INFO: Getting type to write: String
Sep 26, 2023 4:20:22 PM edu.yu.dbimpl.file.FileMgr write
INFO: Writing to file: src/test/java/edu/yu/dbimpl/testingDirectory/testFileModulePerformance391
Sep 26, 2023 4:20:22 PM edu.yu.dbimpl.file.FileMgr write
INFO: Finished write
Sep 26, 2023 4:20:22 PM edu.yu.dbimpl.file.FileMgr read
INFO: read called with BlockIdBase: edu.yu.dbimpl.file.BlockId@72fc6b5e and PageBase: edu.yu.dbimpl.file.Page@4353230
Sep 26, 2023 4:20:22 PM edu.yu.dbimpl.file.Page getBytes
INFO: getBytes called with offset: 0
Sep 26, 2023 4:20:22 PM edu.yu.dbimpl.file.FileMgr read
INFO: Getting type to read: String
Sep 26, 2023 4:20:22 PM edu.yu.dbimpl.file.Page setString
INFO: setString called with offset: 0 and String: Hello, World!391
Sep 26, 2023 4:20:22 PM edu.yu.dbimpl.file.FileMgr append
INFO: append called with filename: testFileModulePerformance392
Sep 26, 2023 4:20:22 PM edu.yu.dbimpl.file.FileMgr append
INFO: Writing to file: src/test/java/edu/yu/dbimpl/testingDirectory/testFileModulePerformance392
Sep 26, 2023 4:20:22 PM edu.yu.dbimpl.file.Page <init>
INFO: Page created with blocksize 50000
Sep 26, 2023 4:20:22 PM edu.yu.dbimpl.file.Page setString
INFO: setString called with offset: 0 and String: Hello, World!392
Sep 26, 2023 4:20:22 PM edu.yu.dbimpl.file.FileMgr write
INFO: write called with BlockIdBase: edu.yu.dbimpl.file.BlockId@9214725 and PageBase: edu.yu.dbimpl.file.Page@289d9f0d
Sep 26, 2023 4:20:22 PM edu.yu.dbimpl.file.FileMgr write
INFO: Getting type to write: String
Sep 26, 2023 4:20:22 PM edu.yu.dbimpl.file.FileMgr write
INFO: Writing to file: src/test/java/edu/yu/dbimpl/testingDirectory/testFileModulePerformance392
Sep 26, 2023 4:20:22 PM edu.yu.dbimpl.file.FileMgr write
INFO: Finished write
Sep 26, 2023 4:20:22 PM edu.yu.dbimpl.file.FileMgr read
INFO: read called with BlockIdBase: edu.yu.dbimpl.file.BlockId@9214725 and PageBase: edu.yu.dbimpl.file.Page@289d9f0d
Sep 26, 2023 4:20:22 PM edu.yu.dbimpl.file.Page getBytes
INFO: getBytes called with offset: 0
Sep 26, 2023 4:20:22 PM edu.yu.dbimpl.file.FileMgr read
INFO: Getting type to read: String
Sep 26, 2023 4:20:22 PM edu.yu.dbimpl.file.Page setString
INFO: setString called with offset: 0 and String: Hello, World!392
Sep 26, 2023 4:20:22 PM edu.yu.dbimpl.file.FileMgr append
INFO: append called with filename: testFileModulePerformance393
Sep 26, 2023 4:20:22 PM edu.yu.dbimpl.file.FileMgr append
INFO: Writing to file: src/test/java/edu/yu/dbimpl/testingDirectory/testFileModulePerformance393
Sep 26, 2023 4:20:22 PM edu.yu.dbimpl.file.Page <init>
INFO: Page created with blocksize 50000
Sep 26, 2023 4:20:22 PM edu.yu.dbimpl.file.Page setString
INFO: setString called with offset: 0 and String: Hello, World!393
Sep 26, 2023 4:20:22 PM edu.yu.dbimpl.file.FileMgr write
INFO: write called with BlockIdBase: edu.yu.dbimpl.file.BlockId@39aaa7db and PageBase: edu.yu.dbimpl.file.Page@14a3a66c
Sep 26, 2023 4:20:22 PM edu.yu.dbimpl.file.FileMgr write
INFO: Getting type to write: String
Sep 26, 2023 4:20:22 PM edu.yu.dbimpl.file.FileMgr write
INFO: Writing to file: src/test/java/edu/yu/dbimpl/testingDirectory/testFileModulePerformance393
Sep 26, 2023 4:20:22 PM edu.yu.dbimpl.file.FileMgr write
INFO: Finished write
Sep 26, 2023 4:20:22 PM edu.yu.dbimpl.file.FileMgr read
INFO: read called with BlockIdBase: edu.yu.dbimpl.file.BlockId@39aaa7db and PageBase: edu.yu.dbimpl.file.Page@14a3a66c
Sep 26, 2023 4:20:22 PM edu.yu.dbimpl.file.Page getBytes
INFO: getBytes called with offset: 0
Sep 26, 2023 4:20:22 PM edu.yu.dbimpl.file.FileMgr read
INFO: Getting type to read: String
Sep 26, 2023 4:20:22 PM edu.yu.dbimpl.file.Page setString
INFO: setString called with offset: 0 and String: Hello, World!393
Sep 26, 2023 4:20:22 PM edu.yu.dbimpl.file.FileMgr append
INFO: append called with filename: testFileModulePerformance394
Sep 26, 2023 4:20:22 PM edu.yu.dbimpl.file.FileMgr append
INFO: Writing to file: src/test/java/edu/yu/dbimpl/testingDirectory/testFileModulePerformance394
Sep 26, 2023 4:20:22 PM edu.yu.dbimpl.file.Page <init>
INFO: Page created with blocksize 50000
Sep 26, 2023 4:20:22 PM edu.yu.dbimpl.file.Page setString
INFO: setString called with offset: 0 and String: Hello, World!394
Sep 26, 2023 4:20:22 PM edu.yu.dbimpl.file.FileMgr write
INFO: write called with BlockIdBase: edu.yu.dbimpl.file.BlockId@1738d3b2 and PageBase: edu.yu.dbimpl.file.Page@539953af
Sep 26, 2023 4:20:22 PM edu.yu.dbimpl.file.FileMgr write
INFO: Getting type to write: String
Sep 26, 2023 4:20:22 PM edu.yu.dbimpl.file.FileMgr write
INFO: Writing to file: src/test/java/edu/yu/dbimpl/testingDirectory/testFileModulePerformance394
Sep 26, 2023 4:20:22 PM edu.yu.dbimpl.file.FileMgr write
INFO: Finished write
Sep 26, 2023 4:20:22 PM edu.yu.dbimpl.file.FileMgr read
INFO: read called with BlockIdBase: edu.yu.dbimpl.file.BlockId@1738d3b2 and PageBase: edu.yu.dbimpl.file.Page@539953af
Sep 26, 2023 4:20:22 PM edu.yu.dbimpl.file.Page getBytes
INFO: getBytes called with offset: 0
Sep 26, 2023 4:20:22 PM edu.yu.dbimpl.file.FileMgr read
INFO: Getting type to read: String
Sep 26, 2023 4:20:22 PM edu.yu.dbimpl.file.Page setString
INFO: setString called with offset: 0 and String: Hello, World!394
Sep 26, 2023 4:20:22 PM edu.yu.dbimpl.file.FileMgr append
INFO: append called with filename: testFileModulePerformance395
Sep 26, 2023 4:20:22 PM edu.yu.dbimpl.file.FileMgr append
INFO: Writing to file: src/test/java/edu/yu/dbimpl/testingDirectory/testFileModulePerformance395
Sep 26, 2023 4:20:22 PM edu.yu.dbimpl.file.Page <init>
INFO: Page created with blocksize 50000
Sep 26, 2023 4:20:22 PM edu.yu.dbimpl.file.Page setString
INFO: setString called with offset: 0 and String: Hello, World!395
Sep 26, 2023 4:20:22 PM edu.yu.dbimpl.file.FileMgr write
INFO: write called with BlockIdBase: edu.yu.dbimpl.file.BlockId@3fe1b278 and PageBase: edu.yu.dbimpl.file.Page@3678f32e
Sep 26, 2023 4:20:22 PM edu.yu.dbimpl.file.FileMgr write
INFO: Getting type to write: String
Sep 26, 2023 4:20:22 PM edu.yu.dbimpl.file.FileMgr write
INFO: Writing to file: src/test/java/edu/yu/dbimpl/testingDirectory/testFileModulePerformance395
Sep 26, 2023 4:20:22 PM edu.yu.dbimpl.file.FileMgr write
INFO: Finished write
Sep 26, 2023 4:20:22 PM edu.yu.dbimpl.file.FileMgr read
INFO: read called with BlockIdBase: edu.yu.dbimpl.file.BlockId@3fe1b278 and PageBase: edu.yu.dbimpl.file.Page@3678f32e
Sep 26, 2023 4:20:22 PM edu.yu.dbimpl.file.Page getBytes
INFO: getBytes called with offset: 0
Sep 26, 2023 4:20:22 PM edu.yu.dbimpl.file.FileMgr read
INFO: Getting type to read: String
Sep 26, 2023 4:20:22 PM edu.yu.dbimpl.file.Page setString
INFO: setString called with offset: 0 and String: Hello, World!395
Sep 26, 2023 4:20:22 PM edu.yu.dbimpl.file.FileMgr append
INFO: append called with filename: testFileModulePerformance396
Sep 26, 2023 4:20:22 PM edu.yu.dbimpl.file.FileMgr append
INFO: Writing to file: src/test/java/edu/yu/dbimpl/testingDirectory/testFileModulePerformance396
Sep 26, 2023 4:20:22 PM edu.yu.dbimpl.file.Page <init>
INFO: Page created with blocksize 50000
Sep 26, 2023 4:20:22 PM edu.yu.dbimpl.file.Page setString
INFO: setString called with offset: 0 and String: Hello, World!396
Sep 26, 2023 4:20:22 PM edu.yu.dbimpl.file.FileMgr write
INFO: write called with BlockIdBase: edu.yu.dbimpl.file.BlockId@678c0310 and PageBase: edu.yu.dbimpl.file.Page@7e113065
Sep 26, 2023 4:20:22 PM edu.yu.dbimpl.file.FileMgr write
INFO: Getting type to write: String
Sep 26, 2023 4:20:22 PM edu.yu.dbimpl.file.FileMgr write
INFO: Writing to file: src/test/java/edu/yu/dbimpl/testingDirectory/testFileModulePerformance396
Sep 26, 2023 4:20:22 PM edu.yu.dbimpl.file.FileMgr write
INFO: Finished write
Sep 26, 2023 4:20:22 PM edu.yu.dbimpl.file.FileMgr read
INFO: read called with BlockIdBase: edu.yu.dbimpl.file.BlockId@678c0310 and PageBase: edu.yu.dbimpl.file.Page@7e113065
Sep 26, 2023 4:20:22 PM edu.yu.dbimpl.file.Page getBytes
INFO: getBytes called with offset: 0
Sep 26, 2023 4:20:22 PM edu.yu.dbimpl.file.FileMgr read
INFO: Getting type to read: String
Sep 26, 2023 4:20:22 PM edu.yu.dbimpl.file.Page setString
INFO: setString called with offset: 0 and String: Hello, World!396
Sep 26, 2023 4:20:22 PM edu.yu.dbimpl.file.FileMgr append
INFO: append called with filename: testFileModulePerformance397
Sep 26, 2023 4:20:22 PM edu.yu.dbimpl.file.FileMgr append
INFO: Writing to file: src/test/java/edu/yu/dbimpl/testingDirectory/testFileModulePerformance397
Sep 26, 2023 4:20:22 PM edu.yu.dbimpl.file.Page <init>
INFO: Page created with blocksize 50000
Sep 26, 2023 4:20:22 PM edu.yu.dbimpl.file.Page setString
INFO: setString called with offset: 0 and String: Hello, World!397
Sep 26, 2023 4:20:22 PM edu.yu.dbimpl.file.FileMgr write
INFO: write called with BlockIdBase: edu.yu.dbimpl.file.BlockId@4cd13fad and PageBase: edu.yu.dbimpl.file.Page@3d41449a
Sep 26, 2023 4:20:22 PM edu.yu.dbimpl.file.FileMgr write
INFO: Getting type to write: String
Sep 26, 2023 4:20:22 PM edu.yu.dbimpl.file.FileMgr write
INFO: Writing to file: src/test/java/edu/yu/dbimpl/testingDirectory/testFileModulePerformance397
Sep 26, 2023 4:20:22 PM edu.yu.dbimpl.file.FileMgr write
INFO: Finished write
Sep 26, 2023 4:20:22 PM edu.yu.dbimpl.file.FileMgr read
INFO: read called with BlockIdBase: edu.yu.dbimpl.file.BlockId@4cd13fad and PageBase: edu.yu.dbimpl.file.Page@3d41449a
Sep 26, 2023 4:20:22 PM edu.yu.dbimpl.file.Page getBytes
INFO: getBytes called with offset: 0
Sep 26, 2023 4:20:22 PM edu.yu.dbimpl.file.FileMgr read
INFO: Getting type to read: String
Sep 26, 2023 4:20:22 PM edu.yu.dbimpl.file.Page setString
INFO: setString called with offset: 0 and String: Hello, World!397
Sep 26, 2023 4:20:22 PM edu.yu.dbimpl.file.FileMgr append
INFO: append called with filename: testFileModulePerformance398
Sep 26, 2023 4:20:22 PM edu.yu.dbimpl.file.FileMgr append
INFO: Writing to file: src/test/java/edu/yu/dbimpl/testingDirectory/testFileModulePerformance398
Sep 26, 2023 4:20:22 PM edu.yu.dbimpl.file.Page <init>
INFO: Page created with blocksize 50000
Sep 26, 2023 4:20:22 PM edu.yu.dbimpl.file.Page setString
INFO: setString called with offset: 0 and String: Hello, World!398
Sep 26, 2023 4:20:22 PM edu.yu.dbimpl.file.FileMgr write
INFO: write called with BlockIdBase: edu.yu.dbimpl.file.BlockId@3a5244a1 and PageBase: edu.yu.dbimpl.file.Page@4d37c996
Sep 26, 2023 4:20:22 PM edu.yu.dbimpl.file.FileMgr write
INFO: Getting type to write: String
Sep 26, 2023 4:20:22 PM edu.yu.dbimpl.file.FileMgr write
INFO: Writing to file: src/test/java/edu/yu/dbimpl/testingDirectory/testFileModulePerformance398
Sep 26, 2023 4:20:22 PM edu.yu.dbimpl.file.FileMgr write
INFO: Finished write
Sep 26, 2023 4:20:22 PM edu.yu.dbimpl.file.FileMgr read
INFO: read called with BlockIdBase: edu.yu.dbimpl.file.BlockId@3a5244a1 and PageBase: edu.yu.dbimpl.file.Page@4d37c996
Sep 26, 2023 4:20:22 PM edu.yu.dbimpl.file.Page getBytes
INFO: getBytes called with offset: 0
Sep 26, 2023 4:20:22 PM edu.yu.dbimpl.file.FileMgr read
INFO: Getting type to read: String
Sep 26, 2023 4:20:22 PM edu.yu.dbimpl.file.Page setString
INFO: setString called with offset: 0 and String: Hello, World!398
Sep 26, 2023 4:20:22 PM edu.yu.dbimpl.file.FileMgr append
INFO: append called with filename: testFileModulePerformance399
Sep 26, 2023 4:20:22 PM edu.yu.dbimpl.file.FileMgr append
INFO: Writing to file: src/test/java/edu/yu/dbimpl/testingDirectory/testFileModulePerformance399
Sep 26, 2023 4:20:22 PM edu.yu.dbimpl.file.Page <init>
INFO: Page created with blocksize 50000
Sep 26, 2023 4:20:22 PM edu.yu.dbimpl.file.Page setString
INFO: setString called with offset: 0 and String: Hello, World!399
Sep 26, 2023 4:20:22 PM edu.yu.dbimpl.file.FileMgr write
INFO: write called with BlockIdBase: edu.yu.dbimpl.file.BlockId@85eabca and PageBase: edu.yu.dbimpl.file.Page@3f8c4bcf
Sep 26, 2023 4:20:22 PM edu.yu.dbimpl.file.FileMgr write
INFO: Getting type to write: String
Sep 26, 2023 4:20:22 PM edu.yu.dbimpl.file.FileMgr write
INFO: Writing to file: src/test/java/edu/yu/dbimpl/testingDirectory/testFileModulePerformance399
Sep 26, 2023 4:20:22 PM edu.yu.dbimpl.file.FileMgr write
INFO: Finished write
Sep 26, 2023 4:20:22 PM edu.yu.dbimpl.file.FileMgr read
INFO: read called with BlockIdBase: edu.yu.dbimpl.file.BlockId@85eabca and PageBase: edu.yu.dbimpl.file.Page@3f8c4bcf
Sep 26, 2023 4:20:22 PM edu.yu.dbimpl.file.Page getBytes
INFO: getBytes called with offset: 0
Sep 26, 2023 4:20:22 PM edu.yu.dbimpl.file.FileMgr read
INFO: Getting type to read: String
Sep 26, 2023 4:20:22 PM edu.yu.dbimpl.file.Page setString
INFO: setString called with offset: 0 and String: Hello, World!399
]]></system-err>
  </testcase>
  <testcase name="deleteTempFilesTest" classname="edu.yu.dbimpl.FirstStageTests" time="0.001">
    <system-err><![CDATA[Sep 26, 2023 4:20:23 PM edu.yu.dbimpl.file.FileMgr <init>
INFO: FileMgr created
Sep 26, 2023 4:20:23 PM edu.yu.dbimpl.file.FileMgr <init>
INFO: dbDirectory: src/test/java/edu/yu/dbimpl/testingDirectory/test1/TempFiles
Sep 26, 2023 4:20:23 PM edu.yu.dbimpl.file.FileMgr <init>
INFO: blocksize: 30000
Sep 26, 2023 4:20:23 PM edu.yu.dbimpl.file.FileMgr <init>
INFO: isNew: false
Sep 26, 2023 4:20:23 PM edu.yu.dbimpl.file.FileMgr <init>
INFO: dbDirectory exists: true
Sep 26, 2023 4:20:23 PM edu.yu.dbimpl.file.FileMgr <init>
INFO: dbDirectory is deleting temp files at super sonic speed
]]></system-err>
  </testcase>
</testsuite>